[2025-02-21T15:40:25.916+0000] {local_task_job_runner.py:123} INFO - ::group::Pre task execution logs
[2025-02-21T15:40:25.935+0000] {taskinstance.py:2614} INFO - Dependencies all met for dep_context=non-requeueable deps ti=<TaskInstance: example_bash_operator.also_run_this manual__2025-02-21T15:40:19+00:00 [queued]>
[2025-02-21T15:40:25.944+0000] {taskinstance.py:2614} INFO - Dependencies all met for dep_context=requeueable deps ti=<TaskInstance: example_bash_operator.also_run_this manual__2025-02-21T15:40:19+00:00 [queued]>
[2025-02-21T15:40:25.945+0000] {taskinstance.py:2867} INFO - Starting attempt 1 of 1
[2025-02-21T15:40:25.969+0000] {taskinstance.py:2890} INFO - Executing <Task(BashOperator): also_run_this> on 2025-02-21 15:40:19+00:00
[2025-02-21T15:40:25.982+0000] {standard_task_runner.py:104} INFO - Running: ['***', 'tasks', 'run', 'example_bash_operator', 'also_run_this', 'manual__2025-02-21T15:40:19+00:00', '--job-id', '9', '--raw', '--subdir', '/home/***/.local/lib/python3.12/site-packages/***/example_dags/example_bash_operator.py', '--cfg-path', '/tmp/tmpd4cv63hl']
[2025-02-21T15:40:25.986+0000] {standard_task_runner.py:105} INFO - Job 9: Subtask also_run_this
[2025-02-21T15:40:25.992+0000] {logging_mixin.py:190} WARNING - /home/***/.local/lib/python3.12/site-packages/***/task/task_runner/standard_task_runner.py:70 DeprecationWarning: This process (pid=1391) is multi-threaded, use of fork() may lead to deadlocks in the child.
[2025-02-21T15:40:25.993+0000] {standard_task_runner.py:72} INFO - Started process 1405 to run task
[2025-02-21T15:40:26.057+0000] {task_command.py:467} INFO - Running <TaskInstance: example_bash_operator.also_run_this manual__2025-02-21T15:40:19+00:00 [running]> on host 151d4861bf1b
[2025-02-21T15:40:26.166+0000] {taskinstance.py:3134} INFO - Exporting env vars: AIRFLOW_CTX_DAG_OWNER='***' AIRFLOW_CTX_DAG_ID='example_bash_operator' AIRFLOW_CTX_TASK_ID='also_run_this' AIRFLOW_CTX_EXECUTION_DATE='2025-02-21T15:40:19+00:00' AIRFLOW_CTX_TRY_NUMBER='1' AIRFLOW_CTX_DAG_RUN_ID='manual__2025-02-21T15:40:19+00:00'
[2025-02-21T15:40:26.168+0000] {logging_mixin.py:190} INFO - Task instance is in running state
[2025-02-21T15:40:26.168+0000] {logging_mixin.py:190} INFO -  Previous state of the Task instance: queued
[2025-02-21T15:40:26.169+0000] {logging_mixin.py:190} INFO - Current task name:also_run_this state:running start_date:2025-02-21 15:40:25.936604+00:00
[2025-02-21T15:40:26.169+0000] {logging_mixin.py:190} INFO - Dag name:example_bash_operator and current dag run status:running
[2025-02-21T15:40:26.170+0000] {taskinstance.py:732} INFO - ::endgroup::
[2025-02-21T15:40:26.171+0000] {subprocess.py:78} INFO - Tmp dir root location: /tmp
[2025-02-21T15:40:26.172+0000] {subprocess.py:88} INFO - Running command: ['/usr/bin/bash', '-c', 'echo "ti_key=example_bash_operator__also_run_this__20250221"']
[2025-02-21T15:40:26.185+0000] {subprocess.py:99} INFO - Output:
[2025-02-21T15:40:26.187+0000] {subprocess.py:106} INFO - ti_key=example_bash_operator__also_run_this__20250221
[2025-02-21T15:40:26.187+0000] {subprocess.py:110} INFO - Command exited with return code 0
[2025-02-21T15:40:26.221+0000] {taskinstance.py:341} INFO - ::group::Post task execution logs
[2025-02-21T15:40:26.222+0000] {taskinstance.py:353} INFO - Marking task as SUCCESS. dag_id=example_bash_operator, task_id=also_run_this, run_id=manual__2025-02-21T15:40:19+00:00, execution_date=20250221T154019, start_date=20250221T154025, end_date=20250221T154026
[2025-02-21T15:40:26.253+0000] {logging_mixin.py:190} INFO - Task instance in success state
[2025-02-21T15:40:26.254+0000] {logging_mixin.py:190} INFO -  Previous state of the Task instance: running
[2025-02-21T15:40:26.255+0000] {logging_mixin.py:190} INFO - Dag name:example_bash_operator queued_at:2025-02-21 15:40:23.927137+00:00
[2025-02-21T15:40:26.255+0000] {logging_mixin.py:190} INFO - Task hostname:151d4861bf1b operator:BashOperator
[2025-02-21T15:40:26.291+0000] {local_task_job_runner.py:266} INFO - Task exited with return code 0
[2025-02-21T15:40:26.324+0000] {taskinstance.py:3901} INFO - 0 downstream tasks scheduled from follow-on schedule check
[2025-02-21T15:40:26.332+0000] {local_task_job_runner.py:245} INFO - ::endgroup::
