[2025-02-21T15:40:07.731+0000] {local_task_job_runner.py:123} INFO - ::group::Pre task execution logs
[2025-02-21T15:40:07.751+0000] {taskinstance.py:2614} INFO - Dependencies all met for dep_context=non-requeueable deps ti=<TaskInstance: example_bash_operator.this_will_skip scheduled__2025-02-20T00:00:00+00:00 [queued]>
[2025-02-21T15:40:07.761+0000] {taskinstance.py:2614} INFO - Dependencies all met for dep_context=requeueable deps ti=<TaskInstance: example_bash_operator.this_will_skip scheduled__2025-02-20T00:00:00+00:00 [queued]>
[2025-02-21T15:40:07.762+0000] {taskinstance.py:2867} INFO - Starting attempt 1 of 1
[2025-02-21T15:40:07.777+0000] {taskinstance.py:2890} INFO - Executing <Task(BashOperator): this_will_skip> on 2025-02-20 00:00:00+00:00
[2025-02-21T15:40:07.788+0000] {standard_task_runner.py:104} INFO - Running: ['***', 'tasks', 'run', 'example_bash_operator', 'this_will_skip', 'scheduled__2025-02-20T00:00:00+00:00', '--job-id', '3', '--raw', '--subdir', '/home/***/.local/lib/python3.12/site-packages/***/example_dags/example_bash_operator.py', '--cfg-path', '/tmp/tmpd2vrijzp']
[2025-02-21T15:40:07.790+0000] {standard_task_runner.py:105} INFO - Job 3: Subtask this_will_skip
[2025-02-21T15:40:07.800+0000] {logging_mixin.py:190} WARNING - /home/***/.local/lib/python3.12/site-packages/***/task/task_runner/standard_task_runner.py:70 DeprecationWarning: This process (pid=1322) is multi-threaded, use of fork() may lead to deadlocks in the child.
[2025-02-21T15:40:07.801+0000] {standard_task_runner.py:72} INFO - Started process 1358 to run task
[2025-02-21T15:40:07.866+0000] {task_command.py:467} INFO - Running <TaskInstance: example_bash_operator.this_will_skip scheduled__2025-02-20T00:00:00+00:00 [running]> on host 151d4861bf1b
[2025-02-21T15:40:07.965+0000] {taskinstance.py:3134} INFO - Exporting env vars: AIRFLOW_CTX_DAG_OWNER='***' AIRFLOW_CTX_DAG_ID='example_bash_operator' AIRFLOW_CTX_TASK_ID='this_will_skip' AIRFLOW_CTX_EXECUTION_DATE='2025-02-20T00:00:00+00:00' AIRFLOW_CTX_TRY_NUMBER='1' AIRFLOW_CTX_DAG_RUN_ID='scheduled__2025-02-20T00:00:00+00:00'
[2025-02-21T15:40:07.967+0000] {logging_mixin.py:190} INFO - Task instance is in running state
[2025-02-21T15:40:07.967+0000] {logging_mixin.py:190} INFO -  Previous state of the Task instance: queued
[2025-02-21T15:40:07.968+0000] {logging_mixin.py:190} INFO - Current task name:this_will_skip state:running start_date:2025-02-21 15:40:07.751912+00:00
[2025-02-21T15:40:07.968+0000] {logging_mixin.py:190} INFO - Dag name:example_bash_operator and current dag run status:running
[2025-02-21T15:40:07.969+0000] {taskinstance.py:732} INFO - ::endgroup::
[2025-02-21T15:40:07.970+0000] {subprocess.py:78} INFO - Tmp dir root location: /tmp
[2025-02-21T15:40:07.971+0000] {subprocess.py:88} INFO - Running command: ['/usr/bin/bash', '-c', 'echo "hello world"; exit 99;']
[2025-02-21T15:40:07.984+0000] {subprocess.py:99} INFO - Output:
[2025-02-21T15:40:07.985+0000] {subprocess.py:106} INFO - hello world
[2025-02-21T15:40:07.986+0000] {subprocess.py:110} INFO - Command exited with return code 99
[2025-02-21T15:40:07.987+0000] {taskinstance.py:302} INFO - Bash command returned exit code 99. Skipping.
[2025-02-21T15:40:08.018+0000] {taskinstance.py:341} INFO - ::group::Post task execution logs
[2025-02-21T15:40:08.019+0000] {taskinstance.py:353} INFO - Marking task as SKIPPED. dag_id=example_bash_operator, task_id=this_will_skip, run_id=scheduled__2025-02-20T00:00:00+00:00, execution_date=20250220T000000, start_date=20250221T154007, end_date=20250221T154008
[2025-02-21T15:40:08.057+0000] {local_task_job_runner.py:266} INFO - Task exited with return code 0
[2025-02-21T15:40:08.089+0000] {taskinstance.py:3901} INFO - 0 downstream tasks scheduled from follow-on schedule check
[2025-02-21T15:40:08.094+0000] {local_task_job_runner.py:245} INFO - ::endgroup::
