[2025-02-28T04:48:35.080+0000] {local_task_job_runner.py:123} INFO - ::group::Pre task execution logs
[2025-02-28T04:48:35.102+0000] {taskinstance.py:2614} INFO - Dependencies all met for dep_context=non-requeueable deps ti=<TaskInstance: example_bash_operator.runme_1 scheduled__2025-02-27T00:00:00+00:00 [queued]>
[2025-02-28T04:48:35.114+0000] {taskinstance.py:2614} INFO - Dependencies all met for dep_context=requeueable deps ti=<TaskInstance: example_bash_operator.runme_1 scheduled__2025-02-27T00:00:00+00:00 [queued]>
[2025-02-28T04:48:35.115+0000] {taskinstance.py:2867} INFO - Starting attempt 1 of 1
[2025-02-28T04:48:35.140+0000] {taskinstance.py:2890} INFO - Executing <Task(BashOperator): runme_1> on 2025-02-27 00:00:00+00:00
[2025-02-28T04:48:35.164+0000] {standard_task_runner.py:104} INFO - Running: ['***', 'tasks', 'run', 'example_bash_operator', 'runme_1', 'scheduled__2025-02-27T00:00:00+00:00', '--job-id', '38', '--raw', '--subdir', '/home/***/.local/lib/python3.12/site-packages/***/example_dags/example_bash_operator.py', '--cfg-path', '/tmp/tmpoyry_ptz']
[2025-02-28T04:48:35.171+0000] {standard_task_runner.py:105} INFO - Job 38: Subtask runme_1
[2025-02-28T04:48:35.174+0000] {logging_mixin.py:190} WARNING - /home/***/.local/lib/python3.12/site-packages/***/task/task_runner/standard_task_runner.py:70 DeprecationWarning: This process (pid=5858) is multi-threaded, use of fork() may lead to deadlocks in the child.
[2025-02-28T04:48:35.175+0000] {standard_task_runner.py:72} INFO - Started process 5937 to run task
[2025-02-28T04:48:35.267+0000] {task_command.py:467} INFO - Running <TaskInstance: example_bash_operator.runme_1 scheduled__2025-02-27T00:00:00+00:00 [running]> on host 151d4861bf1b
[2025-02-28T04:48:35.411+0000] {taskinstance.py:3134} INFO - Exporting env vars: AIRFLOW_CTX_DAG_OWNER='***' AIRFLOW_CTX_DAG_ID='example_bash_operator' AIRFLOW_CTX_TASK_ID='runme_1' AIRFLOW_CTX_EXECUTION_DATE='2025-02-27T00:00:00+00:00' AIRFLOW_CTX_TRY_NUMBER='1' AIRFLOW_CTX_DAG_RUN_ID='scheduled__2025-02-27T00:00:00+00:00'
[2025-02-28T04:48:35.413+0000] {logging_mixin.py:190} INFO - Task instance is in running state
[2025-02-28T04:48:35.413+0000] {logging_mixin.py:190} INFO -  Previous state of the Task instance: queued
[2025-02-28T04:48:35.414+0000] {logging_mixin.py:190} INFO - Current task name:runme_1 state:running start_date:2025-02-28 04:48:35.102789+00:00
[2025-02-28T04:48:35.415+0000] {logging_mixin.py:190} INFO - Dag name:example_bash_operator and current dag run status:running
[2025-02-28T04:48:35.415+0000] {taskinstance.py:732} INFO - ::endgroup::
[2025-02-28T04:48:35.417+0000] {subprocess.py:78} INFO - Tmp dir root location: /tmp
[2025-02-28T04:48:35.419+0000] {subprocess.py:88} INFO - Running command: ['/usr/bin/bash', '-c', 'echo "example_bash_operator__runme_1__20250227" && sleep 1']
[2025-02-28T04:48:35.434+0000] {subprocess.py:99} INFO - Output:
[2025-02-28T04:48:35.435+0000] {subprocess.py:106} INFO - example_bash_operator__runme_1__20250227
[2025-02-28T04:48:36.437+0000] {subprocess.py:110} INFO - Command exited with return code 0
[2025-02-28T04:48:36.481+0000] {taskinstance.py:341} INFO - ::group::Post task execution logs
[2025-02-28T04:48:36.482+0000] {taskinstance.py:353} INFO - Marking task as SUCCESS. dag_id=example_bash_operator, task_id=runme_1, run_id=scheduled__2025-02-27T00:00:00+00:00, execution_date=20250227T000000, start_date=20250228T044835, end_date=20250228T044836
[2025-02-28T04:48:36.514+0000] {logging_mixin.py:190} INFO - Task instance in success state
[2025-02-28T04:48:36.515+0000] {logging_mixin.py:190} INFO -  Previous state of the Task instance: running
[2025-02-28T04:48:36.515+0000] {logging_mixin.py:190} INFO - Dag name:example_bash_operator queued_at:2025-02-28 04:48:32.564487+00:00
[2025-02-28T04:48:36.516+0000] {logging_mixin.py:190} INFO - Task hostname:151d4861bf1b operator:BashOperator
[2025-02-28T04:48:36.559+0000] {local_task_job_runner.py:266} INFO - Task exited with return code 0
[2025-02-28T04:48:36.580+0000] {taskinstance.py:3901} INFO - 0 downstream tasks scheduled from follow-on schedule check
[2025-02-28T04:48:36.583+0000] {local_task_job_runner.py:245} INFO - ::endgroup::
