[2025-02-28T04:49:12.256+0000] {local_task_job_runner.py:123} INFO - ::group::Pre task execution logs
[2025-02-28T04:49:12.273+0000] {taskinstance.py:2614} INFO - Dependencies all met for dep_context=non-requeueable deps ti=<TaskInstance: minha_primeira_dag.exibir_mensagem scheduled__2025-02-27T00:00:00+00:00 [queued]>
[2025-02-28T04:49:12.282+0000] {taskinstance.py:2614} INFO - Dependencies all met for dep_context=requeueable deps ti=<TaskInstance: minha_primeira_dag.exibir_mensagem scheduled__2025-02-27T00:00:00+00:00 [queued]>
[2025-02-28T04:49:12.283+0000] {taskinstance.py:2867} INFO - Starting attempt 1 of 1
[2025-02-28T04:49:12.298+0000] {taskinstance.py:2890} INFO - Executing <Task(BashOperator): exibir_mensagem> on 2025-02-27 00:00:00+00:00
[2025-02-28T04:49:12.307+0000] {standard_task_runner.py:104} INFO - Running: ['***', 'tasks', 'run', 'minha_primeira_dag', 'exibir_mensagem', 'scheduled__2025-02-27T00:00:00+00:00', '--job-id', '43', '--raw', '--subdir', 'DAGS_FOLDER/dag.py', '--cfg-path', '/tmp/tmpoln83jd3']
[2025-02-28T04:49:12.309+0000] {standard_task_runner.py:105} INFO - Job 43: Subtask exibir_mensagem
[2025-02-28T04:49:12.312+0000] {logging_mixin.py:190} WARNING - /home/***/.local/lib/python3.12/site-packages/***/task/task_runner/standard_task_runner.py:70 DeprecationWarning: This process (pid=6279) is multi-threaded, use of fork() may lead to deadlocks in the child.
[2025-02-28T04:49:12.313+0000] {standard_task_runner.py:72} INFO - Started process 6296 to run task
[2025-02-28T04:49:12.356+0000] {task_command.py:467} INFO - Running <TaskInstance: minha_primeira_dag.exibir_mensagem scheduled__2025-02-27T00:00:00+00:00 [running]> on host 151d4861bf1b
[2025-02-28T04:49:12.444+0000] {taskinstance.py:3134} INFO - Exporting env vars: AIRFLOW_CTX_DAG_OWNER='***' AIRFLOW_CTX_DAG_ID='minha_primeira_dag' AIRFLOW_CTX_TASK_ID='exibir_mensagem' AIRFLOW_CTX_EXECUTION_DATE='2025-02-27T00:00:00+00:00' AIRFLOW_CTX_TRY_NUMBER='1' AIRFLOW_CTX_DAG_RUN_ID='scheduled__2025-02-27T00:00:00+00:00'
[2025-02-28T04:49:12.446+0000] {logging_mixin.py:190} INFO - Task instance is in running state
[2025-02-28T04:49:12.446+0000] {logging_mixin.py:190} INFO -  Previous state of the Task instance: queued
[2025-02-28T04:49:12.447+0000] {logging_mixin.py:190} INFO - Current task name:exibir_mensagem state:running start_date:2025-02-28 04:49:12.274638+00:00
[2025-02-28T04:49:12.447+0000] {logging_mixin.py:190} INFO - Dag name:minha_primeira_dag and current dag run status:running
[2025-02-28T04:49:12.448+0000] {taskinstance.py:732} INFO - ::endgroup::
[2025-02-28T04:49:12.449+0000] {subprocess.py:78} INFO - Tmp dir root location: /tmp
[2025-02-28T04:49:12.450+0000] {subprocess.py:88} INFO - Running command: ['/usr/bin/bash', '-c', 'echo "Minha primeira DAG no Airflow!"']
[2025-02-28T04:49:12.462+0000] {subprocess.py:99} INFO - Output:
[2025-02-28T04:49:12.464+0000] {subprocess.py:106} INFO - Minha primeira DAG no Airflow!
[2025-02-28T04:49:12.465+0000] {subprocess.py:110} INFO - Command exited with return code 0
[2025-02-28T04:49:12.493+0000] {taskinstance.py:341} INFO - ::group::Post task execution logs
[2025-02-28T04:49:12.494+0000] {taskinstance.py:353} INFO - Marking task as SUCCESS. dag_id=minha_primeira_dag, task_id=exibir_mensagem, run_id=scheduled__2025-02-27T00:00:00+00:00, execution_date=20250227T000000, start_date=20250228T044912, end_date=20250228T044912
[2025-02-28T04:49:12.522+0000] {logging_mixin.py:190} INFO - Task instance in success state
[2025-02-28T04:49:12.523+0000] {logging_mixin.py:190} INFO -  Previous state of the Task instance: running
[2025-02-28T04:49:12.523+0000] {logging_mixin.py:190} INFO - Dag name:minha_primeira_dag queued_at:2025-02-28 04:49:10.921229+00:00
[2025-02-28T04:49:12.524+0000] {logging_mixin.py:190} INFO - Task hostname:151d4861bf1b operator:BashOperator
[2025-02-28T04:49:12.568+0000] {local_task_job_runner.py:266} INFO - Task exited with return code 0
[2025-02-28T04:49:12.585+0000] {taskinstance.py:3901} INFO - 0 downstream tasks scheduled from follow-on schedule check
[2025-02-28T04:49:12.587+0000] {local_task_job_runner.py:245} INFO - ::endgroup::
