[2025-03-04T17:28:41.525+0000] {processor.py:186} INFO - Started process (PID=219) to work on /opt/airflow/dags/etl_process_to_parquet.py
[2025-03-04T17:28:41.526+0000] {processor.py:914} INFO - Processing file /opt/airflow/dags/etl_process_to_parquet.py for tasks to queue
[2025-03-04T17:28:41.530+0000] {logging_mixin.py:190} INFO - [2025-03-04T17:28:41.529+0000] {dagbag.py:588} INFO - Filling up the DagBag from /opt/airflow/dags/etl_process_to_parquet.py
[2025-03-04T17:28:41.560+0000] {processor.py:925} INFO - DAG(s) 'etl_postgres_to_parquet' retrieved from /opt/airflow/dags/etl_process_to_parquet.py
[2025-03-04T17:28:41.612+0000] {logging_mixin.py:190} INFO - [2025-03-04T17:28:41.611+0000] {dag.py:3239} INFO - Sync 1 DAGs
[2025-03-04T17:28:41.658+0000] {logging_mixin.py:190} INFO - [2025-03-04T17:28:41.657+0000] {dag.py:4180} INFO - Setting next_dagrun for etl_postgres_to_parquet to 2025-03-04 00:00:00+00:00, run_after=2025-03-05 00:00:00+00:00
[2025-03-04T17:28:41.689+0000] {processor.py:208} INFO - Processing /opt/airflow/dags/etl_process_to_parquet.py took 0.173 seconds
[2025-03-04T17:29:11.841+0000] {processor.py:186} INFO - Started process (PID=597) to work on /opt/airflow/dags/etl_process_to_parquet.py
[2025-03-04T17:29:11.842+0000] {processor.py:914} INFO - Processing file /opt/airflow/dags/etl_process_to_parquet.py for tasks to queue
[2025-03-04T17:29:11.845+0000] {logging_mixin.py:190} INFO - [2025-03-04T17:29:11.844+0000] {dagbag.py:588} INFO - Filling up the DagBag from /opt/airflow/dags/etl_process_to_parquet.py
[2025-03-04T17:29:11.877+0000] {processor.py:925} INFO - DAG(s) 'etl_postgres_to_parquet' retrieved from /opt/airflow/dags/etl_process_to_parquet.py
[2025-03-04T17:29:11.901+0000] {logging_mixin.py:190} INFO - [2025-03-04T17:29:11.901+0000] {dag.py:3239} INFO - Sync 1 DAGs
[2025-03-04T17:29:11.931+0000] {logging_mixin.py:190} INFO - [2025-03-04T17:29:11.931+0000] {dag.py:4180} INFO - Setting next_dagrun for etl_postgres_to_parquet to 2025-03-04 00:00:00+00:00, run_after=2025-03-05 00:00:00+00:00
[2025-03-04T17:29:11.960+0000] {processor.py:208} INFO - Processing /opt/airflow/dags/etl_process_to_parquet.py took 0.130 seconds
[2025-03-04T17:29:42.771+0000] {processor.py:186} INFO - Started process (PID=903) to work on /opt/airflow/dags/etl_process_to_parquet.py
[2025-03-04T17:29:42.773+0000] {processor.py:914} INFO - Processing file /opt/airflow/dags/etl_process_to_parquet.py for tasks to queue
[2025-03-04T17:29:42.776+0000] {logging_mixin.py:190} INFO - [2025-03-04T17:29:42.775+0000] {dagbag.py:588} INFO - Filling up the DagBag from /opt/airflow/dags/etl_process_to_parquet.py
[2025-03-04T17:29:42.805+0000] {processor.py:925} INFO - DAG(s) 'etl_postgres_to_parquet' retrieved from /opt/airflow/dags/etl_process_to_parquet.py
[2025-03-04T17:29:42.834+0000] {logging_mixin.py:190} INFO - [2025-03-04T17:29:42.834+0000] {dag.py:3239} INFO - Sync 1 DAGs
[2025-03-04T17:29:42.865+0000] {logging_mixin.py:190} INFO - [2025-03-04T17:29:42.864+0000] {dag.py:4180} INFO - Setting next_dagrun for etl_postgres_to_parquet to 2025-03-04 00:00:00+00:00, run_after=2025-03-05 00:00:00+00:00
[2025-03-04T17:29:42.892+0000] {processor.py:208} INFO - Processing /opt/airflow/dags/etl_process_to_parquet.py took 0.128 seconds
[2025-03-04T17:30:13.756+0000] {processor.py:186} INFO - Started process (PID=1209) to work on /opt/airflow/dags/etl_process_to_parquet.py
[2025-03-04T17:30:13.757+0000] {processor.py:914} INFO - Processing file /opt/airflow/dags/etl_process_to_parquet.py for tasks to queue
[2025-03-04T17:30:13.759+0000] {logging_mixin.py:190} INFO - [2025-03-04T17:30:13.759+0000] {dagbag.py:588} INFO - Filling up the DagBag from /opt/airflow/dags/etl_process_to_parquet.py
[2025-03-04T17:30:13.778+0000] {processor.py:925} INFO - DAG(s) 'etl_postgres_to_parquet' retrieved from /opt/airflow/dags/etl_process_to_parquet.py
[2025-03-04T17:30:13.799+0000] {logging_mixin.py:190} INFO - [2025-03-04T17:30:13.798+0000] {dag.py:3239} INFO - Sync 1 DAGs
[2025-03-04T17:30:13.827+0000] {logging_mixin.py:190} INFO - [2025-03-04T17:30:13.827+0000] {dag.py:4180} INFO - Setting next_dagrun for etl_postgres_to_parquet to 2025-03-04 00:00:00+00:00, run_after=2025-03-05 00:00:00+00:00
[2025-03-04T17:30:13.849+0000] {processor.py:208} INFO - Processing /opt/airflow/dags/etl_process_to_parquet.py took 0.099 seconds
[2025-03-04T17:30:44.548+0000] {processor.py:186} INFO - Started process (PID=1515) to work on /opt/airflow/dags/etl_process_to_parquet.py
[2025-03-04T17:30:44.549+0000] {processor.py:914} INFO - Processing file /opt/airflow/dags/etl_process_to_parquet.py for tasks to queue
[2025-03-04T17:30:44.552+0000] {logging_mixin.py:190} INFO - [2025-03-04T17:30:44.552+0000] {dagbag.py:588} INFO - Filling up the DagBag from /opt/airflow/dags/etl_process_to_parquet.py
[2025-03-04T17:30:44.579+0000] {processor.py:925} INFO - DAG(s) 'etl_postgres_to_parquet' retrieved from /opt/airflow/dags/etl_process_to_parquet.py
[2025-03-04T17:30:44.607+0000] {logging_mixin.py:190} INFO - [2025-03-04T17:30:44.607+0000] {dag.py:3239} INFO - Sync 1 DAGs
[2025-03-04T17:30:44.638+0000] {logging_mixin.py:190} INFO - [2025-03-04T17:30:44.638+0000] {dag.py:4180} INFO - Setting next_dagrun for etl_postgres_to_parquet to 2025-03-04 00:00:00+00:00, run_after=2025-03-05 00:00:00+00:00
[2025-03-04T17:30:44.662+0000] {processor.py:208} INFO - Processing /opt/airflow/dags/etl_process_to_parquet.py took 0.121 seconds
[2025-03-04T17:31:14.897+0000] {processor.py:186} INFO - Started process (PID=1821) to work on /opt/airflow/dags/etl_process_to_parquet.py
[2025-03-04T17:31:14.898+0000] {processor.py:914} INFO - Processing file /opt/airflow/dags/etl_process_to_parquet.py for tasks to queue
[2025-03-04T17:31:14.901+0000] {logging_mixin.py:190} INFO - [2025-03-04T17:31:14.901+0000] {dagbag.py:588} INFO - Filling up the DagBag from /opt/airflow/dags/etl_process_to_parquet.py
[2025-03-04T17:31:14.929+0000] {processor.py:925} INFO - DAG(s) 'etl_postgres_to_parquet' retrieved from /opt/airflow/dags/etl_process_to_parquet.py
[2025-03-04T17:31:14.957+0000] {logging_mixin.py:190} INFO - [2025-03-04T17:31:14.956+0000] {dag.py:3239} INFO - Sync 1 DAGs
[2025-03-04T17:31:14.987+0000] {logging_mixin.py:190} INFO - [2025-03-04T17:31:14.987+0000] {dag.py:4180} INFO - Setting next_dagrun for etl_postgres_to_parquet to 2025-03-04 00:00:00+00:00, run_after=2025-03-05 00:00:00+00:00
[2025-03-04T17:31:15.011+0000] {processor.py:208} INFO - Processing /opt/airflow/dags/etl_process_to_parquet.py took 0.121 seconds
[2025-03-04T17:31:45.485+0000] {processor.py:186} INFO - Started process (PID=2127) to work on /opt/airflow/dags/etl_process_to_parquet.py
[2025-03-04T17:31:45.486+0000] {processor.py:914} INFO - Processing file /opt/airflow/dags/etl_process_to_parquet.py for tasks to queue
[2025-03-04T17:31:45.489+0000] {logging_mixin.py:190} INFO - [2025-03-04T17:31:45.489+0000] {dagbag.py:588} INFO - Filling up the DagBag from /opt/airflow/dags/etl_process_to_parquet.py
[2025-03-04T17:31:45.525+0000] {processor.py:925} INFO - DAG(s) 'etl_postgres_to_parquet' retrieved from /opt/airflow/dags/etl_process_to_parquet.py
[2025-03-04T17:31:45.552+0000] {logging_mixin.py:190} INFO - [2025-03-04T17:31:45.552+0000] {dag.py:3239} INFO - Sync 1 DAGs
[2025-03-04T17:31:45.587+0000] {logging_mixin.py:190} INFO - [2025-03-04T17:31:45.587+0000] {dag.py:4180} INFO - Setting next_dagrun for etl_postgres_to_parquet to 2025-03-04 00:00:00+00:00, run_after=2025-03-05 00:00:00+00:00
[2025-03-04T17:31:45.615+0000] {processor.py:208} INFO - Processing /opt/airflow/dags/etl_process_to_parquet.py took 0.137 seconds
[2025-03-04T17:32:15.744+0000] {processor.py:186} INFO - Started process (PID=2433) to work on /opt/airflow/dags/etl_process_to_parquet.py
[2025-03-04T17:32:15.745+0000] {processor.py:914} INFO - Processing file /opt/airflow/dags/etl_process_to_parquet.py for tasks to queue
[2025-03-04T17:32:15.748+0000] {logging_mixin.py:190} INFO - [2025-03-04T17:32:15.748+0000] {dagbag.py:588} INFO - Filling up the DagBag from /opt/airflow/dags/etl_process_to_parquet.py
[2025-03-04T17:32:15.772+0000] {processor.py:925} INFO - DAG(s) 'etl_postgres_to_parquet' retrieved from /opt/airflow/dags/etl_process_to_parquet.py
[2025-03-04T17:32:15.796+0000] {logging_mixin.py:190} INFO - [2025-03-04T17:32:15.796+0000] {dag.py:3239} INFO - Sync 1 DAGs
[2025-03-04T17:32:15.837+0000] {logging_mixin.py:190} INFO - [2025-03-04T17:32:15.837+0000] {dag.py:4180} INFO - Setting next_dagrun for etl_postgres_to_parquet to 2025-03-04 00:00:00+00:00, run_after=2025-03-05 00:00:00+00:00
[2025-03-04T17:32:15.866+0000] {processor.py:208} INFO - Processing /opt/airflow/dags/etl_process_to_parquet.py took 0.128 seconds
[2025-03-04T17:32:46.427+0000] {processor.py:186} INFO - Started process (PID=2739) to work on /opt/airflow/dags/etl_process_to_parquet.py
[2025-03-04T17:32:46.428+0000] {processor.py:914} INFO - Processing file /opt/airflow/dags/etl_process_to_parquet.py for tasks to queue
[2025-03-04T17:32:46.431+0000] {logging_mixin.py:190} INFO - [2025-03-04T17:32:46.431+0000] {dagbag.py:588} INFO - Filling up the DagBag from /opt/airflow/dags/etl_process_to_parquet.py
[2025-03-04T17:32:46.478+0000] {processor.py:925} INFO - DAG(s) 'etl_postgres_to_parquet' retrieved from /opt/airflow/dags/etl_process_to_parquet.py
[2025-03-04T17:32:46.519+0000] {logging_mixin.py:190} INFO - [2025-03-04T17:32:46.519+0000] {dag.py:3239} INFO - Sync 1 DAGs
[2025-03-04T17:32:46.553+0000] {logging_mixin.py:190} INFO - [2025-03-04T17:32:46.553+0000] {dag.py:4180} INFO - Setting next_dagrun for etl_postgres_to_parquet to 2025-03-04 00:00:00+00:00, run_after=2025-03-05 00:00:00+00:00
[2025-03-04T17:32:46.582+0000] {processor.py:208} INFO - Processing /opt/airflow/dags/etl_process_to_parquet.py took 0.162 seconds
[2025-03-04T17:33:17.612+0000] {processor.py:186} INFO - Started process (PID=3045) to work on /opt/airflow/dags/etl_process_to_parquet.py
[2025-03-04T17:33:17.613+0000] {processor.py:914} INFO - Processing file /opt/airflow/dags/etl_process_to_parquet.py for tasks to queue
[2025-03-04T17:33:17.616+0000] {logging_mixin.py:190} INFO - [2025-03-04T17:33:17.616+0000] {dagbag.py:588} INFO - Filling up the DagBag from /opt/airflow/dags/etl_process_to_parquet.py
[2025-03-04T17:33:17.647+0000] {processor.py:925} INFO - DAG(s) 'etl_postgres_to_parquet' retrieved from /opt/airflow/dags/etl_process_to_parquet.py
[2025-03-04T17:33:17.677+0000] {logging_mixin.py:190} INFO - [2025-03-04T17:33:17.677+0000] {dag.py:3239} INFO - Sync 1 DAGs
[2025-03-04T17:33:17.709+0000] {logging_mixin.py:190} INFO - [2025-03-04T17:33:17.709+0000] {dag.py:4180} INFO - Setting next_dagrun for etl_postgres_to_parquet to 2025-03-04 00:00:00+00:00, run_after=2025-03-05 00:00:00+00:00
[2025-03-04T17:33:17.736+0000] {processor.py:208} INFO - Processing /opt/airflow/dags/etl_process_to_parquet.py took 0.132 seconds
[2025-03-04T17:33:47.843+0000] {processor.py:186} INFO - Started process (PID=3351) to work on /opt/airflow/dags/etl_process_to_parquet.py
[2025-03-04T17:33:47.845+0000] {processor.py:914} INFO - Processing file /opt/airflow/dags/etl_process_to_parquet.py for tasks to queue
[2025-03-04T17:33:47.850+0000] {logging_mixin.py:190} INFO - [2025-03-04T17:33:47.850+0000] {dagbag.py:588} INFO - Filling up the DagBag from /opt/airflow/dags/etl_process_to_parquet.py
[2025-03-04T17:33:47.877+0000] {processor.py:925} INFO - DAG(s) 'etl_postgres_to_parquet' retrieved from /opt/airflow/dags/etl_process_to_parquet.py
[2025-03-04T17:33:47.908+0000] {logging_mixin.py:190} INFO - [2025-03-04T17:33:47.908+0000] {dag.py:3239} INFO - Sync 1 DAGs
[2025-03-04T17:33:47.950+0000] {logging_mixin.py:190} INFO - [2025-03-04T17:33:47.949+0000] {dag.py:4180} INFO - Setting next_dagrun for etl_postgres_to_parquet to 2025-03-04 00:00:00+00:00, run_after=2025-03-05 00:00:00+00:00
[2025-03-04T17:33:48.023+0000] {processor.py:208} INFO - Processing /opt/airflow/dags/etl_process_to_parquet.py took 0.187 seconds
[2025-03-04T17:34:18.222+0000] {processor.py:186} INFO - Started process (PID=3657) to work on /opt/airflow/dags/etl_process_to_parquet.py
[2025-03-04T17:34:18.224+0000] {processor.py:914} INFO - Processing file /opt/airflow/dags/etl_process_to_parquet.py for tasks to queue
[2025-03-04T17:34:18.227+0000] {logging_mixin.py:190} INFO - [2025-03-04T17:34:18.226+0000] {dagbag.py:588} INFO - Filling up the DagBag from /opt/airflow/dags/etl_process_to_parquet.py
[2025-03-04T17:34:18.260+0000] {processor.py:925} INFO - DAG(s) 'etl_postgres_to_parquet' retrieved from /opt/airflow/dags/etl_process_to_parquet.py
[2025-03-04T17:34:18.286+0000] {logging_mixin.py:190} INFO - [2025-03-04T17:34:18.286+0000] {dag.py:3239} INFO - Sync 1 DAGs
[2025-03-04T17:34:18.315+0000] {logging_mixin.py:190} INFO - [2025-03-04T17:34:18.315+0000] {dag.py:4180} INFO - Setting next_dagrun for etl_postgres_to_parquet to 2025-03-04 00:00:00+00:00, run_after=2025-03-05 00:00:00+00:00
[2025-03-04T17:34:18.343+0000] {processor.py:208} INFO - Processing /opt/airflow/dags/etl_process_to_parquet.py took 0.137 seconds
[2025-03-04T17:34:48.706+0000] {processor.py:186} INFO - Started process (PID=3963) to work on /opt/airflow/dags/etl_process_to_parquet.py
[2025-03-04T17:34:48.707+0000] {processor.py:914} INFO - Processing file /opt/airflow/dags/etl_process_to_parquet.py for tasks to queue
[2025-03-04T17:34:48.710+0000] {logging_mixin.py:190} INFO - [2025-03-04T17:34:48.709+0000] {dagbag.py:588} INFO - Filling up the DagBag from /opt/airflow/dags/etl_process_to_parquet.py
[2025-03-04T17:34:48.733+0000] {processor.py:925} INFO - DAG(s) 'etl_postgres_to_parquet' retrieved from /opt/airflow/dags/etl_process_to_parquet.py
[2025-03-04T17:34:48.755+0000] {logging_mixin.py:190} INFO - [2025-03-04T17:34:48.755+0000] {dag.py:3239} INFO - Sync 1 DAGs
[2025-03-04T17:34:48.786+0000] {logging_mixin.py:190} INFO - [2025-03-04T17:34:48.785+0000] {dag.py:4180} INFO - Setting next_dagrun for etl_postgres_to_parquet to 2025-03-04 00:00:00+00:00, run_after=2025-03-05 00:00:00+00:00
[2025-03-04T17:34:48.814+0000] {processor.py:208} INFO - Processing /opt/airflow/dags/etl_process_to_parquet.py took 0.118 seconds
[2025-03-04T17:35:18.972+0000] {processor.py:186} INFO - Started process (PID=4269) to work on /opt/airflow/dags/etl_process_to_parquet.py
[2025-03-04T17:35:18.973+0000] {processor.py:914} INFO - Processing file /opt/airflow/dags/etl_process_to_parquet.py for tasks to queue
[2025-03-04T17:35:18.976+0000] {logging_mixin.py:190} INFO - [2025-03-04T17:35:18.975+0000] {dagbag.py:588} INFO - Filling up the DagBag from /opt/airflow/dags/etl_process_to_parquet.py
[2025-03-04T17:35:18.998+0000] {processor.py:925} INFO - DAG(s) 'etl_postgres_to_parquet' retrieved from /opt/airflow/dags/etl_process_to_parquet.py
[2025-03-04T17:35:19.025+0000] {logging_mixin.py:190} INFO - [2025-03-04T17:35:19.025+0000] {dag.py:3239} INFO - Sync 1 DAGs
[2025-03-04T17:35:19.057+0000] {logging_mixin.py:190} INFO - [2025-03-04T17:35:19.057+0000] {dag.py:4180} INFO - Setting next_dagrun for etl_postgres_to_parquet to 2025-03-04 00:00:00+00:00, run_after=2025-03-05 00:00:00+00:00
[2025-03-04T17:35:19.085+0000] {processor.py:208} INFO - Processing /opt/airflow/dags/etl_process_to_parquet.py took 0.121 seconds
[2025-03-04T17:35:49.408+0000] {processor.py:186} INFO - Started process (PID=4575) to work on /opt/airflow/dags/etl_process_to_parquet.py
[2025-03-04T17:35:49.409+0000] {processor.py:914} INFO - Processing file /opt/airflow/dags/etl_process_to_parquet.py for tasks to queue
[2025-03-04T17:35:49.413+0000] {logging_mixin.py:190} INFO - [2025-03-04T17:35:49.412+0000] {dagbag.py:588} INFO - Filling up the DagBag from /opt/airflow/dags/etl_process_to_parquet.py
[2025-03-04T17:35:49.439+0000] {processor.py:925} INFO - DAG(s) 'etl_postgres_to_parquet' retrieved from /opt/airflow/dags/etl_process_to_parquet.py
[2025-03-04T17:35:49.466+0000] {logging_mixin.py:190} INFO - [2025-03-04T17:35:49.466+0000] {dag.py:3239} INFO - Sync 1 DAGs
[2025-03-04T17:35:49.499+0000] {logging_mixin.py:190} INFO - [2025-03-04T17:35:49.498+0000] {dag.py:4180} INFO - Setting next_dagrun for etl_postgres_to_parquet to 2025-03-04 00:00:00+00:00, run_after=2025-03-05 00:00:00+00:00
[2025-03-04T17:35:49.526+0000] {processor.py:208} INFO - Processing /opt/airflow/dags/etl_process_to_parquet.py took 0.127 seconds
[2025-03-04T17:36:19.859+0000] {processor.py:186} INFO - Started process (PID=4881) to work on /opt/airflow/dags/etl_process_to_parquet.py
[2025-03-04T17:36:19.860+0000] {processor.py:914} INFO - Processing file /opt/airflow/dags/etl_process_to_parquet.py for tasks to queue
[2025-03-04T17:36:19.863+0000] {logging_mixin.py:190} INFO - [2025-03-04T17:36:19.863+0000] {dagbag.py:588} INFO - Filling up the DagBag from /opt/airflow/dags/etl_process_to_parquet.py
[2025-03-04T17:36:19.896+0000] {processor.py:925} INFO - DAG(s) 'etl_postgres_to_parquet' retrieved from /opt/airflow/dags/etl_process_to_parquet.py
[2025-03-04T17:36:19.927+0000] {logging_mixin.py:190} INFO - [2025-03-04T17:36:19.927+0000] {dag.py:3239} INFO - Sync 1 DAGs
[2025-03-04T17:36:19.960+0000] {logging_mixin.py:190} INFO - [2025-03-04T17:36:19.959+0000] {dag.py:4180} INFO - Setting next_dagrun for etl_postgres_to_parquet to 2025-03-04 00:00:00+00:00, run_after=2025-03-05 00:00:00+00:00
[2025-03-04T17:36:20.165+0000] {processor.py:208} INFO - Processing /opt/airflow/dags/etl_process_to_parquet.py took 0.315 seconds
[2025-03-04T17:36:50.369+0000] {processor.py:186} INFO - Started process (PID=5187) to work on /opt/airflow/dags/etl_process_to_parquet.py
[2025-03-04T17:36:50.370+0000] {processor.py:914} INFO - Processing file /opt/airflow/dags/etl_process_to_parquet.py for tasks to queue
[2025-03-04T17:36:50.373+0000] {logging_mixin.py:190} INFO - [2025-03-04T17:36:50.372+0000] {dagbag.py:588} INFO - Filling up the DagBag from /opt/airflow/dags/etl_process_to_parquet.py
[2025-03-04T17:36:50.404+0000] {processor.py:925} INFO - DAG(s) 'etl_postgres_to_parquet' retrieved from /opt/airflow/dags/etl_process_to_parquet.py
[2025-03-04T17:36:50.432+0000] {logging_mixin.py:190} INFO - [2025-03-04T17:36:50.432+0000] {dag.py:3239} INFO - Sync 1 DAGs
[2025-03-04T17:36:50.467+0000] {logging_mixin.py:190} INFO - [2025-03-04T17:36:50.467+0000] {dag.py:4180} INFO - Setting next_dagrun for etl_postgres_to_parquet to 2025-03-04 00:00:00+00:00, run_after=2025-03-05 00:00:00+00:00
[2025-03-04T17:36:50.501+0000] {processor.py:208} INFO - Processing /opt/airflow/dags/etl_process_to_parquet.py took 0.140 seconds
[2025-03-04T17:37:20.623+0000] {processor.py:186} INFO - Started process (PID=5491) to work on /opt/airflow/dags/etl_process_to_parquet.py
[2025-03-04T17:37:20.624+0000] {processor.py:914} INFO - Processing file /opt/airflow/dags/etl_process_to_parquet.py for tasks to queue
[2025-03-04T17:37:20.627+0000] {logging_mixin.py:190} INFO - [2025-03-04T17:37:20.626+0000] {dagbag.py:588} INFO - Filling up the DagBag from /opt/airflow/dags/etl_process_to_parquet.py
[2025-03-04T17:37:20.649+0000] {processor.py:925} INFO - DAG(s) 'etl_postgres_to_parquet' retrieved from /opt/airflow/dags/etl_process_to_parquet.py
[2025-03-04T17:37:20.670+0000] {logging_mixin.py:190} INFO - [2025-03-04T17:37:20.670+0000] {dag.py:3239} INFO - Sync 1 DAGs
[2025-03-04T17:37:20.700+0000] {logging_mixin.py:190} INFO - [2025-03-04T17:37:20.699+0000] {dag.py:4180} INFO - Setting next_dagrun for etl_postgres_to_parquet to 2025-03-04 00:00:00+00:00, run_after=2025-03-05 00:00:00+00:00
[2025-03-04T17:37:20.726+0000] {processor.py:208} INFO - Processing /opt/airflow/dags/etl_process_to_parquet.py took 0.111 seconds
[2025-03-04T17:37:51.594+0000] {processor.py:186} INFO - Started process (PID=5799) to work on /opt/airflow/dags/etl_process_to_parquet.py
[2025-03-04T17:37:51.596+0000] {processor.py:914} INFO - Processing file /opt/airflow/dags/etl_process_to_parquet.py for tasks to queue
[2025-03-04T17:37:51.598+0000] {logging_mixin.py:190} INFO - [2025-03-04T17:37:51.598+0000] {dagbag.py:588} INFO - Filling up the DagBag from /opt/airflow/dags/etl_process_to_parquet.py
[2025-03-04T17:37:51.629+0000] {processor.py:925} INFO - DAG(s) 'etl_postgres_to_parquet' retrieved from /opt/airflow/dags/etl_process_to_parquet.py
[2025-03-04T17:37:51.656+0000] {logging_mixin.py:190} INFO - [2025-03-04T17:37:51.656+0000] {dag.py:3239} INFO - Sync 1 DAGs
[2025-03-04T17:37:51.686+0000] {logging_mixin.py:190} INFO - [2025-03-04T17:37:51.686+0000] {dag.py:4180} INFO - Setting next_dagrun for etl_postgres_to_parquet to 2025-03-04 00:00:00+00:00, run_after=2025-03-05 00:00:00+00:00
[2025-03-04T17:37:51.712+0000] {processor.py:208} INFO - Processing /opt/airflow/dags/etl_process_to_parquet.py took 0.124 seconds
[2025-03-04T17:38:21.950+0000] {processor.py:186} INFO - Started process (PID=6103) to work on /opt/airflow/dags/etl_process_to_parquet.py
[2025-03-04T17:38:21.951+0000] {processor.py:914} INFO - Processing file /opt/airflow/dags/etl_process_to_parquet.py for tasks to queue
[2025-03-04T17:38:21.953+0000] {logging_mixin.py:190} INFO - [2025-03-04T17:38:21.953+0000] {dagbag.py:588} INFO - Filling up the DagBag from /opt/airflow/dags/etl_process_to_parquet.py
[2025-03-04T17:38:21.974+0000] {processor.py:925} INFO - DAG(s) 'etl_postgres_to_parquet' retrieved from /opt/airflow/dags/etl_process_to_parquet.py
[2025-03-04T17:38:21.994+0000] {logging_mixin.py:190} INFO - [2025-03-04T17:38:21.994+0000] {dag.py:3239} INFO - Sync 1 DAGs
[2025-03-04T17:38:22.022+0000] {logging_mixin.py:190} INFO - [2025-03-04T17:38:22.022+0000] {dag.py:4180} INFO - Setting next_dagrun for etl_postgres_to_parquet to 2025-03-04 00:00:00+00:00, run_after=2025-03-05 00:00:00+00:00
[2025-03-04T17:38:22.048+0000] {processor.py:208} INFO - Processing /opt/airflow/dags/etl_process_to_parquet.py took 0.105 seconds
[2025-03-04T17:38:52.518+0000] {processor.py:186} INFO - Started process (PID=6411) to work on /opt/airflow/dags/etl_process_to_parquet.py
[2025-03-04T17:38:52.519+0000] {processor.py:914} INFO - Processing file /opt/airflow/dags/etl_process_to_parquet.py for tasks to queue
[2025-03-04T17:38:52.521+0000] {logging_mixin.py:190} INFO - [2025-03-04T17:38:52.521+0000] {dagbag.py:588} INFO - Filling up the DagBag from /opt/airflow/dags/etl_process_to_parquet.py
[2025-03-04T17:38:52.549+0000] {processor.py:925} INFO - DAG(s) 'etl_postgres_to_parquet' retrieved from /opt/airflow/dags/etl_process_to_parquet.py
[2025-03-04T17:38:52.577+0000] {logging_mixin.py:190} INFO - [2025-03-04T17:38:52.576+0000] {dag.py:3239} INFO - Sync 1 DAGs
[2025-03-04T17:38:52.606+0000] {logging_mixin.py:190} INFO - [2025-03-04T17:38:52.606+0000] {dag.py:4180} INFO - Setting next_dagrun for etl_postgres_to_parquet to 2025-03-04 00:00:00+00:00, run_after=2025-03-05 00:00:00+00:00
[2025-03-04T17:38:52.632+0000] {processor.py:208} INFO - Processing /opt/airflow/dags/etl_process_to_parquet.py took 0.121 seconds
[2025-03-04T17:39:22.856+0000] {processor.py:186} INFO - Started process (PID=6717) to work on /opt/airflow/dags/etl_process_to_parquet.py
[2025-03-04T17:39:22.857+0000] {processor.py:914} INFO - Processing file /opt/airflow/dags/etl_process_to_parquet.py for tasks to queue
[2025-03-04T17:39:22.859+0000] {logging_mixin.py:190} INFO - [2025-03-04T17:39:22.859+0000] {dagbag.py:588} INFO - Filling up the DagBag from /opt/airflow/dags/etl_process_to_parquet.py
[2025-03-04T17:39:22.887+0000] {processor.py:925} INFO - DAG(s) 'etl_postgres_to_parquet' retrieved from /opt/airflow/dags/etl_process_to_parquet.py
[2025-03-04T17:39:22.910+0000] {logging_mixin.py:190} INFO - [2025-03-04T17:39:22.909+0000] {dag.py:3239} INFO - Sync 1 DAGs
[2025-03-04T17:39:22.938+0000] {logging_mixin.py:190} INFO - [2025-03-04T17:39:22.938+0000] {dag.py:4180} INFO - Setting next_dagrun for etl_postgres_to_parquet to 2025-03-04 00:00:00+00:00, run_after=2025-03-05 00:00:00+00:00
[2025-03-04T17:39:22.962+0000] {processor.py:208} INFO - Processing /opt/airflow/dags/etl_process_to_parquet.py took 0.114 seconds
[2025-03-04T17:39:53.624+0000] {processor.py:186} INFO - Started process (PID=7023) to work on /opt/airflow/dags/etl_process_to_parquet.py
[2025-03-04T17:39:53.625+0000] {processor.py:914} INFO - Processing file /opt/airflow/dags/etl_process_to_parquet.py for tasks to queue
[2025-03-04T17:39:53.628+0000] {logging_mixin.py:190} INFO - [2025-03-04T17:39:53.628+0000] {dagbag.py:588} INFO - Filling up the DagBag from /opt/airflow/dags/etl_process_to_parquet.py
[2025-03-04T17:39:53.654+0000] {processor.py:925} INFO - DAG(s) 'etl_postgres_to_parquet' retrieved from /opt/airflow/dags/etl_process_to_parquet.py
[2025-03-04T17:39:53.676+0000] {logging_mixin.py:190} INFO - [2025-03-04T17:39:53.676+0000] {dag.py:3239} INFO - Sync 1 DAGs
[2025-03-04T17:39:53.717+0000] {logging_mixin.py:190} INFO - [2025-03-04T17:39:53.717+0000] {dag.py:4180} INFO - Setting next_dagrun for etl_postgres_to_parquet to 2025-03-04 00:00:00+00:00, run_after=2025-03-05 00:00:00+00:00
[2025-03-04T17:39:53.745+0000] {processor.py:208} INFO - Processing /opt/airflow/dags/etl_process_to_parquet.py took 0.128 seconds
[2025-03-04T17:40:23.935+0000] {processor.py:186} INFO - Started process (PID=7332) to work on /opt/airflow/dags/etl_process_to_parquet.py
[2025-03-04T17:40:23.936+0000] {processor.py:914} INFO - Processing file /opt/airflow/dags/etl_process_to_parquet.py for tasks to queue
[2025-03-04T17:40:23.939+0000] {logging_mixin.py:190} INFO - [2025-03-04T17:40:23.938+0000] {dagbag.py:588} INFO - Filling up the DagBag from /opt/airflow/dags/etl_process_to_parquet.py
[2025-03-04T17:40:23.971+0000] {processor.py:925} INFO - DAG(s) 'etl_postgres_to_parquet' retrieved from /opt/airflow/dags/etl_process_to_parquet.py
[2025-03-04T17:40:23.998+0000] {logging_mixin.py:190} INFO - [2025-03-04T17:40:23.997+0000] {dag.py:3239} INFO - Sync 1 DAGs
[2025-03-04T17:40:24.030+0000] {logging_mixin.py:190} INFO - [2025-03-04T17:40:24.030+0000] {dag.py:4180} INFO - Setting next_dagrun for etl_postgres_to_parquet to 2025-03-04 00:00:00+00:00, run_after=2025-03-05 00:00:00+00:00
[2025-03-04T17:40:24.056+0000] {processor.py:208} INFO - Processing /opt/airflow/dags/etl_process_to_parquet.py took 0.132 seconds
[2025-03-04T17:40:54.688+0000] {processor.py:186} INFO - Started process (PID=7638) to work on /opt/airflow/dags/etl_process_to_parquet.py
[2025-03-04T17:40:54.690+0000] {processor.py:914} INFO - Processing file /opt/airflow/dags/etl_process_to_parquet.py for tasks to queue
[2025-03-04T17:40:54.696+0000] {logging_mixin.py:190} INFO - [2025-03-04T17:40:54.695+0000] {dagbag.py:588} INFO - Filling up the DagBag from /opt/airflow/dags/etl_process_to_parquet.py
[2025-03-04T17:40:54.728+0000] {processor.py:925} INFO - DAG(s) 'etl_postgres_to_parquet' retrieved from /opt/airflow/dags/etl_process_to_parquet.py
[2025-03-04T17:40:54.756+0000] {logging_mixin.py:190} INFO - [2025-03-04T17:40:54.756+0000] {dag.py:3239} INFO - Sync 1 DAGs
[2025-03-04T17:40:54.791+0000] {logging_mixin.py:190} INFO - [2025-03-04T17:40:54.791+0000] {dag.py:4180} INFO - Setting next_dagrun for etl_postgres_to_parquet to 2025-03-04 00:00:00+00:00, run_after=2025-03-05 00:00:00+00:00
[2025-03-04T17:40:54.828+0000] {processor.py:208} INFO - Processing /opt/airflow/dags/etl_process_to_parquet.py took 0.155 seconds
[2025-03-04T17:41:25.252+0000] {processor.py:186} INFO - Started process (PID=7944) to work on /opt/airflow/dags/etl_process_to_parquet.py
[2025-03-04T17:41:25.253+0000] {processor.py:914} INFO - Processing file /opt/airflow/dags/etl_process_to_parquet.py for tasks to queue
[2025-03-04T17:41:25.256+0000] {logging_mixin.py:190} INFO - [2025-03-04T17:41:25.256+0000] {dagbag.py:588} INFO - Filling up the DagBag from /opt/airflow/dags/etl_process_to_parquet.py
[2025-03-04T17:41:25.282+0000] {processor.py:925} INFO - DAG(s) 'etl_postgres_to_parquet' retrieved from /opt/airflow/dags/etl_process_to_parquet.py
[2025-03-04T17:41:25.306+0000] {logging_mixin.py:190} INFO - [2025-03-04T17:41:25.306+0000] {dag.py:3239} INFO - Sync 1 DAGs
[2025-03-04T17:41:25.349+0000] {logging_mixin.py:190} INFO - [2025-03-04T17:41:25.349+0000] {dag.py:4180} INFO - Setting next_dagrun for etl_postgres_to_parquet to 2025-03-04 00:00:00+00:00, run_after=2025-03-05 00:00:00+00:00
[2025-03-04T17:41:25.379+0000] {processor.py:208} INFO - Processing /opt/airflow/dags/etl_process_to_parquet.py took 0.135 seconds
[2025-03-04T17:41:55.532+0000] {processor.py:186} INFO - Started process (PID=8250) to work on /opt/airflow/dags/etl_process_to_parquet.py
[2025-03-04T17:41:55.533+0000] {processor.py:914} INFO - Processing file /opt/airflow/dags/etl_process_to_parquet.py for tasks to queue
[2025-03-04T17:41:55.535+0000] {logging_mixin.py:190} INFO - [2025-03-04T17:41:55.535+0000] {dagbag.py:588} INFO - Filling up the DagBag from /opt/airflow/dags/etl_process_to_parquet.py
[2025-03-04T17:41:55.560+0000] {processor.py:925} INFO - DAG(s) 'etl_postgres_to_parquet' retrieved from /opt/airflow/dags/etl_process_to_parquet.py
[2025-03-04T17:41:55.594+0000] {logging_mixin.py:190} INFO - [2025-03-04T17:41:55.593+0000] {dag.py:3239} INFO - Sync 1 DAGs
[2025-03-04T17:41:55.642+0000] {logging_mixin.py:190} INFO - [2025-03-04T17:41:55.642+0000] {dag.py:4180} INFO - Setting next_dagrun for etl_postgres_to_parquet to 2025-03-04 00:00:00+00:00, run_after=2025-03-05 00:00:00+00:00
[2025-03-04T17:41:55.677+0000] {processor.py:208} INFO - Processing /opt/airflow/dags/etl_process_to_parquet.py took 0.152 seconds
[2025-03-04T17:43:16.334+0000] {processor.py:186} INFO - Started process (PID=200) to work on /opt/airflow/dags/etl_process_to_parquet.py
[2025-03-04T17:43:16.335+0000] {processor.py:914} INFO - Processing file /opt/airflow/dags/etl_process_to_parquet.py for tasks to queue
[2025-03-04T17:43:16.337+0000] {logging_mixin.py:190} INFO - [2025-03-04T17:43:16.337+0000] {dagbag.py:588} INFO - Filling up the DagBag from /opt/airflow/dags/etl_process_to_parquet.py
[2025-03-04T17:43:16.358+0000] {processor.py:925} INFO - DAG(s) 'etl_postgres_to_parquet' retrieved from /opt/airflow/dags/etl_process_to_parquet.py
[2025-03-04T17:43:16.384+0000] {logging_mixin.py:190} INFO - [2025-03-04T17:43:16.383+0000] {dag.py:3239} INFO - Sync 1 DAGs
[2025-03-04T17:43:16.416+0000] {logging_mixin.py:190} INFO - [2025-03-04T17:43:16.416+0000] {dag.py:4180} INFO - Setting next_dagrun for etl_postgres_to_parquet to 2025-03-04 00:00:00+00:00, run_after=2025-03-05 00:00:00+00:00
[2025-03-04T17:43:16.437+0000] {processor.py:208} INFO - Processing /opt/airflow/dags/etl_process_to_parquet.py took 0.109 seconds
[2025-03-04T17:43:46.854+0000] {processor.py:186} INFO - Started process (PID=506) to work on /opt/airflow/dags/etl_process_to_parquet.py
[2025-03-04T17:43:46.855+0000] {processor.py:914} INFO - Processing file /opt/airflow/dags/etl_process_to_parquet.py for tasks to queue
[2025-03-04T17:43:46.858+0000] {logging_mixin.py:190} INFO - [2025-03-04T17:43:46.858+0000] {dagbag.py:588} INFO - Filling up the DagBag from /opt/airflow/dags/etl_process_to_parquet.py
[2025-03-04T17:43:46.903+0000] {processor.py:925} INFO - DAG(s) 'etl_postgres_to_parquet' retrieved from /opt/airflow/dags/etl_process_to_parquet.py
[2025-03-04T17:43:46.944+0000] {logging_mixin.py:190} INFO - [2025-03-04T17:43:46.943+0000] {dag.py:3239} INFO - Sync 1 DAGs
[2025-03-04T17:43:46.982+0000] {logging_mixin.py:190} INFO - [2025-03-04T17:43:46.981+0000] {dag.py:4180} INFO - Setting next_dagrun for etl_postgres_to_parquet to 2025-03-04 00:00:00+00:00, run_after=2025-03-05 00:00:00+00:00
[2025-03-04T17:43:47.010+0000] {processor.py:208} INFO - Processing /opt/airflow/dags/etl_process_to_parquet.py took 0.164 seconds
[2025-03-04T17:44:17.570+0000] {processor.py:186} INFO - Started process (PID=812) to work on /opt/airflow/dags/etl_process_to_parquet.py
[2025-03-04T17:44:17.571+0000] {processor.py:914} INFO - Processing file /opt/airflow/dags/etl_process_to_parquet.py for tasks to queue
[2025-03-04T17:44:17.576+0000] {logging_mixin.py:190} INFO - [2025-03-04T17:44:17.575+0000] {dagbag.py:588} INFO - Filling up the DagBag from /opt/airflow/dags/etl_process_to_parquet.py
[2025-03-04T17:44:17.616+0000] {processor.py:925} INFO - DAG(s) 'etl_postgres_to_parquet' retrieved from /opt/airflow/dags/etl_process_to_parquet.py
[2025-03-04T17:44:17.648+0000] {logging_mixin.py:190} INFO - [2025-03-04T17:44:17.648+0000] {dag.py:3239} INFO - Sync 1 DAGs
[2025-03-04T17:44:17.685+0000] {logging_mixin.py:190} INFO - [2025-03-04T17:44:17.684+0000] {dag.py:4180} INFO - Setting next_dagrun for etl_postgres_to_parquet to 2025-03-04 00:00:00+00:00, run_after=2025-03-05 00:00:00+00:00
[2025-03-04T17:44:17.711+0000] {processor.py:208} INFO - Processing /opt/airflow/dags/etl_process_to_parquet.py took 0.155 seconds
[2025-03-04T17:44:47.785+0000] {processor.py:186} INFO - Started process (PID=1116) to work on /opt/airflow/dags/etl_process_to_parquet.py
[2025-03-04T17:44:47.786+0000] {processor.py:914} INFO - Processing file /opt/airflow/dags/etl_process_to_parquet.py for tasks to queue
[2025-03-04T17:44:47.789+0000] {logging_mixin.py:190} INFO - [2025-03-04T17:44:47.788+0000] {dagbag.py:588} INFO - Filling up the DagBag from /opt/airflow/dags/etl_process_to_parquet.py
[2025-03-04T17:44:47.810+0000] {processor.py:925} INFO - DAG(s) 'etl_postgres_to_parquet' retrieved from /opt/airflow/dags/etl_process_to_parquet.py
[2025-03-04T17:44:47.833+0000] {logging_mixin.py:190} INFO - [2025-03-04T17:44:47.833+0000] {dag.py:3239} INFO - Sync 1 DAGs
[2025-03-04T17:44:47.862+0000] {logging_mixin.py:190} INFO - [2025-03-04T17:44:47.862+0000] {dag.py:4180} INFO - Setting next_dagrun for etl_postgres_to_parquet to 2025-03-04 00:00:00+00:00, run_after=2025-03-05 00:00:00+00:00
[2025-03-04T17:44:47.892+0000] {processor.py:208} INFO - Processing /opt/airflow/dags/etl_process_to_parquet.py took 0.115 seconds
[2025-03-04T17:45:18.115+0000] {processor.py:186} INFO - Started process (PID=1424) to work on /opt/airflow/dags/etl_process_to_parquet.py
[2025-03-04T17:45:18.116+0000] {processor.py:914} INFO - Processing file /opt/airflow/dags/etl_process_to_parquet.py for tasks to queue
[2025-03-04T17:45:18.118+0000] {logging_mixin.py:190} INFO - [2025-03-04T17:45:18.117+0000] {dagbag.py:588} INFO - Filling up the DagBag from /opt/airflow/dags/etl_process_to_parquet.py
[2025-03-04T17:45:18.138+0000] {processor.py:925} INFO - DAG(s) 'etl_postgres_to_parquet' retrieved from /opt/airflow/dags/etl_process_to_parquet.py
[2025-03-04T17:45:18.158+0000] {logging_mixin.py:190} INFO - [2025-03-04T17:45:18.158+0000] {dag.py:3239} INFO - Sync 1 DAGs
[2025-03-04T17:45:18.186+0000] {logging_mixin.py:190} INFO - [2025-03-04T17:45:18.185+0000] {dag.py:4180} INFO - Setting next_dagrun for etl_postgres_to_parquet to 2025-03-04 00:00:00+00:00, run_after=2025-03-05 00:00:00+00:00
[2025-03-04T17:45:18.208+0000] {processor.py:208} INFO - Processing /opt/airflow/dags/etl_process_to_parquet.py took 0.100 seconds
[2025-03-04T17:45:48.539+0000] {processor.py:186} INFO - Started process (PID=1736) to work on /opt/airflow/dags/etl_process_to_parquet.py
[2025-03-04T17:45:48.540+0000] {processor.py:914} INFO - Processing file /opt/airflow/dags/etl_process_to_parquet.py for tasks to queue
[2025-03-04T17:45:48.543+0000] {logging_mixin.py:190} INFO - [2025-03-04T17:45:48.542+0000] {dagbag.py:588} INFO - Filling up the DagBag from /opt/airflow/dags/etl_process_to_parquet.py
[2025-03-04T17:45:48.572+0000] {processor.py:925} INFO - DAG(s) 'etl_postgres_to_parquet' retrieved from /opt/airflow/dags/etl_process_to_parquet.py
[2025-03-04T17:45:48.599+0000] {logging_mixin.py:190} INFO - [2025-03-04T17:45:48.599+0000] {dag.py:3239} INFO - Sync 1 DAGs
[2025-03-04T17:45:48.632+0000] {logging_mixin.py:190} INFO - [2025-03-04T17:45:48.631+0000] {dag.py:4180} INFO - Setting next_dagrun for etl_postgres_to_parquet to 2025-03-04 00:00:00+00:00, run_after=2025-03-05 00:00:00+00:00
[2025-03-04T17:45:48.657+0000] {processor.py:208} INFO - Processing /opt/airflow/dags/etl_process_to_parquet.py took 0.126 seconds
[2025-03-04T17:46:18.894+0000] {processor.py:186} INFO - Started process (PID=2042) to work on /opt/airflow/dags/etl_process_to_parquet.py
[2025-03-04T17:46:18.896+0000] {processor.py:914} INFO - Processing file /opt/airflow/dags/etl_process_to_parquet.py for tasks to queue
[2025-03-04T17:46:18.898+0000] {logging_mixin.py:190} INFO - [2025-03-04T17:46:18.898+0000] {dagbag.py:588} INFO - Filling up the DagBag from /opt/airflow/dags/etl_process_to_parquet.py
[2025-03-04T17:46:18.922+0000] {processor.py:925} INFO - DAG(s) 'etl_postgres_to_parquet' retrieved from /opt/airflow/dags/etl_process_to_parquet.py
[2025-03-04T17:46:18.947+0000] {logging_mixin.py:190} INFO - [2025-03-04T17:46:18.947+0000] {dag.py:3239} INFO - Sync 1 DAGs
[2025-03-04T17:46:18.978+0000] {logging_mixin.py:190} INFO - [2025-03-04T17:46:18.978+0000] {dag.py:4180} INFO - Setting next_dagrun for etl_postgres_to_parquet to 2025-03-04 00:00:00+00:00, run_after=2025-03-05 00:00:00+00:00
[2025-03-04T17:46:19.003+0000] {processor.py:208} INFO - Processing /opt/airflow/dags/etl_process_to_parquet.py took 0.118 seconds
[2025-03-04T17:46:49.847+0000] {processor.py:186} INFO - Started process (PID=2348) to work on /opt/airflow/dags/etl_process_to_parquet.py
[2025-03-04T17:46:49.848+0000] {processor.py:914} INFO - Processing file /opt/airflow/dags/etl_process_to_parquet.py for tasks to queue
[2025-03-04T17:46:49.851+0000] {logging_mixin.py:190} INFO - [2025-03-04T17:46:49.851+0000] {dagbag.py:588} INFO - Filling up the DagBag from /opt/airflow/dags/etl_process_to_parquet.py
[2025-03-04T17:46:49.883+0000] {processor.py:925} INFO - DAG(s) 'etl_postgres_to_parquet' retrieved from /opt/airflow/dags/etl_process_to_parquet.py
[2025-03-04T17:46:49.912+0000] {logging_mixin.py:190} INFO - [2025-03-04T17:46:49.912+0000] {dag.py:3239} INFO - Sync 1 DAGs
[2025-03-04T17:46:49.951+0000] {logging_mixin.py:190} INFO - [2025-03-04T17:46:49.951+0000] {dag.py:4180} INFO - Setting next_dagrun for etl_postgres_to_parquet to 2025-03-04 00:00:00+00:00, run_after=2025-03-05 00:00:00+00:00
[2025-03-04T17:46:49.979+0000] {processor.py:208} INFO - Processing /opt/airflow/dags/etl_process_to_parquet.py took 0.139 seconds
[2025-03-04T17:47:20.642+0000] {processor.py:186} INFO - Started process (PID=2654) to work on /opt/airflow/dags/etl_process_to_parquet.py
[2025-03-04T17:47:20.643+0000] {processor.py:914} INFO - Processing file /opt/airflow/dags/etl_process_to_parquet.py for tasks to queue
[2025-03-04T17:47:20.646+0000] {logging_mixin.py:190} INFO - [2025-03-04T17:47:20.645+0000] {dagbag.py:588} INFO - Filling up the DagBag from /opt/airflow/dags/etl_process_to_parquet.py
[2025-03-04T17:47:20.678+0000] {processor.py:925} INFO - DAG(s) 'etl_postgres_to_parquet' retrieved from /opt/airflow/dags/etl_process_to_parquet.py
[2025-03-04T17:47:20.702+0000] {logging_mixin.py:190} INFO - [2025-03-04T17:47:20.701+0000] {dag.py:3239} INFO - Sync 1 DAGs
[2025-03-04T17:47:20.731+0000] {logging_mixin.py:190} INFO - [2025-03-04T17:47:20.731+0000] {dag.py:4180} INFO - Setting next_dagrun for etl_postgres_to_parquet to 2025-03-04 00:00:00+00:00, run_after=2025-03-05 00:00:00+00:00
[2025-03-04T17:47:20.756+0000] {processor.py:208} INFO - Processing /opt/airflow/dags/etl_process_to_parquet.py took 0.121 seconds
[2025-03-04T17:47:51.489+0000] {processor.py:186} INFO - Started process (PID=2960) to work on /opt/airflow/dags/etl_process_to_parquet.py
[2025-03-04T17:47:51.490+0000] {processor.py:914} INFO - Processing file /opt/airflow/dags/etl_process_to_parquet.py for tasks to queue
[2025-03-04T17:47:51.492+0000] {logging_mixin.py:190} INFO - [2025-03-04T17:47:51.492+0000] {dagbag.py:588} INFO - Filling up the DagBag from /opt/airflow/dags/etl_process_to_parquet.py
[2025-03-04T17:47:51.515+0000] {processor.py:925} INFO - DAG(s) 'etl_postgres_to_parquet' retrieved from /opt/airflow/dags/etl_process_to_parquet.py
[2025-03-04T17:47:51.559+0000] {logging_mixin.py:190} INFO - [2025-03-04T17:47:51.559+0000] {dag.py:3239} INFO - Sync 1 DAGs
[2025-03-04T17:47:51.590+0000] {logging_mixin.py:190} INFO - [2025-03-04T17:47:51.590+0000] {dag.py:4180} INFO - Setting next_dagrun for etl_postgres_to_parquet to 2025-03-04 00:00:00+00:00, run_after=2025-03-05 00:00:00+00:00
[2025-03-04T17:47:51.615+0000] {processor.py:208} INFO - Processing /opt/airflow/dags/etl_process_to_parquet.py took 0.133 seconds
[2025-03-04T17:48:21.848+0000] {processor.py:186} INFO - Started process (PID=3267) to work on /opt/airflow/dags/etl_process_to_parquet.py
[2025-03-04T17:48:21.849+0000] {processor.py:914} INFO - Processing file /opt/airflow/dags/etl_process_to_parquet.py for tasks to queue
[2025-03-04T17:48:21.852+0000] {logging_mixin.py:190} INFO - [2025-03-04T17:48:21.852+0000] {dagbag.py:588} INFO - Filling up the DagBag from /opt/airflow/dags/etl_process_to_parquet.py
[2025-03-04T17:48:21.892+0000] {processor.py:925} INFO - DAG(s) 'etl_postgres_to_parquet' retrieved from /opt/airflow/dags/etl_process_to_parquet.py
[2025-03-04T17:48:21.921+0000] {logging_mixin.py:190} INFO - [2025-03-04T17:48:21.921+0000] {dag.py:3239} INFO - Sync 1 DAGs
[2025-03-04T17:48:21.951+0000] {logging_mixin.py:190} INFO - [2025-03-04T17:48:21.951+0000] {dag.py:4180} INFO - Setting next_dagrun for etl_postgres_to_parquet to 2025-03-04 00:00:00+00:00, run_after=2025-03-05 00:00:00+00:00
[2025-03-04T17:48:21.975+0000] {processor.py:208} INFO - Processing /opt/airflow/dags/etl_process_to_parquet.py took 0.134 seconds
[2025-03-04T17:48:52.082+0000] {processor.py:186} INFO - Started process (PID=3574) to work on /opt/airflow/dags/etl_process_to_parquet.py
[2025-03-04T17:48:52.084+0000] {processor.py:914} INFO - Processing file /opt/airflow/dags/etl_process_to_parquet.py for tasks to queue
[2025-03-04T17:48:52.086+0000] {logging_mixin.py:190} INFO - [2025-03-04T17:48:52.086+0000] {dagbag.py:588} INFO - Filling up the DagBag from /opt/airflow/dags/etl_process_to_parquet.py
[2025-03-04T17:48:52.125+0000] {processor.py:925} INFO - DAG(s) 'etl_postgres_to_parquet' retrieved from /opt/airflow/dags/etl_process_to_parquet.py
[2025-03-04T17:48:52.153+0000] {logging_mixin.py:190} INFO - [2025-03-04T17:48:52.153+0000] {dag.py:3239} INFO - Sync 1 DAGs
[2025-03-04T17:48:52.209+0000] {logging_mixin.py:190} INFO - [2025-03-04T17:48:52.209+0000] {dag.py:4180} INFO - Setting next_dagrun for etl_postgres_to_parquet to 2025-03-04 00:00:00+00:00, run_after=2025-03-05 00:00:00+00:00
[2025-03-04T17:48:52.235+0000] {processor.py:208} INFO - Processing /opt/airflow/dags/etl_process_to_parquet.py took 0.160 seconds
[2025-03-04T17:49:22.442+0000] {processor.py:186} INFO - Started process (PID=3880) to work on /opt/airflow/dags/etl_process_to_parquet.py
[2025-03-04T17:49:22.443+0000] {processor.py:914} INFO - Processing file /opt/airflow/dags/etl_process_to_parquet.py for tasks to queue
[2025-03-04T17:49:22.446+0000] {logging_mixin.py:190} INFO - [2025-03-04T17:49:22.445+0000] {dagbag.py:588} INFO - Filling up the DagBag from /opt/airflow/dags/etl_process_to_parquet.py
[2025-03-04T17:49:22.465+0000] {processor.py:925} INFO - DAG(s) 'etl_postgres_to_parquet' retrieved from /opt/airflow/dags/etl_process_to_parquet.py
[2025-03-04T17:49:22.486+0000] {logging_mixin.py:190} INFO - [2025-03-04T17:49:22.485+0000] {dag.py:3239} INFO - Sync 1 DAGs
[2025-03-04T17:49:22.513+0000] {logging_mixin.py:190} INFO - [2025-03-04T17:49:22.512+0000] {dag.py:4180} INFO - Setting next_dagrun for etl_postgres_to_parquet to 2025-03-04 00:00:00+00:00, run_after=2025-03-05 00:00:00+00:00
[2025-03-04T17:49:22.541+0000] {processor.py:208} INFO - Processing /opt/airflow/dags/etl_process_to_parquet.py took 0.105 seconds
[2025-03-04T17:52:38.372+0000] {processor.py:186} INFO - Started process (PID=198) to work on /opt/airflow/dags/etl_process_to_parquet.py
[2025-03-04T17:52:38.373+0000] {processor.py:914} INFO - Processing file /opt/airflow/dags/etl_process_to_parquet.py for tasks to queue
[2025-03-04T17:52:38.376+0000] {logging_mixin.py:190} INFO - [2025-03-04T17:52:38.375+0000] {dagbag.py:588} INFO - Filling up the DagBag from /opt/airflow/dags/etl_process_to_parquet.py
[2025-03-04T17:52:38.399+0000] {processor.py:925} INFO - DAG(s) 'etl_postgres_to_parquet' retrieved from /opt/airflow/dags/etl_process_to_parquet.py
[2025-03-04T17:52:38.426+0000] {logging_mixin.py:190} INFO - [2025-03-04T17:52:38.426+0000] {dag.py:3239} INFO - Sync 1 DAGs
[2025-03-04T17:52:38.454+0000] {logging_mixin.py:190} INFO - [2025-03-04T17:52:38.454+0000] {dag.py:4180} INFO - Setting next_dagrun for etl_postgres_to_parquet to 2025-03-04 00:00:00+00:00, run_after=2025-03-05 00:00:00+00:00
[2025-03-04T17:52:38.478+0000] {processor.py:208} INFO - Processing /opt/airflow/dags/etl_process_to_parquet.py took 0.112 seconds
[2025-03-04T17:53:08.654+0000] {processor.py:186} INFO - Started process (PID=504) to work on /opt/airflow/dags/etl_process_to_parquet.py
[2025-03-04T17:53:08.656+0000] {processor.py:914} INFO - Processing file /opt/airflow/dags/etl_process_to_parquet.py for tasks to queue
[2025-03-04T17:53:08.658+0000] {logging_mixin.py:190} INFO - [2025-03-04T17:53:08.658+0000] {dagbag.py:588} INFO - Filling up the DagBag from /opt/airflow/dags/etl_process_to_parquet.py
[2025-03-04T17:53:08.690+0000] {processor.py:925} INFO - DAG(s) 'etl_postgres_to_parquet' retrieved from /opt/airflow/dags/etl_process_to_parquet.py
[2025-03-04T17:53:08.717+0000] {logging_mixin.py:190} INFO - [2025-03-04T17:53:08.716+0000] {dag.py:3239} INFO - Sync 1 DAGs
[2025-03-04T17:53:08.747+0000] {logging_mixin.py:190} INFO - [2025-03-04T17:53:08.747+0000] {dag.py:4180} INFO - Setting next_dagrun for etl_postgres_to_parquet to 2025-03-04 00:00:00+00:00, run_after=2025-03-05 00:00:00+00:00
[2025-03-04T17:53:08.772+0000] {processor.py:208} INFO - Processing /opt/airflow/dags/etl_process_to_parquet.py took 0.125 seconds
[2025-03-04T17:53:39.617+0000] {processor.py:186} INFO - Started process (PID=810) to work on /opt/airflow/dags/etl_process_to_parquet.py
[2025-03-04T17:53:39.618+0000] {processor.py:914} INFO - Processing file /opt/airflow/dags/etl_process_to_parquet.py for tasks to queue
[2025-03-04T17:53:39.620+0000] {logging_mixin.py:190} INFO - [2025-03-04T17:53:39.620+0000] {dagbag.py:588} INFO - Filling up the DagBag from /opt/airflow/dags/etl_process_to_parquet.py
[2025-03-04T17:53:39.653+0000] {processor.py:925} INFO - DAG(s) 'etl_postgres_to_parquet' retrieved from /opt/airflow/dags/etl_process_to_parquet.py
[2025-03-04T17:53:39.681+0000] {logging_mixin.py:190} INFO - [2025-03-04T17:53:39.680+0000] {dag.py:3239} INFO - Sync 1 DAGs
[2025-03-04T17:53:39.714+0000] {logging_mixin.py:190} INFO - [2025-03-04T17:53:39.714+0000] {dag.py:4180} INFO - Setting next_dagrun for etl_postgres_to_parquet to 2025-03-04 00:00:00+00:00, run_after=2025-03-05 00:00:00+00:00
[2025-03-04T17:53:39.744+0000] {processor.py:208} INFO - Processing /opt/airflow/dags/etl_process_to_parquet.py took 0.139 seconds
[2025-03-04T17:54:10.023+0000] {processor.py:186} INFO - Started process (PID=1118) to work on /opt/airflow/dags/etl_process_to_parquet.py
[2025-03-04T17:54:10.024+0000] {processor.py:914} INFO - Processing file /opt/airflow/dags/etl_process_to_parquet.py for tasks to queue
[2025-03-04T17:54:10.026+0000] {logging_mixin.py:190} INFO - [2025-03-04T17:54:10.025+0000] {dagbag.py:588} INFO - Filling up the DagBag from /opt/airflow/dags/etl_process_to_parquet.py
[2025-03-04T17:54:10.046+0000] {processor.py:925} INFO - DAG(s) 'etl_postgres_to_parquet' retrieved from /opt/airflow/dags/etl_process_to_parquet.py
[2025-03-04T17:54:10.066+0000] {logging_mixin.py:190} INFO - [2025-03-04T17:54:10.066+0000] {dag.py:3239} INFO - Sync 1 DAGs
[2025-03-04T17:54:10.100+0000] {logging_mixin.py:190} INFO - [2025-03-04T17:54:10.100+0000] {dag.py:4180} INFO - Setting next_dagrun for etl_postgres_to_parquet to 2025-03-04 00:00:00+00:00, run_after=2025-03-05 00:00:00+00:00
[2025-03-04T17:54:10.125+0000] {processor.py:208} INFO - Processing /opt/airflow/dags/etl_process_to_parquet.py took 0.108 seconds
[2025-03-04T17:54:40.417+0000] {processor.py:186} INFO - Started process (PID=1432) to work on /opt/airflow/dags/etl_process_to_parquet.py
[2025-03-04T17:54:40.418+0000] {processor.py:914} INFO - Processing file /opt/airflow/dags/etl_process_to_parquet.py for tasks to queue
[2025-03-04T17:54:40.420+0000] {logging_mixin.py:190} INFO - [2025-03-04T17:54:40.419+0000] {dagbag.py:588} INFO - Filling up the DagBag from /opt/airflow/dags/etl_process_to_parquet.py
[2025-03-04T17:54:40.442+0000] {processor.py:925} INFO - DAG(s) 'etl_postgres_to_parquet' retrieved from /opt/airflow/dags/etl_process_to_parquet.py
[2025-03-04T17:54:40.463+0000] {logging_mixin.py:190} INFO - [2025-03-04T17:54:40.463+0000] {dag.py:3239} INFO - Sync 1 DAGs
[2025-03-04T17:54:40.493+0000] {logging_mixin.py:190} INFO - [2025-03-04T17:54:40.492+0000] {dag.py:4180} INFO - Setting next_dagrun for etl_postgres_to_parquet to 2025-03-04 00:00:00+00:00, run_after=2025-03-05 00:00:00+00:00
[2025-03-04T17:54:40.516+0000] {processor.py:208} INFO - Processing /opt/airflow/dags/etl_process_to_parquet.py took 0.109 seconds
[2025-03-04T17:56:36.992+0000] {processor.py:186} INFO - Started process (PID=199) to work on /opt/airflow/dags/etl_process_to_parquet.py
[2025-03-04T17:56:36.993+0000] {processor.py:914} INFO - Processing file /opt/airflow/dags/etl_process_to_parquet.py for tasks to queue
[2025-03-04T17:56:36.995+0000] {logging_mixin.py:190} INFO - [2025-03-04T17:56:36.995+0000] {dagbag.py:588} INFO - Filling up the DagBag from /opt/airflow/dags/etl_process_to_parquet.py
[2025-03-04T17:56:37.030+0000] {processor.py:925} INFO - DAG(s) 'etl_postgres_to_parquet' retrieved from /opt/airflow/dags/etl_process_to_parquet.py
[2025-03-04T17:56:37.077+0000] {logging_mixin.py:190} INFO - [2025-03-04T17:56:37.077+0000] {dag.py:3239} INFO - Sync 1 DAGs
[2025-03-04T17:56:37.109+0000] {logging_mixin.py:190} INFO - [2025-03-04T17:56:37.109+0000] {dag.py:4180} INFO - Setting next_dagrun for etl_postgres_to_parquet to 2025-03-04 00:00:00+00:00, run_after=2025-03-05 00:00:00+00:00
[2025-03-04T17:56:37.138+0000] {processor.py:208} INFO - Processing /opt/airflow/dags/etl_process_to_parquet.py took 0.152 seconds
[2025-03-04T17:57:07.215+0000] {processor.py:186} INFO - Started process (PID=508) to work on /opt/airflow/dags/etl_process_to_parquet.py
[2025-03-04T17:57:07.216+0000] {processor.py:914} INFO - Processing file /opt/airflow/dags/etl_process_to_parquet.py for tasks to queue
[2025-03-04T17:57:07.219+0000] {logging_mixin.py:190} INFO - [2025-03-04T17:57:07.219+0000] {dagbag.py:588} INFO - Filling up the DagBag from /opt/airflow/dags/etl_process_to_parquet.py
[2025-03-04T17:57:07.240+0000] {processor.py:925} INFO - DAG(s) 'etl_postgres_to_parquet' retrieved from /opt/airflow/dags/etl_process_to_parquet.py
[2025-03-04T17:57:07.262+0000] {logging_mixin.py:190} INFO - [2025-03-04T17:57:07.262+0000] {dag.py:3239} INFO - Sync 1 DAGs
[2025-03-04T17:57:07.292+0000] {logging_mixin.py:190} INFO - [2025-03-04T17:57:07.291+0000] {dag.py:4180} INFO - Setting next_dagrun for etl_postgres_to_parquet to 2025-03-04 00:00:00+00:00, run_after=2025-03-05 00:00:00+00:00
[2025-03-04T17:57:07.315+0000] {processor.py:208} INFO - Processing /opt/airflow/dags/etl_process_to_parquet.py took 0.108 seconds
[2025-03-04T17:57:38.210+0000] {processor.py:186} INFO - Started process (PID=832) to work on /opt/airflow/dags/etl_process_to_parquet.py
[2025-03-04T17:57:38.212+0000] {processor.py:914} INFO - Processing file /opt/airflow/dags/etl_process_to_parquet.py for tasks to queue
[2025-03-04T17:57:38.214+0000] {logging_mixin.py:190} INFO - [2025-03-04T17:57:38.214+0000] {dagbag.py:588} INFO - Filling up the DagBag from /opt/airflow/dags/etl_process_to_parquet.py
[2025-03-04T17:57:38.248+0000] {processor.py:925} INFO - DAG(s) 'etl_postgres_to_parquet' retrieved from /opt/airflow/dags/etl_process_to_parquet.py
[2025-03-04T17:57:38.280+0000] {logging_mixin.py:190} INFO - [2025-03-04T17:57:38.280+0000] {dag.py:3239} INFO - Sync 1 DAGs
[2025-03-04T17:57:38.311+0000] {logging_mixin.py:190} INFO - [2025-03-04T17:57:38.311+0000] {dag.py:4180} INFO - Setting next_dagrun for etl_postgres_to_parquet to 2025-03-04 00:00:00+00:00, run_after=2025-03-05 00:00:00+00:00
[2025-03-04T17:57:38.342+0000] {processor.py:208} INFO - Processing /opt/airflow/dags/etl_process_to_parquet.py took 0.138 seconds
[2025-03-04T17:58:09.208+0000] {processor.py:186} INFO - Started process (PID=1144) to work on /opt/airflow/dags/etl_process_to_parquet.py
[2025-03-04T17:58:09.210+0000] {processor.py:914} INFO - Processing file /opt/airflow/dags/etl_process_to_parquet.py for tasks to queue
[2025-03-04T17:58:09.212+0000] {logging_mixin.py:190} INFO - [2025-03-04T17:58:09.212+0000] {dagbag.py:588} INFO - Filling up the DagBag from /opt/airflow/dags/etl_process_to_parquet.py
[2025-03-04T17:58:09.240+0000] {processor.py:925} INFO - DAG(s) 'etl_postgres_to_parquet' retrieved from /opt/airflow/dags/etl_process_to_parquet.py
[2025-03-04T17:58:09.264+0000] {logging_mixin.py:190} INFO - [2025-03-04T17:58:09.263+0000] {dag.py:3239} INFO - Sync 1 DAGs
[2025-03-04T17:58:09.293+0000] {logging_mixin.py:190} INFO - [2025-03-04T17:58:09.293+0000] {dag.py:4180} INFO - Setting next_dagrun for etl_postgres_to_parquet to 2025-03-04 00:00:00+00:00, run_after=2025-03-05 00:00:00+00:00
[2025-03-04T17:58:09.319+0000] {processor.py:208} INFO - Processing /opt/airflow/dags/etl_process_to_parquet.py took 0.119 seconds
[2025-03-04T17:58:40.257+0000] {processor.py:186} INFO - Started process (PID=1450) to work on /opt/airflow/dags/etl_process_to_parquet.py
[2025-03-04T17:58:40.258+0000] {processor.py:914} INFO - Processing file /opt/airflow/dags/etl_process_to_parquet.py for tasks to queue
[2025-03-04T17:58:40.261+0000] {logging_mixin.py:190} INFO - [2025-03-04T17:58:40.260+0000] {dagbag.py:588} INFO - Filling up the DagBag from /opt/airflow/dags/etl_process_to_parquet.py
[2025-03-04T17:58:40.284+0000] {processor.py:925} INFO - DAG(s) 'etl_postgres_to_parquet' retrieved from /opt/airflow/dags/etl_process_to_parquet.py
[2025-03-04T17:58:40.308+0000] {logging_mixin.py:190} INFO - [2025-03-04T17:58:40.308+0000] {dag.py:3239} INFO - Sync 1 DAGs
[2025-03-04T17:58:40.340+0000] {logging_mixin.py:190} INFO - [2025-03-04T17:58:40.339+0000] {dag.py:4180} INFO - Setting next_dagrun for etl_postgres_to_parquet to 2025-03-04 00:00:00+00:00, run_after=2025-03-05 00:00:00+00:00
[2025-03-04T17:58:40.366+0000] {processor.py:208} INFO - Processing /opt/airflow/dags/etl_process_to_parquet.py took 0.117 seconds
[2025-03-04T17:59:36.375+0000] {processor.py:186} INFO - Started process (PID=199) to work on /opt/airflow/dags/etl_process_to_parquet.py
[2025-03-04T17:59:36.376+0000] {processor.py:914} INFO - Processing file /opt/airflow/dags/etl_process_to_parquet.py for tasks to queue
[2025-03-04T17:59:36.379+0000] {logging_mixin.py:190} INFO - [2025-03-04T17:59:36.379+0000] {dagbag.py:588} INFO - Filling up the DagBag from /opt/airflow/dags/etl_process_to_parquet.py
[2025-03-04T17:59:36.408+0000] {processor.py:925} INFO - DAG(s) 'etl_postgres_to_parquet' retrieved from /opt/airflow/dags/etl_process_to_parquet.py
[2025-03-04T17:59:36.441+0000] {logging_mixin.py:190} INFO - [2025-03-04T17:59:36.441+0000] {dag.py:3239} INFO - Sync 1 DAGs
[2025-03-04T17:59:36.476+0000] {logging_mixin.py:190} INFO - [2025-03-04T17:59:36.476+0000] {dag.py:4180} INFO - Setting next_dagrun for etl_postgres_to_parquet to 2025-03-04 00:00:00+00:00, run_after=2025-03-05 00:00:00+00:00
[2025-03-04T17:59:36.513+0000] {processor.py:208} INFO - Processing /opt/airflow/dags/etl_process_to_parquet.py took 0.145 seconds
[2025-03-04T18:00:06.780+0000] {processor.py:186} INFO - Started process (PID=505) to work on /opt/airflow/dags/etl_process_to_parquet.py
[2025-03-04T18:00:06.781+0000] {processor.py:914} INFO - Processing file /opt/airflow/dags/etl_process_to_parquet.py for tasks to queue
[2025-03-04T18:00:06.783+0000] {logging_mixin.py:190} INFO - [2025-03-04T18:00:06.783+0000] {dagbag.py:588} INFO - Filling up the DagBag from /opt/airflow/dags/etl_process_to_parquet.py
[2025-03-04T18:00:06.805+0000] {processor.py:925} INFO - DAG(s) 'etl_postgres_to_parquet' retrieved from /opt/airflow/dags/etl_process_to_parquet.py
[2025-03-04T18:00:06.833+0000] {logging_mixin.py:190} INFO - [2025-03-04T18:00:06.833+0000] {dag.py:3239} INFO - Sync 1 DAGs
[2025-03-04T18:00:06.866+0000] {logging_mixin.py:190} INFO - [2025-03-04T18:00:06.865+0000] {dag.py:4180} INFO - Setting next_dagrun for etl_postgres_to_parquet to 2025-03-04 00:00:00+00:00, run_after=2025-03-05 00:00:00+00:00
[2025-03-04T18:00:06.896+0000] {processor.py:208} INFO - Processing /opt/airflow/dags/etl_process_to_parquet.py took 0.123 seconds
[2025-03-04T18:00:37.353+0000] {processor.py:186} INFO - Started process (PID=809) to work on /opt/airflow/dags/etl_process_to_parquet.py
[2025-03-04T18:00:37.354+0000] {processor.py:914} INFO - Processing file /opt/airflow/dags/etl_process_to_parquet.py for tasks to queue
[2025-03-04T18:00:37.357+0000] {logging_mixin.py:190} INFO - [2025-03-04T18:00:37.356+0000] {dagbag.py:588} INFO - Filling up the DagBag from /opt/airflow/dags/etl_process_to_parquet.py
[2025-03-04T18:00:37.385+0000] {processor.py:925} INFO - DAG(s) 'etl_postgres_to_parquet' retrieved from /opt/airflow/dags/etl_process_to_parquet.py
[2025-03-04T18:00:37.411+0000] {logging_mixin.py:190} INFO - [2025-03-04T18:00:37.411+0000] {dag.py:3239} INFO - Sync 1 DAGs
[2025-03-04T18:00:37.444+0000] {logging_mixin.py:190} INFO - [2025-03-04T18:00:37.444+0000] {dag.py:4180} INFO - Setting next_dagrun for etl_postgres_to_parquet to 2025-03-04 00:00:00+00:00, run_after=2025-03-05 00:00:00+00:00
[2025-03-04T18:00:37.474+0000] {processor.py:208} INFO - Processing /opt/airflow/dags/etl_process_to_parquet.py took 0.128 seconds
[2025-03-04T18:01:07.698+0000] {processor.py:186} INFO - Started process (PID=1117) to work on /opt/airflow/dags/etl_process_to_parquet.py
[2025-03-04T18:01:07.699+0000] {processor.py:914} INFO - Processing file /opt/airflow/dags/etl_process_to_parquet.py for tasks to queue
[2025-03-04T18:01:07.702+0000] {logging_mixin.py:190} INFO - [2025-03-04T18:01:07.702+0000] {dagbag.py:588} INFO - Filling up the DagBag from /opt/airflow/dags/etl_process_to_parquet.py
[2025-03-04T18:01:07.728+0000] {processor.py:925} INFO - DAG(s) 'etl_postgres_to_parquet' retrieved from /opt/airflow/dags/etl_process_to_parquet.py
[2025-03-04T18:01:07.756+0000] {logging_mixin.py:190} INFO - [2025-03-04T18:01:07.756+0000] {dag.py:3239} INFO - Sync 1 DAGs
[2025-03-04T18:01:07.787+0000] {logging_mixin.py:190} INFO - [2025-03-04T18:01:07.787+0000] {dag.py:4180} INFO - Setting next_dagrun for etl_postgres_to_parquet to 2025-03-04 00:00:00+00:00, run_after=2025-03-05 00:00:00+00:00
[2025-03-04T18:01:07.814+0000] {processor.py:208} INFO - Processing /opt/airflow/dags/etl_process_to_parquet.py took 0.122 seconds
[2025-03-04T18:01:38.477+0000] {processor.py:186} INFO - Started process (PID=1429) to work on /opt/airflow/dags/etl_process_to_parquet.py
[2025-03-04T18:01:38.479+0000] {processor.py:914} INFO - Processing file /opt/airflow/dags/etl_process_to_parquet.py for tasks to queue
[2025-03-04T18:01:38.481+0000] {logging_mixin.py:190} INFO - [2025-03-04T18:01:38.481+0000] {dagbag.py:588} INFO - Filling up the DagBag from /opt/airflow/dags/etl_process_to_parquet.py
[2025-03-04T18:01:38.511+0000] {processor.py:925} INFO - DAG(s) 'etl_postgres_to_parquet' retrieved from /opt/airflow/dags/etl_process_to_parquet.py
[2025-03-04T18:01:38.540+0000] {logging_mixin.py:190} INFO - [2025-03-04T18:01:38.539+0000] {dag.py:3239} INFO - Sync 1 DAGs
[2025-03-04T18:01:38.571+0000] {logging_mixin.py:190} INFO - [2025-03-04T18:01:38.571+0000] {dag.py:4180} INFO - Setting next_dagrun for etl_postgres_to_parquet to 2025-03-04 00:00:00+00:00, run_after=2025-03-05 00:00:00+00:00
[2025-03-04T18:01:38.594+0000] {processor.py:208} INFO - Processing /opt/airflow/dags/etl_process_to_parquet.py took 0.130 seconds
[2025-03-04T18:02:09.078+0000] {processor.py:186} INFO - Started process (PID=1735) to work on /opt/airflow/dags/etl_process_to_parquet.py
[2025-03-04T18:02:09.080+0000] {processor.py:914} INFO - Processing file /opt/airflow/dags/etl_process_to_parquet.py for tasks to queue
[2025-03-04T18:02:09.083+0000] {logging_mixin.py:190} INFO - [2025-03-04T18:02:09.082+0000] {dagbag.py:588} INFO - Filling up the DagBag from /opt/airflow/dags/etl_process_to_parquet.py
[2025-03-04T18:02:09.130+0000] {processor.py:925} INFO - DAG(s) 'etl_postgres_to_parquet' retrieved from /opt/airflow/dags/etl_process_to_parquet.py
[2025-03-04T18:02:09.170+0000] {logging_mixin.py:190} INFO - [2025-03-04T18:02:09.169+0000] {dag.py:3239} INFO - Sync 1 DAGs
[2025-03-04T18:02:09.208+0000] {logging_mixin.py:190} INFO - [2025-03-04T18:02:09.207+0000] {dag.py:4180} INFO - Setting next_dagrun for etl_postgres_to_parquet to 2025-03-04 00:00:00+00:00, run_after=2025-03-05 00:00:00+00:00
[2025-03-04T18:02:09.235+0000] {processor.py:208} INFO - Processing /opt/airflow/dags/etl_process_to_parquet.py took 0.169 seconds
[2025-03-04T18:02:39.538+0000] {processor.py:186} INFO - Started process (PID=2041) to work on /opt/airflow/dags/etl_process_to_parquet.py
[2025-03-04T18:02:39.539+0000] {processor.py:914} INFO - Processing file /opt/airflow/dags/etl_process_to_parquet.py for tasks to queue
[2025-03-04T18:02:39.542+0000] {logging_mixin.py:190} INFO - [2025-03-04T18:02:39.542+0000] {dagbag.py:588} INFO - Filling up the DagBag from /opt/airflow/dags/etl_process_to_parquet.py
[2025-03-04T18:02:39.567+0000] {processor.py:925} INFO - DAG(s) 'etl_postgres_to_parquet' retrieved from /opt/airflow/dags/etl_process_to_parquet.py
[2025-03-04T18:02:39.591+0000] {logging_mixin.py:190} INFO - [2025-03-04T18:02:39.590+0000] {dag.py:3239} INFO - Sync 1 DAGs
[2025-03-04T18:02:39.624+0000] {logging_mixin.py:190} INFO - [2025-03-04T18:02:39.624+0000] {dag.py:4180} INFO - Setting next_dagrun for etl_postgres_to_parquet to 2025-03-04 00:00:00+00:00, run_after=2025-03-05 00:00:00+00:00
[2025-03-04T18:02:39.652+0000] {processor.py:208} INFO - Processing /opt/airflow/dags/etl_process_to_parquet.py took 0.121 seconds
[2025-03-04T18:03:09.760+0000] {processor.py:186} INFO - Started process (PID=2356) to work on /opt/airflow/dags/etl_process_to_parquet.py
[2025-03-04T18:03:09.761+0000] {processor.py:914} INFO - Processing file /opt/airflow/dags/etl_process_to_parquet.py for tasks to queue
[2025-03-04T18:03:09.764+0000] {logging_mixin.py:190} INFO - [2025-03-04T18:03:09.763+0000] {dagbag.py:588} INFO - Filling up the DagBag from /opt/airflow/dags/etl_process_to_parquet.py
[2025-03-04T18:03:09.787+0000] {processor.py:925} INFO - DAG(s) 'etl_postgres_to_parquet' retrieved from /opt/airflow/dags/etl_process_to_parquet.py
[2025-03-04T18:03:09.810+0000] {logging_mixin.py:190} INFO - [2025-03-04T18:03:09.810+0000] {dag.py:3239} INFO - Sync 1 DAGs
[2025-03-04T18:03:09.840+0000] {logging_mixin.py:190} INFO - [2025-03-04T18:03:09.840+0000] {dag.py:4180} INFO - Setting next_dagrun for etl_postgres_to_parquet to 2025-03-04 00:00:00+00:00, run_after=2025-03-05 00:00:00+00:00
[2025-03-04T18:03:09.866+0000] {processor.py:208} INFO - Processing /opt/airflow/dags/etl_process_to_parquet.py took 0.113 seconds
[2025-03-04T18:03:40.105+0000] {processor.py:186} INFO - Started process (PID=2662) to work on /opt/airflow/dags/etl_process_to_parquet.py
[2025-03-04T18:03:40.107+0000] {processor.py:914} INFO - Processing file /opt/airflow/dags/etl_process_to_parquet.py for tasks to queue
[2025-03-04T18:03:40.110+0000] {logging_mixin.py:190} INFO - [2025-03-04T18:03:40.110+0000] {dagbag.py:588} INFO - Filling up the DagBag from /opt/airflow/dags/etl_process_to_parquet.py
[2025-03-04T18:03:40.132+0000] {processor.py:925} INFO - DAG(s) 'etl_postgres_to_parquet' retrieved from /opt/airflow/dags/etl_process_to_parquet.py
[2025-03-04T18:03:40.160+0000] {logging_mixin.py:190} INFO - [2025-03-04T18:03:40.160+0000] {dag.py:3239} INFO - Sync 1 DAGs
[2025-03-04T18:03:40.188+0000] {logging_mixin.py:190} INFO - [2025-03-04T18:03:40.188+0000] {dag.py:4180} INFO - Setting next_dagrun for etl_postgres_to_parquet to 2025-03-04 00:00:00+00:00, run_after=2025-03-05 00:00:00+00:00
[2025-03-04T18:03:40.212+0000] {processor.py:208} INFO - Processing /opt/airflow/dags/etl_process_to_parquet.py took 0.113 seconds
[2025-03-04T18:04:11.320+0000] {processor.py:186} INFO - Started process (PID=2970) to work on /opt/airflow/dags/etl_process_to_parquet.py
[2025-03-04T18:04:11.321+0000] {processor.py:914} INFO - Processing file /opt/airflow/dags/etl_process_to_parquet.py for tasks to queue
[2025-03-04T18:04:11.324+0000] {logging_mixin.py:190} INFO - [2025-03-04T18:04:11.324+0000] {dagbag.py:588} INFO - Filling up the DagBag from /opt/airflow/dags/etl_process_to_parquet.py
[2025-03-04T18:04:11.358+0000] {processor.py:925} INFO - DAG(s) 'etl_postgres_to_parquet' retrieved from /opt/airflow/dags/etl_process_to_parquet.py
[2025-03-04T18:04:11.395+0000] {logging_mixin.py:190} INFO - [2025-03-04T18:04:11.395+0000] {dag.py:3239} INFO - Sync 1 DAGs
[2025-03-04T18:04:11.429+0000] {logging_mixin.py:190} INFO - [2025-03-04T18:04:11.428+0000] {dag.py:4180} INFO - Setting next_dagrun for etl_postgres_to_parquet to 2025-03-04 00:00:00+00:00, run_after=2025-03-05 00:00:00+00:00
[2025-03-04T18:04:11.458+0000] {processor.py:208} INFO - Processing /opt/airflow/dags/etl_process_to_parquet.py took 0.145 seconds
[2025-03-04T18:04:41.922+0000] {processor.py:186} INFO - Started process (PID=3276) to work on /opt/airflow/dags/etl_process_to_parquet.py
[2025-03-04T18:04:41.923+0000] {processor.py:914} INFO - Processing file /opt/airflow/dags/etl_process_to_parquet.py for tasks to queue
[2025-03-04T18:04:41.926+0000] {logging_mixin.py:190} INFO - [2025-03-04T18:04:41.926+0000] {dagbag.py:588} INFO - Filling up the DagBag from /opt/airflow/dags/etl_process_to_parquet.py
[2025-03-04T18:04:41.950+0000] {processor.py:925} INFO - DAG(s) 'etl_postgres_to_parquet' retrieved from /opt/airflow/dags/etl_process_to_parquet.py
[2025-03-04T18:04:41.979+0000] {logging_mixin.py:190} INFO - [2025-03-04T18:04:41.978+0000] {dag.py:3239} INFO - Sync 1 DAGs
[2025-03-04T18:04:42.009+0000] {logging_mixin.py:190} INFO - [2025-03-04T18:04:42.009+0000] {dag.py:4180} INFO - Setting next_dagrun for etl_postgres_to_parquet to 2025-03-04 00:00:00+00:00, run_after=2025-03-05 00:00:00+00:00
[2025-03-04T18:04:42.039+0000] {processor.py:208} INFO - Processing /opt/airflow/dags/etl_process_to_parquet.py took 0.124 seconds
[2025-03-04T18:05:12.707+0000] {processor.py:186} INFO - Started process (PID=3582) to work on /opt/airflow/dags/etl_process_to_parquet.py
[2025-03-04T18:05:12.709+0000] {processor.py:914} INFO - Processing file /opt/airflow/dags/etl_process_to_parquet.py for tasks to queue
[2025-03-04T18:05:12.711+0000] {logging_mixin.py:190} INFO - [2025-03-04T18:05:12.711+0000] {dagbag.py:588} INFO - Filling up the DagBag from /opt/airflow/dags/etl_process_to_parquet.py
[2025-03-04T18:05:12.737+0000] {processor.py:925} INFO - DAG(s) 'etl_postgres_to_parquet' retrieved from /opt/airflow/dags/etl_process_to_parquet.py
[2025-03-04T18:05:12.765+0000] {logging_mixin.py:190} INFO - [2025-03-04T18:05:12.764+0000] {dag.py:3239} INFO - Sync 1 DAGs
[2025-03-04T18:05:12.798+0000] {logging_mixin.py:190} INFO - [2025-03-04T18:05:12.797+0000] {dag.py:4180} INFO - Setting next_dagrun for etl_postgres_to_parquet to 2025-03-04 00:00:00+00:00, run_after=2025-03-05 00:00:00+00:00
[2025-03-04T18:05:12.826+0000] {processor.py:208} INFO - Processing /opt/airflow/dags/etl_process_to_parquet.py took 0.125 seconds
