[2025-03-04T17:28:41.135+0000] {processor.py:186} INFO - Started process (PID=196) to work on /opt/airflow/dags/ha_etl_process.py
[2025-03-04T17:28:41.136+0000] {processor.py:914} INFO - Processing file /opt/airflow/dags/ha_etl_process.py for tasks to queue
[2025-03-04T17:28:41.140+0000] {logging_mixin.py:190} INFO - [2025-03-04T17:28:41.139+0000] {dagbag.py:588} INFO - Filling up the DagBag from /opt/airflow/dags/ha_etl_process.py
[2025-03-04T17:28:41.185+0000] {processor.py:925} INFO - DAG(s) 'ha_etl_process' retrieved from /opt/airflow/dags/ha_etl_process.py
[2025-03-04T17:28:41.289+0000] {logging_mixin.py:190} INFO - [2025-03-04T17:28:41.289+0000] {dag.py:3239} INFO - Sync 1 DAGs
[2025-03-04T17:28:41.368+0000] {logging_mixin.py:190} INFO - [2025-03-04T17:28:41.367+0000] {dag.py:4180} INFO - Setting next_dagrun for ha_etl_process to 2025-03-04 00:00:00+00:00, run_after=2025-03-05 00:00:00+00:00
[2025-03-04T17:28:41.453+0000] {processor.py:208} INFO - Processing /opt/airflow/dags/ha_etl_process.py took 0.330 seconds
[2025-03-04T17:29:11.637+0000] {processor.py:186} INFO - Started process (PID=587) to work on /opt/airflow/dags/ha_etl_process.py
[2025-03-04T17:29:11.638+0000] {processor.py:914} INFO - Processing file /opt/airflow/dags/ha_etl_process.py for tasks to queue
[2025-03-04T17:29:11.642+0000] {logging_mixin.py:190} INFO - [2025-03-04T17:29:11.641+0000] {dagbag.py:588} INFO - Filling up the DagBag from /opt/airflow/dags/ha_etl_process.py
[2025-03-04T17:29:11.689+0000] {processor.py:925} INFO - DAG(s) 'ha_etl_process' retrieved from /opt/airflow/dags/ha_etl_process.py
[2025-03-04T17:29:11.720+0000] {logging_mixin.py:190} INFO - [2025-03-04T17:29:11.719+0000] {dag.py:3239} INFO - Sync 1 DAGs
[2025-03-04T17:29:11.753+0000] {logging_mixin.py:190} INFO - [2025-03-04T17:29:11.753+0000] {dag.py:4180} INFO - Setting next_dagrun for ha_etl_process to 2025-03-04 00:00:00+00:00, run_after=2025-03-05 00:00:00+00:00
[2025-03-04T17:29:11.778+0000] {processor.py:208} INFO - Processing /opt/airflow/dags/ha_etl_process.py took 0.149 seconds
[2025-03-04T17:29:42.568+0000] {processor.py:186} INFO - Started process (PID=893) to work on /opt/airflow/dags/ha_etl_process.py
[2025-03-04T17:29:42.570+0000] {processor.py:914} INFO - Processing file /opt/airflow/dags/ha_etl_process.py for tasks to queue
[2025-03-04T17:29:42.573+0000] {logging_mixin.py:190} INFO - [2025-03-04T17:29:42.572+0000] {dagbag.py:588} INFO - Filling up the DagBag from /opt/airflow/dags/ha_etl_process.py
[2025-03-04T17:29:42.615+0000] {processor.py:925} INFO - DAG(s) 'ha_etl_process' retrieved from /opt/airflow/dags/ha_etl_process.py
[2025-03-04T17:29:42.644+0000] {logging_mixin.py:190} INFO - [2025-03-04T17:29:42.644+0000] {dag.py:3239} INFO - Sync 1 DAGs
[2025-03-04T17:29:42.677+0000] {logging_mixin.py:190} INFO - [2025-03-04T17:29:42.677+0000] {dag.py:4180} INFO - Setting next_dagrun for ha_etl_process to 2025-03-04 00:00:00+00:00, run_after=2025-03-05 00:00:00+00:00
[2025-03-04T17:29:42.703+0000] {processor.py:208} INFO - Processing /opt/airflow/dags/ha_etl_process.py took 0.142 seconds
[2025-03-04T17:30:13.608+0000] {processor.py:186} INFO - Started process (PID=1199) to work on /opt/airflow/dags/ha_etl_process.py
[2025-03-04T17:30:13.609+0000] {processor.py:914} INFO - Processing file /opt/airflow/dags/ha_etl_process.py for tasks to queue
[2025-03-04T17:30:13.612+0000] {logging_mixin.py:190} INFO - [2025-03-04T17:30:13.611+0000] {dagbag.py:588} INFO - Filling up the DagBag from /opt/airflow/dags/ha_etl_process.py
[2025-03-04T17:30:13.646+0000] {processor.py:925} INFO - DAG(s) 'ha_etl_process' retrieved from /opt/airflow/dags/ha_etl_process.py
[2025-03-04T17:30:13.665+0000] {logging_mixin.py:190} INFO - [2025-03-04T17:30:13.665+0000] {dag.py:3239} INFO - Sync 1 DAGs
[2025-03-04T17:30:13.691+0000] {logging_mixin.py:190} INFO - [2025-03-04T17:30:13.691+0000] {dag.py:4180} INFO - Setting next_dagrun for ha_etl_process to 2025-03-04 00:00:00+00:00, run_after=2025-03-05 00:00:00+00:00
[2025-03-04T17:30:13.715+0000] {processor.py:208} INFO - Processing /opt/airflow/dags/ha_etl_process.py took 0.114 seconds
[2025-03-04T17:30:44.368+0000] {processor.py:186} INFO - Started process (PID=1505) to work on /opt/airflow/dags/ha_etl_process.py
[2025-03-04T17:30:44.370+0000] {processor.py:914} INFO - Processing file /opt/airflow/dags/ha_etl_process.py for tasks to queue
[2025-03-04T17:30:44.372+0000] {logging_mixin.py:190} INFO - [2025-03-04T17:30:44.372+0000] {dagbag.py:588} INFO - Filling up the DagBag from /opt/airflow/dags/ha_etl_process.py
[2025-03-04T17:30:44.407+0000] {processor.py:925} INFO - DAG(s) 'ha_etl_process' retrieved from /opt/airflow/dags/ha_etl_process.py
[2025-03-04T17:30:44.428+0000] {logging_mixin.py:190} INFO - [2025-03-04T17:30:44.428+0000] {dag.py:3239} INFO - Sync 1 DAGs
[2025-03-04T17:30:44.457+0000] {logging_mixin.py:190} INFO - [2025-03-04T17:30:44.457+0000] {dag.py:4180} INFO - Setting next_dagrun for ha_etl_process to 2025-03-04 00:00:00+00:00, run_after=2025-03-05 00:00:00+00:00
[2025-03-04T17:30:44.482+0000] {processor.py:208} INFO - Processing /opt/airflow/dags/ha_etl_process.py took 0.125 seconds
[2025-03-04T17:31:14.685+0000] {processor.py:186} INFO - Started process (PID=1811) to work on /opt/airflow/dags/ha_etl_process.py
[2025-03-04T17:31:14.686+0000] {processor.py:914} INFO - Processing file /opt/airflow/dags/ha_etl_process.py for tasks to queue
[2025-03-04T17:31:14.691+0000] {logging_mixin.py:190} INFO - [2025-03-04T17:31:14.690+0000] {dagbag.py:588} INFO - Filling up the DagBag from /opt/airflow/dags/ha_etl_process.py
[2025-03-04T17:31:14.739+0000] {processor.py:925} INFO - DAG(s) 'ha_etl_process' retrieved from /opt/airflow/dags/ha_etl_process.py
[2025-03-04T17:31:14.762+0000] {logging_mixin.py:190} INFO - [2025-03-04T17:31:14.762+0000] {dag.py:3239} INFO - Sync 1 DAGs
[2025-03-04T17:31:14.792+0000] {logging_mixin.py:190} INFO - [2025-03-04T17:31:14.792+0000] {dag.py:4180} INFO - Setting next_dagrun for ha_etl_process to 2025-03-04 00:00:00+00:00, run_after=2025-03-05 00:00:00+00:00
[2025-03-04T17:31:14.828+0000] {processor.py:208} INFO - Processing /opt/airflow/dags/ha_etl_process.py took 0.158 seconds
[2025-03-04T17:31:45.287+0000] {processor.py:186} INFO - Started process (PID=2117) to work on /opt/airflow/dags/ha_etl_process.py
[2025-03-04T17:31:45.289+0000] {processor.py:914} INFO - Processing file /opt/airflow/dags/ha_etl_process.py for tasks to queue
[2025-03-04T17:31:45.295+0000] {logging_mixin.py:190} INFO - [2025-03-04T17:31:45.294+0000] {dagbag.py:588} INFO - Filling up the DagBag from /opt/airflow/dags/ha_etl_process.py
[2025-03-04T17:31:45.342+0000] {processor.py:925} INFO - DAG(s) 'ha_etl_process' retrieved from /opt/airflow/dags/ha_etl_process.py
[2025-03-04T17:31:45.368+0000] {logging_mixin.py:190} INFO - [2025-03-04T17:31:45.367+0000] {dag.py:3239} INFO - Sync 1 DAGs
[2025-03-04T17:31:45.399+0000] {logging_mixin.py:190} INFO - [2025-03-04T17:31:45.399+0000] {dag.py:4180} INFO - Setting next_dagrun for ha_etl_process to 2025-03-04 00:00:00+00:00, run_after=2025-03-05 00:00:00+00:00
[2025-03-04T17:31:45.424+0000] {processor.py:208} INFO - Processing /opt/airflow/dags/ha_etl_process.py took 0.148 seconds
[2025-03-04T17:32:15.553+0000] {processor.py:186} INFO - Started process (PID=2423) to work on /opt/airflow/dags/ha_etl_process.py
[2025-03-04T17:32:15.554+0000] {processor.py:914} INFO - Processing file /opt/airflow/dags/ha_etl_process.py for tasks to queue
[2025-03-04T17:32:15.558+0000] {logging_mixin.py:190} INFO - [2025-03-04T17:32:15.557+0000] {dagbag.py:588} INFO - Filling up the DagBag from /opt/airflow/dags/ha_etl_process.py
[2025-03-04T17:32:15.607+0000] {processor.py:925} INFO - DAG(s) 'ha_etl_process' retrieved from /opt/airflow/dags/ha_etl_process.py
[2025-03-04T17:32:15.634+0000] {logging_mixin.py:190} INFO - [2025-03-04T17:32:15.634+0000] {dag.py:3239} INFO - Sync 1 DAGs
[2025-03-04T17:32:15.669+0000] {logging_mixin.py:190} INFO - [2025-03-04T17:32:15.669+0000] {dag.py:4180} INFO - Setting next_dagrun for ha_etl_process to 2025-03-04 00:00:00+00:00, run_after=2025-03-05 00:00:00+00:00
[2025-03-04T17:32:15.694+0000] {processor.py:208} INFO - Processing /opt/airflow/dags/ha_etl_process.py took 0.150 seconds
[2025-03-04T17:32:46.240+0000] {processor.py:186} INFO - Started process (PID=2729) to work on /opt/airflow/dags/ha_etl_process.py
[2025-03-04T17:32:46.241+0000] {processor.py:914} INFO - Processing file /opt/airflow/dags/ha_etl_process.py for tasks to queue
[2025-03-04T17:32:46.245+0000] {logging_mixin.py:190} INFO - [2025-03-04T17:32:46.244+0000] {dagbag.py:588} INFO - Filling up the DagBag from /opt/airflow/dags/ha_etl_process.py
[2025-03-04T17:32:46.287+0000] {processor.py:925} INFO - DAG(s) 'ha_etl_process' retrieved from /opt/airflow/dags/ha_etl_process.py
[2025-03-04T17:32:46.311+0000] {logging_mixin.py:190} INFO - [2025-03-04T17:32:46.311+0000] {dag.py:3239} INFO - Sync 1 DAGs
[2025-03-04T17:32:46.342+0000] {logging_mixin.py:190} INFO - [2025-03-04T17:32:46.341+0000] {dag.py:4180} INFO - Setting next_dagrun for ha_etl_process to 2025-03-04 00:00:00+00:00, run_after=2025-03-05 00:00:00+00:00
[2025-03-04T17:32:46.375+0000] {processor.py:208} INFO - Processing /opt/airflow/dags/ha_etl_process.py took 0.144 seconds
[2025-03-04T17:33:16.551+0000] {processor.py:186} INFO - Started process (PID=3035) to work on /opt/airflow/dags/ha_etl_process.py
[2025-03-04T17:33:16.553+0000] {processor.py:914} INFO - Processing file /opt/airflow/dags/ha_etl_process.py for tasks to queue
[2025-03-04T17:33:16.555+0000] {logging_mixin.py:190} INFO - [2025-03-04T17:33:16.555+0000] {dagbag.py:588} INFO - Filling up the DagBag from /opt/airflow/dags/ha_etl_process.py
[2025-03-04T17:33:16.597+0000] {processor.py:925} INFO - DAG(s) 'ha_etl_process' retrieved from /opt/airflow/dags/ha_etl_process.py
[2025-03-04T17:33:16.623+0000] {logging_mixin.py:190} INFO - [2025-03-04T17:33:16.623+0000] {dag.py:3239} INFO - Sync 1 DAGs
[2025-03-04T17:33:16.657+0000] {logging_mixin.py:190} INFO - [2025-03-04T17:33:16.657+0000] {dag.py:4180} INFO - Setting next_dagrun for ha_etl_process to 2025-03-04 00:00:00+00:00, run_after=2025-03-05 00:00:00+00:00
[2025-03-04T17:33:16.698+0000] {processor.py:208} INFO - Processing /opt/airflow/dags/ha_etl_process.py took 0.156 seconds
[2025-03-04T17:33:46.803+0000] {processor.py:186} INFO - Started process (PID=3341) to work on /opt/airflow/dags/ha_etl_process.py
[2025-03-04T17:33:46.805+0000] {processor.py:914} INFO - Processing file /opt/airflow/dags/ha_etl_process.py for tasks to queue
[2025-03-04T17:33:46.807+0000] {logging_mixin.py:190} INFO - [2025-03-04T17:33:46.807+0000] {dagbag.py:588} INFO - Filling up the DagBag from /opt/airflow/dags/ha_etl_process.py
[2025-03-04T17:33:46.852+0000] {processor.py:925} INFO - DAG(s) 'ha_etl_process' retrieved from /opt/airflow/dags/ha_etl_process.py
[2025-03-04T17:33:46.879+0000] {logging_mixin.py:190} INFO - [2025-03-04T17:33:46.879+0000] {dag.py:3239} INFO - Sync 1 DAGs
[2025-03-04T17:33:46.908+0000] {logging_mixin.py:190} INFO - [2025-03-04T17:33:46.908+0000] {dag.py:4180} INFO - Setting next_dagrun for ha_etl_process to 2025-03-04 00:00:00+00:00, run_after=2025-03-05 00:00:00+00:00
[2025-03-04T17:33:46.935+0000] {processor.py:208} INFO - Processing /opt/airflow/dags/ha_etl_process.py took 0.148 seconds
[2025-03-04T17:34:17.170+0000] {processor.py:186} INFO - Started process (PID=3647) to work on /opt/airflow/dags/ha_etl_process.py
[2025-03-04T17:34:17.171+0000] {processor.py:914} INFO - Processing file /opt/airflow/dags/ha_etl_process.py for tasks to queue
[2025-03-04T17:34:17.174+0000] {logging_mixin.py:190} INFO - [2025-03-04T17:34:17.173+0000] {dagbag.py:588} INFO - Filling up the DagBag from /opt/airflow/dags/ha_etl_process.py
[2025-03-04T17:34:17.213+0000] {processor.py:925} INFO - DAG(s) 'ha_etl_process' retrieved from /opt/airflow/dags/ha_etl_process.py
[2025-03-04T17:34:17.239+0000] {logging_mixin.py:190} INFO - [2025-03-04T17:34:17.239+0000] {dag.py:3239} INFO - Sync 1 DAGs
[2025-03-04T17:34:17.273+0000] {logging_mixin.py:190} INFO - [2025-03-04T17:34:17.273+0000] {dag.py:4180} INFO - Setting next_dagrun for ha_etl_process to 2025-03-04 00:00:00+00:00, run_after=2025-03-05 00:00:00+00:00
[2025-03-04T17:34:17.300+0000] {processor.py:208} INFO - Processing /opt/airflow/dags/ha_etl_process.py took 0.139 seconds
[2025-03-04T17:34:47.658+0000] {processor.py:186} INFO - Started process (PID=3953) to work on /opt/airflow/dags/ha_etl_process.py
[2025-03-04T17:34:47.659+0000] {processor.py:914} INFO - Processing file /opt/airflow/dags/ha_etl_process.py for tasks to queue
[2025-03-04T17:34:47.664+0000] {logging_mixin.py:190} INFO - [2025-03-04T17:34:47.663+0000] {dagbag.py:588} INFO - Filling up the DagBag from /opt/airflow/dags/ha_etl_process.py
[2025-03-04T17:34:47.708+0000] {processor.py:925} INFO - DAG(s) 'ha_etl_process' retrieved from /opt/airflow/dags/ha_etl_process.py
[2025-03-04T17:34:47.730+0000] {logging_mixin.py:190} INFO - [2025-03-04T17:34:47.730+0000] {dag.py:3239} INFO - Sync 1 DAGs
[2025-03-04T17:34:47.758+0000] {logging_mixin.py:190} INFO - [2025-03-04T17:34:47.758+0000] {dag.py:4180} INFO - Setting next_dagrun for ha_etl_process to 2025-03-04 00:00:00+00:00, run_after=2025-03-05 00:00:00+00:00
[2025-03-04T17:34:47.789+0000] {processor.py:208} INFO - Processing /opt/airflow/dags/ha_etl_process.py took 0.139 seconds
[2025-03-04T17:35:17.933+0000] {processor.py:186} INFO - Started process (PID=4259) to work on /opt/airflow/dags/ha_etl_process.py
[2025-03-04T17:35:17.934+0000] {processor.py:914} INFO - Processing file /opt/airflow/dags/ha_etl_process.py for tasks to queue
[2025-03-04T17:35:17.937+0000] {logging_mixin.py:190} INFO - [2025-03-04T17:35:17.937+0000] {dagbag.py:588} INFO - Filling up the DagBag from /opt/airflow/dags/ha_etl_process.py
[2025-03-04T17:35:17.967+0000] {processor.py:925} INFO - DAG(s) 'ha_etl_process' retrieved from /opt/airflow/dags/ha_etl_process.py
[2025-03-04T17:35:17.987+0000] {logging_mixin.py:190} INFO - [2025-03-04T17:35:17.987+0000] {dag.py:3239} INFO - Sync 1 DAGs
[2025-03-04T17:35:18.014+0000] {logging_mixin.py:190} INFO - [2025-03-04T17:35:18.014+0000] {dag.py:4180} INFO - Setting next_dagrun for ha_etl_process to 2025-03-04 00:00:00+00:00, run_after=2025-03-05 00:00:00+00:00
[2025-03-04T17:35:18.034+0000] {processor.py:208} INFO - Processing /opt/airflow/dags/ha_etl_process.py took 0.107 seconds
[2025-03-04T17:35:48.186+0000] {processor.py:186} INFO - Started process (PID=4565) to work on /opt/airflow/dags/ha_etl_process.py
[2025-03-04T17:35:48.187+0000] {processor.py:914} INFO - Processing file /opt/airflow/dags/ha_etl_process.py for tasks to queue
[2025-03-04T17:35:48.190+0000] {logging_mixin.py:190} INFO - [2025-03-04T17:35:48.189+0000] {dagbag.py:588} INFO - Filling up the DagBag from /opt/airflow/dags/ha_etl_process.py
[2025-03-04T17:35:48.224+0000] {processor.py:925} INFO - DAG(s) 'ha_etl_process' retrieved from /opt/airflow/dags/ha_etl_process.py
[2025-03-04T17:35:48.245+0000] {logging_mixin.py:190} INFO - [2025-03-04T17:35:48.245+0000] {dag.py:3239} INFO - Sync 1 DAGs
[2025-03-04T17:35:48.275+0000] {logging_mixin.py:190} INFO - [2025-03-04T17:35:48.275+0000] {dag.py:4180} INFO - Setting next_dagrun for ha_etl_process to 2025-03-04 00:00:00+00:00, run_after=2025-03-05 00:00:00+00:00
[2025-03-04T17:35:48.314+0000] {processor.py:208} INFO - Processing /opt/airflow/dags/ha_etl_process.py took 0.137 seconds
[2025-03-04T17:36:18.527+0000] {processor.py:186} INFO - Started process (PID=4871) to work on /opt/airflow/dags/ha_etl_process.py
[2025-03-04T17:36:18.529+0000] {processor.py:914} INFO - Processing file /opt/airflow/dags/ha_etl_process.py for tasks to queue
[2025-03-04T17:36:18.532+0000] {logging_mixin.py:190} INFO - [2025-03-04T17:36:18.532+0000] {dagbag.py:588} INFO - Filling up the DagBag from /opt/airflow/dags/ha_etl_process.py
[2025-03-04T17:36:18.587+0000] {processor.py:925} INFO - DAG(s) 'ha_etl_process' retrieved from /opt/airflow/dags/ha_etl_process.py
[2025-03-04T17:36:18.611+0000] {logging_mixin.py:190} INFO - [2025-03-04T17:36:18.610+0000] {dag.py:3239} INFO - Sync 1 DAGs
[2025-03-04T17:36:18.643+0000] {logging_mixin.py:190} INFO - [2025-03-04T17:36:18.642+0000] {dag.py:4180} INFO - Setting next_dagrun for ha_etl_process to 2025-03-04 00:00:00+00:00, run_after=2025-03-05 00:00:00+00:00
[2025-03-04T17:36:18.762+0000] {processor.py:208} INFO - Processing /opt/airflow/dags/ha_etl_process.py took 0.244 seconds
[2025-03-04T17:36:49.264+0000] {processor.py:186} INFO - Started process (PID=5177) to work on /opt/airflow/dags/ha_etl_process.py
[2025-03-04T17:36:49.265+0000] {processor.py:914} INFO - Processing file /opt/airflow/dags/ha_etl_process.py for tasks to queue
[2025-03-04T17:36:49.268+0000] {logging_mixin.py:190} INFO - [2025-03-04T17:36:49.267+0000] {dagbag.py:588} INFO - Filling up the DagBag from /opt/airflow/dags/ha_etl_process.py
[2025-03-04T17:36:49.317+0000] {processor.py:925} INFO - DAG(s) 'ha_etl_process' retrieved from /opt/airflow/dags/ha_etl_process.py
[2025-03-04T17:36:49.347+0000] {logging_mixin.py:190} INFO - [2025-03-04T17:36:49.347+0000] {dag.py:3239} INFO - Sync 1 DAGs
[2025-03-04T17:36:49.381+0000] {logging_mixin.py:190} INFO - [2025-03-04T17:36:49.380+0000] {dag.py:4180} INFO - Setting next_dagrun for ha_etl_process to 2025-03-04 00:00:00+00:00, run_after=2025-03-05 00:00:00+00:00
[2025-03-04T17:36:49.420+0000] {processor.py:208} INFO - Processing /opt/airflow/dags/ha_etl_process.py took 0.164 seconds
[2025-03-04T17:37:20.418+0000] {processor.py:186} INFO - Started process (PID=5483) to work on /opt/airflow/dags/ha_etl_process.py
[2025-03-04T17:37:20.419+0000] {processor.py:914} INFO - Processing file /opt/airflow/dags/ha_etl_process.py for tasks to queue
[2025-03-04T17:37:20.422+0000] {logging_mixin.py:190} INFO - [2025-03-04T17:37:20.422+0000] {dagbag.py:588} INFO - Filling up the DagBag from /opt/airflow/dags/ha_etl_process.py
[2025-03-04T17:37:20.469+0000] {processor.py:925} INFO - DAG(s) 'ha_etl_process' retrieved from /opt/airflow/dags/ha_etl_process.py
[2025-03-04T17:37:20.494+0000] {logging_mixin.py:190} INFO - [2025-03-04T17:37:20.494+0000] {dag.py:3239} INFO - Sync 1 DAGs
[2025-03-04T17:37:20.525+0000] {logging_mixin.py:190} INFO - [2025-03-04T17:37:20.525+0000] {dag.py:4180} INFO - Setting next_dagrun for ha_etl_process to 2025-03-04 00:00:00+00:00, run_after=2025-03-05 00:00:00+00:00
[2025-03-04T17:37:20.563+0000] {processor.py:208} INFO - Processing /opt/airflow/dags/ha_etl_process.py took 0.153 seconds
[2025-03-04T17:37:51.386+0000] {processor.py:186} INFO - Started process (PID=5789) to work on /opt/airflow/dags/ha_etl_process.py
[2025-03-04T17:37:51.388+0000] {processor.py:914} INFO - Processing file /opt/airflow/dags/ha_etl_process.py for tasks to queue
[2025-03-04T17:37:51.391+0000] {logging_mixin.py:190} INFO - [2025-03-04T17:37:51.391+0000] {dagbag.py:588} INFO - Filling up the DagBag from /opt/airflow/dags/ha_etl_process.py
[2025-03-04T17:37:51.435+0000] {processor.py:925} INFO - DAG(s) 'ha_etl_process' retrieved from /opt/airflow/dags/ha_etl_process.py
[2025-03-04T17:37:51.465+0000] {logging_mixin.py:190} INFO - [2025-03-04T17:37:51.464+0000] {dag.py:3239} INFO - Sync 1 DAGs
[2025-03-04T17:37:51.495+0000] {logging_mixin.py:190} INFO - [2025-03-04T17:37:51.495+0000] {dag.py:4180} INFO - Setting next_dagrun for ha_etl_process to 2025-03-04 00:00:00+00:00, run_after=2025-03-05 00:00:00+00:00
[2025-03-04T17:37:51.524+0000] {processor.py:208} INFO - Processing /opt/airflow/dags/ha_etl_process.py took 0.147 seconds
[2025-03-04T17:38:21.798+0000] {processor.py:186} INFO - Started process (PID=6095) to work on /opt/airflow/dags/ha_etl_process.py
[2025-03-04T17:38:21.799+0000] {processor.py:914} INFO - Processing file /opt/airflow/dags/ha_etl_process.py for tasks to queue
[2025-03-04T17:38:21.804+0000] {logging_mixin.py:190} INFO - [2025-03-04T17:38:21.804+0000] {dagbag.py:588} INFO - Filling up the DagBag from /opt/airflow/dags/ha_etl_process.py
[2025-03-04T17:38:21.851+0000] {processor.py:925} INFO - DAG(s) 'ha_etl_process' retrieved from /opt/airflow/dags/ha_etl_process.py
[2025-03-04T17:38:21.879+0000] {logging_mixin.py:190} INFO - [2025-03-04T17:38:21.879+0000] {dag.py:3239} INFO - Sync 1 DAGs
[2025-03-04T17:38:21.926+0000] {logging_mixin.py:190} INFO - [2025-03-04T17:38:21.925+0000] {dag.py:4180} INFO - Setting next_dagrun for ha_etl_process to 2025-03-04 00:00:00+00:00, run_after=2025-03-05 00:00:00+00:00
[2025-03-04T17:38:21.948+0000] {processor.py:208} INFO - Processing /opt/airflow/dags/ha_etl_process.py took 0.157 seconds
[2025-03-04T17:38:52.313+0000] {processor.py:186} INFO - Started process (PID=6401) to work on /opt/airflow/dags/ha_etl_process.py
[2025-03-04T17:38:52.314+0000] {processor.py:914} INFO - Processing file /opt/airflow/dags/ha_etl_process.py for tasks to queue
[2025-03-04T17:38:52.318+0000] {logging_mixin.py:190} INFO - [2025-03-04T17:38:52.318+0000] {dagbag.py:588} INFO - Filling up the DagBag from /opt/airflow/dags/ha_etl_process.py
[2025-03-04T17:38:52.370+0000] {processor.py:925} INFO - DAG(s) 'ha_etl_process' retrieved from /opt/airflow/dags/ha_etl_process.py
[2025-03-04T17:38:52.398+0000] {logging_mixin.py:190} INFO - [2025-03-04T17:38:52.398+0000] {dag.py:3239} INFO - Sync 1 DAGs
[2025-03-04T17:38:52.429+0000] {logging_mixin.py:190} INFO - [2025-03-04T17:38:52.429+0000] {dag.py:4180} INFO - Setting next_dagrun for ha_etl_process to 2025-03-04 00:00:00+00:00, run_after=2025-03-05 00:00:00+00:00
[2025-03-04T17:38:52.460+0000] {processor.py:208} INFO - Processing /opt/airflow/dags/ha_etl_process.py took 0.157 seconds
[2025-03-04T17:39:22.644+0000] {processor.py:186} INFO - Started process (PID=6707) to work on /opt/airflow/dags/ha_etl_process.py
[2025-03-04T17:39:22.646+0000] {processor.py:914} INFO - Processing file /opt/airflow/dags/ha_etl_process.py for tasks to queue
[2025-03-04T17:39:22.649+0000] {logging_mixin.py:190} INFO - [2025-03-04T17:39:22.648+0000] {dagbag.py:588} INFO - Filling up the DagBag from /opt/airflow/dags/ha_etl_process.py
[2025-03-04T17:39:22.693+0000] {processor.py:925} INFO - DAG(s) 'ha_etl_process' retrieved from /opt/airflow/dags/ha_etl_process.py
[2025-03-04T17:39:22.722+0000] {logging_mixin.py:190} INFO - [2025-03-04T17:39:22.722+0000] {dag.py:3239} INFO - Sync 1 DAGs
[2025-03-04T17:39:22.756+0000] {logging_mixin.py:190} INFO - [2025-03-04T17:39:22.756+0000] {dag.py:4180} INFO - Setting next_dagrun for ha_etl_process to 2025-03-04 00:00:00+00:00, run_after=2025-03-05 00:00:00+00:00
[2025-03-04T17:39:22.784+0000] {processor.py:208} INFO - Processing /opt/airflow/dags/ha_etl_process.py took 0.148 seconds
[2025-03-04T17:39:53.425+0000] {processor.py:186} INFO - Started process (PID=7013) to work on /opt/airflow/dags/ha_etl_process.py
[2025-03-04T17:39:53.426+0000] {processor.py:914} INFO - Processing file /opt/airflow/dags/ha_etl_process.py for tasks to queue
[2025-03-04T17:39:53.429+0000] {logging_mixin.py:190} INFO - [2025-03-04T17:39:53.429+0000] {dagbag.py:588} INFO - Filling up the DagBag from /opt/airflow/dags/ha_etl_process.py
[2025-03-04T17:39:53.478+0000] {processor.py:925} INFO - DAG(s) 'ha_etl_process' retrieved from /opt/airflow/dags/ha_etl_process.py
[2025-03-04T17:39:53.503+0000] {logging_mixin.py:190} INFO - [2025-03-04T17:39:53.503+0000] {dag.py:3239} INFO - Sync 1 DAGs
[2025-03-04T17:39:53.534+0000] {logging_mixin.py:190} INFO - [2025-03-04T17:39:53.534+0000] {dag.py:4180} INFO - Setting next_dagrun for ha_etl_process to 2025-03-04 00:00:00+00:00, run_after=2025-03-05 00:00:00+00:00
[2025-03-04T17:39:53.570+0000] {processor.py:208} INFO - Processing /opt/airflow/dags/ha_etl_process.py took 0.153 seconds
[2025-03-04T17:40:04.973+0000] {processor.py:186} INFO - Started process (PID=7198) to work on /opt/airflow/dags/ha_etl_process.py
[2025-03-04T17:40:04.975+0000] {processor.py:914} INFO - Processing file /opt/airflow/dags/ha_etl_process.py for tasks to queue
[2025-03-04T17:40:04.977+0000] {logging_mixin.py:190} INFO - [2025-03-04T17:40:04.977+0000] {dagbag.py:588} INFO - Filling up the DagBag from /opt/airflow/dags/ha_etl_process.py
[2025-03-04T17:40:05.043+0000] {processor.py:925} INFO - DAG(s) 'ha_etl_process' retrieved from /opt/airflow/dags/ha_etl_process.py
[2025-03-04T17:40:05.069+0000] {logging_mixin.py:190} INFO - [2025-03-04T17:40:05.068+0000] {dag.py:3239} INFO - Sync 1 DAGs
[2025-03-04T17:40:05.116+0000] {logging_mixin.py:190} INFO - [2025-03-04T17:40:05.116+0000] {dag.py:4180} INFO - Setting next_dagrun for ha_etl_process to 2025-03-04 00:00:00+00:00, run_after=2025-03-05 00:00:00+00:00
[2025-03-04T17:40:05.148+0000] {processor.py:208} INFO - Processing /opt/airflow/dags/ha_etl_process.py took 0.181 seconds
[2025-03-04T17:40:17.200+0000] {processor.py:186} INFO - Started process (PID=7309) to work on /opt/airflow/dags/ha_etl_process.py
[2025-03-04T17:40:17.201+0000] {processor.py:914} INFO - Processing file /opt/airflow/dags/ha_etl_process.py for tasks to queue
[2025-03-04T17:40:17.204+0000] {logging_mixin.py:190} INFO - [2025-03-04T17:40:17.204+0000] {dagbag.py:588} INFO - Filling up the DagBag from /opt/airflow/dags/ha_etl_process.py
[2025-03-04T17:40:17.258+0000] {processor.py:925} INFO - DAG(s) 'ha_etl_process' retrieved from /opt/airflow/dags/ha_etl_process.py
[2025-03-04T17:40:17.282+0000] {logging_mixin.py:190} INFO - [2025-03-04T17:40:17.281+0000] {dag.py:3239} INFO - Sync 1 DAGs
[2025-03-04T17:40:17.311+0000] {logging_mixin.py:190} INFO - [2025-03-04T17:40:17.311+0000] {dag.py:4180} INFO - Setting next_dagrun for ha_etl_process to 2025-03-04 00:00:00+00:00, run_after=2025-03-05 00:00:00+00:00
[2025-03-04T17:40:17.339+0000] {processor.py:208} INFO - Processing /opt/airflow/dags/ha_etl_process.py took 0.147 seconds
[2025-03-04T17:40:47.640+0000] {processor.py:186} INFO - Started process (PID=7615) to work on /opt/airflow/dags/ha_etl_process.py
[2025-03-04T17:40:47.641+0000] {processor.py:914} INFO - Processing file /opt/airflow/dags/ha_etl_process.py for tasks to queue
[2025-03-04T17:40:47.644+0000] {logging_mixin.py:190} INFO - [2025-03-04T17:40:47.644+0000] {dagbag.py:588} INFO - Filling up the DagBag from /opt/airflow/dags/ha_etl_process.py
[2025-03-04T17:40:47.676+0000] {processor.py:925} INFO - DAG(s) 'ha_etl_process' retrieved from /opt/airflow/dags/ha_etl_process.py
[2025-03-04T17:40:47.698+0000] {logging_mixin.py:190} INFO - [2025-03-04T17:40:47.697+0000] {dag.py:3239} INFO - Sync 1 DAGs
[2025-03-04T17:40:47.726+0000] {logging_mixin.py:190} INFO - [2025-03-04T17:40:47.726+0000] {dag.py:4180} INFO - Setting next_dagrun for ha_etl_process to 2025-03-04 00:00:00+00:00, run_after=2025-03-05 00:00:00+00:00
[2025-03-04T17:40:47.748+0000] {processor.py:208} INFO - Processing /opt/airflow/dags/ha_etl_process.py took 0.115 seconds
[2025-03-04T17:41:18.335+0000] {processor.py:186} INFO - Started process (PID=7921) to work on /opt/airflow/dags/ha_etl_process.py
[2025-03-04T17:41:18.337+0000] {processor.py:914} INFO - Processing file /opt/airflow/dags/ha_etl_process.py for tasks to queue
[2025-03-04T17:41:18.340+0000] {logging_mixin.py:190} INFO - [2025-03-04T17:41:18.340+0000] {dagbag.py:588} INFO - Filling up the DagBag from /opt/airflow/dags/ha_etl_process.py
[2025-03-04T17:41:18.389+0000] {processor.py:925} INFO - DAG(s) 'ha_etl_process' retrieved from /opt/airflow/dags/ha_etl_process.py
[2025-03-04T17:41:18.409+0000] {logging_mixin.py:190} INFO - [2025-03-04T17:41:18.409+0000] {dag.py:3239} INFO - Sync 1 DAGs
[2025-03-04T17:41:18.441+0000] {logging_mixin.py:190} INFO - [2025-03-04T17:41:18.441+0000] {dag.py:4180} INFO - Setting next_dagrun for ha_etl_process to 2025-03-04 00:00:00+00:00, run_after=2025-03-05 00:00:00+00:00
[2025-03-04T17:41:18.477+0000] {processor.py:208} INFO - Processing /opt/airflow/dags/ha_etl_process.py took 0.150 seconds
[2025-03-04T17:41:48.545+0000] {processor.py:186} INFO - Started process (PID=8227) to work on /opt/airflow/dags/ha_etl_process.py
[2025-03-04T17:41:48.546+0000] {processor.py:914} INFO - Processing file /opt/airflow/dags/ha_etl_process.py for tasks to queue
[2025-03-04T17:41:48.548+0000] {logging_mixin.py:190} INFO - [2025-03-04T17:41:48.548+0000] {dagbag.py:588} INFO - Filling up the DagBag from /opt/airflow/dags/ha_etl_process.py
[2025-03-04T17:41:48.581+0000] {processor.py:925} INFO - DAG(s) 'ha_etl_process' retrieved from /opt/airflow/dags/ha_etl_process.py
[2025-03-04T17:41:48.605+0000] {logging_mixin.py:190} INFO - [2025-03-04T17:41:48.605+0000] {dag.py:3239} INFO - Sync 1 DAGs
[2025-03-04T17:41:48.634+0000] {logging_mixin.py:190} INFO - [2025-03-04T17:41:48.634+0000] {dag.py:4180} INFO - Setting next_dagrun for ha_etl_process to 2025-03-04 00:00:00+00:00, run_after=2025-03-05 00:00:00+00:00
[2025-03-04T17:41:48.660+0000] {processor.py:208} INFO - Processing /opt/airflow/dags/ha_etl_process.py took 0.123 seconds
[2025-03-04T17:42:19.010+0000] {processor.py:186} INFO - Started process (PID=8533) to work on /opt/airflow/dags/ha_etl_process.py
[2025-03-04T17:42:19.012+0000] {processor.py:914} INFO - Processing file /opt/airflow/dags/ha_etl_process.py for tasks to queue
[2025-03-04T17:42:19.014+0000] {logging_mixin.py:190} INFO - [2025-03-04T17:42:19.014+0000] {dagbag.py:588} INFO - Filling up the DagBag from /opt/airflow/dags/ha_etl_process.py
[2025-03-04T17:42:19.055+0000] {processor.py:925} INFO - DAG(s) 'ha_etl_process' retrieved from /opt/airflow/dags/ha_etl_process.py
[2025-03-04T17:42:19.075+0000] {logging_mixin.py:190} INFO - [2025-03-04T17:42:19.075+0000] {dag.py:3239} INFO - Sync 1 DAGs
[2025-03-04T17:42:19.103+0000] {logging_mixin.py:190} INFO - [2025-03-04T17:42:19.103+0000] {dag.py:4180} INFO - Setting next_dagrun for ha_etl_process to 2025-03-04 00:00:00+00:00, run_after=2025-03-05 00:00:00+00:00
[2025-03-04T17:42:19.140+0000] {processor.py:208} INFO - Processing /opt/airflow/dags/ha_etl_process.py took 0.136 seconds
[2025-03-04T17:43:16.122+0000] {processor.py:186} INFO - Started process (PID=190) to work on /opt/airflow/dags/ha_etl_process.py
[2025-03-04T17:43:16.123+0000] {processor.py:914} INFO - Processing file /opt/airflow/dags/ha_etl_process.py for tasks to queue
[2025-03-04T17:43:16.125+0000] {logging_mixin.py:190} INFO - [2025-03-04T17:43:16.125+0000] {dagbag.py:588} INFO - Filling up the DagBag from /opt/airflow/dags/ha_etl_process.py
[2025-03-04T17:43:16.166+0000] {processor.py:925} INFO - DAG(s) 'ha_etl_process' retrieved from /opt/airflow/dags/ha_etl_process.py
[2025-03-04T17:43:16.198+0000] {logging_mixin.py:190} INFO - [2025-03-04T17:43:16.197+0000] {dag.py:3239} INFO - Sync 1 DAGs
[2025-03-04T17:43:16.230+0000] {logging_mixin.py:190} INFO - [2025-03-04T17:43:16.230+0000] {dag.py:4180} INFO - Setting next_dagrun for ha_etl_process to 2025-03-04 00:00:00+00:00, run_after=2025-03-05 00:00:00+00:00
[2025-03-04T17:43:16.288+0000] {processor.py:208} INFO - Processing /opt/airflow/dags/ha_etl_process.py took 0.172 seconds
[2025-03-04T17:43:46.653+0000] {processor.py:186} INFO - Started process (PID=496) to work on /opt/airflow/dags/ha_etl_process.py
[2025-03-04T17:43:46.655+0000] {processor.py:914} INFO - Processing file /opt/airflow/dags/ha_etl_process.py for tasks to queue
[2025-03-04T17:43:46.658+0000] {logging_mixin.py:190} INFO - [2025-03-04T17:43:46.657+0000] {dagbag.py:588} INFO - Filling up the DagBag from /opt/airflow/dags/ha_etl_process.py
[2025-03-04T17:43:46.705+0000] {processor.py:925} INFO - DAG(s) 'ha_etl_process' retrieved from /opt/airflow/dags/ha_etl_process.py
[2025-03-04T17:43:46.735+0000] {logging_mixin.py:190} INFO - [2025-03-04T17:43:46.735+0000] {dag.py:3239} INFO - Sync 1 DAGs
[2025-03-04T17:43:46.767+0000] {logging_mixin.py:190} INFO - [2025-03-04T17:43:46.767+0000] {dag.py:4180} INFO - Setting next_dagrun for ha_etl_process to 2025-03-04 00:00:00+00:00, run_after=2025-03-05 00:00:00+00:00
[2025-03-04T17:43:46.798+0000] {processor.py:208} INFO - Processing /opt/airflow/dags/ha_etl_process.py took 0.161 seconds
[2025-03-04T17:44:17.338+0000] {processor.py:186} INFO - Started process (PID=802) to work on /opt/airflow/dags/ha_etl_process.py
[2025-03-04T17:44:17.340+0000] {processor.py:914} INFO - Processing file /opt/airflow/dags/ha_etl_process.py for tasks to queue
[2025-03-04T17:44:17.342+0000] {logging_mixin.py:190} INFO - [2025-03-04T17:44:17.342+0000] {dagbag.py:588} INFO - Filling up the DagBag from /opt/airflow/dags/ha_etl_process.py
[2025-03-04T17:44:17.392+0000] {processor.py:925} INFO - DAG(s) 'ha_etl_process' retrieved from /opt/airflow/dags/ha_etl_process.py
[2025-03-04T17:44:17.421+0000] {logging_mixin.py:190} INFO - [2025-03-04T17:44:17.420+0000] {dag.py:3239} INFO - Sync 1 DAGs
[2025-03-04T17:44:17.454+0000] {logging_mixin.py:190} INFO - [2025-03-04T17:44:17.454+0000] {dag.py:4180} INFO - Setting next_dagrun for ha_etl_process to 2025-03-04 00:00:00+00:00, run_after=2025-03-05 00:00:00+00:00
[2025-03-04T17:44:17.481+0000] {processor.py:208} INFO - Processing /opt/airflow/dags/ha_etl_process.py took 0.150 seconds
[2025-03-04T17:44:47.575+0000] {processor.py:186} INFO - Started process (PID=1108) to work on /opt/airflow/dags/ha_etl_process.py
[2025-03-04T17:44:47.576+0000] {processor.py:914} INFO - Processing file /opt/airflow/dags/ha_etl_process.py for tasks to queue
[2025-03-04T17:44:47.581+0000] {logging_mixin.py:190} INFO - [2025-03-04T17:44:47.580+0000] {dagbag.py:588} INFO - Filling up the DagBag from /opt/airflow/dags/ha_etl_process.py
[2025-03-04T17:44:47.629+0000] {processor.py:925} INFO - DAG(s) 'ha_etl_process' retrieved from /opt/airflow/dags/ha_etl_process.py
[2025-03-04T17:44:47.655+0000] {logging_mixin.py:190} INFO - [2025-03-04T17:44:47.655+0000] {dag.py:3239} INFO - Sync 1 DAGs
[2025-03-04T17:44:47.687+0000] {logging_mixin.py:190} INFO - [2025-03-04T17:44:47.686+0000] {dag.py:4180} INFO - Setting next_dagrun for ha_etl_process to 2025-03-04 00:00:00+00:00, run_after=2025-03-05 00:00:00+00:00
[2025-03-04T17:44:47.725+0000] {processor.py:208} INFO - Processing /opt/airflow/dags/ha_etl_process.py took 0.157 seconds
[2025-03-04T17:45:17.948+0000] {processor.py:186} INFO - Started process (PID=1414) to work on /opt/airflow/dags/ha_etl_process.py
[2025-03-04T17:45:17.949+0000] {processor.py:914} INFO - Processing file /opt/airflow/dags/ha_etl_process.py for tasks to queue
[2025-03-04T17:45:17.952+0000] {logging_mixin.py:190} INFO - [2025-03-04T17:45:17.951+0000] {dagbag.py:588} INFO - Filling up the DagBag from /opt/airflow/dags/ha_etl_process.py
[2025-03-04T17:45:17.985+0000] {processor.py:925} INFO - DAG(s) 'ha_etl_process' retrieved from /opt/airflow/dags/ha_etl_process.py
[2025-03-04T17:45:18.010+0000] {logging_mixin.py:190} INFO - [2025-03-04T17:45:18.010+0000] {dag.py:3239} INFO - Sync 1 DAGs
[2025-03-04T17:45:18.041+0000] {logging_mixin.py:190} INFO - [2025-03-04T17:45:18.041+0000] {dag.py:4180} INFO - Setting next_dagrun for ha_etl_process to 2025-03-04 00:00:00+00:00, run_after=2025-03-05 00:00:00+00:00
[2025-03-04T17:45:18.067+0000] {processor.py:208} INFO - Processing /opt/airflow/dags/ha_etl_process.py took 0.126 seconds
[2025-03-04T17:45:48.349+0000] {processor.py:186} INFO - Started process (PID=1720) to work on /opt/airflow/dags/ha_etl_process.py
[2025-03-04T17:45:48.351+0000] {processor.py:914} INFO - Processing file /opt/airflow/dags/ha_etl_process.py for tasks to queue
[2025-03-04T17:45:48.354+0000] {logging_mixin.py:190} INFO - [2025-03-04T17:45:48.353+0000] {dagbag.py:588} INFO - Filling up the DagBag from /opt/airflow/dags/ha_etl_process.py
[2025-03-04T17:45:48.396+0000] {processor.py:925} INFO - DAG(s) 'ha_etl_process' retrieved from /opt/airflow/dags/ha_etl_process.py
[2025-03-04T17:45:48.416+0000] {logging_mixin.py:190} INFO - [2025-03-04T17:45:48.416+0000] {dag.py:3239} INFO - Sync 1 DAGs
[2025-03-04T17:45:48.446+0000] {logging_mixin.py:190} INFO - [2025-03-04T17:45:48.446+0000] {dag.py:4180} INFO - Setting next_dagrun for ha_etl_process to 2025-03-04 00:00:00+00:00, run_after=2025-03-05 00:00:00+00:00
[2025-03-04T17:45:48.471+0000] {processor.py:208} INFO - Processing /opt/airflow/dags/ha_etl_process.py took 0.144 seconds
[2025-03-04T17:46:18.693+0000] {processor.py:186} INFO - Started process (PID=2032) to work on /opt/airflow/dags/ha_etl_process.py
[2025-03-04T17:46:18.695+0000] {processor.py:914} INFO - Processing file /opt/airflow/dags/ha_etl_process.py for tasks to queue
[2025-03-04T17:46:18.698+0000] {logging_mixin.py:190} INFO - [2025-03-04T17:46:18.697+0000] {dagbag.py:588} INFO - Filling up the DagBag from /opt/airflow/dags/ha_etl_process.py
[2025-03-04T17:46:18.741+0000] {processor.py:925} INFO - DAG(s) 'ha_etl_process' retrieved from /opt/airflow/dags/ha_etl_process.py
[2025-03-04T17:46:18.771+0000] {logging_mixin.py:190} INFO - [2025-03-04T17:46:18.770+0000] {dag.py:3239} INFO - Sync 1 DAGs
[2025-03-04T17:46:18.802+0000] {logging_mixin.py:190} INFO - [2025-03-04T17:46:18.802+0000] {dag.py:4180} INFO - Setting next_dagrun for ha_etl_process to 2025-03-04 00:00:00+00:00, run_after=2025-03-05 00:00:00+00:00
[2025-03-04T17:46:18.835+0000] {processor.py:208} INFO - Processing /opt/airflow/dags/ha_etl_process.py took 0.149 seconds
[2025-03-04T17:46:49.649+0000] {processor.py:186} INFO - Started process (PID=2338) to work on /opt/airflow/dags/ha_etl_process.py
[2025-03-04T17:46:49.651+0000] {processor.py:914} INFO - Processing file /opt/airflow/dags/ha_etl_process.py for tasks to queue
[2025-03-04T17:46:49.653+0000] {logging_mixin.py:190} INFO - [2025-03-04T17:46:49.653+0000] {dagbag.py:588} INFO - Filling up the DagBag from /opt/airflow/dags/ha_etl_process.py
[2025-03-04T17:46:49.692+0000] {processor.py:925} INFO - DAG(s) 'ha_etl_process' retrieved from /opt/airflow/dags/ha_etl_process.py
[2025-03-04T17:46:49.719+0000] {logging_mixin.py:190} INFO - [2025-03-04T17:46:49.719+0000] {dag.py:3239} INFO - Sync 1 DAGs
[2025-03-04T17:46:49.758+0000] {logging_mixin.py:190} INFO - [2025-03-04T17:46:49.757+0000] {dag.py:4180} INFO - Setting next_dagrun for ha_etl_process to 2025-03-04 00:00:00+00:00, run_after=2025-03-05 00:00:00+00:00
[2025-03-04T17:46:49.790+0000] {processor.py:208} INFO - Processing /opt/airflow/dags/ha_etl_process.py took 0.149 seconds
[2025-03-04T17:47:20.436+0000] {processor.py:186} INFO - Started process (PID=2644) to work on /opt/airflow/dags/ha_etl_process.py
[2025-03-04T17:47:20.438+0000] {processor.py:914} INFO - Processing file /opt/airflow/dags/ha_etl_process.py for tasks to queue
[2025-03-04T17:47:20.440+0000] {logging_mixin.py:190} INFO - [2025-03-04T17:47:20.440+0000] {dagbag.py:588} INFO - Filling up the DagBag from /opt/airflow/dags/ha_etl_process.py
[2025-03-04T17:47:20.498+0000] {processor.py:925} INFO - DAG(s) 'ha_etl_process' retrieved from /opt/airflow/dags/ha_etl_process.py
[2025-03-04T17:47:20.529+0000] {logging_mixin.py:190} INFO - [2025-03-04T17:47:20.529+0000] {dag.py:3239} INFO - Sync 1 DAGs
[2025-03-04T17:47:20.559+0000] {logging_mixin.py:190} INFO - [2025-03-04T17:47:20.559+0000] {dag.py:4180} INFO - Setting next_dagrun for ha_etl_process to 2025-03-04 00:00:00+00:00, run_after=2025-03-05 00:00:00+00:00
[2025-03-04T17:47:20.586+0000] {processor.py:208} INFO - Processing /opt/airflow/dags/ha_etl_process.py took 0.157 seconds
[2025-03-04T17:47:51.287+0000] {processor.py:186} INFO - Started process (PID=2950) to work on /opt/airflow/dags/ha_etl_process.py
[2025-03-04T17:47:51.288+0000] {processor.py:914} INFO - Processing file /opt/airflow/dags/ha_etl_process.py for tasks to queue
[2025-03-04T17:47:51.292+0000] {logging_mixin.py:190} INFO - [2025-03-04T17:47:51.292+0000] {dagbag.py:588} INFO - Filling up the DagBag from /opt/airflow/dags/ha_etl_process.py
[2025-03-04T17:47:51.330+0000] {processor.py:925} INFO - DAG(s) 'ha_etl_process' retrieved from /opt/airflow/dags/ha_etl_process.py
[2025-03-04T17:47:51.355+0000] {logging_mixin.py:190} INFO - [2025-03-04T17:47:51.355+0000] {dag.py:3239} INFO - Sync 1 DAGs
[2025-03-04T17:47:51.384+0000] {logging_mixin.py:190} INFO - [2025-03-04T17:47:51.384+0000] {dag.py:4180} INFO - Setting next_dagrun for ha_etl_process to 2025-03-04 00:00:00+00:00, run_after=2025-03-05 00:00:00+00:00
[2025-03-04T17:47:51.421+0000] {processor.py:208} INFO - Processing /opt/airflow/dags/ha_etl_process.py took 0.141 seconds
[2025-03-04T17:48:21.651+0000] {processor.py:186} INFO - Started process (PID=3257) to work on /opt/airflow/dags/ha_etl_process.py
[2025-03-04T17:48:21.653+0000] {processor.py:914} INFO - Processing file /opt/airflow/dags/ha_etl_process.py for tasks to queue
[2025-03-04T17:48:21.655+0000] {logging_mixin.py:190} INFO - [2025-03-04T17:48:21.655+0000] {dagbag.py:588} INFO - Filling up the DagBag from /opt/airflow/dags/ha_etl_process.py
[2025-03-04T17:48:21.691+0000] {processor.py:925} INFO - DAG(s) 'ha_etl_process' retrieved from /opt/airflow/dags/ha_etl_process.py
[2025-03-04T17:48:21.714+0000] {logging_mixin.py:190} INFO - [2025-03-04T17:48:21.714+0000] {dag.py:3239} INFO - Sync 1 DAGs
[2025-03-04T17:48:21.741+0000] {logging_mixin.py:190} INFO - [2025-03-04T17:48:21.741+0000] {dag.py:4180} INFO - Setting next_dagrun for ha_etl_process to 2025-03-04 00:00:00+00:00, run_after=2025-03-05 00:00:00+00:00
[2025-03-04T17:48:21.773+0000] {processor.py:208} INFO - Processing /opt/airflow/dags/ha_etl_process.py took 0.128 seconds
[2025-03-04T17:48:51.868+0000] {processor.py:186} INFO - Started process (PID=3566) to work on /opt/airflow/dags/ha_etl_process.py
[2025-03-04T17:48:51.869+0000] {processor.py:914} INFO - Processing file /opt/airflow/dags/ha_etl_process.py for tasks to queue
[2025-03-04T17:48:51.871+0000] {logging_mixin.py:190} INFO - [2025-03-04T17:48:51.871+0000] {dagbag.py:588} INFO - Filling up the DagBag from /opt/airflow/dags/ha_etl_process.py
[2025-03-04T17:48:51.911+0000] {processor.py:925} INFO - DAG(s) 'ha_etl_process' retrieved from /opt/airflow/dags/ha_etl_process.py
[2025-03-04T17:48:51.938+0000] {logging_mixin.py:190} INFO - [2025-03-04T17:48:51.938+0000] {dag.py:3239} INFO - Sync 1 DAGs
[2025-03-04T17:48:51.972+0000] {logging_mixin.py:190} INFO - [2025-03-04T17:48:51.972+0000] {dag.py:4180} INFO - Setting next_dagrun for ha_etl_process to 2025-03-04 00:00:00+00:00, run_after=2025-03-05 00:00:00+00:00
[2025-03-04T17:48:51.994+0000] {processor.py:208} INFO - Processing /opt/airflow/dags/ha_etl_process.py took 0.133 seconds
[2025-03-04T17:49:22.258+0000] {processor.py:186} INFO - Started process (PID=3872) to work on /opt/airflow/dags/ha_etl_process.py
[2025-03-04T17:49:22.259+0000] {processor.py:914} INFO - Processing file /opt/airflow/dags/ha_etl_process.py for tasks to queue
[2025-03-04T17:49:22.261+0000] {logging_mixin.py:190} INFO - [2025-03-04T17:49:22.261+0000] {dagbag.py:588} INFO - Filling up the DagBag from /opt/airflow/dags/ha_etl_process.py
[2025-03-04T17:49:22.296+0000] {processor.py:925} INFO - DAG(s) 'ha_etl_process' retrieved from /opt/airflow/dags/ha_etl_process.py
[2025-03-04T17:49:22.318+0000] {logging_mixin.py:190} INFO - [2025-03-04T17:49:22.318+0000] {dag.py:3239} INFO - Sync 1 DAGs
[2025-03-04T17:49:22.349+0000] {logging_mixin.py:190} INFO - [2025-03-04T17:49:22.349+0000] {dag.py:4180} INFO - Setting next_dagrun for ha_etl_process to 2025-03-04 00:00:00+00:00, run_after=2025-03-05 00:00:00+00:00
[2025-03-04T17:49:22.384+0000] {processor.py:208} INFO - Processing /opt/airflow/dags/ha_etl_process.py took 0.133 seconds
[2025-03-04T17:49:41.671+0000] {processor.py:186} INFO - Started process (PID=4172) to work on /opt/airflow/dags/ha_etl_process.py
[2025-03-04T17:49:41.672+0000] {processor.py:914} INFO - Processing file /opt/airflow/dags/ha_etl_process.py for tasks to queue
[2025-03-04T17:49:41.675+0000] {logging_mixin.py:190} INFO - [2025-03-04T17:49:41.674+0000] {dagbag.py:588} INFO - Filling up the DagBag from /opt/airflow/dags/ha_etl_process.py
[2025-03-04T17:49:41.721+0000] {logging_mixin.py:190} INFO - [2025-03-04T17:49:41.715+0000] {dagbag.py:387} ERROR - Failed to import: /opt/airflow/dags/ha_etl_process.py
Traceback (most recent call last):
  File "/home/airflow/.local/lib/python3.12/site-packages/airflow/models/dagbag.py", line 383, in parse
    loader.exec_module(new_module)
  File "<frozen importlib._bootstrap_external>", line 999, in exec_module
  File "<frozen importlib._bootstrap>", line 488, in _call_with_frames_removed
  File "/opt/airflow/dags/ha_etl_process.py", line 210, in <module>
    'start_date': datetime(2024, 2, 27),
                  ^^^^^^^^^^^^^^^^^^^^^
TypeError: 'module' object is not callable. Did you mean: 'datetime.datetime(...)'?
[2025-03-04T17:49:41.722+0000] {processor.py:927} WARNING - No viable dags retrieved from /opt/airflow/dags/ha_etl_process.py
[2025-03-04T17:49:41.745+0000] {processor.py:208} INFO - Processing /opt/airflow/dags/ha_etl_process.py took 0.082 seconds
[2025-03-04T17:52:38.283+0000] {processor.py:186} INFO - Started process (PID=190) to work on /opt/airflow/dags/ha_etl_process.py
[2025-03-04T17:52:38.285+0000] {processor.py:914} INFO - Processing file /opt/airflow/dags/ha_etl_process.py for tasks to queue
[2025-03-04T17:52:38.287+0000] {logging_mixin.py:190} INFO - [2025-03-04T17:52:38.287+0000] {dagbag.py:588} INFO - Filling up the DagBag from /opt/airflow/dags/ha_etl_process.py
[2025-03-04T17:52:38.313+0000] {logging_mixin.py:190} INFO - [2025-03-04T17:52:38.309+0000] {dagbag.py:387} ERROR - Failed to import: /opt/airflow/dags/ha_etl_process.py
Traceback (most recent call last):
  File "/home/airflow/.local/lib/python3.12/site-packages/airflow/models/dagbag.py", line 383, in parse
    loader.exec_module(new_module)
  File "<frozen importlib._bootstrap_external>", line 999, in exec_module
  File "<frozen importlib._bootstrap>", line 488, in _call_with_frames_removed
  File "/opt/airflow/dags/ha_etl_process.py", line 210, in <module>
    'start_date': datetime(2024, 2, 27),
                  ^^^^^^^^^^^^^^^^^^^^^
TypeError: 'module' object is not callable. Did you mean: 'datetime.datetime(...)'?
[2025-03-04T17:52:38.314+0000] {processor.py:927} WARNING - No viable dags retrieved from /opt/airflow/dags/ha_etl_process.py
[2025-03-04T17:52:38.335+0000] {processor.py:208} INFO - Processing /opt/airflow/dags/ha_etl_process.py took 0.058 seconds
[2025-03-04T17:53:08.501+0000] {processor.py:186} INFO - Started process (PID=496) to work on /opt/airflow/dags/ha_etl_process.py
[2025-03-04T17:53:08.503+0000] {processor.py:914} INFO - Processing file /opt/airflow/dags/ha_etl_process.py for tasks to queue
[2025-03-04T17:53:08.507+0000] {logging_mixin.py:190} INFO - [2025-03-04T17:53:08.506+0000] {dagbag.py:588} INFO - Filling up the DagBag from /opt/airflow/dags/ha_etl_process.py
[2025-03-04T17:53:08.556+0000] {logging_mixin.py:190} INFO - [2025-03-04T17:53:08.549+0000] {dagbag.py:387} ERROR - Failed to import: /opt/airflow/dags/ha_etl_process.py
Traceback (most recent call last):
  File "/home/airflow/.local/lib/python3.12/site-packages/airflow/models/dagbag.py", line 383, in parse
    loader.exec_module(new_module)
  File "<frozen importlib._bootstrap_external>", line 999, in exec_module
  File "<frozen importlib._bootstrap>", line 488, in _call_with_frames_removed
  File "/opt/airflow/dags/ha_etl_process.py", line 210, in <module>
    'start_date': datetime(2024, 2, 27),
                  ^^^^^^^^^^^^^^^^^^^^^
TypeError: 'module' object is not callable. Did you mean: 'datetime.datetime(...)'?
[2025-03-04T17:53:08.559+0000] {processor.py:927} WARNING - No viable dags retrieved from /opt/airflow/dags/ha_etl_process.py
[2025-03-04T17:53:08.591+0000] {processor.py:208} INFO - Processing /opt/airflow/dags/ha_etl_process.py took 0.110 seconds
[2025-03-04T17:53:39.467+0000] {processor.py:186} INFO - Started process (PID=802) to work on /opt/airflow/dags/ha_etl_process.py
[2025-03-04T17:53:39.469+0000] {processor.py:914} INFO - Processing file /opt/airflow/dags/ha_etl_process.py for tasks to queue
[2025-03-04T17:53:39.470+0000] {logging_mixin.py:190} INFO - [2025-03-04T17:53:39.470+0000] {dagbag.py:588} INFO - Filling up the DagBag from /opt/airflow/dags/ha_etl_process.py
[2025-03-04T17:53:39.505+0000] {logging_mixin.py:190} INFO - [2025-03-04T17:53:39.500+0000] {dagbag.py:387} ERROR - Failed to import: /opt/airflow/dags/ha_etl_process.py
Traceback (most recent call last):
  File "/home/airflow/.local/lib/python3.12/site-packages/airflow/models/dagbag.py", line 383, in parse
    loader.exec_module(new_module)
  File "<frozen importlib._bootstrap_external>", line 999, in exec_module
  File "<frozen importlib._bootstrap>", line 488, in _call_with_frames_removed
  File "/opt/airflow/dags/ha_etl_process.py", line 210, in <module>
    'start_date': datetime(2024, 2, 27),
                  ^^^^^^^^^^^^^^^^^^^^^
TypeError: 'module' object is not callable. Did you mean: 'datetime.datetime(...)'?
[2025-03-04T17:53:39.507+0000] {processor.py:927} WARNING - No viable dags retrieved from /opt/airflow/dags/ha_etl_process.py
[2025-03-04T17:53:39.542+0000] {processor.py:208} INFO - Processing /opt/airflow/dags/ha_etl_process.py took 0.088 seconds
[2025-03-04T17:54:09.903+0000] {processor.py:186} INFO - Started process (PID=1108) to work on /opt/airflow/dags/ha_etl_process.py
[2025-03-04T17:54:09.904+0000] {processor.py:914} INFO - Processing file /opt/airflow/dags/ha_etl_process.py for tasks to queue
[2025-03-04T17:54:09.907+0000] {logging_mixin.py:190} INFO - [2025-03-04T17:54:09.906+0000] {dagbag.py:588} INFO - Filling up the DagBag from /opt/airflow/dags/ha_etl_process.py
[2025-03-04T17:54:09.936+0000] {logging_mixin.py:190} INFO - [2025-03-04T17:54:09.932+0000] {dagbag.py:387} ERROR - Failed to import: /opt/airflow/dags/ha_etl_process.py
Traceback (most recent call last):
  File "/home/airflow/.local/lib/python3.12/site-packages/airflow/models/dagbag.py", line 383, in parse
    loader.exec_module(new_module)
  File "<frozen importlib._bootstrap_external>", line 999, in exec_module
  File "<frozen importlib._bootstrap>", line 488, in _call_with_frames_removed
  File "/opt/airflow/dags/ha_etl_process.py", line 210, in <module>
    'start_date': datetime(2024, 2, 27),
                  ^^^^^^^^^^^^^^^^^^^^^
TypeError: 'module' object is not callable. Did you mean: 'datetime.datetime(...)'?
[2025-03-04T17:54:09.939+0000] {processor.py:927} WARNING - No viable dags retrieved from /opt/airflow/dags/ha_etl_process.py
[2025-03-04T17:54:09.975+0000] {processor.py:208} INFO - Processing /opt/airflow/dags/ha_etl_process.py took 0.089 seconds
[2025-03-04T17:54:35.999+0000] {processor.py:186} INFO - Started process (PID=1414) to work on /opt/airflow/dags/ha_etl_process.py
[2025-03-04T17:54:36.000+0000] {processor.py:914} INFO - Processing file /opt/airflow/dags/ha_etl_process.py for tasks to queue
[2025-03-04T17:54:36.002+0000] {logging_mixin.py:190} INFO - [2025-03-04T17:54:36.002+0000] {dagbag.py:588} INFO - Filling up the DagBag from /opt/airflow/dags/ha_etl_process.py
[2025-03-04T17:54:36.072+0000] {processor.py:925} INFO - DAG(s) 'ha_etl_process' retrieved from /opt/airflow/dags/ha_etl_process.py
[2025-03-04T17:54:36.206+0000] {logging_mixin.py:190} INFO - [2025-03-04T17:54:36.206+0000] {dag.py:3239} INFO - Sync 1 DAGs
[2025-03-04T17:54:36.237+0000] {logging_mixin.py:190} INFO - [2025-03-04T17:54:36.237+0000] {dag.py:4180} INFO - Setting next_dagrun for ha_etl_process to 2025-03-04 00:00:00+00:00, run_after=2025-03-05 00:00:00+00:00
[2025-03-04T17:54:36.277+0000] {processor.py:208} INFO - Processing /opt/airflow/dags/ha_etl_process.py took 0.286 seconds
[2025-03-04T17:56:36.804+0000] {processor.py:186} INFO - Started process (PID=189) to work on /opt/airflow/dags/ha_etl_process.py
[2025-03-04T17:56:36.805+0000] {processor.py:914} INFO - Processing file /opt/airflow/dags/ha_etl_process.py for tasks to queue
[2025-03-04T17:56:36.808+0000] {logging_mixin.py:190} INFO - [2025-03-04T17:56:36.807+0000] {dagbag.py:588} INFO - Filling up the DagBag from /opt/airflow/dags/ha_etl_process.py
[2025-03-04T17:56:36.842+0000] {processor.py:925} INFO - DAG(s) 'ha_etl_process' retrieved from /opt/airflow/dags/ha_etl_process.py
[2025-03-04T17:56:36.873+0000] {logging_mixin.py:190} INFO - [2025-03-04T17:56:36.873+0000] {dag.py:3239} INFO - Sync 1 DAGs
[2025-03-04T17:56:36.909+0000] {logging_mixin.py:190} INFO - [2025-03-04T17:56:36.909+0000] {dag.py:4180} INFO - Setting next_dagrun for ha_etl_process to 2025-03-04 00:00:00+00:00, run_after=2025-03-05 00:00:00+00:00
[2025-03-04T17:56:36.940+0000] {processor.py:208} INFO - Processing /opt/airflow/dags/ha_etl_process.py took 0.143 seconds
[2025-03-04T17:57:07.126+0000] {processor.py:186} INFO - Started process (PID=503) to work on /opt/airflow/dags/ha_etl_process.py
[2025-03-04T17:57:07.127+0000] {processor.py:914} INFO - Processing file /opt/airflow/dags/ha_etl_process.py for tasks to queue
[2025-03-04T17:57:07.130+0000] {logging_mixin.py:190} INFO - [2025-03-04T17:57:07.129+0000] {dagbag.py:588} INFO - Filling up the DagBag from /opt/airflow/dags/ha_etl_process.py
[2025-03-04T17:57:07.161+0000] {processor.py:925} INFO - DAG(s) 'ha_etl_process' retrieved from /opt/airflow/dags/ha_etl_process.py
[2025-03-04T17:57:07.182+0000] {logging_mixin.py:190} INFO - [2025-03-04T17:57:07.182+0000] {dag.py:3239} INFO - Sync 1 DAGs
[2025-03-04T17:57:07.212+0000] {logging_mixin.py:190} INFO - [2025-03-04T17:57:07.211+0000] {dag.py:4180} INFO - Setting next_dagrun for ha_etl_process to 2025-03-04 00:00:00+00:00, run_after=2025-03-05 00:00:00+00:00
[2025-03-04T17:57:07.238+0000] {processor.py:208} INFO - Processing /opt/airflow/dags/ha_etl_process.py took 0.119 seconds
[2025-03-04T17:57:38.001+0000] {processor.py:186} INFO - Started process (PID=822) to work on /opt/airflow/dags/ha_etl_process.py
[2025-03-04T17:57:38.003+0000] {processor.py:914} INFO - Processing file /opt/airflow/dags/ha_etl_process.py for tasks to queue
[2025-03-04T17:57:38.006+0000] {logging_mixin.py:190} INFO - [2025-03-04T17:57:38.005+0000] {dagbag.py:588} INFO - Filling up the DagBag from /opt/airflow/dags/ha_etl_process.py
[2025-03-04T17:57:38.061+0000] {processor.py:925} INFO - DAG(s) 'ha_etl_process' retrieved from /opt/airflow/dags/ha_etl_process.py
[2025-03-04T17:57:38.086+0000] {logging_mixin.py:190} INFO - [2025-03-04T17:57:38.085+0000] {dag.py:3239} INFO - Sync 1 DAGs
[2025-03-04T17:57:38.126+0000] {logging_mixin.py:190} INFO - [2025-03-04T17:57:38.125+0000] {dag.py:4180} INFO - Setting next_dagrun for ha_etl_process to 2025-03-04 00:00:00+00:00, run_after=2025-03-05 00:00:00+00:00
[2025-03-04T17:57:38.157+0000] {processor.py:208} INFO - Processing /opt/airflow/dags/ha_etl_process.py took 0.165 seconds
[2025-03-04T17:58:08.994+0000] {processor.py:186} INFO - Started process (PID=1134) to work on /opt/airflow/dags/ha_etl_process.py
[2025-03-04T17:58:08.996+0000] {processor.py:914} INFO - Processing file /opt/airflow/dags/ha_etl_process.py for tasks to queue
[2025-03-04T17:58:08.998+0000] {logging_mixin.py:190} INFO - [2025-03-04T17:58:08.998+0000] {dagbag.py:588} INFO - Filling up the DagBag from /opt/airflow/dags/ha_etl_process.py
[2025-03-04T17:58:09.039+0000] {processor.py:925} INFO - DAG(s) 'ha_etl_process' retrieved from /opt/airflow/dags/ha_etl_process.py
[2025-03-04T17:58:09.067+0000] {logging_mixin.py:190} INFO - [2025-03-04T17:58:09.066+0000] {dag.py:3239} INFO - Sync 1 DAGs
[2025-03-04T17:58:09.104+0000] {logging_mixin.py:190} INFO - [2025-03-04T17:58:09.104+0000] {dag.py:4180} INFO - Setting next_dagrun for ha_etl_process to 2025-03-04 00:00:00+00:00, run_after=2025-03-05 00:00:00+00:00
[2025-03-04T17:58:09.146+0000] {processor.py:208} INFO - Processing /opt/airflow/dags/ha_etl_process.py took 0.159 seconds
[2025-03-04T17:58:40.077+0000] {processor.py:186} INFO - Started process (PID=1440) to work on /opt/airflow/dags/ha_etl_process.py
[2025-03-04T17:58:40.078+0000] {processor.py:914} INFO - Processing file /opt/airflow/dags/ha_etl_process.py for tasks to queue
[2025-03-04T17:58:40.081+0000] {logging_mixin.py:190} INFO - [2025-03-04T17:58:40.080+0000] {dagbag.py:588} INFO - Filling up the DagBag from /opt/airflow/dags/ha_etl_process.py
[2025-03-04T17:58:40.115+0000] {processor.py:925} INFO - DAG(s) 'ha_etl_process' retrieved from /opt/airflow/dags/ha_etl_process.py
[2025-03-04T17:58:40.136+0000] {logging_mixin.py:190} INFO - [2025-03-04T17:58:40.136+0000] {dag.py:3239} INFO - Sync 1 DAGs
[2025-03-04T17:58:40.166+0000] {logging_mixin.py:190} INFO - [2025-03-04T17:58:40.166+0000] {dag.py:4180} INFO - Setting next_dagrun for ha_etl_process to 2025-03-04 00:00:00+00:00, run_after=2025-03-05 00:00:00+00:00
[2025-03-04T17:58:40.203+0000] {processor.py:208} INFO - Processing /opt/airflow/dags/ha_etl_process.py took 0.134 seconds
[2025-03-04T17:58:46.113+0000] {processor.py:186} INFO - Started process (PID=1678) to work on /opt/airflow/dags/ha_etl_process.py
[2025-03-04T17:58:46.114+0000] {processor.py:914} INFO - Processing file /opt/airflow/dags/ha_etl_process.py for tasks to queue
[2025-03-04T17:58:46.117+0000] {logging_mixin.py:190} INFO - [2025-03-04T17:58:46.116+0000] {dagbag.py:588} INFO - Filling up the DagBag from /opt/airflow/dags/ha_etl_process.py
[2025-03-04T17:58:46.162+0000] {processor.py:925} INFO - DAG(s) 'ha_etl_process' retrieved from /opt/airflow/dags/ha_etl_process.py
[2025-03-04T17:58:46.183+0000] {logging_mixin.py:190} INFO - [2025-03-04T17:58:46.183+0000] {dag.py:3239} INFO - Sync 1 DAGs
[2025-03-04T17:58:46.212+0000] {logging_mixin.py:190} INFO - [2025-03-04T17:58:46.212+0000] {dag.py:4180} INFO - Setting next_dagrun for ha_etl_process to 2025-03-04 00:00:00+00:00, run_after=2025-03-05 00:00:00+00:00
[2025-03-04T17:58:46.247+0000] {processor.py:208} INFO - Processing /opt/airflow/dags/ha_etl_process.py took 0.140 seconds
[2025-03-04T17:59:36.149+0000] {processor.py:186} INFO - Started process (PID=189) to work on /opt/airflow/dags/ha_etl_process.py
[2025-03-04T17:59:36.152+0000] {processor.py:914} INFO - Processing file /opt/airflow/dags/ha_etl_process.py for tasks to queue
[2025-03-04T17:59:36.173+0000] {logging_mixin.py:190} INFO - [2025-03-04T17:59:36.173+0000] {dagbag.py:588} INFO - Filling up the DagBag from /opt/airflow/dags/ha_etl_process.py
[2025-03-04T17:59:36.221+0000] {processor.py:925} INFO - DAG(s) 'ha_etl_process' retrieved from /opt/airflow/dags/ha_etl_process.py
[2025-03-04T17:59:36.254+0000] {logging_mixin.py:190} INFO - [2025-03-04T17:59:36.254+0000] {dag.py:3239} INFO - Sync 1 DAGs
[2025-03-04T17:59:36.287+0000] {logging_mixin.py:190} INFO - [2025-03-04T17:59:36.286+0000] {dag.py:4180} INFO - Setting next_dagrun for ha_etl_process to 2025-03-04 00:00:00+00:00, run_after=2025-03-05 00:00:00+00:00
[2025-03-04T17:59:36.316+0000] {processor.py:208} INFO - Processing /opt/airflow/dags/ha_etl_process.py took 0.182 seconds
[2025-03-04T18:00:06.611+0000] {processor.py:186} INFO - Started process (PID=495) to work on /opt/airflow/dags/ha_etl_process.py
[2025-03-04T18:00:06.612+0000] {processor.py:914} INFO - Processing file /opt/airflow/dags/ha_etl_process.py for tasks to queue
[2025-03-04T18:00:06.615+0000] {logging_mixin.py:190} INFO - [2025-03-04T18:00:06.614+0000] {dagbag.py:588} INFO - Filling up the DagBag from /opt/airflow/dags/ha_etl_process.py
[2025-03-04T18:00:06.651+0000] {processor.py:925} INFO - DAG(s) 'ha_etl_process' retrieved from /opt/airflow/dags/ha_etl_process.py
[2025-03-04T18:00:06.676+0000] {logging_mixin.py:190} INFO - [2025-03-04T18:00:06.675+0000] {dag.py:3239} INFO - Sync 1 DAGs
[2025-03-04T18:00:06.708+0000] {logging_mixin.py:190} INFO - [2025-03-04T18:00:06.707+0000] {dag.py:4180} INFO - Setting next_dagrun for ha_etl_process to 2025-03-04 00:00:00+00:00, run_after=2025-03-05 00:00:00+00:00
[2025-03-04T18:00:06.731+0000] {processor.py:208} INFO - Processing /opt/airflow/dags/ha_etl_process.py took 0.128 seconds
[2025-03-04T18:00:37.149+0000] {processor.py:186} INFO - Started process (PID=801) to work on /opt/airflow/dags/ha_etl_process.py
[2025-03-04T18:00:37.150+0000] {processor.py:914} INFO - Processing file /opt/airflow/dags/ha_etl_process.py for tasks to queue
[2025-03-04T18:00:37.153+0000] {logging_mixin.py:190} INFO - [2025-03-04T18:00:37.152+0000] {dagbag.py:588} INFO - Filling up the DagBag from /opt/airflow/dags/ha_etl_process.py
[2025-03-04T18:00:37.202+0000] {processor.py:925} INFO - DAG(s) 'ha_etl_process' retrieved from /opt/airflow/dags/ha_etl_process.py
[2025-03-04T18:00:37.229+0000] {logging_mixin.py:190} INFO - [2025-03-04T18:00:37.229+0000] {dag.py:3239} INFO - Sync 1 DAGs
[2025-03-04T18:00:37.265+0000] {logging_mixin.py:190} INFO - [2025-03-04T18:00:37.265+0000] {dag.py:4180} INFO - Setting next_dagrun for ha_etl_process to 2025-03-04 00:00:00+00:00, run_after=2025-03-05 00:00:00+00:00
[2025-03-04T18:00:37.291+0000] {processor.py:208} INFO - Processing /opt/airflow/dags/ha_etl_process.py took 0.148 seconds
[2025-03-04T18:01:07.505+0000] {processor.py:186} INFO - Started process (PID=1107) to work on /opt/airflow/dags/ha_etl_process.py
[2025-03-04T18:01:07.507+0000] {processor.py:914} INFO - Processing file /opt/airflow/dags/ha_etl_process.py for tasks to queue
[2025-03-04T18:01:07.510+0000] {logging_mixin.py:190} INFO - [2025-03-04T18:01:07.509+0000] {dagbag.py:588} INFO - Filling up the DagBag from /opt/airflow/dags/ha_etl_process.py
[2025-03-04T18:01:07.554+0000] {processor.py:925} INFO - DAG(s) 'ha_etl_process' retrieved from /opt/airflow/dags/ha_etl_process.py
[2025-03-04T18:01:07.579+0000] {logging_mixin.py:190} INFO - [2025-03-04T18:01:07.579+0000] {dag.py:3239} INFO - Sync 1 DAGs
[2025-03-04T18:01:07.613+0000] {logging_mixin.py:190} INFO - [2025-03-04T18:01:07.613+0000] {dag.py:4180} INFO - Setting next_dagrun for ha_etl_process to 2025-03-04 00:00:00+00:00, run_after=2025-03-05 00:00:00+00:00
[2025-03-04T18:01:07.642+0000] {processor.py:208} INFO - Processing /opt/airflow/dags/ha_etl_process.py took 0.145 seconds
[2025-03-04T18:01:38.268+0000] {processor.py:186} INFO - Started process (PID=1419) to work on /opt/airflow/dags/ha_etl_process.py
[2025-03-04T18:01:38.269+0000] {processor.py:914} INFO - Processing file /opt/airflow/dags/ha_etl_process.py for tasks to queue
[2025-03-04T18:01:38.272+0000] {logging_mixin.py:190} INFO - [2025-03-04T18:01:38.272+0000] {dagbag.py:588} INFO - Filling up the DagBag from /opt/airflow/dags/ha_etl_process.py
[2025-03-04T18:01:38.314+0000] {processor.py:925} INFO - DAG(s) 'ha_etl_process' retrieved from /opt/airflow/dags/ha_etl_process.py
[2025-03-04T18:01:38.342+0000] {logging_mixin.py:190} INFO - [2025-03-04T18:01:38.342+0000] {dag.py:3239} INFO - Sync 1 DAGs
[2025-03-04T18:01:38.377+0000] {logging_mixin.py:190} INFO - [2025-03-04T18:01:38.377+0000] {dag.py:4180} INFO - Setting next_dagrun for ha_etl_process to 2025-03-04 00:00:00+00:00, run_after=2025-03-05 00:00:00+00:00
[2025-03-04T18:01:38.404+0000] {processor.py:208} INFO - Processing /opt/airflow/dags/ha_etl_process.py took 0.144 seconds
[2025-03-04T18:02:08.844+0000] {processor.py:186} INFO - Started process (PID=1725) to work on /opt/airflow/dags/ha_etl_process.py
[2025-03-04T18:02:08.846+0000] {processor.py:914} INFO - Processing file /opt/airflow/dags/ha_etl_process.py for tasks to queue
[2025-03-04T18:02:08.848+0000] {logging_mixin.py:190} INFO - [2025-03-04T18:02:08.848+0000] {dagbag.py:588} INFO - Filling up the DagBag from /opt/airflow/dags/ha_etl_process.py
[2025-03-04T18:02:08.908+0000] {processor.py:925} INFO - DAG(s) 'ha_etl_process' retrieved from /opt/airflow/dags/ha_etl_process.py
[2025-03-04T18:02:08.931+0000] {logging_mixin.py:190} INFO - [2025-03-04T18:02:08.930+0000] {dag.py:3239} INFO - Sync 1 DAGs
[2025-03-04T18:02:08.962+0000] {logging_mixin.py:190} INFO - [2025-03-04T18:02:08.962+0000] {dag.py:4180} INFO - Setting next_dagrun for ha_etl_process to 2025-03-04 00:00:00+00:00, run_after=2025-03-05 00:00:00+00:00
[2025-03-04T18:02:09.003+0000] {processor.py:208} INFO - Processing /opt/airflow/dags/ha_etl_process.py took 0.166 seconds
[2025-03-04T18:02:39.364+0000] {processor.py:186} INFO - Started process (PID=2031) to work on /opt/airflow/dags/ha_etl_process.py
[2025-03-04T18:02:39.366+0000] {processor.py:914} INFO - Processing file /opt/airflow/dags/ha_etl_process.py for tasks to queue
[2025-03-04T18:02:39.372+0000] {logging_mixin.py:190} INFO - [2025-03-04T18:02:39.371+0000] {dagbag.py:588} INFO - Filling up the DagBag from /opt/airflow/dags/ha_etl_process.py
[2025-03-04T18:02:39.416+0000] {processor.py:925} INFO - DAG(s) 'ha_etl_process' retrieved from /opt/airflow/dags/ha_etl_process.py
[2025-03-04T18:02:39.441+0000] {logging_mixin.py:190} INFO - [2025-03-04T18:02:39.441+0000] {dag.py:3239} INFO - Sync 1 DAGs
[2025-03-04T18:02:39.471+0000] {logging_mixin.py:190} INFO - [2025-03-04T18:02:39.471+0000] {dag.py:4180} INFO - Setting next_dagrun for ha_etl_process to 2025-03-04 00:00:00+00:00, run_after=2025-03-05 00:00:00+00:00
[2025-03-04T18:02:39.496+0000] {processor.py:208} INFO - Processing /opt/airflow/dags/ha_etl_process.py took 0.140 seconds
[2025-03-04T18:03:09.750+0000] {processor.py:186} INFO - Started process (PID=2353) to work on /opt/airflow/dags/ha_etl_process.py
[2025-03-04T18:03:09.751+0000] {processor.py:914} INFO - Processing file /opt/airflow/dags/ha_etl_process.py for tasks to queue
[2025-03-04T18:03:09.754+0000] {logging_mixin.py:190} INFO - [2025-03-04T18:03:09.754+0000] {dagbag.py:588} INFO - Filling up the DagBag from /opt/airflow/dags/ha_etl_process.py
[2025-03-04T18:03:09.788+0000] {processor.py:925} INFO - DAG(s) 'ha_etl_process' retrieved from /opt/airflow/dags/ha_etl_process.py
[2025-03-04T18:03:09.810+0000] {logging_mixin.py:190} INFO - [2025-03-04T18:03:09.810+0000] {dag.py:3239} INFO - Sync 1 DAGs
[2025-03-04T18:03:09.840+0000] {logging_mixin.py:190} INFO - [2025-03-04T18:03:09.840+0000] {dag.py:4180} INFO - Setting next_dagrun for ha_etl_process to 2025-03-04 00:00:00+00:00, run_after=2025-03-05 00:00:00+00:00
[2025-03-04T18:03:09.865+0000] {processor.py:208} INFO - Processing /opt/airflow/dags/ha_etl_process.py took 0.122 seconds
[2025-03-04T18:03:39.968+0000] {processor.py:186} INFO - Started process (PID=2657) to work on /opt/airflow/dags/ha_etl_process.py
[2025-03-04T18:03:39.969+0000] {processor.py:914} INFO - Processing file /opt/airflow/dags/ha_etl_process.py for tasks to queue
[2025-03-04T18:03:39.973+0000] {logging_mixin.py:190} INFO - [2025-03-04T18:03:39.972+0000] {dagbag.py:588} INFO - Filling up the DagBag from /opt/airflow/dags/ha_etl_process.py
[2025-03-04T18:03:40.007+0000] {processor.py:925} INFO - DAG(s) 'ha_etl_process' retrieved from /opt/airflow/dags/ha_etl_process.py
[2025-03-04T18:03:40.030+0000] {logging_mixin.py:190} INFO - [2025-03-04T18:03:40.029+0000] {dag.py:3239} INFO - Sync 1 DAGs
[2025-03-04T18:03:40.060+0000] {logging_mixin.py:190} INFO - [2025-03-04T18:03:40.059+0000] {dag.py:4180} INFO - Setting next_dagrun for ha_etl_process to 2025-03-04 00:00:00+00:00, run_after=2025-03-05 00:00:00+00:00
[2025-03-04T18:03:40.087+0000] {processor.py:208} INFO - Processing /opt/airflow/dags/ha_etl_process.py took 0.126 seconds
[2025-03-04T18:04:11.128+0000] {processor.py:186} INFO - Started process (PID=2960) to work on /opt/airflow/dags/ha_etl_process.py
[2025-03-04T18:04:11.130+0000] {processor.py:914} INFO - Processing file /opt/airflow/dags/ha_etl_process.py for tasks to queue
[2025-03-04T18:04:11.132+0000] {logging_mixin.py:190} INFO - [2025-03-04T18:04:11.132+0000] {dagbag.py:588} INFO - Filling up the DagBag from /opt/airflow/dags/ha_etl_process.py
[2025-03-04T18:04:11.175+0000] {processor.py:925} INFO - DAG(s) 'ha_etl_process' retrieved from /opt/airflow/dags/ha_etl_process.py
[2025-03-04T18:04:11.212+0000] {logging_mixin.py:190} INFO - [2025-03-04T18:04:11.212+0000] {dag.py:3239} INFO - Sync 1 DAGs
[2025-03-04T18:04:11.242+0000] {logging_mixin.py:190} INFO - [2025-03-04T18:04:11.242+0000] {dag.py:4180} INFO - Setting next_dagrun for ha_etl_process to 2025-03-04 00:00:00+00:00, run_after=2025-03-05 00:00:00+00:00
[2025-03-04T18:04:11.266+0000] {processor.py:208} INFO - Processing /opt/airflow/dags/ha_etl_process.py took 0.145 seconds
[2025-03-04T18:04:41.728+0000] {processor.py:186} INFO - Started process (PID=3266) to work on /opt/airflow/dags/ha_etl_process.py
[2025-03-04T18:04:41.730+0000] {processor.py:914} INFO - Processing file /opt/airflow/dags/ha_etl_process.py for tasks to queue
[2025-03-04T18:04:41.733+0000] {logging_mixin.py:190} INFO - [2025-03-04T18:04:41.733+0000] {dagbag.py:588} INFO - Filling up the DagBag from /opt/airflow/dags/ha_etl_process.py
[2025-03-04T18:04:41.778+0000] {processor.py:925} INFO - DAG(s) 'ha_etl_process' retrieved from /opt/airflow/dags/ha_etl_process.py
[2025-03-04T18:04:41.812+0000] {logging_mixin.py:190} INFO - [2025-03-04T18:04:41.811+0000] {dag.py:3239} INFO - Sync 1 DAGs
[2025-03-04T18:04:41.843+0000] {logging_mixin.py:190} INFO - [2025-03-04T18:04:41.843+0000] {dag.py:4180} INFO - Setting next_dagrun for ha_etl_process to 2025-03-04 00:00:00+00:00, run_after=2025-03-05 00:00:00+00:00
[2025-03-04T18:04:41.871+0000] {processor.py:208} INFO - Processing /opt/airflow/dags/ha_etl_process.py took 0.154 seconds
[2025-03-04T18:05:12.528+0000] {processor.py:186} INFO - Started process (PID=3572) to work on /opt/airflow/dags/ha_etl_process.py
[2025-03-04T18:05:12.529+0000] {processor.py:914} INFO - Processing file /opt/airflow/dags/ha_etl_process.py for tasks to queue
[2025-03-04T18:05:12.532+0000] {logging_mixin.py:190} INFO - [2025-03-04T18:05:12.532+0000] {dagbag.py:588} INFO - Filling up the DagBag from /opt/airflow/dags/ha_etl_process.py
[2025-03-04T18:05:12.572+0000] {processor.py:925} INFO - DAG(s) 'ha_etl_process' retrieved from /opt/airflow/dags/ha_etl_process.py
[2025-03-04T18:05:12.594+0000] {logging_mixin.py:190} INFO - [2025-03-04T18:05:12.593+0000] {dag.py:3239} INFO - Sync 1 DAGs
[2025-03-04T18:05:12.629+0000] {logging_mixin.py:190} INFO - [2025-03-04T18:05:12.629+0000] {dag.py:4180} INFO - Setting next_dagrun for ha_etl_process to 2025-03-04 00:00:00+00:00, run_after=2025-03-05 00:00:00+00:00
[2025-03-04T18:05:12.658+0000] {processor.py:208} INFO - Processing /opt/airflow/dags/ha_etl_process.py took 0.137 seconds
[2025-03-04T18:05:43.675+0000] {processor.py:186} INFO - Started process (PID=3878) to work on /opt/airflow/dags/ha_etl_process.py
[2025-03-04T18:05:43.677+0000] {processor.py:914} INFO - Processing file /opt/airflow/dags/ha_etl_process.py for tasks to queue
[2025-03-04T18:05:43.679+0000] {logging_mixin.py:190} INFO - [2025-03-04T18:05:43.679+0000] {dagbag.py:588} INFO - Filling up the DagBag from /opt/airflow/dags/ha_etl_process.py
[2025-03-04T18:05:43.720+0000] {processor.py:925} INFO - DAG(s) 'ha_etl_process' retrieved from /opt/airflow/dags/ha_etl_process.py
[2025-03-04T18:05:43.748+0000] {logging_mixin.py:190} INFO - [2025-03-04T18:05:43.747+0000] {dag.py:3239} INFO - Sync 1 DAGs
[2025-03-04T18:05:43.789+0000] {logging_mixin.py:190} INFO - [2025-03-04T18:05:43.788+0000] {dag.py:4180} INFO - Setting next_dagrun for ha_etl_process to 2025-03-04 00:00:00+00:00, run_after=2025-03-05 00:00:00+00:00
[2025-03-04T18:05:43.820+0000] {processor.py:208} INFO - Processing /opt/airflow/dags/ha_etl_process.py took 0.152 seconds
