[2025-02-28T04:48:38.027+0000] {local_task_job_runner.py:123} INFO - ::group::Pre task execution logs
[2025-02-28T04:48:38.059+0000] {taskinstance.py:2614} INFO - Dependencies all met for dep_context=non-requeueable deps ti=<TaskInstance: example_bash_operator.run_after_loop manual__2025-02-28T04:48:26+00:00 [queued]>
[2025-02-28T04:48:38.075+0000] {taskinstance.py:2614} INFO - Dependencies all met for dep_context=requeueable deps ti=<TaskInstance: example_bash_operator.run_after_loop manual__2025-02-28T04:48:26+00:00 [queued]>
[2025-02-28T04:48:38.076+0000] {taskinstance.py:2867} INFO - Starting attempt 1 of 1
[2025-02-28T04:48:38.097+0000] {taskinstance.py:2890} INFO - Executing <Task(BashOperator): run_after_loop> on 2025-02-28 04:48:26+00:00
[2025-02-28T04:48:38.107+0000] {standard_task_runner.py:104} INFO - Running: ['***', 'tasks', 'run', 'example_bash_operator', 'run_after_loop', 'manual__2025-02-28T04:48:26+00:00', '--job-id', '42', '--raw', '--subdir', '/home/***/.local/lib/python3.12/site-packages/***/example_dags/example_bash_operator.py', '--cfg-path', '/tmp/tmp2fe272xr']
[2025-02-28T04:48:38.108+0000] {standard_task_runner.py:105} INFO - Job 42: Subtask run_after_loop
[2025-02-28T04:48:38.112+0000] {logging_mixin.py:190} WARNING - /home/***/.local/lib/python3.12/site-packages/***/task/task_runner/standard_task_runner.py:70 DeprecationWarning: This process (pid=5956) is multi-threaded, use of fork() may lead to deadlocks in the child.
[2025-02-28T04:48:38.112+0000] {standard_task_runner.py:72} INFO - Started process 5959 to run task
[2025-02-28T04:48:38.164+0000] {task_command.py:467} INFO - Running <TaskInstance: example_bash_operator.run_after_loop manual__2025-02-28T04:48:26+00:00 [running]> on host 151d4861bf1b
[2025-02-28T04:48:38.277+0000] {taskinstance.py:3134} INFO - Exporting env vars: AIRFLOW_CTX_DAG_OWNER='***' AIRFLOW_CTX_DAG_ID='example_bash_operator' AIRFLOW_CTX_TASK_ID='run_after_loop' AIRFLOW_CTX_EXECUTION_DATE='2025-02-28T04:48:26+00:00' AIRFLOW_CTX_TRY_NUMBER='1' AIRFLOW_CTX_DAG_RUN_ID='manual__2025-02-28T04:48:26+00:00'
[2025-02-28T04:48:38.278+0000] {logging_mixin.py:190} INFO - Task instance is in running state
[2025-02-28T04:48:38.279+0000] {logging_mixin.py:190} INFO -  Previous state of the Task instance: queued
[2025-02-28T04:48:38.279+0000] {logging_mixin.py:190} INFO - Current task name:run_after_loop state:running start_date:2025-02-28 04:48:38.060427+00:00
[2025-02-28T04:48:38.280+0000] {logging_mixin.py:190} INFO - Dag name:example_bash_operator and current dag run status:running
[2025-02-28T04:48:38.280+0000] {taskinstance.py:732} INFO - ::endgroup::
[2025-02-28T04:48:38.281+0000] {subprocess.py:78} INFO - Tmp dir root location: /tmp
[2025-02-28T04:48:38.282+0000] {subprocess.py:88} INFO - Running command: ['/usr/bin/bash', '-c', 'echo https://***.apache.org/']
[2025-02-28T04:48:38.295+0000] {subprocess.py:99} INFO - Output:
[2025-02-28T04:48:38.297+0000] {subprocess.py:106} INFO - https://***.apache.org/
[2025-02-28T04:48:38.298+0000] {subprocess.py:110} INFO - Command exited with return code 0
[2025-02-28T04:48:38.341+0000] {taskinstance.py:341} INFO - ::group::Post task execution logs
[2025-02-28T04:48:38.342+0000] {taskinstance.py:353} INFO - Marking task as SUCCESS. dag_id=example_bash_operator, task_id=run_after_loop, run_id=manual__2025-02-28T04:48:26+00:00, execution_date=20250228T044826, start_date=20250228T044838, end_date=20250228T044838
[2025-02-28T04:48:38.376+0000] {logging_mixin.py:190} INFO - Task instance in success state
[2025-02-28T04:48:38.377+0000] {logging_mixin.py:190} INFO -  Previous state of the Task instance: running
[2025-02-28T04:48:38.378+0000] {logging_mixin.py:190} INFO - Dag name:example_bash_operator queued_at:2025-02-28 04:48:32.304790+00:00
[2025-02-28T04:48:38.378+0000] {logging_mixin.py:190} INFO - Task hostname:151d4861bf1b operator:BashOperator
[2025-02-28T04:48:38.408+0000] {local_task_job_runner.py:266} INFO - Task exited with return code 0
[2025-02-28T04:48:38.436+0000] {taskinstance.py:3901} INFO - 0 downstream tasks scheduled from follow-on schedule check
[2025-02-28T04:48:38.442+0000] {local_task_job_runner.py:245} INFO - ::endgroup::
