[2025-03-04T17:28:47.418+0000] {local_task_job_runner.py:123} INFO - ::group::Pre task execution logs
[2025-03-04T17:28:47.455+0000] {taskinstance.py:2614} INFO - Dependencies all met for dep_context=non-requeueable deps ti=<TaskInstance: example_bash_operator.run_after_loop scheduled__2025-03-03T00:00:00+00:00 [queued]>
[2025-03-04T17:28:47.474+0000] {taskinstance.py:2614} INFO - Dependencies all met for dep_context=requeueable deps ti=<TaskInstance: example_bash_operator.run_after_loop scheduled__2025-03-03T00:00:00+00:00 [queued]>
[2025-03-04T17:28:47.475+0000] {taskinstance.py:2867} INFO - Starting attempt 1 of 1
[2025-03-04T17:28:47.497+0000] {taskinstance.py:2890} INFO - Executing <Task(BashOperator): run_after_loop> on 2025-03-03 00:00:00+00:00
[2025-03-04T17:28:47.510+0000] {standard_task_runner.py:104} INFO - Running: ['***', 'tasks', 'run', 'example_bash_operator', 'run_after_loop', 'scheduled__2025-03-03T00:00:00+00:00', '--job-id', '209', '--raw', '--subdir', '/home/***/.local/lib/python3.12/site-packages/***/example_dags/example_bash_operator.py', '--cfg-path', '/tmp/tmprh3d287y']
[2025-03-04T17:28:47.513+0000] {standard_task_runner.py:105} INFO - Job 209: Subtask run_after_loop
[2025-03-04T17:28:47.517+0000] {logging_mixin.py:190} WARNING - /home/***/.local/lib/python3.12/site-packages/***/task/task_runner/standard_task_runner.py:70 DeprecationWarning: This process (pid=395) is multi-threaded, use of fork() may lead to deadlocks in the child.
[2025-03-04T17:28:47.518+0000] {standard_task_runner.py:72} INFO - Started process 491 to run task
[2025-03-04T17:28:47.572+0000] {task_command.py:467} INFO - Running <TaskInstance: example_bash_operator.run_after_loop scheduled__2025-03-03T00:00:00+00:00 [running]> on host 151d4861bf1b
[2025-03-04T17:28:47.696+0000] {taskinstance.py:3134} INFO - Exporting env vars: AIRFLOW_CTX_DAG_OWNER='***' AIRFLOW_CTX_DAG_ID='example_bash_operator' AIRFLOW_CTX_TASK_ID='run_after_loop' AIRFLOW_CTX_EXECUTION_DATE='2025-03-03T00:00:00+00:00' AIRFLOW_CTX_TRY_NUMBER='1' AIRFLOW_CTX_DAG_RUN_ID='scheduled__2025-03-03T00:00:00+00:00'
[2025-03-04T17:28:47.697+0000] {logging_mixin.py:190} INFO - Task instance is in running state
[2025-03-04T17:28:47.698+0000] {logging_mixin.py:190} INFO -  Previous state of the Task instance: queued
[2025-03-04T17:28:47.698+0000] {logging_mixin.py:190} INFO - Current task name:run_after_loop state:running start_date:2025-03-04 17:28:47.456425+00:00
[2025-03-04T17:28:47.699+0000] {logging_mixin.py:190} INFO - Dag name:example_bash_operator and current dag run status:running
[2025-03-04T17:28:47.699+0000] {taskinstance.py:732} INFO - ::endgroup::
[2025-03-04T17:28:47.700+0000] {subprocess.py:78} INFO - Tmp dir root location: /tmp
[2025-03-04T17:28:47.701+0000] {subprocess.py:88} INFO - Running command: ['/usr/bin/bash', '-c', 'echo https://***.apache.org/']
[2025-03-04T17:28:47.719+0000] {subprocess.py:99} INFO - Output:
[2025-03-04T17:28:47.721+0000] {subprocess.py:106} INFO - https://***.apache.org/
[2025-03-04T17:28:47.722+0000] {subprocess.py:110} INFO - Command exited with return code 0
[2025-03-04T17:28:47.755+0000] {taskinstance.py:341} INFO - ::group::Post task execution logs
[2025-03-04T17:28:47.755+0000] {taskinstance.py:353} INFO - Marking task as SUCCESS. dag_id=example_bash_operator, task_id=run_after_loop, run_id=scheduled__2025-03-03T00:00:00+00:00, execution_date=20250303T000000, start_date=20250304T172847, end_date=20250304T172847
[2025-03-04T17:28:47.787+0000] {logging_mixin.py:190} INFO - Task instance in success state
[2025-03-04T17:28:47.788+0000] {logging_mixin.py:190} INFO -  Previous state of the Task instance: running
[2025-03-04T17:28:47.789+0000] {logging_mixin.py:190} INFO - Dag name:example_bash_operator queued_at:2025-03-04 17:28:41.052768+00:00
[2025-03-04T17:28:47.789+0000] {logging_mixin.py:190} INFO - Task hostname:151d4861bf1b operator:BashOperator
[2025-03-04T17:28:47.813+0000] {local_task_job_runner.py:266} INFO - Task exited with return code 0
[2025-03-04T17:28:47.834+0000] {taskinstance.py:3901} INFO - 0 downstream tasks scheduled from follow-on schedule check
[2025-03-04T17:28:47.837+0000] {local_task_job_runner.py:245} INFO - ::endgroup::
