[2025-02-21T15:40:07.743+0000] {local_task_job_runner.py:123} INFO - ::group::Pre task execution logs
[2025-02-21T15:40:07.763+0000] {taskinstance.py:2614} INFO - Dependencies all met for dep_context=non-requeueable deps ti=<TaskInstance: example_bash_operator.runme_1 scheduled__2025-02-20T00:00:00+00:00 [queued]>
[2025-02-21T15:40:07.772+0000] {taskinstance.py:2614} INFO - Dependencies all met for dep_context=requeueable deps ti=<TaskInstance: example_bash_operator.runme_1 scheduled__2025-02-20T00:00:00+00:00 [queued]>
[2025-02-21T15:40:07.773+0000] {taskinstance.py:2867} INFO - Starting attempt 1 of 1
[2025-02-21T15:40:07.789+0000] {taskinstance.py:2890} INFO - Executing <Task(BashOperator): runme_1> on 2025-02-20 00:00:00+00:00
[2025-02-21T15:40:07.799+0000] {standard_task_runner.py:104} INFO - Running: ['***', 'tasks', 'run', 'example_bash_operator', 'runme_1', 'scheduled__2025-02-20T00:00:00+00:00', '--job-id', '5', '--raw', '--subdir', '/home/***/.local/lib/python3.12/site-packages/***/example_dags/example_bash_operator.py', '--cfg-path', '/tmp/tmpyzpowznp']
[2025-02-21T15:40:07.801+0000] {standard_task_runner.py:105} INFO - Job 5: Subtask runme_1
[2025-02-21T15:40:07.817+0000] {logging_mixin.py:190} WARNING - /home/***/.local/lib/python3.12/site-packages/***/task/task_runner/standard_task_runner.py:70 DeprecationWarning: This process (pid=1321) is multi-threaded, use of fork() may lead to deadlocks in the child.
[2025-02-21T15:40:07.818+0000] {standard_task_runner.py:72} INFO - Started process 1360 to run task
[2025-02-21T15:40:07.878+0000] {task_command.py:467} INFO - Running <TaskInstance: example_bash_operator.runme_1 scheduled__2025-02-20T00:00:00+00:00 [running]> on host 151d4861bf1b
[2025-02-21T15:40:07.972+0000] {taskinstance.py:3134} INFO - Exporting env vars: AIRFLOW_CTX_DAG_OWNER='***' AIRFLOW_CTX_DAG_ID='example_bash_operator' AIRFLOW_CTX_TASK_ID='runme_1' AIRFLOW_CTX_EXECUTION_DATE='2025-02-20T00:00:00+00:00' AIRFLOW_CTX_TRY_NUMBER='1' AIRFLOW_CTX_DAG_RUN_ID='scheduled__2025-02-20T00:00:00+00:00'
[2025-02-21T15:40:07.973+0000] {logging_mixin.py:190} INFO - Task instance is in running state
[2025-02-21T15:40:07.974+0000] {logging_mixin.py:190} INFO -  Previous state of the Task instance: queued
[2025-02-21T15:40:07.974+0000] {logging_mixin.py:190} INFO - Current task name:runme_1 state:running start_date:2025-02-21 15:40:07.763897+00:00
[2025-02-21T15:40:07.975+0000] {logging_mixin.py:190} INFO - Dag name:example_bash_operator and current dag run status:running
[2025-02-21T15:40:07.975+0000] {taskinstance.py:732} INFO - ::endgroup::
[2025-02-21T15:40:07.976+0000] {subprocess.py:78} INFO - Tmp dir root location: /tmp
[2025-02-21T15:40:07.977+0000] {subprocess.py:88} INFO - Running command: ['/usr/bin/bash', '-c', 'echo "example_bash_operator__runme_1__20250220" && sleep 1']
[2025-02-21T15:40:07.990+0000] {subprocess.py:99} INFO - Output:
[2025-02-21T15:40:07.992+0000] {subprocess.py:106} INFO - example_bash_operator__runme_1__20250220
[2025-02-21T15:40:08.994+0000] {subprocess.py:110} INFO - Command exited with return code 0
[2025-02-21T15:40:09.040+0000] {taskinstance.py:341} INFO - ::group::Post task execution logs
[2025-02-21T15:40:09.042+0000] {taskinstance.py:353} INFO - Marking task as SUCCESS. dag_id=example_bash_operator, task_id=runme_1, run_id=scheduled__2025-02-20T00:00:00+00:00, execution_date=20250220T000000, start_date=20250221T154007, end_date=20250221T154009
[2025-02-21T15:40:09.077+0000] {logging_mixin.py:190} INFO - Task instance in success state
[2025-02-21T15:40:09.078+0000] {logging_mixin.py:190} INFO -  Previous state of the Task instance: running
[2025-02-21T15:40:09.078+0000] {logging_mixin.py:190} INFO - Dag name:example_bash_operator queued_at:2025-02-21 15:40:06.081649+00:00
[2025-02-21T15:40:09.078+0000] {logging_mixin.py:190} INFO - Task hostname:151d4861bf1b operator:BashOperator
[2025-02-21T15:40:09.118+0000] {local_task_job_runner.py:266} INFO - Task exited with return code 0
[2025-02-21T15:40:09.129+0000] {local_task_job_runner.py:245} INFO - ::endgroup::
