[2025-03-04T17:28:47.284+0000] {processor.py:186} INFO - Started process (PID=477) to work on /home/airflow/.local/lib/python3.12/site-packages/airflow/example_dags/example_sla_dag.py
[2025-03-04T17:28:47.285+0000] {processor.py:914} INFO - Processing file /home/airflow/.local/lib/python3.12/site-packages/airflow/example_dags/example_sla_dag.py for tasks to queue
[2025-03-04T17:28:47.288+0000] {logging_mixin.py:190} INFO - [2025-03-04T17:28:47.287+0000] {dagbag.py:588} INFO - Filling up the DagBag from /home/airflow/.local/lib/python3.12/site-packages/airflow/example_dags/example_sla_dag.py
[2025-03-04T17:28:47.303+0000] {processor.py:925} INFO - DAG(s) 'example_sla_dag' retrieved from /home/airflow/.local/lib/python3.12/site-packages/airflow/example_dags/example_sla_dag.py
[2025-03-04T17:28:47.336+0000] {logging_mixin.py:190} INFO - [2025-03-04T17:28:47.336+0000] {dag.py:3239} INFO - Sync 1 DAGs
[2025-03-04T17:28:47.375+0000] {logging_mixin.py:190} INFO - [2025-03-04T17:28:47.375+0000] {dag.py:4180} INFO - Setting next_dagrun for example_sla_dag to 2025-03-04 17:26:00+00:00, run_after=2025-03-04 17:28:00+00:00
[2025-03-04T17:28:47.398+0000] {processor.py:208} INFO - Processing /home/airflow/.local/lib/python3.12/site-packages/airflow/example_dags/example_sla_dag.py took 0.123 seconds
[2025-03-04T17:29:18.116+0000] {processor.py:186} INFO - Started process (PID=800) to work on /home/airflow/.local/lib/python3.12/site-packages/airflow/example_dags/example_sla_dag.py
[2025-03-04T17:29:18.117+0000] {processor.py:914} INFO - Processing file /home/airflow/.local/lib/python3.12/site-packages/airflow/example_dags/example_sla_dag.py for tasks to queue
[2025-03-04T17:29:18.120+0000] {logging_mixin.py:190} INFO - [2025-03-04T17:29:18.119+0000] {dagbag.py:588} INFO - Filling up the DagBag from /home/airflow/.local/lib/python3.12/site-packages/airflow/example_dags/example_sla_dag.py
[2025-03-04T17:29:18.130+0000] {processor.py:925} INFO - DAG(s) 'example_sla_dag' retrieved from /home/airflow/.local/lib/python3.12/site-packages/airflow/example_dags/example_sla_dag.py
[2025-03-04T17:29:18.150+0000] {logging_mixin.py:190} INFO - [2025-03-04T17:29:18.150+0000] {dag.py:3239} INFO - Sync 1 DAGs
[2025-03-04T17:29:18.180+0000] {logging_mixin.py:190} INFO - [2025-03-04T17:29:18.179+0000] {dag.py:4180} INFO - Setting next_dagrun for example_sla_dag to 2025-03-04 17:26:00+00:00, run_after=2025-03-04 17:28:00+00:00
[2025-03-04T17:29:18.203+0000] {processor.py:208} INFO - Processing /home/airflow/.local/lib/python3.12/site-packages/airflow/example_dags/example_sla_dag.py took 0.093 seconds
[2025-03-04T17:29:48.938+0000] {processor.py:186} INFO - Started process (PID=1106) to work on /home/airflow/.local/lib/python3.12/site-packages/airflow/example_dags/example_sla_dag.py
[2025-03-04T17:29:48.939+0000] {processor.py:914} INFO - Processing file /home/airflow/.local/lib/python3.12/site-packages/airflow/example_dags/example_sla_dag.py for tasks to queue
[2025-03-04T17:29:48.942+0000] {logging_mixin.py:190} INFO - [2025-03-04T17:29:48.941+0000] {dagbag.py:588} INFO - Filling up the DagBag from /home/airflow/.local/lib/python3.12/site-packages/airflow/example_dags/example_sla_dag.py
[2025-03-04T17:29:48.952+0000] {processor.py:925} INFO - DAG(s) 'example_sla_dag' retrieved from /home/airflow/.local/lib/python3.12/site-packages/airflow/example_dags/example_sla_dag.py
[2025-03-04T17:29:48.975+0000] {logging_mixin.py:190} INFO - [2025-03-04T17:29:48.975+0000] {dag.py:3239} INFO - Sync 1 DAGs
[2025-03-04T17:29:49.012+0000] {logging_mixin.py:190} INFO - [2025-03-04T17:29:49.011+0000] {dag.py:4180} INFO - Setting next_dagrun for example_sla_dag to 2025-03-04 17:26:00+00:00, run_after=2025-03-04 17:28:00+00:00
[2025-03-04T17:29:49.039+0000] {processor.py:208} INFO - Processing /home/airflow/.local/lib/python3.12/site-packages/airflow/example_dags/example_sla_dag.py took 0.107 seconds
[2025-03-04T17:30:20.029+0000] {processor.py:186} INFO - Started process (PID=1412) to work on /home/airflow/.local/lib/python3.12/site-packages/airflow/example_dags/example_sla_dag.py
[2025-03-04T17:30:20.030+0000] {processor.py:914} INFO - Processing file /home/airflow/.local/lib/python3.12/site-packages/airflow/example_dags/example_sla_dag.py for tasks to queue
[2025-03-04T17:30:20.033+0000] {logging_mixin.py:190} INFO - [2025-03-04T17:30:20.032+0000] {dagbag.py:588} INFO - Filling up the DagBag from /home/airflow/.local/lib/python3.12/site-packages/airflow/example_dags/example_sla_dag.py
[2025-03-04T17:30:20.044+0000] {processor.py:925} INFO - DAG(s) 'example_sla_dag' retrieved from /home/airflow/.local/lib/python3.12/site-packages/airflow/example_dags/example_sla_dag.py
[2025-03-04T17:30:20.069+0000] {logging_mixin.py:190} INFO - [2025-03-04T17:30:20.068+0000] {dag.py:3239} INFO - Sync 1 DAGs
[2025-03-04T17:30:20.103+0000] {logging_mixin.py:190} INFO - [2025-03-04T17:30:20.102+0000] {dag.py:4180} INFO - Setting next_dagrun for example_sla_dag to 2025-03-04 17:28:00+00:00, run_after=2025-03-04 17:30:00+00:00
[2025-03-04T17:30:20.125+0000] {processor.py:208} INFO - Processing /home/airflow/.local/lib/python3.12/site-packages/airflow/example_dags/example_sla_dag.py took 0.110 seconds
[2025-03-04T17:30:51.524+0000] {processor.py:186} INFO - Started process (PID=1720) to work on /home/airflow/.local/lib/python3.12/site-packages/airflow/example_dags/example_sla_dag.py
[2025-03-04T17:30:51.525+0000] {processor.py:914} INFO - Processing file /home/airflow/.local/lib/python3.12/site-packages/airflow/example_dags/example_sla_dag.py for tasks to queue
[2025-03-04T17:30:51.527+0000] {logging_mixin.py:190} INFO - [2025-03-04T17:30:51.526+0000] {dagbag.py:588} INFO - Filling up the DagBag from /home/airflow/.local/lib/python3.12/site-packages/airflow/example_dags/example_sla_dag.py
[2025-03-04T17:30:51.538+0000] {processor.py:925} INFO - DAG(s) 'example_sla_dag' retrieved from /home/airflow/.local/lib/python3.12/site-packages/airflow/example_dags/example_sla_dag.py
[2025-03-04T17:30:51.560+0000] {logging_mixin.py:190} INFO - [2025-03-04T17:30:51.560+0000] {dag.py:3239} INFO - Sync 1 DAGs
[2025-03-04T17:30:51.592+0000] {logging_mixin.py:190} INFO - [2025-03-04T17:30:51.592+0000] {dag.py:4180} INFO - Setting next_dagrun for example_sla_dag to 2025-03-04 17:28:00+00:00, run_after=2025-03-04 17:30:00+00:00
[2025-03-04T17:30:51.614+0000] {processor.py:208} INFO - Processing /home/airflow/.local/lib/python3.12/site-packages/airflow/example_dags/example_sla_dag.py took 0.096 seconds
[2025-03-04T17:31:22.445+0000] {processor.py:186} INFO - Started process (PID=2024) to work on /home/airflow/.local/lib/python3.12/site-packages/airflow/example_dags/example_sla_dag.py
[2025-03-04T17:31:22.446+0000] {processor.py:914} INFO - Processing file /home/airflow/.local/lib/python3.12/site-packages/airflow/example_dags/example_sla_dag.py for tasks to queue
[2025-03-04T17:31:22.448+0000] {logging_mixin.py:190} INFO - [2025-03-04T17:31:22.448+0000] {dagbag.py:588} INFO - Filling up the DagBag from /home/airflow/.local/lib/python3.12/site-packages/airflow/example_dags/example_sla_dag.py
[2025-03-04T17:31:22.459+0000] {processor.py:925} INFO - DAG(s) 'example_sla_dag' retrieved from /home/airflow/.local/lib/python3.12/site-packages/airflow/example_dags/example_sla_dag.py
[2025-03-04T17:31:22.477+0000] {logging_mixin.py:190} INFO - [2025-03-04T17:31:22.477+0000] {dag.py:3239} INFO - Sync 1 DAGs
[2025-03-04T17:31:22.506+0000] {logging_mixin.py:190} INFO - [2025-03-04T17:31:22.505+0000] {dag.py:4180} INFO - Setting next_dagrun for example_sla_dag to 2025-03-04 17:28:00+00:00, run_after=2025-03-04 17:30:00+00:00
[2025-03-04T17:31:22.527+0000] {processor.py:208} INFO - Processing /home/airflow/.local/lib/python3.12/site-packages/airflow/example_dags/example_sla_dag.py took 0.088 seconds
[2025-03-04T17:31:54.283+0000] {processor.py:186} INFO - Started process (PID=2332) to work on /home/airflow/.local/lib/python3.12/site-packages/airflow/example_dags/example_sla_dag.py
[2025-03-04T17:31:54.284+0000] {processor.py:914} INFO - Processing file /home/airflow/.local/lib/python3.12/site-packages/airflow/example_dags/example_sla_dag.py for tasks to queue
[2025-03-04T17:31:54.287+0000] {logging_mixin.py:190} INFO - [2025-03-04T17:31:54.286+0000] {dagbag.py:588} INFO - Filling up the DagBag from /home/airflow/.local/lib/python3.12/site-packages/airflow/example_dags/example_sla_dag.py
[2025-03-04T17:31:54.300+0000] {processor.py:925} INFO - DAG(s) 'example_sla_dag' retrieved from /home/airflow/.local/lib/python3.12/site-packages/airflow/example_dags/example_sla_dag.py
[2025-03-04T17:31:54.325+0000] {logging_mixin.py:190} INFO - [2025-03-04T17:31:54.325+0000] {dag.py:3239} INFO - Sync 1 DAGs
[2025-03-04T17:31:54.360+0000] {logging_mixin.py:190} INFO - [2025-03-04T17:31:54.360+0000] {dag.py:4180} INFO - Setting next_dagrun for example_sla_dag to 2025-03-04 17:28:00+00:00, run_after=2025-03-04 17:30:00+00:00
[2025-03-04T17:31:54.387+0000] {processor.py:208} INFO - Processing /home/airflow/.local/lib/python3.12/site-packages/airflow/example_dags/example_sla_dag.py took 0.112 seconds
[2025-03-04T17:32:25.068+0000] {processor.py:186} INFO - Started process (PID=2636) to work on /home/airflow/.local/lib/python3.12/site-packages/airflow/example_dags/example_sla_dag.py
[2025-03-04T17:32:25.071+0000] {processor.py:914} INFO - Processing file /home/airflow/.local/lib/python3.12/site-packages/airflow/example_dags/example_sla_dag.py for tasks to queue
[2025-03-04T17:32:25.076+0000] {logging_mixin.py:190} INFO - [2025-03-04T17:32:25.075+0000] {dagbag.py:588} INFO - Filling up the DagBag from /home/airflow/.local/lib/python3.12/site-packages/airflow/example_dags/example_sla_dag.py
[2025-03-04T17:32:25.097+0000] {processor.py:925} INFO - DAG(s) 'example_sla_dag' retrieved from /home/airflow/.local/lib/python3.12/site-packages/airflow/example_dags/example_sla_dag.py
[2025-03-04T17:32:25.118+0000] {logging_mixin.py:190} INFO - [2025-03-04T17:32:25.118+0000] {dag.py:3239} INFO - Sync 1 DAGs
[2025-03-04T17:32:25.149+0000] {logging_mixin.py:190} INFO - [2025-03-04T17:32:25.148+0000] {dag.py:4180} INFO - Setting next_dagrun for example_sla_dag to 2025-03-04 17:30:00+00:00, run_after=2025-03-04 17:32:00+00:00
[2025-03-04T17:32:25.173+0000] {processor.py:208} INFO - Processing /home/airflow/.local/lib/python3.12/site-packages/airflow/example_dags/example_sla_dag.py took 0.115 seconds
[2025-03-04T17:32:56.390+0000] {processor.py:186} INFO - Started process (PID=2942) to work on /home/airflow/.local/lib/python3.12/site-packages/airflow/example_dags/example_sla_dag.py
[2025-03-04T17:32:56.391+0000] {processor.py:914} INFO - Processing file /home/airflow/.local/lib/python3.12/site-packages/airflow/example_dags/example_sla_dag.py for tasks to queue
[2025-03-04T17:32:56.394+0000] {logging_mixin.py:190} INFO - [2025-03-04T17:32:56.393+0000] {dagbag.py:588} INFO - Filling up the DagBag from /home/airflow/.local/lib/python3.12/site-packages/airflow/example_dags/example_sla_dag.py
[2025-03-04T17:32:56.417+0000] {processor.py:925} INFO - DAG(s) 'example_sla_dag' retrieved from /home/airflow/.local/lib/python3.12/site-packages/airflow/example_dags/example_sla_dag.py
[2025-03-04T17:32:56.442+0000] {logging_mixin.py:190} INFO - [2025-03-04T17:32:56.442+0000] {dag.py:3239} INFO - Sync 1 DAGs
[2025-03-04T17:32:56.473+0000] {logging_mixin.py:190} INFO - [2025-03-04T17:32:56.473+0000] {dag.py:4180} INFO - Setting next_dagrun for example_sla_dag to 2025-03-04 17:30:00+00:00, run_after=2025-03-04 17:32:00+00:00
[2025-03-04T17:32:56.498+0000] {processor.py:208} INFO - Processing /home/airflow/.local/lib/python3.12/site-packages/airflow/example_dags/example_sla_dag.py took 0.115 seconds
[2025-03-04T17:33:27.535+0000] {processor.py:186} INFO - Started process (PID=3248) to work on /home/airflow/.local/lib/python3.12/site-packages/airflow/example_dags/example_sla_dag.py
[2025-03-04T17:33:27.536+0000] {processor.py:914} INFO - Processing file /home/airflow/.local/lib/python3.12/site-packages/airflow/example_dags/example_sla_dag.py for tasks to queue
[2025-03-04T17:33:27.538+0000] {logging_mixin.py:190} INFO - [2025-03-04T17:33:27.538+0000] {dagbag.py:588} INFO - Filling up the DagBag from /home/airflow/.local/lib/python3.12/site-packages/airflow/example_dags/example_sla_dag.py
[2025-03-04T17:33:27.549+0000] {processor.py:925} INFO - DAG(s) 'example_sla_dag' retrieved from /home/airflow/.local/lib/python3.12/site-packages/airflow/example_dags/example_sla_dag.py
[2025-03-04T17:33:27.571+0000] {logging_mixin.py:190} INFO - [2025-03-04T17:33:27.570+0000] {dag.py:3239} INFO - Sync 1 DAGs
[2025-03-04T17:33:27.603+0000] {logging_mixin.py:190} INFO - [2025-03-04T17:33:27.603+0000] {dag.py:4180} INFO - Setting next_dagrun for example_sla_dag to 2025-03-04 17:30:00+00:00, run_after=2025-03-04 17:32:00+00:00
[2025-03-04T17:33:27.627+0000] {processor.py:208} INFO - Processing /home/airflow/.local/lib/python3.12/site-packages/airflow/example_dags/example_sla_dag.py took 0.100 seconds
[2025-03-04T17:33:58.411+0000] {processor.py:186} INFO - Started process (PID=3556) to work on /home/airflow/.local/lib/python3.12/site-packages/airflow/example_dags/example_sla_dag.py
[2025-03-04T17:33:58.412+0000] {processor.py:914} INFO - Processing file /home/airflow/.local/lib/python3.12/site-packages/airflow/example_dags/example_sla_dag.py for tasks to queue
[2025-03-04T17:33:58.414+0000] {logging_mixin.py:190} INFO - [2025-03-04T17:33:58.413+0000] {dagbag.py:588} INFO - Filling up the DagBag from /home/airflow/.local/lib/python3.12/site-packages/airflow/example_dags/example_sla_dag.py
[2025-03-04T17:33:58.425+0000] {processor.py:925} INFO - DAG(s) 'example_sla_dag' retrieved from /home/airflow/.local/lib/python3.12/site-packages/airflow/example_dags/example_sla_dag.py
[2025-03-04T17:33:58.443+0000] {logging_mixin.py:190} INFO - [2025-03-04T17:33:58.443+0000] {dag.py:3239} INFO - Sync 1 DAGs
[2025-03-04T17:33:58.472+0000] {logging_mixin.py:190} INFO - [2025-03-04T17:33:58.472+0000] {dag.py:4180} INFO - Setting next_dagrun for example_sla_dag to 2025-03-04 17:30:00+00:00, run_after=2025-03-04 17:32:00+00:00
[2025-03-04T17:33:58.493+0000] {processor.py:208} INFO - Processing /home/airflow/.local/lib/python3.12/site-packages/airflow/example_dags/example_sla_dag.py took 0.089 seconds
[2025-03-04T17:34:29.496+0000] {processor.py:186} INFO - Started process (PID=3860) to work on /home/airflow/.local/lib/python3.12/site-packages/airflow/example_dags/example_sla_dag.py
[2025-03-04T17:34:29.498+0000] {processor.py:914} INFO - Processing file /home/airflow/.local/lib/python3.12/site-packages/airflow/example_dags/example_sla_dag.py for tasks to queue
[2025-03-04T17:34:29.503+0000] {logging_mixin.py:190} INFO - [2025-03-04T17:34:29.503+0000] {dagbag.py:588} INFO - Filling up the DagBag from /home/airflow/.local/lib/python3.12/site-packages/airflow/example_dags/example_sla_dag.py
[2025-03-04T17:34:29.517+0000] {processor.py:925} INFO - DAG(s) 'example_sla_dag' retrieved from /home/airflow/.local/lib/python3.12/site-packages/airflow/example_dags/example_sla_dag.py
[2025-03-04T17:34:29.549+0000] {logging_mixin.py:190} INFO - [2025-03-04T17:34:29.549+0000] {dag.py:3239} INFO - Sync 1 DAGs
[2025-03-04T17:34:29.582+0000] {logging_mixin.py:190} INFO - [2025-03-04T17:34:29.581+0000] {dag.py:4180} INFO - Setting next_dagrun for example_sla_dag to 2025-03-04 17:32:00+00:00, run_after=2025-03-04 17:34:00+00:00
[2025-03-04T17:34:29.612+0000] {processor.py:208} INFO - Processing /home/airflow/.local/lib/python3.12/site-packages/airflow/example_dags/example_sla_dag.py took 0.133 seconds
[2025-03-04T17:35:00.049+0000] {processor.py:186} INFO - Started process (PID=4166) to work on /home/airflow/.local/lib/python3.12/site-packages/airflow/example_dags/example_sla_dag.py
[2025-03-04T17:35:00.050+0000] {processor.py:914} INFO - Processing file /home/airflow/.local/lib/python3.12/site-packages/airflow/example_dags/example_sla_dag.py for tasks to queue
[2025-03-04T17:35:00.054+0000] {logging_mixin.py:190} INFO - [2025-03-04T17:35:00.053+0000] {dagbag.py:588} INFO - Filling up the DagBag from /home/airflow/.local/lib/python3.12/site-packages/airflow/example_dags/example_sla_dag.py
[2025-03-04T17:35:00.065+0000] {processor.py:925} INFO - DAG(s) 'example_sla_dag' retrieved from /home/airflow/.local/lib/python3.12/site-packages/airflow/example_dags/example_sla_dag.py
[2025-03-04T17:35:00.090+0000] {logging_mixin.py:190} INFO - [2025-03-04T17:35:00.090+0000] {dag.py:3239} INFO - Sync 1 DAGs
[2025-03-04T17:35:00.122+0000] {logging_mixin.py:190} INFO - [2025-03-04T17:35:00.122+0000] {dag.py:4180} INFO - Setting next_dagrun for example_sla_dag to 2025-03-04 17:32:00+00:00, run_after=2025-03-04 17:34:00+00:00
[2025-03-04T17:35:00.149+0000] {processor.py:208} INFO - Processing /home/airflow/.local/lib/python3.12/site-packages/airflow/example_dags/example_sla_dag.py took 0.107 seconds
[2025-03-04T17:35:31.045+0000] {processor.py:186} INFO - Started process (PID=4472) to work on /home/airflow/.local/lib/python3.12/site-packages/airflow/example_dags/example_sla_dag.py
[2025-03-04T17:35:31.048+0000] {processor.py:914} INFO - Processing file /home/airflow/.local/lib/python3.12/site-packages/airflow/example_dags/example_sla_dag.py for tasks to queue
[2025-03-04T17:35:31.053+0000] {logging_mixin.py:190} INFO - [2025-03-04T17:35:31.052+0000] {dagbag.py:588} INFO - Filling up the DagBag from /home/airflow/.local/lib/python3.12/site-packages/airflow/example_dags/example_sla_dag.py
[2025-03-04T17:35:31.070+0000] {processor.py:925} INFO - DAG(s) 'example_sla_dag' retrieved from /home/airflow/.local/lib/python3.12/site-packages/airflow/example_dags/example_sla_dag.py
[2025-03-04T17:35:31.095+0000] {logging_mixin.py:190} INFO - [2025-03-04T17:35:31.095+0000] {dag.py:3239} INFO - Sync 1 DAGs
[2025-03-04T17:35:31.125+0000] {logging_mixin.py:190} INFO - [2025-03-04T17:35:31.125+0000] {dag.py:4180} INFO - Setting next_dagrun for example_sla_dag to 2025-03-04 17:32:00+00:00, run_after=2025-03-04 17:34:00+00:00
[2025-03-04T17:35:31.147+0000] {processor.py:208} INFO - Processing /home/airflow/.local/lib/python3.12/site-packages/airflow/example_dags/example_sla_dag.py took 0.116 seconds
[2025-03-04T17:36:02.223+0000] {processor.py:186} INFO - Started process (PID=4778) to work on /home/airflow/.local/lib/python3.12/site-packages/airflow/example_dags/example_sla_dag.py
[2025-03-04T17:36:02.225+0000] {processor.py:914} INFO - Processing file /home/airflow/.local/lib/python3.12/site-packages/airflow/example_dags/example_sla_dag.py for tasks to queue
[2025-03-04T17:36:02.228+0000] {logging_mixin.py:190} INFO - [2025-03-04T17:36:02.228+0000] {dagbag.py:588} INFO - Filling up the DagBag from /home/airflow/.local/lib/python3.12/site-packages/airflow/example_dags/example_sla_dag.py
[2025-03-04T17:36:02.240+0000] {processor.py:925} INFO - DAG(s) 'example_sla_dag' retrieved from /home/airflow/.local/lib/python3.12/site-packages/airflow/example_dags/example_sla_dag.py
[2025-03-04T17:36:02.269+0000] {logging_mixin.py:190} INFO - [2025-03-04T17:36:02.268+0000] {dag.py:3239} INFO - Sync 1 DAGs
[2025-03-04T17:36:02.304+0000] {logging_mixin.py:190} INFO - [2025-03-04T17:36:02.304+0000] {dag.py:4180} INFO - Setting next_dagrun for example_sla_dag to 2025-03-04 17:34:00+00:00, run_after=2025-03-04 17:36:00+00:00
[2025-03-04T17:36:02.330+0000] {processor.py:208} INFO - Processing /home/airflow/.local/lib/python3.12/site-packages/airflow/example_dags/example_sla_dag.py took 0.122 seconds
[2025-03-04T17:36:32.550+0000] {processor.py:186} INFO - Started process (PID=5079) to work on /home/airflow/.local/lib/python3.12/site-packages/airflow/example_dags/example_sla_dag.py
[2025-03-04T17:36:32.551+0000] {processor.py:914} INFO - Processing file /home/airflow/.local/lib/python3.12/site-packages/airflow/example_dags/example_sla_dag.py for tasks to queue
[2025-03-04T17:36:32.553+0000] {logging_mixin.py:190} INFO - [2025-03-04T17:36:32.553+0000] {dagbag.py:588} INFO - Filling up the DagBag from /home/airflow/.local/lib/python3.12/site-packages/airflow/example_dags/example_sla_dag.py
[2025-03-04T17:36:32.565+0000] {processor.py:925} INFO - DAG(s) 'example_sla_dag' retrieved from /home/airflow/.local/lib/python3.12/site-packages/airflow/example_dags/example_sla_dag.py
[2025-03-04T17:36:32.587+0000] {logging_mixin.py:190} INFO - [2025-03-04T17:36:32.586+0000] {dag.py:3239} INFO - Sync 1 DAGs
[2025-03-04T17:36:32.618+0000] {logging_mixin.py:190} INFO - [2025-03-04T17:36:32.618+0000] {dag.py:4180} INFO - Setting next_dagrun for example_sla_dag to 2025-03-04 17:34:00+00:00, run_after=2025-03-04 17:36:00+00:00
[2025-03-04T17:36:32.642+0000] {processor.py:208} INFO - Processing /home/airflow/.local/lib/python3.12/site-packages/airflow/example_dags/example_sla_dag.py took 0.102 seconds
[2025-03-04T17:37:02.797+0000] {processor.py:186} INFO - Started process (PID=5380) to work on /home/airflow/.local/lib/python3.12/site-packages/airflow/example_dags/example_sla_dag.py
[2025-03-04T17:37:02.799+0000] {processor.py:914} INFO - Processing file /home/airflow/.local/lib/python3.12/site-packages/airflow/example_dags/example_sla_dag.py for tasks to queue
[2025-03-04T17:37:02.805+0000] {logging_mixin.py:190} INFO - [2025-03-04T17:37:02.804+0000] {dagbag.py:588} INFO - Filling up the DagBag from /home/airflow/.local/lib/python3.12/site-packages/airflow/example_dags/example_sla_dag.py
[2025-03-04T17:37:02.817+0000] {processor.py:925} INFO - DAG(s) 'example_sla_dag' retrieved from /home/airflow/.local/lib/python3.12/site-packages/airflow/example_dags/example_sla_dag.py
[2025-03-04T17:37:02.849+0000] {logging_mixin.py:190} INFO - [2025-03-04T17:37:02.849+0000] {dag.py:3239} INFO - Sync 1 DAGs
[2025-03-04T17:37:02.884+0000] {logging_mixin.py:190} INFO - [2025-03-04T17:37:02.884+0000] {dag.py:4180} INFO - Setting next_dagrun for example_sla_dag to 2025-03-04 17:34:00+00:00, run_after=2025-03-04 17:36:00+00:00
[2025-03-04T17:37:02.911+0000] {processor.py:208} INFO - Processing /home/airflow/.local/lib/python3.12/site-packages/airflow/example_dags/example_sla_dag.py took 0.130 seconds
[2025-03-04T17:37:33.047+0000] {processor.py:186} INFO - Started process (PID=5686) to work on /home/airflow/.local/lib/python3.12/site-packages/airflow/example_dags/example_sla_dag.py
[2025-03-04T17:37:33.049+0000] {processor.py:914} INFO - Processing file /home/airflow/.local/lib/python3.12/site-packages/airflow/example_dags/example_sla_dag.py for tasks to queue
[2025-03-04T17:37:33.052+0000] {logging_mixin.py:190} INFO - [2025-03-04T17:37:33.052+0000] {dagbag.py:588} INFO - Filling up the DagBag from /home/airflow/.local/lib/python3.12/site-packages/airflow/example_dags/example_sla_dag.py
[2025-03-04T17:37:33.068+0000] {processor.py:925} INFO - DAG(s) 'example_sla_dag' retrieved from /home/airflow/.local/lib/python3.12/site-packages/airflow/example_dags/example_sla_dag.py
[2025-03-04T17:37:33.097+0000] {logging_mixin.py:190} INFO - [2025-03-04T17:37:33.097+0000] {dag.py:3239} INFO - Sync 1 DAGs
[2025-03-04T17:37:33.137+0000] {logging_mixin.py:190} INFO - [2025-03-04T17:37:33.136+0000] {dag.py:4180} INFO - Setting next_dagrun for example_sla_dag to 2025-03-04 17:34:00+00:00, run_after=2025-03-04 17:36:00+00:00
[2025-03-04T17:37:33.167+0000] {processor.py:208} INFO - Processing /home/airflow/.local/lib/python3.12/site-packages/airflow/example_dags/example_sla_dag.py took 0.129 seconds
[2025-03-04T17:38:03.886+0000] {processor.py:186} INFO - Started process (PID=5992) to work on /home/airflow/.local/lib/python3.12/site-packages/airflow/example_dags/example_sla_dag.py
[2025-03-04T17:38:03.888+0000] {processor.py:914} INFO - Processing file /home/airflow/.local/lib/python3.12/site-packages/airflow/example_dags/example_sla_dag.py for tasks to queue
[2025-03-04T17:38:03.892+0000] {logging_mixin.py:190} INFO - [2025-03-04T17:38:03.892+0000] {dagbag.py:588} INFO - Filling up the DagBag from /home/airflow/.local/lib/python3.12/site-packages/airflow/example_dags/example_sla_dag.py
[2025-03-04T17:38:03.905+0000] {processor.py:925} INFO - DAG(s) 'example_sla_dag' retrieved from /home/airflow/.local/lib/python3.12/site-packages/airflow/example_dags/example_sla_dag.py
[2025-03-04T17:38:03.934+0000] {logging_mixin.py:190} INFO - [2025-03-04T17:38:03.933+0000] {dag.py:3239} INFO - Sync 1 DAGs
[2025-03-04T17:38:03.970+0000] {logging_mixin.py:190} INFO - [2025-03-04T17:38:03.970+0000] {dag.py:4180} INFO - Setting next_dagrun for example_sla_dag to 2025-03-04 17:36:00+00:00, run_after=2025-03-04 17:38:00+00:00
[2025-03-04T17:38:03.997+0000] {processor.py:208} INFO - Processing /home/airflow/.local/lib/python3.12/site-packages/airflow/example_dags/example_sla_dag.py took 0.121 seconds
[2025-03-04T17:38:34.343+0000] {processor.py:186} INFO - Started process (PID=6298) to work on /home/airflow/.local/lib/python3.12/site-packages/airflow/example_dags/example_sla_dag.py
[2025-03-04T17:38:34.344+0000] {processor.py:914} INFO - Processing file /home/airflow/.local/lib/python3.12/site-packages/airflow/example_dags/example_sla_dag.py for tasks to queue
[2025-03-04T17:38:34.346+0000] {logging_mixin.py:190} INFO - [2025-03-04T17:38:34.346+0000] {dagbag.py:588} INFO - Filling up the DagBag from /home/airflow/.local/lib/python3.12/site-packages/airflow/example_dags/example_sla_dag.py
[2025-03-04T17:38:34.358+0000] {processor.py:925} INFO - DAG(s) 'example_sla_dag' retrieved from /home/airflow/.local/lib/python3.12/site-packages/airflow/example_dags/example_sla_dag.py
[2025-03-04T17:38:34.381+0000] {logging_mixin.py:190} INFO - [2025-03-04T17:38:34.381+0000] {dag.py:3239} INFO - Sync 1 DAGs
[2025-03-04T17:38:34.427+0000] {logging_mixin.py:190} INFO - [2025-03-04T17:38:34.427+0000] {dag.py:4180} INFO - Setting next_dagrun for example_sla_dag to 2025-03-04 17:36:00+00:00, run_after=2025-03-04 17:38:00+00:00
[2025-03-04T17:38:34.462+0000] {processor.py:208} INFO - Processing /home/airflow/.local/lib/python3.12/site-packages/airflow/example_dags/example_sla_dag.py took 0.126 seconds
[2025-03-04T17:39:04.895+0000] {processor.py:186} INFO - Started process (PID=6604) to work on /home/airflow/.local/lib/python3.12/site-packages/airflow/example_dags/example_sla_dag.py
[2025-03-04T17:39:04.897+0000] {processor.py:914} INFO - Processing file /home/airflow/.local/lib/python3.12/site-packages/airflow/example_dags/example_sla_dag.py for tasks to queue
[2025-03-04T17:39:04.901+0000] {logging_mixin.py:190} INFO - [2025-03-04T17:39:04.900+0000] {dagbag.py:588} INFO - Filling up the DagBag from /home/airflow/.local/lib/python3.12/site-packages/airflow/example_dags/example_sla_dag.py
[2025-03-04T17:39:04.915+0000] {processor.py:925} INFO - DAG(s) 'example_sla_dag' retrieved from /home/airflow/.local/lib/python3.12/site-packages/airflow/example_dags/example_sla_dag.py
[2025-03-04T17:39:04.944+0000] {logging_mixin.py:190} INFO - [2025-03-04T17:39:04.944+0000] {dag.py:3239} INFO - Sync 1 DAGs
[2025-03-04T17:39:04.982+0000] {logging_mixin.py:190} INFO - [2025-03-04T17:39:04.982+0000] {dag.py:4180} INFO - Setting next_dagrun for example_sla_dag to 2025-03-04 17:36:00+00:00, run_after=2025-03-04 17:38:00+00:00
[2025-03-04T17:39:05.020+0000] {processor.py:208} INFO - Processing /home/airflow/.local/lib/python3.12/site-packages/airflow/example_dags/example_sla_dag.py took 0.135 seconds
[2025-03-04T17:39:35.493+0000] {processor.py:186} INFO - Started process (PID=6910) to work on /home/airflow/.local/lib/python3.12/site-packages/airflow/example_dags/example_sla_dag.py
[2025-03-04T17:39:35.494+0000] {processor.py:914} INFO - Processing file /home/airflow/.local/lib/python3.12/site-packages/airflow/example_dags/example_sla_dag.py for tasks to queue
[2025-03-04T17:39:35.497+0000] {logging_mixin.py:190} INFO - [2025-03-04T17:39:35.496+0000] {dagbag.py:588} INFO - Filling up the DagBag from /home/airflow/.local/lib/python3.12/site-packages/airflow/example_dags/example_sla_dag.py
[2025-03-04T17:39:35.508+0000] {processor.py:925} INFO - DAG(s) 'example_sla_dag' retrieved from /home/airflow/.local/lib/python3.12/site-packages/airflow/example_dags/example_sla_dag.py
[2025-03-04T17:39:35.532+0000] {logging_mixin.py:190} INFO - [2025-03-04T17:39:35.532+0000] {dag.py:3239} INFO - Sync 1 DAGs
[2025-03-04T17:39:35.573+0000] {logging_mixin.py:190} INFO - [2025-03-04T17:39:35.573+0000] {dag.py:4180} INFO - Setting next_dagrun for example_sla_dag to 2025-03-04 17:36:00+00:00, run_after=2025-03-04 17:38:00+00:00
[2025-03-04T17:39:35.599+0000] {processor.py:208} INFO - Processing /home/airflow/.local/lib/python3.12/site-packages/airflow/example_dags/example_sla_dag.py took 0.113 seconds
[2025-03-04T17:40:06.386+0000] {processor.py:186} INFO - Started process (PID=7221) to work on /home/airflow/.local/lib/python3.12/site-packages/airflow/example_dags/example_sla_dag.py
[2025-03-04T17:40:06.388+0000] {processor.py:914} INFO - Processing file /home/airflow/.local/lib/python3.12/site-packages/airflow/example_dags/example_sla_dag.py for tasks to queue
[2025-03-04T17:40:06.391+0000] {logging_mixin.py:190} INFO - [2025-03-04T17:40:06.391+0000] {dagbag.py:588} INFO - Filling up the DagBag from /home/airflow/.local/lib/python3.12/site-packages/airflow/example_dags/example_sla_dag.py
[2025-03-04T17:40:06.406+0000] {processor.py:925} INFO - DAG(s) 'example_sla_dag' retrieved from /home/airflow/.local/lib/python3.12/site-packages/airflow/example_dags/example_sla_dag.py
[2025-03-04T17:40:06.434+0000] {logging_mixin.py:190} INFO - [2025-03-04T17:40:06.434+0000] {dag.py:3239} INFO - Sync 1 DAGs
[2025-03-04T17:40:06.470+0000] {logging_mixin.py:190} INFO - [2025-03-04T17:40:06.470+0000] {dag.py:4180} INFO - Setting next_dagrun for example_sla_dag to 2025-03-04 17:38:00+00:00, run_after=2025-03-04 17:40:00+00:00
[2025-03-04T17:40:06.509+0000] {processor.py:208} INFO - Processing /home/airflow/.local/lib/python3.12/site-packages/airflow/example_dags/example_sla_dag.py took 0.131 seconds
[2025-03-04T17:40:36.601+0000] {processor.py:186} INFO - Started process (PID=7527) to work on /home/airflow/.local/lib/python3.12/site-packages/airflow/example_dags/example_sla_dag.py
[2025-03-04T17:40:36.603+0000] {processor.py:914} INFO - Processing file /home/airflow/.local/lib/python3.12/site-packages/airflow/example_dags/example_sla_dag.py for tasks to queue
[2025-03-04T17:40:36.606+0000] {logging_mixin.py:190} INFO - [2025-03-04T17:40:36.606+0000] {dagbag.py:588} INFO - Filling up the DagBag from /home/airflow/.local/lib/python3.12/site-packages/airflow/example_dags/example_sla_dag.py
[2025-03-04T17:40:36.619+0000] {processor.py:925} INFO - DAG(s) 'example_sla_dag' retrieved from /home/airflow/.local/lib/python3.12/site-packages/airflow/example_dags/example_sla_dag.py
[2025-03-04T17:40:36.646+0000] {logging_mixin.py:190} INFO - [2025-03-04T17:40:36.646+0000] {dag.py:3239} INFO - Sync 1 DAGs
[2025-03-04T17:40:36.682+0000] {logging_mixin.py:190} INFO - [2025-03-04T17:40:36.682+0000] {dag.py:4180} INFO - Setting next_dagrun for example_sla_dag to 2025-03-04 17:38:00+00:00, run_after=2025-03-04 17:40:00+00:00
[2025-03-04T17:40:36.709+0000] {processor.py:208} INFO - Processing /home/airflow/.local/lib/python3.12/site-packages/airflow/example_dags/example_sla_dag.py took 0.115 seconds
[2025-03-04T17:41:07.283+0000] {processor.py:186} INFO - Started process (PID=7833) to work on /home/airflow/.local/lib/python3.12/site-packages/airflow/example_dags/example_sla_dag.py
[2025-03-04T17:41:07.285+0000] {processor.py:914} INFO - Processing file /home/airflow/.local/lib/python3.12/site-packages/airflow/example_dags/example_sla_dag.py for tasks to queue
[2025-03-04T17:41:07.287+0000] {logging_mixin.py:190} INFO - [2025-03-04T17:41:07.287+0000] {dagbag.py:588} INFO - Filling up the DagBag from /home/airflow/.local/lib/python3.12/site-packages/airflow/example_dags/example_sla_dag.py
[2025-03-04T17:41:07.300+0000] {processor.py:925} INFO - DAG(s) 'example_sla_dag' retrieved from /home/airflow/.local/lib/python3.12/site-packages/airflow/example_dags/example_sla_dag.py
[2025-03-04T17:41:07.323+0000] {logging_mixin.py:190} INFO - [2025-03-04T17:41:07.323+0000] {dag.py:3239} INFO - Sync 1 DAGs
[2025-03-04T17:41:07.373+0000] {logging_mixin.py:190} INFO - [2025-03-04T17:41:07.373+0000] {dag.py:4180} INFO - Setting next_dagrun for example_sla_dag to 2025-03-04 17:38:00+00:00, run_after=2025-03-04 17:40:00+00:00
[2025-03-04T17:41:07.414+0000] {processor.py:208} INFO - Processing /home/airflow/.local/lib/python3.12/site-packages/airflow/example_dags/example_sla_dag.py took 0.142 seconds
[2025-03-04T17:41:37.679+0000] {processor.py:186} INFO - Started process (PID=8139) to work on /home/airflow/.local/lib/python3.12/site-packages/airflow/example_dags/example_sla_dag.py
[2025-03-04T17:41:37.680+0000] {processor.py:914} INFO - Processing file /home/airflow/.local/lib/python3.12/site-packages/airflow/example_dags/example_sla_dag.py for tasks to queue
[2025-03-04T17:41:37.682+0000] {logging_mixin.py:190} INFO - [2025-03-04T17:41:37.682+0000] {dagbag.py:588} INFO - Filling up the DagBag from /home/airflow/.local/lib/python3.12/site-packages/airflow/example_dags/example_sla_dag.py
[2025-03-04T17:41:37.697+0000] {processor.py:925} INFO - DAG(s) 'example_sla_dag' retrieved from /home/airflow/.local/lib/python3.12/site-packages/airflow/example_dags/example_sla_dag.py
[2025-03-04T17:41:37.720+0000] {logging_mixin.py:190} INFO - [2025-03-04T17:41:37.719+0000] {dag.py:3239} INFO - Sync 1 DAGs
[2025-03-04T17:41:37.761+0000] {logging_mixin.py:190} INFO - [2025-03-04T17:41:37.761+0000] {dag.py:4180} INFO - Setting next_dagrun for example_sla_dag to 2025-03-04 17:38:00+00:00, run_after=2025-03-04 17:40:00+00:00
[2025-03-04T17:41:37.786+0000] {processor.py:208} INFO - Processing /home/airflow/.local/lib/python3.12/site-packages/airflow/example_dags/example_sla_dag.py took 0.114 seconds
[2025-03-04T17:42:07.981+0000] {processor.py:186} INFO - Started process (PID=8445) to work on /home/airflow/.local/lib/python3.12/site-packages/airflow/example_dags/example_sla_dag.py
[2025-03-04T17:42:07.983+0000] {processor.py:914} INFO - Processing file /home/airflow/.local/lib/python3.12/site-packages/airflow/example_dags/example_sla_dag.py for tasks to queue
[2025-03-04T17:42:07.987+0000] {logging_mixin.py:190} INFO - [2025-03-04T17:42:07.986+0000] {dagbag.py:588} INFO - Filling up the DagBag from /home/airflow/.local/lib/python3.12/site-packages/airflow/example_dags/example_sla_dag.py
[2025-03-04T17:42:08.000+0000] {processor.py:925} INFO - DAG(s) 'example_sla_dag' retrieved from /home/airflow/.local/lib/python3.12/site-packages/airflow/example_dags/example_sla_dag.py
[2025-03-04T17:42:08.026+0000] {logging_mixin.py:190} INFO - [2025-03-04T17:42:08.025+0000] {dag.py:3239} INFO - Sync 1 DAGs
[2025-03-04T17:42:08.062+0000] {logging_mixin.py:190} INFO - [2025-03-04T17:42:08.062+0000] {dag.py:4180} INFO - Setting next_dagrun for example_sla_dag to 2025-03-04 17:40:00+00:00, run_after=2025-03-04 17:42:00+00:00
[2025-03-04T17:42:08.086+0000] {processor.py:208} INFO - Processing /home/airflow/.local/lib/python3.12/site-packages/airflow/example_dags/example_sla_dag.py took 0.113 seconds
[2025-03-04T17:43:20.179+0000] {processor.py:186} INFO - Started process (PID=414) to work on /home/airflow/.local/lib/python3.12/site-packages/airflow/example_dags/example_sla_dag.py
[2025-03-04T17:43:20.180+0000] {processor.py:914} INFO - Processing file /home/airflow/.local/lib/python3.12/site-packages/airflow/example_dags/example_sla_dag.py for tasks to queue
[2025-03-04T17:43:20.182+0000] {logging_mixin.py:190} INFO - [2025-03-04T17:43:20.182+0000] {dagbag.py:588} INFO - Filling up the DagBag from /home/airflow/.local/lib/python3.12/site-packages/airflow/example_dags/example_sla_dag.py
[2025-03-04T17:43:20.192+0000] {processor.py:925} INFO - DAG(s) 'example_sla_dag' retrieved from /home/airflow/.local/lib/python3.12/site-packages/airflow/example_dags/example_sla_dag.py
[2025-03-04T17:43:20.213+0000] {logging_mixin.py:190} INFO - [2025-03-04T17:43:20.213+0000] {dag.py:3239} INFO - Sync 1 DAGs
[2025-03-04T17:43:20.242+0000] {logging_mixin.py:190} INFO - [2025-03-04T17:43:20.241+0000] {dag.py:4180} INFO - Setting next_dagrun for example_sla_dag to 2025-03-04 17:40:00+00:00, run_after=2025-03-04 17:42:00+00:00
[2025-03-04T17:43:20.259+0000] {processor.py:208} INFO - Processing /home/airflow/.local/lib/python3.12/site-packages/airflow/example_dags/example_sla_dag.py took 0.086 seconds
[2025-03-04T17:43:52.179+0000] {processor.py:186} INFO - Started process (PID=720) to work on /home/airflow/.local/lib/python3.12/site-packages/airflow/example_dags/example_sla_dag.py
[2025-03-04T17:43:52.180+0000] {processor.py:914} INFO - Processing file /home/airflow/.local/lib/python3.12/site-packages/airflow/example_dags/example_sla_dag.py for tasks to queue
[2025-03-04T17:43:52.182+0000] {logging_mixin.py:190} INFO - [2025-03-04T17:43:52.182+0000] {dagbag.py:588} INFO - Filling up the DagBag from /home/airflow/.local/lib/python3.12/site-packages/airflow/example_dags/example_sla_dag.py
[2025-03-04T17:43:52.193+0000] {processor.py:925} INFO - DAG(s) 'example_sla_dag' retrieved from /home/airflow/.local/lib/python3.12/site-packages/airflow/example_dags/example_sla_dag.py
[2025-03-04T17:43:52.215+0000] {logging_mixin.py:190} INFO - [2025-03-04T17:43:52.214+0000] {dag.py:3239} INFO - Sync 1 DAGs
[2025-03-04T17:43:52.250+0000] {logging_mixin.py:190} INFO - [2025-03-04T17:43:52.250+0000] {dag.py:4180} INFO - Setting next_dagrun for example_sla_dag to 2025-03-04 17:40:00+00:00, run_after=2025-03-04 17:42:00+00:00
[2025-03-04T17:43:52.280+0000] {processor.py:208} INFO - Processing /home/airflow/.local/lib/python3.12/site-packages/airflow/example_dags/example_sla_dag.py took 0.107 seconds
[2025-03-04T17:44:23.695+0000] {processor.py:186} INFO - Started process (PID=1026) to work on /home/airflow/.local/lib/python3.12/site-packages/airflow/example_dags/example_sla_dag.py
[2025-03-04T17:44:23.696+0000] {processor.py:914} INFO - Processing file /home/airflow/.local/lib/python3.12/site-packages/airflow/example_dags/example_sla_dag.py for tasks to queue
[2025-03-04T17:44:23.698+0000] {logging_mixin.py:190} INFO - [2025-03-04T17:44:23.698+0000] {dagbag.py:588} INFO - Filling up the DagBag from /home/airflow/.local/lib/python3.12/site-packages/airflow/example_dags/example_sla_dag.py
[2025-03-04T17:44:23.710+0000] {processor.py:925} INFO - DAG(s) 'example_sla_dag' retrieved from /home/airflow/.local/lib/python3.12/site-packages/airflow/example_dags/example_sla_dag.py
[2025-03-04T17:44:23.740+0000] {logging_mixin.py:190} INFO - [2025-03-04T17:44:23.739+0000] {dag.py:3239} INFO - Sync 1 DAGs
[2025-03-04T17:44:23.773+0000] {logging_mixin.py:190} INFO - [2025-03-04T17:44:23.773+0000] {dag.py:4180} INFO - Setting next_dagrun for example_sla_dag to 2025-03-04 17:42:00+00:00, run_after=2025-03-04 17:44:00+00:00
[2025-03-04T17:44:23.797+0000] {processor.py:208} INFO - Processing /home/airflow/.local/lib/python3.12/site-packages/airflow/example_dags/example_sla_dag.py took 0.109 seconds
[2025-03-04T17:44:53.941+0000] {processor.py:186} INFO - Started process (PID=1327) to work on /home/airflow/.local/lib/python3.12/site-packages/airflow/example_dags/example_sla_dag.py
[2025-03-04T17:44:53.944+0000] {processor.py:914} INFO - Processing file /home/airflow/.local/lib/python3.12/site-packages/airflow/example_dags/example_sla_dag.py for tasks to queue
[2025-03-04T17:44:53.949+0000] {logging_mixin.py:190} INFO - [2025-03-04T17:44:53.948+0000] {dagbag.py:588} INFO - Filling up the DagBag from /home/airflow/.local/lib/python3.12/site-packages/airflow/example_dags/example_sla_dag.py
[2025-03-04T17:44:53.964+0000] {processor.py:925} INFO - DAG(s) 'example_sla_dag' retrieved from /home/airflow/.local/lib/python3.12/site-packages/airflow/example_dags/example_sla_dag.py
[2025-03-04T17:44:53.982+0000] {logging_mixin.py:190} INFO - [2025-03-04T17:44:53.982+0000] {dag.py:3239} INFO - Sync 1 DAGs
[2025-03-04T17:44:54.011+0000] {logging_mixin.py:190} INFO - [2025-03-04T17:44:54.010+0000] {dag.py:4180} INFO - Setting next_dagrun for example_sla_dag to 2025-03-04 17:42:00+00:00, run_after=2025-03-04 17:44:00+00:00
[2025-03-04T17:44:54.029+0000] {processor.py:208} INFO - Processing /home/airflow/.local/lib/python3.12/site-packages/airflow/example_dags/example_sla_dag.py took 0.103 seconds
[2025-03-04T17:45:25.365+0000] {processor.py:186} INFO - Started process (PID=1638) to work on /home/airflow/.local/lib/python3.12/site-packages/airflow/example_dags/example_sla_dag.py
[2025-03-04T17:45:25.366+0000] {processor.py:914} INFO - Processing file /home/airflow/.local/lib/python3.12/site-packages/airflow/example_dags/example_sla_dag.py for tasks to queue
[2025-03-04T17:45:25.371+0000] {logging_mixin.py:190} INFO - [2025-03-04T17:45:25.370+0000] {dagbag.py:588} INFO - Filling up the DagBag from /home/airflow/.local/lib/python3.12/site-packages/airflow/example_dags/example_sla_dag.py
[2025-03-04T17:45:25.397+0000] {processor.py:925} INFO - DAG(s) 'example_sla_dag' retrieved from /home/airflow/.local/lib/python3.12/site-packages/airflow/example_dags/example_sla_dag.py
[2025-03-04T17:45:25.423+0000] {logging_mixin.py:190} INFO - [2025-03-04T17:45:25.423+0000] {dag.py:3239} INFO - Sync 1 DAGs
[2025-03-04T17:45:25.457+0000] {logging_mixin.py:190} INFO - [2025-03-04T17:45:25.456+0000] {dag.py:4180} INFO - Setting next_dagrun for example_sla_dag to 2025-03-04 17:42:00+00:00, run_after=2025-03-04 17:44:00+00:00
[2025-03-04T17:45:25.488+0000] {processor.py:208} INFO - Processing /home/airflow/.local/lib/python3.12/site-packages/airflow/example_dags/example_sla_dag.py took 0.141 seconds
[2025-03-04T17:45:56.619+0000] {processor.py:186} INFO - Started process (PID=1944) to work on /home/airflow/.local/lib/python3.12/site-packages/airflow/example_dags/example_sla_dag.py
[2025-03-04T17:45:56.621+0000] {processor.py:914} INFO - Processing file /home/airflow/.local/lib/python3.12/site-packages/airflow/example_dags/example_sla_dag.py for tasks to queue
[2025-03-04T17:45:56.623+0000] {logging_mixin.py:190} INFO - [2025-03-04T17:45:56.623+0000] {dagbag.py:588} INFO - Filling up the DagBag from /home/airflow/.local/lib/python3.12/site-packages/airflow/example_dags/example_sla_dag.py
[2025-03-04T17:45:56.634+0000] {processor.py:925} INFO - DAG(s) 'example_sla_dag' retrieved from /home/airflow/.local/lib/python3.12/site-packages/airflow/example_dags/example_sla_dag.py
[2025-03-04T17:45:56.664+0000] {logging_mixin.py:190} INFO - [2025-03-04T17:45:56.663+0000] {dag.py:3239} INFO - Sync 1 DAGs
[2025-03-04T17:45:56.696+0000] {logging_mixin.py:190} INFO - [2025-03-04T17:45:56.695+0000] {dag.py:4180} INFO - Setting next_dagrun for example_sla_dag to 2025-03-04 17:42:00+00:00, run_after=2025-03-04 17:44:00+00:00
[2025-03-04T17:45:56.729+0000] {processor.py:208} INFO - Processing /home/airflow/.local/lib/python3.12/site-packages/airflow/example_dags/example_sla_dag.py took 0.121 seconds
[2025-03-04T17:46:27.725+0000] {processor.py:186} INFO - Started process (PID=2250) to work on /home/airflow/.local/lib/python3.12/site-packages/airflow/example_dags/example_sla_dag.py
[2025-03-04T17:46:27.727+0000] {processor.py:914} INFO - Processing file /home/airflow/.local/lib/python3.12/site-packages/airflow/example_dags/example_sla_dag.py for tasks to queue
[2025-03-04T17:46:27.730+0000] {logging_mixin.py:190} INFO - [2025-03-04T17:46:27.729+0000] {dagbag.py:588} INFO - Filling up the DagBag from /home/airflow/.local/lib/python3.12/site-packages/airflow/example_dags/example_sla_dag.py
[2025-03-04T17:46:27.741+0000] {processor.py:925} INFO - DAG(s) 'example_sla_dag' retrieved from /home/airflow/.local/lib/python3.12/site-packages/airflow/example_dags/example_sla_dag.py
[2025-03-04T17:46:27.765+0000] {logging_mixin.py:190} INFO - [2025-03-04T17:46:27.765+0000] {dag.py:3239} INFO - Sync 1 DAGs
[2025-03-04T17:46:27.797+0000] {logging_mixin.py:190} INFO - [2025-03-04T17:46:27.797+0000] {dag.py:4180} INFO - Setting next_dagrun for example_sla_dag to 2025-03-04 17:44:00+00:00, run_after=2025-03-04 17:46:00+00:00
[2025-03-04T17:46:27.824+0000] {processor.py:208} INFO - Processing /home/airflow/.local/lib/python3.12/site-packages/airflow/example_dags/example_sla_dag.py took 0.114 seconds
[2025-03-04T17:46:58.371+0000] {processor.py:186} INFO - Started process (PID=2551) to work on /home/airflow/.local/lib/python3.12/site-packages/airflow/example_dags/example_sla_dag.py
[2025-03-04T17:46:58.372+0000] {processor.py:914} INFO - Processing file /home/airflow/.local/lib/python3.12/site-packages/airflow/example_dags/example_sla_dag.py for tasks to queue
[2025-03-04T17:46:58.375+0000] {logging_mixin.py:190} INFO - [2025-03-04T17:46:58.374+0000] {dagbag.py:588} INFO - Filling up the DagBag from /home/airflow/.local/lib/python3.12/site-packages/airflow/example_dags/example_sla_dag.py
[2025-03-04T17:46:58.385+0000] {processor.py:925} INFO - DAG(s) 'example_sla_dag' retrieved from /home/airflow/.local/lib/python3.12/site-packages/airflow/example_dags/example_sla_dag.py
[2025-03-04T17:46:58.405+0000] {logging_mixin.py:190} INFO - [2025-03-04T17:46:58.405+0000] {dag.py:3239} INFO - Sync 1 DAGs
[2025-03-04T17:46:58.434+0000] {logging_mixin.py:190} INFO - [2025-03-04T17:46:58.434+0000] {dag.py:4180} INFO - Setting next_dagrun for example_sla_dag to 2025-03-04 17:44:00+00:00, run_after=2025-03-04 17:46:00+00:00
[2025-03-04T17:46:58.459+0000] {processor.py:208} INFO - Processing /home/airflow/.local/lib/python3.12/site-packages/airflow/example_dags/example_sla_dag.py took 0.094 seconds
[2025-03-04T17:47:29.782+0000] {processor.py:186} INFO - Started process (PID=2857) to work on /home/airflow/.local/lib/python3.12/site-packages/airflow/example_dags/example_sla_dag.py
[2025-03-04T17:47:29.784+0000] {processor.py:914} INFO - Processing file /home/airflow/.local/lib/python3.12/site-packages/airflow/example_dags/example_sla_dag.py for tasks to queue
[2025-03-04T17:47:29.786+0000] {logging_mixin.py:190} INFO - [2025-03-04T17:47:29.786+0000] {dagbag.py:588} INFO - Filling up the DagBag from /home/airflow/.local/lib/python3.12/site-packages/airflow/example_dags/example_sla_dag.py
[2025-03-04T17:47:29.797+0000] {processor.py:925} INFO - DAG(s) 'example_sla_dag' retrieved from /home/airflow/.local/lib/python3.12/site-packages/airflow/example_dags/example_sla_dag.py
[2025-03-04T17:47:29.834+0000] {logging_mixin.py:190} INFO - [2025-03-04T17:47:29.833+0000] {dag.py:3239} INFO - Sync 1 DAGs
[2025-03-04T17:47:29.867+0000] {logging_mixin.py:190} INFO - [2025-03-04T17:47:29.866+0000] {dag.py:4180} INFO - Setting next_dagrun for example_sla_dag to 2025-03-04 17:44:00+00:00, run_after=2025-03-04 17:46:00+00:00
[2025-03-04T17:47:29.892+0000] {processor.py:208} INFO - Processing /home/airflow/.local/lib/python3.12/site-packages/airflow/example_dags/example_sla_dag.py took 0.116 seconds
[2025-03-04T17:48:00.302+0000] {processor.py:186} INFO - Started process (PID=3165) to work on /home/airflow/.local/lib/python3.12/site-packages/airflow/example_dags/example_sla_dag.py
[2025-03-04T17:48:00.303+0000] {processor.py:914} INFO - Processing file /home/airflow/.local/lib/python3.12/site-packages/airflow/example_dags/example_sla_dag.py for tasks to queue
[2025-03-04T17:48:00.306+0000] {logging_mixin.py:190} INFO - [2025-03-04T17:48:00.305+0000] {dagbag.py:588} INFO - Filling up the DagBag from /home/airflow/.local/lib/python3.12/site-packages/airflow/example_dags/example_sla_dag.py
[2025-03-04T17:48:00.317+0000] {processor.py:925} INFO - DAG(s) 'example_sla_dag' retrieved from /home/airflow/.local/lib/python3.12/site-packages/airflow/example_dags/example_sla_dag.py
[2025-03-04T17:48:00.341+0000] {logging_mixin.py:190} INFO - [2025-03-04T17:48:00.341+0000] {dag.py:3239} INFO - Sync 1 DAGs
[2025-03-04T17:48:00.374+0000] {logging_mixin.py:190} INFO - [2025-03-04T17:48:00.374+0000] {dag.py:4180} INFO - Setting next_dagrun for example_sla_dag to 2025-03-04 17:46:00+00:00, run_after=2025-03-04 17:48:00+00:00
[2025-03-04T17:48:00.401+0000] {processor.py:208} INFO - Processing /home/airflow/.local/lib/python3.12/site-packages/airflow/example_dags/example_sla_dag.py took 0.106 seconds
[2025-03-04T17:48:31.666+0000] {processor.py:186} INFO - Started process (PID=3470) to work on /home/airflow/.local/lib/python3.12/site-packages/airflow/example_dags/example_sla_dag.py
[2025-03-04T17:48:31.667+0000] {processor.py:914} INFO - Processing file /home/airflow/.local/lib/python3.12/site-packages/airflow/example_dags/example_sla_dag.py for tasks to queue
[2025-03-04T17:48:31.671+0000] {logging_mixin.py:190} INFO - [2025-03-04T17:48:31.671+0000] {dagbag.py:588} INFO - Filling up the DagBag from /home/airflow/.local/lib/python3.12/site-packages/airflow/example_dags/example_sla_dag.py
[2025-03-04T17:48:31.696+0000] {processor.py:925} INFO - DAG(s) 'example_sla_dag' retrieved from /home/airflow/.local/lib/python3.12/site-packages/airflow/example_dags/example_sla_dag.py
[2025-03-04T17:48:31.723+0000] {logging_mixin.py:190} INFO - [2025-03-04T17:48:31.723+0000] {dag.py:3239} INFO - Sync 1 DAGs
[2025-03-04T17:48:31.757+0000] {logging_mixin.py:190} INFO - [2025-03-04T17:48:31.756+0000] {dag.py:4180} INFO - Setting next_dagrun for example_sla_dag to 2025-03-04 17:46:00+00:00, run_after=2025-03-04 17:48:00+00:00
[2025-03-04T17:48:31.782+0000] {processor.py:208} INFO - Processing /home/airflow/.local/lib/python3.12/site-packages/airflow/example_dags/example_sla_dag.py took 0.130 seconds
[2025-03-04T17:49:03.105+0000] {processor.py:186} INFO - Started process (PID=3779) to work on /home/airflow/.local/lib/python3.12/site-packages/airflow/example_dags/example_sla_dag.py
[2025-03-04T17:49:03.107+0000] {processor.py:914} INFO - Processing file /home/airflow/.local/lib/python3.12/site-packages/airflow/example_dags/example_sla_dag.py for tasks to queue
[2025-03-04T17:49:03.109+0000] {logging_mixin.py:190} INFO - [2025-03-04T17:49:03.109+0000] {dagbag.py:588} INFO - Filling up the DagBag from /home/airflow/.local/lib/python3.12/site-packages/airflow/example_dags/example_sla_dag.py
[2025-03-04T17:49:03.121+0000] {processor.py:925} INFO - DAG(s) 'example_sla_dag' retrieved from /home/airflow/.local/lib/python3.12/site-packages/airflow/example_dags/example_sla_dag.py
[2025-03-04T17:49:03.149+0000] {logging_mixin.py:190} INFO - [2025-03-04T17:49:03.148+0000] {dag.py:3239} INFO - Sync 1 DAGs
[2025-03-04T17:49:03.183+0000] {logging_mixin.py:190} INFO - [2025-03-04T17:49:03.182+0000] {dag.py:4180} INFO - Setting next_dagrun for example_sla_dag to 2025-03-04 17:46:00+00:00, run_after=2025-03-04 17:48:00+00:00
[2025-03-04T17:49:03.206+0000] {processor.py:208} INFO - Processing /home/airflow/.local/lib/python3.12/site-packages/airflow/example_dags/example_sla_dag.py took 0.107 seconds
[2025-03-04T17:49:34.763+0000] {processor.py:186} INFO - Started process (PID=4085) to work on /home/airflow/.local/lib/python3.12/site-packages/airflow/example_dags/example_sla_dag.py
[2025-03-04T17:49:34.764+0000] {processor.py:914} INFO - Processing file /home/airflow/.local/lib/python3.12/site-packages/airflow/example_dags/example_sla_dag.py for tasks to queue
[2025-03-04T17:49:34.767+0000] {logging_mixin.py:190} INFO - [2025-03-04T17:49:34.766+0000] {dagbag.py:588} INFO - Filling up the DagBag from /home/airflow/.local/lib/python3.12/site-packages/airflow/example_dags/example_sla_dag.py
[2025-03-04T17:49:34.778+0000] {processor.py:925} INFO - DAG(s) 'example_sla_dag' retrieved from /home/airflow/.local/lib/python3.12/site-packages/airflow/example_dags/example_sla_dag.py
[2025-03-04T17:49:34.800+0000] {logging_mixin.py:190} INFO - [2025-03-04T17:49:34.800+0000] {dag.py:3239} INFO - Sync 1 DAGs
[2025-03-04T17:49:34.832+0000] {logging_mixin.py:190} INFO - [2025-03-04T17:49:34.832+0000] {dag.py:4180} INFO - Setting next_dagrun for example_sla_dag to 2025-03-04 17:46:00+00:00, run_after=2025-03-04 17:48:00+00:00
[2025-03-04T17:49:34.853+0000] {processor.py:208} INFO - Processing /home/airflow/.local/lib/python3.12/site-packages/airflow/example_dags/example_sla_dag.py took 0.101 seconds
[2025-03-04T17:52:42.203+0000] {processor.py:186} INFO - Started process (PID=414) to work on /home/airflow/.local/lib/python3.12/site-packages/airflow/example_dags/example_sla_dag.py
[2025-03-04T17:52:42.204+0000] {processor.py:914} INFO - Processing file /home/airflow/.local/lib/python3.12/site-packages/airflow/example_dags/example_sla_dag.py for tasks to queue
[2025-03-04T17:52:42.206+0000] {logging_mixin.py:190} INFO - [2025-03-04T17:52:42.206+0000] {dagbag.py:588} INFO - Filling up the DagBag from /home/airflow/.local/lib/python3.12/site-packages/airflow/example_dags/example_sla_dag.py
[2025-03-04T17:52:42.218+0000] {processor.py:925} INFO - DAG(s) 'example_sla_dag' retrieved from /home/airflow/.local/lib/python3.12/site-packages/airflow/example_dags/example_sla_dag.py
[2025-03-04T17:52:42.241+0000] {logging_mixin.py:190} INFO - [2025-03-04T17:52:42.241+0000] {dag.py:3239} INFO - Sync 1 DAGs
[2025-03-04T17:52:42.277+0000] {logging_mixin.py:190} INFO - [2025-03-04T17:52:42.276+0000] {dag.py:4180} INFO - Setting next_dagrun for example_sla_dag to 2025-03-04 17:50:00+00:00, run_after=2025-03-04 17:52:00+00:00
[2025-03-04T17:52:42.302+0000] {processor.py:208} INFO - Processing /home/airflow/.local/lib/python3.12/site-packages/airflow/example_dags/example_sla_dag.py took 0.106 seconds
[2025-03-04T17:53:14.113+0000] {processor.py:186} INFO - Started process (PID=720) to work on /home/airflow/.local/lib/python3.12/site-packages/airflow/example_dags/example_sla_dag.py
[2025-03-04T17:53:14.114+0000] {processor.py:914} INFO - Processing file /home/airflow/.local/lib/python3.12/site-packages/airflow/example_dags/example_sla_dag.py for tasks to queue
[2025-03-04T17:53:14.117+0000] {logging_mixin.py:190} INFO - [2025-03-04T17:53:14.117+0000] {dagbag.py:588} INFO - Filling up the DagBag from /home/airflow/.local/lib/python3.12/site-packages/airflow/example_dags/example_sla_dag.py
[2025-03-04T17:53:14.128+0000] {processor.py:925} INFO - DAG(s) 'example_sla_dag' retrieved from /home/airflow/.local/lib/python3.12/site-packages/airflow/example_dags/example_sla_dag.py
[2025-03-04T17:53:14.153+0000] {logging_mixin.py:190} INFO - [2025-03-04T17:53:14.153+0000] {dag.py:3239} INFO - Sync 1 DAGs
[2025-03-04T17:53:14.186+0000] {logging_mixin.py:190} INFO - [2025-03-04T17:53:14.185+0000] {dag.py:4180} INFO - Setting next_dagrun for example_sla_dag to 2025-03-04 17:50:00+00:00, run_after=2025-03-04 17:52:00+00:00
[2025-03-04T17:53:14.213+0000] {processor.py:208} INFO - Processing /home/airflow/.local/lib/python3.12/site-packages/airflow/example_dags/example_sla_dag.py took 0.112 seconds
[2025-03-04T17:53:44.434+0000] {processor.py:186} INFO - Started process (PID=1021) to work on /home/airflow/.local/lib/python3.12/site-packages/airflow/example_dags/example_sla_dag.py
[2025-03-04T17:53:44.435+0000] {processor.py:914} INFO - Processing file /home/airflow/.local/lib/python3.12/site-packages/airflow/example_dags/example_sla_dag.py for tasks to queue
[2025-03-04T17:53:44.436+0000] {logging_mixin.py:190} INFO - [2025-03-04T17:53:44.436+0000] {dagbag.py:588} INFO - Filling up the DagBag from /home/airflow/.local/lib/python3.12/site-packages/airflow/example_dags/example_sla_dag.py
[2025-03-04T17:53:44.456+0000] {processor.py:925} INFO - DAG(s) 'example_sla_dag' retrieved from /home/airflow/.local/lib/python3.12/site-packages/airflow/example_dags/example_sla_dag.py
[2025-03-04T17:53:44.483+0000] {logging_mixin.py:190} INFO - [2025-03-04T17:53:44.483+0000] {dag.py:3239} INFO - Sync 1 DAGs
[2025-03-04T17:53:44.518+0000] {logging_mixin.py:190} INFO - [2025-03-04T17:53:44.518+0000] {dag.py:4180} INFO - Setting next_dagrun for example_sla_dag to 2025-03-04 17:50:00+00:00, run_after=2025-03-04 17:52:00+00:00
[2025-03-04T17:53:44.541+0000] {processor.py:208} INFO - Processing /home/airflow/.local/lib/python3.12/site-packages/airflow/example_dags/example_sla_dag.py took 0.114 seconds
[2025-03-04T17:54:15.315+0000] {processor.py:186} INFO - Started process (PID=1327) to work on /home/airflow/.local/lib/python3.12/site-packages/airflow/example_dags/example_sla_dag.py
[2025-03-04T17:54:15.316+0000] {processor.py:914} INFO - Processing file /home/airflow/.local/lib/python3.12/site-packages/airflow/example_dags/example_sla_dag.py for tasks to queue
[2025-03-04T17:54:15.318+0000] {logging_mixin.py:190} INFO - [2025-03-04T17:54:15.317+0000] {dagbag.py:588} INFO - Filling up the DagBag from /home/airflow/.local/lib/python3.12/site-packages/airflow/example_dags/example_sla_dag.py
[2025-03-04T17:54:15.329+0000] {processor.py:925} INFO - DAG(s) 'example_sla_dag' retrieved from /home/airflow/.local/lib/python3.12/site-packages/airflow/example_dags/example_sla_dag.py
[2025-03-04T17:54:15.350+0000] {logging_mixin.py:190} INFO - [2025-03-04T17:54:15.350+0000] {dag.py:3239} INFO - Sync 1 DAGs
[2025-03-04T17:54:15.382+0000] {logging_mixin.py:190} INFO - [2025-03-04T17:54:15.382+0000] {dag.py:4180} INFO - Setting next_dagrun for example_sla_dag to 2025-03-04 17:52:00+00:00, run_after=2025-03-04 17:54:00+00:00
[2025-03-04T17:54:15.408+0000] {processor.py:208} INFO - Processing /home/airflow/.local/lib/python3.12/site-packages/airflow/example_dags/example_sla_dag.py took 0.100 seconds
[2025-03-04T17:54:46.981+0000] {processor.py:186} INFO - Started process (PID=1643) to work on /home/airflow/.local/lib/python3.12/site-packages/airflow/example_dags/example_sla_dag.py
[2025-03-04T17:54:46.982+0000] {processor.py:914} INFO - Processing file /home/airflow/.local/lib/python3.12/site-packages/airflow/example_dags/example_sla_dag.py for tasks to queue
[2025-03-04T17:54:46.984+0000] {logging_mixin.py:190} INFO - [2025-03-04T17:54:46.984+0000] {dagbag.py:588} INFO - Filling up the DagBag from /home/airflow/.local/lib/python3.12/site-packages/airflow/example_dags/example_sla_dag.py
[2025-03-04T17:54:46.996+0000] {processor.py:925} INFO - DAG(s) 'example_sla_dag' retrieved from /home/airflow/.local/lib/python3.12/site-packages/airflow/example_dags/example_sla_dag.py
[2025-03-04T17:54:47.016+0000] {logging_mixin.py:190} INFO - [2025-03-04T17:54:47.015+0000] {dag.py:3239} INFO - Sync 1 DAGs
[2025-03-04T17:54:47.054+0000] {logging_mixin.py:190} INFO - [2025-03-04T17:54:47.053+0000] {dag.py:4180} INFO - Setting next_dagrun for example_sla_dag to 2025-03-04 17:52:00+00:00, run_after=2025-03-04 17:54:00+00:00
[2025-03-04T17:54:47.077+0000] {processor.py:208} INFO - Processing /home/airflow/.local/lib/python3.12/site-packages/airflow/example_dags/example_sla_dag.py took 0.102 seconds
[2025-03-04T17:56:40.916+0000] {processor.py:186} INFO - Started process (PID=414) to work on /home/airflow/.local/lib/python3.12/site-packages/airflow/example_dags/example_sla_dag.py
[2025-03-04T17:56:40.917+0000] {processor.py:914} INFO - Processing file /home/airflow/.local/lib/python3.12/site-packages/airflow/example_dags/example_sla_dag.py for tasks to queue
[2025-03-04T17:56:40.920+0000] {logging_mixin.py:190} INFO - [2025-03-04T17:56:40.919+0000] {dagbag.py:588} INFO - Filling up the DagBag from /home/airflow/.local/lib/python3.12/site-packages/airflow/example_dags/example_sla_dag.py
[2025-03-04T17:56:40.932+0000] {processor.py:925} INFO - DAG(s) 'example_sla_dag' retrieved from /home/airflow/.local/lib/python3.12/site-packages/airflow/example_dags/example_sla_dag.py
[2025-03-04T17:56:40.953+0000] {logging_mixin.py:190} INFO - [2025-03-04T17:56:40.953+0000] {dag.py:3239} INFO - Sync 1 DAGs
[2025-03-04T17:56:40.985+0000] {logging_mixin.py:190} INFO - [2025-03-04T17:56:40.984+0000] {dag.py:4180} INFO - Setting next_dagrun for example_sla_dag to 2025-03-04 17:54:00+00:00, run_after=2025-03-04 17:56:00+00:00
[2025-03-04T17:56:41.004+0000] {processor.py:208} INFO - Processing /home/airflow/.local/lib/python3.12/site-packages/airflow/example_dags/example_sla_dag.py took 0.095 seconds
[2025-03-04T17:57:11.366+0000] {processor.py:186} INFO - Started process (PID=729) to work on /home/airflow/.local/lib/python3.12/site-packages/airflow/example_dags/example_sla_dag.py
[2025-03-04T17:57:11.367+0000] {processor.py:914} INFO - Processing file /home/airflow/.local/lib/python3.12/site-packages/airflow/example_dags/example_sla_dag.py for tasks to queue
[2025-03-04T17:57:11.369+0000] {logging_mixin.py:190} INFO - [2025-03-04T17:57:11.369+0000] {dagbag.py:588} INFO - Filling up the DagBag from /home/airflow/.local/lib/python3.12/site-packages/airflow/example_dags/example_sla_dag.py
[2025-03-04T17:57:11.380+0000] {processor.py:925} INFO - DAG(s) 'example_sla_dag' retrieved from /home/airflow/.local/lib/python3.12/site-packages/airflow/example_dags/example_sla_dag.py
[2025-03-04T17:57:11.400+0000] {logging_mixin.py:190} INFO - [2025-03-04T17:57:11.399+0000] {dag.py:3239} INFO - Sync 1 DAGs
[2025-03-04T17:57:11.442+0000] {logging_mixin.py:190} INFO - [2025-03-04T17:57:11.442+0000] {dag.py:4180} INFO - Setting next_dagrun for example_sla_dag to 2025-03-04 17:54:00+00:00, run_after=2025-03-04 17:56:00+00:00
[2025-03-04T17:57:11.462+0000] {processor.py:208} INFO - Processing /home/airflow/.local/lib/python3.12/site-packages/airflow/example_dags/example_sla_dag.py took 0.102 seconds
[2025-03-04T17:57:43.848+0000] {processor.py:186} INFO - Started process (PID=1046) to work on /home/airflow/.local/lib/python3.12/site-packages/airflow/example_dags/example_sla_dag.py
[2025-03-04T17:57:43.850+0000] {processor.py:914} INFO - Processing file /home/airflow/.local/lib/python3.12/site-packages/airflow/example_dags/example_sla_dag.py for tasks to queue
[2025-03-04T17:57:43.855+0000] {logging_mixin.py:190} INFO - [2025-03-04T17:57:43.855+0000] {dagbag.py:588} INFO - Filling up the DagBag from /home/airflow/.local/lib/python3.12/site-packages/airflow/example_dags/example_sla_dag.py
[2025-03-04T17:57:43.879+0000] {processor.py:925} INFO - DAG(s) 'example_sla_dag' retrieved from /home/airflow/.local/lib/python3.12/site-packages/airflow/example_dags/example_sla_dag.py
[2025-03-04T17:57:43.906+0000] {logging_mixin.py:190} INFO - [2025-03-04T17:57:43.906+0000] {dag.py:3239} INFO - Sync 1 DAGs
[2025-03-04T17:57:43.937+0000] {logging_mixin.py:190} INFO - [2025-03-04T17:57:43.937+0000] {dag.py:4180} INFO - Setting next_dagrun for example_sla_dag to 2025-03-04 17:54:00+00:00, run_after=2025-03-04 17:56:00+00:00
[2025-03-04T17:57:43.961+0000] {processor.py:208} INFO - Processing /home/airflow/.local/lib/python3.12/site-packages/airflow/example_dags/example_sla_dag.py took 0.121 seconds
[2025-03-04T17:58:14.859+0000] {processor.py:186} INFO - Started process (PID=1352) to work on /home/airflow/.local/lib/python3.12/site-packages/airflow/example_dags/example_sla_dag.py
[2025-03-04T17:58:14.860+0000] {processor.py:914} INFO - Processing file /home/airflow/.local/lib/python3.12/site-packages/airflow/example_dags/example_sla_dag.py for tasks to queue
[2025-03-04T17:58:14.862+0000] {logging_mixin.py:190} INFO - [2025-03-04T17:58:14.862+0000] {dagbag.py:588} INFO - Filling up the DagBag from /home/airflow/.local/lib/python3.12/site-packages/airflow/example_dags/example_sla_dag.py
[2025-03-04T17:58:14.873+0000] {processor.py:925} INFO - DAG(s) 'example_sla_dag' retrieved from /home/airflow/.local/lib/python3.12/site-packages/airflow/example_dags/example_sla_dag.py
[2025-03-04T17:58:14.893+0000] {logging_mixin.py:190} INFO - [2025-03-04T17:58:14.893+0000] {dag.py:3239} INFO - Sync 1 DAGs
[2025-03-04T17:58:14.924+0000] {logging_mixin.py:190} INFO - [2025-03-04T17:58:14.924+0000] {dag.py:4180} INFO - Setting next_dagrun for example_sla_dag to 2025-03-04 17:56:00+00:00, run_after=2025-03-04 17:58:00+00:00
[2025-03-04T17:58:14.950+0000] {processor.py:208} INFO - Processing /home/airflow/.local/lib/python3.12/site-packages/airflow/example_dags/example_sla_dag.py took 0.097 seconds
[2025-03-04T17:58:45.528+0000] {processor.py:186} INFO - Started process (PID=1658) to work on /home/airflow/.local/lib/python3.12/site-packages/airflow/example_dags/example_sla_dag.py
[2025-03-04T17:58:45.529+0000] {processor.py:914} INFO - Processing file /home/airflow/.local/lib/python3.12/site-packages/airflow/example_dags/example_sla_dag.py for tasks to queue
[2025-03-04T17:58:45.532+0000] {logging_mixin.py:190} INFO - [2025-03-04T17:58:45.532+0000] {dagbag.py:588} INFO - Filling up the DagBag from /home/airflow/.local/lib/python3.12/site-packages/airflow/example_dags/example_sla_dag.py
[2025-03-04T17:58:45.544+0000] {processor.py:925} INFO - DAG(s) 'example_sla_dag' retrieved from /home/airflow/.local/lib/python3.12/site-packages/airflow/example_dags/example_sla_dag.py
[2025-03-04T17:58:45.572+0000] {logging_mixin.py:190} INFO - [2025-03-04T17:58:45.572+0000] {dag.py:3239} INFO - Sync 1 DAGs
[2025-03-04T17:58:45.606+0000] {logging_mixin.py:190} INFO - [2025-03-04T17:58:45.606+0000] {dag.py:4180} INFO - Setting next_dagrun for example_sla_dag to 2025-03-04 17:56:00+00:00, run_after=2025-03-04 17:58:00+00:00
[2025-03-04T17:58:45.637+0000] {processor.py:208} INFO - Processing /home/airflow/.local/lib/python3.12/site-packages/airflow/example_dags/example_sla_dag.py took 0.121 seconds
[2025-03-04T17:59:40.321+0000] {processor.py:186} INFO - Started process (PID=413) to work on /home/airflow/.local/lib/python3.12/site-packages/airflow/example_dags/example_sla_dag.py
[2025-03-04T17:59:40.322+0000] {processor.py:914} INFO - Processing file /home/airflow/.local/lib/python3.12/site-packages/airflow/example_dags/example_sla_dag.py for tasks to queue
[2025-03-04T17:59:40.324+0000] {logging_mixin.py:190} INFO - [2025-03-04T17:59:40.324+0000] {dagbag.py:588} INFO - Filling up the DagBag from /home/airflow/.local/lib/python3.12/site-packages/airflow/example_dags/example_sla_dag.py
[2025-03-04T17:59:40.337+0000] {processor.py:925} INFO - DAG(s) 'example_sla_dag' retrieved from /home/airflow/.local/lib/python3.12/site-packages/airflow/example_dags/example_sla_dag.py
[2025-03-04T17:59:40.358+0000] {logging_mixin.py:190} INFO - [2025-03-04T17:59:40.358+0000] {dag.py:3239} INFO - Sync 1 DAGs
[2025-03-04T17:59:40.388+0000] {logging_mixin.py:190} INFO - [2025-03-04T17:59:40.387+0000] {dag.py:4180} INFO - Setting next_dagrun for example_sla_dag to 2025-03-04 17:56:00+00:00, run_after=2025-03-04 17:58:00+00:00
[2025-03-04T17:59:40.409+0000] {processor.py:208} INFO - Processing /home/airflow/.local/lib/python3.12/site-packages/airflow/example_dags/example_sla_dag.py took 0.095 seconds
[2025-03-04T18:00:12.159+0000] {processor.py:186} INFO - Started process (PID=719) to work on /home/airflow/.local/lib/python3.12/site-packages/airflow/example_dags/example_sla_dag.py
[2025-03-04T18:00:12.160+0000] {processor.py:914} INFO - Processing file /home/airflow/.local/lib/python3.12/site-packages/airflow/example_dags/example_sla_dag.py for tasks to queue
[2025-03-04T18:00:12.162+0000] {logging_mixin.py:190} INFO - [2025-03-04T18:00:12.162+0000] {dagbag.py:588} INFO - Filling up the DagBag from /home/airflow/.local/lib/python3.12/site-packages/airflow/example_dags/example_sla_dag.py
[2025-03-04T18:00:12.174+0000] {processor.py:925} INFO - DAG(s) 'example_sla_dag' retrieved from /home/airflow/.local/lib/python3.12/site-packages/airflow/example_dags/example_sla_dag.py
[2025-03-04T18:00:12.198+0000] {logging_mixin.py:190} INFO - [2025-03-04T18:00:12.197+0000] {dag.py:3239} INFO - Sync 1 DAGs
[2025-03-04T18:00:12.229+0000] {logging_mixin.py:190} INFO - [2025-03-04T18:00:12.229+0000] {dag.py:4180} INFO - Setting next_dagrun for example_sla_dag to 2025-03-04 17:58:00+00:00, run_after=2025-03-04 18:00:00+00:00
[2025-03-04T18:00:12.253+0000] {processor.py:208} INFO - Processing /home/airflow/.local/lib/python3.12/site-packages/airflow/example_dags/example_sla_dag.py took 0.101 seconds
[2025-03-04T18:00:43.108+0000] {processor.py:186} INFO - Started process (PID=1025) to work on /home/airflow/.local/lib/python3.12/site-packages/airflow/example_dags/example_sla_dag.py
[2025-03-04T18:00:43.110+0000] {processor.py:914} INFO - Processing file /home/airflow/.local/lib/python3.12/site-packages/airflow/example_dags/example_sla_dag.py for tasks to queue
[2025-03-04T18:00:43.112+0000] {logging_mixin.py:190} INFO - [2025-03-04T18:00:43.112+0000] {dagbag.py:588} INFO - Filling up the DagBag from /home/airflow/.local/lib/python3.12/site-packages/airflow/example_dags/example_sla_dag.py
[2025-03-04T18:00:43.123+0000] {processor.py:925} INFO - DAG(s) 'example_sla_dag' retrieved from /home/airflow/.local/lib/python3.12/site-packages/airflow/example_dags/example_sla_dag.py
[2025-03-04T18:00:43.150+0000] {logging_mixin.py:190} INFO - [2025-03-04T18:00:43.150+0000] {dag.py:3239} INFO - Sync 1 DAGs
[2025-03-04T18:00:43.193+0000] {logging_mixin.py:190} INFO - [2025-03-04T18:00:43.192+0000] {dag.py:4180} INFO - Setting next_dagrun for example_sla_dag to 2025-03-04 17:58:00+00:00, run_after=2025-03-04 18:00:00+00:00
[2025-03-04T18:00:43.218+0000] {processor.py:208} INFO - Processing /home/airflow/.local/lib/python3.12/site-packages/airflow/example_dags/example_sla_dag.py took 0.116 seconds
[2025-03-04T18:01:13.673+0000] {processor.py:186} INFO - Started process (PID=1331) to work on /home/airflow/.local/lib/python3.12/site-packages/airflow/example_dags/example_sla_dag.py
[2025-03-04T18:01:13.675+0000] {processor.py:914} INFO - Processing file /home/airflow/.local/lib/python3.12/site-packages/airflow/example_dags/example_sla_dag.py for tasks to queue
[2025-03-04T18:01:13.677+0000] {logging_mixin.py:190} INFO - [2025-03-04T18:01:13.677+0000] {dagbag.py:588} INFO - Filling up the DagBag from /home/airflow/.local/lib/python3.12/site-packages/airflow/example_dags/example_sla_dag.py
[2025-03-04T18:01:13.689+0000] {processor.py:925} INFO - DAG(s) 'example_sla_dag' retrieved from /home/airflow/.local/lib/python3.12/site-packages/airflow/example_dags/example_sla_dag.py
[2025-03-04T18:01:13.729+0000] {logging_mixin.py:190} INFO - [2025-03-04T18:01:13.729+0000] {dag.py:3239} INFO - Sync 1 DAGs
[2025-03-04T18:01:13.760+0000] {logging_mixin.py:190} INFO - [2025-03-04T18:01:13.760+0000] {dag.py:4180} INFO - Setting next_dagrun for example_sla_dag to 2025-03-04 17:58:00+00:00, run_after=2025-03-04 18:00:00+00:00
[2025-03-04T18:01:13.787+0000] {processor.py:208} INFO - Processing /home/airflow/.local/lib/python3.12/site-packages/airflow/example_dags/example_sla_dag.py took 0.121 seconds
[2025-03-04T18:01:44.194+0000] {processor.py:186} INFO - Started process (PID=1632) to work on /home/airflow/.local/lib/python3.12/site-packages/airflow/example_dags/example_sla_dag.py
[2025-03-04T18:01:44.195+0000] {processor.py:914} INFO - Processing file /home/airflow/.local/lib/python3.12/site-packages/airflow/example_dags/example_sla_dag.py for tasks to queue
[2025-03-04T18:01:44.197+0000] {logging_mixin.py:190} INFO - [2025-03-04T18:01:44.197+0000] {dagbag.py:588} INFO - Filling up the DagBag from /home/airflow/.local/lib/python3.12/site-packages/airflow/example_dags/example_sla_dag.py
[2025-03-04T18:01:44.208+0000] {processor.py:925} INFO - DAG(s) 'example_sla_dag' retrieved from /home/airflow/.local/lib/python3.12/site-packages/airflow/example_dags/example_sla_dag.py
[2025-03-04T18:01:44.230+0000] {logging_mixin.py:190} INFO - [2025-03-04T18:01:44.229+0000] {dag.py:3239} INFO - Sync 1 DAGs
[2025-03-04T18:01:44.279+0000] {logging_mixin.py:190} INFO - [2025-03-04T18:01:44.279+0000] {dag.py:4180} INFO - Setting next_dagrun for example_sla_dag to 2025-03-04 17:58:00+00:00, run_after=2025-03-04 18:00:00+00:00
[2025-03-04T18:01:44.305+0000] {processor.py:208} INFO - Processing /home/airflow/.local/lib/python3.12/site-packages/airflow/example_dags/example_sla_dag.py took 0.117 seconds
[2025-03-04T18:02:15.592+0000] {processor.py:186} INFO - Started process (PID=1938) to work on /home/airflow/.local/lib/python3.12/site-packages/airflow/example_dags/example_sla_dag.py
[2025-03-04T18:02:15.593+0000] {processor.py:914} INFO - Processing file /home/airflow/.local/lib/python3.12/site-packages/airflow/example_dags/example_sla_dag.py for tasks to queue
[2025-03-04T18:02:15.596+0000] {logging_mixin.py:190} INFO - [2025-03-04T18:02:15.595+0000] {dagbag.py:588} INFO - Filling up the DagBag from /home/airflow/.local/lib/python3.12/site-packages/airflow/example_dags/example_sla_dag.py
[2025-03-04T18:02:15.606+0000] {processor.py:925} INFO - DAG(s) 'example_sla_dag' retrieved from /home/airflow/.local/lib/python3.12/site-packages/airflow/example_dags/example_sla_dag.py
[2025-03-04T18:02:15.632+0000] {logging_mixin.py:190} INFO - [2025-03-04T18:02:15.631+0000] {dag.py:3239} INFO - Sync 1 DAGs
[2025-03-04T18:02:15.664+0000] {logging_mixin.py:190} INFO - [2025-03-04T18:02:15.663+0000] {dag.py:4180} INFO - Setting next_dagrun for example_sla_dag to 2025-03-04 18:00:00+00:00, run_after=2025-03-04 18:02:00+00:00
[2025-03-04T18:02:15.686+0000] {processor.py:208} INFO - Processing /home/airflow/.local/lib/python3.12/site-packages/airflow/example_dags/example_sla_dag.py took 0.102 seconds
[2025-03-04T18:02:46.321+0000] {processor.py:186} INFO - Started process (PID=2244) to work on /home/airflow/.local/lib/python3.12/site-packages/airflow/example_dags/example_sla_dag.py
[2025-03-04T18:02:46.321+0000] {processor.py:914} INFO - Processing file /home/airflow/.local/lib/python3.12/site-packages/airflow/example_dags/example_sla_dag.py for tasks to queue
[2025-03-04T18:02:46.324+0000] {logging_mixin.py:190} INFO - [2025-03-04T18:02:46.323+0000] {dagbag.py:588} INFO - Filling up the DagBag from /home/airflow/.local/lib/python3.12/site-packages/airflow/example_dags/example_sla_dag.py
[2025-03-04T18:02:46.335+0000] {processor.py:925} INFO - DAG(s) 'example_sla_dag' retrieved from /home/airflow/.local/lib/python3.12/site-packages/airflow/example_dags/example_sla_dag.py
[2025-03-04T18:02:46.356+0000] {logging_mixin.py:190} INFO - [2025-03-04T18:02:46.356+0000] {dag.py:3239} INFO - Sync 1 DAGs
[2025-03-04T18:02:46.388+0000] {logging_mixin.py:190} INFO - [2025-03-04T18:02:46.388+0000] {dag.py:4180} INFO - Setting next_dagrun for example_sla_dag to 2025-03-04 18:00:00+00:00, run_after=2025-03-04 18:02:00+00:00
[2025-03-04T18:02:46.413+0000] {processor.py:208} INFO - Processing /home/airflow/.local/lib/python3.12/site-packages/airflow/example_dags/example_sla_dag.py took 0.099 seconds
[2025-03-04T18:03:16.968+0000] {processor.py:186} INFO - Started process (PID=2561) to work on /home/airflow/.local/lib/python3.12/site-packages/airflow/example_dags/example_sla_dag.py
[2025-03-04T18:03:16.969+0000] {processor.py:914} INFO - Processing file /home/airflow/.local/lib/python3.12/site-packages/airflow/example_dags/example_sla_dag.py for tasks to queue
[2025-03-04T18:03:16.971+0000] {logging_mixin.py:190} INFO - [2025-03-04T18:03:16.971+0000] {dagbag.py:588} INFO - Filling up the DagBag from /home/airflow/.local/lib/python3.12/site-packages/airflow/example_dags/example_sla_dag.py
[2025-03-04T18:03:16.982+0000] {processor.py:925} INFO - DAG(s) 'example_sla_dag' retrieved from /home/airflow/.local/lib/python3.12/site-packages/airflow/example_dags/example_sla_dag.py
[2025-03-04T18:03:17.004+0000] {logging_mixin.py:190} INFO - [2025-03-04T18:03:17.004+0000] {dag.py:3239} INFO - Sync 1 DAGs
[2025-03-04T18:03:17.035+0000] {logging_mixin.py:190} INFO - [2025-03-04T18:03:17.035+0000] {dag.py:4180} INFO - Setting next_dagrun for example_sla_dag to 2025-03-04 18:00:00+00:00, run_after=2025-03-04 18:02:00+00:00
[2025-03-04T18:03:17.060+0000] {processor.py:208} INFO - Processing /home/airflow/.local/lib/python3.12/site-packages/airflow/example_dags/example_sla_dag.py took 0.098 seconds
[2025-03-04T18:03:47.564+0000] {processor.py:186} INFO - Started process (PID=2867) to work on /home/airflow/.local/lib/python3.12/site-packages/airflow/example_dags/example_sla_dag.py
[2025-03-04T18:03:47.566+0000] {processor.py:914} INFO - Processing file /home/airflow/.local/lib/python3.12/site-packages/airflow/example_dags/example_sla_dag.py for tasks to queue
[2025-03-04T18:03:47.572+0000] {logging_mixin.py:190} INFO - [2025-03-04T18:03:47.571+0000] {dagbag.py:588} INFO - Filling up the DagBag from /home/airflow/.local/lib/python3.12/site-packages/airflow/example_dags/example_sla_dag.py
[2025-03-04T18:03:47.597+0000] {processor.py:925} INFO - DAG(s) 'example_sla_dag' retrieved from /home/airflow/.local/lib/python3.12/site-packages/airflow/example_dags/example_sla_dag.py
[2025-03-04T18:03:47.620+0000] {logging_mixin.py:190} INFO - [2025-03-04T18:03:47.620+0000] {dag.py:3239} INFO - Sync 1 DAGs
[2025-03-04T18:03:47.657+0000] {logging_mixin.py:190} INFO - [2025-03-04T18:03:47.656+0000] {dag.py:4180} INFO - Setting next_dagrun for example_sla_dag to 2025-03-04 18:00:00+00:00, run_after=2025-03-04 18:02:00+00:00
[2025-03-04T18:03:47.683+0000] {processor.py:208} INFO - Processing /home/airflow/.local/lib/python3.12/site-packages/airflow/example_dags/example_sla_dag.py took 0.136 seconds
[2025-03-04T18:04:18.047+0000] {processor.py:186} INFO - Started process (PID=3173) to work on /home/airflow/.local/lib/python3.12/site-packages/airflow/example_dags/example_sla_dag.py
[2025-03-04T18:04:18.049+0000] {processor.py:914} INFO - Processing file /home/airflow/.local/lib/python3.12/site-packages/airflow/example_dags/example_sla_dag.py for tasks to queue
[2025-03-04T18:04:18.051+0000] {logging_mixin.py:190} INFO - [2025-03-04T18:04:18.051+0000] {dagbag.py:588} INFO - Filling up the DagBag from /home/airflow/.local/lib/python3.12/site-packages/airflow/example_dags/example_sla_dag.py
[2025-03-04T18:04:18.062+0000] {processor.py:925} INFO - DAG(s) 'example_sla_dag' retrieved from /home/airflow/.local/lib/python3.12/site-packages/airflow/example_dags/example_sla_dag.py
[2025-03-04T18:04:18.088+0000] {logging_mixin.py:190} INFO - [2025-03-04T18:04:18.087+0000] {dag.py:3239} INFO - Sync 1 DAGs
[2025-03-04T18:04:18.120+0000] {logging_mixin.py:190} INFO - [2025-03-04T18:04:18.120+0000] {dag.py:4180} INFO - Setting next_dagrun for example_sla_dag to 2025-03-04 18:02:00+00:00, run_after=2025-03-04 18:04:00+00:00
[2025-03-04T18:04:18.142+0000] {processor.py:208} INFO - Processing /home/airflow/.local/lib/python3.12/site-packages/airflow/example_dags/example_sla_dag.py took 0.108 seconds
[2025-03-04T18:04:49.020+0000] {processor.py:186} INFO - Started process (PID=3479) to work on /home/airflow/.local/lib/python3.12/site-packages/airflow/example_dags/example_sla_dag.py
[2025-03-04T18:04:49.022+0000] {processor.py:914} INFO - Processing file /home/airflow/.local/lib/python3.12/site-packages/airflow/example_dags/example_sla_dag.py for tasks to queue
[2025-03-04T18:04:49.024+0000] {logging_mixin.py:190} INFO - [2025-03-04T18:04:49.024+0000] {dagbag.py:588} INFO - Filling up the DagBag from /home/airflow/.local/lib/python3.12/site-packages/airflow/example_dags/example_sla_dag.py
[2025-03-04T18:04:49.036+0000] {processor.py:925} INFO - DAG(s) 'example_sla_dag' retrieved from /home/airflow/.local/lib/python3.12/site-packages/airflow/example_dags/example_sla_dag.py
[2025-03-04T18:04:49.073+0000] {logging_mixin.py:190} INFO - [2025-03-04T18:04:49.072+0000] {dag.py:3239} INFO - Sync 1 DAGs
[2025-03-04T18:04:49.111+0000] {logging_mixin.py:190} INFO - [2025-03-04T18:04:49.111+0000] {dag.py:4180} INFO - Setting next_dagrun for example_sla_dag to 2025-03-04 18:02:00+00:00, run_after=2025-03-04 18:04:00+00:00
[2025-03-04T18:04:49.149+0000] {processor.py:208} INFO - Processing /home/airflow/.local/lib/python3.12/site-packages/airflow/example_dags/example_sla_dag.py took 0.135 seconds
