[2025-03-04T17:28:43.966+0000] {processor.py:186} INFO - Started process (PID=305) to work on /home/airflow/.local/lib/python3.12/site-packages/airflow/example_dags/example_skip_dag.py
[2025-03-04T17:28:43.979+0000] {processor.py:914} INFO - Processing file /home/airflow/.local/lib/python3.12/site-packages/airflow/example_dags/example_skip_dag.py for tasks to queue
[2025-03-04T17:28:43.985+0000] {logging_mixin.py:190} INFO - [2025-03-04T17:28:43.984+0000] {dagbag.py:588} INFO - Filling up the DagBag from /home/airflow/.local/lib/python3.12/site-packages/airflow/example_dags/example_skip_dag.py
[2025-03-04T17:28:44.005+0000] {processor.py:925} INFO - DAG(s) 'example_skip_dag' retrieved from /home/airflow/.local/lib/python3.12/site-packages/airflow/example_dags/example_skip_dag.py
[2025-03-04T17:28:44.054+0000] {logging_mixin.py:190} INFO - [2025-03-04T17:28:44.054+0000] {dag.py:3239} INFO - Sync 1 DAGs
[2025-03-04T17:28:44.098+0000] {logging_mixin.py:190} INFO - [2025-03-04T17:28:44.097+0000] {dag.py:4180} INFO - Setting next_dagrun for example_skip_dag to 2025-03-03 00:00:00+00:00, run_after=2025-03-04 00:00:00+00:00
[2025-03-04T17:28:44.148+0000] {processor.py:208} INFO - Processing /home/airflow/.local/lib/python3.12/site-packages/airflow/example_dags/example_skip_dag.py took 0.192 seconds
[2025-03-04T17:29:14.240+0000] {processor.py:186} INFO - Started process (PID=660) to work on /home/airflow/.local/lib/python3.12/site-packages/airflow/example_dags/example_skip_dag.py
[2025-03-04T17:29:14.241+0000] {processor.py:914} INFO - Processing file /home/airflow/.local/lib/python3.12/site-packages/airflow/example_dags/example_skip_dag.py for tasks to queue
[2025-03-04T17:29:14.244+0000] {logging_mixin.py:190} INFO - [2025-03-04T17:29:14.243+0000] {dagbag.py:588} INFO - Filling up the DagBag from /home/airflow/.local/lib/python3.12/site-packages/airflow/example_dags/example_skip_dag.py
[2025-03-04T17:29:14.264+0000] {processor.py:925} INFO - DAG(s) 'example_skip_dag' retrieved from /home/airflow/.local/lib/python3.12/site-packages/airflow/example_dags/example_skip_dag.py
[2025-03-04T17:29:14.295+0000] {logging_mixin.py:190} INFO - [2025-03-04T17:29:14.295+0000] {dag.py:3239} INFO - Sync 1 DAGs
[2025-03-04T17:29:14.335+0000] {logging_mixin.py:190} INFO - [2025-03-04T17:29:14.335+0000] {dag.py:4180} INFO - Setting next_dagrun for example_skip_dag to 2025-03-03 00:00:00+00:00, run_after=2025-03-04 00:00:00+00:00
[2025-03-04T17:29:14.364+0000] {processor.py:208} INFO - Processing /home/airflow/.local/lib/python3.12/site-packages/airflow/example_dags/example_skip_dag.py took 0.138 seconds
[2025-03-04T17:29:45.156+0000] {processor.py:186} INFO - Started process (PID=968) to work on /home/airflow/.local/lib/python3.12/site-packages/airflow/example_dags/example_skip_dag.py
[2025-03-04T17:29:45.157+0000] {processor.py:914} INFO - Processing file /home/airflow/.local/lib/python3.12/site-packages/airflow/example_dags/example_skip_dag.py for tasks to queue
[2025-03-04T17:29:45.160+0000] {logging_mixin.py:190} INFO - [2025-03-04T17:29:45.160+0000] {dagbag.py:588} INFO - Filling up the DagBag from /home/airflow/.local/lib/python3.12/site-packages/airflow/example_dags/example_skip_dag.py
[2025-03-04T17:29:45.169+0000] {processor.py:925} INFO - DAG(s) 'example_skip_dag' retrieved from /home/airflow/.local/lib/python3.12/site-packages/airflow/example_dags/example_skip_dag.py
[2025-03-04T17:29:45.201+0000] {logging_mixin.py:190} INFO - [2025-03-04T17:29:45.200+0000] {dag.py:3239} INFO - Sync 1 DAGs
[2025-03-04T17:29:45.228+0000] {logging_mixin.py:190} INFO - [2025-03-04T17:29:45.228+0000] {dag.py:4180} INFO - Setting next_dagrun for example_skip_dag to 2025-03-03 00:00:00+00:00, run_after=2025-03-04 00:00:00+00:00
[2025-03-04T17:29:45.252+0000] {processor.py:208} INFO - Processing /home/airflow/.local/lib/python3.12/site-packages/airflow/example_dags/example_skip_dag.py took 0.103 seconds
[2025-03-04T17:30:15.891+0000] {processor.py:186} INFO - Started process (PID=1272) to work on /home/airflow/.local/lib/python3.12/site-packages/airflow/example_dags/example_skip_dag.py
[2025-03-04T17:30:15.893+0000] {processor.py:914} INFO - Processing file /home/airflow/.local/lib/python3.12/site-packages/airflow/example_dags/example_skip_dag.py for tasks to queue
[2025-03-04T17:30:15.895+0000] {logging_mixin.py:190} INFO - [2025-03-04T17:30:15.895+0000] {dagbag.py:588} INFO - Filling up the DagBag from /home/airflow/.local/lib/python3.12/site-packages/airflow/example_dags/example_skip_dag.py
[2025-03-04T17:30:15.905+0000] {processor.py:925} INFO - DAG(s) 'example_skip_dag' retrieved from /home/airflow/.local/lib/python3.12/site-packages/airflow/example_dags/example_skip_dag.py
[2025-03-04T17:30:15.933+0000] {logging_mixin.py:190} INFO - [2025-03-04T17:30:15.932+0000] {dag.py:3239} INFO - Sync 1 DAGs
[2025-03-04T17:30:15.964+0000] {logging_mixin.py:190} INFO - [2025-03-04T17:30:15.964+0000] {dag.py:4180} INFO - Setting next_dagrun for example_skip_dag to 2025-03-03 00:00:00+00:00, run_after=2025-03-04 00:00:00+00:00
[2025-03-04T17:30:15.990+0000] {processor.py:208} INFO - Processing /home/airflow/.local/lib/python3.12/site-packages/airflow/example_dags/example_skip_dag.py took 0.108 seconds
[2025-03-04T17:30:46.682+0000] {processor.py:186} INFO - Started process (PID=1578) to work on /home/airflow/.local/lib/python3.12/site-packages/airflow/example_dags/example_skip_dag.py
[2025-03-04T17:30:46.683+0000] {processor.py:914} INFO - Processing file /home/airflow/.local/lib/python3.12/site-packages/airflow/example_dags/example_skip_dag.py for tasks to queue
[2025-03-04T17:30:46.688+0000] {logging_mixin.py:190} INFO - [2025-03-04T17:30:46.687+0000] {dagbag.py:588} INFO - Filling up the DagBag from /home/airflow/.local/lib/python3.12/site-packages/airflow/example_dags/example_skip_dag.py
[2025-03-04T17:30:46.702+0000] {processor.py:925} INFO - DAG(s) 'example_skip_dag' retrieved from /home/airflow/.local/lib/python3.12/site-packages/airflow/example_dags/example_skip_dag.py
[2025-03-04T17:30:46.730+0000] {logging_mixin.py:190} INFO - [2025-03-04T17:30:46.729+0000] {dag.py:3239} INFO - Sync 1 DAGs
[2025-03-04T17:30:46.760+0000] {logging_mixin.py:190} INFO - [2025-03-04T17:30:46.759+0000] {dag.py:4180} INFO - Setting next_dagrun for example_skip_dag to 2025-03-03 00:00:00+00:00, run_after=2025-03-04 00:00:00+00:00
[2025-03-04T17:30:46.783+0000] {processor.py:208} INFO - Processing /home/airflow/.local/lib/python3.12/site-packages/airflow/example_dags/example_skip_dag.py took 0.108 seconds
[2025-03-04T17:31:17.285+0000] {processor.py:186} INFO - Started process (PID=1884) to work on /home/airflow/.local/lib/python3.12/site-packages/airflow/example_dags/example_skip_dag.py
[2025-03-04T17:31:17.287+0000] {processor.py:914} INFO - Processing file /home/airflow/.local/lib/python3.12/site-packages/airflow/example_dags/example_skip_dag.py for tasks to queue
[2025-03-04T17:31:17.289+0000] {logging_mixin.py:190} INFO - [2025-03-04T17:31:17.289+0000] {dagbag.py:588} INFO - Filling up the DagBag from /home/airflow/.local/lib/python3.12/site-packages/airflow/example_dags/example_skip_dag.py
[2025-03-04T17:31:17.298+0000] {processor.py:925} INFO - DAG(s) 'example_skip_dag' retrieved from /home/airflow/.local/lib/python3.12/site-packages/airflow/example_dags/example_skip_dag.py
[2025-03-04T17:31:17.323+0000] {logging_mixin.py:190} INFO - [2025-03-04T17:31:17.323+0000] {dag.py:3239} INFO - Sync 1 DAGs
[2025-03-04T17:31:17.351+0000] {logging_mixin.py:190} INFO - [2025-03-04T17:31:17.351+0000] {dag.py:4180} INFO - Setting next_dagrun for example_skip_dag to 2025-03-03 00:00:00+00:00, run_after=2025-03-04 00:00:00+00:00
[2025-03-04T17:31:17.380+0000] {processor.py:208} INFO - Processing /home/airflow/.local/lib/python3.12/site-packages/airflow/example_dags/example_skip_dag.py took 0.102 seconds
[2025-03-04T17:31:47.718+0000] {processor.py:186} INFO - Started process (PID=2190) to work on /home/airflow/.local/lib/python3.12/site-packages/airflow/example_dags/example_skip_dag.py
[2025-03-04T17:31:47.719+0000] {processor.py:914} INFO - Processing file /home/airflow/.local/lib/python3.12/site-packages/airflow/example_dags/example_skip_dag.py for tasks to queue
[2025-03-04T17:31:47.722+0000] {logging_mixin.py:190} INFO - [2025-03-04T17:31:47.722+0000] {dagbag.py:588} INFO - Filling up the DagBag from /home/airflow/.local/lib/python3.12/site-packages/airflow/example_dags/example_skip_dag.py
[2025-03-04T17:31:47.731+0000] {processor.py:925} INFO - DAG(s) 'example_skip_dag' retrieved from /home/airflow/.local/lib/python3.12/site-packages/airflow/example_dags/example_skip_dag.py
[2025-03-04T17:31:47.761+0000] {logging_mixin.py:190} INFO - [2025-03-04T17:31:47.761+0000] {dag.py:3239} INFO - Sync 1 DAGs
[2025-03-04T17:31:47.792+0000] {logging_mixin.py:190} INFO - [2025-03-04T17:31:47.792+0000] {dag.py:4180} INFO - Setting next_dagrun for example_skip_dag to 2025-03-03 00:00:00+00:00, run_after=2025-03-04 00:00:00+00:00
[2025-03-04T17:31:47.817+0000] {processor.py:208} INFO - Processing /home/airflow/.local/lib/python3.12/site-packages/airflow/example_dags/example_skip_dag.py took 0.112 seconds
[2025-03-04T17:32:18.111+0000] {processor.py:186} INFO - Started process (PID=2496) to work on /home/airflow/.local/lib/python3.12/site-packages/airflow/example_dags/example_skip_dag.py
[2025-03-04T17:32:18.112+0000] {processor.py:914} INFO - Processing file /home/airflow/.local/lib/python3.12/site-packages/airflow/example_dags/example_skip_dag.py for tasks to queue
[2025-03-04T17:32:18.115+0000] {logging_mixin.py:190} INFO - [2025-03-04T17:32:18.114+0000] {dagbag.py:588} INFO - Filling up the DagBag from /home/airflow/.local/lib/python3.12/site-packages/airflow/example_dags/example_skip_dag.py
[2025-03-04T17:32:18.124+0000] {processor.py:925} INFO - DAG(s) 'example_skip_dag' retrieved from /home/airflow/.local/lib/python3.12/site-packages/airflow/example_dags/example_skip_dag.py
[2025-03-04T17:32:18.153+0000] {logging_mixin.py:190} INFO - [2025-03-04T17:32:18.153+0000] {dag.py:3239} INFO - Sync 1 DAGs
[2025-03-04T17:32:18.186+0000] {logging_mixin.py:190} INFO - [2025-03-04T17:32:18.185+0000] {dag.py:4180} INFO - Setting next_dagrun for example_skip_dag to 2025-03-03 00:00:00+00:00, run_after=2025-03-04 00:00:00+00:00
[2025-03-04T17:32:18.211+0000] {processor.py:208} INFO - Processing /home/airflow/.local/lib/python3.12/site-packages/airflow/example_dags/example_skip_dag.py took 0.109 seconds
[2025-03-04T17:32:48.704+0000] {processor.py:186} INFO - Started process (PID=2802) to work on /home/airflow/.local/lib/python3.12/site-packages/airflow/example_dags/example_skip_dag.py
[2025-03-04T17:32:48.705+0000] {processor.py:914} INFO - Processing file /home/airflow/.local/lib/python3.12/site-packages/airflow/example_dags/example_skip_dag.py for tasks to queue
[2025-03-04T17:32:48.708+0000] {logging_mixin.py:190} INFO - [2025-03-04T17:32:48.707+0000] {dagbag.py:588} INFO - Filling up the DagBag from /home/airflow/.local/lib/python3.12/site-packages/airflow/example_dags/example_skip_dag.py
[2025-03-04T17:32:48.717+0000] {processor.py:925} INFO - DAG(s) 'example_skip_dag' retrieved from /home/airflow/.local/lib/python3.12/site-packages/airflow/example_dags/example_skip_dag.py
[2025-03-04T17:32:48.746+0000] {logging_mixin.py:190} INFO - [2025-03-04T17:32:48.746+0000] {dag.py:3239} INFO - Sync 1 DAGs
[2025-03-04T17:32:48.776+0000] {logging_mixin.py:190} INFO - [2025-03-04T17:32:48.776+0000] {dag.py:4180} INFO - Setting next_dagrun for example_skip_dag to 2025-03-03 00:00:00+00:00, run_after=2025-03-04 00:00:00+00:00
[2025-03-04T17:32:48.801+0000] {processor.py:208} INFO - Processing /home/airflow/.local/lib/python3.12/site-packages/airflow/example_dags/example_skip_dag.py took 0.106 seconds
[2025-03-04T17:33:19.003+0000] {processor.py:186} INFO - Started process (PID=3108) to work on /home/airflow/.local/lib/python3.12/site-packages/airflow/example_dags/example_skip_dag.py
[2025-03-04T17:33:19.004+0000] {processor.py:914} INFO - Processing file /home/airflow/.local/lib/python3.12/site-packages/airflow/example_dags/example_skip_dag.py for tasks to queue
[2025-03-04T17:33:19.007+0000] {logging_mixin.py:190} INFO - [2025-03-04T17:33:19.007+0000] {dagbag.py:588} INFO - Filling up the DagBag from /home/airflow/.local/lib/python3.12/site-packages/airflow/example_dags/example_skip_dag.py
[2025-03-04T17:33:19.016+0000] {processor.py:925} INFO - DAG(s) 'example_skip_dag' retrieved from /home/airflow/.local/lib/python3.12/site-packages/airflow/example_dags/example_skip_dag.py
[2025-03-04T17:33:19.043+0000] {logging_mixin.py:190} INFO - [2025-03-04T17:33:19.043+0000] {dag.py:3239} INFO - Sync 1 DAGs
[2025-03-04T17:33:19.070+0000] {logging_mixin.py:190} INFO - [2025-03-04T17:33:19.070+0000] {dag.py:4180} INFO - Setting next_dagrun for example_skip_dag to 2025-03-03 00:00:00+00:00, run_after=2025-03-04 00:00:00+00:00
[2025-03-04T17:33:19.095+0000] {processor.py:208} INFO - Processing /home/airflow/.local/lib/python3.12/site-packages/airflow/example_dags/example_skip_dag.py took 0.099 seconds
[2025-03-04T17:33:49.255+0000] {processor.py:186} INFO - Started process (PID=3414) to work on /home/airflow/.local/lib/python3.12/site-packages/airflow/example_dags/example_skip_dag.py
[2025-03-04T17:33:49.256+0000] {processor.py:914} INFO - Processing file /home/airflow/.local/lib/python3.12/site-packages/airflow/example_dags/example_skip_dag.py for tasks to queue
[2025-03-04T17:33:49.258+0000] {logging_mixin.py:190} INFO - [2025-03-04T17:33:49.258+0000] {dagbag.py:588} INFO - Filling up the DagBag from /home/airflow/.local/lib/python3.12/site-packages/airflow/example_dags/example_skip_dag.py
[2025-03-04T17:33:49.266+0000] {processor.py:925} INFO - DAG(s) 'example_skip_dag' retrieved from /home/airflow/.local/lib/python3.12/site-packages/airflow/example_dags/example_skip_dag.py
[2025-03-04T17:33:49.289+0000] {logging_mixin.py:190} INFO - [2025-03-04T17:33:49.288+0000] {dag.py:3239} INFO - Sync 1 DAGs
[2025-03-04T17:33:49.316+0000] {logging_mixin.py:190} INFO - [2025-03-04T17:33:49.316+0000] {dag.py:4180} INFO - Setting next_dagrun for example_skip_dag to 2025-03-03 00:00:00+00:00, run_after=2025-03-04 00:00:00+00:00
[2025-03-04T17:33:49.346+0000] {processor.py:208} INFO - Processing /home/airflow/.local/lib/python3.12/site-packages/airflow/example_dags/example_skip_dag.py took 0.097 seconds
[2025-03-04T17:34:19.461+0000] {processor.py:186} INFO - Started process (PID=3720) to work on /home/airflow/.local/lib/python3.12/site-packages/airflow/example_dags/example_skip_dag.py
[2025-03-04T17:34:19.462+0000] {processor.py:914} INFO - Processing file /home/airflow/.local/lib/python3.12/site-packages/airflow/example_dags/example_skip_dag.py for tasks to queue
[2025-03-04T17:34:19.465+0000] {logging_mixin.py:190} INFO - [2025-03-04T17:34:19.464+0000] {dagbag.py:588} INFO - Filling up the DagBag from /home/airflow/.local/lib/python3.12/site-packages/airflow/example_dags/example_skip_dag.py
[2025-03-04T17:34:19.473+0000] {processor.py:925} INFO - DAG(s) 'example_skip_dag' retrieved from /home/airflow/.local/lib/python3.12/site-packages/airflow/example_dags/example_skip_dag.py
[2025-03-04T17:34:19.496+0000] {logging_mixin.py:190} INFO - [2025-03-04T17:34:19.495+0000] {dag.py:3239} INFO - Sync 1 DAGs
[2025-03-04T17:34:19.522+0000] {logging_mixin.py:190} INFO - [2025-03-04T17:34:19.522+0000] {dag.py:4180} INFO - Setting next_dagrun for example_skip_dag to 2025-03-03 00:00:00+00:00, run_after=2025-03-04 00:00:00+00:00
[2025-03-04T17:34:19.545+0000] {processor.py:208} INFO - Processing /home/airflow/.local/lib/python3.12/site-packages/airflow/example_dags/example_skip_dag.py took 0.090 seconds
[2025-03-04T17:34:49.812+0000] {processor.py:186} INFO - Started process (PID=4026) to work on /home/airflow/.local/lib/python3.12/site-packages/airflow/example_dags/example_skip_dag.py
[2025-03-04T17:34:49.813+0000] {processor.py:914} INFO - Processing file /home/airflow/.local/lib/python3.12/site-packages/airflow/example_dags/example_skip_dag.py for tasks to queue
[2025-03-04T17:34:49.817+0000] {logging_mixin.py:190} INFO - [2025-03-04T17:34:49.816+0000] {dagbag.py:588} INFO - Filling up the DagBag from /home/airflow/.local/lib/python3.12/site-packages/airflow/example_dags/example_skip_dag.py
[2025-03-04T17:34:49.828+0000] {processor.py:925} INFO - DAG(s) 'example_skip_dag' retrieved from /home/airflow/.local/lib/python3.12/site-packages/airflow/example_dags/example_skip_dag.py
[2025-03-04T17:34:49.855+0000] {logging_mixin.py:190} INFO - [2025-03-04T17:34:49.855+0000] {dag.py:3239} INFO - Sync 1 DAGs
[2025-03-04T17:34:49.881+0000] {logging_mixin.py:190} INFO - [2025-03-04T17:34:49.881+0000] {dag.py:4180} INFO - Setting next_dagrun for example_skip_dag to 2025-03-03 00:00:00+00:00, run_after=2025-03-04 00:00:00+00:00
[2025-03-04T17:34:49.903+0000] {processor.py:208} INFO - Processing /home/airflow/.local/lib/python3.12/site-packages/airflow/example_dags/example_skip_dag.py took 0.098 seconds
[2025-03-04T17:35:19.943+0000] {processor.py:186} INFO - Started process (PID=4327) to work on /home/airflow/.local/lib/python3.12/site-packages/airflow/example_dags/example_skip_dag.py
[2025-03-04T17:35:19.944+0000] {processor.py:914} INFO - Processing file /home/airflow/.local/lib/python3.12/site-packages/airflow/example_dags/example_skip_dag.py for tasks to queue
[2025-03-04T17:35:19.947+0000] {logging_mixin.py:190} INFO - [2025-03-04T17:35:19.947+0000] {dagbag.py:588} INFO - Filling up the DagBag from /home/airflow/.local/lib/python3.12/site-packages/airflow/example_dags/example_skip_dag.py
[2025-03-04T17:35:19.959+0000] {processor.py:925} INFO - DAG(s) 'example_skip_dag' retrieved from /home/airflow/.local/lib/python3.12/site-packages/airflow/example_dags/example_skip_dag.py
[2025-03-04T17:35:19.991+0000] {logging_mixin.py:190} INFO - [2025-03-04T17:35:19.991+0000] {dag.py:3239} INFO - Sync 1 DAGs
[2025-03-04T17:35:20.021+0000] {logging_mixin.py:190} INFO - [2025-03-04T17:35:20.021+0000] {dag.py:4180} INFO - Setting next_dagrun for example_skip_dag to 2025-03-03 00:00:00+00:00, run_after=2025-03-04 00:00:00+00:00
[2025-03-04T17:35:20.044+0000] {processor.py:208} INFO - Processing /home/airflow/.local/lib/python3.12/site-packages/airflow/example_dags/example_skip_dag.py took 0.109 seconds
[2025-03-04T17:35:50.471+0000] {processor.py:186} INFO - Started process (PID=4638) to work on /home/airflow/.local/lib/python3.12/site-packages/airflow/example_dags/example_skip_dag.py
[2025-03-04T17:35:50.472+0000] {processor.py:914} INFO - Processing file /home/airflow/.local/lib/python3.12/site-packages/airflow/example_dags/example_skip_dag.py for tasks to queue
[2025-03-04T17:35:50.474+0000] {logging_mixin.py:190} INFO - [2025-03-04T17:35:50.474+0000] {dagbag.py:588} INFO - Filling up the DagBag from /home/airflow/.local/lib/python3.12/site-packages/airflow/example_dags/example_skip_dag.py
[2025-03-04T17:35:50.484+0000] {processor.py:925} INFO - DAG(s) 'example_skip_dag' retrieved from /home/airflow/.local/lib/python3.12/site-packages/airflow/example_dags/example_skip_dag.py
[2025-03-04T17:35:50.510+0000] {logging_mixin.py:190} INFO - [2025-03-04T17:35:50.509+0000] {dag.py:3239} INFO - Sync 1 DAGs
[2025-03-04T17:35:50.537+0000] {logging_mixin.py:190} INFO - [2025-03-04T17:35:50.537+0000] {dag.py:4180} INFO - Setting next_dagrun for example_skip_dag to 2025-03-03 00:00:00+00:00, run_after=2025-03-04 00:00:00+00:00
[2025-03-04T17:35:50.559+0000] {processor.py:208} INFO - Processing /home/airflow/.local/lib/python3.12/site-packages/airflow/example_dags/example_skip_dag.py took 0.094 seconds
[2025-03-04T17:36:21.259+0000] {processor.py:186} INFO - Started process (PID=4944) to work on /home/airflow/.local/lib/python3.12/site-packages/airflow/example_dags/example_skip_dag.py
[2025-03-04T17:36:21.260+0000] {processor.py:914} INFO - Processing file /home/airflow/.local/lib/python3.12/site-packages/airflow/example_dags/example_skip_dag.py for tasks to queue
[2025-03-04T17:36:21.263+0000] {logging_mixin.py:190} INFO - [2025-03-04T17:36:21.263+0000] {dagbag.py:588} INFO - Filling up the DagBag from /home/airflow/.local/lib/python3.12/site-packages/airflow/example_dags/example_skip_dag.py
[2025-03-04T17:36:21.273+0000] {processor.py:925} INFO - DAG(s) 'example_skip_dag' retrieved from /home/airflow/.local/lib/python3.12/site-packages/airflow/example_dags/example_skip_dag.py
[2025-03-04T17:36:21.302+0000] {logging_mixin.py:190} INFO - [2025-03-04T17:36:21.302+0000] {dag.py:3239} INFO - Sync 1 DAGs
[2025-03-04T17:36:21.335+0000] {logging_mixin.py:190} INFO - [2025-03-04T17:36:21.335+0000] {dag.py:4180} INFO - Setting next_dagrun for example_skip_dag to 2025-03-03 00:00:00+00:00, run_after=2025-03-04 00:00:00+00:00
[2025-03-04T17:36:21.360+0000] {processor.py:208} INFO - Processing /home/airflow/.local/lib/python3.12/site-packages/airflow/example_dags/example_skip_dag.py took 0.108 seconds
[2025-03-04T17:36:51.572+0000] {processor.py:186} INFO - Started process (PID=5252) to work on /home/airflow/.local/lib/python3.12/site-packages/airflow/example_dags/example_skip_dag.py
[2025-03-04T17:36:51.573+0000] {processor.py:914} INFO - Processing file /home/airflow/.local/lib/python3.12/site-packages/airflow/example_dags/example_skip_dag.py for tasks to queue
[2025-03-04T17:36:51.575+0000] {logging_mixin.py:190} INFO - [2025-03-04T17:36:51.575+0000] {dagbag.py:588} INFO - Filling up the DagBag from /home/airflow/.local/lib/python3.12/site-packages/airflow/example_dags/example_skip_dag.py
[2025-03-04T17:36:51.584+0000] {processor.py:925} INFO - DAG(s) 'example_skip_dag' retrieved from /home/airflow/.local/lib/python3.12/site-packages/airflow/example_dags/example_skip_dag.py
[2025-03-04T17:36:51.624+0000] {logging_mixin.py:190} INFO - [2025-03-04T17:36:51.624+0000] {dag.py:3239} INFO - Sync 1 DAGs
[2025-03-04T17:36:51.657+0000] {logging_mixin.py:190} INFO - [2025-03-04T17:36:51.657+0000] {dag.py:4180} INFO - Setting next_dagrun for example_skip_dag to 2025-03-03 00:00:00+00:00, run_after=2025-03-04 00:00:00+00:00
[2025-03-04T17:36:51.678+0000] {processor.py:208} INFO - Processing /home/airflow/.local/lib/python3.12/site-packages/airflow/example_dags/example_skip_dag.py took 0.113 seconds
[2025-03-04T17:37:21.737+0000] {processor.py:186} INFO - Started process (PID=5556) to work on /home/airflow/.local/lib/python3.12/site-packages/airflow/example_dags/example_skip_dag.py
[2025-03-04T17:37:21.738+0000] {processor.py:914} INFO - Processing file /home/airflow/.local/lib/python3.12/site-packages/airflow/example_dags/example_skip_dag.py for tasks to queue
[2025-03-04T17:37:21.741+0000] {logging_mixin.py:190} INFO - [2025-03-04T17:37:21.740+0000] {dagbag.py:588} INFO - Filling up the DagBag from /home/airflow/.local/lib/python3.12/site-packages/airflow/example_dags/example_skip_dag.py
[2025-03-04T17:37:21.749+0000] {processor.py:925} INFO - DAG(s) 'example_skip_dag' retrieved from /home/airflow/.local/lib/python3.12/site-packages/airflow/example_dags/example_skip_dag.py
[2025-03-04T17:37:21.770+0000] {logging_mixin.py:190} INFO - [2025-03-04T17:37:21.770+0000] {dag.py:3239} INFO - Sync 1 DAGs
[2025-03-04T17:37:21.798+0000] {logging_mixin.py:190} INFO - [2025-03-04T17:37:21.798+0000] {dag.py:4180} INFO - Setting next_dagrun for example_skip_dag to 2025-03-03 00:00:00+00:00, run_after=2025-03-04 00:00:00+00:00
[2025-03-04T17:37:21.819+0000] {processor.py:208} INFO - Processing /home/airflow/.local/lib/python3.12/site-packages/airflow/example_dags/example_skip_dag.py took 0.088 seconds
[2025-03-04T17:37:52.834+0000] {processor.py:186} INFO - Started process (PID=5862) to work on /home/airflow/.local/lib/python3.12/site-packages/airflow/example_dags/example_skip_dag.py
[2025-03-04T17:37:52.835+0000] {processor.py:914} INFO - Processing file /home/airflow/.local/lib/python3.12/site-packages/airflow/example_dags/example_skip_dag.py for tasks to queue
[2025-03-04T17:37:52.837+0000] {logging_mixin.py:190} INFO - [2025-03-04T17:37:52.837+0000] {dagbag.py:588} INFO - Filling up the DagBag from /home/airflow/.local/lib/python3.12/site-packages/airflow/example_dags/example_skip_dag.py
[2025-03-04T17:37:52.846+0000] {processor.py:925} INFO - DAG(s) 'example_skip_dag' retrieved from /home/airflow/.local/lib/python3.12/site-packages/airflow/example_dags/example_skip_dag.py
[2025-03-04T17:37:52.868+0000] {logging_mixin.py:190} INFO - [2025-03-04T17:37:52.868+0000] {dag.py:3239} INFO - Sync 1 DAGs
[2025-03-04T17:37:52.898+0000] {logging_mixin.py:190} INFO - [2025-03-04T17:37:52.898+0000] {dag.py:4180} INFO - Setting next_dagrun for example_skip_dag to 2025-03-03 00:00:00+00:00, run_after=2025-03-04 00:00:00+00:00
[2025-03-04T17:37:52.922+0000] {processor.py:208} INFO - Processing /home/airflow/.local/lib/python3.12/site-packages/airflow/example_dags/example_skip_dag.py took 0.095 seconds
[2025-03-04T17:38:22.972+0000] {processor.py:186} INFO - Started process (PID=6168) to work on /home/airflow/.local/lib/python3.12/site-packages/airflow/example_dags/example_skip_dag.py
[2025-03-04T17:38:22.973+0000] {processor.py:914} INFO - Processing file /home/airflow/.local/lib/python3.12/site-packages/airflow/example_dags/example_skip_dag.py for tasks to queue
[2025-03-04T17:38:22.975+0000] {logging_mixin.py:190} INFO - [2025-03-04T17:38:22.975+0000] {dagbag.py:588} INFO - Filling up the DagBag from /home/airflow/.local/lib/python3.12/site-packages/airflow/example_dags/example_skip_dag.py
[2025-03-04T17:38:22.983+0000] {processor.py:925} INFO - DAG(s) 'example_skip_dag' retrieved from /home/airflow/.local/lib/python3.12/site-packages/airflow/example_dags/example_skip_dag.py
[2025-03-04T17:38:23.005+0000] {logging_mixin.py:190} INFO - [2025-03-04T17:38:23.005+0000] {dag.py:3239} INFO - Sync 1 DAGs
[2025-03-04T17:38:23.030+0000] {logging_mixin.py:190} INFO - [2025-03-04T17:38:23.030+0000] {dag.py:4180} INFO - Setting next_dagrun for example_skip_dag to 2025-03-03 00:00:00+00:00, run_after=2025-03-04 00:00:00+00:00
[2025-03-04T17:38:23.052+0000] {processor.py:208} INFO - Processing /home/airflow/.local/lib/python3.12/site-packages/airflow/example_dags/example_skip_dag.py took 0.087 seconds
[2025-03-04T17:38:53.789+0000] {processor.py:186} INFO - Started process (PID=6474) to work on /home/airflow/.local/lib/python3.12/site-packages/airflow/example_dags/example_skip_dag.py
[2025-03-04T17:38:53.790+0000] {processor.py:914} INFO - Processing file /home/airflow/.local/lib/python3.12/site-packages/airflow/example_dags/example_skip_dag.py for tasks to queue
[2025-03-04T17:38:53.792+0000] {logging_mixin.py:190} INFO - [2025-03-04T17:38:53.792+0000] {dagbag.py:588} INFO - Filling up the DagBag from /home/airflow/.local/lib/python3.12/site-packages/airflow/example_dags/example_skip_dag.py
[2025-03-04T17:38:53.801+0000] {processor.py:925} INFO - DAG(s) 'example_skip_dag' retrieved from /home/airflow/.local/lib/python3.12/site-packages/airflow/example_dags/example_skip_dag.py
[2025-03-04T17:38:53.825+0000] {logging_mixin.py:190} INFO - [2025-03-04T17:38:53.825+0000] {dag.py:3239} INFO - Sync 1 DAGs
[2025-03-04T17:38:53.853+0000] {logging_mixin.py:190} INFO - [2025-03-04T17:38:53.853+0000] {dag.py:4180} INFO - Setting next_dagrun for example_skip_dag to 2025-03-03 00:00:00+00:00, run_after=2025-03-04 00:00:00+00:00
[2025-03-04T17:38:53.876+0000] {processor.py:208} INFO - Processing /home/airflow/.local/lib/python3.12/site-packages/airflow/example_dags/example_skip_dag.py took 0.094 seconds
[2025-03-04T17:39:24.336+0000] {processor.py:186} INFO - Started process (PID=6780) to work on /home/airflow/.local/lib/python3.12/site-packages/airflow/example_dags/example_skip_dag.py
[2025-03-04T17:39:24.338+0000] {processor.py:914} INFO - Processing file /home/airflow/.local/lib/python3.12/site-packages/airflow/example_dags/example_skip_dag.py for tasks to queue
[2025-03-04T17:39:24.340+0000] {logging_mixin.py:190} INFO - [2025-03-04T17:39:24.340+0000] {dagbag.py:588} INFO - Filling up the DagBag from /home/airflow/.local/lib/python3.12/site-packages/airflow/example_dags/example_skip_dag.py
[2025-03-04T17:39:24.350+0000] {processor.py:925} INFO - DAG(s) 'example_skip_dag' retrieved from /home/airflow/.local/lib/python3.12/site-packages/airflow/example_dags/example_skip_dag.py
[2025-03-04T17:39:24.373+0000] {logging_mixin.py:190} INFO - [2025-03-04T17:39:24.373+0000] {dag.py:3239} INFO - Sync 1 DAGs
[2025-03-04T17:39:24.405+0000] {logging_mixin.py:190} INFO - [2025-03-04T17:39:24.405+0000] {dag.py:4180} INFO - Setting next_dagrun for example_skip_dag to 2025-03-03 00:00:00+00:00, run_after=2025-03-04 00:00:00+00:00
[2025-03-04T17:39:24.432+0000] {processor.py:208} INFO - Processing /home/airflow/.local/lib/python3.12/site-packages/airflow/example_dags/example_skip_dag.py took 0.103 seconds
[2025-03-04T17:39:54.946+0000] {processor.py:186} INFO - Started process (PID=7086) to work on /home/airflow/.local/lib/python3.12/site-packages/airflow/example_dags/example_skip_dag.py
[2025-03-04T17:39:54.947+0000] {processor.py:914} INFO - Processing file /home/airflow/.local/lib/python3.12/site-packages/airflow/example_dags/example_skip_dag.py for tasks to queue
[2025-03-04T17:39:54.950+0000] {logging_mixin.py:190} INFO - [2025-03-04T17:39:54.949+0000] {dagbag.py:588} INFO - Filling up the DagBag from /home/airflow/.local/lib/python3.12/site-packages/airflow/example_dags/example_skip_dag.py
[2025-03-04T17:39:54.971+0000] {processor.py:925} INFO - DAG(s) 'example_skip_dag' retrieved from /home/airflow/.local/lib/python3.12/site-packages/airflow/example_dags/example_skip_dag.py
[2025-03-04T17:39:54.998+0000] {logging_mixin.py:190} INFO - [2025-03-04T17:39:54.998+0000] {dag.py:3239} INFO - Sync 1 DAGs
[2025-03-04T17:39:55.025+0000] {logging_mixin.py:190} INFO - [2025-03-04T17:39:55.025+0000] {dag.py:4180} INFO - Setting next_dagrun for example_skip_dag to 2025-03-03 00:00:00+00:00, run_after=2025-03-04 00:00:00+00:00
[2025-03-04T17:39:55.049+0000] {processor.py:208} INFO - Processing /home/airflow/.local/lib/python3.12/site-packages/airflow/example_dags/example_skip_dag.py took 0.116 seconds
[2025-03-04T17:40:25.395+0000] {processor.py:186} INFO - Started process (PID=7397) to work on /home/airflow/.local/lib/python3.12/site-packages/airflow/example_dags/example_skip_dag.py
[2025-03-04T17:40:25.396+0000] {processor.py:914} INFO - Processing file /home/airflow/.local/lib/python3.12/site-packages/airflow/example_dags/example_skip_dag.py for tasks to queue
[2025-03-04T17:40:25.398+0000] {logging_mixin.py:190} INFO - [2025-03-04T17:40:25.398+0000] {dagbag.py:588} INFO - Filling up the DagBag from /home/airflow/.local/lib/python3.12/site-packages/airflow/example_dags/example_skip_dag.py
[2025-03-04T17:40:25.407+0000] {processor.py:925} INFO - DAG(s) 'example_skip_dag' retrieved from /home/airflow/.local/lib/python3.12/site-packages/airflow/example_dags/example_skip_dag.py
[2025-03-04T17:40:25.434+0000] {logging_mixin.py:190} INFO - [2025-03-04T17:40:25.433+0000] {dag.py:3239} INFO - Sync 1 DAGs
[2025-03-04T17:40:25.464+0000] {logging_mixin.py:190} INFO - [2025-03-04T17:40:25.463+0000] {dag.py:4180} INFO - Setting next_dagrun for example_skip_dag to 2025-03-03 00:00:00+00:00, run_after=2025-03-04 00:00:00+00:00
[2025-03-04T17:40:25.490+0000] {processor.py:208} INFO - Processing /home/airflow/.local/lib/python3.12/site-packages/airflow/example_dags/example_skip_dag.py took 0.102 seconds
[2025-03-04T17:40:56.004+0000] {processor.py:186} INFO - Started process (PID=7705) to work on /home/airflow/.local/lib/python3.12/site-packages/airflow/example_dags/example_skip_dag.py
[2025-03-04T17:40:56.005+0000] {processor.py:914} INFO - Processing file /home/airflow/.local/lib/python3.12/site-packages/airflow/example_dags/example_skip_dag.py for tasks to queue
[2025-03-04T17:40:56.008+0000] {logging_mixin.py:190} INFO - [2025-03-04T17:40:56.007+0000] {dagbag.py:588} INFO - Filling up the DagBag from /home/airflow/.local/lib/python3.12/site-packages/airflow/example_dags/example_skip_dag.py
[2025-03-04T17:40:56.016+0000] {processor.py:925} INFO - DAG(s) 'example_skip_dag' retrieved from /home/airflow/.local/lib/python3.12/site-packages/airflow/example_dags/example_skip_dag.py
[2025-03-04T17:40:56.058+0000] {logging_mixin.py:190} INFO - [2025-03-04T17:40:56.058+0000] {dag.py:3239} INFO - Sync 1 DAGs
[2025-03-04T17:40:56.088+0000] {logging_mixin.py:190} INFO - [2025-03-04T17:40:56.088+0000] {dag.py:4180} INFO - Setting next_dagrun for example_skip_dag to 2025-03-03 00:00:00+00:00, run_after=2025-03-04 00:00:00+00:00
[2025-03-04T17:40:56.116+0000] {processor.py:208} INFO - Processing /home/airflow/.local/lib/python3.12/site-packages/airflow/example_dags/example_skip_dag.py took 0.119 seconds
[2025-03-04T17:41:26.492+0000] {processor.py:186} INFO - Started process (PID=8009) to work on /home/airflow/.local/lib/python3.12/site-packages/airflow/example_dags/example_skip_dag.py
[2025-03-04T17:41:26.493+0000] {processor.py:914} INFO - Processing file /home/airflow/.local/lib/python3.12/site-packages/airflow/example_dags/example_skip_dag.py for tasks to queue
[2025-03-04T17:41:26.496+0000] {logging_mixin.py:190} INFO - [2025-03-04T17:41:26.496+0000] {dagbag.py:588} INFO - Filling up the DagBag from /home/airflow/.local/lib/python3.12/site-packages/airflow/example_dags/example_skip_dag.py
[2025-03-04T17:41:26.507+0000] {processor.py:925} INFO - DAG(s) 'example_skip_dag' retrieved from /home/airflow/.local/lib/python3.12/site-packages/airflow/example_dags/example_skip_dag.py
[2025-03-04T17:41:26.533+0000] {logging_mixin.py:190} INFO - [2025-03-04T17:41:26.533+0000] {dag.py:3239} INFO - Sync 1 DAGs
[2025-03-04T17:41:26.562+0000] {logging_mixin.py:190} INFO - [2025-03-04T17:41:26.562+0000] {dag.py:4180} INFO - Setting next_dagrun for example_skip_dag to 2025-03-03 00:00:00+00:00, run_after=2025-03-04 00:00:00+00:00
[2025-03-04T17:41:26.584+0000] {processor.py:208} INFO - Processing /home/airflow/.local/lib/python3.12/site-packages/airflow/example_dags/example_skip_dag.py took 0.099 seconds
[2025-03-04T17:41:56.783+0000] {processor.py:186} INFO - Started process (PID=8315) to work on /home/airflow/.local/lib/python3.12/site-packages/airflow/example_dags/example_skip_dag.py
[2025-03-04T17:41:56.785+0000] {processor.py:914} INFO - Processing file /home/airflow/.local/lib/python3.12/site-packages/airflow/example_dags/example_skip_dag.py for tasks to queue
[2025-03-04T17:41:56.787+0000] {logging_mixin.py:190} INFO - [2025-03-04T17:41:56.787+0000] {dagbag.py:588} INFO - Filling up the DagBag from /home/airflow/.local/lib/python3.12/site-packages/airflow/example_dags/example_skip_dag.py
[2025-03-04T17:41:56.796+0000] {processor.py:925} INFO - DAG(s) 'example_skip_dag' retrieved from /home/airflow/.local/lib/python3.12/site-packages/airflow/example_dags/example_skip_dag.py
[2025-03-04T17:41:56.822+0000] {logging_mixin.py:190} INFO - [2025-03-04T17:41:56.822+0000] {dag.py:3239} INFO - Sync 1 DAGs
[2025-03-04T17:41:56.858+0000] {logging_mixin.py:190} INFO - [2025-03-04T17:41:56.857+0000] {dag.py:4180} INFO - Setting next_dagrun for example_skip_dag to 2025-03-03 00:00:00+00:00, run_after=2025-03-04 00:00:00+00:00
[2025-03-04T17:41:56.887+0000] {processor.py:208} INFO - Processing /home/airflow/.local/lib/python3.12/site-packages/airflow/example_dags/example_skip_dag.py took 0.110 seconds
[2025-03-04T17:43:17.447+0000] {processor.py:186} INFO - Started process (PID=268) to work on /home/airflow/.local/lib/python3.12/site-packages/airflow/example_dags/example_skip_dag.py
[2025-03-04T17:43:17.448+0000] {processor.py:914} INFO - Processing file /home/airflow/.local/lib/python3.12/site-packages/airflow/example_dags/example_skip_dag.py for tasks to queue
[2025-03-04T17:43:17.450+0000] {logging_mixin.py:190} INFO - [2025-03-04T17:43:17.450+0000] {dagbag.py:588} INFO - Filling up the DagBag from /home/airflow/.local/lib/python3.12/site-packages/airflow/example_dags/example_skip_dag.py
[2025-03-04T17:43:17.459+0000] {processor.py:925} INFO - DAG(s) 'example_skip_dag' retrieved from /home/airflow/.local/lib/python3.12/site-packages/airflow/example_dags/example_skip_dag.py
[2025-03-04T17:43:17.489+0000] {logging_mixin.py:190} INFO - [2025-03-04T17:43:17.489+0000] {dag.py:3239} INFO - Sync 1 DAGs
[2025-03-04T17:43:17.524+0000] {logging_mixin.py:190} INFO - [2025-03-04T17:43:17.524+0000] {dag.py:4180} INFO - Setting next_dagrun for example_skip_dag to 2025-03-03 00:00:00+00:00, run_after=2025-03-04 00:00:00+00:00
[2025-03-04T17:43:17.544+0000] {processor.py:208} INFO - Processing /home/airflow/.local/lib/python3.12/site-packages/airflow/example_dags/example_skip_dag.py took 0.103 seconds
[2025-03-04T17:43:48.675+0000] {processor.py:186} INFO - Started process (PID=580) to work on /home/airflow/.local/lib/python3.12/site-packages/airflow/example_dags/example_skip_dag.py
[2025-03-04T17:43:48.676+0000] {processor.py:914} INFO - Processing file /home/airflow/.local/lib/python3.12/site-packages/airflow/example_dags/example_skip_dag.py for tasks to queue
[2025-03-04T17:43:48.678+0000] {logging_mixin.py:190} INFO - [2025-03-04T17:43:48.678+0000] {dagbag.py:588} INFO - Filling up the DagBag from /home/airflow/.local/lib/python3.12/site-packages/airflow/example_dags/example_skip_dag.py
[2025-03-04T17:43:48.687+0000] {processor.py:925} INFO - DAG(s) 'example_skip_dag' retrieved from /home/airflow/.local/lib/python3.12/site-packages/airflow/example_dags/example_skip_dag.py
[2025-03-04T17:43:48.717+0000] {logging_mixin.py:190} INFO - [2025-03-04T17:43:48.716+0000] {dag.py:3239} INFO - Sync 1 DAGs
[2025-03-04T17:43:48.746+0000] {logging_mixin.py:190} INFO - [2025-03-04T17:43:48.746+0000] {dag.py:4180} INFO - Setting next_dagrun for example_skip_dag to 2025-03-03 00:00:00+00:00, run_after=2025-03-04 00:00:00+00:00
[2025-03-04T17:43:48.768+0000] {processor.py:208} INFO - Processing /home/airflow/.local/lib/python3.12/site-packages/airflow/example_dags/example_skip_dag.py took 0.101 seconds
[2025-03-04T17:44:19.144+0000] {processor.py:186} INFO - Started process (PID=883) to work on /home/airflow/.local/lib/python3.12/site-packages/airflow/example_dags/example_skip_dag.py
[2025-03-04T17:44:19.146+0000] {processor.py:914} INFO - Processing file /home/airflow/.local/lib/python3.12/site-packages/airflow/example_dags/example_skip_dag.py for tasks to queue
[2025-03-04T17:44:19.148+0000] {logging_mixin.py:190} INFO - [2025-03-04T17:44:19.147+0000] {dagbag.py:588} INFO - Filling up the DagBag from /home/airflow/.local/lib/python3.12/site-packages/airflow/example_dags/example_skip_dag.py
[2025-03-04T17:44:19.156+0000] {processor.py:925} INFO - DAG(s) 'example_skip_dag' retrieved from /home/airflow/.local/lib/python3.12/site-packages/airflow/example_dags/example_skip_dag.py
[2025-03-04T17:44:19.187+0000] {logging_mixin.py:190} INFO - [2025-03-04T17:44:19.186+0000] {dag.py:3239} INFO - Sync 1 DAGs
[2025-03-04T17:44:19.213+0000] {logging_mixin.py:190} INFO - [2025-03-04T17:44:19.213+0000] {dag.py:4180} INFO - Setting next_dagrun for example_skip_dag to 2025-03-03 00:00:00+00:00, run_after=2025-03-04 00:00:00+00:00
[2025-03-04T17:44:19.238+0000] {processor.py:208} INFO - Processing /home/airflow/.local/lib/python3.12/site-packages/airflow/example_dags/example_skip_dag.py took 0.100 seconds
[2025-03-04T17:44:49.310+0000] {processor.py:186} INFO - Started process (PID=1189) to work on /home/airflow/.local/lib/python3.12/site-packages/airflow/example_dags/example_skip_dag.py
[2025-03-04T17:44:49.311+0000] {processor.py:914} INFO - Processing file /home/airflow/.local/lib/python3.12/site-packages/airflow/example_dags/example_skip_dag.py for tasks to queue
[2025-03-04T17:44:49.313+0000] {logging_mixin.py:190} INFO - [2025-03-04T17:44:49.313+0000] {dagbag.py:588} INFO - Filling up the DagBag from /home/airflow/.local/lib/python3.12/site-packages/airflow/example_dags/example_skip_dag.py
[2025-03-04T17:44:49.321+0000] {processor.py:925} INFO - DAG(s) 'example_skip_dag' retrieved from /home/airflow/.local/lib/python3.12/site-packages/airflow/example_dags/example_skip_dag.py
[2025-03-04T17:44:49.343+0000] {logging_mixin.py:190} INFO - [2025-03-04T17:44:49.343+0000] {dag.py:3239} INFO - Sync 1 DAGs
[2025-03-04T17:44:49.368+0000] {logging_mixin.py:190} INFO - [2025-03-04T17:44:49.368+0000] {dag.py:4180} INFO - Setting next_dagrun for example_skip_dag to 2025-03-03 00:00:00+00:00, run_after=2025-03-04 00:00:00+00:00
[2025-03-04T17:44:49.387+0000] {processor.py:208} INFO - Processing /home/airflow/.local/lib/python3.12/site-packages/airflow/example_dags/example_skip_dag.py took 0.083 seconds
[2025-03-04T17:45:19.609+0000] {processor.py:186} INFO - Started process (PID=1493) to work on /home/airflow/.local/lib/python3.12/site-packages/airflow/example_dags/example_skip_dag.py
[2025-03-04T17:45:19.611+0000] {processor.py:914} INFO - Processing file /home/airflow/.local/lib/python3.12/site-packages/airflow/example_dags/example_skip_dag.py for tasks to queue
[2025-03-04T17:45:19.613+0000] {logging_mixin.py:190} INFO - [2025-03-04T17:45:19.613+0000] {dagbag.py:588} INFO - Filling up the DagBag from /home/airflow/.local/lib/python3.12/site-packages/airflow/example_dags/example_skip_dag.py
[2025-03-04T17:45:19.621+0000] {processor.py:925} INFO - DAG(s) 'example_skip_dag' retrieved from /home/airflow/.local/lib/python3.12/site-packages/airflow/example_dags/example_skip_dag.py
[2025-03-04T17:45:19.645+0000] {logging_mixin.py:190} INFO - [2025-03-04T17:45:19.645+0000] {dag.py:3239} INFO - Sync 1 DAGs
[2025-03-04T17:45:19.670+0000] {logging_mixin.py:190} INFO - [2025-03-04T17:45:19.669+0000] {dag.py:4180} INFO - Setting next_dagrun for example_skip_dag to 2025-03-03 00:00:00+00:00, run_after=2025-03-04 00:00:00+00:00
[2025-03-04T17:45:19.695+0000] {processor.py:208} INFO - Processing /home/airflow/.local/lib/python3.12/site-packages/airflow/example_dags/example_skip_dag.py took 0.091 seconds
[2025-03-04T17:45:50.051+0000] {processor.py:186} INFO - Started process (PID=1799) to work on /home/airflow/.local/lib/python3.12/site-packages/airflow/example_dags/example_skip_dag.py
[2025-03-04T17:45:50.052+0000] {processor.py:914} INFO - Processing file /home/airflow/.local/lib/python3.12/site-packages/airflow/example_dags/example_skip_dag.py for tasks to queue
[2025-03-04T17:45:50.055+0000] {logging_mixin.py:190} INFO - [2025-03-04T17:45:50.055+0000] {dagbag.py:588} INFO - Filling up the DagBag from /home/airflow/.local/lib/python3.12/site-packages/airflow/example_dags/example_skip_dag.py
[2025-03-04T17:45:50.064+0000] {processor.py:925} INFO - DAG(s) 'example_skip_dag' retrieved from /home/airflow/.local/lib/python3.12/site-packages/airflow/example_dags/example_skip_dag.py
[2025-03-04T17:45:50.088+0000] {logging_mixin.py:190} INFO - [2025-03-04T17:45:50.088+0000] {dag.py:3239} INFO - Sync 1 DAGs
[2025-03-04T17:45:50.125+0000] {logging_mixin.py:190} INFO - [2025-03-04T17:45:50.124+0000] {dag.py:4180} INFO - Setting next_dagrun for example_skip_dag to 2025-03-03 00:00:00+00:00, run_after=2025-03-04 00:00:00+00:00
[2025-03-04T17:45:50.152+0000] {processor.py:208} INFO - Processing /home/airflow/.local/lib/python3.12/site-packages/airflow/example_dags/example_skip_dag.py took 0.108 seconds
[2025-03-04T17:46:20.237+0000] {processor.py:186} INFO - Started process (PID=2105) to work on /home/airflow/.local/lib/python3.12/site-packages/airflow/example_dags/example_skip_dag.py
[2025-03-04T17:46:20.238+0000] {processor.py:914} INFO - Processing file /home/airflow/.local/lib/python3.12/site-packages/airflow/example_dags/example_skip_dag.py for tasks to queue
[2025-03-04T17:46:20.240+0000] {logging_mixin.py:190} INFO - [2025-03-04T17:46:20.240+0000] {dagbag.py:588} INFO - Filling up the DagBag from /home/airflow/.local/lib/python3.12/site-packages/airflow/example_dags/example_skip_dag.py
[2025-03-04T17:46:20.249+0000] {processor.py:925} INFO - DAG(s) 'example_skip_dag' retrieved from /home/airflow/.local/lib/python3.12/site-packages/airflow/example_dags/example_skip_dag.py
[2025-03-04T17:46:20.270+0000] {logging_mixin.py:190} INFO - [2025-03-04T17:46:20.270+0000] {dag.py:3239} INFO - Sync 1 DAGs
[2025-03-04T17:46:20.295+0000] {logging_mixin.py:190} INFO - [2025-03-04T17:46:20.295+0000] {dag.py:4180} INFO - Setting next_dagrun for example_skip_dag to 2025-03-03 00:00:00+00:00, run_after=2025-03-04 00:00:00+00:00
[2025-03-04T17:46:20.320+0000] {processor.py:208} INFO - Processing /home/airflow/.local/lib/python3.12/site-packages/airflow/example_dags/example_skip_dag.py took 0.089 seconds
[2025-03-04T17:46:51.029+0000] {processor.py:186} INFO - Started process (PID=2411) to work on /home/airflow/.local/lib/python3.12/site-packages/airflow/example_dags/example_skip_dag.py
[2025-03-04T17:46:51.030+0000] {processor.py:914} INFO - Processing file /home/airflow/.local/lib/python3.12/site-packages/airflow/example_dags/example_skip_dag.py for tasks to queue
[2025-03-04T17:46:51.032+0000] {logging_mixin.py:190} INFO - [2025-03-04T17:46:51.032+0000] {dagbag.py:588} INFO - Filling up the DagBag from /home/airflow/.local/lib/python3.12/site-packages/airflow/example_dags/example_skip_dag.py
[2025-03-04T17:46:51.040+0000] {processor.py:925} INFO - DAG(s) 'example_skip_dag' retrieved from /home/airflow/.local/lib/python3.12/site-packages/airflow/example_dags/example_skip_dag.py
[2025-03-04T17:46:51.062+0000] {logging_mixin.py:190} INFO - [2025-03-04T17:46:51.062+0000] {dag.py:3239} INFO - Sync 1 DAGs
[2025-03-04T17:46:51.088+0000] {logging_mixin.py:190} INFO - [2025-03-04T17:46:51.088+0000] {dag.py:4180} INFO - Setting next_dagrun for example_skip_dag to 2025-03-03 00:00:00+00:00, run_after=2025-03-04 00:00:00+00:00
[2025-03-04T17:46:51.107+0000] {processor.py:208} INFO - Processing /home/airflow/.local/lib/python3.12/site-packages/airflow/example_dags/example_skip_dag.py took 0.084 seconds
[2025-03-04T17:47:22.010+0000] {processor.py:186} INFO - Started process (PID=2717) to work on /home/airflow/.local/lib/python3.12/site-packages/airflow/example_dags/example_skip_dag.py
[2025-03-04T17:47:22.012+0000] {processor.py:914} INFO - Processing file /home/airflow/.local/lib/python3.12/site-packages/airflow/example_dags/example_skip_dag.py for tasks to queue
[2025-03-04T17:47:22.014+0000] {logging_mixin.py:190} INFO - [2025-03-04T17:47:22.014+0000] {dagbag.py:588} INFO - Filling up the DagBag from /home/airflow/.local/lib/python3.12/site-packages/airflow/example_dags/example_skip_dag.py
[2025-03-04T17:47:22.034+0000] {processor.py:925} INFO - DAG(s) 'example_skip_dag' retrieved from /home/airflow/.local/lib/python3.12/site-packages/airflow/example_dags/example_skip_dag.py
[2025-03-04T17:47:22.060+0000] {logging_mixin.py:190} INFO - [2025-03-04T17:47:22.060+0000] {dag.py:3239} INFO - Sync 1 DAGs
[2025-03-04T17:47:22.105+0000] {logging_mixin.py:190} INFO - [2025-03-04T17:47:22.105+0000] {dag.py:4180} INFO - Setting next_dagrun for example_skip_dag to 2025-03-03 00:00:00+00:00, run_after=2025-03-04 00:00:00+00:00
[2025-03-04T17:47:22.130+0000] {processor.py:208} INFO - Processing /home/airflow/.local/lib/python3.12/site-packages/airflow/example_dags/example_skip_dag.py took 0.126 seconds
[2025-03-04T17:47:52.693+0000] {processor.py:186} INFO - Started process (PID=3023) to work on /home/airflow/.local/lib/python3.12/site-packages/airflow/example_dags/example_skip_dag.py
[2025-03-04T17:47:52.694+0000] {processor.py:914} INFO - Processing file /home/airflow/.local/lib/python3.12/site-packages/airflow/example_dags/example_skip_dag.py for tasks to queue
[2025-03-04T17:47:52.698+0000] {logging_mixin.py:190} INFO - [2025-03-04T17:47:52.698+0000] {dagbag.py:588} INFO - Filling up the DagBag from /home/airflow/.local/lib/python3.12/site-packages/airflow/example_dags/example_skip_dag.py
[2025-03-04T17:47:52.714+0000] {processor.py:925} INFO - DAG(s) 'example_skip_dag' retrieved from /home/airflow/.local/lib/python3.12/site-packages/airflow/example_dags/example_skip_dag.py
[2025-03-04T17:47:52.760+0000] {logging_mixin.py:190} INFO - [2025-03-04T17:47:52.760+0000] {dag.py:3239} INFO - Sync 1 DAGs
[2025-03-04T17:47:52.793+0000] {logging_mixin.py:190} INFO - [2025-03-04T17:47:52.793+0000] {dag.py:4180} INFO - Setting next_dagrun for example_skip_dag to 2025-03-03 00:00:00+00:00, run_after=2025-03-04 00:00:00+00:00
[2025-03-04T17:47:52.815+0000] {processor.py:208} INFO - Processing /home/airflow/.local/lib/python3.12/site-packages/airflow/example_dags/example_skip_dag.py took 0.129 seconds
[2025-03-04T17:48:23.072+0000] {processor.py:186} INFO - Started process (PID=3330) to work on /home/airflow/.local/lib/python3.12/site-packages/airflow/example_dags/example_skip_dag.py
[2025-03-04T17:48:23.073+0000] {processor.py:914} INFO - Processing file /home/airflow/.local/lib/python3.12/site-packages/airflow/example_dags/example_skip_dag.py for tasks to queue
[2025-03-04T17:48:23.075+0000] {logging_mixin.py:190} INFO - [2025-03-04T17:48:23.074+0000] {dagbag.py:588} INFO - Filling up the DagBag from /home/airflow/.local/lib/python3.12/site-packages/airflow/example_dags/example_skip_dag.py
[2025-03-04T17:48:23.083+0000] {processor.py:925} INFO - DAG(s) 'example_skip_dag' retrieved from /home/airflow/.local/lib/python3.12/site-packages/airflow/example_dags/example_skip_dag.py
[2025-03-04T17:48:23.106+0000] {logging_mixin.py:190} INFO - [2025-03-04T17:48:23.106+0000] {dag.py:3239} INFO - Sync 1 DAGs
[2025-03-04T17:48:23.133+0000] {logging_mixin.py:190} INFO - [2025-03-04T17:48:23.133+0000] {dag.py:4180} INFO - Setting next_dagrun for example_skip_dag to 2025-03-03 00:00:00+00:00, run_after=2025-03-04 00:00:00+00:00
[2025-03-04T17:48:23.156+0000] {processor.py:208} INFO - Processing /home/airflow/.local/lib/python3.12/site-packages/airflow/example_dags/example_skip_dag.py took 0.091 seconds
[2025-03-04T17:48:53.692+0000] {processor.py:186} INFO - Started process (PID=3639) to work on /home/airflow/.local/lib/python3.12/site-packages/airflow/example_dags/example_skip_dag.py
[2025-03-04T17:48:53.694+0000] {processor.py:914} INFO - Processing file /home/airflow/.local/lib/python3.12/site-packages/airflow/example_dags/example_skip_dag.py for tasks to queue
[2025-03-04T17:48:53.696+0000] {logging_mixin.py:190} INFO - [2025-03-04T17:48:53.696+0000] {dagbag.py:588} INFO - Filling up the DagBag from /home/airflow/.local/lib/python3.12/site-packages/airflow/example_dags/example_skip_dag.py
[2025-03-04T17:48:53.705+0000] {processor.py:925} INFO - DAG(s) 'example_skip_dag' retrieved from /home/airflow/.local/lib/python3.12/site-packages/airflow/example_dags/example_skip_dag.py
[2025-03-04T17:48:53.732+0000] {logging_mixin.py:190} INFO - [2025-03-04T17:48:53.732+0000] {dag.py:3239} INFO - Sync 1 DAGs
[2025-03-04T17:48:53.761+0000] {logging_mixin.py:190} INFO - [2025-03-04T17:48:53.761+0000] {dag.py:4180} INFO - Setting next_dagrun for example_skip_dag to 2025-03-03 00:00:00+00:00, run_after=2025-03-04 00:00:00+00:00
[2025-03-04T17:48:53.784+0000] {processor.py:208} INFO - Processing /home/airflow/.local/lib/python3.12/site-packages/airflow/example_dags/example_skip_dag.py took 0.099 seconds
[2025-03-04T17:49:24.563+0000] {processor.py:186} INFO - Started process (PID=3945) to work on /home/airflow/.local/lib/python3.12/site-packages/airflow/example_dags/example_skip_dag.py
[2025-03-04T17:49:24.564+0000] {processor.py:914} INFO - Processing file /home/airflow/.local/lib/python3.12/site-packages/airflow/example_dags/example_skip_dag.py for tasks to queue
[2025-03-04T17:49:24.566+0000] {logging_mixin.py:190} INFO - [2025-03-04T17:49:24.566+0000] {dagbag.py:588} INFO - Filling up the DagBag from /home/airflow/.local/lib/python3.12/site-packages/airflow/example_dags/example_skip_dag.py
[2025-03-04T17:49:24.575+0000] {processor.py:925} INFO - DAG(s) 'example_skip_dag' retrieved from /home/airflow/.local/lib/python3.12/site-packages/airflow/example_dags/example_skip_dag.py
[2025-03-04T17:49:24.597+0000] {logging_mixin.py:190} INFO - [2025-03-04T17:49:24.597+0000] {dag.py:3239} INFO - Sync 1 DAGs
[2025-03-04T17:49:24.625+0000] {logging_mixin.py:190} INFO - [2025-03-04T17:49:24.625+0000] {dag.py:4180} INFO - Setting next_dagrun for example_skip_dag to 2025-03-03 00:00:00+00:00, run_after=2025-03-04 00:00:00+00:00
[2025-03-04T17:49:24.647+0000] {processor.py:208} INFO - Processing /home/airflow/.local/lib/python3.12/site-packages/airflow/example_dags/example_skip_dag.py took 0.091 seconds
[2025-03-04T17:52:39.425+0000] {processor.py:186} INFO - Started process (PID=268) to work on /home/airflow/.local/lib/python3.12/site-packages/airflow/example_dags/example_skip_dag.py
[2025-03-04T17:52:39.426+0000] {processor.py:914} INFO - Processing file /home/airflow/.local/lib/python3.12/site-packages/airflow/example_dags/example_skip_dag.py for tasks to queue
[2025-03-04T17:52:39.429+0000] {logging_mixin.py:190} INFO - [2025-03-04T17:52:39.428+0000] {dagbag.py:588} INFO - Filling up the DagBag from /home/airflow/.local/lib/python3.12/site-packages/airflow/example_dags/example_skip_dag.py
[2025-03-04T17:52:39.437+0000] {processor.py:925} INFO - DAG(s) 'example_skip_dag' retrieved from /home/airflow/.local/lib/python3.12/site-packages/airflow/example_dags/example_skip_dag.py
[2025-03-04T17:52:39.465+0000] {logging_mixin.py:190} INFO - [2025-03-04T17:52:39.465+0000] {dag.py:3239} INFO - Sync 1 DAGs
[2025-03-04T17:52:39.490+0000] {logging_mixin.py:190} INFO - [2025-03-04T17:52:39.490+0000] {dag.py:4180} INFO - Setting next_dagrun for example_skip_dag to 2025-03-03 00:00:00+00:00, run_after=2025-03-04 00:00:00+00:00
[2025-03-04T17:52:39.513+0000] {processor.py:208} INFO - Processing /home/airflow/.local/lib/python3.12/site-packages/airflow/example_dags/example_skip_dag.py took 0.094 seconds
[2025-03-04T17:53:10.459+0000] {processor.py:186} INFO - Started process (PID=580) to work on /home/airflow/.local/lib/python3.12/site-packages/airflow/example_dags/example_skip_dag.py
[2025-03-04T17:53:10.460+0000] {processor.py:914} INFO - Processing file /home/airflow/.local/lib/python3.12/site-packages/airflow/example_dags/example_skip_dag.py for tasks to queue
[2025-03-04T17:53:10.463+0000] {logging_mixin.py:190} INFO - [2025-03-04T17:53:10.463+0000] {dagbag.py:588} INFO - Filling up the DagBag from /home/airflow/.local/lib/python3.12/site-packages/airflow/example_dags/example_skip_dag.py
[2025-03-04T17:53:10.472+0000] {processor.py:925} INFO - DAG(s) 'example_skip_dag' retrieved from /home/airflow/.local/lib/python3.12/site-packages/airflow/example_dags/example_skip_dag.py
[2025-03-04T17:53:10.502+0000] {logging_mixin.py:190} INFO - [2025-03-04T17:53:10.502+0000] {dag.py:3239} INFO - Sync 1 DAGs
[2025-03-04T17:53:10.535+0000] {logging_mixin.py:190} INFO - [2025-03-04T17:53:10.534+0000] {dag.py:4180} INFO - Setting next_dagrun for example_skip_dag to 2025-03-03 00:00:00+00:00, run_after=2025-03-04 00:00:00+00:00
[2025-03-04T17:53:10.564+0000] {processor.py:208} INFO - Processing /home/airflow/.local/lib/python3.12/site-packages/airflow/example_dags/example_skip_dag.py took 0.114 seconds
[2025-03-04T17:53:40.971+0000] {processor.py:186} INFO - Started process (PID=883) to work on /home/airflow/.local/lib/python3.12/site-packages/airflow/example_dags/example_skip_dag.py
[2025-03-04T17:53:40.972+0000] {processor.py:914} INFO - Processing file /home/airflow/.local/lib/python3.12/site-packages/airflow/example_dags/example_skip_dag.py for tasks to queue
[2025-03-04T17:53:40.974+0000] {logging_mixin.py:190} INFO - [2025-03-04T17:53:40.974+0000] {dagbag.py:588} INFO - Filling up the DagBag from /home/airflow/.local/lib/python3.12/site-packages/airflow/example_dags/example_skip_dag.py
[2025-03-04T17:53:40.984+0000] {processor.py:925} INFO - DAG(s) 'example_skip_dag' retrieved from /home/airflow/.local/lib/python3.12/site-packages/airflow/example_dags/example_skip_dag.py
[2025-03-04T17:53:41.014+0000] {logging_mixin.py:190} INFO - [2025-03-04T17:53:41.013+0000] {dag.py:3239} INFO - Sync 1 DAGs
[2025-03-04T17:53:41.045+0000] {logging_mixin.py:190} INFO - [2025-03-04T17:53:41.045+0000] {dag.py:4180} INFO - Setting next_dagrun for example_skip_dag to 2025-03-03 00:00:00+00:00, run_after=2025-03-04 00:00:00+00:00
[2025-03-04T17:53:41.074+0000] {processor.py:208} INFO - Processing /home/airflow/.local/lib/python3.12/site-packages/airflow/example_dags/example_skip_dag.py took 0.112 seconds
[2025-03-04T17:54:11.154+0000] {processor.py:186} INFO - Started process (PID=1187) to work on /home/airflow/.local/lib/python3.12/site-packages/airflow/example_dags/example_skip_dag.py
[2025-03-04T17:54:11.155+0000] {processor.py:914} INFO - Processing file /home/airflow/.local/lib/python3.12/site-packages/airflow/example_dags/example_skip_dag.py for tasks to queue
[2025-03-04T17:54:11.157+0000] {logging_mixin.py:190} INFO - [2025-03-04T17:54:11.156+0000] {dagbag.py:588} INFO - Filling up the DagBag from /home/airflow/.local/lib/python3.12/site-packages/airflow/example_dags/example_skip_dag.py
[2025-03-04T17:54:11.166+0000] {processor.py:925} INFO - DAG(s) 'example_skip_dag' retrieved from /home/airflow/.local/lib/python3.12/site-packages/airflow/example_dags/example_skip_dag.py
[2025-03-04T17:54:11.193+0000] {logging_mixin.py:190} INFO - [2025-03-04T17:54:11.193+0000] {dag.py:3239} INFO - Sync 1 DAGs
[2025-03-04T17:54:11.223+0000] {logging_mixin.py:190} INFO - [2025-03-04T17:54:11.223+0000] {dag.py:4180} INFO - Setting next_dagrun for example_skip_dag to 2025-03-03 00:00:00+00:00, run_after=2025-03-04 00:00:00+00:00
[2025-03-04T17:54:11.248+0000] {processor.py:208} INFO - Processing /home/airflow/.local/lib/python3.12/site-packages/airflow/example_dags/example_skip_dag.py took 0.100 seconds
[2025-03-04T17:54:41.737+0000] {processor.py:186} INFO - Started process (PID=1499) to work on /home/airflow/.local/lib/python3.12/site-packages/airflow/example_dags/example_skip_dag.py
[2025-03-04T17:54:41.738+0000] {processor.py:914} INFO - Processing file /home/airflow/.local/lib/python3.12/site-packages/airflow/example_dags/example_skip_dag.py for tasks to queue
[2025-03-04T17:54:41.740+0000] {logging_mixin.py:190} INFO - [2025-03-04T17:54:41.739+0000] {dagbag.py:588} INFO - Filling up the DagBag from /home/airflow/.local/lib/python3.12/site-packages/airflow/example_dags/example_skip_dag.py
[2025-03-04T17:54:41.749+0000] {processor.py:925} INFO - DAG(s) 'example_skip_dag' retrieved from /home/airflow/.local/lib/python3.12/site-packages/airflow/example_dags/example_skip_dag.py
[2025-03-04T17:54:41.772+0000] {logging_mixin.py:190} INFO - [2025-03-04T17:54:41.771+0000] {dag.py:3239} INFO - Sync 1 DAGs
[2025-03-04T17:54:41.800+0000] {logging_mixin.py:190} INFO - [2025-03-04T17:54:41.800+0000] {dag.py:4180} INFO - Setting next_dagrun for example_skip_dag to 2025-03-03 00:00:00+00:00, run_after=2025-03-04 00:00:00+00:00
[2025-03-04T17:54:41.828+0000] {processor.py:208} INFO - Processing /home/airflow/.local/lib/python3.12/site-packages/airflow/example_dags/example_skip_dag.py took 0.097 seconds
[2025-03-04T17:56:38.322+0000] {processor.py:186} INFO - Started process (PID=274) to work on /home/airflow/.local/lib/python3.12/site-packages/airflow/example_dags/example_skip_dag.py
[2025-03-04T17:56:38.323+0000] {processor.py:914} INFO - Processing file /home/airflow/.local/lib/python3.12/site-packages/airflow/example_dags/example_skip_dag.py for tasks to queue
[2025-03-04T17:56:38.326+0000] {logging_mixin.py:190} INFO - [2025-03-04T17:56:38.325+0000] {dagbag.py:588} INFO - Filling up the DagBag from /home/airflow/.local/lib/python3.12/site-packages/airflow/example_dags/example_skip_dag.py
[2025-03-04T17:56:38.334+0000] {processor.py:925} INFO - DAG(s) 'example_skip_dag' retrieved from /home/airflow/.local/lib/python3.12/site-packages/airflow/example_dags/example_skip_dag.py
[2025-03-04T17:56:38.362+0000] {logging_mixin.py:190} INFO - [2025-03-04T17:56:38.362+0000] {dag.py:3239} INFO - Sync 1 DAGs
[2025-03-04T17:56:38.387+0000] {logging_mixin.py:190} INFO - [2025-03-04T17:56:38.386+0000] {dag.py:4180} INFO - Setting next_dagrun for example_skip_dag to 2025-03-03 00:00:00+00:00, run_after=2025-03-04 00:00:00+00:00
[2025-03-04T17:56:38.410+0000] {processor.py:208} INFO - Processing /home/airflow/.local/lib/python3.12/site-packages/airflow/example_dags/example_skip_dag.py took 0.094 seconds
[2025-03-04T17:57:08.541+0000] {processor.py:186} INFO - Started process (PID=584) to work on /home/airflow/.local/lib/python3.12/site-packages/airflow/example_dags/example_skip_dag.py
[2025-03-04T17:57:08.542+0000] {processor.py:914} INFO - Processing file /home/airflow/.local/lib/python3.12/site-packages/airflow/example_dags/example_skip_dag.py for tasks to queue
[2025-03-04T17:57:08.544+0000] {logging_mixin.py:190} INFO - [2025-03-04T17:57:08.544+0000] {dagbag.py:588} INFO - Filling up the DagBag from /home/airflow/.local/lib/python3.12/site-packages/airflow/example_dags/example_skip_dag.py
[2025-03-04T17:57:08.552+0000] {processor.py:925} INFO - DAG(s) 'example_skip_dag' retrieved from /home/airflow/.local/lib/python3.12/site-packages/airflow/example_dags/example_skip_dag.py
[2025-03-04T17:57:08.576+0000] {logging_mixin.py:190} INFO - [2025-03-04T17:57:08.576+0000] {dag.py:3239} INFO - Sync 1 DAGs
[2025-03-04T17:57:08.603+0000] {logging_mixin.py:190} INFO - [2025-03-04T17:57:08.602+0000] {dag.py:4180} INFO - Setting next_dagrun for example_skip_dag to 2025-03-03 00:00:00+00:00, run_after=2025-03-04 00:00:00+00:00
[2025-03-04T17:57:08.624+0000] {processor.py:208} INFO - Processing /home/airflow/.local/lib/python3.12/site-packages/airflow/example_dags/example_skip_dag.py took 0.089 seconds
[2025-03-04T17:57:39.592+0000] {processor.py:186} INFO - Started process (PID=901) to work on /home/airflow/.local/lib/python3.12/site-packages/airflow/example_dags/example_skip_dag.py
[2025-03-04T17:57:39.593+0000] {processor.py:914} INFO - Processing file /home/airflow/.local/lib/python3.12/site-packages/airflow/example_dags/example_skip_dag.py for tasks to queue
[2025-03-04T17:57:39.596+0000] {logging_mixin.py:190} INFO - [2025-03-04T17:57:39.595+0000] {dagbag.py:588} INFO - Filling up the DagBag from /home/airflow/.local/lib/python3.12/site-packages/airflow/example_dags/example_skip_dag.py
[2025-03-04T17:57:39.605+0000] {processor.py:925} INFO - DAG(s) 'example_skip_dag' retrieved from /home/airflow/.local/lib/python3.12/site-packages/airflow/example_dags/example_skip_dag.py
[2025-03-04T17:57:39.636+0000] {logging_mixin.py:190} INFO - [2025-03-04T17:57:39.635+0000] {dag.py:3239} INFO - Sync 1 DAGs
[2025-03-04T17:57:39.667+0000] {logging_mixin.py:190} INFO - [2025-03-04T17:57:39.667+0000] {dag.py:4180} INFO - Setting next_dagrun for example_skip_dag to 2025-03-03 00:00:00+00:00, run_after=2025-03-04 00:00:00+00:00
[2025-03-04T17:57:39.694+0000] {processor.py:208} INFO - Processing /home/airflow/.local/lib/python3.12/site-packages/airflow/example_dags/example_skip_dag.py took 0.108 seconds
[2025-03-04T17:58:10.636+0000] {processor.py:186} INFO - Started process (PID=1212) to work on /home/airflow/.local/lib/python3.12/site-packages/airflow/example_dags/example_skip_dag.py
[2025-03-04T17:58:10.637+0000] {processor.py:914} INFO - Processing file /home/airflow/.local/lib/python3.12/site-packages/airflow/example_dags/example_skip_dag.py for tasks to queue
[2025-03-04T17:58:10.640+0000] {logging_mixin.py:190} INFO - [2025-03-04T17:58:10.639+0000] {dagbag.py:588} INFO - Filling up the DagBag from /home/airflow/.local/lib/python3.12/site-packages/airflow/example_dags/example_skip_dag.py
[2025-03-04T17:58:10.648+0000] {processor.py:925} INFO - DAG(s) 'example_skip_dag' retrieved from /home/airflow/.local/lib/python3.12/site-packages/airflow/example_dags/example_skip_dag.py
[2025-03-04T17:58:10.679+0000] {logging_mixin.py:190} INFO - [2025-03-04T17:58:10.679+0000] {dag.py:3239} INFO - Sync 1 DAGs
[2025-03-04T17:58:10.713+0000] {logging_mixin.py:190} INFO - [2025-03-04T17:58:10.713+0000] {dag.py:4180} INFO - Setting next_dagrun for example_skip_dag to 2025-03-03 00:00:00+00:00, run_after=2025-03-04 00:00:00+00:00
[2025-03-04T17:58:10.739+0000] {processor.py:208} INFO - Processing /home/airflow/.local/lib/python3.12/site-packages/airflow/example_dags/example_skip_dag.py took 0.109 seconds
[2025-03-04T17:58:41.637+0000] {processor.py:186} INFO - Started process (PID=1513) to work on /home/airflow/.local/lib/python3.12/site-packages/airflow/example_dags/example_skip_dag.py
[2025-03-04T17:58:41.638+0000] {processor.py:914} INFO - Processing file /home/airflow/.local/lib/python3.12/site-packages/airflow/example_dags/example_skip_dag.py for tasks to queue
[2025-03-04T17:58:41.641+0000] {logging_mixin.py:190} INFO - [2025-03-04T17:58:41.640+0000] {dagbag.py:588} INFO - Filling up the DagBag from /home/airflow/.local/lib/python3.12/site-packages/airflow/example_dags/example_skip_dag.py
[2025-03-04T17:58:41.650+0000] {processor.py:925} INFO - DAG(s) 'example_skip_dag' retrieved from /home/airflow/.local/lib/python3.12/site-packages/airflow/example_dags/example_skip_dag.py
[2025-03-04T17:58:41.676+0000] {logging_mixin.py:190} INFO - [2025-03-04T17:58:41.676+0000] {dag.py:3239} INFO - Sync 1 DAGs
[2025-03-04T17:58:41.707+0000] {logging_mixin.py:190} INFO - [2025-03-04T17:58:41.707+0000] {dag.py:4180} INFO - Setting next_dagrun for example_skip_dag to 2025-03-03 00:00:00+00:00, run_after=2025-03-04 00:00:00+00:00
[2025-03-04T17:58:41.732+0000] {processor.py:208} INFO - Processing /home/airflow/.local/lib/python3.12/site-packages/airflow/example_dags/example_skip_dag.py took 0.103 seconds
[2025-03-04T17:59:37.644+0000] {processor.py:186} INFO - Started process (PID=267) to work on /home/airflow/.local/lib/python3.12/site-packages/airflow/example_dags/example_skip_dag.py
[2025-03-04T17:59:37.645+0000] {processor.py:914} INFO - Processing file /home/airflow/.local/lib/python3.12/site-packages/airflow/example_dags/example_skip_dag.py for tasks to queue
[2025-03-04T17:59:37.648+0000] {logging_mixin.py:190} INFO - [2025-03-04T17:59:37.647+0000] {dagbag.py:588} INFO - Filling up the DagBag from /home/airflow/.local/lib/python3.12/site-packages/airflow/example_dags/example_skip_dag.py
[2025-03-04T17:59:37.656+0000] {processor.py:925} INFO - DAG(s) 'example_skip_dag' retrieved from /home/airflow/.local/lib/python3.12/site-packages/airflow/example_dags/example_skip_dag.py
[2025-03-04T17:59:37.684+0000] {logging_mixin.py:190} INFO - [2025-03-04T17:59:37.684+0000] {dag.py:3239} INFO - Sync 1 DAGs
[2025-03-04T17:59:37.709+0000] {logging_mixin.py:190} INFO - [2025-03-04T17:59:37.709+0000] {dag.py:4180} INFO - Setting next_dagrun for example_skip_dag to 2025-03-03 00:00:00+00:00, run_after=2025-03-04 00:00:00+00:00
[2025-03-04T17:59:37.728+0000] {processor.py:208} INFO - Processing /home/airflow/.local/lib/python3.12/site-packages/airflow/example_dags/example_skip_dag.py took 0.090 seconds
[2025-03-04T18:00:07.813+0000] {processor.py:186} INFO - Started process (PID=568) to work on /home/airflow/.local/lib/python3.12/site-packages/airflow/example_dags/example_skip_dag.py
[2025-03-04T18:00:07.814+0000] {processor.py:914} INFO - Processing file /home/airflow/.local/lib/python3.12/site-packages/airflow/example_dags/example_skip_dag.py for tasks to queue
[2025-03-04T18:00:07.816+0000] {logging_mixin.py:190} INFO - [2025-03-04T18:00:07.816+0000] {dagbag.py:588} INFO - Filling up the DagBag from /home/airflow/.local/lib/python3.12/site-packages/airflow/example_dags/example_skip_dag.py
[2025-03-04T18:00:07.824+0000] {processor.py:925} INFO - DAG(s) 'example_skip_dag' retrieved from /home/airflow/.local/lib/python3.12/site-packages/airflow/example_dags/example_skip_dag.py
[2025-03-04T18:00:07.855+0000] {logging_mixin.py:190} INFO - [2025-03-04T18:00:07.855+0000] {dag.py:3239} INFO - Sync 1 DAGs
[2025-03-04T18:00:07.909+0000] {logging_mixin.py:190} INFO - [2025-03-04T18:00:07.909+0000] {dag.py:4180} INFO - Setting next_dagrun for example_skip_dag to 2025-03-03 00:00:00+00:00, run_after=2025-03-04 00:00:00+00:00
[2025-03-04T18:00:07.932+0000] {processor.py:208} INFO - Processing /home/airflow/.local/lib/python3.12/site-packages/airflow/example_dags/example_skip_dag.py took 0.126 seconds
[2025-03-04T18:00:38.491+0000] {processor.py:186} INFO - Started process (PID=880) to work on /home/airflow/.local/lib/python3.12/site-packages/airflow/example_dags/example_skip_dag.py
[2025-03-04T18:00:38.492+0000] {processor.py:914} INFO - Processing file /home/airflow/.local/lib/python3.12/site-packages/airflow/example_dags/example_skip_dag.py for tasks to queue
[2025-03-04T18:00:38.494+0000] {logging_mixin.py:190} INFO - [2025-03-04T18:00:38.494+0000] {dagbag.py:588} INFO - Filling up the DagBag from /home/airflow/.local/lib/python3.12/site-packages/airflow/example_dags/example_skip_dag.py
[2025-03-04T18:00:38.503+0000] {processor.py:925} INFO - DAG(s) 'example_skip_dag' retrieved from /home/airflow/.local/lib/python3.12/site-packages/airflow/example_dags/example_skip_dag.py
[2025-03-04T18:00:38.527+0000] {logging_mixin.py:190} INFO - [2025-03-04T18:00:38.526+0000] {dag.py:3239} INFO - Sync 1 DAGs
[2025-03-04T18:00:38.554+0000] {logging_mixin.py:190} INFO - [2025-03-04T18:00:38.554+0000] {dag.py:4180} INFO - Setting next_dagrun for example_skip_dag to 2025-03-03 00:00:00+00:00, run_after=2025-03-04 00:00:00+00:00
[2025-03-04T18:00:38.579+0000] {processor.py:208} INFO - Processing /home/airflow/.local/lib/python3.12/site-packages/airflow/example_dags/example_skip_dag.py took 0.095 seconds
[2025-03-04T18:01:08.940+0000] {processor.py:186} INFO - Started process (PID=1188) to work on /home/airflow/.local/lib/python3.12/site-packages/airflow/example_dags/example_skip_dag.py
[2025-03-04T18:01:08.941+0000] {processor.py:914} INFO - Processing file /home/airflow/.local/lib/python3.12/site-packages/airflow/example_dags/example_skip_dag.py for tasks to queue
[2025-03-04T18:01:08.943+0000] {logging_mixin.py:190} INFO - [2025-03-04T18:01:08.943+0000] {dagbag.py:588} INFO - Filling up the DagBag from /home/airflow/.local/lib/python3.12/site-packages/airflow/example_dags/example_skip_dag.py
[2025-03-04T18:01:08.952+0000] {processor.py:925} INFO - DAG(s) 'example_skip_dag' retrieved from /home/airflow/.local/lib/python3.12/site-packages/airflow/example_dags/example_skip_dag.py
[2025-03-04T18:01:08.979+0000] {logging_mixin.py:190} INFO - [2025-03-04T18:01:08.979+0000] {dag.py:3239} INFO - Sync 1 DAGs
[2025-03-04T18:01:09.004+0000] {logging_mixin.py:190} INFO - [2025-03-04T18:01:09.003+0000] {dag.py:4180} INFO - Setting next_dagrun for example_skip_dag to 2025-03-03 00:00:00+00:00, run_after=2025-03-04 00:00:00+00:00
[2025-03-04T18:01:09.029+0000] {processor.py:208} INFO - Processing /home/airflow/.local/lib/python3.12/site-packages/airflow/example_dags/example_skip_dag.py took 0.095 seconds
[2025-03-04T18:01:39.986+0000] {processor.py:186} INFO - Started process (PID=1494) to work on /home/airflow/.local/lib/python3.12/site-packages/airflow/example_dags/example_skip_dag.py
[2025-03-04T18:01:39.988+0000] {processor.py:914} INFO - Processing file /home/airflow/.local/lib/python3.12/site-packages/airflow/example_dags/example_skip_dag.py for tasks to queue
[2025-03-04T18:01:39.990+0000] {logging_mixin.py:190} INFO - [2025-03-04T18:01:39.990+0000] {dagbag.py:588} INFO - Filling up the DagBag from /home/airflow/.local/lib/python3.12/site-packages/airflow/example_dags/example_skip_dag.py
[2025-03-04T18:01:40.001+0000] {processor.py:925} INFO - DAG(s) 'example_skip_dag' retrieved from /home/airflow/.local/lib/python3.12/site-packages/airflow/example_dags/example_skip_dag.py
[2025-03-04T18:01:40.035+0000] {logging_mixin.py:190} INFO - [2025-03-04T18:01:40.034+0000] {dag.py:3239} INFO - Sync 1 DAGs
[2025-03-04T18:01:40.064+0000] {logging_mixin.py:190} INFO - [2025-03-04T18:01:40.064+0000] {dag.py:4180} INFO - Setting next_dagrun for example_skip_dag to 2025-03-03 00:00:00+00:00, run_after=2025-03-04 00:00:00+00:00
[2025-03-04T18:01:40.090+0000] {processor.py:208} INFO - Processing /home/airflow/.local/lib/python3.12/site-packages/airflow/example_dags/example_skip_dag.py took 0.110 seconds
[2025-03-04T18:02:10.273+0000] {processor.py:186} INFO - Started process (PID=1798) to work on /home/airflow/.local/lib/python3.12/site-packages/airflow/example_dags/example_skip_dag.py
[2025-03-04T18:02:10.274+0000] {processor.py:914} INFO - Processing file /home/airflow/.local/lib/python3.12/site-packages/airflow/example_dags/example_skip_dag.py for tasks to queue
[2025-03-04T18:02:10.276+0000] {logging_mixin.py:190} INFO - [2025-03-04T18:02:10.276+0000] {dagbag.py:588} INFO - Filling up the DagBag from /home/airflow/.local/lib/python3.12/site-packages/airflow/example_dags/example_skip_dag.py
[2025-03-04T18:02:10.284+0000] {processor.py:925} INFO - DAG(s) 'example_skip_dag' retrieved from /home/airflow/.local/lib/python3.12/site-packages/airflow/example_dags/example_skip_dag.py
[2025-03-04T18:02:10.308+0000] {logging_mixin.py:190} INFO - [2025-03-04T18:02:10.308+0000] {dag.py:3239} INFO - Sync 1 DAGs
[2025-03-04T18:02:10.337+0000] {logging_mixin.py:190} INFO - [2025-03-04T18:02:10.337+0000] {dag.py:4180} INFO - Setting next_dagrun for example_skip_dag to 2025-03-03 00:00:00+00:00, run_after=2025-03-04 00:00:00+00:00
[2025-03-04T18:02:10.362+0000] {processor.py:208} INFO - Processing /home/airflow/.local/lib/python3.12/site-packages/airflow/example_dags/example_skip_dag.py took 0.096 seconds
[2025-03-04T18:02:40.896+0000] {processor.py:186} INFO - Started process (PID=2104) to work on /home/airflow/.local/lib/python3.12/site-packages/airflow/example_dags/example_skip_dag.py
[2025-03-04T18:02:40.897+0000] {processor.py:914} INFO - Processing file /home/airflow/.local/lib/python3.12/site-packages/airflow/example_dags/example_skip_dag.py for tasks to queue
[2025-03-04T18:02:40.901+0000] {logging_mixin.py:190} INFO - [2025-03-04T18:02:40.900+0000] {dagbag.py:588} INFO - Filling up the DagBag from /home/airflow/.local/lib/python3.12/site-packages/airflow/example_dags/example_skip_dag.py
[2025-03-04T18:02:40.911+0000] {processor.py:925} INFO - DAG(s) 'example_skip_dag' retrieved from /home/airflow/.local/lib/python3.12/site-packages/airflow/example_dags/example_skip_dag.py
[2025-03-04T18:02:40.935+0000] {logging_mixin.py:190} INFO - [2025-03-04T18:02:40.935+0000] {dag.py:3239} INFO - Sync 1 DAGs
[2025-03-04T18:02:40.962+0000] {logging_mixin.py:190} INFO - [2025-03-04T18:02:40.962+0000] {dag.py:4180} INFO - Setting next_dagrun for example_skip_dag to 2025-03-03 00:00:00+00:00, run_after=2025-03-04 00:00:00+00:00
[2025-03-04T18:02:40.986+0000] {processor.py:208} INFO - Processing /home/airflow/.local/lib/python3.12/site-packages/airflow/example_dags/example_skip_dag.py took 0.097 seconds
[2025-03-04T18:03:11.161+0000] {processor.py:186} INFO - Started process (PID=2421) to work on /home/airflow/.local/lib/python3.12/site-packages/airflow/example_dags/example_skip_dag.py
[2025-03-04T18:03:11.162+0000] {processor.py:914} INFO - Processing file /home/airflow/.local/lib/python3.12/site-packages/airflow/example_dags/example_skip_dag.py for tasks to queue
[2025-03-04T18:03:11.164+0000] {logging_mixin.py:190} INFO - [2025-03-04T18:03:11.163+0000] {dagbag.py:588} INFO - Filling up the DagBag from /home/airflow/.local/lib/python3.12/site-packages/airflow/example_dags/example_skip_dag.py
[2025-03-04T18:03:11.172+0000] {processor.py:925} INFO - DAG(s) 'example_skip_dag' retrieved from /home/airflow/.local/lib/python3.12/site-packages/airflow/example_dags/example_skip_dag.py
[2025-03-04T18:03:11.196+0000] {logging_mixin.py:190} INFO - [2025-03-04T18:03:11.196+0000] {dag.py:3239} INFO - Sync 1 DAGs
[2025-03-04T18:03:11.221+0000] {logging_mixin.py:190} INFO - [2025-03-04T18:03:11.221+0000] {dag.py:4180} INFO - Setting next_dagrun for example_skip_dag to 2025-03-03 00:00:00+00:00, run_after=2025-03-04 00:00:00+00:00
[2025-03-04T18:03:11.244+0000] {processor.py:208} INFO - Processing /home/airflow/.local/lib/python3.12/site-packages/airflow/example_dags/example_skip_dag.py took 0.090 seconds
[2025-03-04T18:03:41.438+0000] {processor.py:186} INFO - Started process (PID=2727) to work on /home/airflow/.local/lib/python3.12/site-packages/airflow/example_dags/example_skip_dag.py
[2025-03-04T18:03:41.439+0000] {processor.py:914} INFO - Processing file /home/airflow/.local/lib/python3.12/site-packages/airflow/example_dags/example_skip_dag.py for tasks to queue
[2025-03-04T18:03:41.441+0000] {logging_mixin.py:190} INFO - [2025-03-04T18:03:41.441+0000] {dagbag.py:588} INFO - Filling up the DagBag from /home/airflow/.local/lib/python3.12/site-packages/airflow/example_dags/example_skip_dag.py
[2025-03-04T18:03:41.450+0000] {processor.py:925} INFO - DAG(s) 'example_skip_dag' retrieved from /home/airflow/.local/lib/python3.12/site-packages/airflow/example_dags/example_skip_dag.py
[2025-03-04T18:03:41.472+0000] {logging_mixin.py:190} INFO - [2025-03-04T18:03:41.472+0000] {dag.py:3239} INFO - Sync 1 DAGs
[2025-03-04T18:03:41.499+0000] {logging_mixin.py:190} INFO - [2025-03-04T18:03:41.498+0000] {dag.py:4180} INFO - Setting next_dagrun for example_skip_dag to 2025-03-03 00:00:00+00:00, run_after=2025-03-04 00:00:00+00:00
[2025-03-04T18:03:41.521+0000] {processor.py:208} INFO - Processing /home/airflow/.local/lib/python3.12/site-packages/airflow/example_dags/example_skip_dag.py took 0.090 seconds
[2025-03-04T18:04:12.363+0000] {processor.py:186} INFO - Started process (PID=3035) to work on /home/airflow/.local/lib/python3.12/site-packages/airflow/example_dags/example_skip_dag.py
[2025-03-04T18:04:12.364+0000] {processor.py:914} INFO - Processing file /home/airflow/.local/lib/python3.12/site-packages/airflow/example_dags/example_skip_dag.py for tasks to queue
[2025-03-04T18:04:12.366+0000] {logging_mixin.py:190} INFO - [2025-03-04T18:04:12.366+0000] {dagbag.py:588} INFO - Filling up the DagBag from /home/airflow/.local/lib/python3.12/site-packages/airflow/example_dags/example_skip_dag.py
[2025-03-04T18:04:12.375+0000] {processor.py:925} INFO - DAG(s) 'example_skip_dag' retrieved from /home/airflow/.local/lib/python3.12/site-packages/airflow/example_dags/example_skip_dag.py
[2025-03-04T18:04:12.399+0000] {logging_mixin.py:190} INFO - [2025-03-04T18:04:12.398+0000] {dag.py:3239} INFO - Sync 1 DAGs
[2025-03-04T18:04:12.425+0000] {logging_mixin.py:190} INFO - [2025-03-04T18:04:12.425+0000] {dag.py:4180} INFO - Setting next_dagrun for example_skip_dag to 2025-03-03 00:00:00+00:00, run_after=2025-03-04 00:00:00+00:00
[2025-03-04T18:04:12.447+0000] {processor.py:208} INFO - Processing /home/airflow/.local/lib/python3.12/site-packages/airflow/example_dags/example_skip_dag.py took 0.091 seconds
[2025-03-04T18:04:43.381+0000] {processor.py:186} INFO - Started process (PID=3341) to work on /home/airflow/.local/lib/python3.12/site-packages/airflow/example_dags/example_skip_dag.py
[2025-03-04T18:04:43.382+0000] {processor.py:914} INFO - Processing file /home/airflow/.local/lib/python3.12/site-packages/airflow/example_dags/example_skip_dag.py for tasks to queue
[2025-03-04T18:04:43.384+0000] {logging_mixin.py:190} INFO - [2025-03-04T18:04:43.384+0000] {dagbag.py:588} INFO - Filling up the DagBag from /home/airflow/.local/lib/python3.12/site-packages/airflow/example_dags/example_skip_dag.py
[2025-03-04T18:04:43.393+0000] {processor.py:925} INFO - DAG(s) 'example_skip_dag' retrieved from /home/airflow/.local/lib/python3.12/site-packages/airflow/example_dags/example_skip_dag.py
[2025-03-04T18:04:43.424+0000] {logging_mixin.py:190} INFO - [2025-03-04T18:04:43.424+0000] {dag.py:3239} INFO - Sync 1 DAGs
[2025-03-04T18:04:43.456+0000] {logging_mixin.py:190} INFO - [2025-03-04T18:04:43.456+0000] {dag.py:4180} INFO - Setting next_dagrun for example_skip_dag to 2025-03-03 00:00:00+00:00, run_after=2025-03-04 00:00:00+00:00
[2025-03-04T18:04:43.485+0000] {processor.py:208} INFO - Processing /home/airflow/.local/lib/python3.12/site-packages/airflow/example_dags/example_skip_dag.py took 0.111 seconds
[2025-03-04T18:05:14.147+0000] {processor.py:186} INFO - Started process (PID=3647) to work on /home/airflow/.local/lib/python3.12/site-packages/airflow/example_dags/example_skip_dag.py
[2025-03-04T18:05:14.148+0000] {processor.py:914} INFO - Processing file /home/airflow/.local/lib/python3.12/site-packages/airflow/example_dags/example_skip_dag.py for tasks to queue
[2025-03-04T18:05:14.151+0000] {logging_mixin.py:190} INFO - [2025-03-04T18:05:14.150+0000] {dagbag.py:588} INFO - Filling up the DagBag from /home/airflow/.local/lib/python3.12/site-packages/airflow/example_dags/example_skip_dag.py
[2025-03-04T18:05:14.172+0000] {processor.py:925} INFO - DAG(s) 'example_skip_dag' retrieved from /home/airflow/.local/lib/python3.12/site-packages/airflow/example_dags/example_skip_dag.py
[2025-03-04T18:05:14.207+0000] {logging_mixin.py:190} INFO - [2025-03-04T18:05:14.206+0000] {dag.py:3239} INFO - Sync 1 DAGs
[2025-03-04T18:05:14.238+0000] {logging_mixin.py:190} INFO - [2025-03-04T18:05:14.238+0000] {dag.py:4180} INFO - Setting next_dagrun for example_skip_dag to 2025-03-03 00:00:00+00:00, run_after=2025-03-04 00:00:00+00:00
[2025-03-04T18:05:14.260+0000] {processor.py:208} INFO - Processing /home/airflow/.local/lib/python3.12/site-packages/airflow/example_dags/example_skip_dag.py took 0.120 seconds
