[2025-03-04T17:28:46.972+0000] {processor.py:186} INFO - Started process (PID=465) to work on /home/airflow/.local/lib/python3.12/site-packages/airflow/example_dags/example_latest_only_with_trigger.py
[2025-03-04T17:28:46.974+0000] {processor.py:914} INFO - Processing file /home/airflow/.local/lib/python3.12/site-packages/airflow/example_dags/example_latest_only_with_trigger.py for tasks to queue
[2025-03-04T17:28:46.976+0000] {logging_mixin.py:190} INFO - [2025-03-04T17:28:46.976+0000] {dagbag.py:588} INFO - Filling up the DagBag from /home/airflow/.local/lib/python3.12/site-packages/airflow/example_dags/example_latest_only_with_trigger.py
[2025-03-04T17:28:46.987+0000] {processor.py:925} INFO - DAG(s) 'latest_only_with_trigger' retrieved from /home/airflow/.local/lib/python3.12/site-packages/airflow/example_dags/example_latest_only_with_trigger.py
[2025-03-04T17:28:47.014+0000] {logging_mixin.py:190} INFO - [2025-03-04T17:28:47.014+0000] {dag.py:3239} INFO - Sync 1 DAGs
[2025-03-04T17:28:47.054+0000] {logging_mixin.py:190} INFO - [2025-03-04T17:28:47.054+0000] {dag.py:4180} INFO - Setting next_dagrun for latest_only_with_trigger to 2025-03-04 12:00:00+00:00, run_after=2025-03-04 16:00:00+00:00
[2025-03-04T17:28:47.075+0000] {processor.py:208} INFO - Processing /home/airflow/.local/lib/python3.12/site-packages/airflow/example_dags/example_latest_only_with_trigger.py took 0.110 seconds
[2025-03-04T17:29:17.985+0000] {processor.py:186} INFO - Started process (PID=790) to work on /home/airflow/.local/lib/python3.12/site-packages/airflow/example_dags/example_latest_only_with_trigger.py
[2025-03-04T17:29:17.986+0000] {processor.py:914} INFO - Processing file /home/airflow/.local/lib/python3.12/site-packages/airflow/example_dags/example_latest_only_with_trigger.py for tasks to queue
[2025-03-04T17:29:17.988+0000] {logging_mixin.py:190} INFO - [2025-03-04T17:29:17.988+0000] {dagbag.py:588} INFO - Filling up the DagBag from /home/airflow/.local/lib/python3.12/site-packages/airflow/example_dags/example_latest_only_with_trigger.py
[2025-03-04T17:29:17.996+0000] {processor.py:925} INFO - DAG(s) 'latest_only_with_trigger' retrieved from /home/airflow/.local/lib/python3.12/site-packages/airflow/example_dags/example_latest_only_with_trigger.py
[2025-03-04T17:29:18.017+0000] {logging_mixin.py:190} INFO - [2025-03-04T17:29:18.017+0000] {dag.py:3239} INFO - Sync 1 DAGs
[2025-03-04T17:29:18.046+0000] {logging_mixin.py:190} INFO - [2025-03-04T17:29:18.046+0000] {dag.py:4180} INFO - Setting next_dagrun for latest_only_with_trigger to 2025-03-04 12:00:00+00:00, run_after=2025-03-04 16:00:00+00:00
[2025-03-04T17:29:18.068+0000] {processor.py:208} INFO - Processing /home/airflow/.local/lib/python3.12/site-packages/airflow/example_dags/example_latest_only_with_trigger.py took 0.090 seconds
[2025-03-04T17:29:48.807+0000] {processor.py:186} INFO - Started process (PID=1096) to work on /home/airflow/.local/lib/python3.12/site-packages/airflow/example_dags/example_latest_only_with_trigger.py
[2025-03-04T17:29:48.808+0000] {processor.py:914} INFO - Processing file /home/airflow/.local/lib/python3.12/site-packages/airflow/example_dags/example_latest_only_with_trigger.py for tasks to queue
[2025-03-04T17:29:48.811+0000] {logging_mixin.py:190} INFO - [2025-03-04T17:29:48.810+0000] {dagbag.py:588} INFO - Filling up the DagBag from /home/airflow/.local/lib/python3.12/site-packages/airflow/example_dags/example_latest_only_with_trigger.py
[2025-03-04T17:29:48.818+0000] {processor.py:925} INFO - DAG(s) 'latest_only_with_trigger' retrieved from /home/airflow/.local/lib/python3.12/site-packages/airflow/example_dags/example_latest_only_with_trigger.py
[2025-03-04T17:29:48.839+0000] {logging_mixin.py:190} INFO - [2025-03-04T17:29:48.839+0000] {dag.py:3239} INFO - Sync 1 DAGs
[2025-03-04T17:29:48.866+0000] {logging_mixin.py:190} INFO - [2025-03-04T17:29:48.865+0000] {dag.py:4180} INFO - Setting next_dagrun for latest_only_with_trigger to 2025-03-04 12:00:00+00:00, run_after=2025-03-04 16:00:00+00:00
[2025-03-04T17:29:48.892+0000] {processor.py:208} INFO - Processing /home/airflow/.local/lib/python3.12/site-packages/airflow/example_dags/example_latest_only_with_trigger.py took 0.091 seconds
[2025-03-04T17:30:19.868+0000] {processor.py:186} INFO - Started process (PID=1402) to work on /home/airflow/.local/lib/python3.12/site-packages/airflow/example_dags/example_latest_only_with_trigger.py
[2025-03-04T17:30:19.869+0000] {processor.py:914} INFO - Processing file /home/airflow/.local/lib/python3.12/site-packages/airflow/example_dags/example_latest_only_with_trigger.py for tasks to queue
[2025-03-04T17:30:19.872+0000] {logging_mixin.py:190} INFO - [2025-03-04T17:30:19.872+0000] {dagbag.py:588} INFO - Filling up the DagBag from /home/airflow/.local/lib/python3.12/site-packages/airflow/example_dags/example_latest_only_with_trigger.py
[2025-03-04T17:30:19.881+0000] {processor.py:925} INFO - DAG(s) 'latest_only_with_trigger' retrieved from /home/airflow/.local/lib/python3.12/site-packages/airflow/example_dags/example_latest_only_with_trigger.py
[2025-03-04T17:30:19.909+0000] {logging_mixin.py:190} INFO - [2025-03-04T17:30:19.908+0000] {dag.py:3239} INFO - Sync 1 DAGs
[2025-03-04T17:30:19.941+0000] {logging_mixin.py:190} INFO - [2025-03-04T17:30:19.941+0000] {dag.py:4180} INFO - Setting next_dagrun for latest_only_with_trigger to 2025-03-04 12:00:00+00:00, run_after=2025-03-04 16:00:00+00:00
[2025-03-04T17:30:19.970+0000] {processor.py:208} INFO - Processing /home/airflow/.local/lib/python3.12/site-packages/airflow/example_dags/example_latest_only_with_trigger.py took 0.119 seconds
[2025-03-04T17:30:51.377+0000] {processor.py:186} INFO - Started process (PID=1710) to work on /home/airflow/.local/lib/python3.12/site-packages/airflow/example_dags/example_latest_only_with_trigger.py
[2025-03-04T17:30:51.379+0000] {processor.py:914} INFO - Processing file /home/airflow/.local/lib/python3.12/site-packages/airflow/example_dags/example_latest_only_with_trigger.py for tasks to queue
[2025-03-04T17:30:51.381+0000] {logging_mixin.py:190} INFO - [2025-03-04T17:30:51.381+0000] {dagbag.py:588} INFO - Filling up the DagBag from /home/airflow/.local/lib/python3.12/site-packages/airflow/example_dags/example_latest_only_with_trigger.py
[2025-03-04T17:30:51.390+0000] {processor.py:925} INFO - DAG(s) 'latest_only_with_trigger' retrieved from /home/airflow/.local/lib/python3.12/site-packages/airflow/example_dags/example_latest_only_with_trigger.py
[2025-03-04T17:30:51.413+0000] {logging_mixin.py:190} INFO - [2025-03-04T17:30:51.413+0000] {dag.py:3239} INFO - Sync 1 DAGs
[2025-03-04T17:30:51.443+0000] {logging_mixin.py:190} INFO - [2025-03-04T17:30:51.442+0000] {dag.py:4180} INFO - Setting next_dagrun for latest_only_with_trigger to 2025-03-04 12:00:00+00:00, run_after=2025-03-04 16:00:00+00:00
[2025-03-04T17:30:51.466+0000] {processor.py:208} INFO - Processing /home/airflow/.local/lib/python3.12/site-packages/airflow/example_dags/example_latest_only_with_trigger.py took 0.096 seconds
[2025-03-04T17:31:22.331+0000] {processor.py:186} INFO - Started process (PID=2014) to work on /home/airflow/.local/lib/python3.12/site-packages/airflow/example_dags/example_latest_only_with_trigger.py
[2025-03-04T17:31:22.332+0000] {processor.py:914} INFO - Processing file /home/airflow/.local/lib/python3.12/site-packages/airflow/example_dags/example_latest_only_with_trigger.py for tasks to queue
[2025-03-04T17:31:22.335+0000] {logging_mixin.py:190} INFO - [2025-03-04T17:31:22.334+0000] {dagbag.py:588} INFO - Filling up the DagBag from /home/airflow/.local/lib/python3.12/site-packages/airflow/example_dags/example_latest_only_with_trigger.py
[2025-03-04T17:31:22.342+0000] {processor.py:925} INFO - DAG(s) 'latest_only_with_trigger' retrieved from /home/airflow/.local/lib/python3.12/site-packages/airflow/example_dags/example_latest_only_with_trigger.py
[2025-03-04T17:31:22.363+0000] {logging_mixin.py:190} INFO - [2025-03-04T17:31:22.363+0000] {dag.py:3239} INFO - Sync 1 DAGs
[2025-03-04T17:31:22.388+0000] {logging_mixin.py:190} INFO - [2025-03-04T17:31:22.388+0000] {dag.py:4180} INFO - Setting next_dagrun for latest_only_with_trigger to 2025-03-04 12:00:00+00:00, run_after=2025-03-04 16:00:00+00:00
[2025-03-04T17:31:22.410+0000] {processor.py:208} INFO - Processing /home/airflow/.local/lib/python3.12/site-packages/airflow/example_dags/example_latest_only_with_trigger.py took 0.085 seconds
[2025-03-04T17:31:53.894+0000] {processor.py:186} INFO - Started process (PID=2320) to work on /home/airflow/.local/lib/python3.12/site-packages/airflow/example_dags/example_latest_only_with_trigger.py
[2025-03-04T17:31:53.895+0000] {processor.py:914} INFO - Processing file /home/airflow/.local/lib/python3.12/site-packages/airflow/example_dags/example_latest_only_with_trigger.py for tasks to queue
[2025-03-04T17:31:53.898+0000] {logging_mixin.py:190} INFO - [2025-03-04T17:31:53.897+0000] {dagbag.py:588} INFO - Filling up the DagBag from /home/airflow/.local/lib/python3.12/site-packages/airflow/example_dags/example_latest_only_with_trigger.py
[2025-03-04T17:31:53.906+0000] {processor.py:925} INFO - DAG(s) 'latest_only_with_trigger' retrieved from /home/airflow/.local/lib/python3.12/site-packages/airflow/example_dags/example_latest_only_with_trigger.py
[2025-03-04T17:31:53.934+0000] {logging_mixin.py:190} INFO - [2025-03-04T17:31:53.934+0000] {dag.py:3239} INFO - Sync 1 DAGs
[2025-03-04T17:31:53.968+0000] {logging_mixin.py:190} INFO - [2025-03-04T17:31:53.968+0000] {dag.py:4180} INFO - Setting next_dagrun for latest_only_with_trigger to 2025-03-04 12:00:00+00:00, run_after=2025-03-04 16:00:00+00:00
[2025-03-04T17:31:53.995+0000] {processor.py:208} INFO - Processing /home/airflow/.local/lib/python3.12/site-packages/airflow/example_dags/example_latest_only_with_trigger.py took 0.111 seconds
[2025-03-04T17:32:24.898+0000] {processor.py:186} INFO - Started process (PID=2628) to work on /home/airflow/.local/lib/python3.12/site-packages/airflow/example_dags/example_latest_only_with_trigger.py
[2025-03-04T17:32:24.899+0000] {processor.py:914} INFO - Processing file /home/airflow/.local/lib/python3.12/site-packages/airflow/example_dags/example_latest_only_with_trigger.py for tasks to queue
[2025-03-04T17:32:24.901+0000] {logging_mixin.py:190} INFO - [2025-03-04T17:32:24.901+0000] {dagbag.py:588} INFO - Filling up the DagBag from /home/airflow/.local/lib/python3.12/site-packages/airflow/example_dags/example_latest_only_with_trigger.py
[2025-03-04T17:32:24.909+0000] {processor.py:925} INFO - DAG(s) 'latest_only_with_trigger' retrieved from /home/airflow/.local/lib/python3.12/site-packages/airflow/example_dags/example_latest_only_with_trigger.py
[2025-03-04T17:32:24.931+0000] {logging_mixin.py:190} INFO - [2025-03-04T17:32:24.930+0000] {dag.py:3239} INFO - Sync 1 DAGs
[2025-03-04T17:32:24.971+0000] {logging_mixin.py:190} INFO - [2025-03-04T17:32:24.971+0000] {dag.py:4180} INFO - Setting next_dagrun for latest_only_with_trigger to 2025-03-04 12:00:00+00:00, run_after=2025-03-04 16:00:00+00:00
[2025-03-04T17:32:24.996+0000] {processor.py:208} INFO - Processing /home/airflow/.local/lib/python3.12/site-packages/airflow/example_dags/example_latest_only_with_trigger.py took 0.105 seconds
[2025-03-04T17:32:56.207+0000] {processor.py:186} INFO - Started process (PID=2932) to work on /home/airflow/.local/lib/python3.12/site-packages/airflow/example_dags/example_latest_only_with_trigger.py
[2025-03-04T17:32:56.208+0000] {processor.py:914} INFO - Processing file /home/airflow/.local/lib/python3.12/site-packages/airflow/example_dags/example_latest_only_with_trigger.py for tasks to queue
[2025-03-04T17:32:56.211+0000] {logging_mixin.py:190} INFO - [2025-03-04T17:32:56.211+0000] {dagbag.py:588} INFO - Filling up the DagBag from /home/airflow/.local/lib/python3.12/site-packages/airflow/example_dags/example_latest_only_with_trigger.py
[2025-03-04T17:32:56.220+0000] {processor.py:925} INFO - DAG(s) 'latest_only_with_trigger' retrieved from /home/airflow/.local/lib/python3.12/site-packages/airflow/example_dags/example_latest_only_with_trigger.py
[2025-03-04T17:32:56.264+0000] {logging_mixin.py:190} INFO - [2025-03-04T17:32:56.264+0000] {dag.py:3239} INFO - Sync 1 DAGs
[2025-03-04T17:32:56.297+0000] {logging_mixin.py:190} INFO - [2025-03-04T17:32:56.297+0000] {dag.py:4180} INFO - Setting next_dagrun for latest_only_with_trigger to 2025-03-04 12:00:00+00:00, run_after=2025-03-04 16:00:00+00:00
[2025-03-04T17:32:56.325+0000] {processor.py:208} INFO - Processing /home/airflow/.local/lib/python3.12/site-packages/airflow/example_dags/example_latest_only_with_trigger.py took 0.125 seconds
[2025-03-04T17:33:27.390+0000] {processor.py:186} INFO - Started process (PID=3238) to work on /home/airflow/.local/lib/python3.12/site-packages/airflow/example_dags/example_latest_only_with_trigger.py
[2025-03-04T17:33:27.391+0000] {processor.py:914} INFO - Processing file /home/airflow/.local/lib/python3.12/site-packages/airflow/example_dags/example_latest_only_with_trigger.py for tasks to queue
[2025-03-04T17:33:27.393+0000] {logging_mixin.py:190} INFO - [2025-03-04T17:33:27.393+0000] {dagbag.py:588} INFO - Filling up the DagBag from /home/airflow/.local/lib/python3.12/site-packages/airflow/example_dags/example_latest_only_with_trigger.py
[2025-03-04T17:33:27.402+0000] {processor.py:925} INFO - DAG(s) 'latest_only_with_trigger' retrieved from /home/airflow/.local/lib/python3.12/site-packages/airflow/example_dags/example_latest_only_with_trigger.py
[2025-03-04T17:33:27.424+0000] {logging_mixin.py:190} INFO - [2025-03-04T17:33:27.424+0000] {dag.py:3239} INFO - Sync 1 DAGs
[2025-03-04T17:33:27.451+0000] {logging_mixin.py:190} INFO - [2025-03-04T17:33:27.451+0000] {dag.py:4180} INFO - Setting next_dagrun for latest_only_with_trigger to 2025-03-04 12:00:00+00:00, run_after=2025-03-04 16:00:00+00:00
[2025-03-04T17:33:27.473+0000] {processor.py:208} INFO - Processing /home/airflow/.local/lib/python3.12/site-packages/airflow/example_dags/example_latest_only_with_trigger.py took 0.090 seconds
[2025-03-04T17:33:58.250+0000] {processor.py:186} INFO - Started process (PID=3546) to work on /home/airflow/.local/lib/python3.12/site-packages/airflow/example_dags/example_latest_only_with_trigger.py
[2025-03-04T17:33:58.252+0000] {processor.py:914} INFO - Processing file /home/airflow/.local/lib/python3.12/site-packages/airflow/example_dags/example_latest_only_with_trigger.py for tasks to queue
[2025-03-04T17:33:58.257+0000] {logging_mixin.py:190} INFO - [2025-03-04T17:33:58.257+0000] {dagbag.py:588} INFO - Filling up the DagBag from /home/airflow/.local/lib/python3.12/site-packages/airflow/example_dags/example_latest_only_with_trigger.py
[2025-03-04T17:33:58.276+0000] {processor.py:925} INFO - DAG(s) 'latest_only_with_trigger' retrieved from /home/airflow/.local/lib/python3.12/site-packages/airflow/example_dags/example_latest_only_with_trigger.py
[2025-03-04T17:33:58.302+0000] {logging_mixin.py:190} INFO - [2025-03-04T17:33:58.302+0000] {dag.py:3239} INFO - Sync 1 DAGs
[2025-03-04T17:33:58.336+0000] {logging_mixin.py:190} INFO - [2025-03-04T17:33:58.336+0000] {dag.py:4180} INFO - Setting next_dagrun for latest_only_with_trigger to 2025-03-04 12:00:00+00:00, run_after=2025-03-04 16:00:00+00:00
[2025-03-04T17:33:58.362+0000] {processor.py:208} INFO - Processing /home/airflow/.local/lib/python3.12/site-packages/airflow/example_dags/example_latest_only_with_trigger.py took 0.118 seconds
[2025-03-04T17:34:29.310+0000] {processor.py:186} INFO - Started process (PID=3852) to work on /home/airflow/.local/lib/python3.12/site-packages/airflow/example_dags/example_latest_only_with_trigger.py
[2025-03-04T17:34:29.312+0000] {processor.py:914} INFO - Processing file /home/airflow/.local/lib/python3.12/site-packages/airflow/example_dags/example_latest_only_with_trigger.py for tasks to queue
[2025-03-04T17:34:29.314+0000] {logging_mixin.py:190} INFO - [2025-03-04T17:34:29.314+0000] {dagbag.py:588} INFO - Filling up the DagBag from /home/airflow/.local/lib/python3.12/site-packages/airflow/example_dags/example_latest_only_with_trigger.py
[2025-03-04T17:34:29.322+0000] {processor.py:925} INFO - DAG(s) 'latest_only_with_trigger' retrieved from /home/airflow/.local/lib/python3.12/site-packages/airflow/example_dags/example_latest_only_with_trigger.py
[2025-03-04T17:34:29.351+0000] {logging_mixin.py:190} INFO - [2025-03-04T17:34:29.351+0000] {dag.py:3239} INFO - Sync 1 DAGs
[2025-03-04T17:34:29.387+0000] {logging_mixin.py:190} INFO - [2025-03-04T17:34:29.386+0000] {dag.py:4180} INFO - Setting next_dagrun for latest_only_with_trigger to 2025-03-04 12:00:00+00:00, run_after=2025-03-04 16:00:00+00:00
[2025-03-04T17:34:29.413+0000] {processor.py:208} INFO - Processing /home/airflow/.local/lib/python3.12/site-packages/airflow/example_dags/example_latest_only_with_trigger.py took 0.109 seconds
[2025-03-04T17:34:59.779+0000] {processor.py:186} INFO - Started process (PID=4156) to work on /home/airflow/.local/lib/python3.12/site-packages/airflow/example_dags/example_latest_only_with_trigger.py
[2025-03-04T17:34:59.780+0000] {processor.py:914} INFO - Processing file /home/airflow/.local/lib/python3.12/site-packages/airflow/example_dags/example_latest_only_with_trigger.py for tasks to queue
[2025-03-04T17:34:59.783+0000] {logging_mixin.py:190} INFO - [2025-03-04T17:34:59.782+0000] {dagbag.py:588} INFO - Filling up the DagBag from /home/airflow/.local/lib/python3.12/site-packages/airflow/example_dags/example_latest_only_with_trigger.py
[2025-03-04T17:34:59.791+0000] {processor.py:925} INFO - DAG(s) 'latest_only_with_trigger' retrieved from /home/airflow/.local/lib/python3.12/site-packages/airflow/example_dags/example_latest_only_with_trigger.py
[2025-03-04T17:34:59.813+0000] {logging_mixin.py:190} INFO - [2025-03-04T17:34:59.813+0000] {dag.py:3239} INFO - Sync 1 DAGs
[2025-03-04T17:34:59.839+0000] {logging_mixin.py:190} INFO - [2025-03-04T17:34:59.839+0000] {dag.py:4180} INFO - Setting next_dagrun for latest_only_with_trigger to 2025-03-04 12:00:00+00:00, run_after=2025-03-04 16:00:00+00:00
[2025-03-04T17:34:59.864+0000] {processor.py:208} INFO - Processing /home/airflow/.local/lib/python3.12/site-packages/airflow/example_dags/example_latest_only_with_trigger.py took 0.091 seconds
[2025-03-04T17:35:30.367+0000] {processor.py:186} INFO - Started process (PID=4457) to work on /home/airflow/.local/lib/python3.12/site-packages/airflow/example_dags/example_latest_only_with_trigger.py
[2025-03-04T17:35:30.369+0000] {processor.py:914} INFO - Processing file /home/airflow/.local/lib/python3.12/site-packages/airflow/example_dags/example_latest_only_with_trigger.py for tasks to queue
[2025-03-04T17:35:30.371+0000] {logging_mixin.py:190} INFO - [2025-03-04T17:35:30.371+0000] {dagbag.py:588} INFO - Filling up the DagBag from /home/airflow/.local/lib/python3.12/site-packages/airflow/example_dags/example_latest_only_with_trigger.py
[2025-03-04T17:35:30.380+0000] {processor.py:925} INFO - DAG(s) 'latest_only_with_trigger' retrieved from /home/airflow/.local/lib/python3.12/site-packages/airflow/example_dags/example_latest_only_with_trigger.py
[2025-03-04T17:35:30.403+0000] {logging_mixin.py:190} INFO - [2025-03-04T17:35:30.403+0000] {dag.py:3239} INFO - Sync 1 DAGs
[2025-03-04T17:35:30.432+0000] {logging_mixin.py:190} INFO - [2025-03-04T17:35:30.431+0000] {dag.py:4180} INFO - Setting next_dagrun for latest_only_with_trigger to 2025-03-04 12:00:00+00:00, run_after=2025-03-04 16:00:00+00:00
[2025-03-04T17:35:30.456+0000] {processor.py:208} INFO - Processing /home/airflow/.local/lib/python3.12/site-packages/airflow/example_dags/example_latest_only_with_trigger.py took 0.095 seconds
[2025-03-04T17:36:00.817+0000] {processor.py:186} INFO - Started process (PID=4760) to work on /home/airflow/.local/lib/python3.12/site-packages/airflow/example_dags/example_latest_only_with_trigger.py
[2025-03-04T17:36:00.818+0000] {processor.py:914} INFO - Processing file /home/airflow/.local/lib/python3.12/site-packages/airflow/example_dags/example_latest_only_with_trigger.py for tasks to queue
[2025-03-04T17:36:00.821+0000] {logging_mixin.py:190} INFO - [2025-03-04T17:36:00.821+0000] {dagbag.py:588} INFO - Filling up the DagBag from /home/airflow/.local/lib/python3.12/site-packages/airflow/example_dags/example_latest_only_with_trigger.py
[2025-03-04T17:36:00.830+0000] {processor.py:925} INFO - DAG(s) 'latest_only_with_trigger' retrieved from /home/airflow/.local/lib/python3.12/site-packages/airflow/example_dags/example_latest_only_with_trigger.py
[2025-03-04T17:36:00.861+0000] {logging_mixin.py:190} INFO - [2025-03-04T17:36:00.860+0000] {dag.py:3239} INFO - Sync 1 DAGs
[2025-03-04T17:36:00.901+0000] {logging_mixin.py:190} INFO - [2025-03-04T17:36:00.900+0000] {dag.py:4180} INFO - Setting next_dagrun for latest_only_with_trigger to 2025-03-04 12:00:00+00:00, run_after=2025-03-04 16:00:00+00:00
[2025-03-04T17:36:00.936+0000] {processor.py:208} INFO - Processing /home/airflow/.local/lib/python3.12/site-packages/airflow/example_dags/example_latest_only_with_trigger.py took 0.126 seconds
[2025-03-04T17:36:31.344+0000] {processor.py:186} INFO - Started process (PID=5066) to work on /home/airflow/.local/lib/python3.12/site-packages/airflow/example_dags/example_latest_only_with_trigger.py
[2025-03-04T17:36:31.345+0000] {processor.py:914} INFO - Processing file /home/airflow/.local/lib/python3.12/site-packages/airflow/example_dags/example_latest_only_with_trigger.py for tasks to queue
[2025-03-04T17:36:31.347+0000] {logging_mixin.py:190} INFO - [2025-03-04T17:36:31.347+0000] {dagbag.py:588} INFO - Filling up the DagBag from /home/airflow/.local/lib/python3.12/site-packages/airflow/example_dags/example_latest_only_with_trigger.py
[2025-03-04T17:36:31.356+0000] {processor.py:925} INFO - DAG(s) 'latest_only_with_trigger' retrieved from /home/airflow/.local/lib/python3.12/site-packages/airflow/example_dags/example_latest_only_with_trigger.py
[2025-03-04T17:36:31.385+0000] {logging_mixin.py:190} INFO - [2025-03-04T17:36:31.385+0000] {dag.py:3239} INFO - Sync 1 DAGs
[2025-03-04T17:36:31.413+0000] {logging_mixin.py:190} INFO - [2025-03-04T17:36:31.412+0000] {dag.py:4180} INFO - Setting next_dagrun for latest_only_with_trigger to 2025-03-04 12:00:00+00:00, run_after=2025-03-04 16:00:00+00:00
[2025-03-04T17:36:31.437+0000] {processor.py:208} INFO - Processing /home/airflow/.local/lib/python3.12/site-packages/airflow/example_dags/example_latest_only_with_trigger.py took 0.100 seconds
[2025-03-04T17:37:01.610+0000] {processor.py:186} INFO - Started process (PID=5370) to work on /home/airflow/.local/lib/python3.12/site-packages/airflow/example_dags/example_latest_only_with_trigger.py
[2025-03-04T17:37:01.611+0000] {processor.py:914} INFO - Processing file /home/airflow/.local/lib/python3.12/site-packages/airflow/example_dags/example_latest_only_with_trigger.py for tasks to queue
[2025-03-04T17:37:01.614+0000] {logging_mixin.py:190} INFO - [2025-03-04T17:37:01.613+0000] {dagbag.py:588} INFO - Filling up the DagBag from /home/airflow/.local/lib/python3.12/site-packages/airflow/example_dags/example_latest_only_with_trigger.py
[2025-03-04T17:37:01.622+0000] {processor.py:925} INFO - DAG(s) 'latest_only_with_trigger' retrieved from /home/airflow/.local/lib/python3.12/site-packages/airflow/example_dags/example_latest_only_with_trigger.py
[2025-03-04T17:37:01.649+0000] {logging_mixin.py:190} INFO - [2025-03-04T17:37:01.649+0000] {dag.py:3239} INFO - Sync 1 DAGs
[2025-03-04T17:37:01.680+0000] {logging_mixin.py:190} INFO - [2025-03-04T17:37:01.680+0000] {dag.py:4180} INFO - Setting next_dagrun for latest_only_with_trigger to 2025-03-04 12:00:00+00:00, run_after=2025-03-04 16:00:00+00:00
[2025-03-04T17:37:01.705+0000] {processor.py:208} INFO - Processing /home/airflow/.local/lib/python3.12/site-packages/airflow/example_dags/example_latest_only_with_trigger.py took 0.105 seconds
[2025-03-04T17:37:32.023+0000] {processor.py:186} INFO - Started process (PID=5678) to work on /home/airflow/.local/lib/python3.12/site-packages/airflow/example_dags/example_latest_only_with_trigger.py
[2025-03-04T17:37:32.025+0000] {processor.py:914} INFO - Processing file /home/airflow/.local/lib/python3.12/site-packages/airflow/example_dags/example_latest_only_with_trigger.py for tasks to queue
[2025-03-04T17:37:32.028+0000] {logging_mixin.py:190} INFO - [2025-03-04T17:37:32.027+0000] {dagbag.py:588} INFO - Filling up the DagBag from /home/airflow/.local/lib/python3.12/site-packages/airflow/example_dags/example_latest_only_with_trigger.py
[2025-03-04T17:37:32.037+0000] {processor.py:925} INFO - DAG(s) 'latest_only_with_trigger' retrieved from /home/airflow/.local/lib/python3.12/site-packages/airflow/example_dags/example_latest_only_with_trigger.py
[2025-03-04T17:37:32.068+0000] {logging_mixin.py:190} INFO - [2025-03-04T17:37:32.068+0000] {dag.py:3239} INFO - Sync 1 DAGs
[2025-03-04T17:37:32.096+0000] {logging_mixin.py:190} INFO - [2025-03-04T17:37:32.096+0000] {dag.py:4180} INFO - Setting next_dagrun for latest_only_with_trigger to 2025-03-04 12:00:00+00:00, run_after=2025-03-04 16:00:00+00:00
[2025-03-04T17:37:32.123+0000] {processor.py:208} INFO - Processing /home/airflow/.local/lib/python3.12/site-packages/airflow/example_dags/example_latest_only_with_trigger.py took 0.116 seconds
[2025-03-04T17:38:02.832+0000] {processor.py:186} INFO - Started process (PID=5984) to work on /home/airflow/.local/lib/python3.12/site-packages/airflow/example_dags/example_latest_only_with_trigger.py
[2025-03-04T17:38:02.834+0000] {processor.py:914} INFO - Processing file /home/airflow/.local/lib/python3.12/site-packages/airflow/example_dags/example_latest_only_with_trigger.py for tasks to queue
[2025-03-04T17:38:02.837+0000] {logging_mixin.py:190} INFO - [2025-03-04T17:38:02.836+0000] {dagbag.py:588} INFO - Filling up the DagBag from /home/airflow/.local/lib/python3.12/site-packages/airflow/example_dags/example_latest_only_with_trigger.py
[2025-03-04T17:38:02.845+0000] {processor.py:925} INFO - DAG(s) 'latest_only_with_trigger' retrieved from /home/airflow/.local/lib/python3.12/site-packages/airflow/example_dags/example_latest_only_with_trigger.py
[2025-03-04T17:38:02.876+0000] {logging_mixin.py:190} INFO - [2025-03-04T17:38:02.875+0000] {dag.py:3239} INFO - Sync 1 DAGs
[2025-03-04T17:38:02.912+0000] {logging_mixin.py:190} INFO - [2025-03-04T17:38:02.912+0000] {dag.py:4180} INFO - Setting next_dagrun for latest_only_with_trigger to 2025-03-04 12:00:00+00:00, run_after=2025-03-04 16:00:00+00:00
[2025-03-04T17:38:02.937+0000] {processor.py:208} INFO - Processing /home/airflow/.local/lib/python3.12/site-packages/airflow/example_dags/example_latest_only_with_trigger.py took 0.112 seconds
[2025-03-04T17:38:33.329+0000] {processor.py:186} INFO - Started process (PID=6290) to work on /home/airflow/.local/lib/python3.12/site-packages/airflow/example_dags/example_latest_only_with_trigger.py
[2025-03-04T17:38:33.330+0000] {processor.py:914} INFO - Processing file /home/airflow/.local/lib/python3.12/site-packages/airflow/example_dags/example_latest_only_with_trigger.py for tasks to queue
[2025-03-04T17:38:33.333+0000] {logging_mixin.py:190} INFO - [2025-03-04T17:38:33.332+0000] {dagbag.py:588} INFO - Filling up the DagBag from /home/airflow/.local/lib/python3.12/site-packages/airflow/example_dags/example_latest_only_with_trigger.py
[2025-03-04T17:38:33.342+0000] {processor.py:925} INFO - DAG(s) 'latest_only_with_trigger' retrieved from /home/airflow/.local/lib/python3.12/site-packages/airflow/example_dags/example_latest_only_with_trigger.py
[2025-03-04T17:38:33.365+0000] {logging_mixin.py:190} INFO - [2025-03-04T17:38:33.365+0000] {dag.py:3239} INFO - Sync 1 DAGs
[2025-03-04T17:38:33.395+0000] {logging_mixin.py:190} INFO - [2025-03-04T17:38:33.394+0000] {dag.py:4180} INFO - Setting next_dagrun for latest_only_with_trigger to 2025-03-04 12:00:00+00:00, run_after=2025-03-04 16:00:00+00:00
[2025-03-04T17:38:33.419+0000] {processor.py:208} INFO - Processing /home/airflow/.local/lib/python3.12/site-packages/airflow/example_dags/example_latest_only_with_trigger.py took 0.097 seconds
[2025-03-04T17:39:03.858+0000] {processor.py:186} INFO - Started process (PID=6596) to work on /home/airflow/.local/lib/python3.12/site-packages/airflow/example_dags/example_latest_only_with_trigger.py
[2025-03-04T17:39:03.860+0000] {processor.py:914} INFO - Processing file /home/airflow/.local/lib/python3.12/site-packages/airflow/example_dags/example_latest_only_with_trigger.py for tasks to queue
[2025-03-04T17:39:03.863+0000] {logging_mixin.py:190} INFO - [2025-03-04T17:39:03.862+0000] {dagbag.py:588} INFO - Filling up the DagBag from /home/airflow/.local/lib/python3.12/site-packages/airflow/example_dags/example_latest_only_with_trigger.py
[2025-03-04T17:39:03.872+0000] {processor.py:925} INFO - DAG(s) 'latest_only_with_trigger' retrieved from /home/airflow/.local/lib/python3.12/site-packages/airflow/example_dags/example_latest_only_with_trigger.py
[2025-03-04T17:39:03.902+0000] {logging_mixin.py:190} INFO - [2025-03-04T17:39:03.902+0000] {dag.py:3239} INFO - Sync 1 DAGs
[2025-03-04T17:39:03.931+0000] {logging_mixin.py:190} INFO - [2025-03-04T17:39:03.930+0000] {dag.py:4180} INFO - Setting next_dagrun for latest_only_with_trigger to 2025-03-04 12:00:00+00:00, run_after=2025-03-04 16:00:00+00:00
[2025-03-04T17:39:03.955+0000] {processor.py:208} INFO - Processing /home/airflow/.local/lib/python3.12/site-packages/airflow/example_dags/example_latest_only_with_trigger.py took 0.104 seconds
[2025-03-04T17:39:34.438+0000] {processor.py:186} INFO - Started process (PID=6900) to work on /home/airflow/.local/lib/python3.12/site-packages/airflow/example_dags/example_latest_only_with_trigger.py
[2025-03-04T17:39:34.439+0000] {processor.py:914} INFO - Processing file /home/airflow/.local/lib/python3.12/site-packages/airflow/example_dags/example_latest_only_with_trigger.py for tasks to queue
[2025-03-04T17:39:34.442+0000] {logging_mixin.py:190} INFO - [2025-03-04T17:39:34.441+0000] {dagbag.py:588} INFO - Filling up the DagBag from /home/airflow/.local/lib/python3.12/site-packages/airflow/example_dags/example_latest_only_with_trigger.py
[2025-03-04T17:39:34.450+0000] {processor.py:925} INFO - DAG(s) 'latest_only_with_trigger' retrieved from /home/airflow/.local/lib/python3.12/site-packages/airflow/example_dags/example_latest_only_with_trigger.py
[2025-03-04T17:39:34.482+0000] {logging_mixin.py:190} INFO - [2025-03-04T17:39:34.482+0000] {dag.py:3239} INFO - Sync 1 DAGs
[2025-03-04T17:39:34.545+0000] {logging_mixin.py:190} INFO - [2025-03-04T17:39:34.544+0000] {dag.py:4180} INFO - Setting next_dagrun for latest_only_with_trigger to 2025-03-04 12:00:00+00:00, run_after=2025-03-04 16:00:00+00:00
[2025-03-04T17:39:34.580+0000] {processor.py:208} INFO - Processing /home/airflow/.local/lib/python3.12/site-packages/airflow/example_dags/example_latest_only_with_trigger.py took 0.149 seconds
[2025-03-04T17:40:05.195+0000] {processor.py:186} INFO - Started process (PID=7211) to work on /home/airflow/.local/lib/python3.12/site-packages/airflow/example_dags/example_latest_only_with_trigger.py
[2025-03-04T17:40:05.196+0000] {processor.py:914} INFO - Processing file /home/airflow/.local/lib/python3.12/site-packages/airflow/example_dags/example_latest_only_with_trigger.py for tasks to queue
[2025-03-04T17:40:05.198+0000] {logging_mixin.py:190} INFO - [2025-03-04T17:40:05.198+0000] {dagbag.py:588} INFO - Filling up the DagBag from /home/airflow/.local/lib/python3.12/site-packages/airflow/example_dags/example_latest_only_with_trigger.py
[2025-03-04T17:40:05.207+0000] {processor.py:925} INFO - DAG(s) 'latest_only_with_trigger' retrieved from /home/airflow/.local/lib/python3.12/site-packages/airflow/example_dags/example_latest_only_with_trigger.py
[2025-03-04T17:40:05.230+0000] {logging_mixin.py:190} INFO - [2025-03-04T17:40:05.230+0000] {dag.py:3239} INFO - Sync 1 DAGs
[2025-03-04T17:40:05.273+0000] {logging_mixin.py:190} INFO - [2025-03-04T17:40:05.272+0000] {dag.py:4180} INFO - Setting next_dagrun for latest_only_with_trigger to 2025-03-04 12:00:00+00:00, run_after=2025-03-04 16:00:00+00:00
[2025-03-04T17:40:05.302+0000] {processor.py:208} INFO - Processing /home/airflow/.local/lib/python3.12/site-packages/airflow/example_dags/example_latest_only_with_trigger.py took 0.114 seconds
[2025-03-04T17:40:35.569+0000] {processor.py:186} INFO - Started process (PID=7519) to work on /home/airflow/.local/lib/python3.12/site-packages/airflow/example_dags/example_latest_only_with_trigger.py
[2025-03-04T17:40:35.570+0000] {processor.py:914} INFO - Processing file /home/airflow/.local/lib/python3.12/site-packages/airflow/example_dags/example_latest_only_with_trigger.py for tasks to queue
[2025-03-04T17:40:35.572+0000] {logging_mixin.py:190} INFO - [2025-03-04T17:40:35.572+0000] {dagbag.py:588} INFO - Filling up the DagBag from /home/airflow/.local/lib/python3.12/site-packages/airflow/example_dags/example_latest_only_with_trigger.py
[2025-03-04T17:40:35.580+0000] {processor.py:925} INFO - DAG(s) 'latest_only_with_trigger' retrieved from /home/airflow/.local/lib/python3.12/site-packages/airflow/example_dags/example_latest_only_with_trigger.py
[2025-03-04T17:40:35.602+0000] {logging_mixin.py:190} INFO - [2025-03-04T17:40:35.602+0000] {dag.py:3239} INFO - Sync 1 DAGs
[2025-03-04T17:40:35.639+0000] {logging_mixin.py:190} INFO - [2025-03-04T17:40:35.639+0000] {dag.py:4180} INFO - Setting next_dagrun for latest_only_with_trigger to 2025-03-04 12:00:00+00:00, run_after=2025-03-04 16:00:00+00:00
[2025-03-04T17:40:35.662+0000] {processor.py:208} INFO - Processing /home/airflow/.local/lib/python3.12/site-packages/airflow/example_dags/example_latest_only_with_trigger.py took 0.099 seconds
[2025-03-04T17:41:06.259+0000] {processor.py:186} INFO - Started process (PID=7825) to work on /home/airflow/.local/lib/python3.12/site-packages/airflow/example_dags/example_latest_only_with_trigger.py
[2025-03-04T17:41:06.260+0000] {processor.py:914} INFO - Processing file /home/airflow/.local/lib/python3.12/site-packages/airflow/example_dags/example_latest_only_with_trigger.py for tasks to queue
[2025-03-04T17:41:06.263+0000] {logging_mixin.py:190} INFO - [2025-03-04T17:41:06.263+0000] {dagbag.py:588} INFO - Filling up the DagBag from /home/airflow/.local/lib/python3.12/site-packages/airflow/example_dags/example_latest_only_with_trigger.py
[2025-03-04T17:41:06.272+0000] {processor.py:925} INFO - DAG(s) 'latest_only_with_trigger' retrieved from /home/airflow/.local/lib/python3.12/site-packages/airflow/example_dags/example_latest_only_with_trigger.py
[2025-03-04T17:41:06.298+0000] {logging_mixin.py:190} INFO - [2025-03-04T17:41:06.297+0000] {dag.py:3239} INFO - Sync 1 DAGs
[2025-03-04T17:41:06.328+0000] {logging_mixin.py:190} INFO - [2025-03-04T17:41:06.328+0000] {dag.py:4180} INFO - Setting next_dagrun for latest_only_with_trigger to 2025-03-04 12:00:00+00:00, run_after=2025-03-04 16:00:00+00:00
[2025-03-04T17:41:06.357+0000] {processor.py:208} INFO - Processing /home/airflow/.local/lib/python3.12/site-packages/airflow/example_dags/example_latest_only_with_trigger.py took 0.110 seconds
[2025-03-04T17:41:36.634+0000] {processor.py:186} INFO - Started process (PID=8129) to work on /home/airflow/.local/lib/python3.12/site-packages/airflow/example_dags/example_latest_only_with_trigger.py
[2025-03-04T17:41:36.635+0000] {processor.py:914} INFO - Processing file /home/airflow/.local/lib/python3.12/site-packages/airflow/example_dags/example_latest_only_with_trigger.py for tasks to queue
[2025-03-04T17:41:36.638+0000] {logging_mixin.py:190} INFO - [2025-03-04T17:41:36.638+0000] {dagbag.py:588} INFO - Filling up the DagBag from /home/airflow/.local/lib/python3.12/site-packages/airflow/example_dags/example_latest_only_with_trigger.py
[2025-03-04T17:41:36.646+0000] {processor.py:925} INFO - DAG(s) 'latest_only_with_trigger' retrieved from /home/airflow/.local/lib/python3.12/site-packages/airflow/example_dags/example_latest_only_with_trigger.py
[2025-03-04T17:41:36.668+0000] {logging_mixin.py:190} INFO - [2025-03-04T17:41:36.668+0000] {dag.py:3239} INFO - Sync 1 DAGs
[2025-03-04T17:41:36.697+0000] {logging_mixin.py:190} INFO - [2025-03-04T17:41:36.696+0000] {dag.py:4180} INFO - Setting next_dagrun for latest_only_with_trigger to 2025-03-04 12:00:00+00:00, run_after=2025-03-04 16:00:00+00:00
[2025-03-04T17:41:36.718+0000] {processor.py:208} INFO - Processing /home/airflow/.local/lib/python3.12/site-packages/airflow/example_dags/example_latest_only_with_trigger.py took 0.091 seconds
[2025-03-04T17:42:06.930+0000] {processor.py:186} INFO - Started process (PID=8437) to work on /home/airflow/.local/lib/python3.12/site-packages/airflow/example_dags/example_latest_only_with_trigger.py
[2025-03-04T17:42:06.932+0000] {processor.py:914} INFO - Processing file /home/airflow/.local/lib/python3.12/site-packages/airflow/example_dags/example_latest_only_with_trigger.py for tasks to queue
[2025-03-04T17:42:06.934+0000] {logging_mixin.py:190} INFO - [2025-03-04T17:42:06.934+0000] {dagbag.py:588} INFO - Filling up the DagBag from /home/airflow/.local/lib/python3.12/site-packages/airflow/example_dags/example_latest_only_with_trigger.py
[2025-03-04T17:42:06.942+0000] {processor.py:925} INFO - DAG(s) 'latest_only_with_trigger' retrieved from /home/airflow/.local/lib/python3.12/site-packages/airflow/example_dags/example_latest_only_with_trigger.py
[2025-03-04T17:42:06.969+0000] {logging_mixin.py:190} INFO - [2025-03-04T17:42:06.968+0000] {dag.py:3239} INFO - Sync 1 DAGs
[2025-03-04T17:42:06.996+0000] {logging_mixin.py:190} INFO - [2025-03-04T17:42:06.995+0000] {dag.py:4180} INFO - Setting next_dagrun for latest_only_with_trigger to 2025-03-04 12:00:00+00:00, run_after=2025-03-04 16:00:00+00:00
[2025-03-04T17:42:07.019+0000] {processor.py:208} INFO - Processing /home/airflow/.local/lib/python3.12/site-packages/airflow/example_dags/example_latest_only_with_trigger.py took 0.094 seconds
[2025-03-04T17:43:19.942+0000] {processor.py:186} INFO - Started process (PID=404) to work on /home/airflow/.local/lib/python3.12/site-packages/airflow/example_dags/example_latest_only_with_trigger.py
[2025-03-04T17:43:19.943+0000] {processor.py:914} INFO - Processing file /home/airflow/.local/lib/python3.12/site-packages/airflow/example_dags/example_latest_only_with_trigger.py for tasks to queue
[2025-03-04T17:43:19.945+0000] {logging_mixin.py:190} INFO - [2025-03-04T17:43:19.945+0000] {dagbag.py:588} INFO - Filling up the DagBag from /home/airflow/.local/lib/python3.12/site-packages/airflow/example_dags/example_latest_only_with_trigger.py
[2025-03-04T17:43:19.953+0000] {processor.py:925} INFO - DAG(s) 'latest_only_with_trigger' retrieved from /home/airflow/.local/lib/python3.12/site-packages/airflow/example_dags/example_latest_only_with_trigger.py
[2025-03-04T17:43:19.975+0000] {logging_mixin.py:190} INFO - [2025-03-04T17:43:19.975+0000] {dag.py:3239} INFO - Sync 1 DAGs
[2025-03-04T17:43:20.001+0000] {logging_mixin.py:190} INFO - [2025-03-04T17:43:20.000+0000] {dag.py:4180} INFO - Setting next_dagrun for latest_only_with_trigger to 2025-03-04 12:00:00+00:00, run_after=2025-03-04 16:00:00+00:00
[2025-03-04T17:43:20.018+0000] {processor.py:208} INFO - Processing /home/airflow/.local/lib/python3.12/site-packages/airflow/example_dags/example_latest_only_with_trigger.py took 0.082 seconds
[2025-03-04T17:43:51.932+0000] {processor.py:186} INFO - Started process (PID=710) to work on /home/airflow/.local/lib/python3.12/site-packages/airflow/example_dags/example_latest_only_with_trigger.py
[2025-03-04T17:43:51.933+0000] {processor.py:914} INFO - Processing file /home/airflow/.local/lib/python3.12/site-packages/airflow/example_dags/example_latest_only_with_trigger.py for tasks to queue
[2025-03-04T17:43:51.935+0000] {logging_mixin.py:190} INFO - [2025-03-04T17:43:51.935+0000] {dagbag.py:588} INFO - Filling up the DagBag from /home/airflow/.local/lib/python3.12/site-packages/airflow/example_dags/example_latest_only_with_trigger.py
[2025-03-04T17:43:51.944+0000] {processor.py:925} INFO - DAG(s) 'latest_only_with_trigger' retrieved from /home/airflow/.local/lib/python3.12/site-packages/airflow/example_dags/example_latest_only_with_trigger.py
[2025-03-04T17:43:51.966+0000] {logging_mixin.py:190} INFO - [2025-03-04T17:43:51.966+0000] {dag.py:3239} INFO - Sync 1 DAGs
[2025-03-04T17:43:51.995+0000] {logging_mixin.py:190} INFO - [2025-03-04T17:43:51.995+0000] {dag.py:4180} INFO - Setting next_dagrun for latest_only_with_trigger to 2025-03-04 12:00:00+00:00, run_after=2025-03-04 16:00:00+00:00
[2025-03-04T17:43:52.018+0000] {processor.py:208} INFO - Processing /home/airflow/.local/lib/python3.12/site-packages/airflow/example_dags/example_latest_only_with_trigger.py took 0.092 seconds
[2025-03-04T17:44:23.342+0000] {processor.py:186} INFO - Started process (PID=1016) to work on /home/airflow/.local/lib/python3.12/site-packages/airflow/example_dags/example_latest_only_with_trigger.py
[2025-03-04T17:44:23.344+0000] {processor.py:914} INFO - Processing file /home/airflow/.local/lib/python3.12/site-packages/airflow/example_dags/example_latest_only_with_trigger.py for tasks to queue
[2025-03-04T17:44:23.346+0000] {logging_mixin.py:190} INFO - [2025-03-04T17:44:23.346+0000] {dagbag.py:588} INFO - Filling up the DagBag from /home/airflow/.local/lib/python3.12/site-packages/airflow/example_dags/example_latest_only_with_trigger.py
[2025-03-04T17:44:23.355+0000] {processor.py:925} INFO - DAG(s) 'latest_only_with_trigger' retrieved from /home/airflow/.local/lib/python3.12/site-packages/airflow/example_dags/example_latest_only_with_trigger.py
[2025-03-04T17:44:23.380+0000] {logging_mixin.py:190} INFO - [2025-03-04T17:44:23.380+0000] {dag.py:3239} INFO - Sync 1 DAGs
[2025-03-04T17:44:23.410+0000] {logging_mixin.py:190} INFO - [2025-03-04T17:44:23.409+0000] {dag.py:4180} INFO - Setting next_dagrun for latest_only_with_trigger to 2025-03-04 12:00:00+00:00, run_after=2025-03-04 16:00:00+00:00
[2025-03-04T17:44:23.435+0000] {processor.py:208} INFO - Processing /home/airflow/.local/lib/python3.12/site-packages/airflow/example_dags/example_latest_only_with_trigger.py took 0.108 seconds
[2025-03-04T17:44:53.803+0000] {processor.py:186} INFO - Started process (PID=1317) to work on /home/airflow/.local/lib/python3.12/site-packages/airflow/example_dags/example_latest_only_with_trigger.py
[2025-03-04T17:44:53.804+0000] {processor.py:914} INFO - Processing file /home/airflow/.local/lib/python3.12/site-packages/airflow/example_dags/example_latest_only_with_trigger.py for tasks to queue
[2025-03-04T17:44:53.806+0000] {logging_mixin.py:190} INFO - [2025-03-04T17:44:53.806+0000] {dagbag.py:588} INFO - Filling up the DagBag from /home/airflow/.local/lib/python3.12/site-packages/airflow/example_dags/example_latest_only_with_trigger.py
[2025-03-04T17:44:53.815+0000] {processor.py:925} INFO - DAG(s) 'latest_only_with_trigger' retrieved from /home/airflow/.local/lib/python3.12/site-packages/airflow/example_dags/example_latest_only_with_trigger.py
[2025-03-04T17:44:53.834+0000] {logging_mixin.py:190} INFO - [2025-03-04T17:44:53.834+0000] {dag.py:3239} INFO - Sync 1 DAGs
[2025-03-04T17:44:53.862+0000] {logging_mixin.py:190} INFO - [2025-03-04T17:44:53.862+0000] {dag.py:4180} INFO - Setting next_dagrun for latest_only_with_trigger to 2025-03-04 12:00:00+00:00, run_after=2025-03-04 16:00:00+00:00
[2025-03-04T17:44:53.883+0000] {processor.py:208} INFO - Processing /home/airflow/.local/lib/python3.12/site-packages/airflow/example_dags/example_latest_only_with_trigger.py took 0.088 seconds
[2025-03-04T17:45:25.141+0000] {processor.py:186} INFO - Started process (PID=1623) to work on /home/airflow/.local/lib/python3.12/site-packages/airflow/example_dags/example_latest_only_with_trigger.py
[2025-03-04T17:45:25.142+0000] {processor.py:914} INFO - Processing file /home/airflow/.local/lib/python3.12/site-packages/airflow/example_dags/example_latest_only_with_trigger.py for tasks to queue
[2025-03-04T17:45:25.145+0000] {logging_mixin.py:190} INFO - [2025-03-04T17:45:25.144+0000] {dagbag.py:588} INFO - Filling up the DagBag from /home/airflow/.local/lib/python3.12/site-packages/airflow/example_dags/example_latest_only_with_trigger.py
[2025-03-04T17:45:25.152+0000] {processor.py:925} INFO - DAG(s) 'latest_only_with_trigger' retrieved from /home/airflow/.local/lib/python3.12/site-packages/airflow/example_dags/example_latest_only_with_trigger.py
[2025-03-04T17:45:25.190+0000] {logging_mixin.py:190} INFO - [2025-03-04T17:45:25.190+0000] {dag.py:3239} INFO - Sync 1 DAGs
[2025-03-04T17:45:25.217+0000] {logging_mixin.py:190} INFO - [2025-03-04T17:45:25.217+0000] {dag.py:4180} INFO - Setting next_dagrun for latest_only_with_trigger to 2025-03-04 12:00:00+00:00, run_after=2025-03-04 16:00:00+00:00
[2025-03-04T17:45:25.243+0000] {processor.py:208} INFO - Processing /home/airflow/.local/lib/python3.12/site-packages/airflow/example_dags/example_latest_only_with_trigger.py took 0.109 seconds
[2025-03-04T17:45:56.299+0000] {processor.py:186} INFO - Started process (PID=1929) to work on /home/airflow/.local/lib/python3.12/site-packages/airflow/example_dags/example_latest_only_with_trigger.py
[2025-03-04T17:45:56.300+0000] {processor.py:914} INFO - Processing file /home/airflow/.local/lib/python3.12/site-packages/airflow/example_dags/example_latest_only_with_trigger.py for tasks to queue
[2025-03-04T17:45:56.303+0000] {logging_mixin.py:190} INFO - [2025-03-04T17:45:56.302+0000] {dagbag.py:588} INFO - Filling up the DagBag from /home/airflow/.local/lib/python3.12/site-packages/airflow/example_dags/example_latest_only_with_trigger.py
[2025-03-04T17:45:56.321+0000] {processor.py:925} INFO - DAG(s) 'latest_only_with_trigger' retrieved from /home/airflow/.local/lib/python3.12/site-packages/airflow/example_dags/example_latest_only_with_trigger.py
[2025-03-04T17:45:56.347+0000] {logging_mixin.py:190} INFO - [2025-03-04T17:45:56.347+0000] {dag.py:3239} INFO - Sync 1 DAGs
[2025-03-04T17:45:56.376+0000] {logging_mixin.py:190} INFO - [2025-03-04T17:45:56.375+0000] {dag.py:4180} INFO - Setting next_dagrun for latest_only_with_trigger to 2025-03-04 12:00:00+00:00, run_after=2025-03-04 16:00:00+00:00
[2025-03-04T17:45:56.419+0000] {processor.py:208} INFO - Processing /home/airflow/.local/lib/python3.12/site-packages/airflow/example_dags/example_latest_only_with_trigger.py took 0.127 seconds
[2025-03-04T17:46:27.388+0000] {processor.py:186} INFO - Started process (PID=2235) to work on /home/airflow/.local/lib/python3.12/site-packages/airflow/example_dags/example_latest_only_with_trigger.py
[2025-03-04T17:46:27.389+0000] {processor.py:914} INFO - Processing file /home/airflow/.local/lib/python3.12/site-packages/airflow/example_dags/example_latest_only_with_trigger.py for tasks to queue
[2025-03-04T17:46:27.392+0000] {logging_mixin.py:190} INFO - [2025-03-04T17:46:27.391+0000] {dagbag.py:588} INFO - Filling up the DagBag from /home/airflow/.local/lib/python3.12/site-packages/airflow/example_dags/example_latest_only_with_trigger.py
[2025-03-04T17:46:27.400+0000] {processor.py:925} INFO - DAG(s) 'latest_only_with_trigger' retrieved from /home/airflow/.local/lib/python3.12/site-packages/airflow/example_dags/example_latest_only_with_trigger.py
[2025-03-04T17:46:27.431+0000] {logging_mixin.py:190} INFO - [2025-03-04T17:46:27.431+0000] {dag.py:3239} INFO - Sync 1 DAGs
[2025-03-04T17:46:27.458+0000] {logging_mixin.py:190} INFO - [2025-03-04T17:46:27.458+0000] {dag.py:4180} INFO - Setting next_dagrun for latest_only_with_trigger to 2025-03-04 12:00:00+00:00, run_after=2025-03-04 16:00:00+00:00
[2025-03-04T17:46:27.482+0000] {processor.py:208} INFO - Processing /home/airflow/.local/lib/python3.12/site-packages/airflow/example_dags/example_latest_only_with_trigger.py took 0.101 seconds
[2025-03-04T17:46:58.233+0000] {processor.py:186} INFO - Started process (PID=2541) to work on /home/airflow/.local/lib/python3.12/site-packages/airflow/example_dags/example_latest_only_with_trigger.py
[2025-03-04T17:46:58.234+0000] {processor.py:914} INFO - Processing file /home/airflow/.local/lib/python3.12/site-packages/airflow/example_dags/example_latest_only_with_trigger.py for tasks to queue
[2025-03-04T17:46:58.236+0000] {logging_mixin.py:190} INFO - [2025-03-04T17:46:58.236+0000] {dagbag.py:588} INFO - Filling up the DagBag from /home/airflow/.local/lib/python3.12/site-packages/airflow/example_dags/example_latest_only_with_trigger.py
[2025-03-04T17:46:58.244+0000] {processor.py:925} INFO - DAG(s) 'latest_only_with_trigger' retrieved from /home/airflow/.local/lib/python3.12/site-packages/airflow/example_dags/example_latest_only_with_trigger.py
[2025-03-04T17:46:58.270+0000] {logging_mixin.py:190} INFO - [2025-03-04T17:46:58.269+0000] {dag.py:3239} INFO - Sync 1 DAGs
[2025-03-04T17:46:58.294+0000] {logging_mixin.py:190} INFO - [2025-03-04T17:46:58.294+0000] {dag.py:4180} INFO - Setting next_dagrun for latest_only_with_trigger to 2025-03-04 12:00:00+00:00, run_after=2025-03-04 16:00:00+00:00
[2025-03-04T17:46:58.317+0000] {processor.py:208} INFO - Processing /home/airflow/.local/lib/python3.12/site-packages/airflow/example_dags/example_latest_only_with_trigger.py took 0.090 seconds
[2025-03-04T17:47:29.627+0000] {processor.py:186} INFO - Started process (PID=2847) to work on /home/airflow/.local/lib/python3.12/site-packages/airflow/example_dags/example_latest_only_with_trigger.py
[2025-03-04T17:47:29.629+0000] {processor.py:914} INFO - Processing file /home/airflow/.local/lib/python3.12/site-packages/airflow/example_dags/example_latest_only_with_trigger.py for tasks to queue
[2025-03-04T17:47:29.633+0000] {logging_mixin.py:190} INFO - [2025-03-04T17:47:29.632+0000] {dagbag.py:588} INFO - Filling up the DagBag from /home/airflow/.local/lib/python3.12/site-packages/airflow/example_dags/example_latest_only_with_trigger.py
[2025-03-04T17:47:29.640+0000] {processor.py:925} INFO - DAG(s) 'latest_only_with_trigger' retrieved from /home/airflow/.local/lib/python3.12/site-packages/airflow/example_dags/example_latest_only_with_trigger.py
[2025-03-04T17:47:29.665+0000] {logging_mixin.py:190} INFO - [2025-03-04T17:47:29.665+0000] {dag.py:3239} INFO - Sync 1 DAGs
[2025-03-04T17:47:29.695+0000] {logging_mixin.py:190} INFO - [2025-03-04T17:47:29.694+0000] {dag.py:4180} INFO - Setting next_dagrun for latest_only_with_trigger to 2025-03-04 12:00:00+00:00, run_after=2025-03-04 16:00:00+00:00
[2025-03-04T17:47:29.727+0000] {processor.py:208} INFO - Processing /home/airflow/.local/lib/python3.12/site-packages/airflow/example_dags/example_latest_only_with_trigger.py took 0.111 seconds
[2025-03-04T17:48:00.016+0000] {processor.py:186} INFO - Started process (PID=3153) to work on /home/airflow/.local/lib/python3.12/site-packages/airflow/example_dags/example_latest_only_with_trigger.py
[2025-03-04T17:48:00.017+0000] {processor.py:914} INFO - Processing file /home/airflow/.local/lib/python3.12/site-packages/airflow/example_dags/example_latest_only_with_trigger.py for tasks to queue
[2025-03-04T17:48:00.019+0000] {logging_mixin.py:190} INFO - [2025-03-04T17:48:00.019+0000] {dagbag.py:588} INFO - Filling up the DagBag from /home/airflow/.local/lib/python3.12/site-packages/airflow/example_dags/example_latest_only_with_trigger.py
[2025-03-04T17:48:00.027+0000] {processor.py:925} INFO - DAG(s) 'latest_only_with_trigger' retrieved from /home/airflow/.local/lib/python3.12/site-packages/airflow/example_dags/example_latest_only_with_trigger.py
[2025-03-04T17:48:00.048+0000] {logging_mixin.py:190} INFO - [2025-03-04T17:48:00.048+0000] {dag.py:3239} INFO - Sync 1 DAGs
[2025-03-04T17:48:00.074+0000] {logging_mixin.py:190} INFO - [2025-03-04T17:48:00.074+0000] {dag.py:4180} INFO - Setting next_dagrun for latest_only_with_trigger to 2025-03-04 12:00:00+00:00, run_after=2025-03-04 16:00:00+00:00
[2025-03-04T17:48:00.096+0000] {processor.py:208} INFO - Processing /home/airflow/.local/lib/python3.12/site-packages/airflow/example_dags/example_latest_only_with_trigger.py took 0.088 seconds
[2025-03-04T17:48:31.489+0000] {processor.py:186} INFO - Started process (PID=3460) to work on /home/airflow/.local/lib/python3.12/site-packages/airflow/example_dags/example_latest_only_with_trigger.py
[2025-03-04T17:48:31.491+0000] {processor.py:914} INFO - Processing file /home/airflow/.local/lib/python3.12/site-packages/airflow/example_dags/example_latest_only_with_trigger.py for tasks to queue
[2025-03-04T17:48:31.493+0000] {logging_mixin.py:190} INFO - [2025-03-04T17:48:31.493+0000] {dagbag.py:588} INFO - Filling up the DagBag from /home/airflow/.local/lib/python3.12/site-packages/airflow/example_dags/example_latest_only_with_trigger.py
[2025-03-04T17:48:31.501+0000] {processor.py:925} INFO - DAG(s) 'latest_only_with_trigger' retrieved from /home/airflow/.local/lib/python3.12/site-packages/airflow/example_dags/example_latest_only_with_trigger.py
[2025-03-04T17:48:31.530+0000] {logging_mixin.py:190} INFO - [2025-03-04T17:48:31.529+0000] {dag.py:3239} INFO - Sync 1 DAGs
[2025-03-04T17:48:31.563+0000] {logging_mixin.py:190} INFO - [2025-03-04T17:48:31.563+0000] {dag.py:4180} INFO - Setting next_dagrun for latest_only_with_trigger to 2025-03-04 12:00:00+00:00, run_after=2025-03-04 16:00:00+00:00
[2025-03-04T17:48:31.587+0000] {processor.py:208} INFO - Processing /home/airflow/.local/lib/python3.12/site-packages/airflow/example_dags/example_latest_only_with_trigger.py took 0.104 seconds
[2025-03-04T17:49:02.949+0000] {processor.py:186} INFO - Started process (PID=3769) to work on /home/airflow/.local/lib/python3.12/site-packages/airflow/example_dags/example_latest_only_with_trigger.py
[2025-03-04T17:49:02.950+0000] {processor.py:914} INFO - Processing file /home/airflow/.local/lib/python3.12/site-packages/airflow/example_dags/example_latest_only_with_trigger.py for tasks to queue
[2025-03-04T17:49:02.954+0000] {logging_mixin.py:190} INFO - [2025-03-04T17:49:02.953+0000] {dagbag.py:588} INFO - Filling up the DagBag from /home/airflow/.local/lib/python3.12/site-packages/airflow/example_dags/example_latest_only_with_trigger.py
[2025-03-04T17:49:02.963+0000] {processor.py:925} INFO - DAG(s) 'latest_only_with_trigger' retrieved from /home/airflow/.local/lib/python3.12/site-packages/airflow/example_dags/example_latest_only_with_trigger.py
[2025-03-04T17:49:02.985+0000] {logging_mixin.py:190} INFO - [2025-03-04T17:49:02.984+0000] {dag.py:3239} INFO - Sync 1 DAGs
[2025-03-04T17:49:03.012+0000] {logging_mixin.py:190} INFO - [2025-03-04T17:49:03.012+0000] {dag.py:4180} INFO - Setting next_dagrun for latest_only_with_trigger to 2025-03-04 12:00:00+00:00, run_after=2025-03-04 16:00:00+00:00
[2025-03-04T17:49:03.048+0000] {processor.py:208} INFO - Processing /home/airflow/.local/lib/python3.12/site-packages/airflow/example_dags/example_latest_only_with_trigger.py took 0.107 seconds
[2025-03-04T17:49:34.623+0000] {processor.py:186} INFO - Started process (PID=4075) to work on /home/airflow/.local/lib/python3.12/site-packages/airflow/example_dags/example_latest_only_with_trigger.py
[2025-03-04T17:49:34.623+0000] {processor.py:914} INFO - Processing file /home/airflow/.local/lib/python3.12/site-packages/airflow/example_dags/example_latest_only_with_trigger.py for tasks to queue
[2025-03-04T17:49:34.626+0000] {logging_mixin.py:190} INFO - [2025-03-04T17:49:34.625+0000] {dagbag.py:588} INFO - Filling up the DagBag from /home/airflow/.local/lib/python3.12/site-packages/airflow/example_dags/example_latest_only_with_trigger.py
[2025-03-04T17:49:34.633+0000] {processor.py:925} INFO - DAG(s) 'latest_only_with_trigger' retrieved from /home/airflow/.local/lib/python3.12/site-packages/airflow/example_dags/example_latest_only_with_trigger.py
[2025-03-04T17:49:34.655+0000] {logging_mixin.py:190} INFO - [2025-03-04T17:49:34.655+0000] {dag.py:3239} INFO - Sync 1 DAGs
[2025-03-04T17:49:34.681+0000] {logging_mixin.py:190} INFO - [2025-03-04T17:49:34.681+0000] {dag.py:4180} INFO - Setting next_dagrun for latest_only_with_trigger to 2025-03-04 12:00:00+00:00, run_after=2025-03-04 16:00:00+00:00
[2025-03-04T17:49:34.710+0000] {processor.py:208} INFO - Processing /home/airflow/.local/lib/python3.12/site-packages/airflow/example_dags/example_latest_only_with_trigger.py took 0.094 seconds
[2025-03-04T17:52:41.949+0000] {processor.py:186} INFO - Started process (PID=404) to work on /home/airflow/.local/lib/python3.12/site-packages/airflow/example_dags/example_latest_only_with_trigger.py
[2025-03-04T17:52:41.950+0000] {processor.py:914} INFO - Processing file /home/airflow/.local/lib/python3.12/site-packages/airflow/example_dags/example_latest_only_with_trigger.py for tasks to queue
[2025-03-04T17:52:41.952+0000] {logging_mixin.py:190} INFO - [2025-03-04T17:52:41.952+0000] {dagbag.py:588} INFO - Filling up the DagBag from /home/airflow/.local/lib/python3.12/site-packages/airflow/example_dags/example_latest_only_with_trigger.py
[2025-03-04T17:52:41.960+0000] {processor.py:925} INFO - DAG(s) 'latest_only_with_trigger' retrieved from /home/airflow/.local/lib/python3.12/site-packages/airflow/example_dags/example_latest_only_with_trigger.py
[2025-03-04T17:52:41.983+0000] {logging_mixin.py:190} INFO - [2025-03-04T17:52:41.982+0000] {dag.py:3239} INFO - Sync 1 DAGs
[2025-03-04T17:52:42.009+0000] {logging_mixin.py:190} INFO - [2025-03-04T17:52:42.009+0000] {dag.py:4180} INFO - Setting next_dagrun for latest_only_with_trigger to 2025-03-04 12:00:00+00:00, run_after=2025-03-04 16:00:00+00:00
[2025-03-04T17:52:42.030+0000] {processor.py:208} INFO - Processing /home/airflow/.local/lib/python3.12/site-packages/airflow/example_dags/example_latest_only_with_trigger.py took 0.087 seconds
[2025-03-04T17:53:13.849+0000] {processor.py:186} INFO - Started process (PID=710) to work on /home/airflow/.local/lib/python3.12/site-packages/airflow/example_dags/example_latest_only_with_trigger.py
[2025-03-04T17:53:13.850+0000] {processor.py:914} INFO - Processing file /home/airflow/.local/lib/python3.12/site-packages/airflow/example_dags/example_latest_only_with_trigger.py for tasks to queue
[2025-03-04T17:53:13.852+0000] {logging_mixin.py:190} INFO - [2025-03-04T17:53:13.852+0000] {dagbag.py:588} INFO - Filling up the DagBag from /home/airflow/.local/lib/python3.12/site-packages/airflow/example_dags/example_latest_only_with_trigger.py
[2025-03-04T17:53:13.859+0000] {processor.py:925} INFO - DAG(s) 'latest_only_with_trigger' retrieved from /home/airflow/.local/lib/python3.12/site-packages/airflow/example_dags/example_latest_only_with_trigger.py
[2025-03-04T17:53:13.881+0000] {logging_mixin.py:190} INFO - [2025-03-04T17:53:13.881+0000] {dag.py:3239} INFO - Sync 1 DAGs
[2025-03-04T17:53:13.906+0000] {logging_mixin.py:190} INFO - [2025-03-04T17:53:13.906+0000] {dag.py:4180} INFO - Setting next_dagrun for latest_only_with_trigger to 2025-03-04 12:00:00+00:00, run_after=2025-03-04 16:00:00+00:00
[2025-03-04T17:53:13.928+0000] {processor.py:208} INFO - Processing /home/airflow/.local/lib/python3.12/site-packages/airflow/example_dags/example_latest_only_with_trigger.py took 0.086 seconds
[2025-03-04T17:53:44.236+0000] {processor.py:186} INFO - Started process (PID=1010) to work on /home/airflow/.local/lib/python3.12/site-packages/airflow/example_dags/example_latest_only_with_trigger.py
[2025-03-04T17:53:44.237+0000] {processor.py:914} INFO - Processing file /home/airflow/.local/lib/python3.12/site-packages/airflow/example_dags/example_latest_only_with_trigger.py for tasks to queue
[2025-03-04T17:53:44.239+0000] {logging_mixin.py:190} INFO - [2025-03-04T17:53:44.239+0000] {dagbag.py:588} INFO - Filling up the DagBag from /home/airflow/.local/lib/python3.12/site-packages/airflow/example_dags/example_latest_only_with_trigger.py
[2025-03-04T17:53:44.250+0000] {processor.py:925} INFO - DAG(s) 'latest_only_with_trigger' retrieved from /home/airflow/.local/lib/python3.12/site-packages/airflow/example_dags/example_latest_only_with_trigger.py
[2025-03-04T17:53:44.280+0000] {logging_mixin.py:190} INFO - [2025-03-04T17:53:44.279+0000] {dag.py:3239} INFO - Sync 1 DAGs
[2025-03-04T17:53:44.315+0000] {logging_mixin.py:190} INFO - [2025-03-04T17:53:44.314+0000] {dag.py:4180} INFO - Setting next_dagrun for latest_only_with_trigger to 2025-03-04 12:00:00+00:00, run_after=2025-03-04 16:00:00+00:00
[2025-03-04T17:53:44.339+0000] {processor.py:208} INFO - Processing /home/airflow/.local/lib/python3.12/site-packages/airflow/example_dags/example_latest_only_with_trigger.py took 0.111 seconds
[2025-03-04T17:54:15.182+0000] {processor.py:186} INFO - Started process (PID=1317) to work on /home/airflow/.local/lib/python3.12/site-packages/airflow/example_dags/example_latest_only_with_trigger.py
[2025-03-04T17:54:15.183+0000] {processor.py:914} INFO - Processing file /home/airflow/.local/lib/python3.12/site-packages/airflow/example_dags/example_latest_only_with_trigger.py for tasks to queue
[2025-03-04T17:54:15.185+0000] {logging_mixin.py:190} INFO - [2025-03-04T17:54:15.185+0000] {dagbag.py:588} INFO - Filling up the DagBag from /home/airflow/.local/lib/python3.12/site-packages/airflow/example_dags/example_latest_only_with_trigger.py
[2025-03-04T17:54:15.196+0000] {processor.py:925} INFO - DAG(s) 'latest_only_with_trigger' retrieved from /home/airflow/.local/lib/python3.12/site-packages/airflow/example_dags/example_latest_only_with_trigger.py
[2025-03-04T17:54:15.220+0000] {logging_mixin.py:190} INFO - [2025-03-04T17:54:15.219+0000] {dag.py:3239} INFO - Sync 1 DAGs
[2025-03-04T17:54:15.250+0000] {logging_mixin.py:190} INFO - [2025-03-04T17:54:15.250+0000] {dag.py:4180} INFO - Setting next_dagrun for latest_only_with_trigger to 2025-03-04 12:00:00+00:00, run_after=2025-03-04 16:00:00+00:00
[2025-03-04T17:54:15.276+0000] {processor.py:208} INFO - Processing /home/airflow/.local/lib/python3.12/site-packages/airflow/example_dags/example_latest_only_with_trigger.py took 0.101 seconds
[2025-03-04T17:54:46.845+0000] {processor.py:186} INFO - Started process (PID=1633) to work on /home/airflow/.local/lib/python3.12/site-packages/airflow/example_dags/example_latest_only_with_trigger.py
[2025-03-04T17:54:46.846+0000] {processor.py:914} INFO - Processing file /home/airflow/.local/lib/python3.12/site-packages/airflow/example_dags/example_latest_only_with_trigger.py for tasks to queue
[2025-03-04T17:54:46.847+0000] {logging_mixin.py:190} INFO - [2025-03-04T17:54:46.847+0000] {dagbag.py:588} INFO - Filling up the DagBag from /home/airflow/.local/lib/python3.12/site-packages/airflow/example_dags/example_latest_only_with_trigger.py
[2025-03-04T17:54:46.856+0000] {processor.py:925} INFO - DAG(s) 'latest_only_with_trigger' retrieved from /home/airflow/.local/lib/python3.12/site-packages/airflow/example_dags/example_latest_only_with_trigger.py
[2025-03-04T17:54:46.878+0000] {logging_mixin.py:190} INFO - [2025-03-04T17:54:46.878+0000] {dag.py:3239} INFO - Sync 1 DAGs
[2025-03-04T17:54:46.905+0000] {logging_mixin.py:190} INFO - [2025-03-04T17:54:46.905+0000] {dag.py:4180} INFO - Setting next_dagrun for latest_only_with_trigger to 2025-03-04 12:00:00+00:00, run_after=2025-03-04 16:00:00+00:00
[2025-03-04T17:54:46.928+0000] {processor.py:208} INFO - Processing /home/airflow/.local/lib/python3.12/site-packages/airflow/example_dags/example_latest_only_with_trigger.py took 0.090 seconds
[2025-03-04T17:56:40.675+0000] {processor.py:186} INFO - Started process (PID=404) to work on /home/airflow/.local/lib/python3.12/site-packages/airflow/example_dags/example_latest_only_with_trigger.py
[2025-03-04T17:56:40.676+0000] {processor.py:914} INFO - Processing file /home/airflow/.local/lib/python3.12/site-packages/airflow/example_dags/example_latest_only_with_trigger.py for tasks to queue
[2025-03-04T17:56:40.678+0000] {logging_mixin.py:190} INFO - [2025-03-04T17:56:40.678+0000] {dagbag.py:588} INFO - Filling up the DagBag from /home/airflow/.local/lib/python3.12/site-packages/airflow/example_dags/example_latest_only_with_trigger.py
[2025-03-04T17:56:40.685+0000] {processor.py:925} INFO - DAG(s) 'latest_only_with_trigger' retrieved from /home/airflow/.local/lib/python3.12/site-packages/airflow/example_dags/example_latest_only_with_trigger.py
[2025-03-04T17:56:40.708+0000] {logging_mixin.py:190} INFO - [2025-03-04T17:56:40.708+0000] {dag.py:3239} INFO - Sync 1 DAGs
[2025-03-04T17:56:40.734+0000] {logging_mixin.py:190} INFO - [2025-03-04T17:56:40.734+0000] {dag.py:4180} INFO - Setting next_dagrun for latest_only_with_trigger to 2025-03-04 12:00:00+00:00, run_after=2025-03-04 16:00:00+00:00
[2025-03-04T17:56:40.754+0000] {processor.py:208} INFO - Processing /home/airflow/.local/lib/python3.12/site-packages/airflow/example_dags/example_latest_only_with_trigger.py took 0.086 seconds
[2025-03-04T17:57:11.238+0000] {processor.py:186} INFO - Started process (PID=721) to work on /home/airflow/.local/lib/python3.12/site-packages/airflow/example_dags/example_latest_only_with_trigger.py
[2025-03-04T17:57:11.239+0000] {processor.py:914} INFO - Processing file /home/airflow/.local/lib/python3.12/site-packages/airflow/example_dags/example_latest_only_with_trigger.py for tasks to queue
[2025-03-04T17:57:11.241+0000] {logging_mixin.py:190} INFO - [2025-03-04T17:57:11.241+0000] {dagbag.py:588} INFO - Filling up the DagBag from /home/airflow/.local/lib/python3.12/site-packages/airflow/example_dags/example_latest_only_with_trigger.py
[2025-03-04T17:57:11.251+0000] {processor.py:925} INFO - DAG(s) 'latest_only_with_trigger' retrieved from /home/airflow/.local/lib/python3.12/site-packages/airflow/example_dags/example_latest_only_with_trigger.py
[2025-03-04T17:57:11.274+0000] {logging_mixin.py:190} INFO - [2025-03-04T17:57:11.273+0000] {dag.py:3239} INFO - Sync 1 DAGs
[2025-03-04T17:57:11.300+0000] {logging_mixin.py:190} INFO - [2025-03-04T17:57:11.300+0000] {dag.py:4180} INFO - Setting next_dagrun for latest_only_with_trigger to 2025-03-04 12:00:00+00:00, run_after=2025-03-04 16:00:00+00:00
[2025-03-04T17:57:11.320+0000] {processor.py:208} INFO - Processing /home/airflow/.local/lib/python3.12/site-packages/airflow/example_dags/example_latest_only_with_trigger.py took 0.090 seconds
[2025-03-04T17:57:42.718+0000] {processor.py:186} INFO - Started process (PID=1031) to work on /home/airflow/.local/lib/python3.12/site-packages/airflow/example_dags/example_latest_only_with_trigger.py
[2025-03-04T17:57:42.720+0000] {processor.py:914} INFO - Processing file /home/airflow/.local/lib/python3.12/site-packages/airflow/example_dags/example_latest_only_with_trigger.py for tasks to queue
[2025-03-04T17:57:42.722+0000] {logging_mixin.py:190} INFO - [2025-03-04T17:57:42.722+0000] {dagbag.py:588} INFO - Filling up the DagBag from /home/airflow/.local/lib/python3.12/site-packages/airflow/example_dags/example_latest_only_with_trigger.py
[2025-03-04T17:57:42.731+0000] {processor.py:925} INFO - DAG(s) 'latest_only_with_trigger' retrieved from /home/airflow/.local/lib/python3.12/site-packages/airflow/example_dags/example_latest_only_with_trigger.py
[2025-03-04T17:57:42.757+0000] {logging_mixin.py:190} INFO - [2025-03-04T17:57:42.757+0000] {dag.py:3239} INFO - Sync 1 DAGs
[2025-03-04T17:57:42.788+0000] {logging_mixin.py:190} INFO - [2025-03-04T17:57:42.788+0000] {dag.py:4180} INFO - Setting next_dagrun for latest_only_with_trigger to 2025-03-04 12:00:00+00:00, run_after=2025-03-04 16:00:00+00:00
[2025-03-04T17:57:42.811+0000] {processor.py:208} INFO - Processing /home/airflow/.local/lib/python3.12/site-packages/airflow/example_dags/example_latest_only_with_trigger.py took 0.106 seconds
[2025-03-04T17:58:13.785+0000] {processor.py:186} INFO - Started process (PID=1337) to work on /home/airflow/.local/lib/python3.12/site-packages/airflow/example_dags/example_latest_only_with_trigger.py
[2025-03-04T17:58:13.786+0000] {processor.py:914} INFO - Processing file /home/airflow/.local/lib/python3.12/site-packages/airflow/example_dags/example_latest_only_with_trigger.py for tasks to queue
[2025-03-04T17:58:13.788+0000] {logging_mixin.py:190} INFO - [2025-03-04T17:58:13.788+0000] {dagbag.py:588} INFO - Filling up the DagBag from /home/airflow/.local/lib/python3.12/site-packages/airflow/example_dags/example_latest_only_with_trigger.py
[2025-03-04T17:58:13.796+0000] {processor.py:925} INFO - DAG(s) 'latest_only_with_trigger' retrieved from /home/airflow/.local/lib/python3.12/site-packages/airflow/example_dags/example_latest_only_with_trigger.py
[2025-03-04T17:58:13.820+0000] {logging_mixin.py:190} INFO - [2025-03-04T17:58:13.820+0000] {dag.py:3239} INFO - Sync 1 DAGs
[2025-03-04T17:58:13.847+0000] {logging_mixin.py:190} INFO - [2025-03-04T17:58:13.847+0000] {dag.py:4180} INFO - Setting next_dagrun for latest_only_with_trigger to 2025-03-04 12:00:00+00:00, run_after=2025-03-04 16:00:00+00:00
[2025-03-04T17:58:13.871+0000] {processor.py:208} INFO - Processing /home/airflow/.local/lib/python3.12/site-packages/airflow/example_dags/example_latest_only_with_trigger.py took 0.093 seconds
[2025-03-04T17:58:44.271+0000] {processor.py:186} INFO - Started process (PID=1643) to work on /home/airflow/.local/lib/python3.12/site-packages/airflow/example_dags/example_latest_only_with_trigger.py
[2025-03-04T17:58:44.272+0000] {processor.py:914} INFO - Processing file /home/airflow/.local/lib/python3.12/site-packages/airflow/example_dags/example_latest_only_with_trigger.py for tasks to queue
[2025-03-04T17:58:44.275+0000] {logging_mixin.py:190} INFO - [2025-03-04T17:58:44.274+0000] {dagbag.py:588} INFO - Filling up the DagBag from /home/airflow/.local/lib/python3.12/site-packages/airflow/example_dags/example_latest_only_with_trigger.py
[2025-03-04T17:58:44.283+0000] {processor.py:925} INFO - DAG(s) 'latest_only_with_trigger' retrieved from /home/airflow/.local/lib/python3.12/site-packages/airflow/example_dags/example_latest_only_with_trigger.py
[2025-03-04T17:58:44.305+0000] {logging_mixin.py:190} INFO - [2025-03-04T17:58:44.304+0000] {dag.py:3239} INFO - Sync 1 DAGs
[2025-03-04T17:58:44.331+0000] {logging_mixin.py:190} INFO - [2025-03-04T17:58:44.331+0000] {dag.py:4180} INFO - Setting next_dagrun for latest_only_with_trigger to 2025-03-04 12:00:00+00:00, run_after=2025-03-04 16:00:00+00:00
[2025-03-04T17:58:44.354+0000] {processor.py:208} INFO - Processing /home/airflow/.local/lib/python3.12/site-packages/airflow/example_dags/example_latest_only_with_trigger.py took 0.088 seconds
[2025-03-04T17:59:40.075+0000] {processor.py:186} INFO - Started process (PID=403) to work on /home/airflow/.local/lib/python3.12/site-packages/airflow/example_dags/example_latest_only_with_trigger.py
[2025-03-04T17:59:40.076+0000] {processor.py:914} INFO - Processing file /home/airflow/.local/lib/python3.12/site-packages/airflow/example_dags/example_latest_only_with_trigger.py for tasks to queue
[2025-03-04T17:59:40.078+0000] {logging_mixin.py:190} INFO - [2025-03-04T17:59:40.078+0000] {dagbag.py:588} INFO - Filling up the DagBag from /home/airflow/.local/lib/python3.12/site-packages/airflow/example_dags/example_latest_only_with_trigger.py
[2025-03-04T17:59:40.086+0000] {processor.py:925} INFO - DAG(s) 'latest_only_with_trigger' retrieved from /home/airflow/.local/lib/python3.12/site-packages/airflow/example_dags/example_latest_only_with_trigger.py
[2025-03-04T17:59:40.110+0000] {logging_mixin.py:190} INFO - [2025-03-04T17:59:40.109+0000] {dag.py:3239} INFO - Sync 1 DAGs
[2025-03-04T17:59:40.143+0000] {logging_mixin.py:190} INFO - [2025-03-04T17:59:40.143+0000] {dag.py:4180} INFO - Setting next_dagrun for latest_only_with_trigger to 2025-03-04 12:00:00+00:00, run_after=2025-03-04 16:00:00+00:00
[2025-03-04T17:59:40.161+0000] {processor.py:208} INFO - Processing /home/airflow/.local/lib/python3.12/site-packages/airflow/example_dags/example_latest_only_with_trigger.py took 0.092 seconds
[2025-03-04T18:00:12.011+0000] {processor.py:186} INFO - Started process (PID=709) to work on /home/airflow/.local/lib/python3.12/site-packages/airflow/example_dags/example_latest_only_with_trigger.py
[2025-03-04T18:00:12.013+0000] {processor.py:914} INFO - Processing file /home/airflow/.local/lib/python3.12/site-packages/airflow/example_dags/example_latest_only_with_trigger.py for tasks to queue
[2025-03-04T18:00:12.016+0000] {logging_mixin.py:190} INFO - [2025-03-04T18:00:12.016+0000] {dagbag.py:588} INFO - Filling up the DagBag from /home/airflow/.local/lib/python3.12/site-packages/airflow/example_dags/example_latest_only_with_trigger.py
[2025-03-04T18:00:12.025+0000] {processor.py:925} INFO - DAG(s) 'latest_only_with_trigger' retrieved from /home/airflow/.local/lib/python3.12/site-packages/airflow/example_dags/example_latest_only_with_trigger.py
[2025-03-04T18:00:12.050+0000] {logging_mixin.py:190} INFO - [2025-03-04T18:00:12.050+0000] {dag.py:3239} INFO - Sync 1 DAGs
[2025-03-04T18:00:12.085+0000] {logging_mixin.py:190} INFO - [2025-03-04T18:00:12.085+0000] {dag.py:4180} INFO - Setting next_dagrun for latest_only_with_trigger to 2025-03-04 12:00:00+00:00, run_after=2025-03-04 16:00:00+00:00
[2025-03-04T18:00:12.116+0000] {processor.py:208} INFO - Processing /home/airflow/.local/lib/python3.12/site-packages/airflow/example_dags/example_latest_only_with_trigger.py took 0.121 seconds
[2025-03-04T18:00:42.965+0000] {processor.py:186} INFO - Started process (PID=1015) to work on /home/airflow/.local/lib/python3.12/site-packages/airflow/example_dags/example_latest_only_with_trigger.py
[2025-03-04T18:00:42.967+0000] {processor.py:914} INFO - Processing file /home/airflow/.local/lib/python3.12/site-packages/airflow/example_dags/example_latest_only_with_trigger.py for tasks to queue
[2025-03-04T18:00:42.969+0000] {logging_mixin.py:190} INFO - [2025-03-04T18:00:42.969+0000] {dagbag.py:588} INFO - Filling up the DagBag from /home/airflow/.local/lib/python3.12/site-packages/airflow/example_dags/example_latest_only_with_trigger.py
[2025-03-04T18:00:42.977+0000] {processor.py:925} INFO - DAG(s) 'latest_only_with_trigger' retrieved from /home/airflow/.local/lib/python3.12/site-packages/airflow/example_dags/example_latest_only_with_trigger.py
[2025-03-04T18:00:43.005+0000] {logging_mixin.py:190} INFO - [2025-03-04T18:00:43.004+0000] {dag.py:3239} INFO - Sync 1 DAGs
[2025-03-04T18:00:43.033+0000] {logging_mixin.py:190} INFO - [2025-03-04T18:00:43.032+0000] {dag.py:4180} INFO - Setting next_dagrun for latest_only_with_trigger to 2025-03-04 12:00:00+00:00, run_after=2025-03-04 16:00:00+00:00
[2025-03-04T18:00:43.059+0000] {processor.py:208} INFO - Processing /home/airflow/.local/lib/python3.12/site-packages/airflow/example_dags/example_latest_only_with_trigger.py took 0.110 seconds
[2025-03-04T18:01:13.345+0000] {processor.py:186} INFO - Started process (PID=1321) to work on /home/airflow/.local/lib/python3.12/site-packages/airflow/example_dags/example_latest_only_with_trigger.py
[2025-03-04T18:01:13.346+0000] {processor.py:914} INFO - Processing file /home/airflow/.local/lib/python3.12/site-packages/airflow/example_dags/example_latest_only_with_trigger.py for tasks to queue
[2025-03-04T18:01:13.348+0000] {logging_mixin.py:190} INFO - [2025-03-04T18:01:13.348+0000] {dagbag.py:588} INFO - Filling up the DagBag from /home/airflow/.local/lib/python3.12/site-packages/airflow/example_dags/example_latest_only_with_trigger.py
[2025-03-04T18:01:13.357+0000] {processor.py:925} INFO - DAG(s) 'latest_only_with_trigger' retrieved from /home/airflow/.local/lib/python3.12/site-packages/airflow/example_dags/example_latest_only_with_trigger.py
[2025-03-04T18:01:13.385+0000] {logging_mixin.py:190} INFO - [2025-03-04T18:01:13.384+0000] {dag.py:3239} INFO - Sync 1 DAGs
[2025-03-04T18:01:13.430+0000] {logging_mixin.py:190} INFO - [2025-03-04T18:01:13.429+0000] {dag.py:4180} INFO - Setting next_dagrun for latest_only_with_trigger to 2025-03-04 12:00:00+00:00, run_after=2025-03-04 16:00:00+00:00
[2025-03-04T18:01:13.459+0000] {processor.py:208} INFO - Processing /home/airflow/.local/lib/python3.12/site-packages/airflow/example_dags/example_latest_only_with_trigger.py took 0.121 seconds
[2025-03-04T18:01:44.046+0000] {processor.py:186} INFO - Started process (PID=1622) to work on /home/airflow/.local/lib/python3.12/site-packages/airflow/example_dags/example_latest_only_with_trigger.py
[2025-03-04T18:01:44.047+0000] {processor.py:914} INFO - Processing file /home/airflow/.local/lib/python3.12/site-packages/airflow/example_dags/example_latest_only_with_trigger.py for tasks to queue
[2025-03-04T18:01:44.049+0000] {logging_mixin.py:190} INFO - [2025-03-04T18:01:44.049+0000] {dagbag.py:588} INFO - Filling up the DagBag from /home/airflow/.local/lib/python3.12/site-packages/airflow/example_dags/example_latest_only_with_trigger.py
[2025-03-04T18:01:44.057+0000] {processor.py:925} INFO - DAG(s) 'latest_only_with_trigger' retrieved from /home/airflow/.local/lib/python3.12/site-packages/airflow/example_dags/example_latest_only_with_trigger.py
[2025-03-04T18:01:44.085+0000] {logging_mixin.py:190} INFO - [2025-03-04T18:01:44.085+0000] {dag.py:3239} INFO - Sync 1 DAGs
[2025-03-04T18:01:44.111+0000] {logging_mixin.py:190} INFO - [2025-03-04T18:01:44.111+0000] {dag.py:4180} INFO - Setting next_dagrun for latest_only_with_trigger to 2025-03-04 12:00:00+00:00, run_after=2025-03-04 16:00:00+00:00
[2025-03-04T18:01:44.138+0000] {processor.py:208} INFO - Processing /home/airflow/.local/lib/python3.12/site-packages/airflow/example_dags/example_latest_only_with_trigger.py took 0.099 seconds
[2025-03-04T18:02:15.414+0000] {processor.py:186} INFO - Started process (PID=1928) to work on /home/airflow/.local/lib/python3.12/site-packages/airflow/example_dags/example_latest_only_with_trigger.py
[2025-03-04T18:02:15.415+0000] {processor.py:914} INFO - Processing file /home/airflow/.local/lib/python3.12/site-packages/airflow/example_dags/example_latest_only_with_trigger.py for tasks to queue
[2025-03-04T18:02:15.417+0000] {logging_mixin.py:190} INFO - [2025-03-04T18:02:15.417+0000] {dagbag.py:588} INFO - Filling up the DagBag from /home/airflow/.local/lib/python3.12/site-packages/airflow/example_dags/example_latest_only_with_trigger.py
[2025-03-04T18:02:15.426+0000] {processor.py:925} INFO - DAG(s) 'latest_only_with_trigger' retrieved from /home/airflow/.local/lib/python3.12/site-packages/airflow/example_dags/example_latest_only_with_trigger.py
[2025-03-04T18:02:15.454+0000] {logging_mixin.py:190} INFO - [2025-03-04T18:02:15.454+0000] {dag.py:3239} INFO - Sync 1 DAGs
[2025-03-04T18:02:15.485+0000] {logging_mixin.py:190} INFO - [2025-03-04T18:02:15.485+0000] {dag.py:4180} INFO - Setting next_dagrun for latest_only_with_trigger to 2025-03-04 12:00:00+00:00, run_after=2025-03-04 16:00:00+00:00
[2025-03-04T18:02:15.508+0000] {processor.py:208} INFO - Processing /home/airflow/.local/lib/python3.12/site-packages/airflow/example_dags/example_latest_only_with_trigger.py took 0.101 seconds
[2025-03-04T18:02:46.178+0000] {processor.py:186} INFO - Started process (PID=2236) to work on /home/airflow/.local/lib/python3.12/site-packages/airflow/example_dags/example_latest_only_with_trigger.py
[2025-03-04T18:02:46.179+0000] {processor.py:914} INFO - Processing file /home/airflow/.local/lib/python3.12/site-packages/airflow/example_dags/example_latest_only_with_trigger.py for tasks to queue
[2025-03-04T18:02:46.184+0000] {logging_mixin.py:190} INFO - [2025-03-04T18:02:46.183+0000] {dagbag.py:588} INFO - Filling up the DagBag from /home/airflow/.local/lib/python3.12/site-packages/airflow/example_dags/example_latest_only_with_trigger.py
[2025-03-04T18:02:46.192+0000] {processor.py:925} INFO - DAG(s) 'latest_only_with_trigger' retrieved from /home/airflow/.local/lib/python3.12/site-packages/airflow/example_dags/example_latest_only_with_trigger.py
[2025-03-04T18:02:46.230+0000] {logging_mixin.py:190} INFO - [2025-03-04T18:02:46.230+0000] {dag.py:3239} INFO - Sync 1 DAGs
[2025-03-04T18:02:46.258+0000] {logging_mixin.py:190} INFO - [2025-03-04T18:02:46.257+0000] {dag.py:4180} INFO - Setting next_dagrun for latest_only_with_trigger to 2025-03-04 12:00:00+00:00, run_after=2025-03-04 16:00:00+00:00
[2025-03-04T18:02:46.282+0000] {processor.py:208} INFO - Processing /home/airflow/.local/lib/python3.12/site-packages/airflow/example_dags/example_latest_only_with_trigger.py took 0.110 seconds
[2025-03-04T18:03:16.838+0000] {processor.py:186} INFO - Started process (PID=2551) to work on /home/airflow/.local/lib/python3.12/site-packages/airflow/example_dags/example_latest_only_with_trigger.py
[2025-03-04T18:03:16.840+0000] {processor.py:914} INFO - Processing file /home/airflow/.local/lib/python3.12/site-packages/airflow/example_dags/example_latest_only_with_trigger.py for tasks to queue
[2025-03-04T18:03:16.842+0000] {logging_mixin.py:190} INFO - [2025-03-04T18:03:16.842+0000] {dagbag.py:588} INFO - Filling up the DagBag from /home/airflow/.local/lib/python3.12/site-packages/airflow/example_dags/example_latest_only_with_trigger.py
[2025-03-04T18:03:16.852+0000] {processor.py:925} INFO - DAG(s) 'latest_only_with_trigger' retrieved from /home/airflow/.local/lib/python3.12/site-packages/airflow/example_dags/example_latest_only_with_trigger.py
[2025-03-04T18:03:16.876+0000] {logging_mixin.py:190} INFO - [2025-03-04T18:03:16.876+0000] {dag.py:3239} INFO - Sync 1 DAGs
[2025-03-04T18:03:16.905+0000] {logging_mixin.py:190} INFO - [2025-03-04T18:03:16.905+0000] {dag.py:4180} INFO - Setting next_dagrun for latest_only_with_trigger to 2025-03-04 12:00:00+00:00, run_after=2025-03-04 16:00:00+00:00
[2025-03-04T18:03:16.928+0000] {processor.py:208} INFO - Processing /home/airflow/.local/lib/python3.12/site-packages/airflow/example_dags/example_latest_only_with_trigger.py took 0.096 seconds
[2025-03-04T18:03:47.196+0000] {processor.py:186} INFO - Started process (PID=2857) to work on /home/airflow/.local/lib/python3.12/site-packages/airflow/example_dags/example_latest_only_with_trigger.py
[2025-03-04T18:03:47.197+0000] {processor.py:914} INFO - Processing file /home/airflow/.local/lib/python3.12/site-packages/airflow/example_dags/example_latest_only_with_trigger.py for tasks to queue
[2025-03-04T18:03:47.200+0000] {logging_mixin.py:190} INFO - [2025-03-04T18:03:47.200+0000] {dagbag.py:588} INFO - Filling up the DagBag from /home/airflow/.local/lib/python3.12/site-packages/airflow/example_dags/example_latest_only_with_trigger.py
[2025-03-04T18:03:47.209+0000] {processor.py:925} INFO - DAG(s) 'latest_only_with_trigger' retrieved from /home/airflow/.local/lib/python3.12/site-packages/airflow/example_dags/example_latest_only_with_trigger.py
[2025-03-04T18:03:47.242+0000] {logging_mixin.py:190} INFO - [2025-03-04T18:03:47.241+0000] {dag.py:3239} INFO - Sync 1 DAGs
[2025-03-04T18:03:47.270+0000] {logging_mixin.py:190} INFO - [2025-03-04T18:03:47.270+0000] {dag.py:4180} INFO - Setting next_dagrun for latest_only_with_trigger to 2025-03-04 12:00:00+00:00, run_after=2025-03-04 16:00:00+00:00
[2025-03-04T18:03:47.295+0000] {processor.py:208} INFO - Processing /home/airflow/.local/lib/python3.12/site-packages/airflow/example_dags/example_latest_only_with_trigger.py took 0.106 seconds
[2025-03-04T18:04:17.630+0000] {processor.py:186} INFO - Started process (PID=3158) to work on /home/airflow/.local/lib/python3.12/site-packages/airflow/example_dags/example_latest_only_with_trigger.py
[2025-03-04T18:04:17.632+0000] {processor.py:914} INFO - Processing file /home/airflow/.local/lib/python3.12/site-packages/airflow/example_dags/example_latest_only_with_trigger.py for tasks to queue
[2025-03-04T18:04:17.634+0000] {logging_mixin.py:190} INFO - [2025-03-04T18:04:17.634+0000] {dagbag.py:588} INFO - Filling up the DagBag from /home/airflow/.local/lib/python3.12/site-packages/airflow/example_dags/example_latest_only_with_trigger.py
[2025-03-04T18:04:17.643+0000] {processor.py:925} INFO - DAG(s) 'latest_only_with_trigger' retrieved from /home/airflow/.local/lib/python3.12/site-packages/airflow/example_dags/example_latest_only_with_trigger.py
[2025-03-04T18:04:17.668+0000] {logging_mixin.py:190} INFO - [2025-03-04T18:04:17.668+0000] {dag.py:3239} INFO - Sync 1 DAGs
[2025-03-04T18:04:17.699+0000] {logging_mixin.py:190} INFO - [2025-03-04T18:04:17.699+0000] {dag.py:4180} INFO - Setting next_dagrun for latest_only_with_trigger to 2025-03-04 12:00:00+00:00, run_after=2025-03-04 16:00:00+00:00
[2025-03-04T18:04:17.721+0000] {processor.py:208} INFO - Processing /home/airflow/.local/lib/python3.12/site-packages/airflow/example_dags/example_latest_only_with_trigger.py took 0.098 seconds
[2025-03-04T18:04:47.802+0000] {processor.py:186} INFO - Started process (PID=3459) to work on /home/airflow/.local/lib/python3.12/site-packages/airflow/example_dags/example_latest_only_with_trigger.py
[2025-03-04T18:04:47.803+0000] {processor.py:914} INFO - Processing file /home/airflow/.local/lib/python3.12/site-packages/airflow/example_dags/example_latest_only_with_trigger.py for tasks to queue
[2025-03-04T18:04:47.806+0000] {logging_mixin.py:190} INFO - [2025-03-04T18:04:47.806+0000] {dagbag.py:588} INFO - Filling up the DagBag from /home/airflow/.local/lib/python3.12/site-packages/airflow/example_dags/example_latest_only_with_trigger.py
[2025-03-04T18:04:47.815+0000] {processor.py:925} INFO - DAG(s) 'latest_only_with_trigger' retrieved from /home/airflow/.local/lib/python3.12/site-packages/airflow/example_dags/example_latest_only_with_trigger.py
[2025-03-04T18:04:47.839+0000] {logging_mixin.py:190} INFO - [2025-03-04T18:04:47.839+0000] {dag.py:3239} INFO - Sync 1 DAGs
[2025-03-04T18:04:47.868+0000] {logging_mixin.py:190} INFO - [2025-03-04T18:04:47.868+0000] {dag.py:4180} INFO - Setting next_dagrun for latest_only_with_trigger to 2025-03-04 12:00:00+00:00, run_after=2025-03-04 16:00:00+00:00
[2025-03-04T18:04:47.890+0000] {processor.py:208} INFO - Processing /home/airflow/.local/lib/python3.12/site-packages/airflow/example_dags/example_latest_only_with_trigger.py took 0.096 seconds
[2025-03-04T18:05:18.460+0000] {processor.py:186} INFO - Started process (PID=3765) to work on /home/airflow/.local/lib/python3.12/site-packages/airflow/example_dags/example_latest_only_with_trigger.py
[2025-03-04T18:05:18.461+0000] {processor.py:914} INFO - Processing file /home/airflow/.local/lib/python3.12/site-packages/airflow/example_dags/example_latest_only_with_trigger.py for tasks to queue
[2025-03-04T18:05:18.464+0000] {logging_mixin.py:190} INFO - [2025-03-04T18:05:18.464+0000] {dagbag.py:588} INFO - Filling up the DagBag from /home/airflow/.local/lib/python3.12/site-packages/airflow/example_dags/example_latest_only_with_trigger.py
[2025-03-04T18:05:18.472+0000] {processor.py:925} INFO - DAG(s) 'latest_only_with_trigger' retrieved from /home/airflow/.local/lib/python3.12/site-packages/airflow/example_dags/example_latest_only_with_trigger.py
[2025-03-04T18:05:18.493+0000] {logging_mixin.py:190} INFO - [2025-03-04T18:05:18.493+0000] {dag.py:3239} INFO - Sync 1 DAGs
[2025-03-04T18:05:18.519+0000] {logging_mixin.py:190} INFO - [2025-03-04T18:05:18.519+0000] {dag.py:4180} INFO - Setting next_dagrun for latest_only_with_trigger to 2025-03-04 12:00:00+00:00, run_after=2025-03-04 16:00:00+00:00
[2025-03-04T18:05:18.546+0000] {processor.py:208} INFO - Processing /home/airflow/.local/lib/python3.12/site-packages/airflow/example_dags/example_latest_only_with_trigger.py took 0.092 seconds
