[2025-03-04T17:28:47.586+0000] {processor.py:186} INFO - Started process (PID=495) to work on /home/airflow/.local/lib/python3.12/site-packages/airflow/example_dags/example_complex.py
[2025-03-04T17:28:47.588+0000] {processor.py:914} INFO - Processing file /home/airflow/.local/lib/python3.12/site-packages/airflow/example_dags/example_complex.py for tasks to queue
[2025-03-04T17:28:47.591+0000] {logging_mixin.py:190} INFO - [2025-03-04T17:28:47.590+0000] {dagbag.py:588} INFO - Filling up the DagBag from /home/airflow/.local/lib/python3.12/site-packages/airflow/example_dags/example_complex.py
[2025-03-04T17:28:47.607+0000] {processor.py:925} INFO - DAG(s) 'example_complex' retrieved from /home/airflow/.local/lib/python3.12/site-packages/airflow/example_dags/example_complex.py
[2025-03-04T17:28:47.655+0000] {logging_mixin.py:190} INFO - [2025-03-04T17:28:47.655+0000] {dag.py:3239} INFO - Sync 1 DAGs
[2025-03-04T17:28:47.678+0000] {logging_mixin.py:190} INFO - [2025-03-04T17:28:47.678+0000] {dag.py:4180} INFO - Setting next_dagrun for example_complex to None, run_after=None
[2025-03-04T17:28:47.702+0000] {processor.py:208} INFO - Processing /home/airflow/.local/lib/python3.12/site-packages/airflow/example_dags/example_complex.py took 0.124 seconds
[2025-03-04T17:29:18.242+0000] {processor.py:186} INFO - Started process (PID=810) to work on /home/airflow/.local/lib/python3.12/site-packages/airflow/example_dags/example_complex.py
[2025-03-04T17:29:18.243+0000] {processor.py:914} INFO - Processing file /home/airflow/.local/lib/python3.12/site-packages/airflow/example_dags/example_complex.py for tasks to queue
[2025-03-04T17:29:18.246+0000] {logging_mixin.py:190} INFO - [2025-03-04T17:29:18.245+0000] {dagbag.py:588} INFO - Filling up the DagBag from /home/airflow/.local/lib/python3.12/site-packages/airflow/example_dags/example_complex.py
[2025-03-04T17:29:18.260+0000] {processor.py:925} INFO - DAG(s) 'example_complex' retrieved from /home/airflow/.local/lib/python3.12/site-packages/airflow/example_dags/example_complex.py
[2025-03-04T17:29:18.299+0000] {logging_mixin.py:190} INFO - [2025-03-04T17:29:18.298+0000] {dag.py:3239} INFO - Sync 1 DAGs
[2025-03-04T17:29:18.317+0000] {logging_mixin.py:190} INFO - [2025-03-04T17:29:18.316+0000] {dag.py:4180} INFO - Setting next_dagrun for example_complex to None, run_after=None
[2025-03-04T17:29:18.341+0000] {processor.py:208} INFO - Processing /home/airflow/.local/lib/python3.12/site-packages/airflow/example_dags/example_complex.py took 0.105 seconds
[2025-03-04T17:29:49.086+0000] {processor.py:186} INFO - Started process (PID=1118) to work on /home/airflow/.local/lib/python3.12/site-packages/airflow/example_dags/example_complex.py
[2025-03-04T17:29:49.088+0000] {processor.py:914} INFO - Processing file /home/airflow/.local/lib/python3.12/site-packages/airflow/example_dags/example_complex.py for tasks to queue
[2025-03-04T17:29:49.091+0000] {logging_mixin.py:190} INFO - [2025-03-04T17:29:49.091+0000] {dagbag.py:588} INFO - Filling up the DagBag from /home/airflow/.local/lib/python3.12/site-packages/airflow/example_dags/example_complex.py
[2025-03-04T17:29:49.106+0000] {processor.py:925} INFO - DAG(s) 'example_complex' retrieved from /home/airflow/.local/lib/python3.12/site-packages/airflow/example_dags/example_complex.py
[2025-03-04T17:29:49.143+0000] {logging_mixin.py:190} INFO - [2025-03-04T17:29:49.143+0000] {dag.py:3239} INFO - Sync 1 DAGs
[2025-03-04T17:29:49.169+0000] {logging_mixin.py:190} INFO - [2025-03-04T17:29:49.169+0000] {dag.py:4180} INFO - Setting next_dagrun for example_complex to None, run_after=None
[2025-03-04T17:29:49.195+0000] {processor.py:208} INFO - Processing /home/airflow/.local/lib/python3.12/site-packages/airflow/example_dags/example_complex.py took 0.116 seconds
[2025-03-04T17:30:20.173+0000] {processor.py:186} INFO - Started process (PID=1422) to work on /home/airflow/.local/lib/python3.12/site-packages/airflow/example_dags/example_complex.py
[2025-03-04T17:30:20.174+0000] {processor.py:914} INFO - Processing file /home/airflow/.local/lib/python3.12/site-packages/airflow/example_dags/example_complex.py for tasks to queue
[2025-03-04T17:30:20.176+0000] {logging_mixin.py:190} INFO - [2025-03-04T17:30:20.176+0000] {dagbag.py:588} INFO - Filling up the DagBag from /home/airflow/.local/lib/python3.12/site-packages/airflow/example_dags/example_complex.py
[2025-03-04T17:30:20.190+0000] {processor.py:925} INFO - DAG(s) 'example_complex' retrieved from /home/airflow/.local/lib/python3.12/site-packages/airflow/example_dags/example_complex.py
[2025-03-04T17:30:20.231+0000] {logging_mixin.py:190} INFO - [2025-03-04T17:30:20.231+0000] {dag.py:3239} INFO - Sync 1 DAGs
[2025-03-04T17:30:20.252+0000] {logging_mixin.py:190} INFO - [2025-03-04T17:30:20.251+0000] {dag.py:4180} INFO - Setting next_dagrun for example_complex to None, run_after=None
[2025-03-04T17:30:20.279+0000] {processor.py:208} INFO - Processing /home/airflow/.local/lib/python3.12/site-packages/airflow/example_dags/example_complex.py took 0.113 seconds
[2025-03-04T17:30:51.674+0000] {processor.py:186} INFO - Started process (PID=1730) to work on /home/airflow/.local/lib/python3.12/site-packages/airflow/example_dags/example_complex.py
[2025-03-04T17:30:51.676+0000] {processor.py:914} INFO - Processing file /home/airflow/.local/lib/python3.12/site-packages/airflow/example_dags/example_complex.py for tasks to queue
[2025-03-04T17:30:51.678+0000] {logging_mixin.py:190} INFO - [2025-03-04T17:30:51.678+0000] {dagbag.py:588} INFO - Filling up the DagBag from /home/airflow/.local/lib/python3.12/site-packages/airflow/example_dags/example_complex.py
[2025-03-04T17:30:51.694+0000] {processor.py:925} INFO - DAG(s) 'example_complex' retrieved from /home/airflow/.local/lib/python3.12/site-packages/airflow/example_dags/example_complex.py
[2025-03-04T17:30:51.740+0000] {logging_mixin.py:190} INFO - [2025-03-04T17:30:51.740+0000] {dag.py:3239} INFO - Sync 1 DAGs
[2025-03-04T17:30:51.769+0000] {logging_mixin.py:190} INFO - [2025-03-04T17:30:51.769+0000] {dag.py:4180} INFO - Setting next_dagrun for example_complex to None, run_after=None
[2025-03-04T17:30:51.794+0000] {processor.py:208} INFO - Processing /home/airflow/.local/lib/python3.12/site-packages/airflow/example_dags/example_complex.py took 0.126 seconds
[2025-03-04T17:31:22.564+0000] {processor.py:186} INFO - Started process (PID=2034) to work on /home/airflow/.local/lib/python3.12/site-packages/airflow/example_dags/example_complex.py
[2025-03-04T17:31:22.565+0000] {processor.py:914} INFO - Processing file /home/airflow/.local/lib/python3.12/site-packages/airflow/example_dags/example_complex.py for tasks to queue
[2025-03-04T17:31:22.567+0000] {logging_mixin.py:190} INFO - [2025-03-04T17:31:22.567+0000] {dagbag.py:588} INFO - Filling up the DagBag from /home/airflow/.local/lib/python3.12/site-packages/airflow/example_dags/example_complex.py
[2025-03-04T17:31:22.581+0000] {processor.py:925} INFO - DAG(s) 'example_complex' retrieved from /home/airflow/.local/lib/python3.12/site-packages/airflow/example_dags/example_complex.py
[2025-03-04T17:31:22.618+0000] {logging_mixin.py:190} INFO - [2025-03-04T17:31:22.618+0000] {dag.py:3239} INFO - Sync 1 DAGs
[2025-03-04T17:31:22.634+0000] {logging_mixin.py:190} INFO - [2025-03-04T17:31:22.633+0000] {dag.py:4180} INFO - Setting next_dagrun for example_complex to None, run_after=None
[2025-03-04T17:31:22.658+0000] {processor.py:208} INFO - Processing /home/airflow/.local/lib/python3.12/site-packages/airflow/example_dags/example_complex.py took 0.100 seconds
[2025-03-04T17:31:54.446+0000] {processor.py:186} INFO - Started process (PID=2342) to work on /home/airflow/.local/lib/python3.12/site-packages/airflow/example_dags/example_complex.py
[2025-03-04T17:31:54.447+0000] {processor.py:914} INFO - Processing file /home/airflow/.local/lib/python3.12/site-packages/airflow/example_dags/example_complex.py for tasks to queue
[2025-03-04T17:31:54.449+0000] {logging_mixin.py:190} INFO - [2025-03-04T17:31:54.449+0000] {dagbag.py:588} INFO - Filling up the DagBag from /home/airflow/.local/lib/python3.12/site-packages/airflow/example_dags/example_complex.py
[2025-03-04T17:31:54.466+0000] {processor.py:925} INFO - DAG(s) 'example_complex' retrieved from /home/airflow/.local/lib/python3.12/site-packages/airflow/example_dags/example_complex.py
[2025-03-04T17:31:54.512+0000] {logging_mixin.py:190} INFO - [2025-03-04T17:31:54.512+0000] {dag.py:3239} INFO - Sync 1 DAGs
[2025-03-04T17:31:54.532+0000] {logging_mixin.py:190} INFO - [2025-03-04T17:31:54.532+0000] {dag.py:4180} INFO - Setting next_dagrun for example_complex to None, run_after=None
[2025-03-04T17:31:54.558+0000] {processor.py:208} INFO - Processing /home/airflow/.local/lib/python3.12/site-packages/airflow/example_dags/example_complex.py took 0.120 seconds
[2025-03-04T17:32:25.402+0000] {processor.py:186} INFO - Started process (PID=2648) to work on /home/airflow/.local/lib/python3.12/site-packages/airflow/example_dags/example_complex.py
[2025-03-04T17:32:25.404+0000] {processor.py:914} INFO - Processing file /home/airflow/.local/lib/python3.12/site-packages/airflow/example_dags/example_complex.py for tasks to queue
[2025-03-04T17:32:25.406+0000] {logging_mixin.py:190} INFO - [2025-03-04T17:32:25.406+0000] {dagbag.py:588} INFO - Filling up the DagBag from /home/airflow/.local/lib/python3.12/site-packages/airflow/example_dags/example_complex.py
[2025-03-04T17:32:25.424+0000] {processor.py:925} INFO - DAG(s) 'example_complex' retrieved from /home/airflow/.local/lib/python3.12/site-packages/airflow/example_dags/example_complex.py
[2025-03-04T17:32:25.479+0000] {logging_mixin.py:190} INFO - [2025-03-04T17:32:25.479+0000] {dag.py:3239} INFO - Sync 1 DAGs
[2025-03-04T17:32:25.502+0000] {logging_mixin.py:190} INFO - [2025-03-04T17:32:25.502+0000] {dag.py:4180} INFO - Setting next_dagrun for example_complex to None, run_after=None
[2025-03-04T17:32:25.529+0000] {processor.py:208} INFO - Processing /home/airflow/.local/lib/python3.12/site-packages/airflow/example_dags/example_complex.py took 0.135 seconds
[2025-03-04T17:32:56.561+0000] {processor.py:186} INFO - Started process (PID=2952) to work on /home/airflow/.local/lib/python3.12/site-packages/airflow/example_dags/example_complex.py
[2025-03-04T17:32:56.563+0000] {processor.py:914} INFO - Processing file /home/airflow/.local/lib/python3.12/site-packages/airflow/example_dags/example_complex.py for tasks to queue
[2025-03-04T17:32:56.566+0000] {logging_mixin.py:190} INFO - [2025-03-04T17:32:56.566+0000] {dagbag.py:588} INFO - Filling up the DagBag from /home/airflow/.local/lib/python3.12/site-packages/airflow/example_dags/example_complex.py
[2025-03-04T17:32:56.580+0000] {processor.py:925} INFO - DAG(s) 'example_complex' retrieved from /home/airflow/.local/lib/python3.12/site-packages/airflow/example_dags/example_complex.py
[2025-03-04T17:32:56.634+0000] {logging_mixin.py:190} INFO - [2025-03-04T17:32:56.634+0000] {dag.py:3239} INFO - Sync 1 DAGs
[2025-03-04T17:32:56.653+0000] {logging_mixin.py:190} INFO - [2025-03-04T17:32:56.653+0000] {dag.py:4180} INFO - Setting next_dagrun for example_complex to None, run_after=None
[2025-03-04T17:32:56.680+0000] {processor.py:208} INFO - Processing /home/airflow/.local/lib/python3.12/site-packages/airflow/example_dags/example_complex.py took 0.134 seconds
[2025-03-04T17:33:27.668+0000] {processor.py:186} INFO - Started process (PID=3258) to work on /home/airflow/.local/lib/python3.12/site-packages/airflow/example_dags/example_complex.py
[2025-03-04T17:33:27.669+0000] {processor.py:914} INFO - Processing file /home/airflow/.local/lib/python3.12/site-packages/airflow/example_dags/example_complex.py for tasks to queue
[2025-03-04T17:33:27.671+0000] {logging_mixin.py:190} INFO - [2025-03-04T17:33:27.671+0000] {dagbag.py:588} INFO - Filling up the DagBag from /home/airflow/.local/lib/python3.12/site-packages/airflow/example_dags/example_complex.py
[2025-03-04T17:33:27.686+0000] {processor.py:925} INFO - DAG(s) 'example_complex' retrieved from /home/airflow/.local/lib/python3.12/site-packages/airflow/example_dags/example_complex.py
[2025-03-04T17:33:27.725+0000] {logging_mixin.py:190} INFO - [2025-03-04T17:33:27.724+0000] {dag.py:3239} INFO - Sync 1 DAGs
[2025-03-04T17:33:27.742+0000] {logging_mixin.py:190} INFO - [2025-03-04T17:33:27.741+0000] {dag.py:4180} INFO - Setting next_dagrun for example_complex to None, run_after=None
[2025-03-04T17:33:27.765+0000] {processor.py:208} INFO - Processing /home/airflow/.local/lib/python3.12/site-packages/airflow/example_dags/example_complex.py took 0.103 seconds
[2025-03-04T17:33:58.539+0000] {processor.py:186} INFO - Started process (PID=3566) to work on /home/airflow/.local/lib/python3.12/site-packages/airflow/example_dags/example_complex.py
[2025-03-04T17:33:58.540+0000] {processor.py:914} INFO - Processing file /home/airflow/.local/lib/python3.12/site-packages/airflow/example_dags/example_complex.py for tasks to queue
[2025-03-04T17:33:58.542+0000] {logging_mixin.py:190} INFO - [2025-03-04T17:33:58.542+0000] {dagbag.py:588} INFO - Filling up the DagBag from /home/airflow/.local/lib/python3.12/site-packages/airflow/example_dags/example_complex.py
[2025-03-04T17:33:58.557+0000] {processor.py:925} INFO - DAG(s) 'example_complex' retrieved from /home/airflow/.local/lib/python3.12/site-packages/airflow/example_dags/example_complex.py
[2025-03-04T17:33:58.596+0000] {logging_mixin.py:190} INFO - [2025-03-04T17:33:58.595+0000] {dag.py:3239} INFO - Sync 1 DAGs
[2025-03-04T17:33:58.616+0000] {logging_mixin.py:190} INFO - [2025-03-04T17:33:58.616+0000] {dag.py:4180} INFO - Setting next_dagrun for example_complex to None, run_after=None
[2025-03-04T17:33:58.648+0000] {processor.py:208} INFO - Processing /home/airflow/.local/lib/python3.12/site-packages/airflow/example_dags/example_complex.py took 0.116 seconds
[2025-03-04T17:34:29.812+0000] {processor.py:186} INFO - Started process (PID=3872) to work on /home/airflow/.local/lib/python3.12/site-packages/airflow/example_dags/example_complex.py
[2025-03-04T17:34:29.813+0000] {processor.py:914} INFO - Processing file /home/airflow/.local/lib/python3.12/site-packages/airflow/example_dags/example_complex.py for tasks to queue
[2025-03-04T17:34:29.815+0000] {logging_mixin.py:190} INFO - [2025-03-04T17:34:29.815+0000] {dagbag.py:588} INFO - Filling up the DagBag from /home/airflow/.local/lib/python3.12/site-packages/airflow/example_dags/example_complex.py
[2025-03-04T17:34:29.829+0000] {processor.py:925} INFO - DAG(s) 'example_complex' retrieved from /home/airflow/.local/lib/python3.12/site-packages/airflow/example_dags/example_complex.py
[2025-03-04T17:34:29.871+0000] {logging_mixin.py:190} INFO - [2025-03-04T17:34:29.870+0000] {dag.py:3239} INFO - Sync 1 DAGs
[2025-03-04T17:34:29.889+0000] {logging_mixin.py:190} INFO - [2025-03-04T17:34:29.889+0000] {dag.py:4180} INFO - Setting next_dagrun for example_complex to None, run_after=None
[2025-03-04T17:34:29.919+0000] {processor.py:208} INFO - Processing /home/airflow/.local/lib/python3.12/site-packages/airflow/example_dags/example_complex.py took 0.113 seconds
[2025-03-04T17:35:00.307+0000] {processor.py:186} INFO - Started process (PID=4178) to work on /home/airflow/.local/lib/python3.12/site-packages/airflow/example_dags/example_complex.py
[2025-03-04T17:35:00.308+0000] {processor.py:914} INFO - Processing file /home/airflow/.local/lib/python3.12/site-packages/airflow/example_dags/example_complex.py for tasks to queue
[2025-03-04T17:35:00.310+0000] {logging_mixin.py:190} INFO - [2025-03-04T17:35:00.310+0000] {dagbag.py:588} INFO - Filling up the DagBag from /home/airflow/.local/lib/python3.12/site-packages/airflow/example_dags/example_complex.py
[2025-03-04T17:35:00.324+0000] {processor.py:925} INFO - DAG(s) 'example_complex' retrieved from /home/airflow/.local/lib/python3.12/site-packages/airflow/example_dags/example_complex.py
[2025-03-04T17:35:00.362+0000] {logging_mixin.py:190} INFO - [2025-03-04T17:35:00.362+0000] {dag.py:3239} INFO - Sync 1 DAGs
[2025-03-04T17:35:00.378+0000] {logging_mixin.py:190} INFO - [2025-03-04T17:35:00.378+0000] {dag.py:4180} INFO - Setting next_dagrun for example_complex to None, run_after=None
[2025-03-04T17:35:00.400+0000] {processor.py:208} INFO - Processing /home/airflow/.local/lib/python3.12/site-packages/airflow/example_dags/example_complex.py took 0.099 seconds
[2025-03-04T17:35:31.350+0000] {processor.py:186} INFO - Started process (PID=4484) to work on /home/airflow/.local/lib/python3.12/site-packages/airflow/example_dags/example_complex.py
[2025-03-04T17:35:31.351+0000] {processor.py:914} INFO - Processing file /home/airflow/.local/lib/python3.12/site-packages/airflow/example_dags/example_complex.py for tasks to queue
[2025-03-04T17:35:31.354+0000] {logging_mixin.py:190} INFO - [2025-03-04T17:35:31.354+0000] {dagbag.py:588} INFO - Filling up the DagBag from /home/airflow/.local/lib/python3.12/site-packages/airflow/example_dags/example_complex.py
[2025-03-04T17:35:31.391+0000] {processor.py:925} INFO - DAG(s) 'example_complex' retrieved from /home/airflow/.local/lib/python3.12/site-packages/airflow/example_dags/example_complex.py
[2025-03-04T17:35:31.435+0000] {logging_mixin.py:190} INFO - [2025-03-04T17:35:31.434+0000] {dag.py:3239} INFO - Sync 1 DAGs
[2025-03-04T17:35:31.451+0000] {logging_mixin.py:190} INFO - [2025-03-04T17:35:31.451+0000] {dag.py:4180} INFO - Setting next_dagrun for example_complex to None, run_after=None
[2025-03-04T17:35:31.470+0000] {processor.py:208} INFO - Processing /home/airflow/.local/lib/python3.12/site-packages/airflow/example_dags/example_complex.py took 0.127 seconds
[2025-03-04T17:36:02.531+0000] {processor.py:186} INFO - Started process (PID=4788) to work on /home/airflow/.local/lib/python3.12/site-packages/airflow/example_dags/example_complex.py
[2025-03-04T17:36:02.532+0000] {processor.py:914} INFO - Processing file /home/airflow/.local/lib/python3.12/site-packages/airflow/example_dags/example_complex.py for tasks to queue
[2025-03-04T17:36:02.535+0000] {logging_mixin.py:190} INFO - [2025-03-04T17:36:02.534+0000] {dagbag.py:588} INFO - Filling up the DagBag from /home/airflow/.local/lib/python3.12/site-packages/airflow/example_dags/example_complex.py
[2025-03-04T17:36:02.549+0000] {processor.py:925} INFO - DAG(s) 'example_complex' retrieved from /home/airflow/.local/lib/python3.12/site-packages/airflow/example_dags/example_complex.py
[2025-03-04T17:36:02.590+0000] {logging_mixin.py:190} INFO - [2025-03-04T17:36:02.589+0000] {dag.py:3239} INFO - Sync 1 DAGs
[2025-03-04T17:36:02.608+0000] {logging_mixin.py:190} INFO - [2025-03-04T17:36:02.608+0000] {dag.py:4180} INFO - Setting next_dagrun for example_complex to None, run_after=None
[2025-03-04T17:36:02.635+0000] {processor.py:208} INFO - Processing /home/airflow/.local/lib/python3.12/site-packages/airflow/example_dags/example_complex.py took 0.111 seconds
[2025-03-04T17:36:32.811+0000] {processor.py:186} INFO - Started process (PID=5089) to work on /home/airflow/.local/lib/python3.12/site-packages/airflow/example_dags/example_complex.py
[2025-03-04T17:36:32.812+0000] {processor.py:914} INFO - Processing file /home/airflow/.local/lib/python3.12/site-packages/airflow/example_dags/example_complex.py for tasks to queue
[2025-03-04T17:36:32.815+0000] {logging_mixin.py:190} INFO - [2025-03-04T17:36:32.814+0000] {dagbag.py:588} INFO - Filling up the DagBag from /home/airflow/.local/lib/python3.12/site-packages/airflow/example_dags/example_complex.py
[2025-03-04T17:36:32.830+0000] {processor.py:925} INFO - DAG(s) 'example_complex' retrieved from /home/airflow/.local/lib/python3.12/site-packages/airflow/example_dags/example_complex.py
[2025-03-04T17:36:32.876+0000] {logging_mixin.py:190} INFO - [2025-03-04T17:36:32.875+0000] {dag.py:3239} INFO - Sync 1 DAGs
[2025-03-04T17:36:32.899+0000] {logging_mixin.py:190} INFO - [2025-03-04T17:36:32.899+0000] {dag.py:4180} INFO - Setting next_dagrun for example_complex to None, run_after=None
[2025-03-04T17:36:32.926+0000] {processor.py:208} INFO - Processing /home/airflow/.local/lib/python3.12/site-packages/airflow/example_dags/example_complex.py took 0.123 seconds
[2025-03-04T17:37:03.024+0000] {processor.py:186} INFO - Started process (PID=5392) to work on /home/airflow/.local/lib/python3.12/site-packages/airflow/example_dags/example_complex.py
[2025-03-04T17:37:03.026+0000] {processor.py:914} INFO - Processing file /home/airflow/.local/lib/python3.12/site-packages/airflow/example_dags/example_complex.py for tasks to queue
[2025-03-04T17:37:03.028+0000] {logging_mixin.py:190} INFO - [2025-03-04T17:37:03.028+0000] {dagbag.py:588} INFO - Filling up the DagBag from /home/airflow/.local/lib/python3.12/site-packages/airflow/example_dags/example_complex.py
[2025-03-04T17:37:03.043+0000] {processor.py:925} INFO - DAG(s) 'example_complex' retrieved from /home/airflow/.local/lib/python3.12/site-packages/airflow/example_dags/example_complex.py
[2025-03-04T17:37:03.125+0000] {logging_mixin.py:190} INFO - [2025-03-04T17:37:03.125+0000] {dag.py:3239} INFO - Sync 1 DAGs
[2025-03-04T17:37:03.151+0000] {logging_mixin.py:190} INFO - [2025-03-04T17:37:03.151+0000] {dag.py:4180} INFO - Setting next_dagrun for example_complex to None, run_after=None
[2025-03-04T17:37:03.182+0000] {processor.py:208} INFO - Processing /home/airflow/.local/lib/python3.12/site-packages/airflow/example_dags/example_complex.py took 0.165 seconds
[2025-03-04T17:37:33.389+0000] {processor.py:186} INFO - Started process (PID=5698) to work on /home/airflow/.local/lib/python3.12/site-packages/airflow/example_dags/example_complex.py
[2025-03-04T17:37:33.390+0000] {processor.py:914} INFO - Processing file /home/airflow/.local/lib/python3.12/site-packages/airflow/example_dags/example_complex.py for tasks to queue
[2025-03-04T17:37:33.393+0000] {logging_mixin.py:190} INFO - [2025-03-04T17:37:33.393+0000] {dagbag.py:588} INFO - Filling up the DagBag from /home/airflow/.local/lib/python3.12/site-packages/airflow/example_dags/example_complex.py
[2025-03-04T17:37:33.409+0000] {processor.py:925} INFO - DAG(s) 'example_complex' retrieved from /home/airflow/.local/lib/python3.12/site-packages/airflow/example_dags/example_complex.py
[2025-03-04T17:37:33.458+0000] {logging_mixin.py:190} INFO - [2025-03-04T17:37:33.457+0000] {dag.py:3239} INFO - Sync 1 DAGs
[2025-03-04T17:37:33.478+0000] {logging_mixin.py:190} INFO - [2025-03-04T17:37:33.478+0000] {dag.py:4180} INFO - Setting next_dagrun for example_complex to None, run_after=None
[2025-03-04T17:37:33.503+0000] {processor.py:208} INFO - Processing /home/airflow/.local/lib/python3.12/site-packages/airflow/example_dags/example_complex.py took 0.121 seconds
[2025-03-04T17:38:04.241+0000] {processor.py:186} INFO - Started process (PID=6004) to work on /home/airflow/.local/lib/python3.12/site-packages/airflow/example_dags/example_complex.py
[2025-03-04T17:38:04.244+0000] {processor.py:914} INFO - Processing file /home/airflow/.local/lib/python3.12/site-packages/airflow/example_dags/example_complex.py for tasks to queue
[2025-03-04T17:38:04.247+0000] {logging_mixin.py:190} INFO - [2025-03-04T17:38:04.247+0000] {dagbag.py:588} INFO - Filling up the DagBag from /home/airflow/.local/lib/python3.12/site-packages/airflow/example_dags/example_complex.py
[2025-03-04T17:38:04.265+0000] {processor.py:925} INFO - DAG(s) 'example_complex' retrieved from /home/airflow/.local/lib/python3.12/site-packages/airflow/example_dags/example_complex.py
[2025-03-04T17:38:04.310+0000] {logging_mixin.py:190} INFO - [2025-03-04T17:38:04.309+0000] {dag.py:3239} INFO - Sync 1 DAGs
[2025-03-04T17:38:04.330+0000] {logging_mixin.py:190} INFO - [2025-03-04T17:38:04.330+0000] {dag.py:4180} INFO - Setting next_dagrun for example_complex to None, run_after=None
[2025-03-04T17:38:04.356+0000] {processor.py:208} INFO - Processing /home/airflow/.local/lib/python3.12/site-packages/airflow/example_dags/example_complex.py took 0.131 seconds
[2025-03-04T17:38:34.701+0000] {processor.py:186} INFO - Started process (PID=6310) to work on /home/airflow/.local/lib/python3.12/site-packages/airflow/example_dags/example_complex.py
[2025-03-04T17:38:34.702+0000] {processor.py:914} INFO - Processing file /home/airflow/.local/lib/python3.12/site-packages/airflow/example_dags/example_complex.py for tasks to queue
[2025-03-04T17:38:34.704+0000] {logging_mixin.py:190} INFO - [2025-03-04T17:38:34.704+0000] {dagbag.py:588} INFO - Filling up the DagBag from /home/airflow/.local/lib/python3.12/site-packages/airflow/example_dags/example_complex.py
[2025-03-04T17:38:34.719+0000] {processor.py:925} INFO - DAG(s) 'example_complex' retrieved from /home/airflow/.local/lib/python3.12/site-packages/airflow/example_dags/example_complex.py
[2025-03-04T17:38:34.759+0000] {logging_mixin.py:190} INFO - [2025-03-04T17:38:34.758+0000] {dag.py:3239} INFO - Sync 1 DAGs
[2025-03-04T17:38:34.776+0000] {logging_mixin.py:190} INFO - [2025-03-04T17:38:34.775+0000] {dag.py:4180} INFO - Setting next_dagrun for example_complex to None, run_after=None
[2025-03-04T17:38:34.801+0000] {processor.py:208} INFO - Processing /home/airflow/.local/lib/python3.12/site-packages/airflow/example_dags/example_complex.py took 0.108 seconds
[2025-03-04T17:39:05.260+0000] {processor.py:186} INFO - Started process (PID=6616) to work on /home/airflow/.local/lib/python3.12/site-packages/airflow/example_dags/example_complex.py
[2025-03-04T17:39:05.261+0000] {processor.py:914} INFO - Processing file /home/airflow/.local/lib/python3.12/site-packages/airflow/example_dags/example_complex.py for tasks to queue
[2025-03-04T17:39:05.264+0000] {logging_mixin.py:190} INFO - [2025-03-04T17:39:05.263+0000] {dagbag.py:588} INFO - Filling up the DagBag from /home/airflow/.local/lib/python3.12/site-packages/airflow/example_dags/example_complex.py
[2025-03-04T17:39:05.279+0000] {processor.py:925} INFO - DAG(s) 'example_complex' retrieved from /home/airflow/.local/lib/python3.12/site-packages/airflow/example_dags/example_complex.py
[2025-03-04T17:39:05.323+0000] {logging_mixin.py:190} INFO - [2025-03-04T17:39:05.323+0000] {dag.py:3239} INFO - Sync 1 DAGs
[2025-03-04T17:39:05.342+0000] {logging_mixin.py:190} INFO - [2025-03-04T17:39:05.341+0000] {dag.py:4180} INFO - Setting next_dagrun for example_complex to None, run_after=None
[2025-03-04T17:39:05.368+0000] {processor.py:208} INFO - Processing /home/airflow/.local/lib/python3.12/site-packages/airflow/example_dags/example_complex.py took 0.116 seconds
[2025-03-04T17:39:35.854+0000] {processor.py:186} INFO - Started process (PID=6922) to work on /home/airflow/.local/lib/python3.12/site-packages/airflow/example_dags/example_complex.py
[2025-03-04T17:39:35.856+0000] {processor.py:914} INFO - Processing file /home/airflow/.local/lib/python3.12/site-packages/airflow/example_dags/example_complex.py for tasks to queue
[2025-03-04T17:39:35.859+0000] {logging_mixin.py:190} INFO - [2025-03-04T17:39:35.858+0000] {dagbag.py:588} INFO - Filling up the DagBag from /home/airflow/.local/lib/python3.12/site-packages/airflow/example_dags/example_complex.py
[2025-03-04T17:39:35.876+0000] {processor.py:925} INFO - DAG(s) 'example_complex' retrieved from /home/airflow/.local/lib/python3.12/site-packages/airflow/example_dags/example_complex.py
[2025-03-04T17:39:35.918+0000] {logging_mixin.py:190} INFO - [2025-03-04T17:39:35.918+0000] {dag.py:3239} INFO - Sync 1 DAGs
[2025-03-04T17:39:35.939+0000] {logging_mixin.py:190} INFO - [2025-03-04T17:39:35.939+0000] {dag.py:4180} INFO - Setting next_dagrun for example_complex to None, run_after=None
[2025-03-04T17:39:35.966+0000] {processor.py:208} INFO - Processing /home/airflow/.local/lib/python3.12/site-packages/airflow/example_dags/example_complex.py took 0.126 seconds
[2025-03-04T17:40:06.763+0000] {processor.py:186} INFO - Started process (PID=7233) to work on /home/airflow/.local/lib/python3.12/site-packages/airflow/example_dags/example_complex.py
[2025-03-04T17:40:06.764+0000] {processor.py:914} INFO - Processing file /home/airflow/.local/lib/python3.12/site-packages/airflow/example_dags/example_complex.py for tasks to queue
[2025-03-04T17:40:06.768+0000] {logging_mixin.py:190} INFO - [2025-03-04T17:40:06.768+0000] {dagbag.py:588} INFO - Filling up the DagBag from /home/airflow/.local/lib/python3.12/site-packages/airflow/example_dags/example_complex.py
[2025-03-04T17:40:06.797+0000] {processor.py:925} INFO - DAG(s) 'example_complex' retrieved from /home/airflow/.local/lib/python3.12/site-packages/airflow/example_dags/example_complex.py
[2025-03-04T17:40:06.874+0000] {logging_mixin.py:190} INFO - [2025-03-04T17:40:06.873+0000] {dag.py:3239} INFO - Sync 1 DAGs
[2025-03-04T17:40:06.899+0000] {logging_mixin.py:190} INFO - [2025-03-04T17:40:06.899+0000] {dag.py:4180} INFO - Setting next_dagrun for example_complex to None, run_after=None
[2025-03-04T17:40:06.928+0000] {processor.py:208} INFO - Processing /home/airflow/.local/lib/python3.12/site-packages/airflow/example_dags/example_complex.py took 0.176 seconds
[2025-03-04T17:40:37.814+0000] {processor.py:186} INFO - Started process (PID=7539) to work on /home/airflow/.local/lib/python3.12/site-packages/airflow/example_dags/example_complex.py
[2025-03-04T17:40:37.815+0000] {processor.py:914} INFO - Processing file /home/airflow/.local/lib/python3.12/site-packages/airflow/example_dags/example_complex.py for tasks to queue
[2025-03-04T17:40:37.818+0000] {logging_mixin.py:190} INFO - [2025-03-04T17:40:37.818+0000] {dagbag.py:588} INFO - Filling up the DagBag from /home/airflow/.local/lib/python3.12/site-packages/airflow/example_dags/example_complex.py
[2025-03-04T17:40:37.835+0000] {processor.py:925} INFO - DAG(s) 'example_complex' retrieved from /home/airflow/.local/lib/python3.12/site-packages/airflow/example_dags/example_complex.py
[2025-03-04T17:40:37.881+0000] {logging_mixin.py:190} INFO - [2025-03-04T17:40:37.880+0000] {dag.py:3239} INFO - Sync 1 DAGs
[2025-03-04T17:40:37.901+0000] {logging_mixin.py:190} INFO - [2025-03-04T17:40:37.901+0000] {dag.py:4180} INFO - Setting next_dagrun for example_complex to None, run_after=None
[2025-03-04T17:40:37.936+0000] {processor.py:208} INFO - Processing /home/airflow/.local/lib/python3.12/site-packages/airflow/example_dags/example_complex.py took 0.131 seconds
[2025-03-04T17:41:08.491+0000] {processor.py:186} INFO - Started process (PID=7845) to work on /home/airflow/.local/lib/python3.12/site-packages/airflow/example_dags/example_complex.py
[2025-03-04T17:41:08.492+0000] {processor.py:914} INFO - Processing file /home/airflow/.local/lib/python3.12/site-packages/airflow/example_dags/example_complex.py for tasks to queue
[2025-03-04T17:41:08.495+0000] {logging_mixin.py:190} INFO - [2025-03-04T17:41:08.494+0000] {dagbag.py:588} INFO - Filling up the DagBag from /home/airflow/.local/lib/python3.12/site-packages/airflow/example_dags/example_complex.py
[2025-03-04T17:41:08.509+0000] {processor.py:925} INFO - DAG(s) 'example_complex' retrieved from /home/airflow/.local/lib/python3.12/site-packages/airflow/example_dags/example_complex.py
[2025-03-04T17:41:08.550+0000] {logging_mixin.py:190} INFO - [2025-03-04T17:41:08.549+0000] {dag.py:3239} INFO - Sync 1 DAGs
[2025-03-04T17:41:08.570+0000] {logging_mixin.py:190} INFO - [2025-03-04T17:41:08.570+0000] {dag.py:4180} INFO - Setting next_dagrun for example_complex to None, run_after=None
[2025-03-04T17:41:08.605+0000] {processor.py:208} INFO - Processing /home/airflow/.local/lib/python3.12/site-packages/airflow/example_dags/example_complex.py took 0.121 seconds
[2025-03-04T17:41:38.851+0000] {processor.py:186} INFO - Started process (PID=8151) to work on /home/airflow/.local/lib/python3.12/site-packages/airflow/example_dags/example_complex.py
[2025-03-04T17:41:38.852+0000] {processor.py:914} INFO - Processing file /home/airflow/.local/lib/python3.12/site-packages/airflow/example_dags/example_complex.py for tasks to queue
[2025-03-04T17:41:38.855+0000] {logging_mixin.py:190} INFO - [2025-03-04T17:41:38.855+0000] {dagbag.py:588} INFO - Filling up the DagBag from /home/airflow/.local/lib/python3.12/site-packages/airflow/example_dags/example_complex.py
[2025-03-04T17:41:38.870+0000] {processor.py:925} INFO - DAG(s) 'example_complex' retrieved from /home/airflow/.local/lib/python3.12/site-packages/airflow/example_dags/example_complex.py
[2025-03-04T17:41:38.908+0000] {logging_mixin.py:190} INFO - [2025-03-04T17:41:38.907+0000] {dag.py:3239} INFO - Sync 1 DAGs
[2025-03-04T17:41:38.925+0000] {logging_mixin.py:190} INFO - [2025-03-04T17:41:38.925+0000] {dag.py:4180} INFO - Setting next_dagrun for example_complex to None, run_after=None
[2025-03-04T17:41:38.949+0000] {processor.py:208} INFO - Processing /home/airflow/.local/lib/python3.12/site-packages/airflow/example_dags/example_complex.py took 0.105 seconds
[2025-03-04T17:42:09.199+0000] {processor.py:186} INFO - Started process (PID=8457) to work on /home/airflow/.local/lib/python3.12/site-packages/airflow/example_dags/example_complex.py
[2025-03-04T17:42:09.201+0000] {processor.py:914} INFO - Processing file /home/airflow/.local/lib/python3.12/site-packages/airflow/example_dags/example_complex.py for tasks to queue
[2025-03-04T17:42:09.204+0000] {logging_mixin.py:190} INFO - [2025-03-04T17:42:09.203+0000] {dagbag.py:588} INFO - Filling up the DagBag from /home/airflow/.local/lib/python3.12/site-packages/airflow/example_dags/example_complex.py
[2025-03-04T17:42:09.219+0000] {processor.py:925} INFO - DAG(s) 'example_complex' retrieved from /home/airflow/.local/lib/python3.12/site-packages/airflow/example_dags/example_complex.py
[2025-03-04T17:42:09.262+0000] {logging_mixin.py:190} INFO - [2025-03-04T17:42:09.262+0000] {dag.py:3239} INFO - Sync 1 DAGs
[2025-03-04T17:42:09.280+0000] {logging_mixin.py:190} INFO - [2025-03-04T17:42:09.280+0000] {dag.py:4180} INFO - Setting next_dagrun for example_complex to None, run_after=None
[2025-03-04T17:42:09.308+0000] {processor.py:208} INFO - Processing /home/airflow/.local/lib/python3.12/site-packages/airflow/example_dags/example_complex.py took 0.116 seconds
[2025-03-04T17:43:20.404+0000] {processor.py:186} INFO - Started process (PID=424) to work on /home/airflow/.local/lib/python3.12/site-packages/airflow/example_dags/example_complex.py
[2025-03-04T17:43:20.405+0000] {processor.py:914} INFO - Processing file /home/airflow/.local/lib/python3.12/site-packages/airflow/example_dags/example_complex.py for tasks to queue
[2025-03-04T17:43:20.407+0000] {logging_mixin.py:190} INFO - [2025-03-04T17:43:20.407+0000] {dagbag.py:588} INFO - Filling up the DagBag from /home/airflow/.local/lib/python3.12/site-packages/airflow/example_dags/example_complex.py
[2025-03-04T17:43:20.421+0000] {processor.py:925} INFO - DAG(s) 'example_complex' retrieved from /home/airflow/.local/lib/python3.12/site-packages/airflow/example_dags/example_complex.py
[2025-03-04T17:43:20.461+0000] {logging_mixin.py:190} INFO - [2025-03-04T17:43:20.461+0000] {dag.py:3239} INFO - Sync 1 DAGs
[2025-03-04T17:43:20.478+0000] {logging_mixin.py:190} INFO - [2025-03-04T17:43:20.478+0000] {dag.py:4180} INFO - Setting next_dagrun for example_complex to None, run_after=None
[2025-03-04T17:43:20.497+0000] {processor.py:208} INFO - Processing /home/airflow/.local/lib/python3.12/site-packages/airflow/example_dags/example_complex.py took 0.099 seconds
[2025-03-04T17:43:52.454+0000] {processor.py:186} INFO - Started process (PID=730) to work on /home/airflow/.local/lib/python3.12/site-packages/airflow/example_dags/example_complex.py
[2025-03-04T17:43:52.455+0000] {processor.py:914} INFO - Processing file /home/airflow/.local/lib/python3.12/site-packages/airflow/example_dags/example_complex.py for tasks to queue
[2025-03-04T17:43:52.457+0000] {logging_mixin.py:190} INFO - [2025-03-04T17:43:52.457+0000] {dagbag.py:588} INFO - Filling up the DagBag from /home/airflow/.local/lib/python3.12/site-packages/airflow/example_dags/example_complex.py
[2025-03-04T17:43:52.473+0000] {processor.py:925} INFO - DAG(s) 'example_complex' retrieved from /home/airflow/.local/lib/python3.12/site-packages/airflow/example_dags/example_complex.py
[2025-03-04T17:43:52.514+0000] {logging_mixin.py:190} INFO - [2025-03-04T17:43:52.513+0000] {dag.py:3239} INFO - Sync 1 DAGs
[2025-03-04T17:43:52.531+0000] {logging_mixin.py:190} INFO - [2025-03-04T17:43:52.530+0000] {dag.py:4180} INFO - Setting next_dagrun for example_complex to None, run_after=None
[2025-03-04T17:43:52.556+0000] {processor.py:208} INFO - Processing /home/airflow/.local/lib/python3.12/site-packages/airflow/example_dags/example_complex.py took 0.109 seconds
[2025-03-04T17:44:24.017+0000] {processor.py:186} INFO - Started process (PID=1036) to work on /home/airflow/.local/lib/python3.12/site-packages/airflow/example_dags/example_complex.py
[2025-03-04T17:44:24.018+0000] {processor.py:914} INFO - Processing file /home/airflow/.local/lib/python3.12/site-packages/airflow/example_dags/example_complex.py for tasks to queue
[2025-03-04T17:44:24.021+0000] {logging_mixin.py:190} INFO - [2025-03-04T17:44:24.020+0000] {dagbag.py:588} INFO - Filling up the DagBag from /home/airflow/.local/lib/python3.12/site-packages/airflow/example_dags/example_complex.py
[2025-03-04T17:44:24.035+0000] {processor.py:925} INFO - DAG(s) 'example_complex' retrieved from /home/airflow/.local/lib/python3.12/site-packages/airflow/example_dags/example_complex.py
[2025-03-04T17:44:24.089+0000] {logging_mixin.py:190} INFO - [2025-03-04T17:44:24.088+0000] {dag.py:3239} INFO - Sync 1 DAGs
[2025-03-04T17:44:24.119+0000] {logging_mixin.py:190} INFO - [2025-03-04T17:44:24.119+0000] {dag.py:4180} INFO - Setting next_dagrun for example_complex to None, run_after=None
[2025-03-04T17:44:24.148+0000] {processor.py:208} INFO - Processing /home/airflow/.local/lib/python3.12/site-packages/airflow/example_dags/example_complex.py took 0.143 seconds
[2025-03-04T17:44:54.277+0000] {processor.py:186} INFO - Started process (PID=1342) to work on /home/airflow/.local/lib/python3.12/site-packages/airflow/example_dags/example_complex.py
[2025-03-04T17:44:54.279+0000] {processor.py:914} INFO - Processing file /home/airflow/.local/lib/python3.12/site-packages/airflow/example_dags/example_complex.py for tasks to queue
[2025-03-04T17:44:54.281+0000] {logging_mixin.py:190} INFO - [2025-03-04T17:44:54.280+0000] {dagbag.py:588} INFO - Filling up the DagBag from /home/airflow/.local/lib/python3.12/site-packages/airflow/example_dags/example_complex.py
[2025-03-04T17:44:54.295+0000] {processor.py:925} INFO - DAG(s) 'example_complex' retrieved from /home/airflow/.local/lib/python3.12/site-packages/airflow/example_dags/example_complex.py
[2025-03-04T17:44:54.338+0000] {logging_mixin.py:190} INFO - [2025-03-04T17:44:54.338+0000] {dag.py:3239} INFO - Sync 1 DAGs
[2025-03-04T17:44:54.357+0000] {logging_mixin.py:190} INFO - [2025-03-04T17:44:54.356+0000] {dag.py:4180} INFO - Setting next_dagrun for example_complex to None, run_after=None
[2025-03-04T17:44:54.378+0000] {processor.py:208} INFO - Processing /home/airflow/.local/lib/python3.12/site-packages/airflow/example_dags/example_complex.py took 0.117 seconds
[2025-03-04T17:45:25.711+0000] {processor.py:186} INFO - Started process (PID=1648) to work on /home/airflow/.local/lib/python3.12/site-packages/airflow/example_dags/example_complex.py
[2025-03-04T17:45:25.713+0000] {processor.py:914} INFO - Processing file /home/airflow/.local/lib/python3.12/site-packages/airflow/example_dags/example_complex.py for tasks to queue
[2025-03-04T17:45:25.715+0000] {logging_mixin.py:190} INFO - [2025-03-04T17:45:25.715+0000] {dagbag.py:588} INFO - Filling up the DagBag from /home/airflow/.local/lib/python3.12/site-packages/airflow/example_dags/example_complex.py
[2025-03-04T17:45:25.732+0000] {processor.py:925} INFO - DAG(s) 'example_complex' retrieved from /home/airflow/.local/lib/python3.12/site-packages/airflow/example_dags/example_complex.py
[2025-03-04T17:45:25.775+0000] {logging_mixin.py:190} INFO - [2025-03-04T17:45:25.775+0000] {dag.py:3239} INFO - Sync 1 DAGs
[2025-03-04T17:45:25.795+0000] {logging_mixin.py:190} INFO - [2025-03-04T17:45:25.795+0000] {dag.py:4180} INFO - Setting next_dagrun for example_complex to None, run_after=None
[2025-03-04T17:45:25.824+0000] {processor.py:208} INFO - Processing /home/airflow/.local/lib/python3.12/site-packages/airflow/example_dags/example_complex.py took 0.120 seconds
[2025-03-04T17:45:56.948+0000] {processor.py:186} INFO - Started process (PID=1954) to work on /home/airflow/.local/lib/python3.12/site-packages/airflow/example_dags/example_complex.py
[2025-03-04T17:45:56.951+0000] {processor.py:914} INFO - Processing file /home/airflow/.local/lib/python3.12/site-packages/airflow/example_dags/example_complex.py for tasks to queue
[2025-03-04T17:45:56.955+0000] {logging_mixin.py:190} INFO - [2025-03-04T17:45:56.954+0000] {dagbag.py:588} INFO - Filling up the DagBag from /home/airflow/.local/lib/python3.12/site-packages/airflow/example_dags/example_complex.py
[2025-03-04T17:45:56.970+0000] {processor.py:925} INFO - DAG(s) 'example_complex' retrieved from /home/airflow/.local/lib/python3.12/site-packages/airflow/example_dags/example_complex.py
[2025-03-04T17:45:57.017+0000] {logging_mixin.py:190} INFO - [2025-03-04T17:45:57.016+0000] {dag.py:3239} INFO - Sync 1 DAGs
[2025-03-04T17:45:57.038+0000] {logging_mixin.py:190} INFO - [2025-03-04T17:45:57.038+0000] {dag.py:4180} INFO - Setting next_dagrun for example_complex to None, run_after=None
[2025-03-04T17:45:57.066+0000] {processor.py:208} INFO - Processing /home/airflow/.local/lib/python3.12/site-packages/airflow/example_dags/example_complex.py took 0.133 seconds
[2025-03-04T17:46:28.062+0000] {processor.py:186} INFO - Started process (PID=2260) to work on /home/airflow/.local/lib/python3.12/site-packages/airflow/example_dags/example_complex.py
[2025-03-04T17:46:28.063+0000] {processor.py:914} INFO - Processing file /home/airflow/.local/lib/python3.12/site-packages/airflow/example_dags/example_complex.py for tasks to queue
[2025-03-04T17:46:28.066+0000] {logging_mixin.py:190} INFO - [2025-03-04T17:46:28.065+0000] {dagbag.py:588} INFO - Filling up the DagBag from /home/airflow/.local/lib/python3.12/site-packages/airflow/example_dags/example_complex.py
[2025-03-04T17:46:28.081+0000] {processor.py:925} INFO - DAG(s) 'example_complex' retrieved from /home/airflow/.local/lib/python3.12/site-packages/airflow/example_dags/example_complex.py
[2025-03-04T17:46:28.127+0000] {logging_mixin.py:190} INFO - [2025-03-04T17:46:28.127+0000] {dag.py:3239} INFO - Sync 1 DAGs
[2025-03-04T17:46:28.149+0000] {logging_mixin.py:190} INFO - [2025-03-04T17:46:28.148+0000] {dag.py:4180} INFO - Setting next_dagrun for example_complex to None, run_after=None
[2025-03-04T17:46:28.177+0000] {processor.py:208} INFO - Processing /home/airflow/.local/lib/python3.12/site-packages/airflow/example_dags/example_complex.py took 0.123 seconds
[2025-03-04T17:46:58.546+0000] {processor.py:186} INFO - Started process (PID=2566) to work on /home/airflow/.local/lib/python3.12/site-packages/airflow/example_dags/example_complex.py
[2025-03-04T17:46:58.547+0000] {processor.py:914} INFO - Processing file /home/airflow/.local/lib/python3.12/site-packages/airflow/example_dags/example_complex.py for tasks to queue
[2025-03-04T17:46:58.551+0000] {logging_mixin.py:190} INFO - [2025-03-04T17:46:58.550+0000] {dagbag.py:588} INFO - Filling up the DagBag from /home/airflow/.local/lib/python3.12/site-packages/airflow/example_dags/example_complex.py
[2025-03-04T17:46:58.579+0000] {processor.py:925} INFO - DAG(s) 'example_complex' retrieved from /home/airflow/.local/lib/python3.12/site-packages/airflow/example_dags/example_complex.py
[2025-03-04T17:46:58.623+0000] {logging_mixin.py:190} INFO - [2025-03-04T17:46:58.623+0000] {dag.py:3239} INFO - Sync 1 DAGs
[2025-03-04T17:46:58.647+0000] {logging_mixin.py:190} INFO - [2025-03-04T17:46:58.646+0000] {dag.py:4180} INFO - Setting next_dagrun for example_complex to None, run_after=None
[2025-03-04T17:46:58.673+0000] {processor.py:208} INFO - Processing /home/airflow/.local/lib/python3.12/site-packages/airflow/example_dags/example_complex.py took 0.134 seconds
[2025-03-04T17:47:29.938+0000] {processor.py:186} INFO - Started process (PID=2867) to work on /home/airflow/.local/lib/python3.12/site-packages/airflow/example_dags/example_complex.py
[2025-03-04T17:47:29.940+0000] {processor.py:914} INFO - Processing file /home/airflow/.local/lib/python3.12/site-packages/airflow/example_dags/example_complex.py for tasks to queue
[2025-03-04T17:47:29.942+0000] {logging_mixin.py:190} INFO - [2025-03-04T17:47:29.942+0000] {dagbag.py:588} INFO - Filling up the DagBag from /home/airflow/.local/lib/python3.12/site-packages/airflow/example_dags/example_complex.py
[2025-03-04T17:47:29.958+0000] {processor.py:925} INFO - DAG(s) 'example_complex' retrieved from /home/airflow/.local/lib/python3.12/site-packages/airflow/example_dags/example_complex.py
[2025-03-04T17:47:29.998+0000] {logging_mixin.py:190} INFO - [2025-03-04T17:47:29.997+0000] {dag.py:3239} INFO - Sync 1 DAGs
[2025-03-04T17:47:30.013+0000] {logging_mixin.py:190} INFO - [2025-03-04T17:47:30.013+0000] {dag.py:4180} INFO - Setting next_dagrun for example_complex to None, run_after=None
[2025-03-04T17:47:30.037+0000] {processor.py:208} INFO - Processing /home/airflow/.local/lib/python3.12/site-packages/airflow/example_dags/example_complex.py took 0.105 seconds
[2025-03-04T17:48:00.456+0000] {processor.py:186} INFO - Started process (PID=3175) to work on /home/airflow/.local/lib/python3.12/site-packages/airflow/example_dags/example_complex.py
[2025-03-04T17:48:00.457+0000] {processor.py:914} INFO - Processing file /home/airflow/.local/lib/python3.12/site-packages/airflow/example_dags/example_complex.py for tasks to queue
[2025-03-04T17:48:00.459+0000] {logging_mixin.py:190} INFO - [2025-03-04T17:48:00.459+0000] {dagbag.py:588} INFO - Filling up the DagBag from /home/airflow/.local/lib/python3.12/site-packages/airflow/example_dags/example_complex.py
[2025-03-04T17:48:00.473+0000] {processor.py:925} INFO - DAG(s) 'example_complex' retrieved from /home/airflow/.local/lib/python3.12/site-packages/airflow/example_dags/example_complex.py
[2025-03-04T17:48:00.524+0000] {logging_mixin.py:190} INFO - [2025-03-04T17:48:00.524+0000] {dag.py:3239} INFO - Sync 1 DAGs
[2025-03-04T17:48:00.543+0000] {logging_mixin.py:190} INFO - [2025-03-04T17:48:00.543+0000] {dag.py:4180} INFO - Setting next_dagrun for example_complex to None, run_after=None
[2025-03-04T17:48:00.569+0000] {processor.py:208} INFO - Processing /home/airflow/.local/lib/python3.12/site-packages/airflow/example_dags/example_complex.py took 0.119 seconds
[2025-03-04T17:48:31.866+0000] {processor.py:186} INFO - Started process (PID=3480) to work on /home/airflow/.local/lib/python3.12/site-packages/airflow/example_dags/example_complex.py
[2025-03-04T17:48:31.868+0000] {processor.py:914} INFO - Processing file /home/airflow/.local/lib/python3.12/site-packages/airflow/example_dags/example_complex.py for tasks to queue
[2025-03-04T17:48:31.874+0000] {logging_mixin.py:190} INFO - [2025-03-04T17:48:31.873+0000] {dagbag.py:588} INFO - Filling up the DagBag from /home/airflow/.local/lib/python3.12/site-packages/airflow/example_dags/example_complex.py
[2025-03-04T17:48:31.890+0000] {processor.py:925} INFO - DAG(s) 'example_complex' retrieved from /home/airflow/.local/lib/python3.12/site-packages/airflow/example_dags/example_complex.py
[2025-03-04T17:48:31.935+0000] {logging_mixin.py:190} INFO - [2025-03-04T17:48:31.934+0000] {dag.py:3239} INFO - Sync 1 DAGs
[2025-03-04T17:48:31.954+0000] {logging_mixin.py:190} INFO - [2025-03-04T17:48:31.954+0000] {dag.py:4180} INFO - Setting next_dagrun for example_complex to None, run_after=None
[2025-03-04T17:48:31.983+0000] {processor.py:208} INFO - Processing /home/airflow/.local/lib/python3.12/site-packages/airflow/example_dags/example_complex.py took 0.133 seconds
[2025-03-04T17:49:03.249+0000] {processor.py:186} INFO - Started process (PID=3789) to work on /home/airflow/.local/lib/python3.12/site-packages/airflow/example_dags/example_complex.py
[2025-03-04T17:49:03.250+0000] {processor.py:914} INFO - Processing file /home/airflow/.local/lib/python3.12/site-packages/airflow/example_dags/example_complex.py for tasks to queue
[2025-03-04T17:49:03.253+0000] {logging_mixin.py:190} INFO - [2025-03-04T17:49:03.252+0000] {dagbag.py:588} INFO - Filling up the DagBag from /home/airflow/.local/lib/python3.12/site-packages/airflow/example_dags/example_complex.py
[2025-03-04T17:49:03.268+0000] {processor.py:925} INFO - DAG(s) 'example_complex' retrieved from /home/airflow/.local/lib/python3.12/site-packages/airflow/example_dags/example_complex.py
[2025-03-04T17:49:03.309+0000] {logging_mixin.py:190} INFO - [2025-03-04T17:49:03.309+0000] {dag.py:3239} INFO - Sync 1 DAGs
[2025-03-04T17:49:03.328+0000] {logging_mixin.py:190} INFO - [2025-03-04T17:49:03.327+0000] {dag.py:4180} INFO - Setting next_dagrun for example_complex to None, run_after=None
[2025-03-04T17:49:03.353+0000] {processor.py:208} INFO - Processing /home/airflow/.local/lib/python3.12/site-packages/airflow/example_dags/example_complex.py took 0.111 seconds
[2025-03-04T17:49:34.892+0000] {processor.py:186} INFO - Started process (PID=4095) to work on /home/airflow/.local/lib/python3.12/site-packages/airflow/example_dags/example_complex.py
[2025-03-04T17:49:34.893+0000] {processor.py:914} INFO - Processing file /home/airflow/.local/lib/python3.12/site-packages/airflow/example_dags/example_complex.py for tasks to queue
[2025-03-04T17:49:34.895+0000] {logging_mixin.py:190} INFO - [2025-03-04T17:49:34.895+0000] {dagbag.py:588} INFO - Filling up the DagBag from /home/airflow/.local/lib/python3.12/site-packages/airflow/example_dags/example_complex.py
[2025-03-04T17:49:34.909+0000] {processor.py:925} INFO - DAG(s) 'example_complex' retrieved from /home/airflow/.local/lib/python3.12/site-packages/airflow/example_dags/example_complex.py
[2025-03-04T17:49:34.947+0000] {logging_mixin.py:190} INFO - [2025-03-04T17:49:34.947+0000] {dag.py:3239} INFO - Sync 1 DAGs
[2025-03-04T17:49:34.963+0000] {logging_mixin.py:190} INFO - [2025-03-04T17:49:34.963+0000] {dag.py:4180} INFO - Setting next_dagrun for example_complex to None, run_after=None
[2025-03-04T17:49:34.987+0000] {processor.py:208} INFO - Processing /home/airflow/.local/lib/python3.12/site-packages/airflow/example_dags/example_complex.py took 0.101 seconds
[2025-03-04T17:52:42.462+0000] {processor.py:186} INFO - Started process (PID=424) to work on /home/airflow/.local/lib/python3.12/site-packages/airflow/example_dags/example_complex.py
[2025-03-04T17:52:42.463+0000] {processor.py:914} INFO - Processing file /home/airflow/.local/lib/python3.12/site-packages/airflow/example_dags/example_complex.py for tasks to queue
[2025-03-04T17:52:42.465+0000] {logging_mixin.py:190} INFO - [2025-03-04T17:52:42.465+0000] {dagbag.py:588} INFO - Filling up the DagBag from /home/airflow/.local/lib/python3.12/site-packages/airflow/example_dags/example_complex.py
[2025-03-04T17:52:42.479+0000] {processor.py:925} INFO - DAG(s) 'example_complex' retrieved from /home/airflow/.local/lib/python3.12/site-packages/airflow/example_dags/example_complex.py
[2025-03-04T17:52:42.520+0000] {logging_mixin.py:190} INFO - [2025-03-04T17:52:42.520+0000] {dag.py:3239} INFO - Sync 1 DAGs
[2025-03-04T17:52:42.538+0000] {logging_mixin.py:190} INFO - [2025-03-04T17:52:42.537+0000] {dag.py:4180} INFO - Setting next_dagrun for example_complex to None, run_after=None
[2025-03-04T17:52:42.563+0000] {processor.py:208} INFO - Processing /home/airflow/.local/lib/python3.12/site-packages/airflow/example_dags/example_complex.py took 0.107 seconds
[2025-03-04T17:53:14.427+0000] {processor.py:186} INFO - Started process (PID=730) to work on /home/airflow/.local/lib/python3.12/site-packages/airflow/example_dags/example_complex.py
[2025-03-04T17:53:14.429+0000] {processor.py:914} INFO - Processing file /home/airflow/.local/lib/python3.12/site-packages/airflow/example_dags/example_complex.py for tasks to queue
[2025-03-04T17:53:14.436+0000] {logging_mixin.py:190} INFO - [2025-03-04T17:53:14.435+0000] {dagbag.py:588} INFO - Filling up the DagBag from /home/airflow/.local/lib/python3.12/site-packages/airflow/example_dags/example_complex.py
[2025-03-04T17:53:14.457+0000] {processor.py:925} INFO - DAG(s) 'example_complex' retrieved from /home/airflow/.local/lib/python3.12/site-packages/airflow/example_dags/example_complex.py
[2025-03-04T17:53:14.502+0000] {logging_mixin.py:190} INFO - [2025-03-04T17:53:14.501+0000] {dag.py:3239} INFO - Sync 1 DAGs
[2025-03-04T17:53:14.520+0000] {logging_mixin.py:190} INFO - [2025-03-04T17:53:14.519+0000] {dag.py:4180} INFO - Setting next_dagrun for example_complex to None, run_after=None
[2025-03-04T17:53:14.547+0000] {processor.py:208} INFO - Processing /home/airflow/.local/lib/python3.12/site-packages/airflow/example_dags/example_complex.py took 0.137 seconds
[2025-03-04T17:53:44.640+0000] {processor.py:186} INFO - Started process (PID=1031) to work on /home/airflow/.local/lib/python3.12/site-packages/airflow/example_dags/example_complex.py
[2025-03-04T17:53:44.642+0000] {processor.py:914} INFO - Processing file /home/airflow/.local/lib/python3.12/site-packages/airflow/example_dags/example_complex.py for tasks to queue
[2025-03-04T17:53:44.644+0000] {logging_mixin.py:190} INFO - [2025-03-04T17:53:44.644+0000] {dagbag.py:588} INFO - Filling up the DagBag from /home/airflow/.local/lib/python3.12/site-packages/airflow/example_dags/example_complex.py
[2025-03-04T17:53:44.662+0000] {processor.py:925} INFO - DAG(s) 'example_complex' retrieved from /home/airflow/.local/lib/python3.12/site-packages/airflow/example_dags/example_complex.py
[2025-03-04T17:53:44.706+0000] {logging_mixin.py:190} INFO - [2025-03-04T17:53:44.705+0000] {dag.py:3239} INFO - Sync 1 DAGs
[2025-03-04T17:53:44.731+0000] {logging_mixin.py:190} INFO - [2025-03-04T17:53:44.731+0000] {dag.py:4180} INFO - Setting next_dagrun for example_complex to None, run_after=None
[2025-03-04T17:53:44.761+0000] {processor.py:208} INFO - Processing /home/airflow/.local/lib/python3.12/site-packages/airflow/example_dags/example_complex.py took 0.137 seconds
[2025-03-04T17:54:15.448+0000] {processor.py:186} INFO - Started process (PID=1337) to work on /home/airflow/.local/lib/python3.12/site-packages/airflow/example_dags/example_complex.py
[2025-03-04T17:54:15.449+0000] {processor.py:914} INFO - Processing file /home/airflow/.local/lib/python3.12/site-packages/airflow/example_dags/example_complex.py for tasks to queue
[2025-03-04T17:54:15.451+0000] {logging_mixin.py:190} INFO - [2025-03-04T17:54:15.450+0000] {dagbag.py:588} INFO - Filling up the DagBag from /home/airflow/.local/lib/python3.12/site-packages/airflow/example_dags/example_complex.py
[2025-03-04T17:54:15.466+0000] {processor.py:925} INFO - DAG(s) 'example_complex' retrieved from /home/airflow/.local/lib/python3.12/site-packages/airflow/example_dags/example_complex.py
[2025-03-04T17:54:15.506+0000] {logging_mixin.py:190} INFO - [2025-03-04T17:54:15.505+0000] {dag.py:3239} INFO - Sync 1 DAGs
[2025-03-04T17:54:15.523+0000] {logging_mixin.py:190} INFO - [2025-03-04T17:54:15.523+0000] {dag.py:4180} INFO - Setting next_dagrun for example_complex to None, run_after=None
[2025-03-04T17:54:15.562+0000] {processor.py:208} INFO - Processing /home/airflow/.local/lib/python3.12/site-packages/airflow/example_dags/example_complex.py took 0.120 seconds
[2025-03-04T17:54:47.117+0000] {processor.py:186} INFO - Started process (PID=1653) to work on /home/airflow/.local/lib/python3.12/site-packages/airflow/example_dags/example_complex.py
[2025-03-04T17:54:47.118+0000] {processor.py:914} INFO - Processing file /home/airflow/.local/lib/python3.12/site-packages/airflow/example_dags/example_complex.py for tasks to queue
[2025-03-04T17:54:47.119+0000] {logging_mixin.py:190} INFO - [2025-03-04T17:54:47.119+0000] {dagbag.py:588} INFO - Filling up the DagBag from /home/airflow/.local/lib/python3.12/site-packages/airflow/example_dags/example_complex.py
[2025-03-04T17:54:47.135+0000] {processor.py:925} INFO - DAG(s) 'example_complex' retrieved from /home/airflow/.local/lib/python3.12/site-packages/airflow/example_dags/example_complex.py
[2025-03-04T17:54:47.175+0000] {logging_mixin.py:190} INFO - [2025-03-04T17:54:47.174+0000] {dag.py:3239} INFO - Sync 1 DAGs
[2025-03-04T17:54:47.193+0000] {logging_mixin.py:190} INFO - [2025-03-04T17:54:47.192+0000] {dag.py:4180} INFO - Setting next_dagrun for example_complex to None, run_after=None
[2025-03-04T17:54:47.215+0000] {processor.py:208} INFO - Processing /home/airflow/.local/lib/python3.12/site-packages/airflow/example_dags/example_complex.py took 0.105 seconds
[2025-03-04T17:56:41.156+0000] {processor.py:186} INFO - Started process (PID=424) to work on /home/airflow/.local/lib/python3.12/site-packages/airflow/example_dags/example_complex.py
[2025-03-04T17:56:41.157+0000] {processor.py:914} INFO - Processing file /home/airflow/.local/lib/python3.12/site-packages/airflow/example_dags/example_complex.py for tasks to queue
[2025-03-04T17:56:41.159+0000] {logging_mixin.py:190} INFO - [2025-03-04T17:56:41.159+0000] {dagbag.py:588} INFO - Filling up the DagBag from /home/airflow/.local/lib/python3.12/site-packages/airflow/example_dags/example_complex.py
[2025-03-04T17:56:41.174+0000] {processor.py:925} INFO - DAG(s) 'example_complex' retrieved from /home/airflow/.local/lib/python3.12/site-packages/airflow/example_dags/example_complex.py
[2025-03-04T17:56:41.217+0000] {logging_mixin.py:190} INFO - [2025-03-04T17:56:41.217+0000] {dag.py:3239} INFO - Sync 1 DAGs
[2025-03-04T17:56:41.234+0000] {logging_mixin.py:190} INFO - [2025-03-04T17:56:41.234+0000] {dag.py:4180} INFO - Setting next_dagrun for example_complex to None, run_after=None
[2025-03-04T17:56:41.255+0000] {processor.py:208} INFO - Processing /home/airflow/.local/lib/python3.12/site-packages/airflow/example_dags/example_complex.py took 0.105 seconds
[2025-03-04T17:57:11.628+0000] {processor.py:186} INFO - Started process (PID=741) to work on /home/airflow/.local/lib/python3.12/site-packages/airflow/example_dags/example_complex.py
[2025-03-04T17:57:11.629+0000] {processor.py:914} INFO - Processing file /home/airflow/.local/lib/python3.12/site-packages/airflow/example_dags/example_complex.py for tasks to queue
[2025-03-04T17:57:11.631+0000] {logging_mixin.py:190} INFO - [2025-03-04T17:57:11.631+0000] {dagbag.py:588} INFO - Filling up the DagBag from /home/airflow/.local/lib/python3.12/site-packages/airflow/example_dags/example_complex.py
[2025-03-04T17:57:11.645+0000] {processor.py:925} INFO - DAG(s) 'example_complex' retrieved from /home/airflow/.local/lib/python3.12/site-packages/airflow/example_dags/example_complex.py
[2025-03-04T17:57:11.684+0000] {logging_mixin.py:190} INFO - [2025-03-04T17:57:11.684+0000] {dag.py:3239} INFO - Sync 1 DAGs
[2025-03-04T17:57:11.701+0000] {logging_mixin.py:190} INFO - [2025-03-04T17:57:11.701+0000] {dag.py:4180} INFO - Setting next_dagrun for example_complex to None, run_after=None
[2025-03-04T17:57:11.720+0000] {processor.py:208} INFO - Processing /home/airflow/.local/lib/python3.12/site-packages/airflow/example_dags/example_complex.py took 0.098 seconds
[2025-03-04T17:57:44.011+0000] {processor.py:186} INFO - Started process (PID=1056) to work on /home/airflow/.local/lib/python3.12/site-packages/airflow/example_dags/example_complex.py
[2025-03-04T17:57:44.012+0000] {processor.py:914} INFO - Processing file /home/airflow/.local/lib/python3.12/site-packages/airflow/example_dags/example_complex.py for tasks to queue
[2025-03-04T17:57:44.016+0000] {logging_mixin.py:190} INFO - [2025-03-04T17:57:44.016+0000] {dagbag.py:588} INFO - Filling up the DagBag from /home/airflow/.local/lib/python3.12/site-packages/airflow/example_dags/example_complex.py
[2025-03-04T17:57:44.033+0000] {processor.py:925} INFO - DAG(s) 'example_complex' retrieved from /home/airflow/.local/lib/python3.12/site-packages/airflow/example_dags/example_complex.py
[2025-03-04T17:57:44.074+0000] {logging_mixin.py:190} INFO - [2025-03-04T17:57:44.073+0000] {dag.py:3239} INFO - Sync 1 DAGs
[2025-03-04T17:57:44.093+0000] {logging_mixin.py:190} INFO - [2025-03-04T17:57:44.093+0000] {dag.py:4180} INFO - Setting next_dagrun for example_complex to None, run_after=None
[2025-03-04T17:57:44.118+0000] {processor.py:208} INFO - Processing /home/airflow/.local/lib/python3.12/site-packages/airflow/example_dags/example_complex.py took 0.114 seconds
[2025-03-04T17:58:14.993+0000] {processor.py:186} INFO - Started process (PID=1362) to work on /home/airflow/.local/lib/python3.12/site-packages/airflow/example_dags/example_complex.py
[2025-03-04T17:58:14.994+0000] {processor.py:914} INFO - Processing file /home/airflow/.local/lib/python3.12/site-packages/airflow/example_dags/example_complex.py for tasks to queue
[2025-03-04T17:58:14.996+0000] {logging_mixin.py:190} INFO - [2025-03-04T17:58:14.996+0000] {dagbag.py:588} INFO - Filling up the DagBag from /home/airflow/.local/lib/python3.12/site-packages/airflow/example_dags/example_complex.py
[2025-03-04T17:58:15.011+0000] {processor.py:925} INFO - DAG(s) 'example_complex' retrieved from /home/airflow/.local/lib/python3.12/site-packages/airflow/example_dags/example_complex.py
[2025-03-04T17:58:15.051+0000] {logging_mixin.py:190} INFO - [2025-03-04T17:58:15.051+0000] {dag.py:3239} INFO - Sync 1 DAGs
[2025-03-04T17:58:15.070+0000] {logging_mixin.py:190} INFO - [2025-03-04T17:58:15.070+0000] {dag.py:4180} INFO - Setting next_dagrun for example_complex to None, run_after=None
[2025-03-04T17:58:15.095+0000] {processor.py:208} INFO - Processing /home/airflow/.local/lib/python3.12/site-packages/airflow/example_dags/example_complex.py took 0.109 seconds
[2025-03-04T17:58:45.816+0000] {processor.py:186} INFO - Started process (PID=1668) to work on /home/airflow/.local/lib/python3.12/site-packages/airflow/example_dags/example_complex.py
[2025-03-04T17:58:45.817+0000] {processor.py:914} INFO - Processing file /home/airflow/.local/lib/python3.12/site-packages/airflow/example_dags/example_complex.py for tasks to queue
[2025-03-04T17:58:45.820+0000] {logging_mixin.py:190} INFO - [2025-03-04T17:58:45.819+0000] {dagbag.py:588} INFO - Filling up the DagBag from /home/airflow/.local/lib/python3.12/site-packages/airflow/example_dags/example_complex.py
[2025-03-04T17:58:45.835+0000] {processor.py:925} INFO - DAG(s) 'example_complex' retrieved from /home/airflow/.local/lib/python3.12/site-packages/airflow/example_dags/example_complex.py
[2025-03-04T17:58:45.877+0000] {logging_mixin.py:190} INFO - [2025-03-04T17:58:45.877+0000] {dag.py:3239} INFO - Sync 1 DAGs
[2025-03-04T17:58:45.897+0000] {logging_mixin.py:190} INFO - [2025-03-04T17:58:45.896+0000] {dag.py:4180} INFO - Setting next_dagrun for example_complex to None, run_after=None
[2025-03-04T17:58:45.921+0000] {processor.py:208} INFO - Processing /home/airflow/.local/lib/python3.12/site-packages/airflow/example_dags/example_complex.py took 0.112 seconds
[2025-03-04T17:59:40.563+0000] {processor.py:186} INFO - Started process (PID=423) to work on /home/airflow/.local/lib/python3.12/site-packages/airflow/example_dags/example_complex.py
[2025-03-04T17:59:40.564+0000] {processor.py:914} INFO - Processing file /home/airflow/.local/lib/python3.12/site-packages/airflow/example_dags/example_complex.py for tasks to queue
[2025-03-04T17:59:40.566+0000] {logging_mixin.py:190} INFO - [2025-03-04T17:59:40.566+0000] {dagbag.py:588} INFO - Filling up the DagBag from /home/airflow/.local/lib/python3.12/site-packages/airflow/example_dags/example_complex.py
[2025-03-04T17:59:40.580+0000] {processor.py:925} INFO - DAG(s) 'example_complex' retrieved from /home/airflow/.local/lib/python3.12/site-packages/airflow/example_dags/example_complex.py
[2025-03-04T17:59:40.622+0000] {logging_mixin.py:190} INFO - [2025-03-04T17:59:40.621+0000] {dag.py:3239} INFO - Sync 1 DAGs
[2025-03-04T17:59:40.639+0000] {logging_mixin.py:190} INFO - [2025-03-04T17:59:40.638+0000] {dag.py:4180} INFO - Setting next_dagrun for example_complex to None, run_after=None
[2025-03-04T17:59:40.659+0000] {processor.py:208} INFO - Processing /home/airflow/.local/lib/python3.12/site-packages/airflow/example_dags/example_complex.py took 0.103 seconds
[2025-03-04T18:00:12.292+0000] {processor.py:186} INFO - Started process (PID=729) to work on /home/airflow/.local/lib/python3.12/site-packages/airflow/example_dags/example_complex.py
[2025-03-04T18:00:12.293+0000] {processor.py:914} INFO - Processing file /home/airflow/.local/lib/python3.12/site-packages/airflow/example_dags/example_complex.py for tasks to queue
[2025-03-04T18:00:12.296+0000] {logging_mixin.py:190} INFO - [2025-03-04T18:00:12.295+0000] {dagbag.py:588} INFO - Filling up the DagBag from /home/airflow/.local/lib/python3.12/site-packages/airflow/example_dags/example_complex.py
[2025-03-04T18:00:12.310+0000] {processor.py:925} INFO - DAG(s) 'example_complex' retrieved from /home/airflow/.local/lib/python3.12/site-packages/airflow/example_dags/example_complex.py
[2025-03-04T18:00:12.350+0000] {logging_mixin.py:190} INFO - [2025-03-04T18:00:12.350+0000] {dag.py:3239} INFO - Sync 1 DAGs
[2025-03-04T18:00:12.367+0000] {logging_mixin.py:190} INFO - [2025-03-04T18:00:12.367+0000] {dag.py:4180} INFO - Setting next_dagrun for example_complex to None, run_after=None
[2025-03-04T18:00:12.390+0000] {processor.py:208} INFO - Processing /home/airflow/.local/lib/python3.12/site-packages/airflow/example_dags/example_complex.py took 0.104 seconds
[2025-03-04T18:00:43.279+0000] {processor.py:186} INFO - Started process (PID=1035) to work on /home/airflow/.local/lib/python3.12/site-packages/airflow/example_dags/example_complex.py
[2025-03-04T18:00:43.280+0000] {processor.py:914} INFO - Processing file /home/airflow/.local/lib/python3.12/site-packages/airflow/example_dags/example_complex.py for tasks to queue
[2025-03-04T18:00:43.282+0000] {logging_mixin.py:190} INFO - [2025-03-04T18:00:43.282+0000] {dagbag.py:588} INFO - Filling up the DagBag from /home/airflow/.local/lib/python3.12/site-packages/airflow/example_dags/example_complex.py
[2025-03-04T18:00:43.297+0000] {processor.py:925} INFO - DAG(s) 'example_complex' retrieved from /home/airflow/.local/lib/python3.12/site-packages/airflow/example_dags/example_complex.py
[2025-03-04T18:00:43.353+0000] {logging_mixin.py:190} INFO - [2025-03-04T18:00:43.352+0000] {dag.py:3239} INFO - Sync 1 DAGs
[2025-03-04T18:00:43.384+0000] {logging_mixin.py:190} INFO - [2025-03-04T18:00:43.384+0000] {dag.py:4180} INFO - Setting next_dagrun for example_complex to None, run_after=None
[2025-03-04T18:00:43.410+0000] {processor.py:208} INFO - Processing /home/airflow/.local/lib/python3.12/site-packages/airflow/example_dags/example_complex.py took 0.141 seconds
[2025-03-04T18:01:14.025+0000] {processor.py:186} INFO - Started process (PID=1341) to work on /home/airflow/.local/lib/python3.12/site-packages/airflow/example_dags/example_complex.py
[2025-03-04T18:01:14.027+0000] {processor.py:914} INFO - Processing file /home/airflow/.local/lib/python3.12/site-packages/airflow/example_dags/example_complex.py for tasks to queue
[2025-03-04T18:01:14.029+0000] {logging_mixin.py:190} INFO - [2025-03-04T18:01:14.029+0000] {dagbag.py:588} INFO - Filling up the DagBag from /home/airflow/.local/lib/python3.12/site-packages/airflow/example_dags/example_complex.py
[2025-03-04T18:01:14.045+0000] {processor.py:925} INFO - DAG(s) 'example_complex' retrieved from /home/airflow/.local/lib/python3.12/site-packages/airflow/example_dags/example_complex.py
[2025-03-04T18:01:14.092+0000] {logging_mixin.py:190} INFO - [2025-03-04T18:01:14.092+0000] {dag.py:3239} INFO - Sync 1 DAGs
[2025-03-04T18:01:14.114+0000] {logging_mixin.py:190} INFO - [2025-03-04T18:01:14.113+0000] {dag.py:4180} INFO - Setting next_dagrun for example_complex to None, run_after=None
[2025-03-04T18:01:14.141+0000] {processor.py:208} INFO - Processing /home/airflow/.local/lib/python3.12/site-packages/airflow/example_dags/example_complex.py took 0.132 seconds
[2025-03-04T18:01:44.359+0000] {processor.py:186} INFO - Started process (PID=1644) to work on /home/airflow/.local/lib/python3.12/site-packages/airflow/example_dags/example_complex.py
[2025-03-04T18:01:44.360+0000] {processor.py:914} INFO - Processing file /home/airflow/.local/lib/python3.12/site-packages/airflow/example_dags/example_complex.py for tasks to queue
[2025-03-04T18:01:44.362+0000] {logging_mixin.py:190} INFO - [2025-03-04T18:01:44.362+0000] {dagbag.py:588} INFO - Filling up the DagBag from /home/airflow/.local/lib/python3.12/site-packages/airflow/example_dags/example_complex.py
[2025-03-04T18:01:44.377+0000] {processor.py:925} INFO - DAG(s) 'example_complex' retrieved from /home/airflow/.local/lib/python3.12/site-packages/airflow/example_dags/example_complex.py
[2025-03-04T18:01:44.422+0000] {logging_mixin.py:190} INFO - [2025-03-04T18:01:44.421+0000] {dag.py:3239} INFO - Sync 1 DAGs
[2025-03-04T18:01:44.439+0000] {logging_mixin.py:190} INFO - [2025-03-04T18:01:44.439+0000] {dag.py:4180} INFO - Setting next_dagrun for example_complex to None, run_after=None
[2025-03-04T18:01:44.462+0000] {processor.py:208} INFO - Processing /home/airflow/.local/lib/python3.12/site-packages/airflow/example_dags/example_complex.py took 0.110 seconds
[2025-03-04T18:02:15.903+0000] {processor.py:186} INFO - Started process (PID=1950) to work on /home/airflow/.local/lib/python3.12/site-packages/airflow/example_dags/example_complex.py
[2025-03-04T18:02:15.904+0000] {processor.py:914} INFO - Processing file /home/airflow/.local/lib/python3.12/site-packages/airflow/example_dags/example_complex.py for tasks to queue
[2025-03-04T18:02:15.906+0000] {logging_mixin.py:190} INFO - [2025-03-04T18:02:15.906+0000] {dagbag.py:588} INFO - Filling up the DagBag from /home/airflow/.local/lib/python3.12/site-packages/airflow/example_dags/example_complex.py
[2025-03-04T18:02:15.921+0000] {processor.py:925} INFO - DAG(s) 'example_complex' retrieved from /home/airflow/.local/lib/python3.12/site-packages/airflow/example_dags/example_complex.py
[2025-03-04T18:02:15.980+0000] {logging_mixin.py:190} INFO - [2025-03-04T18:02:15.980+0000] {dag.py:3239} INFO - Sync 1 DAGs
[2025-03-04T18:02:15.998+0000] {logging_mixin.py:190} INFO - [2025-03-04T18:02:15.998+0000] {dag.py:4180} INFO - Setting next_dagrun for example_complex to None, run_after=None
[2025-03-04T18:02:16.025+0000] {processor.py:208} INFO - Processing /home/airflow/.local/lib/python3.12/site-packages/airflow/example_dags/example_complex.py took 0.129 seconds
[2025-03-04T18:02:46.488+0000] {processor.py:186} INFO - Started process (PID=2256) to work on /home/airflow/.local/lib/python3.12/site-packages/airflow/example_dags/example_complex.py
[2025-03-04T18:02:46.489+0000] {processor.py:914} INFO - Processing file /home/airflow/.local/lib/python3.12/site-packages/airflow/example_dags/example_complex.py for tasks to queue
[2025-03-04T18:02:46.492+0000] {logging_mixin.py:190} INFO - [2025-03-04T18:02:46.492+0000] {dagbag.py:588} INFO - Filling up the DagBag from /home/airflow/.local/lib/python3.12/site-packages/airflow/example_dags/example_complex.py
[2025-03-04T18:02:46.507+0000] {processor.py:925} INFO - DAG(s) 'example_complex' retrieved from /home/airflow/.local/lib/python3.12/site-packages/airflow/example_dags/example_complex.py
[2025-03-04T18:02:46.569+0000] {logging_mixin.py:190} INFO - [2025-03-04T18:02:46.568+0000] {dag.py:3239} INFO - Sync 1 DAGs
[2025-03-04T18:02:46.591+0000] {logging_mixin.py:190} INFO - [2025-03-04T18:02:46.591+0000] {dag.py:4180} INFO - Setting next_dagrun for example_complex to None, run_after=None
[2025-03-04T18:02:46.617+0000] {processor.py:208} INFO - Processing /home/airflow/.local/lib/python3.12/site-packages/airflow/example_dags/example_complex.py took 0.136 seconds
[2025-03-04T18:03:17.099+0000] {processor.py:186} INFO - Started process (PID=2571) to work on /home/airflow/.local/lib/python3.12/site-packages/airflow/example_dags/example_complex.py
[2025-03-04T18:03:17.100+0000] {processor.py:914} INFO - Processing file /home/airflow/.local/lib/python3.12/site-packages/airflow/example_dags/example_complex.py for tasks to queue
[2025-03-04T18:03:17.102+0000] {logging_mixin.py:190} INFO - [2025-03-04T18:03:17.101+0000] {dagbag.py:588} INFO - Filling up the DagBag from /home/airflow/.local/lib/python3.12/site-packages/airflow/example_dags/example_complex.py
[2025-03-04T18:03:17.117+0000] {processor.py:925} INFO - DAG(s) 'example_complex' retrieved from /home/airflow/.local/lib/python3.12/site-packages/airflow/example_dags/example_complex.py
[2025-03-04T18:03:17.159+0000] {logging_mixin.py:190} INFO - [2025-03-04T18:03:17.159+0000] {dag.py:3239} INFO - Sync 1 DAGs
[2025-03-04T18:03:17.175+0000] {logging_mixin.py:190} INFO - [2025-03-04T18:03:17.175+0000] {dag.py:4180} INFO - Setting next_dagrun for example_complex to None, run_after=None
[2025-03-04T18:03:17.200+0000] {processor.py:208} INFO - Processing /home/airflow/.local/lib/python3.12/site-packages/airflow/example_dags/example_complex.py took 0.107 seconds
[2025-03-04T18:03:47.886+0000] {processor.py:186} INFO - Started process (PID=2879) to work on /home/airflow/.local/lib/python3.12/site-packages/airflow/example_dags/example_complex.py
[2025-03-04T18:03:47.887+0000] {processor.py:914} INFO - Processing file /home/airflow/.local/lib/python3.12/site-packages/airflow/example_dags/example_complex.py for tasks to queue
[2025-03-04T18:03:47.890+0000] {logging_mixin.py:190} INFO - [2025-03-04T18:03:47.890+0000] {dagbag.py:588} INFO - Filling up the DagBag from /home/airflow/.local/lib/python3.12/site-packages/airflow/example_dags/example_complex.py
[2025-03-04T18:03:47.906+0000] {processor.py:925} INFO - DAG(s) 'example_complex' retrieved from /home/airflow/.local/lib/python3.12/site-packages/airflow/example_dags/example_complex.py
[2025-03-04T18:03:47.953+0000] {logging_mixin.py:190} INFO - [2025-03-04T18:03:47.952+0000] {dag.py:3239} INFO - Sync 1 DAGs
[2025-03-04T18:03:47.973+0000] {logging_mixin.py:190} INFO - [2025-03-04T18:03:47.973+0000] {dag.py:4180} INFO - Setting next_dagrun for example_complex to None, run_after=None
[2025-03-04T18:03:48.001+0000] {processor.py:208} INFO - Processing /home/airflow/.local/lib/python3.12/site-packages/airflow/example_dags/example_complex.py took 0.121 seconds
[2025-03-04T18:04:18.344+0000] {processor.py:186} INFO - Started process (PID=3183) to work on /home/airflow/.local/lib/python3.12/site-packages/airflow/example_dags/example_complex.py
[2025-03-04T18:04:18.345+0000] {processor.py:914} INFO - Processing file /home/airflow/.local/lib/python3.12/site-packages/airflow/example_dags/example_complex.py for tasks to queue
[2025-03-04T18:04:18.348+0000] {logging_mixin.py:190} INFO - [2025-03-04T18:04:18.347+0000] {dagbag.py:588} INFO - Filling up the DagBag from /home/airflow/.local/lib/python3.12/site-packages/airflow/example_dags/example_complex.py
[2025-03-04T18:04:18.363+0000] {processor.py:925} INFO - DAG(s) 'example_complex' retrieved from /home/airflow/.local/lib/python3.12/site-packages/airflow/example_dags/example_complex.py
[2025-03-04T18:04:18.405+0000] {logging_mixin.py:190} INFO - [2025-03-04T18:04:18.404+0000] {dag.py:3239} INFO - Sync 1 DAGs
[2025-03-04T18:04:18.423+0000] {logging_mixin.py:190} INFO - [2025-03-04T18:04:18.423+0000] {dag.py:4180} INFO - Setting next_dagrun for example_complex to None, run_after=None
[2025-03-04T18:04:18.445+0000] {processor.py:208} INFO - Processing /home/airflow/.local/lib/python3.12/site-packages/airflow/example_dags/example_complex.py took 0.108 seconds
[2025-03-04T18:04:49.371+0000] {processor.py:186} INFO - Started process (PID=3489) to work on /home/airflow/.local/lib/python3.12/site-packages/airflow/example_dags/example_complex.py
[2025-03-04T18:04:49.372+0000] {processor.py:914} INFO - Processing file /home/airflow/.local/lib/python3.12/site-packages/airflow/example_dags/example_complex.py for tasks to queue
[2025-03-04T18:04:49.374+0000] {logging_mixin.py:190} INFO - [2025-03-04T18:04:49.374+0000] {dagbag.py:588} INFO - Filling up the DagBag from /home/airflow/.local/lib/python3.12/site-packages/airflow/example_dags/example_complex.py
[2025-03-04T18:04:49.390+0000] {processor.py:925} INFO - DAG(s) 'example_complex' retrieved from /home/airflow/.local/lib/python3.12/site-packages/airflow/example_dags/example_complex.py
[2025-03-04T18:04:49.456+0000] {logging_mixin.py:190} INFO - [2025-03-04T18:04:49.455+0000] {dag.py:3239} INFO - Sync 1 DAGs
[2025-03-04T18:04:49.475+0000] {logging_mixin.py:190} INFO - [2025-03-04T18:04:49.475+0000] {dag.py:4180} INFO - Setting next_dagrun for example_complex to None, run_after=None
[2025-03-04T18:04:49.503+0000] {processor.py:208} INFO - Processing /home/airflow/.local/lib/python3.12/site-packages/airflow/example_dags/example_complex.py took 0.141 seconds
[2025-03-04T18:05:19.921+0000] {processor.py:186} INFO - Started process (PID=3790) to work on /home/airflow/.local/lib/python3.12/site-packages/airflow/example_dags/example_complex.py
[2025-03-04T18:05:19.922+0000] {processor.py:914} INFO - Processing file /home/airflow/.local/lib/python3.12/site-packages/airflow/example_dags/example_complex.py for tasks to queue
[2025-03-04T18:05:19.925+0000] {logging_mixin.py:190} INFO - [2025-03-04T18:05:19.924+0000] {dagbag.py:588} INFO - Filling up the DagBag from /home/airflow/.local/lib/python3.12/site-packages/airflow/example_dags/example_complex.py
[2025-03-04T18:05:19.941+0000] {processor.py:925} INFO - DAG(s) 'example_complex' retrieved from /home/airflow/.local/lib/python3.12/site-packages/airflow/example_dags/example_complex.py
[2025-03-04T18:05:19.983+0000] {logging_mixin.py:190} INFO - [2025-03-04T18:05:19.982+0000] {dag.py:3239} INFO - Sync 1 DAGs
[2025-03-04T18:05:20.001+0000] {logging_mixin.py:190} INFO - [2025-03-04T18:05:20.001+0000] {dag.py:4180} INFO - Setting next_dagrun for example_complex to None, run_after=None
[2025-03-04T18:05:20.026+0000] {processor.py:208} INFO - Processing /home/airflow/.local/lib/python3.12/site-packages/airflow/example_dags/example_complex.py took 0.111 seconds
