[2025-03-04T17:28:48.341+0000] {processor.py:186} INFO - Started process (PID=527) to work on /home/airflow/.local/lib/python3.12/site-packages/airflow/example_dags/example_display_name.py
[2025-03-04T17:28:48.342+0000] {processor.py:914} INFO - Processing file /home/airflow/.local/lib/python3.12/site-packages/airflow/example_dags/example_display_name.py for tasks to queue
[2025-03-04T17:28:48.347+0000] {logging_mixin.py:190} INFO - [2025-03-04T17:28:48.346+0000] {dagbag.py:588} INFO - Filling up the DagBag from /home/airflow/.local/lib/python3.12/site-packages/airflow/example_dags/example_display_name.py
[2025-03-04T17:28:48.357+0000] {processor.py:925} INFO - DAG(s) 'example_display_name' retrieved from /home/airflow/.local/lib/python3.12/site-packages/airflow/example_dags/example_display_name.py
[2025-03-04T17:28:48.381+0000] {logging_mixin.py:190} INFO - [2025-03-04T17:28:48.380+0000] {dag.py:3239} INFO - Sync 1 DAGs
[2025-03-04T17:28:48.405+0000] {logging_mixin.py:190} INFO - [2025-03-04T17:28:48.404+0000] {dag.py:4180} INFO - Setting next_dagrun for example_display_name to None, run_after=None
[2025-03-04T17:28:48.428+0000] {processor.py:208} INFO - Processing /home/airflow/.local/lib/python3.12/site-packages/airflow/example_dags/example_display_name.py took 0.097 seconds
[2025-03-04T17:29:18.884+0000] {processor.py:186} INFO - Started process (PID=840) to work on /home/airflow/.local/lib/python3.12/site-packages/airflow/example_dags/example_display_name.py
[2025-03-04T17:29:18.886+0000] {processor.py:914} INFO - Processing file /home/airflow/.local/lib/python3.12/site-packages/airflow/example_dags/example_display_name.py for tasks to queue
[2025-03-04T17:29:18.889+0000] {logging_mixin.py:190} INFO - [2025-03-04T17:29:18.889+0000] {dagbag.py:588} INFO - Filling up the DagBag from /home/airflow/.local/lib/python3.12/site-packages/airflow/example_dags/example_display_name.py
[2025-03-04T17:29:18.898+0000] {processor.py:925} INFO - DAG(s) 'example_display_name' retrieved from /home/airflow/.local/lib/python3.12/site-packages/airflow/example_dags/example_display_name.py
[2025-03-04T17:29:18.921+0000] {logging_mixin.py:190} INFO - [2025-03-04T17:29:18.921+0000] {dag.py:3239} INFO - Sync 1 DAGs
[2025-03-04T17:29:18.938+0000] {logging_mixin.py:190} INFO - [2025-03-04T17:29:18.938+0000] {dag.py:4180} INFO - Setting next_dagrun for example_display_name to None, run_after=None
[2025-03-04T17:29:18.962+0000] {processor.py:208} INFO - Processing /home/airflow/.local/lib/python3.12/site-packages/airflow/example_dags/example_display_name.py took 0.091 seconds
[2025-03-04T17:29:49.388+0000] {processor.py:186} INFO - Started process (PID=1141) to work on /home/airflow/.local/lib/python3.12/site-packages/airflow/example_dags/example_display_name.py
[2025-03-04T17:29:49.389+0000] {processor.py:914} INFO - Processing file /home/airflow/.local/lib/python3.12/site-packages/airflow/example_dags/example_display_name.py for tasks to queue
[2025-03-04T17:29:49.391+0000] {logging_mixin.py:190} INFO - [2025-03-04T17:29:49.391+0000] {dagbag.py:588} INFO - Filling up the DagBag from /home/airflow/.local/lib/python3.12/site-packages/airflow/example_dags/example_display_name.py
[2025-03-04T17:29:49.400+0000] {processor.py:925} INFO - DAG(s) 'example_display_name' retrieved from /home/airflow/.local/lib/python3.12/site-packages/airflow/example_dags/example_display_name.py
[2025-03-04T17:29:49.431+0000] {logging_mixin.py:190} INFO - [2025-03-04T17:29:49.431+0000] {dag.py:3239} INFO - Sync 1 DAGs
[2025-03-04T17:29:49.449+0000] {logging_mixin.py:190} INFO - [2025-03-04T17:29:49.449+0000] {dag.py:4180} INFO - Setting next_dagrun for example_display_name to None, run_after=None
[2025-03-04T17:29:49.476+0000] {processor.py:208} INFO - Processing /home/airflow/.local/lib/python3.12/site-packages/airflow/example_dags/example_display_name.py took 0.095 seconds
[2025-03-04T17:30:20.537+0000] {processor.py:186} INFO - Started process (PID=1447) to work on /home/airflow/.local/lib/python3.12/site-packages/airflow/example_dags/example_display_name.py
[2025-03-04T17:30:20.538+0000] {processor.py:914} INFO - Processing file /home/airflow/.local/lib/python3.12/site-packages/airflow/example_dags/example_display_name.py for tasks to queue
[2025-03-04T17:30:20.540+0000] {logging_mixin.py:190} INFO - [2025-03-04T17:30:20.540+0000] {dagbag.py:588} INFO - Filling up the DagBag from /home/airflow/.local/lib/python3.12/site-packages/airflow/example_dags/example_display_name.py
[2025-03-04T17:30:20.549+0000] {processor.py:925} INFO - DAG(s) 'example_display_name' retrieved from /home/airflow/.local/lib/python3.12/site-packages/airflow/example_dags/example_display_name.py
[2025-03-04T17:30:20.570+0000] {logging_mixin.py:190} INFO - [2025-03-04T17:30:20.570+0000] {dag.py:3239} INFO - Sync 1 DAGs
[2025-03-04T17:30:20.588+0000] {logging_mixin.py:190} INFO - [2025-03-04T17:30:20.588+0000] {dag.py:4180} INFO - Setting next_dagrun for example_display_name to None, run_after=None
[2025-03-04T17:30:20.610+0000] {processor.py:208} INFO - Processing /home/airflow/.local/lib/python3.12/site-packages/airflow/example_dags/example_display_name.py took 0.081 seconds
[2025-03-04T17:30:52.078+0000] {processor.py:186} INFO - Started process (PID=1753) to work on /home/airflow/.local/lib/python3.12/site-packages/airflow/example_dags/example_display_name.py
[2025-03-04T17:30:52.079+0000] {processor.py:914} INFO - Processing file /home/airflow/.local/lib/python3.12/site-packages/airflow/example_dags/example_display_name.py for tasks to queue
[2025-03-04T17:30:52.081+0000] {logging_mixin.py:190} INFO - [2025-03-04T17:30:52.081+0000] {dagbag.py:588} INFO - Filling up the DagBag from /home/airflow/.local/lib/python3.12/site-packages/airflow/example_dags/example_display_name.py
[2025-03-04T17:30:52.089+0000] {processor.py:925} INFO - DAG(s) 'example_display_name' retrieved from /home/airflow/.local/lib/python3.12/site-packages/airflow/example_dags/example_display_name.py
[2025-03-04T17:30:52.113+0000] {logging_mixin.py:190} INFO - [2025-03-04T17:30:52.113+0000] {dag.py:3239} INFO - Sync 1 DAGs
[2025-03-04T17:30:52.142+0000] {logging_mixin.py:190} INFO - [2025-03-04T17:30:52.142+0000] {dag.py:4180} INFO - Setting next_dagrun for example_display_name to None, run_after=None
[2025-03-04T17:30:52.166+0000] {processor.py:208} INFO - Processing /home/airflow/.local/lib/python3.12/site-packages/airflow/example_dags/example_display_name.py took 0.095 seconds
[2025-03-04T17:31:22.901+0000] {processor.py:186} INFO - Started process (PID=2059) to work on /home/airflow/.local/lib/python3.12/site-packages/airflow/example_dags/example_display_name.py
[2025-03-04T17:31:22.902+0000] {processor.py:914} INFO - Processing file /home/airflow/.local/lib/python3.12/site-packages/airflow/example_dags/example_display_name.py for tasks to queue
[2025-03-04T17:31:22.904+0000] {logging_mixin.py:190} INFO - [2025-03-04T17:31:22.904+0000] {dagbag.py:588} INFO - Filling up the DagBag from /home/airflow/.local/lib/python3.12/site-packages/airflow/example_dags/example_display_name.py
[2025-03-04T17:31:22.913+0000] {processor.py:925} INFO - DAG(s) 'example_display_name' retrieved from /home/airflow/.local/lib/python3.12/site-packages/airflow/example_dags/example_display_name.py
[2025-03-04T17:31:22.938+0000] {logging_mixin.py:190} INFO - [2025-03-04T17:31:22.938+0000] {dag.py:3239} INFO - Sync 1 DAGs
[2025-03-04T17:31:22.956+0000] {logging_mixin.py:190} INFO - [2025-03-04T17:31:22.955+0000] {dag.py:4180} INFO - Setting next_dagrun for example_display_name to None, run_after=None
[2025-03-04T17:31:22.980+0000] {processor.py:208} INFO - Processing /home/airflow/.local/lib/python3.12/site-packages/airflow/example_dags/example_display_name.py took 0.086 seconds
[2025-03-04T17:31:54.917+0000] {processor.py:186} INFO - Started process (PID=2365) to work on /home/airflow/.local/lib/python3.12/site-packages/airflow/example_dags/example_display_name.py
[2025-03-04T17:31:54.918+0000] {processor.py:914} INFO - Processing file /home/airflow/.local/lib/python3.12/site-packages/airflow/example_dags/example_display_name.py for tasks to queue
[2025-03-04T17:31:54.921+0000] {logging_mixin.py:190} INFO - [2025-03-04T17:31:54.921+0000] {dagbag.py:588} INFO - Filling up the DagBag from /home/airflow/.local/lib/python3.12/site-packages/airflow/example_dags/example_display_name.py
[2025-03-04T17:31:54.930+0000] {processor.py:925} INFO - DAG(s) 'example_display_name' retrieved from /home/airflow/.local/lib/python3.12/site-packages/airflow/example_dags/example_display_name.py
[2025-03-04T17:31:54.952+0000] {logging_mixin.py:190} INFO - [2025-03-04T17:31:54.952+0000] {dag.py:3239} INFO - Sync 1 DAGs
[2025-03-04T17:31:54.970+0000] {logging_mixin.py:190} INFO - [2025-03-04T17:31:54.969+0000] {dag.py:4180} INFO - Setting next_dagrun for example_display_name to None, run_after=None
[2025-03-04T17:31:54.994+0000] {processor.py:208} INFO - Processing /home/airflow/.local/lib/python3.12/site-packages/airflow/example_dags/example_display_name.py took 0.088 seconds
[2025-03-04T17:32:25.860+0000] {processor.py:186} INFO - Started process (PID=2673) to work on /home/airflow/.local/lib/python3.12/site-packages/airflow/example_dags/example_display_name.py
[2025-03-04T17:32:25.861+0000] {processor.py:914} INFO - Processing file /home/airflow/.local/lib/python3.12/site-packages/airflow/example_dags/example_display_name.py for tasks to queue
[2025-03-04T17:32:25.864+0000] {logging_mixin.py:190} INFO - [2025-03-04T17:32:25.863+0000] {dagbag.py:588} INFO - Filling up the DagBag from /home/airflow/.local/lib/python3.12/site-packages/airflow/example_dags/example_display_name.py
[2025-03-04T17:32:25.872+0000] {processor.py:925} INFO - DAG(s) 'example_display_name' retrieved from /home/airflow/.local/lib/python3.12/site-packages/airflow/example_dags/example_display_name.py
[2025-03-04T17:32:25.892+0000] {logging_mixin.py:190} INFO - [2025-03-04T17:32:25.892+0000] {dag.py:3239} INFO - Sync 1 DAGs
[2025-03-04T17:32:25.910+0000] {logging_mixin.py:190} INFO - [2025-03-04T17:32:25.910+0000] {dag.py:4180} INFO - Setting next_dagrun for example_display_name to None, run_after=None
[2025-03-04T17:32:25.934+0000] {processor.py:208} INFO - Processing /home/airflow/.local/lib/python3.12/site-packages/airflow/example_dags/example_display_name.py took 0.080 seconds
[2025-03-04T17:32:56.932+0000] {processor.py:186} INFO - Started process (PID=2977) to work on /home/airflow/.local/lib/python3.12/site-packages/airflow/example_dags/example_display_name.py
[2025-03-04T17:32:56.933+0000] {processor.py:914} INFO - Processing file /home/airflow/.local/lib/python3.12/site-packages/airflow/example_dags/example_display_name.py for tasks to queue
[2025-03-04T17:32:56.935+0000] {logging_mixin.py:190} INFO - [2025-03-04T17:32:56.935+0000] {dagbag.py:588} INFO - Filling up the DagBag from /home/airflow/.local/lib/python3.12/site-packages/airflow/example_dags/example_display_name.py
[2025-03-04T17:32:56.943+0000] {processor.py:925} INFO - DAG(s) 'example_display_name' retrieved from /home/airflow/.local/lib/python3.12/site-packages/airflow/example_dags/example_display_name.py
[2025-03-04T17:32:56.969+0000] {logging_mixin.py:190} INFO - [2025-03-04T17:32:56.968+0000] {dag.py:3239} INFO - Sync 1 DAGs
[2025-03-04T17:32:56.988+0000] {logging_mixin.py:190} INFO - [2025-03-04T17:32:56.987+0000] {dag.py:4180} INFO - Setting next_dagrun for example_display_name to None, run_after=None
[2025-03-04T17:32:57.014+0000] {processor.py:208} INFO - Processing /home/airflow/.local/lib/python3.12/site-packages/airflow/example_dags/example_display_name.py took 0.088 seconds
[2025-03-04T17:33:28.128+0000] {processor.py:186} INFO - Started process (PID=3285) to work on /home/airflow/.local/lib/python3.12/site-packages/airflow/example_dags/example_display_name.py
[2025-03-04T17:33:28.129+0000] {processor.py:914} INFO - Processing file /home/airflow/.local/lib/python3.12/site-packages/airflow/example_dags/example_display_name.py for tasks to queue
[2025-03-04T17:33:28.131+0000] {logging_mixin.py:190} INFO - [2025-03-04T17:33:28.131+0000] {dagbag.py:588} INFO - Filling up the DagBag from /home/airflow/.local/lib/python3.12/site-packages/airflow/example_dags/example_display_name.py
[2025-03-04T17:33:28.142+0000] {processor.py:925} INFO - DAG(s) 'example_display_name' retrieved from /home/airflow/.local/lib/python3.12/site-packages/airflow/example_dags/example_display_name.py
[2025-03-04T17:33:28.161+0000] {logging_mixin.py:190} INFO - [2025-03-04T17:33:28.161+0000] {dag.py:3239} INFO - Sync 1 DAGs
[2025-03-04T17:33:28.178+0000] {logging_mixin.py:190} INFO - [2025-03-04T17:33:28.178+0000] {dag.py:4180} INFO - Setting next_dagrun for example_display_name to None, run_after=None
[2025-03-04T17:33:28.201+0000] {processor.py:208} INFO - Processing /home/airflow/.local/lib/python3.12/site-packages/airflow/example_dags/example_display_name.py took 0.080 seconds
[2025-03-04T17:33:58.951+0000] {processor.py:186} INFO - Started process (PID=3589) to work on /home/airflow/.local/lib/python3.12/site-packages/airflow/example_dags/example_display_name.py
[2025-03-04T17:33:58.952+0000] {processor.py:914} INFO - Processing file /home/airflow/.local/lib/python3.12/site-packages/airflow/example_dags/example_display_name.py for tasks to queue
[2025-03-04T17:33:58.954+0000] {logging_mixin.py:190} INFO - [2025-03-04T17:33:58.954+0000] {dagbag.py:588} INFO - Filling up the DagBag from /home/airflow/.local/lib/python3.12/site-packages/airflow/example_dags/example_display_name.py
[2025-03-04T17:33:58.963+0000] {processor.py:925} INFO - DAG(s) 'example_display_name' retrieved from /home/airflow/.local/lib/python3.12/site-packages/airflow/example_dags/example_display_name.py
[2025-03-04T17:33:58.982+0000] {logging_mixin.py:190} INFO - [2025-03-04T17:33:58.982+0000] {dag.py:3239} INFO - Sync 1 DAGs
[2025-03-04T17:33:59.000+0000] {logging_mixin.py:190} INFO - [2025-03-04T17:33:59.000+0000] {dag.py:4180} INFO - Setting next_dagrun for example_display_name to None, run_after=None
[2025-03-04T17:33:59.024+0000] {processor.py:208} INFO - Processing /home/airflow/.local/lib/python3.12/site-packages/airflow/example_dags/example_display_name.py took 0.080 seconds
[2025-03-04T17:34:30.323+0000] {processor.py:186} INFO - Started process (PID=3897) to work on /home/airflow/.local/lib/python3.12/site-packages/airflow/example_dags/example_display_name.py
[2025-03-04T17:34:30.324+0000] {processor.py:914} INFO - Processing file /home/airflow/.local/lib/python3.12/site-packages/airflow/example_dags/example_display_name.py for tasks to queue
[2025-03-04T17:34:30.326+0000] {logging_mixin.py:190} INFO - [2025-03-04T17:34:30.326+0000] {dagbag.py:588} INFO - Filling up the DagBag from /home/airflow/.local/lib/python3.12/site-packages/airflow/example_dags/example_display_name.py
[2025-03-04T17:34:30.334+0000] {processor.py:925} INFO - DAG(s) 'example_display_name' retrieved from /home/airflow/.local/lib/python3.12/site-packages/airflow/example_dags/example_display_name.py
[2025-03-04T17:34:30.354+0000] {logging_mixin.py:190} INFO - [2025-03-04T17:34:30.353+0000] {dag.py:3239} INFO - Sync 1 DAGs
[2025-03-04T17:34:30.374+0000] {logging_mixin.py:190} INFO - [2025-03-04T17:34:30.374+0000] {dag.py:4180} INFO - Setting next_dagrun for example_display_name to None, run_after=None
[2025-03-04T17:34:30.398+0000] {processor.py:208} INFO - Processing /home/airflow/.local/lib/python3.12/site-packages/airflow/example_dags/example_display_name.py took 0.081 seconds
[2025-03-04T17:35:00.620+0000] {processor.py:186} INFO - Started process (PID=4201) to work on /home/airflow/.local/lib/python3.12/site-packages/airflow/example_dags/example_display_name.py
[2025-03-04T17:35:00.621+0000] {processor.py:914} INFO - Processing file /home/airflow/.local/lib/python3.12/site-packages/airflow/example_dags/example_display_name.py for tasks to queue
[2025-03-04T17:35:00.623+0000] {logging_mixin.py:190} INFO - [2025-03-04T17:35:00.623+0000] {dagbag.py:588} INFO - Filling up the DagBag from /home/airflow/.local/lib/python3.12/site-packages/airflow/example_dags/example_display_name.py
[2025-03-04T17:35:00.631+0000] {processor.py:925} INFO - DAG(s) 'example_display_name' retrieved from /home/airflow/.local/lib/python3.12/site-packages/airflow/example_dags/example_display_name.py
[2025-03-04T17:35:00.650+0000] {logging_mixin.py:190} INFO - [2025-03-04T17:35:00.649+0000] {dag.py:3239} INFO - Sync 1 DAGs
[2025-03-04T17:35:00.665+0000] {logging_mixin.py:190} INFO - [2025-03-04T17:35:00.665+0000] {dag.py:4180} INFO - Setting next_dagrun for example_display_name to None, run_after=None
[2025-03-04T17:35:00.687+0000] {processor.py:208} INFO - Processing /home/airflow/.local/lib/python3.12/site-packages/airflow/example_dags/example_display_name.py took 0.073 seconds
[2025-03-04T17:35:31.802+0000] {processor.py:186} INFO - Started process (PID=4507) to work on /home/airflow/.local/lib/python3.12/site-packages/airflow/example_dags/example_display_name.py
[2025-03-04T17:35:31.803+0000] {processor.py:914} INFO - Processing file /home/airflow/.local/lib/python3.12/site-packages/airflow/example_dags/example_display_name.py for tasks to queue
[2025-03-04T17:35:31.805+0000] {logging_mixin.py:190} INFO - [2025-03-04T17:35:31.805+0000] {dagbag.py:588} INFO - Filling up the DagBag from /home/airflow/.local/lib/python3.12/site-packages/airflow/example_dags/example_display_name.py
[2025-03-04T17:35:31.813+0000] {processor.py:925} INFO - DAG(s) 'example_display_name' retrieved from /home/airflow/.local/lib/python3.12/site-packages/airflow/example_dags/example_display_name.py
[2025-03-04T17:35:31.833+0000] {logging_mixin.py:190} INFO - [2025-03-04T17:35:31.833+0000] {dag.py:3239} INFO - Sync 1 DAGs
[2025-03-04T17:35:31.851+0000] {logging_mixin.py:190} INFO - [2025-03-04T17:35:31.850+0000] {dag.py:4180} INFO - Setting next_dagrun for example_display_name to None, run_after=None
[2025-03-04T17:35:31.871+0000] {processor.py:208} INFO - Processing /home/airflow/.local/lib/python3.12/site-packages/airflow/example_dags/example_display_name.py took 0.076 seconds
[2025-03-04T17:36:02.996+0000] {processor.py:186} INFO - Started process (PID=4813) to work on /home/airflow/.local/lib/python3.12/site-packages/airflow/example_dags/example_display_name.py
[2025-03-04T17:36:02.997+0000] {processor.py:914} INFO - Processing file /home/airflow/.local/lib/python3.12/site-packages/airflow/example_dags/example_display_name.py for tasks to queue
[2025-03-04T17:36:02.999+0000] {logging_mixin.py:190} INFO - [2025-03-04T17:36:02.999+0000] {dagbag.py:588} INFO - Filling up the DagBag from /home/airflow/.local/lib/python3.12/site-packages/airflow/example_dags/example_display_name.py
[2025-03-04T17:36:03.008+0000] {processor.py:925} INFO - DAG(s) 'example_display_name' retrieved from /home/airflow/.local/lib/python3.12/site-packages/airflow/example_dags/example_display_name.py
[2025-03-04T17:36:03.047+0000] {logging_mixin.py:190} INFO - [2025-03-04T17:36:03.047+0000] {dag.py:3239} INFO - Sync 1 DAGs
[2025-03-04T17:36:03.066+0000] {logging_mixin.py:190} INFO - [2025-03-04T17:36:03.066+0000] {dag.py:4180} INFO - Setting next_dagrun for example_display_name to None, run_after=None
[2025-03-04T17:36:03.089+0000] {processor.py:208} INFO - Processing /home/airflow/.local/lib/python3.12/site-packages/airflow/example_dags/example_display_name.py took 0.100 seconds
[2025-03-04T17:36:33.819+0000] {processor.py:186} INFO - Started process (PID=5120) to work on /home/airflow/.local/lib/python3.12/site-packages/airflow/example_dags/example_display_name.py
[2025-03-04T17:36:33.820+0000] {processor.py:914} INFO - Processing file /home/airflow/.local/lib/python3.12/site-packages/airflow/example_dags/example_display_name.py for tasks to queue
[2025-03-04T17:36:33.822+0000] {logging_mixin.py:190} INFO - [2025-03-04T17:36:33.822+0000] {dagbag.py:588} INFO - Filling up the DagBag from /home/airflow/.local/lib/python3.12/site-packages/airflow/example_dags/example_display_name.py
[2025-03-04T17:36:33.830+0000] {processor.py:925} INFO - DAG(s) 'example_display_name' retrieved from /home/airflow/.local/lib/python3.12/site-packages/airflow/example_dags/example_display_name.py
[2025-03-04T17:36:33.851+0000] {logging_mixin.py:190} INFO - [2025-03-04T17:36:33.850+0000] {dag.py:3239} INFO - Sync 1 DAGs
[2025-03-04T17:36:33.867+0000] {logging_mixin.py:190} INFO - [2025-03-04T17:36:33.867+0000] {dag.py:4180} INFO - Setting next_dagrun for example_display_name to None, run_after=None
[2025-03-04T17:36:33.894+0000] {processor.py:208} INFO - Processing /home/airflow/.local/lib/python3.12/site-packages/airflow/example_dags/example_display_name.py took 0.084 seconds
[2025-03-04T17:37:04.713+0000] {processor.py:186} INFO - Started process (PID=5425) to work on /home/airflow/.local/lib/python3.12/site-packages/airflow/example_dags/example_display_name.py
[2025-03-04T17:37:04.714+0000] {processor.py:914} INFO - Processing file /home/airflow/.local/lib/python3.12/site-packages/airflow/example_dags/example_display_name.py for tasks to queue
[2025-03-04T17:37:04.717+0000] {logging_mixin.py:190} INFO - [2025-03-04T17:37:04.716+0000] {dagbag.py:588} INFO - Filling up the DagBag from /home/airflow/.local/lib/python3.12/site-packages/airflow/example_dags/example_display_name.py
[2025-03-04T17:37:04.725+0000] {processor.py:925} INFO - DAG(s) 'example_display_name' retrieved from /home/airflow/.local/lib/python3.12/site-packages/airflow/example_dags/example_display_name.py
[2025-03-04T17:37:04.744+0000] {logging_mixin.py:190} INFO - [2025-03-04T17:37:04.744+0000] {dag.py:3239} INFO - Sync 1 DAGs
[2025-03-04T17:37:04.760+0000] {logging_mixin.py:190} INFO - [2025-03-04T17:37:04.759+0000] {dag.py:4180} INFO - Setting next_dagrun for example_display_name to None, run_after=None
[2025-03-04T17:37:04.781+0000] {processor.py:208} INFO - Processing /home/airflow/.local/lib/python3.12/site-packages/airflow/example_dags/example_display_name.py took 0.074 seconds
[2025-03-04T17:37:35.566+0000] {processor.py:186} INFO - Started process (PID=5731) to work on /home/airflow/.local/lib/python3.12/site-packages/airflow/example_dags/example_display_name.py
[2025-03-04T17:37:35.567+0000] {processor.py:914} INFO - Processing file /home/airflow/.local/lib/python3.12/site-packages/airflow/example_dags/example_display_name.py for tasks to queue
[2025-03-04T17:37:35.570+0000] {logging_mixin.py:190} INFO - [2025-03-04T17:37:35.569+0000] {dagbag.py:588} INFO - Filling up the DagBag from /home/airflow/.local/lib/python3.12/site-packages/airflow/example_dags/example_display_name.py
[2025-03-04T17:37:35.578+0000] {processor.py:925} INFO - DAG(s) 'example_display_name' retrieved from /home/airflow/.local/lib/python3.12/site-packages/airflow/example_dags/example_display_name.py
[2025-03-04T17:37:35.603+0000] {logging_mixin.py:190} INFO - [2025-03-04T17:37:35.603+0000] {dag.py:3239} INFO - Sync 1 DAGs
[2025-03-04T17:37:35.620+0000] {logging_mixin.py:190} INFO - [2025-03-04T17:37:35.620+0000] {dag.py:4180} INFO - Setting next_dagrun for example_display_name to None, run_after=None
[2025-03-04T17:37:35.644+0000] {processor.py:208} INFO - Processing /home/airflow/.local/lib/python3.12/site-packages/airflow/example_dags/example_display_name.py took 0.092 seconds
[2025-03-04T17:38:05.728+0000] {processor.py:186} INFO - Started process (PID=6032) to work on /home/airflow/.local/lib/python3.12/site-packages/airflow/example_dags/example_display_name.py
[2025-03-04T17:38:05.729+0000] {processor.py:914} INFO - Processing file /home/airflow/.local/lib/python3.12/site-packages/airflow/example_dags/example_display_name.py for tasks to queue
[2025-03-04T17:38:05.732+0000] {logging_mixin.py:190} INFO - [2025-03-04T17:38:05.731+0000] {dagbag.py:588} INFO - Filling up the DagBag from /home/airflow/.local/lib/python3.12/site-packages/airflow/example_dags/example_display_name.py
[2025-03-04T17:38:05.740+0000] {processor.py:925} INFO - DAG(s) 'example_display_name' retrieved from /home/airflow/.local/lib/python3.12/site-packages/airflow/example_dags/example_display_name.py
[2025-03-04T17:38:05.779+0000] {logging_mixin.py:190} INFO - [2025-03-04T17:38:05.778+0000] {dag.py:3239} INFO - Sync 1 DAGs
[2025-03-04T17:38:05.796+0000] {logging_mixin.py:190} INFO - [2025-03-04T17:38:05.796+0000] {dag.py:4180} INFO - Setting next_dagrun for example_display_name to None, run_after=None
[2025-03-04T17:38:05.822+0000] {processor.py:208} INFO - Processing /home/airflow/.local/lib/python3.12/site-packages/airflow/example_dags/example_display_name.py took 0.102 seconds
[2025-03-04T17:38:36.016+0000] {processor.py:186} INFO - Started process (PID=6333) to work on /home/airflow/.local/lib/python3.12/site-packages/airflow/example_dags/example_display_name.py
[2025-03-04T17:38:36.017+0000] {processor.py:914} INFO - Processing file /home/airflow/.local/lib/python3.12/site-packages/airflow/example_dags/example_display_name.py for tasks to queue
[2025-03-04T17:38:36.020+0000] {logging_mixin.py:190} INFO - [2025-03-04T17:38:36.020+0000] {dagbag.py:588} INFO - Filling up the DagBag from /home/airflow/.local/lib/python3.12/site-packages/airflow/example_dags/example_display_name.py
[2025-03-04T17:38:36.029+0000] {processor.py:925} INFO - DAG(s) 'example_display_name' retrieved from /home/airflow/.local/lib/python3.12/site-packages/airflow/example_dags/example_display_name.py
[2025-03-04T17:38:36.050+0000] {logging_mixin.py:190} INFO - [2025-03-04T17:38:36.050+0000] {dag.py:3239} INFO - Sync 1 DAGs
[2025-03-04T17:38:36.068+0000] {logging_mixin.py:190} INFO - [2025-03-04T17:38:36.067+0000] {dag.py:4180} INFO - Setting next_dagrun for example_display_name to None, run_after=None
[2025-03-04T17:38:36.091+0000] {processor.py:208} INFO - Processing /home/airflow/.local/lib/python3.12/site-packages/airflow/example_dags/example_display_name.py took 0.082 seconds
[2025-03-04T17:39:06.518+0000] {processor.py:186} INFO - Started process (PID=6639) to work on /home/airflow/.local/lib/python3.12/site-packages/airflow/example_dags/example_display_name.py
[2025-03-04T17:39:06.519+0000] {processor.py:914} INFO - Processing file /home/airflow/.local/lib/python3.12/site-packages/airflow/example_dags/example_display_name.py for tasks to queue
[2025-03-04T17:39:06.521+0000] {logging_mixin.py:190} INFO - [2025-03-04T17:39:06.521+0000] {dagbag.py:588} INFO - Filling up the DagBag from /home/airflow/.local/lib/python3.12/site-packages/airflow/example_dags/example_display_name.py
[2025-03-04T17:39:06.529+0000] {processor.py:925} INFO - DAG(s) 'example_display_name' retrieved from /home/airflow/.local/lib/python3.12/site-packages/airflow/example_dags/example_display_name.py
[2025-03-04T17:39:06.551+0000] {logging_mixin.py:190} INFO - [2025-03-04T17:39:06.551+0000] {dag.py:3239} INFO - Sync 1 DAGs
[2025-03-04T17:39:06.568+0000] {logging_mixin.py:190} INFO - [2025-03-04T17:39:06.568+0000] {dag.py:4180} INFO - Setting next_dagrun for example_display_name to None, run_after=None
[2025-03-04T17:39:06.590+0000] {processor.py:208} INFO - Processing /home/airflow/.local/lib/python3.12/site-packages/airflow/example_dags/example_display_name.py took 0.079 seconds
[2025-03-04T17:39:37.163+0000] {processor.py:186} INFO - Started process (PID=6945) to work on /home/airflow/.local/lib/python3.12/site-packages/airflow/example_dags/example_display_name.py
[2025-03-04T17:39:37.165+0000] {processor.py:914} INFO - Processing file /home/airflow/.local/lib/python3.12/site-packages/airflow/example_dags/example_display_name.py for tasks to queue
[2025-03-04T17:39:37.168+0000] {logging_mixin.py:190} INFO - [2025-03-04T17:39:37.167+0000] {dagbag.py:588} INFO - Filling up the DagBag from /home/airflow/.local/lib/python3.12/site-packages/airflow/example_dags/example_display_name.py
[2025-03-04T17:39:37.177+0000] {processor.py:925} INFO - DAG(s) 'example_display_name' retrieved from /home/airflow/.local/lib/python3.12/site-packages/airflow/example_dags/example_display_name.py
[2025-03-04T17:39:37.205+0000] {logging_mixin.py:190} INFO - [2025-03-04T17:39:37.204+0000] {dag.py:3239} INFO - Sync 1 DAGs
[2025-03-04T17:39:37.225+0000] {logging_mixin.py:190} INFO - [2025-03-04T17:39:37.225+0000] {dag.py:4180} INFO - Setting next_dagrun for example_display_name to None, run_after=None
[2025-03-04T17:39:37.248+0000] {processor.py:208} INFO - Processing /home/airflow/.local/lib/python3.12/site-packages/airflow/example_dags/example_display_name.py took 0.092 seconds
[2025-03-04T17:40:08.018+0000] {processor.py:186} INFO - Started process (PID=7256) to work on /home/airflow/.local/lib/python3.12/site-packages/airflow/example_dags/example_display_name.py
[2025-03-04T17:40:08.019+0000] {processor.py:914} INFO - Processing file /home/airflow/.local/lib/python3.12/site-packages/airflow/example_dags/example_display_name.py for tasks to queue
[2025-03-04T17:40:08.022+0000] {logging_mixin.py:190} INFO - [2025-03-04T17:40:08.021+0000] {dagbag.py:588} INFO - Filling up the DagBag from /home/airflow/.local/lib/python3.12/site-packages/airflow/example_dags/example_display_name.py
[2025-03-04T17:40:08.030+0000] {processor.py:925} INFO - DAG(s) 'example_display_name' retrieved from /home/airflow/.local/lib/python3.12/site-packages/airflow/example_dags/example_display_name.py
[2025-03-04T17:40:08.052+0000] {logging_mixin.py:190} INFO - [2025-03-04T17:40:08.051+0000] {dag.py:3239} INFO - Sync 1 DAGs
[2025-03-04T17:40:08.071+0000] {logging_mixin.py:190} INFO - [2025-03-04T17:40:08.070+0000] {dag.py:4180} INFO - Setting next_dagrun for example_display_name to None, run_after=None
[2025-03-04T17:40:08.095+0000] {processor.py:208} INFO - Processing /home/airflow/.local/lib/python3.12/site-packages/airflow/example_dags/example_display_name.py took 0.085 seconds
[2025-03-04T17:40:38.333+0000] {processor.py:186} INFO - Started process (PID=7564) to work on /home/airflow/.local/lib/python3.12/site-packages/airflow/example_dags/example_display_name.py
[2025-03-04T17:40:38.334+0000] {processor.py:914} INFO - Processing file /home/airflow/.local/lib/python3.12/site-packages/airflow/example_dags/example_display_name.py for tasks to queue
[2025-03-04T17:40:38.337+0000] {logging_mixin.py:190} INFO - [2025-03-04T17:40:38.337+0000] {dagbag.py:588} INFO - Filling up the DagBag from /home/airflow/.local/lib/python3.12/site-packages/airflow/example_dags/example_display_name.py
[2025-03-04T17:40:38.345+0000] {processor.py:925} INFO - DAG(s) 'example_display_name' retrieved from /home/airflow/.local/lib/python3.12/site-packages/airflow/example_dags/example_display_name.py
[2025-03-04T17:40:38.374+0000] {logging_mixin.py:190} INFO - [2025-03-04T17:40:38.373+0000] {dag.py:3239} INFO - Sync 1 DAGs
[2025-03-04T17:40:38.391+0000] {logging_mixin.py:190} INFO - [2025-03-04T17:40:38.391+0000] {dag.py:4180} INFO - Setting next_dagrun for example_display_name to None, run_after=None
[2025-03-04T17:40:38.415+0000] {processor.py:208} INFO - Processing /home/airflow/.local/lib/python3.12/site-packages/airflow/example_dags/example_display_name.py took 0.088 seconds
[2025-03-04T17:41:09.016+0000] {processor.py:186} INFO - Started process (PID=7870) to work on /home/airflow/.local/lib/python3.12/site-packages/airflow/example_dags/example_display_name.py
[2025-03-04T17:41:09.018+0000] {processor.py:914} INFO - Processing file /home/airflow/.local/lib/python3.12/site-packages/airflow/example_dags/example_display_name.py for tasks to queue
[2025-03-04T17:41:09.023+0000] {logging_mixin.py:190} INFO - [2025-03-04T17:41:09.022+0000] {dagbag.py:588} INFO - Filling up the DagBag from /home/airflow/.local/lib/python3.12/site-packages/airflow/example_dags/example_display_name.py
[2025-03-04T17:41:09.039+0000] {processor.py:925} INFO - DAG(s) 'example_display_name' retrieved from /home/airflow/.local/lib/python3.12/site-packages/airflow/example_dags/example_display_name.py
[2025-03-04T17:41:09.079+0000] {logging_mixin.py:190} INFO - [2025-03-04T17:41:09.079+0000] {dag.py:3239} INFO - Sync 1 DAGs
[2025-03-04T17:41:09.100+0000] {logging_mixin.py:190} INFO - [2025-03-04T17:41:09.099+0000] {dag.py:4180} INFO - Setting next_dagrun for example_display_name to None, run_after=None
[2025-03-04T17:41:09.123+0000] {processor.py:208} INFO - Processing /home/airflow/.local/lib/python3.12/site-packages/airflow/example_dags/example_display_name.py took 0.114 seconds
[2025-03-04T17:41:39.299+0000] {processor.py:186} INFO - Started process (PID=8176) to work on /home/airflow/.local/lib/python3.12/site-packages/airflow/example_dags/example_display_name.py
[2025-03-04T17:41:39.300+0000] {processor.py:914} INFO - Processing file /home/airflow/.local/lib/python3.12/site-packages/airflow/example_dags/example_display_name.py for tasks to queue
[2025-03-04T17:41:39.302+0000] {logging_mixin.py:190} INFO - [2025-03-04T17:41:39.302+0000] {dagbag.py:588} INFO - Filling up the DagBag from /home/airflow/.local/lib/python3.12/site-packages/airflow/example_dags/example_display_name.py
[2025-03-04T17:41:39.311+0000] {processor.py:925} INFO - DAG(s) 'example_display_name' retrieved from /home/airflow/.local/lib/python3.12/site-packages/airflow/example_dags/example_display_name.py
[2025-03-04T17:41:39.330+0000] {logging_mixin.py:190} INFO - [2025-03-04T17:41:39.330+0000] {dag.py:3239} INFO - Sync 1 DAGs
[2025-03-04T17:41:39.347+0000] {logging_mixin.py:190} INFO - [2025-03-04T17:41:39.347+0000] {dag.py:4180} INFO - Setting next_dagrun for example_display_name to None, run_after=None
[2025-03-04T17:41:39.370+0000] {processor.py:208} INFO - Processing /home/airflow/.local/lib/python3.12/site-packages/airflow/example_dags/example_display_name.py took 0.077 seconds
[2025-03-04T17:42:09.691+0000] {processor.py:186} INFO - Started process (PID=8482) to work on /home/airflow/.local/lib/python3.12/site-packages/airflow/example_dags/example_display_name.py
[2025-03-04T17:42:09.692+0000] {processor.py:914} INFO - Processing file /home/airflow/.local/lib/python3.12/site-packages/airflow/example_dags/example_display_name.py for tasks to queue
[2025-03-04T17:42:09.694+0000] {logging_mixin.py:190} INFO - [2025-03-04T17:42:09.694+0000] {dagbag.py:588} INFO - Filling up the DagBag from /home/airflow/.local/lib/python3.12/site-packages/airflow/example_dags/example_display_name.py
[2025-03-04T17:42:09.702+0000] {processor.py:925} INFO - DAG(s) 'example_display_name' retrieved from /home/airflow/.local/lib/python3.12/site-packages/airflow/example_dags/example_display_name.py
[2025-03-04T17:42:09.722+0000] {logging_mixin.py:190} INFO - [2025-03-04T17:42:09.721+0000] {dag.py:3239} INFO - Sync 1 DAGs
[2025-03-04T17:42:09.738+0000] {logging_mixin.py:190} INFO - [2025-03-04T17:42:09.738+0000] {dag.py:4180} INFO - Setting next_dagrun for example_display_name to None, run_after=None
[2025-03-04T17:42:09.761+0000] {processor.py:208} INFO - Processing /home/airflow/.local/lib/python3.12/site-packages/airflow/example_dags/example_display_name.py took 0.076 seconds
[2025-03-04T17:43:21.618+0000] {processor.py:186} INFO - Started process (PID=454) to work on /home/airflow/.local/lib/python3.12/site-packages/airflow/example_dags/example_display_name.py
[2025-03-04T17:43:21.620+0000] {processor.py:914} INFO - Processing file /home/airflow/.local/lib/python3.12/site-packages/airflow/example_dags/example_display_name.py for tasks to queue
[2025-03-04T17:43:21.623+0000] {logging_mixin.py:190} INFO - [2025-03-04T17:43:21.622+0000] {dagbag.py:588} INFO - Filling up the DagBag from /home/airflow/.local/lib/python3.12/site-packages/airflow/example_dags/example_display_name.py
[2025-03-04T17:43:21.630+0000] {processor.py:925} INFO - DAG(s) 'example_display_name' retrieved from /home/airflow/.local/lib/python3.12/site-packages/airflow/example_dags/example_display_name.py
[2025-03-04T17:43:21.675+0000] {logging_mixin.py:190} INFO - [2025-03-04T17:43:21.675+0000] {dag.py:3239} INFO - Sync 1 DAGs
[2025-03-04T17:43:21.694+0000] {logging_mixin.py:190} INFO - [2025-03-04T17:43:21.694+0000] {dag.py:4180} INFO - Setting next_dagrun for example_display_name to None, run_after=None
[2025-03-04T17:43:21.715+0000] {processor.py:208} INFO - Processing /home/airflow/.local/lib/python3.12/site-packages/airflow/example_dags/example_display_name.py took 0.103 seconds
[2025-03-04T17:43:53.108+0000] {processor.py:186} INFO - Started process (PID=760) to work on /home/airflow/.local/lib/python3.12/site-packages/airflow/example_dags/example_display_name.py
[2025-03-04T17:43:53.109+0000] {processor.py:914} INFO - Processing file /home/airflow/.local/lib/python3.12/site-packages/airflow/example_dags/example_display_name.py for tasks to queue
[2025-03-04T17:43:53.112+0000] {logging_mixin.py:190} INFO - [2025-03-04T17:43:53.111+0000] {dagbag.py:588} INFO - Filling up the DagBag from /home/airflow/.local/lib/python3.12/site-packages/airflow/example_dags/example_display_name.py
[2025-03-04T17:43:53.119+0000] {processor.py:925} INFO - DAG(s) 'example_display_name' retrieved from /home/airflow/.local/lib/python3.12/site-packages/airflow/example_dags/example_display_name.py
[2025-03-04T17:43:53.140+0000] {logging_mixin.py:190} INFO - [2025-03-04T17:43:53.139+0000] {dag.py:3239} INFO - Sync 1 DAGs
[2025-03-04T17:43:53.156+0000] {logging_mixin.py:190} INFO - [2025-03-04T17:43:53.156+0000] {dag.py:4180} INFO - Setting next_dagrun for example_display_name to None, run_after=None
[2025-03-04T17:43:53.178+0000] {processor.py:208} INFO - Processing /home/airflow/.local/lib/python3.12/site-packages/airflow/example_dags/example_display_name.py took 0.076 seconds
[2025-03-04T17:44:24.723+0000] {processor.py:186} INFO - Started process (PID=1066) to work on /home/airflow/.local/lib/python3.12/site-packages/airflow/example_dags/example_display_name.py
[2025-03-04T17:44:24.724+0000] {processor.py:914} INFO - Processing file /home/airflow/.local/lib/python3.12/site-packages/airflow/example_dags/example_display_name.py for tasks to queue
[2025-03-04T17:44:24.727+0000] {logging_mixin.py:190} INFO - [2025-03-04T17:44:24.727+0000] {dagbag.py:588} INFO - Filling up the DagBag from /home/airflow/.local/lib/python3.12/site-packages/airflow/example_dags/example_display_name.py
[2025-03-04T17:44:24.735+0000] {processor.py:925} INFO - DAG(s) 'example_display_name' retrieved from /home/airflow/.local/lib/python3.12/site-packages/airflow/example_dags/example_display_name.py
[2025-03-04T17:44:24.762+0000] {logging_mixin.py:190} INFO - [2025-03-04T17:44:24.762+0000] {dag.py:3239} INFO - Sync 1 DAGs
[2025-03-04T17:44:24.782+0000] {logging_mixin.py:190} INFO - [2025-03-04T17:44:24.782+0000] {dag.py:4180} INFO - Setting next_dagrun for example_display_name to None, run_after=None
[2025-03-04T17:44:24.812+0000] {processor.py:208} INFO - Processing /home/airflow/.local/lib/python3.12/site-packages/airflow/example_dags/example_display_name.py took 0.096 seconds
[2025-03-04T17:44:55.080+0000] {processor.py:186} INFO - Started process (PID=1367) to work on /home/airflow/.local/lib/python3.12/site-packages/airflow/example_dags/example_display_name.py
[2025-03-04T17:44:55.081+0000] {processor.py:914} INFO - Processing file /home/airflow/.local/lib/python3.12/site-packages/airflow/example_dags/example_display_name.py for tasks to queue
[2025-03-04T17:44:55.083+0000] {logging_mixin.py:190} INFO - [2025-03-04T17:44:55.083+0000] {dagbag.py:588} INFO - Filling up the DagBag from /home/airflow/.local/lib/python3.12/site-packages/airflow/example_dags/example_display_name.py
[2025-03-04T17:44:55.092+0000] {processor.py:925} INFO - DAG(s) 'example_display_name' retrieved from /home/airflow/.local/lib/python3.12/site-packages/airflow/example_dags/example_display_name.py
[2025-03-04T17:44:55.114+0000] {logging_mixin.py:190} INFO - [2025-03-04T17:44:55.114+0000] {dag.py:3239} INFO - Sync 1 DAGs
[2025-03-04T17:44:55.135+0000] {logging_mixin.py:190} INFO - [2025-03-04T17:44:55.134+0000] {dag.py:4180} INFO - Setting next_dagrun for example_display_name to None, run_after=None
[2025-03-04T17:44:55.156+0000] {processor.py:208} INFO - Processing /home/airflow/.local/lib/python3.12/site-packages/airflow/example_dags/example_display_name.py took 0.083 seconds
[2025-03-04T17:45:26.419+0000] {processor.py:186} INFO - Started process (PID=1673) to work on /home/airflow/.local/lib/python3.12/site-packages/airflow/example_dags/example_display_name.py
[2025-03-04T17:45:26.420+0000] {processor.py:914} INFO - Processing file /home/airflow/.local/lib/python3.12/site-packages/airflow/example_dags/example_display_name.py for tasks to queue
[2025-03-04T17:45:26.423+0000] {logging_mixin.py:190} INFO - [2025-03-04T17:45:26.423+0000] {dagbag.py:588} INFO - Filling up the DagBag from /home/airflow/.local/lib/python3.12/site-packages/airflow/example_dags/example_display_name.py
[2025-03-04T17:45:26.441+0000] {processor.py:925} INFO - DAG(s) 'example_display_name' retrieved from /home/airflow/.local/lib/python3.12/site-packages/airflow/example_dags/example_display_name.py
[2025-03-04T17:45:26.464+0000] {logging_mixin.py:190} INFO - [2025-03-04T17:45:26.464+0000] {dag.py:3239} INFO - Sync 1 DAGs
[2025-03-04T17:45:26.486+0000] {logging_mixin.py:190} INFO - [2025-03-04T17:45:26.486+0000] {dag.py:4180} INFO - Setting next_dagrun for example_display_name to None, run_after=None
[2025-03-04T17:45:26.512+0000] {processor.py:208} INFO - Processing /home/airflow/.local/lib/python3.12/site-packages/airflow/example_dags/example_display_name.py took 0.109 seconds
[2025-03-04T17:45:57.624+0000] {processor.py:186} INFO - Started process (PID=1984) to work on /home/airflow/.local/lib/python3.12/site-packages/airflow/example_dags/example_display_name.py
[2025-03-04T17:45:57.625+0000] {processor.py:914} INFO - Processing file /home/airflow/.local/lib/python3.12/site-packages/airflow/example_dags/example_display_name.py for tasks to queue
[2025-03-04T17:45:57.628+0000] {logging_mixin.py:190} INFO - [2025-03-04T17:45:57.628+0000] {dagbag.py:588} INFO - Filling up the DagBag from /home/airflow/.local/lib/python3.12/site-packages/airflow/example_dags/example_display_name.py
[2025-03-04T17:45:57.636+0000] {processor.py:925} INFO - DAG(s) 'example_display_name' retrieved from /home/airflow/.local/lib/python3.12/site-packages/airflow/example_dags/example_display_name.py
[2025-03-04T17:45:57.664+0000] {logging_mixin.py:190} INFO - [2025-03-04T17:45:57.664+0000] {dag.py:3239} INFO - Sync 1 DAGs
[2025-03-04T17:45:57.683+0000] {logging_mixin.py:190} INFO - [2025-03-04T17:45:57.683+0000] {dag.py:4180} INFO - Setting next_dagrun for example_display_name to None, run_after=None
[2025-03-04T17:45:57.711+0000] {processor.py:208} INFO - Processing /home/airflow/.local/lib/python3.12/site-packages/airflow/example_dags/example_display_name.py took 0.094 seconds
[2025-03-04T17:46:28.747+0000] {processor.py:186} INFO - Started process (PID=2290) to work on /home/airflow/.local/lib/python3.12/site-packages/airflow/example_dags/example_display_name.py
[2025-03-04T17:46:28.748+0000] {processor.py:914} INFO - Processing file /home/airflow/.local/lib/python3.12/site-packages/airflow/example_dags/example_display_name.py for tasks to queue
[2025-03-04T17:46:28.751+0000] {logging_mixin.py:190} INFO - [2025-03-04T17:46:28.750+0000] {dagbag.py:588} INFO - Filling up the DagBag from /home/airflow/.local/lib/python3.12/site-packages/airflow/example_dags/example_display_name.py
[2025-03-04T17:46:28.758+0000] {processor.py:925} INFO - DAG(s) 'example_display_name' retrieved from /home/airflow/.local/lib/python3.12/site-packages/airflow/example_dags/example_display_name.py
[2025-03-04T17:46:28.783+0000] {logging_mixin.py:190} INFO - [2025-03-04T17:46:28.783+0000] {dag.py:3239} INFO - Sync 1 DAGs
[2025-03-04T17:46:28.798+0000] {logging_mixin.py:190} INFO - [2025-03-04T17:46:28.798+0000] {dag.py:4180} INFO - Setting next_dagrun for example_display_name to None, run_after=None
[2025-03-04T17:46:28.822+0000] {processor.py:208} INFO - Processing /home/airflow/.local/lib/python3.12/site-packages/airflow/example_dags/example_display_name.py took 0.081 seconds
[2025-03-04T17:46:59.431+0000] {processor.py:186} INFO - Started process (PID=2596) to work on /home/airflow/.local/lib/python3.12/site-packages/airflow/example_dags/example_display_name.py
[2025-03-04T17:46:59.432+0000] {processor.py:914} INFO - Processing file /home/airflow/.local/lib/python3.12/site-packages/airflow/example_dags/example_display_name.py for tasks to queue
[2025-03-04T17:46:59.435+0000] {logging_mixin.py:190} INFO - [2025-03-04T17:46:59.434+0000] {dagbag.py:588} INFO - Filling up the DagBag from /home/airflow/.local/lib/python3.12/site-packages/airflow/example_dags/example_display_name.py
[2025-03-04T17:46:59.445+0000] {processor.py:925} INFO - DAG(s) 'example_display_name' retrieved from /home/airflow/.local/lib/python3.12/site-packages/airflow/example_dags/example_display_name.py
[2025-03-04T17:46:59.469+0000] {logging_mixin.py:190} INFO - [2025-03-04T17:46:59.469+0000] {dag.py:3239} INFO - Sync 1 DAGs
[2025-03-04T17:46:59.488+0000] {logging_mixin.py:190} INFO - [2025-03-04T17:46:59.488+0000] {dag.py:4180} INFO - Setting next_dagrun for example_display_name to None, run_after=None
[2025-03-04T17:46:59.516+0000] {processor.py:208} INFO - Processing /home/airflow/.local/lib/python3.12/site-packages/airflow/example_dags/example_display_name.py took 0.092 seconds
[2025-03-04T17:47:30.709+0000] {processor.py:186} INFO - Started process (PID=2897) to work on /home/airflow/.local/lib/python3.12/site-packages/airflow/example_dags/example_display_name.py
[2025-03-04T17:47:30.710+0000] {processor.py:914} INFO - Processing file /home/airflow/.local/lib/python3.12/site-packages/airflow/example_dags/example_display_name.py for tasks to queue
[2025-03-04T17:47:30.712+0000] {logging_mixin.py:190} INFO - [2025-03-04T17:47:30.712+0000] {dagbag.py:588} INFO - Filling up the DagBag from /home/airflow/.local/lib/python3.12/site-packages/airflow/example_dags/example_display_name.py
[2025-03-04T17:47:30.720+0000] {processor.py:925} INFO - DAG(s) 'example_display_name' retrieved from /home/airflow/.local/lib/python3.12/site-packages/airflow/example_dags/example_display_name.py
[2025-03-04T17:47:30.744+0000] {logging_mixin.py:190} INFO - [2025-03-04T17:47:30.744+0000] {dag.py:3239} INFO - Sync 1 DAGs
[2025-03-04T17:47:30.762+0000] {logging_mixin.py:190} INFO - [2025-03-04T17:47:30.762+0000] {dag.py:4180} INFO - Setting next_dagrun for example_display_name to None, run_after=None
[2025-03-04T17:47:30.787+0000] {processor.py:208} INFO - Processing /home/airflow/.local/lib/python3.12/site-packages/airflow/example_dags/example_display_name.py took 0.087 seconds
[2025-03-04T17:48:00.950+0000] {processor.py:186} INFO - Started process (PID=3198) to work on /home/airflow/.local/lib/python3.12/site-packages/airflow/example_dags/example_display_name.py
[2025-03-04T17:48:00.951+0000] {processor.py:914} INFO - Processing file /home/airflow/.local/lib/python3.12/site-packages/airflow/example_dags/example_display_name.py for tasks to queue
[2025-03-04T17:48:00.954+0000] {logging_mixin.py:190} INFO - [2025-03-04T17:48:00.953+0000] {dagbag.py:588} INFO - Filling up the DagBag from /home/airflow/.local/lib/python3.12/site-packages/airflow/example_dags/example_display_name.py
[2025-03-04T17:48:00.962+0000] {processor.py:925} INFO - DAG(s) 'example_display_name' retrieved from /home/airflow/.local/lib/python3.12/site-packages/airflow/example_dags/example_display_name.py
[2025-03-04T17:48:00.981+0000] {logging_mixin.py:190} INFO - [2025-03-04T17:48:00.981+0000] {dag.py:3239} INFO - Sync 1 DAGs
[2025-03-04T17:48:00.999+0000] {logging_mixin.py:190} INFO - [2025-03-04T17:48:00.998+0000] {dag.py:4180} INFO - Setting next_dagrun for example_display_name to None, run_after=None
[2025-03-04T17:48:01.023+0000] {processor.py:208} INFO - Processing /home/airflow/.local/lib/python3.12/site-packages/airflow/example_dags/example_display_name.py took 0.081 seconds
[2025-03-04T17:48:33.188+0000] {processor.py:186} INFO - Started process (PID=3510) to work on /home/airflow/.local/lib/python3.12/site-packages/airflow/example_dags/example_display_name.py
[2025-03-04T17:48:33.189+0000] {processor.py:914} INFO - Processing file /home/airflow/.local/lib/python3.12/site-packages/airflow/example_dags/example_display_name.py for tasks to queue
[2025-03-04T17:48:33.192+0000] {logging_mixin.py:190} INFO - [2025-03-04T17:48:33.191+0000] {dagbag.py:588} INFO - Filling up the DagBag from /home/airflow/.local/lib/python3.12/site-packages/airflow/example_dags/example_display_name.py
[2025-03-04T17:48:33.200+0000] {processor.py:925} INFO - DAG(s) 'example_display_name' retrieved from /home/airflow/.local/lib/python3.12/site-packages/airflow/example_dags/example_display_name.py
[2025-03-04T17:48:33.222+0000] {logging_mixin.py:190} INFO - [2025-03-04T17:48:33.221+0000] {dag.py:3239} INFO - Sync 1 DAGs
[2025-03-04T17:48:33.242+0000] {logging_mixin.py:190} INFO - [2025-03-04T17:48:33.241+0000] {dag.py:4180} INFO - Setting next_dagrun for example_display_name to None, run_after=None
[2025-03-04T17:48:33.272+0000] {processor.py:208} INFO - Processing /home/airflow/.local/lib/python3.12/site-packages/airflow/example_dags/example_display_name.py took 0.091 seconds
[2025-03-04T17:49:04.533+0000] {processor.py:186} INFO - Started process (PID=3819) to work on /home/airflow/.local/lib/python3.12/site-packages/airflow/example_dags/example_display_name.py
[2025-03-04T17:49:04.534+0000] {processor.py:914} INFO - Processing file /home/airflow/.local/lib/python3.12/site-packages/airflow/example_dags/example_display_name.py for tasks to queue
[2025-03-04T17:49:04.537+0000] {logging_mixin.py:190} INFO - [2025-03-04T17:49:04.537+0000] {dagbag.py:588} INFO - Filling up the DagBag from /home/airflow/.local/lib/python3.12/site-packages/airflow/example_dags/example_display_name.py
[2025-03-04T17:49:04.545+0000] {processor.py:925} INFO - DAG(s) 'example_display_name' retrieved from /home/airflow/.local/lib/python3.12/site-packages/airflow/example_dags/example_display_name.py
[2025-03-04T17:49:04.566+0000] {logging_mixin.py:190} INFO - [2025-03-04T17:49:04.565+0000] {dag.py:3239} INFO - Sync 1 DAGs
[2025-03-04T17:49:04.582+0000] {logging_mixin.py:190} INFO - [2025-03-04T17:49:04.582+0000] {dag.py:4180} INFO - Setting next_dagrun for example_display_name to None, run_after=None
[2025-03-04T17:49:04.606+0000] {processor.py:208} INFO - Processing /home/airflow/.local/lib/python3.12/site-packages/airflow/example_dags/example_display_name.py took 0.083 seconds
[2025-03-04T17:49:35.351+0000] {processor.py:186} INFO - Started process (PID=4125) to work on /home/airflow/.local/lib/python3.12/site-packages/airflow/example_dags/example_display_name.py
[2025-03-04T17:49:35.353+0000] {processor.py:914} INFO - Processing file /home/airflow/.local/lib/python3.12/site-packages/airflow/example_dags/example_display_name.py for tasks to queue
[2025-03-04T17:49:35.356+0000] {logging_mixin.py:190} INFO - [2025-03-04T17:49:35.356+0000] {dagbag.py:588} INFO - Filling up the DagBag from /home/airflow/.local/lib/python3.12/site-packages/airflow/example_dags/example_display_name.py
[2025-03-04T17:49:35.364+0000] {processor.py:925} INFO - DAG(s) 'example_display_name' retrieved from /home/airflow/.local/lib/python3.12/site-packages/airflow/example_dags/example_display_name.py
[2025-03-04T17:49:35.392+0000] {logging_mixin.py:190} INFO - [2025-03-04T17:49:35.392+0000] {dag.py:3239} INFO - Sync 1 DAGs
[2025-03-04T17:49:35.407+0000] {logging_mixin.py:190} INFO - [2025-03-04T17:49:35.407+0000] {dag.py:4180} INFO - Setting next_dagrun for example_display_name to None, run_after=None
[2025-03-04T17:49:35.429+0000] {processor.py:208} INFO - Processing /home/airflow/.local/lib/python3.12/site-packages/airflow/example_dags/example_display_name.py took 0.095 seconds
[2025-03-04T17:52:43.191+0000] {processor.py:186} INFO - Started process (PID=454) to work on /home/airflow/.local/lib/python3.12/site-packages/airflow/example_dags/example_display_name.py
[2025-03-04T17:52:43.192+0000] {processor.py:914} INFO - Processing file /home/airflow/.local/lib/python3.12/site-packages/airflow/example_dags/example_display_name.py for tasks to queue
[2025-03-04T17:52:43.197+0000] {logging_mixin.py:190} INFO - [2025-03-04T17:52:43.196+0000] {dagbag.py:588} INFO - Filling up the DagBag from /home/airflow/.local/lib/python3.12/site-packages/airflow/example_dags/example_display_name.py
[2025-03-04T17:52:43.210+0000] {processor.py:925} INFO - DAG(s) 'example_display_name' retrieved from /home/airflow/.local/lib/python3.12/site-packages/airflow/example_dags/example_display_name.py
[2025-03-04T17:52:43.235+0000] {logging_mixin.py:190} INFO - [2025-03-04T17:52:43.235+0000] {dag.py:3239} INFO - Sync 1 DAGs
[2025-03-04T17:52:43.255+0000] {logging_mixin.py:190} INFO - [2025-03-04T17:52:43.255+0000] {dag.py:4180} INFO - Setting next_dagrun for example_display_name to None, run_after=None
[2025-03-04T17:52:43.280+0000] {processor.py:208} INFO - Processing /home/airflow/.local/lib/python3.12/site-packages/airflow/example_dags/example_display_name.py took 0.095 seconds
[2025-03-04T17:53:14.974+0000] {processor.py:186} INFO - Started process (PID=760) to work on /home/airflow/.local/lib/python3.12/site-packages/airflow/example_dags/example_display_name.py
[2025-03-04T17:53:14.975+0000] {processor.py:914} INFO - Processing file /home/airflow/.local/lib/python3.12/site-packages/airflow/example_dags/example_display_name.py for tasks to queue
[2025-03-04T17:53:14.977+0000] {logging_mixin.py:190} INFO - [2025-03-04T17:53:14.977+0000] {dagbag.py:588} INFO - Filling up the DagBag from /home/airflow/.local/lib/python3.12/site-packages/airflow/example_dags/example_display_name.py
[2025-03-04T17:53:14.985+0000] {processor.py:925} INFO - DAG(s) 'example_display_name' retrieved from /home/airflow/.local/lib/python3.12/site-packages/airflow/example_dags/example_display_name.py
[2025-03-04T17:53:15.005+0000] {logging_mixin.py:190} INFO - [2025-03-04T17:53:15.005+0000] {dag.py:3239} INFO - Sync 1 DAGs
[2025-03-04T17:53:15.023+0000] {logging_mixin.py:190} INFO - [2025-03-04T17:53:15.022+0000] {dag.py:4180} INFO - Setting next_dagrun for example_display_name to None, run_after=None
[2025-03-04T17:53:15.054+0000] {processor.py:208} INFO - Processing /home/airflow/.local/lib/python3.12/site-packages/airflow/example_dags/example_display_name.py took 0.087 seconds
[2025-03-04T17:53:45.494+0000] {processor.py:186} INFO - Started process (PID=1061) to work on /home/airflow/.local/lib/python3.12/site-packages/airflow/example_dags/example_display_name.py
[2025-03-04T17:53:45.495+0000] {processor.py:914} INFO - Processing file /home/airflow/.local/lib/python3.12/site-packages/airflow/example_dags/example_display_name.py for tasks to queue
[2025-03-04T17:53:45.497+0000] {logging_mixin.py:190} INFO - [2025-03-04T17:53:45.496+0000] {dagbag.py:588} INFO - Filling up the DagBag from /home/airflow/.local/lib/python3.12/site-packages/airflow/example_dags/example_display_name.py
[2025-03-04T17:53:45.505+0000] {processor.py:925} INFO - DAG(s) 'example_display_name' retrieved from /home/airflow/.local/lib/python3.12/site-packages/airflow/example_dags/example_display_name.py
[2025-03-04T17:53:45.525+0000] {logging_mixin.py:190} INFO - [2025-03-04T17:53:45.525+0000] {dag.py:3239} INFO - Sync 1 DAGs
[2025-03-04T17:53:45.547+0000] {logging_mixin.py:190} INFO - [2025-03-04T17:53:45.547+0000] {dag.py:4180} INFO - Setting next_dagrun for example_display_name to None, run_after=None
[2025-03-04T17:53:45.567+0000] {processor.py:208} INFO - Processing /home/airflow/.local/lib/python3.12/site-packages/airflow/example_dags/example_display_name.py took 0.079 seconds
[2025-03-04T17:54:15.962+0000] {processor.py:186} INFO - Started process (PID=1364) to work on /home/airflow/.local/lib/python3.12/site-packages/airflow/example_dags/example_display_name.py
[2025-03-04T17:54:15.964+0000] {processor.py:914} INFO - Processing file /home/airflow/.local/lib/python3.12/site-packages/airflow/example_dags/example_display_name.py for tasks to queue
[2025-03-04T17:54:15.968+0000] {logging_mixin.py:190} INFO - [2025-03-04T17:54:15.967+0000] {dagbag.py:588} INFO - Filling up the DagBag from /home/airflow/.local/lib/python3.12/site-packages/airflow/example_dags/example_display_name.py
[2025-03-04T17:54:15.994+0000] {processor.py:925} INFO - DAG(s) 'example_display_name' retrieved from /home/airflow/.local/lib/python3.12/site-packages/airflow/example_dags/example_display_name.py
[2025-03-04T17:54:16.038+0000] {logging_mixin.py:190} INFO - [2025-03-04T17:54:16.037+0000] {dag.py:3239} INFO - Sync 1 DAGs
[2025-03-04T17:54:16.057+0000] {logging_mixin.py:190} INFO - [2025-03-04T17:54:16.057+0000] {dag.py:4180} INFO - Setting next_dagrun for example_display_name to None, run_after=None
[2025-03-04T17:54:16.082+0000] {processor.py:208} INFO - Processing /home/airflow/.local/lib/python3.12/site-packages/airflow/example_dags/example_display_name.py took 0.128 seconds
[2025-03-04T17:54:47.429+0000] {processor.py:186} INFO - Started process (PID=1678) to work on /home/airflow/.local/lib/python3.12/site-packages/airflow/example_dags/example_display_name.py
[2025-03-04T17:54:47.430+0000] {processor.py:914} INFO - Processing file /home/airflow/.local/lib/python3.12/site-packages/airflow/example_dags/example_display_name.py for tasks to queue
[2025-03-04T17:54:47.431+0000] {logging_mixin.py:190} INFO - [2025-03-04T17:54:47.431+0000] {dagbag.py:588} INFO - Filling up the DagBag from /home/airflow/.local/lib/python3.12/site-packages/airflow/example_dags/example_display_name.py
[2025-03-04T17:54:47.439+0000] {processor.py:925} INFO - DAG(s) 'example_display_name' retrieved from /home/airflow/.local/lib/python3.12/site-packages/airflow/example_dags/example_display_name.py
[2025-03-04T17:54:47.460+0000] {logging_mixin.py:190} INFO - [2025-03-04T17:54:47.460+0000] {dag.py:3239} INFO - Sync 1 DAGs
[2025-03-04T17:54:47.477+0000] {logging_mixin.py:190} INFO - [2025-03-04T17:54:47.477+0000] {dag.py:4180} INFO - Setting next_dagrun for example_display_name to None, run_after=None
[2025-03-04T17:54:47.512+0000] {processor.py:208} INFO - Processing /home/airflow/.local/lib/python3.12/site-packages/airflow/example_dags/example_display_name.py took 0.090 seconds
[2025-03-04T17:56:41.819+0000] {processor.py:186} INFO - Started process (PID=454) to work on /home/airflow/.local/lib/python3.12/site-packages/airflow/example_dags/example_display_name.py
[2025-03-04T17:56:41.820+0000] {processor.py:914} INFO - Processing file /home/airflow/.local/lib/python3.12/site-packages/airflow/example_dags/example_display_name.py for tasks to queue
[2025-03-04T17:56:41.823+0000] {logging_mixin.py:190} INFO - [2025-03-04T17:56:41.823+0000] {dagbag.py:588} INFO - Filling up the DagBag from /home/airflow/.local/lib/python3.12/site-packages/airflow/example_dags/example_display_name.py
[2025-03-04T17:56:41.830+0000] {processor.py:925} INFO - DAG(s) 'example_display_name' retrieved from /home/airflow/.local/lib/python3.12/site-packages/airflow/example_dags/example_display_name.py
[2025-03-04T17:56:41.852+0000] {logging_mixin.py:190} INFO - [2025-03-04T17:56:41.851+0000] {dag.py:3239} INFO - Sync 1 DAGs
[2025-03-04T17:56:41.867+0000] {logging_mixin.py:190} INFO - [2025-03-04T17:56:41.867+0000] {dag.py:4180} INFO - Setting next_dagrun for example_display_name to None, run_after=None
[2025-03-04T17:56:41.886+0000] {processor.py:208} INFO - Processing /home/airflow/.local/lib/python3.12/site-packages/airflow/example_dags/example_display_name.py took 0.072 seconds
[2025-03-04T17:57:12.384+0000] {processor.py:186} INFO - Started process (PID=769) to work on /home/airflow/.local/lib/python3.12/site-packages/airflow/example_dags/example_display_name.py
[2025-03-04T17:57:12.385+0000] {processor.py:914} INFO - Processing file /home/airflow/.local/lib/python3.12/site-packages/airflow/example_dags/example_display_name.py for tasks to queue
[2025-03-04T17:57:12.388+0000] {logging_mixin.py:190} INFO - [2025-03-04T17:57:12.387+0000] {dagbag.py:588} INFO - Filling up the DagBag from /home/airflow/.local/lib/python3.12/site-packages/airflow/example_dags/example_display_name.py
[2025-03-04T17:57:12.396+0000] {processor.py:925} INFO - DAG(s) 'example_display_name' retrieved from /home/airflow/.local/lib/python3.12/site-packages/airflow/example_dags/example_display_name.py
[2025-03-04T17:57:12.420+0000] {logging_mixin.py:190} INFO - [2025-03-04T17:57:12.420+0000] {dag.py:3239} INFO - Sync 1 DAGs
[2025-03-04T17:57:12.447+0000] {logging_mixin.py:190} INFO - [2025-03-04T17:57:12.447+0000] {dag.py:4180} INFO - Setting next_dagrun for example_display_name to None, run_after=None
[2025-03-04T17:57:12.472+0000] {processor.py:208} INFO - Processing /home/airflow/.local/lib/python3.12/site-packages/airflow/example_dags/example_display_name.py took 0.094 seconds
[2025-03-04T17:57:44.398+0000] {processor.py:186} INFO - Started process (PID=1081) to work on /home/airflow/.local/lib/python3.12/site-packages/airflow/example_dags/example_display_name.py
[2025-03-04T17:57:44.399+0000] {processor.py:914} INFO - Processing file /home/airflow/.local/lib/python3.12/site-packages/airflow/example_dags/example_display_name.py for tasks to queue
[2025-03-04T17:57:44.401+0000] {logging_mixin.py:190} INFO - [2025-03-04T17:57:44.401+0000] {dagbag.py:588} INFO - Filling up the DagBag from /home/airflow/.local/lib/python3.12/site-packages/airflow/example_dags/example_display_name.py
[2025-03-04T17:57:44.410+0000] {processor.py:925} INFO - DAG(s) 'example_display_name' retrieved from /home/airflow/.local/lib/python3.12/site-packages/airflow/example_dags/example_display_name.py
[2025-03-04T17:57:44.430+0000] {logging_mixin.py:190} INFO - [2025-03-04T17:57:44.430+0000] {dag.py:3239} INFO - Sync 1 DAGs
[2025-03-04T17:57:44.447+0000] {logging_mixin.py:190} INFO - [2025-03-04T17:57:44.447+0000] {dag.py:4180} INFO - Setting next_dagrun for example_display_name to None, run_after=None
[2025-03-04T17:57:44.470+0000] {processor.py:208} INFO - Processing /home/airflow/.local/lib/python3.12/site-packages/airflow/example_dags/example_display_name.py took 0.080 seconds
[2025-03-04T17:58:15.353+0000] {processor.py:186} INFO - Started process (PID=1387) to work on /home/airflow/.local/lib/python3.12/site-packages/airflow/example_dags/example_display_name.py
[2025-03-04T17:58:15.354+0000] {processor.py:914} INFO - Processing file /home/airflow/.local/lib/python3.12/site-packages/airflow/example_dags/example_display_name.py for tasks to queue
[2025-03-04T17:58:15.356+0000] {logging_mixin.py:190} INFO - [2025-03-04T17:58:15.356+0000] {dagbag.py:588} INFO - Filling up the DagBag from /home/airflow/.local/lib/python3.12/site-packages/airflow/example_dags/example_display_name.py
[2025-03-04T17:58:15.364+0000] {processor.py:925} INFO - DAG(s) 'example_display_name' retrieved from /home/airflow/.local/lib/python3.12/site-packages/airflow/example_dags/example_display_name.py
[2025-03-04T17:58:15.386+0000] {logging_mixin.py:190} INFO - [2025-03-04T17:58:15.386+0000] {dag.py:3239} INFO - Sync 1 DAGs
[2025-03-04T17:58:15.403+0000] {logging_mixin.py:190} INFO - [2025-03-04T17:58:15.403+0000] {dag.py:4180} INFO - Setting next_dagrun for example_display_name to None, run_after=None
[2025-03-04T17:58:15.427+0000] {processor.py:208} INFO - Processing /home/airflow/.local/lib/python3.12/site-packages/airflow/example_dags/example_display_name.py took 0.080 seconds
[2025-03-04T17:58:46.451+0000] {processor.py:186} INFO - Started process (PID=1698) to work on /home/airflow/.local/lib/python3.12/site-packages/airflow/example_dags/example_display_name.py
[2025-03-04T17:58:46.453+0000] {processor.py:914} INFO - Processing file /home/airflow/.local/lib/python3.12/site-packages/airflow/example_dags/example_display_name.py for tasks to queue
[2025-03-04T17:58:46.455+0000] {logging_mixin.py:190} INFO - [2025-03-04T17:58:46.455+0000] {dagbag.py:588} INFO - Filling up the DagBag from /home/airflow/.local/lib/python3.12/site-packages/airflow/example_dags/example_display_name.py
[2025-03-04T17:58:46.464+0000] {processor.py:925} INFO - DAG(s) 'example_display_name' retrieved from /home/airflow/.local/lib/python3.12/site-packages/airflow/example_dags/example_display_name.py
[2025-03-04T17:58:46.486+0000] {logging_mixin.py:190} INFO - [2025-03-04T17:58:46.485+0000] {dag.py:3239} INFO - Sync 1 DAGs
[2025-03-04T17:58:46.505+0000] {logging_mixin.py:190} INFO - [2025-03-04T17:58:46.504+0000] {dag.py:4180} INFO - Setting next_dagrun for example_display_name to None, run_after=None
[2025-03-04T17:58:46.529+0000] {processor.py:208} INFO - Processing /home/airflow/.local/lib/python3.12/site-packages/airflow/example_dags/example_display_name.py took 0.085 seconds
[2025-03-04T17:59:41.849+0000] {processor.py:186} INFO - Started process (PID=453) to work on /home/airflow/.local/lib/python3.12/site-packages/airflow/example_dags/example_display_name.py
[2025-03-04T17:59:41.850+0000] {processor.py:914} INFO - Processing file /home/airflow/.local/lib/python3.12/site-packages/airflow/example_dags/example_display_name.py for tasks to queue
[2025-03-04T17:59:41.853+0000] {logging_mixin.py:190} INFO - [2025-03-04T17:59:41.853+0000] {dagbag.py:588} INFO - Filling up the DagBag from /home/airflow/.local/lib/python3.12/site-packages/airflow/example_dags/example_display_name.py
[2025-03-04T17:59:41.860+0000] {processor.py:925} INFO - DAG(s) 'example_display_name' retrieved from /home/airflow/.local/lib/python3.12/site-packages/airflow/example_dags/example_display_name.py
[2025-03-04T17:59:41.886+0000] {logging_mixin.py:190} INFO - [2025-03-04T17:59:41.886+0000] {dag.py:3239} INFO - Sync 1 DAGs
[2025-03-04T17:59:41.904+0000] {logging_mixin.py:190} INFO - [2025-03-04T17:59:41.903+0000] {dag.py:4180} INFO - Setting next_dagrun for example_display_name to None, run_after=None
[2025-03-04T17:59:41.927+0000] {processor.py:208} INFO - Processing /home/airflow/.local/lib/python3.12/site-packages/airflow/example_dags/example_display_name.py took 0.084 seconds
[2025-03-04T18:00:12.724+0000] {processor.py:186} INFO - Started process (PID=759) to work on /home/airflow/.local/lib/python3.12/site-packages/airflow/example_dags/example_display_name.py
[2025-03-04T18:00:12.726+0000] {processor.py:914} INFO - Processing file /home/airflow/.local/lib/python3.12/site-packages/airflow/example_dags/example_display_name.py for tasks to queue
[2025-03-04T18:00:12.728+0000] {logging_mixin.py:190} INFO - [2025-03-04T18:00:12.727+0000] {dagbag.py:588} INFO - Filling up the DagBag from /home/airflow/.local/lib/python3.12/site-packages/airflow/example_dags/example_display_name.py
[2025-03-04T18:00:12.736+0000] {processor.py:925} INFO - DAG(s) 'example_display_name' retrieved from /home/airflow/.local/lib/python3.12/site-packages/airflow/example_dags/example_display_name.py
[2025-03-04T18:00:12.756+0000] {logging_mixin.py:190} INFO - [2025-03-04T18:00:12.756+0000] {dag.py:3239} INFO - Sync 1 DAGs
[2025-03-04T18:00:12.773+0000] {logging_mixin.py:190} INFO - [2025-03-04T18:00:12.773+0000] {dag.py:4180} INFO - Setting next_dagrun for example_display_name to None, run_after=None
[2025-03-04T18:00:12.800+0000] {processor.py:208} INFO - Processing /home/airflow/.local/lib/python3.12/site-packages/airflow/example_dags/example_display_name.py took 0.082 seconds
[2025-03-04T18:00:43.817+0000] {processor.py:186} INFO - Started process (PID=1062) to work on /home/airflow/.local/lib/python3.12/site-packages/airflow/example_dags/example_display_name.py
[2025-03-04T18:00:43.818+0000] {processor.py:914} INFO - Processing file /home/airflow/.local/lib/python3.12/site-packages/airflow/example_dags/example_display_name.py for tasks to queue
[2025-03-04T18:00:43.821+0000] {logging_mixin.py:190} INFO - [2025-03-04T18:00:43.821+0000] {dagbag.py:588} INFO - Filling up the DagBag from /home/airflow/.local/lib/python3.12/site-packages/airflow/example_dags/example_display_name.py
[2025-03-04T18:00:43.830+0000] {processor.py:925} INFO - DAG(s) 'example_display_name' retrieved from /home/airflow/.local/lib/python3.12/site-packages/airflow/example_dags/example_display_name.py
[2025-03-04T18:00:43.859+0000] {logging_mixin.py:190} INFO - [2025-03-04T18:00:43.858+0000] {dag.py:3239} INFO - Sync 1 DAGs
[2025-03-04T18:00:43.879+0000] {logging_mixin.py:190} INFO - [2025-03-04T18:00:43.879+0000] {dag.py:4180} INFO - Setting next_dagrun for example_display_name to None, run_after=None
[2025-03-04T18:00:43.909+0000] {processor.py:208} INFO - Processing /home/airflow/.local/lib/python3.12/site-packages/airflow/example_dags/example_display_name.py took 0.099 seconds
[2025-03-04T18:01:14.697+0000] {processor.py:186} INFO - Started process (PID=1368) to work on /home/airflow/.local/lib/python3.12/site-packages/airflow/example_dags/example_display_name.py
[2025-03-04T18:01:14.698+0000] {processor.py:914} INFO - Processing file /home/airflow/.local/lib/python3.12/site-packages/airflow/example_dags/example_display_name.py for tasks to queue
[2025-03-04T18:01:14.701+0000] {logging_mixin.py:190} INFO - [2025-03-04T18:01:14.701+0000] {dagbag.py:588} INFO - Filling up the DagBag from /home/airflow/.local/lib/python3.12/site-packages/airflow/example_dags/example_display_name.py
[2025-03-04T18:01:14.711+0000] {processor.py:925} INFO - DAG(s) 'example_display_name' retrieved from /home/airflow/.local/lib/python3.12/site-packages/airflow/example_dags/example_display_name.py
[2025-03-04T18:01:14.750+0000] {logging_mixin.py:190} INFO - [2025-03-04T18:01:14.750+0000] {dag.py:3239} INFO - Sync 1 DAGs
[2025-03-04T18:01:14.771+0000] {logging_mixin.py:190} INFO - [2025-03-04T18:01:14.771+0000] {dag.py:4180} INFO - Setting next_dagrun for example_display_name to None, run_after=None
[2025-03-04T18:01:14.802+0000] {processor.py:208} INFO - Processing /home/airflow/.local/lib/python3.12/site-packages/airflow/example_dags/example_display_name.py took 0.112 seconds
[2025-03-04T18:01:45.205+0000] {processor.py:186} INFO - Started process (PID=1672) to work on /home/airflow/.local/lib/python3.12/site-packages/airflow/example_dags/example_display_name.py
[2025-03-04T18:01:45.206+0000] {processor.py:914} INFO - Processing file /home/airflow/.local/lib/python3.12/site-packages/airflow/example_dags/example_display_name.py for tasks to queue
[2025-03-04T18:01:45.208+0000] {logging_mixin.py:190} INFO - [2025-03-04T18:01:45.208+0000] {dagbag.py:588} INFO - Filling up the DagBag from /home/airflow/.local/lib/python3.12/site-packages/airflow/example_dags/example_display_name.py
[2025-03-04T18:01:45.216+0000] {processor.py:925} INFO - DAG(s) 'example_display_name' retrieved from /home/airflow/.local/lib/python3.12/site-packages/airflow/example_dags/example_display_name.py
[2025-03-04T18:01:45.241+0000] {logging_mixin.py:190} INFO - [2025-03-04T18:01:45.241+0000] {dag.py:3239} INFO - Sync 1 DAGs
[2025-03-04T18:01:45.259+0000] {logging_mixin.py:190} INFO - [2025-03-04T18:01:45.259+0000] {dag.py:4180} INFO - Setting next_dagrun for example_display_name to None, run_after=None
[2025-03-04T18:01:45.282+0000] {processor.py:208} INFO - Processing /home/airflow/.local/lib/python3.12/site-packages/airflow/example_dags/example_display_name.py took 0.083 seconds
[2025-03-04T18:02:16.580+0000] {processor.py:186} INFO - Started process (PID=1978) to work on /home/airflow/.local/lib/python3.12/site-packages/airflow/example_dags/example_display_name.py
[2025-03-04T18:02:16.582+0000] {processor.py:914} INFO - Processing file /home/airflow/.local/lib/python3.12/site-packages/airflow/example_dags/example_display_name.py for tasks to queue
[2025-03-04T18:02:16.584+0000] {logging_mixin.py:190} INFO - [2025-03-04T18:02:16.584+0000] {dagbag.py:588} INFO - Filling up the DagBag from /home/airflow/.local/lib/python3.12/site-packages/airflow/example_dags/example_display_name.py
[2025-03-04T18:02:16.593+0000] {processor.py:925} INFO - DAG(s) 'example_display_name' retrieved from /home/airflow/.local/lib/python3.12/site-packages/airflow/example_dags/example_display_name.py
[2025-03-04T18:02:16.617+0000] {logging_mixin.py:190} INFO - [2025-03-04T18:02:16.617+0000] {dag.py:3239} INFO - Sync 1 DAGs
[2025-03-04T18:02:16.637+0000] {logging_mixin.py:190} INFO - [2025-03-04T18:02:16.636+0000] {dag.py:4180} INFO - Setting next_dagrun for example_display_name to None, run_after=None
[2025-03-04T18:02:16.660+0000] {processor.py:208} INFO - Processing /home/airflow/.local/lib/python3.12/site-packages/airflow/example_dags/example_display_name.py took 0.090 seconds
[2025-03-04T18:02:47.001+0000] {processor.py:186} INFO - Started process (PID=2279) to work on /home/airflow/.local/lib/python3.12/site-packages/airflow/example_dags/example_display_name.py
[2025-03-04T18:02:47.002+0000] {processor.py:914} INFO - Processing file /home/airflow/.local/lib/python3.12/site-packages/airflow/example_dags/example_display_name.py for tasks to queue
[2025-03-04T18:02:47.004+0000] {logging_mixin.py:190} INFO - [2025-03-04T18:02:47.004+0000] {dagbag.py:588} INFO - Filling up the DagBag from /home/airflow/.local/lib/python3.12/site-packages/airflow/example_dags/example_display_name.py
[2025-03-04T18:02:47.014+0000] {processor.py:925} INFO - DAG(s) 'example_display_name' retrieved from /home/airflow/.local/lib/python3.12/site-packages/airflow/example_dags/example_display_name.py
[2025-03-04T18:02:47.041+0000] {logging_mixin.py:190} INFO - [2025-03-04T18:02:47.041+0000] {dag.py:3239} INFO - Sync 1 DAGs
[2025-03-04T18:02:47.062+0000] {logging_mixin.py:190} INFO - [2025-03-04T18:02:47.062+0000] {dag.py:4180} INFO - Setting next_dagrun for example_display_name to None, run_after=None
[2025-03-04T18:02:47.091+0000] {processor.py:208} INFO - Processing /home/airflow/.local/lib/python3.12/site-packages/airflow/example_dags/example_display_name.py took 0.099 seconds
[2025-03-04T18:03:17.424+0000] {processor.py:186} INFO - Started process (PID=2596) to work on /home/airflow/.local/lib/python3.12/site-packages/airflow/example_dags/example_display_name.py
[2025-03-04T18:03:17.425+0000] {processor.py:914} INFO - Processing file /home/airflow/.local/lib/python3.12/site-packages/airflow/example_dags/example_display_name.py for tasks to queue
[2025-03-04T18:03:17.428+0000] {logging_mixin.py:190} INFO - [2025-03-04T18:03:17.427+0000] {dagbag.py:588} INFO - Filling up the DagBag from /home/airflow/.local/lib/python3.12/site-packages/airflow/example_dags/example_display_name.py
[2025-03-04T18:03:17.436+0000] {processor.py:925} INFO - DAG(s) 'example_display_name' retrieved from /home/airflow/.local/lib/python3.12/site-packages/airflow/example_dags/example_display_name.py
[2025-03-04T18:03:17.462+0000] {logging_mixin.py:190} INFO - [2025-03-04T18:03:17.462+0000] {dag.py:3239} INFO - Sync 1 DAGs
[2025-03-04T18:03:17.481+0000] {logging_mixin.py:190} INFO - [2025-03-04T18:03:17.481+0000] {dag.py:4180} INFO - Setting next_dagrun for example_display_name to None, run_after=None
[2025-03-04T18:03:17.507+0000] {processor.py:208} INFO - Processing /home/airflow/.local/lib/python3.12/site-packages/airflow/example_dags/example_display_name.py took 0.089 seconds
[2025-03-04T18:03:48.452+0000] {processor.py:186} INFO - Started process (PID=2902) to work on /home/airflow/.local/lib/python3.12/site-packages/airflow/example_dags/example_display_name.py
[2025-03-04T18:03:48.453+0000] {processor.py:914} INFO - Processing file /home/airflow/.local/lib/python3.12/site-packages/airflow/example_dags/example_display_name.py for tasks to queue
[2025-03-04T18:03:48.456+0000] {logging_mixin.py:190} INFO - [2025-03-04T18:03:48.456+0000] {dagbag.py:588} INFO - Filling up the DagBag from /home/airflow/.local/lib/python3.12/site-packages/airflow/example_dags/example_display_name.py
[2025-03-04T18:03:48.466+0000] {processor.py:925} INFO - DAG(s) 'example_display_name' retrieved from /home/airflow/.local/lib/python3.12/site-packages/airflow/example_dags/example_display_name.py
[2025-03-04T18:03:48.488+0000] {logging_mixin.py:190} INFO - [2025-03-04T18:03:48.488+0000] {dag.py:3239} INFO - Sync 1 DAGs
[2025-03-04T18:03:48.506+0000] {logging_mixin.py:190} INFO - [2025-03-04T18:03:48.506+0000] {dag.py:4180} INFO - Setting next_dagrun for example_display_name to None, run_after=None
[2025-03-04T18:03:48.531+0000] {processor.py:208} INFO - Processing /home/airflow/.local/lib/python3.12/site-packages/airflow/example_dags/example_display_name.py took 0.086 seconds
[2025-03-04T18:04:18.905+0000] {processor.py:186} INFO - Started process (PID=3208) to work on /home/airflow/.local/lib/python3.12/site-packages/airflow/example_dags/example_display_name.py
[2025-03-04T18:04:18.906+0000] {processor.py:914} INFO - Processing file /home/airflow/.local/lib/python3.12/site-packages/airflow/example_dags/example_display_name.py for tasks to queue
[2025-03-04T18:04:18.910+0000] {logging_mixin.py:190} INFO - [2025-03-04T18:04:18.909+0000] {dagbag.py:588} INFO - Filling up the DagBag from /home/airflow/.local/lib/python3.12/site-packages/airflow/example_dags/example_display_name.py
[2025-03-04T18:04:18.919+0000] {processor.py:925} INFO - DAG(s) 'example_display_name' retrieved from /home/airflow/.local/lib/python3.12/site-packages/airflow/example_dags/example_display_name.py
[2025-03-04T18:04:18.943+0000] {logging_mixin.py:190} INFO - [2025-03-04T18:04:18.943+0000] {dag.py:3239} INFO - Sync 1 DAGs
[2025-03-04T18:04:18.960+0000] {logging_mixin.py:190} INFO - [2025-03-04T18:04:18.960+0000] {dag.py:4180} INFO - Setting next_dagrun for example_display_name to None, run_after=None
[2025-03-04T18:04:18.979+0000] {processor.py:208} INFO - Processing /home/airflow/.local/lib/python3.12/site-packages/airflow/example_dags/example_display_name.py took 0.082 seconds
[2025-03-04T18:04:50.040+0000] {processor.py:186} INFO - Started process (PID=3514) to work on /home/airflow/.local/lib/python3.12/site-packages/airflow/example_dags/example_display_name.py
[2025-03-04T18:04:50.041+0000] {processor.py:914} INFO - Processing file /home/airflow/.local/lib/python3.12/site-packages/airflow/example_dags/example_display_name.py for tasks to queue
[2025-03-04T18:04:50.044+0000] {logging_mixin.py:190} INFO - [2025-03-04T18:04:50.043+0000] {dagbag.py:588} INFO - Filling up the DagBag from /home/airflow/.local/lib/python3.12/site-packages/airflow/example_dags/example_display_name.py
[2025-03-04T18:04:50.052+0000] {processor.py:925} INFO - DAG(s) 'example_display_name' retrieved from /home/airflow/.local/lib/python3.12/site-packages/airflow/example_dags/example_display_name.py
[2025-03-04T18:04:50.080+0000] {logging_mixin.py:190} INFO - [2025-03-04T18:04:50.080+0000] {dag.py:3239} INFO - Sync 1 DAGs
[2025-03-04T18:04:50.099+0000] {logging_mixin.py:190} INFO - [2025-03-04T18:04:50.099+0000] {dag.py:4180} INFO - Setting next_dagrun for example_display_name to None, run_after=None
[2025-03-04T18:04:50.124+0000] {processor.py:208} INFO - Processing /home/airflow/.local/lib/python3.12/site-packages/airflow/example_dags/example_display_name.py took 0.092 seconds
[2025-03-04T18:05:20.911+0000] {processor.py:186} INFO - Started process (PID=3820) to work on /home/airflow/.local/lib/python3.12/site-packages/airflow/example_dags/example_display_name.py
[2025-03-04T18:05:20.913+0000] {processor.py:914} INFO - Processing file /home/airflow/.local/lib/python3.12/site-packages/airflow/example_dags/example_display_name.py for tasks to queue
[2025-03-04T18:05:20.915+0000] {logging_mixin.py:190} INFO - [2025-03-04T18:05:20.915+0000] {dagbag.py:588} INFO - Filling up the DagBag from /home/airflow/.local/lib/python3.12/site-packages/airflow/example_dags/example_display_name.py
[2025-03-04T18:05:20.923+0000] {processor.py:925} INFO - DAG(s) 'example_display_name' retrieved from /home/airflow/.local/lib/python3.12/site-packages/airflow/example_dags/example_display_name.py
[2025-03-04T18:05:20.947+0000] {logging_mixin.py:190} INFO - [2025-03-04T18:05:20.947+0000] {dag.py:3239} INFO - Sync 1 DAGs
[2025-03-04T18:05:20.967+0000] {logging_mixin.py:190} INFO - [2025-03-04T18:05:20.966+0000] {dag.py:4180} INFO - Setting next_dagrun for example_display_name to None, run_after=None
[2025-03-04T18:05:20.987+0000] {processor.py:208} INFO - Processing /home/airflow/.local/lib/python3.12/site-packages/airflow/example_dags/example_display_name.py took 0.082 seconds
