[2025-03-04T17:28:45.370+0000] {processor.py:186} INFO - Started process (PID=372) to work on /home/airflow/.local/lib/python3.12/site-packages/airflow/example_dags/example_nested_branch_dag.py
[2025-03-04T17:28:45.371+0000] {processor.py:914} INFO - Processing file /home/airflow/.local/lib/python3.12/site-packages/airflow/example_dags/example_nested_branch_dag.py for tasks to queue
[2025-03-04T17:28:45.374+0000] {logging_mixin.py:190} INFO - [2025-03-04T17:28:45.373+0000] {dagbag.py:588} INFO - Filling up the DagBag from /home/airflow/.local/lib/python3.12/site-packages/airflow/example_dags/example_nested_branch_dag.py
[2025-03-04T17:28:45.387+0000] {processor.py:925} INFO - DAG(s) 'example_nested_branch_dag' retrieved from /home/airflow/.local/lib/python3.12/site-packages/airflow/example_dags/example_nested_branch_dag.py
[2025-03-04T17:28:45.421+0000] {logging_mixin.py:190} INFO - [2025-03-04T17:28:45.421+0000] {dag.py:3239} INFO - Sync 1 DAGs
[2025-03-04T17:28:45.458+0000] {logging_mixin.py:190} INFO - [2025-03-04T17:28:45.458+0000] {dag.py:4180} INFO - Setting next_dagrun for example_nested_branch_dag to 2025-03-03 00:00:00+00:00, run_after=2025-03-04 00:00:00+00:00
[2025-03-04T17:28:45.479+0000] {processor.py:208} INFO - Processing /home/airflow/.local/lib/python3.12/site-packages/airflow/example_dags/example_nested_branch_dag.py took 0.116 seconds
[2025-03-04T17:29:16.414+0000] {processor.py:186} INFO - Started process (PID=710) to work on /home/airflow/.local/lib/python3.12/site-packages/airflow/example_dags/example_nested_branch_dag.py
[2025-03-04T17:29:16.415+0000] {processor.py:914} INFO - Processing file /home/airflow/.local/lib/python3.12/site-packages/airflow/example_dags/example_nested_branch_dag.py for tasks to queue
[2025-03-04T17:29:16.418+0000] {logging_mixin.py:190} INFO - [2025-03-04T17:29:16.418+0000] {dagbag.py:588} INFO - Filling up the DagBag from /home/airflow/.local/lib/python3.12/site-packages/airflow/example_dags/example_nested_branch_dag.py
[2025-03-04T17:29:16.431+0000] {processor.py:925} INFO - DAG(s) 'example_nested_branch_dag' retrieved from /home/airflow/.local/lib/python3.12/site-packages/airflow/example_dags/example_nested_branch_dag.py
[2025-03-04T17:29:16.454+0000] {logging_mixin.py:190} INFO - [2025-03-04T17:29:16.453+0000] {dag.py:3239} INFO - Sync 1 DAGs
[2025-03-04T17:29:16.481+0000] {logging_mixin.py:190} INFO - [2025-03-04T17:29:16.480+0000] {dag.py:4180} INFO - Setting next_dagrun for example_nested_branch_dag to 2025-03-03 00:00:00+00:00, run_after=2025-03-04 00:00:00+00:00
[2025-03-04T17:29:16.503+0000] {processor.py:208} INFO - Processing /home/airflow/.local/lib/python3.12/site-packages/airflow/example_dags/example_nested_branch_dag.py took 0.095 seconds
[2025-03-04T17:29:47.536+0000] {processor.py:186} INFO - Started process (PID=1016) to work on /home/airflow/.local/lib/python3.12/site-packages/airflow/example_dags/example_nested_branch_dag.py
[2025-03-04T17:29:47.537+0000] {processor.py:914} INFO - Processing file /home/airflow/.local/lib/python3.12/site-packages/airflow/example_dags/example_nested_branch_dag.py for tasks to queue
[2025-03-04T17:29:47.540+0000] {logging_mixin.py:190} INFO - [2025-03-04T17:29:47.539+0000] {dagbag.py:588} INFO - Filling up the DagBag from /home/airflow/.local/lib/python3.12/site-packages/airflow/example_dags/example_nested_branch_dag.py
[2025-03-04T17:29:47.552+0000] {processor.py:925} INFO - DAG(s) 'example_nested_branch_dag' retrieved from /home/airflow/.local/lib/python3.12/site-packages/airflow/example_dags/example_nested_branch_dag.py
[2025-03-04T17:29:47.576+0000] {logging_mixin.py:190} INFO - [2025-03-04T17:29:47.576+0000] {dag.py:3239} INFO - Sync 1 DAGs
[2025-03-04T17:29:47.605+0000] {logging_mixin.py:190} INFO - [2025-03-04T17:29:47.605+0000] {dag.py:4180} INFO - Setting next_dagrun for example_nested_branch_dag to 2025-03-03 00:00:00+00:00, run_after=2025-03-04 00:00:00+00:00
[2025-03-04T17:29:47.629+0000] {processor.py:208} INFO - Processing /home/airflow/.local/lib/python3.12/site-packages/airflow/example_dags/example_nested_branch_dag.py took 0.100 seconds
[2025-03-04T17:30:18.611+0000] {processor.py:186} INFO - Started process (PID=1322) to work on /home/airflow/.local/lib/python3.12/site-packages/airflow/example_dags/example_nested_branch_dag.py
[2025-03-04T17:30:18.612+0000] {processor.py:914} INFO - Processing file /home/airflow/.local/lib/python3.12/site-packages/airflow/example_dags/example_nested_branch_dag.py for tasks to queue
[2025-03-04T17:30:18.615+0000] {logging_mixin.py:190} INFO - [2025-03-04T17:30:18.615+0000] {dagbag.py:588} INFO - Filling up the DagBag from /home/airflow/.local/lib/python3.12/site-packages/airflow/example_dags/example_nested_branch_dag.py
[2025-03-04T17:30:18.628+0000] {processor.py:925} INFO - DAG(s) 'example_nested_branch_dag' retrieved from /home/airflow/.local/lib/python3.12/site-packages/airflow/example_dags/example_nested_branch_dag.py
[2025-03-04T17:30:18.659+0000] {logging_mixin.py:190} INFO - [2025-03-04T17:30:18.659+0000] {dag.py:3239} INFO - Sync 1 DAGs
[2025-03-04T17:30:18.694+0000] {logging_mixin.py:190} INFO - [2025-03-04T17:30:18.694+0000] {dag.py:4180} INFO - Setting next_dagrun for example_nested_branch_dag to 2025-03-03 00:00:00+00:00, run_after=2025-03-04 00:00:00+00:00
[2025-03-04T17:30:18.714+0000] {processor.py:208} INFO - Processing /home/airflow/.local/lib/python3.12/site-packages/airflow/example_dags/example_nested_branch_dag.py took 0.111 seconds
[2025-03-04T17:30:49.840+0000] {processor.py:186} INFO - Started process (PID=1628) to work on /home/airflow/.local/lib/python3.12/site-packages/airflow/example_dags/example_nested_branch_dag.py
[2025-03-04T17:30:49.842+0000] {processor.py:914} INFO - Processing file /home/airflow/.local/lib/python3.12/site-packages/airflow/example_dags/example_nested_branch_dag.py for tasks to queue
[2025-03-04T17:30:49.848+0000] {logging_mixin.py:190} INFO - [2025-03-04T17:30:49.848+0000] {dagbag.py:588} INFO - Filling up the DagBag from /home/airflow/.local/lib/python3.12/site-packages/airflow/example_dags/example_nested_branch_dag.py
[2025-03-04T17:30:49.862+0000] {processor.py:925} INFO - DAG(s) 'example_nested_branch_dag' retrieved from /home/airflow/.local/lib/python3.12/site-packages/airflow/example_dags/example_nested_branch_dag.py
[2025-03-04T17:30:49.892+0000] {logging_mixin.py:190} INFO - [2025-03-04T17:30:49.892+0000] {dag.py:3239} INFO - Sync 1 DAGs
[2025-03-04T17:30:49.929+0000] {logging_mixin.py:190} INFO - [2025-03-04T17:30:49.929+0000] {dag.py:4180} INFO - Setting next_dagrun for example_nested_branch_dag to 2025-03-03 00:00:00+00:00, run_after=2025-03-04 00:00:00+00:00
[2025-03-04T17:30:49.951+0000] {processor.py:208} INFO - Processing /home/airflow/.local/lib/python3.12/site-packages/airflow/example_dags/example_nested_branch_dag.py took 0.126 seconds
[2025-03-04T17:31:20.950+0000] {processor.py:186} INFO - Started process (PID=1934) to work on /home/airflow/.local/lib/python3.12/site-packages/airflow/example_dags/example_nested_branch_dag.py
[2025-03-04T17:31:20.951+0000] {processor.py:914} INFO - Processing file /home/airflow/.local/lib/python3.12/site-packages/airflow/example_dags/example_nested_branch_dag.py for tasks to queue
[2025-03-04T17:31:20.954+0000] {logging_mixin.py:190} INFO - [2025-03-04T17:31:20.954+0000] {dagbag.py:588} INFO - Filling up the DagBag from /home/airflow/.local/lib/python3.12/site-packages/airflow/example_dags/example_nested_branch_dag.py
[2025-03-04T17:31:20.984+0000] {processor.py:925} INFO - DAG(s) 'example_nested_branch_dag' retrieved from /home/airflow/.local/lib/python3.12/site-packages/airflow/example_dags/example_nested_branch_dag.py
[2025-03-04T17:31:21.023+0000] {logging_mixin.py:190} INFO - [2025-03-04T17:31:21.023+0000] {dag.py:3239} INFO - Sync 1 DAGs
[2025-03-04T17:31:21.051+0000] {logging_mixin.py:190} INFO - [2025-03-04T17:31:21.051+0000] {dag.py:4180} INFO - Setting next_dagrun for example_nested_branch_dag to 2025-03-03 00:00:00+00:00, run_after=2025-03-04 00:00:00+00:00
[2025-03-04T17:31:21.076+0000] {processor.py:208} INFO - Processing /home/airflow/.local/lib/python3.12/site-packages/airflow/example_dags/example_nested_branch_dag.py took 0.134 seconds
[2025-03-04T17:31:51.947+0000] {processor.py:186} INFO - Started process (PID=2235) to work on /home/airflow/.local/lib/python3.12/site-packages/airflow/example_dags/example_nested_branch_dag.py
[2025-03-04T17:31:51.948+0000] {processor.py:914} INFO - Processing file /home/airflow/.local/lib/python3.12/site-packages/airflow/example_dags/example_nested_branch_dag.py for tasks to queue
[2025-03-04T17:31:51.950+0000] {logging_mixin.py:190} INFO - [2025-03-04T17:31:51.950+0000] {dagbag.py:588} INFO - Filling up the DagBag from /home/airflow/.local/lib/python3.12/site-packages/airflow/example_dags/example_nested_branch_dag.py
[2025-03-04T17:31:51.962+0000] {processor.py:925} INFO - DAG(s) 'example_nested_branch_dag' retrieved from /home/airflow/.local/lib/python3.12/site-packages/airflow/example_dags/example_nested_branch_dag.py
[2025-03-04T17:31:51.989+0000] {logging_mixin.py:190} INFO - [2025-03-04T17:31:51.989+0000] {dag.py:3239} INFO - Sync 1 DAGs
[2025-03-04T17:31:52.023+0000] {logging_mixin.py:190} INFO - [2025-03-04T17:31:52.023+0000] {dag.py:4180} INFO - Setting next_dagrun for example_nested_branch_dag to 2025-03-03 00:00:00+00:00, run_after=2025-03-04 00:00:00+00:00
[2025-03-04T17:31:52.050+0000] {processor.py:208} INFO - Processing /home/airflow/.local/lib/python3.12/site-packages/airflow/example_dags/example_nested_branch_dag.py took 0.110 seconds
[2025-03-04T17:32:22.450+0000] {processor.py:186} INFO - Started process (PID=2541) to work on /home/airflow/.local/lib/python3.12/site-packages/airflow/example_dags/example_nested_branch_dag.py
[2025-03-04T17:32:22.452+0000] {processor.py:914} INFO - Processing file /home/airflow/.local/lib/python3.12/site-packages/airflow/example_dags/example_nested_branch_dag.py for tasks to queue
[2025-03-04T17:32:22.455+0000] {logging_mixin.py:190} INFO - [2025-03-04T17:32:22.454+0000] {dagbag.py:588} INFO - Filling up the DagBag from /home/airflow/.local/lib/python3.12/site-packages/airflow/example_dags/example_nested_branch_dag.py
[2025-03-04T17:32:22.468+0000] {processor.py:925} INFO - DAG(s) 'example_nested_branch_dag' retrieved from /home/airflow/.local/lib/python3.12/site-packages/airflow/example_dags/example_nested_branch_dag.py
[2025-03-04T17:32:22.494+0000] {logging_mixin.py:190} INFO - [2025-03-04T17:32:22.494+0000] {dag.py:3239} INFO - Sync 1 DAGs
[2025-03-04T17:32:22.524+0000] {logging_mixin.py:190} INFO - [2025-03-04T17:32:22.523+0000] {dag.py:4180} INFO - Setting next_dagrun for example_nested_branch_dag to 2025-03-03 00:00:00+00:00, run_after=2025-03-04 00:00:00+00:00
[2025-03-04T17:32:22.550+0000] {processor.py:208} INFO - Processing /home/airflow/.local/lib/python3.12/site-packages/airflow/example_dags/example_nested_branch_dag.py took 0.106 seconds
[2025-03-04T17:32:52.859+0000] {processor.py:186} INFO - Started process (PID=2842) to work on /home/airflow/.local/lib/python3.12/site-packages/airflow/example_dags/example_nested_branch_dag.py
[2025-03-04T17:32:52.861+0000] {processor.py:914} INFO - Processing file /home/airflow/.local/lib/python3.12/site-packages/airflow/example_dags/example_nested_branch_dag.py for tasks to queue
[2025-03-04T17:32:52.864+0000] {logging_mixin.py:190} INFO - [2025-03-04T17:32:52.863+0000] {dagbag.py:588} INFO - Filling up the DagBag from /home/airflow/.local/lib/python3.12/site-packages/airflow/example_dags/example_nested_branch_dag.py
[2025-03-04T17:32:52.879+0000] {processor.py:925} INFO - DAG(s) 'example_nested_branch_dag' retrieved from /home/airflow/.local/lib/python3.12/site-packages/airflow/example_dags/example_nested_branch_dag.py
[2025-03-04T17:32:52.909+0000] {logging_mixin.py:190} INFO - [2025-03-04T17:32:52.908+0000] {dag.py:3239} INFO - Sync 1 DAGs
[2025-03-04T17:32:52.938+0000] {logging_mixin.py:190} INFO - [2025-03-04T17:32:52.938+0000] {dag.py:4180} INFO - Setting next_dagrun for example_nested_branch_dag to 2025-03-03 00:00:00+00:00, run_after=2025-03-04 00:00:00+00:00
[2025-03-04T17:32:52.967+0000] {processor.py:208} INFO - Processing /home/airflow/.local/lib/python3.12/site-packages/airflow/example_dags/example_nested_branch_dag.py took 0.116 seconds
[2025-03-04T17:33:23.741+0000] {processor.py:186} INFO - Started process (PID=3148) to work on /home/airflow/.local/lib/python3.12/site-packages/airflow/example_dags/example_nested_branch_dag.py
[2025-03-04T17:33:23.743+0000] {processor.py:914} INFO - Processing file /home/airflow/.local/lib/python3.12/site-packages/airflow/example_dags/example_nested_branch_dag.py for tasks to queue
[2025-03-04T17:33:23.746+0000] {logging_mixin.py:190} INFO - [2025-03-04T17:33:23.745+0000] {dagbag.py:588} INFO - Filling up the DagBag from /home/airflow/.local/lib/python3.12/site-packages/airflow/example_dags/example_nested_branch_dag.py
[2025-03-04T17:33:23.759+0000] {processor.py:925} INFO - DAG(s) 'example_nested_branch_dag' retrieved from /home/airflow/.local/lib/python3.12/site-packages/airflow/example_dags/example_nested_branch_dag.py
[2025-03-04T17:33:23.790+0000] {logging_mixin.py:190} INFO - [2025-03-04T17:33:23.790+0000] {dag.py:3239} INFO - Sync 1 DAGs
[2025-03-04T17:33:23.831+0000] {logging_mixin.py:190} INFO - [2025-03-04T17:33:23.831+0000] {dag.py:4180} INFO - Setting next_dagrun for example_nested_branch_dag to 2025-03-03 00:00:00+00:00, run_after=2025-03-04 00:00:00+00:00
[2025-03-04T17:33:23.859+0000] {processor.py:208} INFO - Processing /home/airflow/.local/lib/python3.12/site-packages/airflow/example_dags/example_nested_branch_dag.py took 0.135 seconds
[2025-03-04T17:33:54.039+0000] {processor.py:186} INFO - Started process (PID=3454) to work on /home/airflow/.local/lib/python3.12/site-packages/airflow/example_dags/example_nested_branch_dag.py
[2025-03-04T17:33:54.040+0000] {processor.py:914} INFO - Processing file /home/airflow/.local/lib/python3.12/site-packages/airflow/example_dags/example_nested_branch_dag.py for tasks to queue
[2025-03-04T17:33:54.042+0000] {logging_mixin.py:190} INFO - [2025-03-04T17:33:54.042+0000] {dagbag.py:588} INFO - Filling up the DagBag from /home/airflow/.local/lib/python3.12/site-packages/airflow/example_dags/example_nested_branch_dag.py
[2025-03-04T17:33:54.056+0000] {processor.py:925} INFO - DAG(s) 'example_nested_branch_dag' retrieved from /home/airflow/.local/lib/python3.12/site-packages/airflow/example_dags/example_nested_branch_dag.py
[2025-03-04T17:33:54.083+0000] {logging_mixin.py:190} INFO - [2025-03-04T17:33:54.082+0000] {dag.py:3239} INFO - Sync 1 DAGs
[2025-03-04T17:33:54.112+0000] {logging_mixin.py:190} INFO - [2025-03-04T17:33:54.112+0000] {dag.py:4180} INFO - Setting next_dagrun for example_nested_branch_dag to 2025-03-03 00:00:00+00:00, run_after=2025-03-04 00:00:00+00:00
[2025-03-04T17:33:54.139+0000] {processor.py:208} INFO - Processing /home/airflow/.local/lib/python3.12/site-packages/airflow/example_dags/example_nested_branch_dag.py took 0.107 seconds
[2025-03-04T17:34:24.193+0000] {processor.py:186} INFO - Started process (PID=3755) to work on /home/airflow/.local/lib/python3.12/site-packages/airflow/example_dags/example_nested_branch_dag.py
[2025-03-04T17:34:24.195+0000] {processor.py:914} INFO - Processing file /home/airflow/.local/lib/python3.12/site-packages/airflow/example_dags/example_nested_branch_dag.py for tasks to queue
[2025-03-04T17:34:24.198+0000] {logging_mixin.py:190} INFO - [2025-03-04T17:34:24.197+0000] {dagbag.py:588} INFO - Filling up the DagBag from /home/airflow/.local/lib/python3.12/site-packages/airflow/example_dags/example_nested_branch_dag.py
[2025-03-04T17:34:24.215+0000] {processor.py:925} INFO - DAG(s) 'example_nested_branch_dag' retrieved from /home/airflow/.local/lib/python3.12/site-packages/airflow/example_dags/example_nested_branch_dag.py
[2025-03-04T17:34:24.240+0000] {logging_mixin.py:190} INFO - [2025-03-04T17:34:24.240+0000] {dag.py:3239} INFO - Sync 1 DAGs
[2025-03-04T17:34:24.269+0000] {logging_mixin.py:190} INFO - [2025-03-04T17:34:24.269+0000] {dag.py:4180} INFO - Setting next_dagrun for example_nested_branch_dag to 2025-03-03 00:00:00+00:00, run_after=2025-03-04 00:00:00+00:00
[2025-03-04T17:34:24.295+0000] {processor.py:208} INFO - Processing /home/airflow/.local/lib/python3.12/site-packages/airflow/example_dags/example_nested_branch_dag.py took 0.110 seconds
[2025-03-04T17:34:54.369+0000] {processor.py:186} INFO - Started process (PID=4061) to work on /home/airflow/.local/lib/python3.12/site-packages/airflow/example_dags/example_nested_branch_dag.py
[2025-03-04T17:34:54.370+0000] {processor.py:914} INFO - Processing file /home/airflow/.local/lib/python3.12/site-packages/airflow/example_dags/example_nested_branch_dag.py for tasks to queue
[2025-03-04T17:34:54.373+0000] {logging_mixin.py:190} INFO - [2025-03-04T17:34:54.373+0000] {dagbag.py:588} INFO - Filling up the DagBag from /home/airflow/.local/lib/python3.12/site-packages/airflow/example_dags/example_nested_branch_dag.py
[2025-03-04T17:34:54.387+0000] {processor.py:925} INFO - DAG(s) 'example_nested_branch_dag' retrieved from /home/airflow/.local/lib/python3.12/site-packages/airflow/example_dags/example_nested_branch_dag.py
[2025-03-04T17:34:54.415+0000] {logging_mixin.py:190} INFO - [2025-03-04T17:34:54.414+0000] {dag.py:3239} INFO - Sync 1 DAGs
[2025-03-04T17:34:54.444+0000] {logging_mixin.py:190} INFO - [2025-03-04T17:34:54.444+0000] {dag.py:4180} INFO - Setting next_dagrun for example_nested_branch_dag to 2025-03-03 00:00:00+00:00, run_after=2025-03-04 00:00:00+00:00
[2025-03-04T17:34:54.474+0000] {processor.py:208} INFO - Processing /home/airflow/.local/lib/python3.12/site-packages/airflow/example_dags/example_nested_branch_dag.py took 0.113 seconds
[2025-03-04T17:35:24.569+0000] {processor.py:186} INFO - Started process (PID=4367) to work on /home/airflow/.local/lib/python3.12/site-packages/airflow/example_dags/example_nested_branch_dag.py
[2025-03-04T17:35:24.571+0000] {processor.py:914} INFO - Processing file /home/airflow/.local/lib/python3.12/site-packages/airflow/example_dags/example_nested_branch_dag.py for tasks to queue
[2025-03-04T17:35:24.574+0000] {logging_mixin.py:190} INFO - [2025-03-04T17:35:24.574+0000] {dagbag.py:588} INFO - Filling up the DagBag from /home/airflow/.local/lib/python3.12/site-packages/airflow/example_dags/example_nested_branch_dag.py
[2025-03-04T17:35:24.591+0000] {processor.py:925} INFO - DAG(s) 'example_nested_branch_dag' retrieved from /home/airflow/.local/lib/python3.12/site-packages/airflow/example_dags/example_nested_branch_dag.py
[2025-03-04T17:35:24.623+0000] {logging_mixin.py:190} INFO - [2025-03-04T17:35:24.623+0000] {dag.py:3239} INFO - Sync 1 DAGs
[2025-03-04T17:35:24.657+0000] {logging_mixin.py:190} INFO - [2025-03-04T17:35:24.657+0000] {dag.py:4180} INFO - Setting next_dagrun for example_nested_branch_dag to 2025-03-03 00:00:00+00:00, run_after=2025-03-04 00:00:00+00:00
[2025-03-04T17:35:24.689+0000] {processor.py:208} INFO - Processing /home/airflow/.local/lib/python3.12/site-packages/airflow/example_dags/example_nested_branch_dag.py took 0.128 seconds
[2025-03-04T17:35:55.078+0000] {processor.py:186} INFO - Started process (PID=4673) to work on /home/airflow/.local/lib/python3.12/site-packages/airflow/example_dags/example_nested_branch_dag.py
[2025-03-04T17:35:55.080+0000] {processor.py:914} INFO - Processing file /home/airflow/.local/lib/python3.12/site-packages/airflow/example_dags/example_nested_branch_dag.py for tasks to queue
[2025-03-04T17:35:55.082+0000] {logging_mixin.py:190} INFO - [2025-03-04T17:35:55.082+0000] {dagbag.py:588} INFO - Filling up the DagBag from /home/airflow/.local/lib/python3.12/site-packages/airflow/example_dags/example_nested_branch_dag.py
[2025-03-04T17:35:55.097+0000] {processor.py:925} INFO - DAG(s) 'example_nested_branch_dag' retrieved from /home/airflow/.local/lib/python3.12/site-packages/airflow/example_dags/example_nested_branch_dag.py
[2025-03-04T17:35:55.128+0000] {logging_mixin.py:190} INFO - [2025-03-04T17:35:55.127+0000] {dag.py:3239} INFO - Sync 1 DAGs
[2025-03-04T17:35:55.162+0000] {logging_mixin.py:190} INFO - [2025-03-04T17:35:55.162+0000] {dag.py:4180} INFO - Setting next_dagrun for example_nested_branch_dag to 2025-03-03 00:00:00+00:00, run_after=2025-03-04 00:00:00+00:00
[2025-03-04T17:35:55.201+0000] {processor.py:208} INFO - Processing /home/airflow/.local/lib/python3.12/site-packages/airflow/example_dags/example_nested_branch_dag.py took 0.131 seconds
[2025-03-04T17:36:25.740+0000] {processor.py:186} INFO - Started process (PID=4979) to work on /home/airflow/.local/lib/python3.12/site-packages/airflow/example_dags/example_nested_branch_dag.py
[2025-03-04T17:36:25.742+0000] {processor.py:914} INFO - Processing file /home/airflow/.local/lib/python3.12/site-packages/airflow/example_dags/example_nested_branch_dag.py for tasks to queue
[2025-03-04T17:36:25.745+0000] {logging_mixin.py:190} INFO - [2025-03-04T17:36:25.745+0000] {dagbag.py:588} INFO - Filling up the DagBag from /home/airflow/.local/lib/python3.12/site-packages/airflow/example_dags/example_nested_branch_dag.py
[2025-03-04T17:36:25.760+0000] {processor.py:925} INFO - DAG(s) 'example_nested_branch_dag' retrieved from /home/airflow/.local/lib/python3.12/site-packages/airflow/example_dags/example_nested_branch_dag.py
[2025-03-04T17:36:25.790+0000] {logging_mixin.py:190} INFO - [2025-03-04T17:36:25.789+0000] {dag.py:3239} INFO - Sync 1 DAGs
[2025-03-04T17:36:25.832+0000] {logging_mixin.py:190} INFO - [2025-03-04T17:36:25.832+0000] {dag.py:4180} INFO - Setting next_dagrun for example_nested_branch_dag to 2025-03-03 00:00:00+00:00, run_after=2025-03-04 00:00:00+00:00
[2025-03-04T17:36:25.853+0000] {processor.py:208} INFO - Processing /home/airflow/.local/lib/python3.12/site-packages/airflow/example_dags/example_nested_branch_dag.py took 0.121 seconds
[2025-03-04T17:36:56.151+0000] {processor.py:186} INFO - Started process (PID=5285) to work on /home/airflow/.local/lib/python3.12/site-packages/airflow/example_dags/example_nested_branch_dag.py
[2025-03-04T17:36:56.153+0000] {processor.py:914} INFO - Processing file /home/airflow/.local/lib/python3.12/site-packages/airflow/example_dags/example_nested_branch_dag.py for tasks to queue
[2025-03-04T17:36:56.156+0000] {logging_mixin.py:190} INFO - [2025-03-04T17:36:56.155+0000] {dagbag.py:588} INFO - Filling up the DagBag from /home/airflow/.local/lib/python3.12/site-packages/airflow/example_dags/example_nested_branch_dag.py
[2025-03-04T17:36:56.167+0000] {processor.py:925} INFO - DAG(s) 'example_nested_branch_dag' retrieved from /home/airflow/.local/lib/python3.12/site-packages/airflow/example_dags/example_nested_branch_dag.py
[2025-03-04T17:36:56.191+0000] {logging_mixin.py:190} INFO - [2025-03-04T17:36:56.191+0000] {dag.py:3239} INFO - Sync 1 DAGs
[2025-03-04T17:36:56.218+0000] {logging_mixin.py:190} INFO - [2025-03-04T17:36:56.218+0000] {dag.py:4180} INFO - Setting next_dagrun for example_nested_branch_dag to 2025-03-03 00:00:00+00:00, run_after=2025-03-04 00:00:00+00:00
[2025-03-04T17:36:56.241+0000] {processor.py:208} INFO - Processing /home/airflow/.local/lib/python3.12/site-packages/airflow/example_dags/example_nested_branch_dag.py took 0.096 seconds
[2025-03-04T17:37:26.400+0000] {processor.py:186} INFO - Started process (PID=5591) to work on /home/airflow/.local/lib/python3.12/site-packages/airflow/example_dags/example_nested_branch_dag.py
[2025-03-04T17:37:26.402+0000] {processor.py:914} INFO - Processing file /home/airflow/.local/lib/python3.12/site-packages/airflow/example_dags/example_nested_branch_dag.py for tasks to queue
[2025-03-04T17:37:26.405+0000] {logging_mixin.py:190} INFO - [2025-03-04T17:37:26.405+0000] {dagbag.py:588} INFO - Filling up the DagBag from /home/airflow/.local/lib/python3.12/site-packages/airflow/example_dags/example_nested_branch_dag.py
[2025-03-04T17:37:26.420+0000] {processor.py:925} INFO - DAG(s) 'example_nested_branch_dag' retrieved from /home/airflow/.local/lib/python3.12/site-packages/airflow/example_dags/example_nested_branch_dag.py
[2025-03-04T17:37:26.447+0000] {logging_mixin.py:190} INFO - [2025-03-04T17:37:26.447+0000] {dag.py:3239} INFO - Sync 1 DAGs
[2025-03-04T17:37:26.481+0000] {logging_mixin.py:190} INFO - [2025-03-04T17:37:26.481+0000] {dag.py:4180} INFO - Setting next_dagrun for example_nested_branch_dag to 2025-03-03 00:00:00+00:00, run_after=2025-03-04 00:00:00+00:00
[2025-03-04T17:37:26.509+0000] {processor.py:208} INFO - Processing /home/airflow/.local/lib/python3.12/site-packages/airflow/example_dags/example_nested_branch_dag.py took 0.117 seconds
[2025-03-04T17:37:57.280+0000] {processor.py:186} INFO - Started process (PID=5897) to work on /home/airflow/.local/lib/python3.12/site-packages/airflow/example_dags/example_nested_branch_dag.py
[2025-03-04T17:37:57.281+0000] {processor.py:914} INFO - Processing file /home/airflow/.local/lib/python3.12/site-packages/airflow/example_dags/example_nested_branch_dag.py for tasks to queue
[2025-03-04T17:37:57.285+0000] {logging_mixin.py:190} INFO - [2025-03-04T17:37:57.285+0000] {dagbag.py:588} INFO - Filling up the DagBag from /home/airflow/.local/lib/python3.12/site-packages/airflow/example_dags/example_nested_branch_dag.py
[2025-03-04T17:37:57.300+0000] {processor.py:925} INFO - DAG(s) 'example_nested_branch_dag' retrieved from /home/airflow/.local/lib/python3.12/site-packages/airflow/example_dags/example_nested_branch_dag.py
[2025-03-04T17:37:57.337+0000] {logging_mixin.py:190} INFO - [2025-03-04T17:37:57.337+0000] {dag.py:3239} INFO - Sync 1 DAGs
[2025-03-04T17:37:57.373+0000] {logging_mixin.py:190} INFO - [2025-03-04T17:37:57.373+0000] {dag.py:4180} INFO - Setting next_dagrun for example_nested_branch_dag to 2025-03-03 00:00:00+00:00, run_after=2025-03-04 00:00:00+00:00
[2025-03-04T17:37:57.405+0000] {processor.py:208} INFO - Processing /home/airflow/.local/lib/python3.12/site-packages/airflow/example_dags/example_nested_branch_dag.py took 0.134 seconds
[2025-03-04T17:38:27.759+0000] {processor.py:186} INFO - Started process (PID=6203) to work on /home/airflow/.local/lib/python3.12/site-packages/airflow/example_dags/example_nested_branch_dag.py
[2025-03-04T17:38:27.760+0000] {processor.py:914} INFO - Processing file /home/airflow/.local/lib/python3.12/site-packages/airflow/example_dags/example_nested_branch_dag.py for tasks to queue
[2025-03-04T17:38:27.765+0000] {logging_mixin.py:190} INFO - [2025-03-04T17:38:27.765+0000] {dagbag.py:588} INFO - Filling up the DagBag from /home/airflow/.local/lib/python3.12/site-packages/airflow/example_dags/example_nested_branch_dag.py
[2025-03-04T17:38:27.780+0000] {processor.py:925} INFO - DAG(s) 'example_nested_branch_dag' retrieved from /home/airflow/.local/lib/python3.12/site-packages/airflow/example_dags/example_nested_branch_dag.py
[2025-03-04T17:38:27.814+0000] {logging_mixin.py:190} INFO - [2025-03-04T17:38:27.813+0000] {dag.py:3239} INFO - Sync 1 DAGs
[2025-03-04T17:38:27.861+0000] {logging_mixin.py:190} INFO - [2025-03-04T17:38:27.860+0000] {dag.py:4180} INFO - Setting next_dagrun for example_nested_branch_dag to 2025-03-03 00:00:00+00:00, run_after=2025-03-04 00:00:00+00:00
[2025-03-04T17:38:27.901+0000] {processor.py:208} INFO - Processing /home/airflow/.local/lib/python3.12/site-packages/airflow/example_dags/example_nested_branch_dag.py took 0.149 seconds
[2025-03-04T17:38:58.282+0000] {processor.py:186} INFO - Started process (PID=6509) to work on /home/airflow/.local/lib/python3.12/site-packages/airflow/example_dags/example_nested_branch_dag.py
[2025-03-04T17:38:58.284+0000] {processor.py:914} INFO - Processing file /home/airflow/.local/lib/python3.12/site-packages/airflow/example_dags/example_nested_branch_dag.py for tasks to queue
[2025-03-04T17:38:58.288+0000] {logging_mixin.py:190} INFO - [2025-03-04T17:38:58.287+0000] {dagbag.py:588} INFO - Filling up the DagBag from /home/airflow/.local/lib/python3.12/site-packages/airflow/example_dags/example_nested_branch_dag.py
[2025-03-04T17:38:58.304+0000] {processor.py:925} INFO - DAG(s) 'example_nested_branch_dag' retrieved from /home/airflow/.local/lib/python3.12/site-packages/airflow/example_dags/example_nested_branch_dag.py
[2025-03-04T17:38:58.339+0000] {logging_mixin.py:190} INFO - [2025-03-04T17:38:58.339+0000] {dag.py:3239} INFO - Sync 1 DAGs
[2025-03-04T17:38:58.372+0000] {logging_mixin.py:190} INFO - [2025-03-04T17:38:58.372+0000] {dag.py:4180} INFO - Setting next_dagrun for example_nested_branch_dag to 2025-03-03 00:00:00+00:00, run_after=2025-03-04 00:00:00+00:00
[2025-03-04T17:38:58.404+0000] {processor.py:208} INFO - Processing /home/airflow/.local/lib/python3.12/site-packages/airflow/example_dags/example_nested_branch_dag.py took 0.131 seconds
[2025-03-04T17:39:28.890+0000] {processor.py:186} INFO - Started process (PID=6814) to work on /home/airflow/.local/lib/python3.12/site-packages/airflow/example_dags/example_nested_branch_dag.py
[2025-03-04T17:39:28.891+0000] {processor.py:914} INFO - Processing file /home/airflow/.local/lib/python3.12/site-packages/airflow/example_dags/example_nested_branch_dag.py for tasks to queue
[2025-03-04T17:39:28.896+0000] {logging_mixin.py:190} INFO - [2025-03-04T17:39:28.895+0000] {dagbag.py:588} INFO - Filling up the DagBag from /home/airflow/.local/lib/python3.12/site-packages/airflow/example_dags/example_nested_branch_dag.py
[2025-03-04T17:39:28.913+0000] {processor.py:925} INFO - DAG(s) 'example_nested_branch_dag' retrieved from /home/airflow/.local/lib/python3.12/site-packages/airflow/example_dags/example_nested_branch_dag.py
[2025-03-04T17:39:28.941+0000] {logging_mixin.py:190} INFO - [2025-03-04T17:39:28.940+0000] {dag.py:3239} INFO - Sync 1 DAGs
[2025-03-04T17:39:28.967+0000] {logging_mixin.py:190} INFO - [2025-03-04T17:39:28.967+0000] {dag.py:4180} INFO - Setting next_dagrun for example_nested_branch_dag to 2025-03-03 00:00:00+00:00, run_after=2025-03-04 00:00:00+00:00
[2025-03-04T17:39:28.992+0000] {processor.py:208} INFO - Processing /home/airflow/.local/lib/python3.12/site-packages/airflow/example_dags/example_nested_branch_dag.py took 0.109 seconds
[2025-03-04T17:39:59.346+0000] {processor.py:186} INFO - Started process (PID=7121) to work on /home/airflow/.local/lib/python3.12/site-packages/airflow/example_dags/example_nested_branch_dag.py
[2025-03-04T17:39:59.348+0000] {processor.py:914} INFO - Processing file /home/airflow/.local/lib/python3.12/site-packages/airflow/example_dags/example_nested_branch_dag.py for tasks to queue
[2025-03-04T17:39:59.353+0000] {logging_mixin.py:190} INFO - [2025-03-04T17:39:59.352+0000] {dagbag.py:588} INFO - Filling up the DagBag from /home/airflow/.local/lib/python3.12/site-packages/airflow/example_dags/example_nested_branch_dag.py
[2025-03-04T17:39:59.368+0000] {processor.py:925} INFO - DAG(s) 'example_nested_branch_dag' retrieved from /home/airflow/.local/lib/python3.12/site-packages/airflow/example_dags/example_nested_branch_dag.py
[2025-03-04T17:39:59.394+0000] {logging_mixin.py:190} INFO - [2025-03-04T17:39:59.393+0000] {dag.py:3239} INFO - Sync 1 DAGs
[2025-03-04T17:39:59.422+0000] {logging_mixin.py:190} INFO - [2025-03-04T17:39:59.422+0000] {dag.py:4180} INFO - Setting next_dagrun for example_nested_branch_dag to 2025-03-03 00:00:00+00:00, run_after=2025-03-04 00:00:00+00:00
[2025-03-04T17:39:59.444+0000] {processor.py:208} INFO - Processing /home/airflow/.local/lib/python3.12/site-packages/airflow/example_dags/example_nested_branch_dag.py took 0.106 seconds
[2025-03-04T17:40:29.844+0000] {processor.py:186} INFO - Started process (PID=7432) to work on /home/airflow/.local/lib/python3.12/site-packages/airflow/example_dags/example_nested_branch_dag.py
[2025-03-04T17:40:29.846+0000] {processor.py:914} INFO - Processing file /home/airflow/.local/lib/python3.12/site-packages/airflow/example_dags/example_nested_branch_dag.py for tasks to queue
[2025-03-04T17:40:29.851+0000] {logging_mixin.py:190} INFO - [2025-03-04T17:40:29.851+0000] {dagbag.py:588} INFO - Filling up the DagBag from /home/airflow/.local/lib/python3.12/site-packages/airflow/example_dags/example_nested_branch_dag.py
[2025-03-04T17:40:29.870+0000] {processor.py:925} INFO - DAG(s) 'example_nested_branch_dag' retrieved from /home/airflow/.local/lib/python3.12/site-packages/airflow/example_dags/example_nested_branch_dag.py
[2025-03-04T17:40:29.906+0000] {logging_mixin.py:190} INFO - [2025-03-04T17:40:29.906+0000] {dag.py:3239} INFO - Sync 1 DAGs
[2025-03-04T17:40:29.941+0000] {logging_mixin.py:190} INFO - [2025-03-04T17:40:29.941+0000] {dag.py:4180} INFO - Setting next_dagrun for example_nested_branch_dag to 2025-03-03 00:00:00+00:00, run_after=2025-03-04 00:00:00+00:00
[2025-03-04T17:40:29.984+0000] {processor.py:208} INFO - Processing /home/airflow/.local/lib/python3.12/site-packages/airflow/example_dags/example_nested_branch_dag.py took 0.151 seconds
[2025-03-04T17:41:00.640+0000] {processor.py:186} INFO - Started process (PID=7738) to work on /home/airflow/.local/lib/python3.12/site-packages/airflow/example_dags/example_nested_branch_dag.py
[2025-03-04T17:41:00.641+0000] {processor.py:914} INFO - Processing file /home/airflow/.local/lib/python3.12/site-packages/airflow/example_dags/example_nested_branch_dag.py for tasks to queue
[2025-03-04T17:41:00.645+0000] {logging_mixin.py:190} INFO - [2025-03-04T17:41:00.644+0000] {dagbag.py:588} INFO - Filling up the DagBag from /home/airflow/.local/lib/python3.12/site-packages/airflow/example_dags/example_nested_branch_dag.py
[2025-03-04T17:41:00.659+0000] {processor.py:925} INFO - DAG(s) 'example_nested_branch_dag' retrieved from /home/airflow/.local/lib/python3.12/site-packages/airflow/example_dags/example_nested_branch_dag.py
[2025-03-04T17:41:00.690+0000] {logging_mixin.py:190} INFO - [2025-03-04T17:41:00.689+0000] {dag.py:3239} INFO - Sync 1 DAGs
[2025-03-04T17:41:00.722+0000] {logging_mixin.py:190} INFO - [2025-03-04T17:41:00.722+0000] {dag.py:4180} INFO - Setting next_dagrun for example_nested_branch_dag to 2025-03-03 00:00:00+00:00, run_after=2025-03-04 00:00:00+00:00
[2025-03-04T17:41:00.750+0000] {processor.py:208} INFO - Processing /home/airflow/.local/lib/python3.12/site-packages/airflow/example_dags/example_nested_branch_dag.py took 0.120 seconds
[2025-03-04T17:41:31.008+0000] {processor.py:186} INFO - Started process (PID=8044) to work on /home/airflow/.local/lib/python3.12/site-packages/airflow/example_dags/example_nested_branch_dag.py
[2025-03-04T17:41:31.009+0000] {processor.py:914} INFO - Processing file /home/airflow/.local/lib/python3.12/site-packages/airflow/example_dags/example_nested_branch_dag.py for tasks to queue
[2025-03-04T17:41:31.012+0000] {logging_mixin.py:190} INFO - [2025-03-04T17:41:31.012+0000] {dagbag.py:588} INFO - Filling up the DagBag from /home/airflow/.local/lib/python3.12/site-packages/airflow/example_dags/example_nested_branch_dag.py
[2025-03-04T17:41:31.028+0000] {processor.py:925} INFO - DAG(s) 'example_nested_branch_dag' retrieved from /home/airflow/.local/lib/python3.12/site-packages/airflow/example_dags/example_nested_branch_dag.py
[2025-03-04T17:41:31.058+0000] {logging_mixin.py:190} INFO - [2025-03-04T17:41:31.057+0000] {dag.py:3239} INFO - Sync 1 DAGs
[2025-03-04T17:41:31.100+0000] {logging_mixin.py:190} INFO - [2025-03-04T17:41:31.100+0000] {dag.py:4180} INFO - Setting next_dagrun for example_nested_branch_dag to 2025-03-03 00:00:00+00:00, run_after=2025-03-04 00:00:00+00:00
[2025-03-04T17:41:31.139+0000] {processor.py:208} INFO - Processing /home/airflow/.local/lib/python3.12/site-packages/airflow/example_dags/example_nested_branch_dag.py took 0.138 seconds
[2025-03-04T17:42:01.497+0000] {processor.py:186} INFO - Started process (PID=8350) to work on /home/airflow/.local/lib/python3.12/site-packages/airflow/example_dags/example_nested_branch_dag.py
[2025-03-04T17:42:01.498+0000] {processor.py:914} INFO - Processing file /home/airflow/.local/lib/python3.12/site-packages/airflow/example_dags/example_nested_branch_dag.py for tasks to queue
[2025-03-04T17:42:01.502+0000] {logging_mixin.py:190} INFO - [2025-03-04T17:42:01.501+0000] {dagbag.py:588} INFO - Filling up the DagBag from /home/airflow/.local/lib/python3.12/site-packages/airflow/example_dags/example_nested_branch_dag.py
[2025-03-04T17:42:01.516+0000] {processor.py:925} INFO - DAG(s) 'example_nested_branch_dag' retrieved from /home/airflow/.local/lib/python3.12/site-packages/airflow/example_dags/example_nested_branch_dag.py
[2025-03-04T17:42:01.540+0000] {logging_mixin.py:190} INFO - [2025-03-04T17:42:01.540+0000] {dag.py:3239} INFO - Sync 1 DAGs
[2025-03-04T17:42:01.570+0000] {logging_mixin.py:190} INFO - [2025-03-04T17:42:01.570+0000] {dag.py:4180} INFO - Setting next_dagrun for example_nested_branch_dag to 2025-03-03 00:00:00+00:00, run_after=2025-03-04 00:00:00+00:00
[2025-03-04T17:42:01.597+0000] {processor.py:208} INFO - Processing /home/airflow/.local/lib/python3.12/site-packages/airflow/example_dags/example_nested_branch_dag.py took 0.108 seconds
[2025-03-04T17:43:18.595+0000] {processor.py:186} INFO - Started process (PID=319) to work on /home/airflow/.local/lib/python3.12/site-packages/airflow/example_dags/example_nested_branch_dag.py
[2025-03-04T17:43:18.596+0000] {processor.py:914} INFO - Processing file /home/airflow/.local/lib/python3.12/site-packages/airflow/example_dags/example_nested_branch_dag.py for tasks to queue
[2025-03-04T17:43:18.599+0000] {logging_mixin.py:190} INFO - [2025-03-04T17:43:18.598+0000] {dagbag.py:588} INFO - Filling up the DagBag from /home/airflow/.local/lib/python3.12/site-packages/airflow/example_dags/example_nested_branch_dag.py
[2025-03-04T17:43:18.611+0000] {processor.py:925} INFO - DAG(s) 'example_nested_branch_dag' retrieved from /home/airflow/.local/lib/python3.12/site-packages/airflow/example_dags/example_nested_branch_dag.py
[2025-03-04T17:43:18.636+0000] {logging_mixin.py:190} INFO - [2025-03-04T17:43:18.635+0000] {dag.py:3239} INFO - Sync 1 DAGs
[2025-03-04T17:43:18.663+0000] {logging_mixin.py:190} INFO - [2025-03-04T17:43:18.662+0000] {dag.py:4180} INFO - Setting next_dagrun for example_nested_branch_dag to 2025-03-03 00:00:00+00:00, run_after=2025-03-04 00:00:00+00:00
[2025-03-04T17:43:18.687+0000] {processor.py:208} INFO - Processing /home/airflow/.local/lib/python3.12/site-packages/airflow/example_dags/example_nested_branch_dag.py took 0.097 seconds
[2025-03-04T17:43:50.719+0000] {processor.py:186} INFO - Started process (PID=627) to work on /home/airflow/.local/lib/python3.12/site-packages/airflow/example_dags/example_nested_branch_dag.py
[2025-03-04T17:43:50.721+0000] {processor.py:914} INFO - Processing file /home/airflow/.local/lib/python3.12/site-packages/airflow/example_dags/example_nested_branch_dag.py for tasks to queue
[2025-03-04T17:43:50.724+0000] {logging_mixin.py:190} INFO - [2025-03-04T17:43:50.723+0000] {dagbag.py:588} INFO - Filling up the DagBag from /home/airflow/.local/lib/python3.12/site-packages/airflow/example_dags/example_nested_branch_dag.py
[2025-03-04T17:43:50.737+0000] {processor.py:925} INFO - DAG(s) 'example_nested_branch_dag' retrieved from /home/airflow/.local/lib/python3.12/site-packages/airflow/example_dags/example_nested_branch_dag.py
[2025-03-04T17:43:50.767+0000] {logging_mixin.py:190} INFO - [2025-03-04T17:43:50.767+0000] {dag.py:3239} INFO - Sync 1 DAGs
[2025-03-04T17:43:50.801+0000] {logging_mixin.py:190} INFO - [2025-03-04T17:43:50.800+0000] {dag.py:4180} INFO - Setting next_dagrun for example_nested_branch_dag to 2025-03-03 00:00:00+00:00, run_after=2025-03-04 00:00:00+00:00
[2025-03-04T17:43:50.832+0000] {processor.py:208} INFO - Processing /home/airflow/.local/lib/python3.12/site-packages/airflow/example_dags/example_nested_branch_dag.py took 0.119 seconds
[2025-03-04T17:44:21.559+0000] {processor.py:186} INFO - Started process (PID=931) to work on /home/airflow/.local/lib/python3.12/site-packages/airflow/example_dags/example_nested_branch_dag.py
[2025-03-04T17:44:21.560+0000] {processor.py:914} INFO - Processing file /home/airflow/.local/lib/python3.12/site-packages/airflow/example_dags/example_nested_branch_dag.py for tasks to queue
[2025-03-04T17:44:21.563+0000] {logging_mixin.py:190} INFO - [2025-03-04T17:44:21.563+0000] {dagbag.py:588} INFO - Filling up the DagBag from /home/airflow/.local/lib/python3.12/site-packages/airflow/example_dags/example_nested_branch_dag.py
[2025-03-04T17:44:21.576+0000] {processor.py:925} INFO - DAG(s) 'example_nested_branch_dag' retrieved from /home/airflow/.local/lib/python3.12/site-packages/airflow/example_dags/example_nested_branch_dag.py
[2025-03-04T17:44:21.610+0000] {logging_mixin.py:190} INFO - [2025-03-04T17:44:21.610+0000] {dag.py:3239} INFO - Sync 1 DAGs
[2025-03-04T17:44:21.639+0000] {logging_mixin.py:190} INFO - [2025-03-04T17:44:21.638+0000] {dag.py:4180} INFO - Setting next_dagrun for example_nested_branch_dag to 2025-03-03 00:00:00+00:00, run_after=2025-03-04 00:00:00+00:00
[2025-03-04T17:44:21.671+0000] {processor.py:208} INFO - Processing /home/airflow/.local/lib/python3.12/site-packages/airflow/example_dags/example_nested_branch_dag.py took 0.123 seconds
[2025-03-04T17:44:52.465+0000] {processor.py:186} INFO - Started process (PID=1237) to work on /home/airflow/.local/lib/python3.12/site-packages/airflow/example_dags/example_nested_branch_dag.py
[2025-03-04T17:44:52.466+0000] {processor.py:914} INFO - Processing file /home/airflow/.local/lib/python3.12/site-packages/airflow/example_dags/example_nested_branch_dag.py for tasks to queue
[2025-03-04T17:44:52.468+0000] {logging_mixin.py:190} INFO - [2025-03-04T17:44:52.468+0000] {dagbag.py:588} INFO - Filling up the DagBag from /home/airflow/.local/lib/python3.12/site-packages/airflow/example_dags/example_nested_branch_dag.py
[2025-03-04T17:44:52.481+0000] {processor.py:925} INFO - DAG(s) 'example_nested_branch_dag' retrieved from /home/airflow/.local/lib/python3.12/site-packages/airflow/example_dags/example_nested_branch_dag.py
[2025-03-04T17:44:52.507+0000] {logging_mixin.py:190} INFO - [2025-03-04T17:44:52.506+0000] {dag.py:3239} INFO - Sync 1 DAGs
[2025-03-04T17:44:52.536+0000] {logging_mixin.py:190} INFO - [2025-03-04T17:44:52.535+0000] {dag.py:4180} INFO - Setting next_dagrun for example_nested_branch_dag to 2025-03-03 00:00:00+00:00, run_after=2025-03-04 00:00:00+00:00
[2025-03-04T17:44:52.556+0000] {processor.py:208} INFO - Processing /home/airflow/.local/lib/python3.12/site-packages/airflow/example_dags/example_nested_branch_dag.py took 0.098 seconds
[2025-03-04T17:45:23.573+0000] {processor.py:186} INFO - Started process (PID=1543) to work on /home/airflow/.local/lib/python3.12/site-packages/airflow/example_dags/example_nested_branch_dag.py
[2025-03-04T17:45:23.574+0000] {processor.py:914} INFO - Processing file /home/airflow/.local/lib/python3.12/site-packages/airflow/example_dags/example_nested_branch_dag.py for tasks to queue
[2025-03-04T17:45:23.576+0000] {logging_mixin.py:190} INFO - [2025-03-04T17:45:23.576+0000] {dagbag.py:588} INFO - Filling up the DagBag from /home/airflow/.local/lib/python3.12/site-packages/airflow/example_dags/example_nested_branch_dag.py
[2025-03-04T17:45:23.590+0000] {processor.py:925} INFO - DAG(s) 'example_nested_branch_dag' retrieved from /home/airflow/.local/lib/python3.12/site-packages/airflow/example_dags/example_nested_branch_dag.py
[2025-03-04T17:45:23.617+0000] {logging_mixin.py:190} INFO - [2025-03-04T17:45:23.616+0000] {dag.py:3239} INFO - Sync 1 DAGs
[2025-03-04T17:45:23.648+0000] {logging_mixin.py:190} INFO - [2025-03-04T17:45:23.648+0000] {dag.py:4180} INFO - Setting next_dagrun for example_nested_branch_dag to 2025-03-03 00:00:00+00:00, run_after=2025-03-04 00:00:00+00:00
[2025-03-04T17:45:23.674+0000] {processor.py:208} INFO - Processing /home/airflow/.local/lib/python3.12/site-packages/airflow/example_dags/example_nested_branch_dag.py took 0.109 seconds
[2025-03-04T17:45:54.692+0000] {processor.py:186} INFO - Started process (PID=1849) to work on /home/airflow/.local/lib/python3.12/site-packages/airflow/example_dags/example_nested_branch_dag.py
[2025-03-04T17:45:54.694+0000] {processor.py:914} INFO - Processing file /home/airflow/.local/lib/python3.12/site-packages/airflow/example_dags/example_nested_branch_dag.py for tasks to queue
[2025-03-04T17:45:54.696+0000] {logging_mixin.py:190} INFO - [2025-03-04T17:45:54.696+0000] {dagbag.py:588} INFO - Filling up the DagBag from /home/airflow/.local/lib/python3.12/site-packages/airflow/example_dags/example_nested_branch_dag.py
[2025-03-04T17:45:54.708+0000] {processor.py:925} INFO - DAG(s) 'example_nested_branch_dag' retrieved from /home/airflow/.local/lib/python3.12/site-packages/airflow/example_dags/example_nested_branch_dag.py
[2025-03-04T17:45:54.730+0000] {logging_mixin.py:190} INFO - [2025-03-04T17:45:54.730+0000] {dag.py:3239} INFO - Sync 1 DAGs
[2025-03-04T17:45:54.756+0000] {logging_mixin.py:190} INFO - [2025-03-04T17:45:54.756+0000] {dag.py:4180} INFO - Setting next_dagrun for example_nested_branch_dag to 2025-03-03 00:00:00+00:00, run_after=2025-03-04 00:00:00+00:00
[2025-03-04T17:45:54.778+0000] {processor.py:208} INFO - Processing /home/airflow/.local/lib/python3.12/site-packages/airflow/example_dags/example_nested_branch_dag.py took 0.093 seconds
[2025-03-04T17:46:25.538+0000] {processor.py:186} INFO - Started process (PID=2150) to work on /home/airflow/.local/lib/python3.12/site-packages/airflow/example_dags/example_nested_branch_dag.py
[2025-03-04T17:46:25.539+0000] {processor.py:914} INFO - Processing file /home/airflow/.local/lib/python3.12/site-packages/airflow/example_dags/example_nested_branch_dag.py for tasks to queue
[2025-03-04T17:46:25.542+0000] {logging_mixin.py:190} INFO - [2025-03-04T17:46:25.541+0000] {dagbag.py:588} INFO - Filling up the DagBag from /home/airflow/.local/lib/python3.12/site-packages/airflow/example_dags/example_nested_branch_dag.py
[2025-03-04T17:46:25.555+0000] {processor.py:925} INFO - DAG(s) 'example_nested_branch_dag' retrieved from /home/airflow/.local/lib/python3.12/site-packages/airflow/example_dags/example_nested_branch_dag.py
[2025-03-04T17:46:25.587+0000] {logging_mixin.py:190} INFO - [2025-03-04T17:46:25.586+0000] {dag.py:3239} INFO - Sync 1 DAGs
[2025-03-04T17:46:25.623+0000] {logging_mixin.py:190} INFO - [2025-03-04T17:46:25.622+0000] {dag.py:4180} INFO - Setting next_dagrun for example_nested_branch_dag to 2025-03-03 00:00:00+00:00, run_after=2025-03-04 00:00:00+00:00
[2025-03-04T17:46:25.653+0000] {processor.py:208} INFO - Processing /home/airflow/.local/lib/python3.12/site-packages/airflow/example_dags/example_nested_branch_dag.py took 0.122 seconds
[2025-03-04T17:46:55.729+0000] {processor.py:186} INFO - Started process (PID=2451) to work on /home/airflow/.local/lib/python3.12/site-packages/airflow/example_dags/example_nested_branch_dag.py
[2025-03-04T17:46:55.730+0000] {processor.py:914} INFO - Processing file /home/airflow/.local/lib/python3.12/site-packages/airflow/example_dags/example_nested_branch_dag.py for tasks to queue
[2025-03-04T17:46:55.732+0000] {logging_mixin.py:190} INFO - [2025-03-04T17:46:55.732+0000] {dagbag.py:588} INFO - Filling up the DagBag from /home/airflow/.local/lib/python3.12/site-packages/airflow/example_dags/example_nested_branch_dag.py
[2025-03-04T17:46:55.744+0000] {processor.py:925} INFO - DAG(s) 'example_nested_branch_dag' retrieved from /home/airflow/.local/lib/python3.12/site-packages/airflow/example_dags/example_nested_branch_dag.py
[2025-03-04T17:46:55.787+0000] {logging_mixin.py:190} INFO - [2025-03-04T17:46:55.786+0000] {dag.py:3239} INFO - Sync 1 DAGs
[2025-03-04T17:46:55.815+0000] {logging_mixin.py:190} INFO - [2025-03-04T17:46:55.815+0000] {dag.py:4180} INFO - Setting next_dagrun for example_nested_branch_dag to 2025-03-03 00:00:00+00:00, run_after=2025-03-04 00:00:00+00:00
[2025-03-04T17:46:55.840+0000] {processor.py:208} INFO - Processing /home/airflow/.local/lib/python3.12/site-packages/airflow/example_dags/example_nested_branch_dag.py took 0.118 seconds
[2025-03-04T17:47:26.723+0000] {processor.py:186} INFO - Started process (PID=2757) to work on /home/airflow/.local/lib/python3.12/site-packages/airflow/example_dags/example_nested_branch_dag.py
[2025-03-04T17:47:26.724+0000] {processor.py:914} INFO - Processing file /home/airflow/.local/lib/python3.12/site-packages/airflow/example_dags/example_nested_branch_dag.py for tasks to queue
[2025-03-04T17:47:26.727+0000] {logging_mixin.py:190} INFO - [2025-03-04T17:47:26.727+0000] {dagbag.py:588} INFO - Filling up the DagBag from /home/airflow/.local/lib/python3.12/site-packages/airflow/example_dags/example_nested_branch_dag.py
[2025-03-04T17:47:26.741+0000] {processor.py:925} INFO - DAG(s) 'example_nested_branch_dag' retrieved from /home/airflow/.local/lib/python3.12/site-packages/airflow/example_dags/example_nested_branch_dag.py
[2025-03-04T17:47:26.767+0000] {logging_mixin.py:190} INFO - [2025-03-04T17:47:26.767+0000] {dag.py:3239} INFO - Sync 1 DAGs
[2025-03-04T17:47:26.795+0000] {logging_mixin.py:190} INFO - [2025-03-04T17:47:26.795+0000] {dag.py:4180} INFO - Setting next_dagrun for example_nested_branch_dag to 2025-03-03 00:00:00+00:00, run_after=2025-03-04 00:00:00+00:00
[2025-03-04T17:47:26.820+0000] {processor.py:208} INFO - Processing /home/airflow/.local/lib/python3.12/site-packages/airflow/example_dags/example_nested_branch_dag.py took 0.104 seconds
[2025-03-04T17:47:57.603+0000] {processor.py:186} INFO - Started process (PID=3063) to work on /home/airflow/.local/lib/python3.12/site-packages/airflow/example_dags/example_nested_branch_dag.py
[2025-03-04T17:47:57.604+0000] {processor.py:914} INFO - Processing file /home/airflow/.local/lib/python3.12/site-packages/airflow/example_dags/example_nested_branch_dag.py for tasks to queue
[2025-03-04T17:47:57.606+0000] {logging_mixin.py:190} INFO - [2025-03-04T17:47:57.606+0000] {dagbag.py:588} INFO - Filling up the DagBag from /home/airflow/.local/lib/python3.12/site-packages/airflow/example_dags/example_nested_branch_dag.py
[2025-03-04T17:47:57.620+0000] {processor.py:925} INFO - DAG(s) 'example_nested_branch_dag' retrieved from /home/airflow/.local/lib/python3.12/site-packages/airflow/example_dags/example_nested_branch_dag.py
[2025-03-04T17:47:57.651+0000] {logging_mixin.py:190} INFO - [2025-03-04T17:47:57.651+0000] {dag.py:3239} INFO - Sync 1 DAGs
[2025-03-04T17:47:57.680+0000] {logging_mixin.py:190} INFO - [2025-03-04T17:47:57.680+0000] {dag.py:4180} INFO - Setting next_dagrun for example_nested_branch_dag to 2025-03-03 00:00:00+00:00, run_after=2025-03-04 00:00:00+00:00
[2025-03-04T17:47:57.707+0000] {processor.py:208} INFO - Processing /home/airflow/.local/lib/python3.12/site-packages/airflow/example_dags/example_nested_branch_dag.py took 0.112 seconds
[2025-03-04T17:48:27.841+0000] {processor.py:186} INFO - Started process (PID=3367) to work on /home/airflow/.local/lib/python3.12/site-packages/airflow/example_dags/example_nested_branch_dag.py
[2025-03-04T17:48:27.842+0000] {processor.py:914} INFO - Processing file /home/airflow/.local/lib/python3.12/site-packages/airflow/example_dags/example_nested_branch_dag.py for tasks to queue
[2025-03-04T17:48:27.845+0000] {logging_mixin.py:190} INFO - [2025-03-04T17:48:27.845+0000] {dagbag.py:588} INFO - Filling up the DagBag from /home/airflow/.local/lib/python3.12/site-packages/airflow/example_dags/example_nested_branch_dag.py
[2025-03-04T17:48:27.858+0000] {processor.py:925} INFO - DAG(s) 'example_nested_branch_dag' retrieved from /home/airflow/.local/lib/python3.12/site-packages/airflow/example_dags/example_nested_branch_dag.py
[2025-03-04T17:48:27.893+0000] {logging_mixin.py:190} INFO - [2025-03-04T17:48:27.893+0000] {dag.py:3239} INFO - Sync 1 DAGs
[2025-03-04T17:48:27.922+0000] {logging_mixin.py:190} INFO - [2025-03-04T17:48:27.922+0000] {dag.py:4180} INFO - Setting next_dagrun for example_nested_branch_dag to 2025-03-03 00:00:00+00:00, run_after=2025-03-04 00:00:00+00:00
[2025-03-04T17:48:27.946+0000] {processor.py:208} INFO - Processing /home/airflow/.local/lib/python3.12/site-packages/airflow/example_dags/example_nested_branch_dag.py took 0.113 seconds
[2025-03-04T17:48:58.361+0000] {processor.py:186} INFO - Started process (PID=3674) to work on /home/airflow/.local/lib/python3.12/site-packages/airflow/example_dags/example_nested_branch_dag.py
[2025-03-04T17:48:58.363+0000] {processor.py:914} INFO - Processing file /home/airflow/.local/lib/python3.12/site-packages/airflow/example_dags/example_nested_branch_dag.py for tasks to queue
[2025-03-04T17:48:58.367+0000] {logging_mixin.py:190} INFO - [2025-03-04T17:48:58.367+0000] {dagbag.py:588} INFO - Filling up the DagBag from /home/airflow/.local/lib/python3.12/site-packages/airflow/example_dags/example_nested_branch_dag.py
[2025-03-04T17:48:58.380+0000] {processor.py:925} INFO - DAG(s) 'example_nested_branch_dag' retrieved from /home/airflow/.local/lib/python3.12/site-packages/airflow/example_dags/example_nested_branch_dag.py
[2025-03-04T17:48:58.405+0000] {logging_mixin.py:190} INFO - [2025-03-04T17:48:58.405+0000] {dag.py:3239} INFO - Sync 1 DAGs
[2025-03-04T17:48:58.438+0000] {logging_mixin.py:190} INFO - [2025-03-04T17:48:58.438+0000] {dag.py:4180} INFO - Setting next_dagrun for example_nested_branch_dag to 2025-03-03 00:00:00+00:00, run_after=2025-03-04 00:00:00+00:00
[2025-03-04T17:48:58.476+0000] {processor.py:208} INFO - Processing /home/airflow/.local/lib/python3.12/site-packages/airflow/example_dags/example_nested_branch_dag.py took 0.130 seconds
[2025-03-04T17:49:28.996+0000] {processor.py:186} INFO - Started process (PID=3980) to work on /home/airflow/.local/lib/python3.12/site-packages/airflow/example_dags/example_nested_branch_dag.py
[2025-03-04T17:49:28.997+0000] {processor.py:914} INFO - Processing file /home/airflow/.local/lib/python3.12/site-packages/airflow/example_dags/example_nested_branch_dag.py for tasks to queue
[2025-03-04T17:49:29.000+0000] {logging_mixin.py:190} INFO - [2025-03-04T17:49:29.000+0000] {dagbag.py:588} INFO - Filling up the DagBag from /home/airflow/.local/lib/python3.12/site-packages/airflow/example_dags/example_nested_branch_dag.py
[2025-03-04T17:49:29.016+0000] {processor.py:925} INFO - DAG(s) 'example_nested_branch_dag' retrieved from /home/airflow/.local/lib/python3.12/site-packages/airflow/example_dags/example_nested_branch_dag.py
[2025-03-04T17:49:29.044+0000] {logging_mixin.py:190} INFO - [2025-03-04T17:49:29.044+0000] {dag.py:3239} INFO - Sync 1 DAGs
[2025-03-04T17:49:29.079+0000] {logging_mixin.py:190} INFO - [2025-03-04T17:49:29.079+0000] {dag.py:4180} INFO - Setting next_dagrun for example_nested_branch_dag to 2025-03-03 00:00:00+00:00, run_after=2025-03-04 00:00:00+00:00
[2025-03-04T17:49:29.108+0000] {processor.py:208} INFO - Processing /home/airflow/.local/lib/python3.12/site-packages/airflow/example_dags/example_nested_branch_dag.py took 0.120 seconds
[2025-03-04T17:52:40.522+0000] {processor.py:186} INFO - Started process (PID=319) to work on /home/airflow/.local/lib/python3.12/site-packages/airflow/example_dags/example_nested_branch_dag.py
[2025-03-04T17:52:40.523+0000] {processor.py:914} INFO - Processing file /home/airflow/.local/lib/python3.12/site-packages/airflow/example_dags/example_nested_branch_dag.py for tasks to queue
[2025-03-04T17:52:40.526+0000] {logging_mixin.py:190} INFO - [2025-03-04T17:52:40.525+0000] {dagbag.py:588} INFO - Filling up the DagBag from /home/airflow/.local/lib/python3.12/site-packages/airflow/example_dags/example_nested_branch_dag.py
[2025-03-04T17:52:40.540+0000] {processor.py:925} INFO - DAG(s) 'example_nested_branch_dag' retrieved from /home/airflow/.local/lib/python3.12/site-packages/airflow/example_dags/example_nested_branch_dag.py
[2025-03-04T17:52:40.566+0000] {logging_mixin.py:190} INFO - [2025-03-04T17:52:40.566+0000] {dag.py:3239} INFO - Sync 1 DAGs
[2025-03-04T17:52:40.595+0000] {logging_mixin.py:190} INFO - [2025-03-04T17:52:40.595+0000] {dag.py:4180} INFO - Setting next_dagrun for example_nested_branch_dag to 2025-03-03 00:00:00+00:00, run_after=2025-03-04 00:00:00+00:00
[2025-03-04T17:52:40.621+0000] {processor.py:208} INFO - Processing /home/airflow/.local/lib/python3.12/site-packages/airflow/example_dags/example_nested_branch_dag.py took 0.105 seconds
[2025-03-04T17:53:12.118+0000] {processor.py:186} INFO - Started process (PID=625) to work on /home/airflow/.local/lib/python3.12/site-packages/airflow/example_dags/example_nested_branch_dag.py
[2025-03-04T17:53:12.120+0000] {processor.py:914} INFO - Processing file /home/airflow/.local/lib/python3.12/site-packages/airflow/example_dags/example_nested_branch_dag.py for tasks to queue
[2025-03-04T17:53:12.123+0000] {logging_mixin.py:190} INFO - [2025-03-04T17:53:12.123+0000] {dagbag.py:588} INFO - Filling up the DagBag from /home/airflow/.local/lib/python3.12/site-packages/airflow/example_dags/example_nested_branch_dag.py
[2025-03-04T17:53:12.137+0000] {processor.py:925} INFO - DAG(s) 'example_nested_branch_dag' retrieved from /home/airflow/.local/lib/python3.12/site-packages/airflow/example_dags/example_nested_branch_dag.py
[2025-03-04T17:53:12.164+0000] {logging_mixin.py:190} INFO - [2025-03-04T17:53:12.163+0000] {dag.py:3239} INFO - Sync 1 DAGs
[2025-03-04T17:53:12.200+0000] {logging_mixin.py:190} INFO - [2025-03-04T17:53:12.200+0000] {dag.py:4180} INFO - Setting next_dagrun for example_nested_branch_dag to 2025-03-03 00:00:00+00:00, run_after=2025-03-04 00:00:00+00:00
[2025-03-04T17:53:12.232+0000] {processor.py:208} INFO - Processing /home/airflow/.local/lib/python3.12/site-packages/airflow/example_dags/example_nested_branch_dag.py took 0.120 seconds
[2025-03-04T17:53:42.549+0000] {processor.py:186} INFO - Started process (PID=931) to work on /home/airflow/.local/lib/python3.12/site-packages/airflow/example_dags/example_nested_branch_dag.py
[2025-03-04T17:53:42.550+0000] {processor.py:914} INFO - Processing file /home/airflow/.local/lib/python3.12/site-packages/airflow/example_dags/example_nested_branch_dag.py for tasks to queue
[2025-03-04T17:53:42.551+0000] {logging_mixin.py:190} INFO - [2025-03-04T17:53:42.551+0000] {dagbag.py:588} INFO - Filling up the DagBag from /home/airflow/.local/lib/python3.12/site-packages/airflow/example_dags/example_nested_branch_dag.py
[2025-03-04T17:53:42.564+0000] {processor.py:925} INFO - DAG(s) 'example_nested_branch_dag' retrieved from /home/airflow/.local/lib/python3.12/site-packages/airflow/example_dags/example_nested_branch_dag.py
[2025-03-04T17:53:42.587+0000] {logging_mixin.py:190} INFO - [2025-03-04T17:53:42.586+0000] {dag.py:3239} INFO - Sync 1 DAGs
[2025-03-04T17:53:42.617+0000] {logging_mixin.py:190} INFO - [2025-03-04T17:53:42.617+0000] {dag.py:4180} INFO - Setting next_dagrun for example_nested_branch_dag to 2025-03-03 00:00:00+00:00, run_after=2025-03-04 00:00:00+00:00
[2025-03-04T17:53:42.643+0000] {processor.py:208} INFO - Processing /home/airflow/.local/lib/python3.12/site-packages/airflow/example_dags/example_nested_branch_dag.py took 0.101 seconds
[2025-03-04T17:54:13.375+0000] {processor.py:186} INFO - Started process (PID=1232) to work on /home/airflow/.local/lib/python3.12/site-packages/airflow/example_dags/example_nested_branch_dag.py
[2025-03-04T17:54:13.376+0000] {processor.py:914} INFO - Processing file /home/airflow/.local/lib/python3.12/site-packages/airflow/example_dags/example_nested_branch_dag.py for tasks to queue
[2025-03-04T17:54:13.379+0000] {logging_mixin.py:190} INFO - [2025-03-04T17:54:13.378+0000] {dagbag.py:588} INFO - Filling up the DagBag from /home/airflow/.local/lib/python3.12/site-packages/airflow/example_dags/example_nested_branch_dag.py
[2025-03-04T17:54:13.395+0000] {processor.py:925} INFO - DAG(s) 'example_nested_branch_dag' retrieved from /home/airflow/.local/lib/python3.12/site-packages/airflow/example_dags/example_nested_branch_dag.py
[2025-03-04T17:54:13.423+0000] {logging_mixin.py:190} INFO - [2025-03-04T17:54:13.423+0000] {dag.py:3239} INFO - Sync 1 DAGs
[2025-03-04T17:54:13.456+0000] {logging_mixin.py:190} INFO - [2025-03-04T17:54:13.456+0000] {dag.py:4180} INFO - Setting next_dagrun for example_nested_branch_dag to 2025-03-03 00:00:00+00:00, run_after=2025-03-04 00:00:00+00:00
[2025-03-04T17:54:13.484+0000] {processor.py:208} INFO - Processing /home/airflow/.local/lib/python3.12/site-packages/airflow/example_dags/example_nested_branch_dag.py took 0.117 seconds
[2025-03-04T17:54:43.595+0000] {processor.py:186} INFO - Started process (PID=1542) to work on /home/airflow/.local/lib/python3.12/site-packages/airflow/example_dags/example_nested_branch_dag.py
[2025-03-04T17:54:43.596+0000] {processor.py:914} INFO - Processing file /home/airflow/.local/lib/python3.12/site-packages/airflow/example_dags/example_nested_branch_dag.py for tasks to queue
[2025-03-04T17:54:43.597+0000] {logging_mixin.py:190} INFO - [2025-03-04T17:54:43.597+0000] {dagbag.py:588} INFO - Filling up the DagBag from /home/airflow/.local/lib/python3.12/site-packages/airflow/example_dags/example_nested_branch_dag.py
[2025-03-04T17:54:43.611+0000] {processor.py:925} INFO - DAG(s) 'example_nested_branch_dag' retrieved from /home/airflow/.local/lib/python3.12/site-packages/airflow/example_dags/example_nested_branch_dag.py
[2025-03-04T17:54:43.634+0000] {logging_mixin.py:190} INFO - [2025-03-04T17:54:43.634+0000] {dag.py:3239} INFO - Sync 1 DAGs
[2025-03-04T17:54:43.663+0000] {logging_mixin.py:190} INFO - [2025-03-04T17:54:43.662+0000] {dag.py:4180} INFO - Setting next_dagrun for example_nested_branch_dag to 2025-03-03 00:00:00+00:00, run_after=2025-03-04 00:00:00+00:00
[2025-03-04T17:54:43.687+0000] {processor.py:208} INFO - Processing /home/airflow/.local/lib/python3.12/site-packages/airflow/example_dags/example_nested_branch_dag.py took 0.098 seconds
[2025-03-04T17:56:39.414+0000] {processor.py:186} INFO - Started process (PID=319) to work on /home/airflow/.local/lib/python3.12/site-packages/airflow/example_dags/example_nested_branch_dag.py
[2025-03-04T17:56:39.415+0000] {processor.py:914} INFO - Processing file /home/airflow/.local/lib/python3.12/site-packages/airflow/example_dags/example_nested_branch_dag.py for tasks to queue
[2025-03-04T17:56:39.418+0000] {logging_mixin.py:190} INFO - [2025-03-04T17:56:39.417+0000] {dagbag.py:588} INFO - Filling up the DagBag from /home/airflow/.local/lib/python3.12/site-packages/airflow/example_dags/example_nested_branch_dag.py
[2025-03-04T17:56:39.431+0000] {processor.py:925} INFO - DAG(s) 'example_nested_branch_dag' retrieved from /home/airflow/.local/lib/python3.12/site-packages/airflow/example_dags/example_nested_branch_dag.py
[2025-03-04T17:56:39.456+0000] {logging_mixin.py:190} INFO - [2025-03-04T17:56:39.456+0000] {dag.py:3239} INFO - Sync 1 DAGs
[2025-03-04T17:56:39.483+0000] {logging_mixin.py:190} INFO - [2025-03-04T17:56:39.483+0000] {dag.py:4180} INFO - Setting next_dagrun for example_nested_branch_dag to 2025-03-03 00:00:00+00:00, run_after=2025-03-04 00:00:00+00:00
[2025-03-04T17:56:39.506+0000] {processor.py:208} INFO - Processing /home/airflow/.local/lib/python3.12/site-packages/airflow/example_dags/example_nested_branch_dag.py took 0.099 seconds
[2025-03-04T17:57:09.859+0000] {processor.py:186} INFO - Started process (PID=635) to work on /home/airflow/.local/lib/python3.12/site-packages/airflow/example_dags/example_nested_branch_dag.py
[2025-03-04T17:57:09.860+0000] {processor.py:914} INFO - Processing file /home/airflow/.local/lib/python3.12/site-packages/airflow/example_dags/example_nested_branch_dag.py for tasks to queue
[2025-03-04T17:57:09.864+0000] {logging_mixin.py:190} INFO - [2025-03-04T17:57:09.863+0000] {dagbag.py:588} INFO - Filling up the DagBag from /home/airflow/.local/lib/python3.12/site-packages/airflow/example_dags/example_nested_branch_dag.py
[2025-03-04T17:57:09.880+0000] {processor.py:925} INFO - DAG(s) 'example_nested_branch_dag' retrieved from /home/airflow/.local/lib/python3.12/site-packages/airflow/example_dags/example_nested_branch_dag.py
[2025-03-04T17:57:09.909+0000] {logging_mixin.py:190} INFO - [2025-03-04T17:57:09.909+0000] {dag.py:3239} INFO - Sync 1 DAGs
[2025-03-04T17:57:09.943+0000] {logging_mixin.py:190} INFO - [2025-03-04T17:57:09.943+0000] {dag.py:4180} INFO - Setting next_dagrun for example_nested_branch_dag to 2025-03-03 00:00:00+00:00, run_after=2025-03-04 00:00:00+00:00
[2025-03-04T17:57:09.965+0000] {processor.py:208} INFO - Processing /home/airflow/.local/lib/python3.12/site-packages/airflow/example_dags/example_nested_branch_dag.py took 0.113 seconds
[2025-03-04T17:57:40.904+0000] {processor.py:186} INFO - Started process (PID=951) to work on /home/airflow/.local/lib/python3.12/site-packages/airflow/example_dags/example_nested_branch_dag.py
[2025-03-04T17:57:40.906+0000] {processor.py:914} INFO - Processing file /home/airflow/.local/lib/python3.12/site-packages/airflow/example_dags/example_nested_branch_dag.py for tasks to queue
[2025-03-04T17:57:40.909+0000] {logging_mixin.py:190} INFO - [2025-03-04T17:57:40.909+0000] {dagbag.py:588} INFO - Filling up the DagBag from /home/airflow/.local/lib/python3.12/site-packages/airflow/example_dags/example_nested_branch_dag.py
[2025-03-04T17:57:40.935+0000] {processor.py:925} INFO - DAG(s) 'example_nested_branch_dag' retrieved from /home/airflow/.local/lib/python3.12/site-packages/airflow/example_dags/example_nested_branch_dag.py
[2025-03-04T17:57:40.962+0000] {logging_mixin.py:190} INFO - [2025-03-04T17:57:40.962+0000] {dag.py:3239} INFO - Sync 1 DAGs
[2025-03-04T17:57:40.990+0000] {logging_mixin.py:190} INFO - [2025-03-04T17:57:40.990+0000] {dag.py:4180} INFO - Setting next_dagrun for example_nested_branch_dag to 2025-03-03 00:00:00+00:00, run_after=2025-03-04 00:00:00+00:00
[2025-03-04T17:57:41.028+0000] {processor.py:208} INFO - Processing /home/airflow/.local/lib/python3.12/site-packages/airflow/example_dags/example_nested_branch_dag.py took 0.137 seconds
[2025-03-04T17:58:12.179+0000] {processor.py:186} INFO - Started process (PID=1257) to work on /home/airflow/.local/lib/python3.12/site-packages/airflow/example_dags/example_nested_branch_dag.py
[2025-03-04T17:58:12.181+0000] {processor.py:914} INFO - Processing file /home/airflow/.local/lib/python3.12/site-packages/airflow/example_dags/example_nested_branch_dag.py for tasks to queue
[2025-03-04T17:58:12.184+0000] {logging_mixin.py:190} INFO - [2025-03-04T17:58:12.184+0000] {dagbag.py:588} INFO - Filling up the DagBag from /home/airflow/.local/lib/python3.12/site-packages/airflow/example_dags/example_nested_branch_dag.py
[2025-03-04T17:58:12.198+0000] {processor.py:925} INFO - DAG(s) 'example_nested_branch_dag' retrieved from /home/airflow/.local/lib/python3.12/site-packages/airflow/example_dags/example_nested_branch_dag.py
[2025-03-04T17:58:12.229+0000] {logging_mixin.py:190} INFO - [2025-03-04T17:58:12.228+0000] {dag.py:3239} INFO - Sync 1 DAGs
[2025-03-04T17:58:12.259+0000] {logging_mixin.py:190} INFO - [2025-03-04T17:58:12.259+0000] {dag.py:4180} INFO - Setting next_dagrun for example_nested_branch_dag to 2025-03-03 00:00:00+00:00, run_after=2025-03-04 00:00:00+00:00
[2025-03-04T17:58:12.285+0000] {processor.py:208} INFO - Processing /home/airflow/.local/lib/python3.12/site-packages/airflow/example_dags/example_nested_branch_dag.py took 0.112 seconds
[2025-03-04T17:58:43.174+0000] {processor.py:186} INFO - Started process (PID=1564) to work on /home/airflow/.local/lib/python3.12/site-packages/airflow/example_dags/example_nested_branch_dag.py
[2025-03-04T17:58:43.175+0000] {processor.py:914} INFO - Processing file /home/airflow/.local/lib/python3.12/site-packages/airflow/example_dags/example_nested_branch_dag.py for tasks to queue
[2025-03-04T17:58:43.178+0000] {logging_mixin.py:190} INFO - [2025-03-04T17:58:43.177+0000] {dagbag.py:588} INFO - Filling up the DagBag from /home/airflow/.local/lib/python3.12/site-packages/airflow/example_dags/example_nested_branch_dag.py
[2025-03-04T17:58:43.190+0000] {processor.py:925} INFO - DAG(s) 'example_nested_branch_dag' retrieved from /home/airflow/.local/lib/python3.12/site-packages/airflow/example_dags/example_nested_branch_dag.py
[2025-03-04T17:58:43.212+0000] {logging_mixin.py:190} INFO - [2025-03-04T17:58:43.212+0000] {dag.py:3239} INFO - Sync 1 DAGs
[2025-03-04T17:58:43.238+0000] {logging_mixin.py:190} INFO - [2025-03-04T17:58:43.238+0000] {dag.py:4180} INFO - Setting next_dagrun for example_nested_branch_dag to 2025-03-03 00:00:00+00:00, run_after=2025-03-04 00:00:00+00:00
[2025-03-04T17:58:43.261+0000] {processor.py:208} INFO - Processing /home/airflow/.local/lib/python3.12/site-packages/airflow/example_dags/example_nested_branch_dag.py took 0.094 seconds
[2025-03-04T17:59:38.721+0000] {processor.py:186} INFO - Started process (PID=318) to work on /home/airflow/.local/lib/python3.12/site-packages/airflow/example_dags/example_nested_branch_dag.py
[2025-03-04T17:59:38.722+0000] {processor.py:914} INFO - Processing file /home/airflow/.local/lib/python3.12/site-packages/airflow/example_dags/example_nested_branch_dag.py for tasks to queue
[2025-03-04T17:59:38.725+0000] {logging_mixin.py:190} INFO - [2025-03-04T17:59:38.724+0000] {dagbag.py:588} INFO - Filling up the DagBag from /home/airflow/.local/lib/python3.12/site-packages/airflow/example_dags/example_nested_branch_dag.py
[2025-03-04T17:59:38.737+0000] {processor.py:925} INFO - DAG(s) 'example_nested_branch_dag' retrieved from /home/airflow/.local/lib/python3.12/site-packages/airflow/example_dags/example_nested_branch_dag.py
[2025-03-04T17:59:38.762+0000] {logging_mixin.py:190} INFO - [2025-03-04T17:59:38.761+0000] {dag.py:3239} INFO - Sync 1 DAGs
[2025-03-04T17:59:38.789+0000] {logging_mixin.py:190} INFO - [2025-03-04T17:59:38.788+0000] {dag.py:4180} INFO - Setting next_dagrun for example_nested_branch_dag to 2025-03-03 00:00:00+00:00, run_after=2025-03-04 00:00:00+00:00
[2025-03-04T17:59:38.810+0000] {processor.py:208} INFO - Processing /home/airflow/.local/lib/python3.12/site-packages/airflow/example_dags/example_nested_branch_dag.py took 0.095 seconds
[2025-03-04T18:00:09.183+0000] {processor.py:186} INFO - Started process (PID=624) to work on /home/airflow/.local/lib/python3.12/site-packages/airflow/example_dags/example_nested_branch_dag.py
[2025-03-04T18:00:09.184+0000] {processor.py:914} INFO - Processing file /home/airflow/.local/lib/python3.12/site-packages/airflow/example_dags/example_nested_branch_dag.py for tasks to queue
[2025-03-04T18:00:09.187+0000] {logging_mixin.py:190} INFO - [2025-03-04T18:00:09.187+0000] {dagbag.py:588} INFO - Filling up the DagBag from /home/airflow/.local/lib/python3.12/site-packages/airflow/example_dags/example_nested_branch_dag.py
[2025-03-04T18:00:09.198+0000] {processor.py:925} INFO - DAG(s) 'example_nested_branch_dag' retrieved from /home/airflow/.local/lib/python3.12/site-packages/airflow/example_dags/example_nested_branch_dag.py
[2025-03-04T18:00:09.228+0000] {logging_mixin.py:190} INFO - [2025-03-04T18:00:09.228+0000] {dag.py:3239} INFO - Sync 1 DAGs
[2025-03-04T18:00:09.257+0000] {logging_mixin.py:190} INFO - [2025-03-04T18:00:09.257+0000] {dag.py:4180} INFO - Setting next_dagrun for example_nested_branch_dag to 2025-03-03 00:00:00+00:00, run_after=2025-03-04 00:00:00+00:00
[2025-03-04T18:00:09.288+0000] {processor.py:208} INFO - Processing /home/airflow/.local/lib/python3.12/site-packages/airflow/example_dags/example_nested_branch_dag.py took 0.110 seconds
[2025-03-04T18:00:39.922+0000] {processor.py:186} INFO - Started process (PID=925) to work on /home/airflow/.local/lib/python3.12/site-packages/airflow/example_dags/example_nested_branch_dag.py
[2025-03-04T18:00:39.923+0000] {processor.py:914} INFO - Processing file /home/airflow/.local/lib/python3.12/site-packages/airflow/example_dags/example_nested_branch_dag.py for tasks to queue
[2025-03-04T18:00:39.926+0000] {logging_mixin.py:190} INFO - [2025-03-04T18:00:39.926+0000] {dagbag.py:588} INFO - Filling up the DagBag from /home/airflow/.local/lib/python3.12/site-packages/airflow/example_dags/example_nested_branch_dag.py
[2025-03-04T18:00:39.938+0000] {processor.py:925} INFO - DAG(s) 'example_nested_branch_dag' retrieved from /home/airflow/.local/lib/python3.12/site-packages/airflow/example_dags/example_nested_branch_dag.py
[2025-03-04T18:00:39.968+0000] {logging_mixin.py:190} INFO - [2025-03-04T18:00:39.967+0000] {dag.py:3239} INFO - Sync 1 DAGs
[2025-03-04T18:00:40.009+0000] {logging_mixin.py:190} INFO - [2025-03-04T18:00:40.009+0000] {dag.py:4180} INFO - Setting next_dagrun for example_nested_branch_dag to 2025-03-03 00:00:00+00:00, run_after=2025-03-04 00:00:00+00:00
[2025-03-04T18:00:40.035+0000] {processor.py:208} INFO - Processing /home/airflow/.local/lib/python3.12/site-packages/airflow/example_dags/example_nested_branch_dag.py took 0.121 seconds
[2025-03-04T18:01:11.118+0000] {processor.py:186} INFO - Started process (PID=1231) to work on /home/airflow/.local/lib/python3.12/site-packages/airflow/example_dags/example_nested_branch_dag.py
[2025-03-04T18:01:11.119+0000] {processor.py:914} INFO - Processing file /home/airflow/.local/lib/python3.12/site-packages/airflow/example_dags/example_nested_branch_dag.py for tasks to queue
[2025-03-04T18:01:11.122+0000] {logging_mixin.py:190} INFO - [2025-03-04T18:01:11.122+0000] {dagbag.py:588} INFO - Filling up the DagBag from /home/airflow/.local/lib/python3.12/site-packages/airflow/example_dags/example_nested_branch_dag.py
[2025-03-04T18:01:11.136+0000] {processor.py:925} INFO - DAG(s) 'example_nested_branch_dag' retrieved from /home/airflow/.local/lib/python3.12/site-packages/airflow/example_dags/example_nested_branch_dag.py
[2025-03-04T18:01:11.182+0000] {logging_mixin.py:190} INFO - [2025-03-04T18:01:11.182+0000] {dag.py:3239} INFO - Sync 1 DAGs
[2025-03-04T18:01:11.217+0000] {logging_mixin.py:190} INFO - [2025-03-04T18:01:11.217+0000] {dag.py:4180} INFO - Setting next_dagrun for example_nested_branch_dag to 2025-03-03 00:00:00+00:00, run_after=2025-03-04 00:00:00+00:00
[2025-03-04T18:01:11.249+0000] {processor.py:208} INFO - Processing /home/airflow/.local/lib/python3.12/site-packages/airflow/example_dags/example_nested_branch_dag.py took 0.138 seconds
[2025-03-04T18:01:42.106+0000] {processor.py:186} INFO - Started process (PID=1537) to work on /home/airflow/.local/lib/python3.12/site-packages/airflow/example_dags/example_nested_branch_dag.py
[2025-03-04T18:01:42.108+0000] {processor.py:914} INFO - Processing file /home/airflow/.local/lib/python3.12/site-packages/airflow/example_dags/example_nested_branch_dag.py for tasks to queue
[2025-03-04T18:01:42.111+0000] {logging_mixin.py:190} INFO - [2025-03-04T18:01:42.111+0000] {dagbag.py:588} INFO - Filling up the DagBag from /home/airflow/.local/lib/python3.12/site-packages/airflow/example_dags/example_nested_branch_dag.py
[2025-03-04T18:01:42.139+0000] {processor.py:925} INFO - DAG(s) 'example_nested_branch_dag' retrieved from /home/airflow/.local/lib/python3.12/site-packages/airflow/example_dags/example_nested_branch_dag.py
[2025-03-04T18:01:42.169+0000] {logging_mixin.py:190} INFO - [2025-03-04T18:01:42.169+0000] {dag.py:3239} INFO - Sync 1 DAGs
[2025-03-04T18:01:42.201+0000] {logging_mixin.py:190} INFO - [2025-03-04T18:01:42.200+0000] {dag.py:4180} INFO - Setting next_dagrun for example_nested_branch_dag to 2025-03-03 00:00:00+00:00, run_after=2025-03-04 00:00:00+00:00
[2025-03-04T18:01:42.230+0000] {processor.py:208} INFO - Processing /home/airflow/.local/lib/python3.12/site-packages/airflow/example_dags/example_nested_branch_dag.py took 0.139 seconds
[2025-03-04T18:02:13.356+0000] {processor.py:186} INFO - Started process (PID=1843) to work on /home/airflow/.local/lib/python3.12/site-packages/airflow/example_dags/example_nested_branch_dag.py
[2025-03-04T18:02:13.357+0000] {processor.py:914} INFO - Processing file /home/airflow/.local/lib/python3.12/site-packages/airflow/example_dags/example_nested_branch_dag.py for tasks to queue
[2025-03-04T18:02:13.360+0000] {logging_mixin.py:190} INFO - [2025-03-04T18:02:13.359+0000] {dagbag.py:588} INFO - Filling up the DagBag from /home/airflow/.local/lib/python3.12/site-packages/airflow/example_dags/example_nested_branch_dag.py
[2025-03-04T18:02:13.386+0000] {processor.py:925} INFO - DAG(s) 'example_nested_branch_dag' retrieved from /home/airflow/.local/lib/python3.12/site-packages/airflow/example_dags/example_nested_branch_dag.py
[2025-03-04T18:02:13.434+0000] {logging_mixin.py:190} INFO - [2025-03-04T18:02:13.433+0000] {dag.py:3239} INFO - Sync 1 DAGs
[2025-03-04T18:02:13.468+0000] {logging_mixin.py:190} INFO - [2025-03-04T18:02:13.468+0000] {dag.py:4180} INFO - Setting next_dagrun for example_nested_branch_dag to 2025-03-03 00:00:00+00:00, run_after=2025-03-04 00:00:00+00:00
[2025-03-04T18:02:13.494+0000] {processor.py:208} INFO - Processing /home/airflow/.local/lib/python3.12/site-packages/airflow/example_dags/example_nested_branch_dag.py took 0.146 seconds
[2025-03-04T18:02:43.702+0000] {processor.py:186} INFO - Started process (PID=2144) to work on /home/airflow/.local/lib/python3.12/site-packages/airflow/example_dags/example_nested_branch_dag.py
[2025-03-04T18:02:43.703+0000] {processor.py:914} INFO - Processing file /home/airflow/.local/lib/python3.12/site-packages/airflow/example_dags/example_nested_branch_dag.py for tasks to queue
[2025-03-04T18:02:43.706+0000] {logging_mixin.py:190} INFO - [2025-03-04T18:02:43.706+0000] {dagbag.py:588} INFO - Filling up the DagBag from /home/airflow/.local/lib/python3.12/site-packages/airflow/example_dags/example_nested_branch_dag.py
[2025-03-04T18:02:43.726+0000] {processor.py:925} INFO - DAG(s) 'example_nested_branch_dag' retrieved from /home/airflow/.local/lib/python3.12/site-packages/airflow/example_dags/example_nested_branch_dag.py
[2025-03-04T18:02:43.753+0000] {logging_mixin.py:190} INFO - [2025-03-04T18:02:43.753+0000] {dag.py:3239} INFO - Sync 1 DAGs
[2025-03-04T18:02:43.783+0000] {logging_mixin.py:190} INFO - [2025-03-04T18:02:43.782+0000] {dag.py:4180} INFO - Setting next_dagrun for example_nested_branch_dag to 2025-03-03 00:00:00+00:00, run_after=2025-03-04 00:00:00+00:00
[2025-03-04T18:02:43.810+0000] {processor.py:208} INFO - Processing /home/airflow/.local/lib/python3.12/site-packages/airflow/example_dags/example_nested_branch_dag.py took 0.115 seconds
[2025-03-04T18:03:13.939+0000] {processor.py:186} INFO - Started process (PID=2458) to work on /home/airflow/.local/lib/python3.12/site-packages/airflow/example_dags/example_nested_branch_dag.py
[2025-03-04T18:03:13.941+0000] {processor.py:914} INFO - Processing file /home/airflow/.local/lib/python3.12/site-packages/airflow/example_dags/example_nested_branch_dag.py for tasks to queue
[2025-03-04T18:03:13.944+0000] {logging_mixin.py:190} INFO - [2025-03-04T18:03:13.944+0000] {dagbag.py:588} INFO - Filling up the DagBag from /home/airflow/.local/lib/python3.12/site-packages/airflow/example_dags/example_nested_branch_dag.py
[2025-03-04T18:03:13.970+0000] {processor.py:925} INFO - DAG(s) 'example_nested_branch_dag' retrieved from /home/airflow/.local/lib/python3.12/site-packages/airflow/example_dags/example_nested_branch_dag.py
[2025-03-04T18:03:13.998+0000] {logging_mixin.py:190} INFO - [2025-03-04T18:03:13.998+0000] {dag.py:3239} INFO - Sync 1 DAGs
[2025-03-04T18:03:14.030+0000] {logging_mixin.py:190} INFO - [2025-03-04T18:03:14.029+0000] {dag.py:4180} INFO - Setting next_dagrun for example_nested_branch_dag to 2025-03-03 00:00:00+00:00, run_after=2025-03-04 00:00:00+00:00
[2025-03-04T18:03:14.056+0000] {processor.py:208} INFO - Processing /home/airflow/.local/lib/python3.12/site-packages/airflow/example_dags/example_nested_branch_dag.py took 0.125 seconds
[2025-03-04T18:03:44.992+0000] {processor.py:186} INFO - Started process (PID=2767) to work on /home/airflow/.local/lib/python3.12/site-packages/airflow/example_dags/example_nested_branch_dag.py
[2025-03-04T18:03:44.994+0000] {processor.py:914} INFO - Processing file /home/airflow/.local/lib/python3.12/site-packages/airflow/example_dags/example_nested_branch_dag.py for tasks to queue
[2025-03-04T18:03:44.997+0000] {logging_mixin.py:190} INFO - [2025-03-04T18:03:44.997+0000] {dagbag.py:588} INFO - Filling up the DagBag from /home/airflow/.local/lib/python3.12/site-packages/airflow/example_dags/example_nested_branch_dag.py
[2025-03-04T18:03:45.012+0000] {processor.py:925} INFO - DAG(s) 'example_nested_branch_dag' retrieved from /home/airflow/.local/lib/python3.12/site-packages/airflow/example_dags/example_nested_branch_dag.py
[2025-03-04T18:03:45.046+0000] {logging_mixin.py:190} INFO - [2025-03-04T18:03:45.046+0000] {dag.py:3239} INFO - Sync 1 DAGs
[2025-03-04T18:03:45.080+0000] {logging_mixin.py:190} INFO - [2025-03-04T18:03:45.080+0000] {dag.py:4180} INFO - Setting next_dagrun for example_nested_branch_dag to 2025-03-03 00:00:00+00:00, run_after=2025-03-04 00:00:00+00:00
[2025-03-04T18:03:45.106+0000] {processor.py:208} INFO - Processing /home/airflow/.local/lib/python3.12/site-packages/airflow/example_dags/example_nested_branch_dag.py took 0.122 seconds
[2025-03-04T18:04:15.827+0000] {processor.py:186} INFO - Started process (PID=3073) to work on /home/airflow/.local/lib/python3.12/site-packages/airflow/example_dags/example_nested_branch_dag.py
[2025-03-04T18:04:15.828+0000] {processor.py:914} INFO - Processing file /home/airflow/.local/lib/python3.12/site-packages/airflow/example_dags/example_nested_branch_dag.py for tasks to queue
[2025-03-04T18:04:15.830+0000] {logging_mixin.py:190} INFO - [2025-03-04T18:04:15.830+0000] {dagbag.py:588} INFO - Filling up the DagBag from /home/airflow/.local/lib/python3.12/site-packages/airflow/example_dags/example_nested_branch_dag.py
[2025-03-04T18:04:15.843+0000] {processor.py:925} INFO - DAG(s) 'example_nested_branch_dag' retrieved from /home/airflow/.local/lib/python3.12/site-packages/airflow/example_dags/example_nested_branch_dag.py
[2025-03-04T18:04:15.870+0000] {logging_mixin.py:190} INFO - [2025-03-04T18:04:15.869+0000] {dag.py:3239} INFO - Sync 1 DAGs
[2025-03-04T18:04:15.901+0000] {logging_mixin.py:190} INFO - [2025-03-04T18:04:15.901+0000] {dag.py:4180} INFO - Setting next_dagrun for example_nested_branch_dag to 2025-03-03 00:00:00+00:00, run_after=2025-03-04 00:00:00+00:00
[2025-03-04T18:04:15.926+0000] {processor.py:208} INFO - Processing /home/airflow/.local/lib/python3.12/site-packages/airflow/example_dags/example_nested_branch_dag.py took 0.107 seconds
[2025-03-04T18:04:46.097+0000] {processor.py:186} INFO - Started process (PID=3376) to work on /home/airflow/.local/lib/python3.12/site-packages/airflow/example_dags/example_nested_branch_dag.py
[2025-03-04T18:04:46.099+0000] {processor.py:914} INFO - Processing file /home/airflow/.local/lib/python3.12/site-packages/airflow/example_dags/example_nested_branch_dag.py for tasks to queue
[2025-03-04T18:04:46.102+0000] {logging_mixin.py:190} INFO - [2025-03-04T18:04:46.102+0000] {dagbag.py:588} INFO - Filling up the DagBag from /home/airflow/.local/lib/python3.12/site-packages/airflow/example_dags/example_nested_branch_dag.py
[2025-03-04T18:04:46.115+0000] {processor.py:925} INFO - DAG(s) 'example_nested_branch_dag' retrieved from /home/airflow/.local/lib/python3.12/site-packages/airflow/example_dags/example_nested_branch_dag.py
[2025-03-04T18:04:46.162+0000] {logging_mixin.py:190} INFO - [2025-03-04T18:04:46.162+0000] {dag.py:3239} INFO - Sync 1 DAGs
[2025-03-04T18:04:46.204+0000] {logging_mixin.py:190} INFO - [2025-03-04T18:04:46.204+0000] {dag.py:4180} INFO - Setting next_dagrun for example_nested_branch_dag to 2025-03-03 00:00:00+00:00, run_after=2025-03-04 00:00:00+00:00
[2025-03-04T18:04:46.235+0000] {processor.py:208} INFO - Processing /home/airflow/.local/lib/python3.12/site-packages/airflow/example_dags/example_nested_branch_dag.py took 0.151 seconds
[2025-03-04T18:05:17.017+0000] {processor.py:186} INFO - Started process (PID=3685) to work on /home/airflow/.local/lib/python3.12/site-packages/airflow/example_dags/example_nested_branch_dag.py
[2025-03-04T18:05:17.019+0000] {processor.py:914} INFO - Processing file /home/airflow/.local/lib/python3.12/site-packages/airflow/example_dags/example_nested_branch_dag.py for tasks to queue
[2025-03-04T18:05:17.023+0000] {logging_mixin.py:190} INFO - [2025-03-04T18:05:17.022+0000] {dagbag.py:588} INFO - Filling up the DagBag from /home/airflow/.local/lib/python3.12/site-packages/airflow/example_dags/example_nested_branch_dag.py
[2025-03-04T18:05:17.052+0000] {processor.py:925} INFO - DAG(s) 'example_nested_branch_dag' retrieved from /home/airflow/.local/lib/python3.12/site-packages/airflow/example_dags/example_nested_branch_dag.py
[2025-03-04T18:05:17.083+0000] {logging_mixin.py:190} INFO - [2025-03-04T18:05:17.083+0000] {dag.py:3239} INFO - Sync 1 DAGs
[2025-03-04T18:05:17.113+0000] {logging_mixin.py:190} INFO - [2025-03-04T18:05:17.113+0000] {dag.py:4180} INFO - Setting next_dagrun for example_nested_branch_dag to 2025-03-03 00:00:00+00:00, run_after=2025-03-04 00:00:00+00:00
[2025-03-04T18:05:17.134+0000] {processor.py:208} INFO - Processing /home/airflow/.local/lib/python3.12/site-packages/airflow/example_dags/example_nested_branch_dag.py took 0.126 seconds
