[2025-03-04T17:28:44.700+0000] {processor.py:186} INFO - Started process (PID=346) to work on /home/airflow/.local/lib/python3.12/site-packages/airflow/example_dags/example_sensor_decorator.py
[2025-03-04T17:28:44.701+0000] {processor.py:914} INFO - Processing file /home/airflow/.local/lib/python3.12/site-packages/airflow/example_dags/example_sensor_decorator.py for tasks to queue
[2025-03-04T17:28:44.703+0000] {logging_mixin.py:190} INFO - [2025-03-04T17:28:44.703+0000] {dagbag.py:588} INFO - Filling up the DagBag from /home/airflow/.local/lib/python3.12/site-packages/airflow/example_dags/example_sensor_decorator.py
[2025-03-04T17:28:44.711+0000] {processor.py:925} INFO - DAG(s) 'example_sensor_decorator' retrieved from /home/airflow/.local/lib/python3.12/site-packages/airflow/example_dags/example_sensor_decorator.py
[2025-03-04T17:28:44.736+0000] {logging_mixin.py:190} INFO - [2025-03-04T17:28:44.735+0000] {dag.py:3239} INFO - Sync 1 DAGs
[2025-03-04T17:28:44.753+0000] {logging_mixin.py:190} INFO - [2025-03-04T17:28:44.752+0000] {dag.py:4180} INFO - Setting next_dagrun for example_sensor_decorator to None, run_after=None
[2025-03-04T17:28:44.777+0000] {processor.py:208} INFO - Processing /home/airflow/.local/lib/python3.12/site-packages/airflow/example_dags/example_sensor_decorator.py took 0.086 seconds
[2025-03-04T17:29:15.710+0000] {processor.py:186} INFO - Started process (PID=685) to work on /home/airflow/.local/lib/python3.12/site-packages/airflow/example_dags/example_sensor_decorator.py
[2025-03-04T17:29:15.711+0000] {processor.py:914} INFO - Processing file /home/airflow/.local/lib/python3.12/site-packages/airflow/example_dags/example_sensor_decorator.py for tasks to queue
[2025-03-04T17:29:15.713+0000] {logging_mixin.py:190} INFO - [2025-03-04T17:29:15.713+0000] {dagbag.py:588} INFO - Filling up the DagBag from /home/airflow/.local/lib/python3.12/site-packages/airflow/example_dags/example_sensor_decorator.py
[2025-03-04T17:29:15.721+0000] {processor.py:925} INFO - DAG(s) 'example_sensor_decorator' retrieved from /home/airflow/.local/lib/python3.12/site-packages/airflow/example_dags/example_sensor_decorator.py
[2025-03-04T17:29:15.743+0000] {logging_mixin.py:190} INFO - [2025-03-04T17:29:15.743+0000] {dag.py:3239} INFO - Sync 1 DAGs
[2025-03-04T17:29:15.762+0000] {logging_mixin.py:190} INFO - [2025-03-04T17:29:15.761+0000] {dag.py:4180} INFO - Setting next_dagrun for example_sensor_decorator to None, run_after=None
[2025-03-04T17:29:15.783+0000] {processor.py:208} INFO - Processing /home/airflow/.local/lib/python3.12/site-packages/airflow/example_dags/example_sensor_decorator.py took 0.080 seconds
[2025-03-04T17:29:46.622+0000] {processor.py:186} INFO - Started process (PID=991) to work on /home/airflow/.local/lib/python3.12/site-packages/airflow/example_dags/example_sensor_decorator.py
[2025-03-04T17:29:46.624+0000] {processor.py:914} INFO - Processing file /home/airflow/.local/lib/python3.12/site-packages/airflow/example_dags/example_sensor_decorator.py for tasks to queue
[2025-03-04T17:29:46.629+0000] {logging_mixin.py:190} INFO - [2025-03-04T17:29:46.628+0000] {dagbag.py:588} INFO - Filling up the DagBag from /home/airflow/.local/lib/python3.12/site-packages/airflow/example_dags/example_sensor_decorator.py
[2025-03-04T17:29:46.637+0000] {processor.py:925} INFO - DAG(s) 'example_sensor_decorator' retrieved from /home/airflow/.local/lib/python3.12/site-packages/airflow/example_dags/example_sensor_decorator.py
[2025-03-04T17:29:46.657+0000] {logging_mixin.py:190} INFO - [2025-03-04T17:29:46.657+0000] {dag.py:3239} INFO - Sync 1 DAGs
[2025-03-04T17:29:46.673+0000] {logging_mixin.py:190} INFO - [2025-03-04T17:29:46.673+0000] {dag.py:4180} INFO - Setting next_dagrun for example_sensor_decorator to None, run_after=None
[2025-03-04T17:29:46.700+0000] {processor.py:208} INFO - Processing /home/airflow/.local/lib/python3.12/site-packages/airflow/example_dags/example_sensor_decorator.py took 0.091 seconds
[2025-03-04T17:30:17.053+0000] {processor.py:186} INFO - Started process (PID=1292) to work on /home/airflow/.local/lib/python3.12/site-packages/airflow/example_dags/example_sensor_decorator.py
[2025-03-04T17:30:17.054+0000] {processor.py:914} INFO - Processing file /home/airflow/.local/lib/python3.12/site-packages/airflow/example_dags/example_sensor_decorator.py for tasks to queue
[2025-03-04T17:30:17.057+0000] {logging_mixin.py:190} INFO - [2025-03-04T17:30:17.057+0000] {dagbag.py:588} INFO - Filling up the DagBag from /home/airflow/.local/lib/python3.12/site-packages/airflow/example_dags/example_sensor_decorator.py
[2025-03-04T17:30:17.066+0000] {processor.py:925} INFO - DAG(s) 'example_sensor_decorator' retrieved from /home/airflow/.local/lib/python3.12/site-packages/airflow/example_dags/example_sensor_decorator.py
[2025-03-04T17:30:17.088+0000] {logging_mixin.py:190} INFO - [2025-03-04T17:30:17.087+0000] {dag.py:3239} INFO - Sync 1 DAGs
[2025-03-04T17:30:17.106+0000] {logging_mixin.py:190} INFO - [2025-03-04T17:30:17.105+0000] {dag.py:4180} INFO - Setting next_dagrun for example_sensor_decorator to None, run_after=None
[2025-03-04T17:30:17.172+0000] {processor.py:208} INFO - Processing /home/airflow/.local/lib/python3.12/site-packages/airflow/example_dags/example_sensor_decorator.py took 0.126 seconds
[2025-03-04T17:30:48.197+0000] {processor.py:186} INFO - Started process (PID=1600) to work on /home/airflow/.local/lib/python3.12/site-packages/airflow/example_dags/example_sensor_decorator.py
[2025-03-04T17:30:48.199+0000] {processor.py:914} INFO - Processing file /home/airflow/.local/lib/python3.12/site-packages/airflow/example_dags/example_sensor_decorator.py for tasks to queue
[2025-03-04T17:30:48.202+0000] {logging_mixin.py:190} INFO - [2025-03-04T17:30:48.201+0000] {dagbag.py:588} INFO - Filling up the DagBag from /home/airflow/.local/lib/python3.12/site-packages/airflow/example_dags/example_sensor_decorator.py
[2025-03-04T17:30:48.210+0000] {processor.py:925} INFO - DAG(s) 'example_sensor_decorator' retrieved from /home/airflow/.local/lib/python3.12/site-packages/airflow/example_dags/example_sensor_decorator.py
[2025-03-04T17:30:48.236+0000] {logging_mixin.py:190} INFO - [2025-03-04T17:30:48.236+0000] {dag.py:3239} INFO - Sync 1 DAGs
[2025-03-04T17:30:48.258+0000] {logging_mixin.py:190} INFO - [2025-03-04T17:30:48.258+0000] {dag.py:4180} INFO - Setting next_dagrun for example_sensor_decorator to None, run_after=None
[2025-03-04T17:30:48.287+0000] {processor.py:208} INFO - Processing /home/airflow/.local/lib/python3.12/site-packages/airflow/example_dags/example_sensor_decorator.py took 0.098 seconds
[2025-03-04T17:31:18.795+0000] {processor.py:186} INFO - Started process (PID=1906) to work on /home/airflow/.local/lib/python3.12/site-packages/airflow/example_dags/example_sensor_decorator.py
[2025-03-04T17:31:18.797+0000] {processor.py:914} INFO - Processing file /home/airflow/.local/lib/python3.12/site-packages/airflow/example_dags/example_sensor_decorator.py for tasks to queue
[2025-03-04T17:31:18.803+0000] {logging_mixin.py:190} INFO - [2025-03-04T17:31:18.802+0000] {dagbag.py:588} INFO - Filling up the DagBag from /home/airflow/.local/lib/python3.12/site-packages/airflow/example_dags/example_sensor_decorator.py
[2025-03-04T17:31:18.822+0000] {processor.py:925} INFO - DAG(s) 'example_sensor_decorator' retrieved from /home/airflow/.local/lib/python3.12/site-packages/airflow/example_dags/example_sensor_decorator.py
[2025-03-04T17:31:18.863+0000] {logging_mixin.py:190} INFO - [2025-03-04T17:31:18.863+0000] {dag.py:3239} INFO - Sync 1 DAGs
[2025-03-04T17:31:18.882+0000] {logging_mixin.py:190} INFO - [2025-03-04T17:31:18.882+0000] {dag.py:4180} INFO - Setting next_dagrun for example_sensor_decorator to None, run_after=None
[2025-03-04T17:31:18.909+0000] {processor.py:208} INFO - Processing /home/airflow/.local/lib/python3.12/site-packages/airflow/example_dags/example_sensor_decorator.py took 0.121 seconds
[2025-03-04T17:31:49.205+0000] {processor.py:186} INFO - Started process (PID=2212) to work on /home/airflow/.local/lib/python3.12/site-packages/airflow/example_dags/example_sensor_decorator.py
[2025-03-04T17:31:49.207+0000] {processor.py:914} INFO - Processing file /home/airflow/.local/lib/python3.12/site-packages/airflow/example_dags/example_sensor_decorator.py for tasks to queue
[2025-03-04T17:31:49.210+0000] {logging_mixin.py:190} INFO - [2025-03-04T17:31:49.210+0000] {dagbag.py:588} INFO - Filling up the DagBag from /home/airflow/.local/lib/python3.12/site-packages/airflow/example_dags/example_sensor_decorator.py
[2025-03-04T17:31:49.219+0000] {processor.py:925} INFO - DAG(s) 'example_sensor_decorator' retrieved from /home/airflow/.local/lib/python3.12/site-packages/airflow/example_dags/example_sensor_decorator.py
[2025-03-04T17:31:49.243+0000] {logging_mixin.py:190} INFO - [2025-03-04T17:31:49.243+0000] {dag.py:3239} INFO - Sync 1 DAGs
[2025-03-04T17:31:49.261+0000] {logging_mixin.py:190} INFO - [2025-03-04T17:31:49.261+0000] {dag.py:4180} INFO - Setting next_dagrun for example_sensor_decorator to None, run_after=None
[2025-03-04T17:31:49.285+0000] {processor.py:208} INFO - Processing /home/airflow/.local/lib/python3.12/site-packages/airflow/example_dags/example_sensor_decorator.py took 0.087 seconds
[2025-03-04T17:32:19.670+0000] {processor.py:186} INFO - Started process (PID=2518) to work on /home/airflow/.local/lib/python3.12/site-packages/airflow/example_dags/example_sensor_decorator.py
[2025-03-04T17:32:19.671+0000] {processor.py:914} INFO - Processing file /home/airflow/.local/lib/python3.12/site-packages/airflow/example_dags/example_sensor_decorator.py for tasks to queue
[2025-03-04T17:32:19.674+0000] {logging_mixin.py:190} INFO - [2025-03-04T17:32:19.674+0000] {dagbag.py:588} INFO - Filling up the DagBag from /home/airflow/.local/lib/python3.12/site-packages/airflow/example_dags/example_sensor_decorator.py
[2025-03-04T17:32:19.683+0000] {processor.py:925} INFO - DAG(s) 'example_sensor_decorator' retrieved from /home/airflow/.local/lib/python3.12/site-packages/airflow/example_dags/example_sensor_decorator.py
[2025-03-04T17:32:19.709+0000] {logging_mixin.py:190} INFO - [2025-03-04T17:32:19.708+0000] {dag.py:3239} INFO - Sync 1 DAGs
[2025-03-04T17:32:19.728+0000] {logging_mixin.py:190} INFO - [2025-03-04T17:32:19.727+0000] {dag.py:4180} INFO - Setting next_dagrun for example_sensor_decorator to None, run_after=None
[2025-03-04T17:32:19.754+0000] {processor.py:208} INFO - Processing /home/airflow/.local/lib/python3.12/site-packages/airflow/example_dags/example_sensor_decorator.py took 0.092 seconds
[2025-03-04T17:32:50.163+0000] {processor.py:186} INFO - Started process (PID=2824) to work on /home/airflow/.local/lib/python3.12/site-packages/airflow/example_dags/example_sensor_decorator.py
[2025-03-04T17:32:50.165+0000] {processor.py:914} INFO - Processing file /home/airflow/.local/lib/python3.12/site-packages/airflow/example_dags/example_sensor_decorator.py for tasks to queue
[2025-03-04T17:32:50.168+0000] {logging_mixin.py:190} INFO - [2025-03-04T17:32:50.168+0000] {dagbag.py:588} INFO - Filling up the DagBag from /home/airflow/.local/lib/python3.12/site-packages/airflow/example_dags/example_sensor_decorator.py
[2025-03-04T17:32:50.184+0000] {processor.py:925} INFO - DAG(s) 'example_sensor_decorator' retrieved from /home/airflow/.local/lib/python3.12/site-packages/airflow/example_dags/example_sensor_decorator.py
[2025-03-04T17:32:50.211+0000] {logging_mixin.py:190} INFO - [2025-03-04T17:32:50.210+0000] {dag.py:3239} INFO - Sync 1 DAGs
[2025-03-04T17:32:50.229+0000] {logging_mixin.py:190} INFO - [2025-03-04T17:32:50.229+0000] {dag.py:4180} INFO - Setting next_dagrun for example_sensor_decorator to None, run_after=None
[2025-03-04T17:32:50.259+0000] {processor.py:208} INFO - Processing /home/airflow/.local/lib/python3.12/site-packages/airflow/example_dags/example_sensor_decorator.py took 0.110 seconds
[2025-03-04T17:33:20.481+0000] {processor.py:186} INFO - Started process (PID=3130) to work on /home/airflow/.local/lib/python3.12/site-packages/airflow/example_dags/example_sensor_decorator.py
[2025-03-04T17:33:20.482+0000] {processor.py:914} INFO - Processing file /home/airflow/.local/lib/python3.12/site-packages/airflow/example_dags/example_sensor_decorator.py for tasks to queue
[2025-03-04T17:33:20.485+0000] {logging_mixin.py:190} INFO - [2025-03-04T17:33:20.484+0000] {dagbag.py:588} INFO - Filling up the DagBag from /home/airflow/.local/lib/python3.12/site-packages/airflow/example_dags/example_sensor_decorator.py
[2025-03-04T17:33:20.493+0000] {processor.py:925} INFO - DAG(s) 'example_sensor_decorator' retrieved from /home/airflow/.local/lib/python3.12/site-packages/airflow/example_dags/example_sensor_decorator.py
[2025-03-04T17:33:20.515+0000] {logging_mixin.py:190} INFO - [2025-03-04T17:33:20.515+0000] {dag.py:3239} INFO - Sync 1 DAGs
[2025-03-04T17:33:20.535+0000] {logging_mixin.py:190} INFO - [2025-03-04T17:33:20.535+0000] {dag.py:4180} INFO - Setting next_dagrun for example_sensor_decorator to None, run_after=None
[2025-03-04T17:33:20.563+0000] {processor.py:208} INFO - Processing /home/airflow/.local/lib/python3.12/site-packages/airflow/example_dags/example_sensor_decorator.py took 0.092 seconds
[2025-03-04T17:33:50.695+0000] {processor.py:186} INFO - Started process (PID=3436) to work on /home/airflow/.local/lib/python3.12/site-packages/airflow/example_dags/example_sensor_decorator.py
[2025-03-04T17:33:50.696+0000] {processor.py:914} INFO - Processing file /home/airflow/.local/lib/python3.12/site-packages/airflow/example_dags/example_sensor_decorator.py for tasks to queue
[2025-03-04T17:33:50.698+0000] {logging_mixin.py:190} INFO - [2025-03-04T17:33:50.698+0000] {dagbag.py:588} INFO - Filling up the DagBag from /home/airflow/.local/lib/python3.12/site-packages/airflow/example_dags/example_sensor_decorator.py
[2025-03-04T17:33:50.707+0000] {processor.py:925} INFO - DAG(s) 'example_sensor_decorator' retrieved from /home/airflow/.local/lib/python3.12/site-packages/airflow/example_dags/example_sensor_decorator.py
[2025-03-04T17:33:50.727+0000] {logging_mixin.py:190} INFO - [2025-03-04T17:33:50.727+0000] {dag.py:3239} INFO - Sync 1 DAGs
[2025-03-04T17:33:50.745+0000] {logging_mixin.py:190} INFO - [2025-03-04T17:33:50.744+0000] {dag.py:4180} INFO - Setting next_dagrun for example_sensor_decorator to None, run_after=None
[2025-03-04T17:33:50.769+0000] {processor.py:208} INFO - Processing /home/airflow/.local/lib/python3.12/site-packages/airflow/example_dags/example_sensor_decorator.py took 0.081 seconds
[2025-03-04T17:34:20.963+0000] {processor.py:186} INFO - Started process (PID=3742) to work on /home/airflow/.local/lib/python3.12/site-packages/airflow/example_dags/example_sensor_decorator.py
[2025-03-04T17:34:20.965+0000] {processor.py:914} INFO - Processing file /home/airflow/.local/lib/python3.12/site-packages/airflow/example_dags/example_sensor_decorator.py for tasks to queue
[2025-03-04T17:34:20.968+0000] {logging_mixin.py:190} INFO - [2025-03-04T17:34:20.967+0000] {dagbag.py:588} INFO - Filling up the DagBag from /home/airflow/.local/lib/python3.12/site-packages/airflow/example_dags/example_sensor_decorator.py
[2025-03-04T17:34:20.977+0000] {processor.py:925} INFO - DAG(s) 'example_sensor_decorator' retrieved from /home/airflow/.local/lib/python3.12/site-packages/airflow/example_dags/example_sensor_decorator.py
[2025-03-04T17:34:21.004+0000] {logging_mixin.py:190} INFO - [2025-03-04T17:34:21.004+0000] {dag.py:3239} INFO - Sync 1 DAGs
[2025-03-04T17:34:21.027+0000] {logging_mixin.py:190} INFO - [2025-03-04T17:34:21.026+0000] {dag.py:4180} INFO - Setting next_dagrun for example_sensor_decorator to None, run_after=None
[2025-03-04T17:34:21.056+0000] {processor.py:208} INFO - Processing /home/airflow/.local/lib/python3.12/site-packages/airflow/example_dags/example_sensor_decorator.py took 0.108 seconds
[2025-03-04T17:34:51.135+0000] {processor.py:186} INFO - Started process (PID=4048) to work on /home/airflow/.local/lib/python3.12/site-packages/airflow/example_dags/example_sensor_decorator.py
[2025-03-04T17:34:51.136+0000] {processor.py:914} INFO - Processing file /home/airflow/.local/lib/python3.12/site-packages/airflow/example_dags/example_sensor_decorator.py for tasks to queue
[2025-03-04T17:34:51.139+0000] {logging_mixin.py:190} INFO - [2025-03-04T17:34:51.139+0000] {dagbag.py:588} INFO - Filling up the DagBag from /home/airflow/.local/lib/python3.12/site-packages/airflow/example_dags/example_sensor_decorator.py
[2025-03-04T17:34:51.148+0000] {processor.py:925} INFO - DAG(s) 'example_sensor_decorator' retrieved from /home/airflow/.local/lib/python3.12/site-packages/airflow/example_dags/example_sensor_decorator.py
[2025-03-04T17:34:51.176+0000] {logging_mixin.py:190} INFO - [2025-03-04T17:34:51.175+0000] {dag.py:3239} INFO - Sync 1 DAGs
[2025-03-04T17:34:51.197+0000] {logging_mixin.py:190} INFO - [2025-03-04T17:34:51.196+0000] {dag.py:4180} INFO - Setting next_dagrun for example_sensor_decorator to None, run_after=None
[2025-03-04T17:34:51.224+0000] {processor.py:208} INFO - Processing /home/airflow/.local/lib/python3.12/site-packages/airflow/example_dags/example_sensor_decorator.py took 0.095 seconds
[2025-03-04T17:35:21.373+0000] {processor.py:186} INFO - Started process (PID=4354) to work on /home/airflow/.local/lib/python3.12/site-packages/airflow/example_dags/example_sensor_decorator.py
[2025-03-04T17:35:21.374+0000] {processor.py:914} INFO - Processing file /home/airflow/.local/lib/python3.12/site-packages/airflow/example_dags/example_sensor_decorator.py for tasks to queue
[2025-03-04T17:35:21.377+0000] {logging_mixin.py:190} INFO - [2025-03-04T17:35:21.377+0000] {dagbag.py:588} INFO - Filling up the DagBag from /home/airflow/.local/lib/python3.12/site-packages/airflow/example_dags/example_sensor_decorator.py
[2025-03-04T17:35:21.385+0000] {processor.py:925} INFO - DAG(s) 'example_sensor_decorator' retrieved from /home/airflow/.local/lib/python3.12/site-packages/airflow/example_dags/example_sensor_decorator.py
[2025-03-04T17:35:21.408+0000] {logging_mixin.py:190} INFO - [2025-03-04T17:35:21.408+0000] {dag.py:3239} INFO - Sync 1 DAGs
[2025-03-04T17:35:21.424+0000] {logging_mixin.py:190} INFO - [2025-03-04T17:35:21.424+0000] {dag.py:4180} INFO - Setting next_dagrun for example_sensor_decorator to None, run_after=None
[2025-03-04T17:35:21.448+0000] {processor.py:208} INFO - Processing /home/airflow/.local/lib/python3.12/site-packages/airflow/example_dags/example_sensor_decorator.py took 0.082 seconds
[2025-03-04T17:35:51.869+0000] {processor.py:186} INFO - Started process (PID=4660) to work on /home/airflow/.local/lib/python3.12/site-packages/airflow/example_dags/example_sensor_decorator.py
[2025-03-04T17:35:51.870+0000] {processor.py:914} INFO - Processing file /home/airflow/.local/lib/python3.12/site-packages/airflow/example_dags/example_sensor_decorator.py for tasks to queue
[2025-03-04T17:35:51.875+0000] {logging_mixin.py:190} INFO - [2025-03-04T17:35:51.874+0000] {dagbag.py:588} INFO - Filling up the DagBag from /home/airflow/.local/lib/python3.12/site-packages/airflow/example_dags/example_sensor_decorator.py
[2025-03-04T17:35:51.883+0000] {processor.py:925} INFO - DAG(s) 'example_sensor_decorator' retrieved from /home/airflow/.local/lib/python3.12/site-packages/airflow/example_dags/example_sensor_decorator.py
[2025-03-04T17:35:51.903+0000] {logging_mixin.py:190} INFO - [2025-03-04T17:35:51.903+0000] {dag.py:3239} INFO - Sync 1 DAGs
[2025-03-04T17:35:51.920+0000] {logging_mixin.py:190} INFO - [2025-03-04T17:35:51.920+0000] {dag.py:4180} INFO - Setting next_dagrun for example_sensor_decorator to None, run_after=None
[2025-03-04T17:35:51.944+0000] {processor.py:208} INFO - Processing /home/airflow/.local/lib/python3.12/site-packages/airflow/example_dags/example_sensor_decorator.py took 0.081 seconds
[2025-03-04T17:36:22.538+0000] {processor.py:186} INFO - Started process (PID=4964) to work on /home/airflow/.local/lib/python3.12/site-packages/airflow/example_dags/example_sensor_decorator.py
[2025-03-04T17:36:22.539+0000] {processor.py:914} INFO - Processing file /home/airflow/.local/lib/python3.12/site-packages/airflow/example_dags/example_sensor_decorator.py for tasks to queue
[2025-03-04T17:36:22.542+0000] {logging_mixin.py:190} INFO - [2025-03-04T17:36:22.542+0000] {dagbag.py:588} INFO - Filling up the DagBag from /home/airflow/.local/lib/python3.12/site-packages/airflow/example_dags/example_sensor_decorator.py
[2025-03-04T17:36:22.552+0000] {processor.py:925} INFO - DAG(s) 'example_sensor_decorator' retrieved from /home/airflow/.local/lib/python3.12/site-packages/airflow/example_dags/example_sensor_decorator.py
[2025-03-04T17:36:22.574+0000] {logging_mixin.py:190} INFO - [2025-03-04T17:36:22.573+0000] {dag.py:3239} INFO - Sync 1 DAGs
[2025-03-04T17:36:22.591+0000] {logging_mixin.py:190} INFO - [2025-03-04T17:36:22.590+0000] {dag.py:4180} INFO - Setting next_dagrun for example_sensor_decorator to None, run_after=None
[2025-03-04T17:36:22.617+0000] {processor.py:208} INFO - Processing /home/airflow/.local/lib/python3.12/site-packages/airflow/example_dags/example_sensor_decorator.py took 0.086 seconds
[2025-03-04T17:36:52.914+0000] {processor.py:186} INFO - Started process (PID=5272) to work on /home/airflow/.local/lib/python3.12/site-packages/airflow/example_dags/example_sensor_decorator.py
[2025-03-04T17:36:52.916+0000] {processor.py:914} INFO - Processing file /home/airflow/.local/lib/python3.12/site-packages/airflow/example_dags/example_sensor_decorator.py for tasks to queue
[2025-03-04T17:36:52.920+0000] {logging_mixin.py:190} INFO - [2025-03-04T17:36:52.919+0000] {dagbag.py:588} INFO - Filling up the DagBag from /home/airflow/.local/lib/python3.12/site-packages/airflow/example_dags/example_sensor_decorator.py
[2025-03-04T17:36:52.931+0000] {processor.py:925} INFO - DAG(s) 'example_sensor_decorator' retrieved from /home/airflow/.local/lib/python3.12/site-packages/airflow/example_dags/example_sensor_decorator.py
[2025-03-04T17:36:52.962+0000] {logging_mixin.py:190} INFO - [2025-03-04T17:36:52.961+0000] {dag.py:3239} INFO - Sync 1 DAGs
[2025-03-04T17:36:52.982+0000] {logging_mixin.py:190} INFO - [2025-03-04T17:36:52.982+0000] {dag.py:4180} INFO - Setting next_dagrun for example_sensor_decorator to None, run_after=None
[2025-03-04T17:36:53.013+0000] {processor.py:208} INFO - Processing /home/airflow/.local/lib/python3.12/site-packages/airflow/example_dags/example_sensor_decorator.py took 0.106 seconds
[2025-03-04T17:37:23.157+0000] {processor.py:186} INFO - Started process (PID=5578) to work on /home/airflow/.local/lib/python3.12/site-packages/airflow/example_dags/example_sensor_decorator.py
[2025-03-04T17:37:23.158+0000] {processor.py:914} INFO - Processing file /home/airflow/.local/lib/python3.12/site-packages/airflow/example_dags/example_sensor_decorator.py for tasks to queue
[2025-03-04T17:37:23.161+0000] {logging_mixin.py:190} INFO - [2025-03-04T17:37:23.161+0000] {dagbag.py:588} INFO - Filling up the DagBag from /home/airflow/.local/lib/python3.12/site-packages/airflow/example_dags/example_sensor_decorator.py
[2025-03-04T17:37:23.170+0000] {processor.py:925} INFO - DAG(s) 'example_sensor_decorator' retrieved from /home/airflow/.local/lib/python3.12/site-packages/airflow/example_dags/example_sensor_decorator.py
[2025-03-04T17:37:23.198+0000] {logging_mixin.py:190} INFO - [2025-03-04T17:37:23.197+0000] {dag.py:3239} INFO - Sync 1 DAGs
[2025-03-04T17:37:23.215+0000] {logging_mixin.py:190} INFO - [2025-03-04T17:37:23.215+0000] {dag.py:4180} INFO - Setting next_dagrun for example_sensor_decorator to None, run_after=None
[2025-03-04T17:37:23.245+0000] {processor.py:208} INFO - Processing /home/airflow/.local/lib/python3.12/site-packages/airflow/example_dags/example_sensor_decorator.py took 0.095 seconds
[2025-03-04T17:37:54.028+0000] {processor.py:186} INFO - Started process (PID=5882) to work on /home/airflow/.local/lib/python3.12/site-packages/airflow/example_dags/example_sensor_decorator.py
[2025-03-04T17:37:54.029+0000] {processor.py:914} INFO - Processing file /home/airflow/.local/lib/python3.12/site-packages/airflow/example_dags/example_sensor_decorator.py for tasks to queue
[2025-03-04T17:37:54.032+0000] {logging_mixin.py:190} INFO - [2025-03-04T17:37:54.032+0000] {dagbag.py:588} INFO - Filling up the DagBag from /home/airflow/.local/lib/python3.12/site-packages/airflow/example_dags/example_sensor_decorator.py
[2025-03-04T17:37:54.042+0000] {processor.py:925} INFO - DAG(s) 'example_sensor_decorator' retrieved from /home/airflow/.local/lib/python3.12/site-packages/airflow/example_dags/example_sensor_decorator.py
[2025-03-04T17:37:54.072+0000] {logging_mixin.py:190} INFO - [2025-03-04T17:37:54.072+0000] {dag.py:3239} INFO - Sync 1 DAGs
[2025-03-04T17:37:54.091+0000] {logging_mixin.py:190} INFO - [2025-03-04T17:37:54.091+0000] {dag.py:4180} INFO - Setting next_dagrun for example_sensor_decorator to None, run_after=None
[2025-03-04T17:37:54.117+0000] {processor.py:208} INFO - Processing /home/airflow/.local/lib/python3.12/site-packages/airflow/example_dags/example_sensor_decorator.py took 0.099 seconds
[2025-03-04T17:38:24.499+0000] {processor.py:186} INFO - Started process (PID=6190) to work on /home/airflow/.local/lib/python3.12/site-packages/airflow/example_dags/example_sensor_decorator.py
[2025-03-04T17:38:24.501+0000] {processor.py:914} INFO - Processing file /home/airflow/.local/lib/python3.12/site-packages/airflow/example_dags/example_sensor_decorator.py for tasks to queue
[2025-03-04T17:38:24.504+0000] {logging_mixin.py:190} INFO - [2025-03-04T17:38:24.504+0000] {dagbag.py:588} INFO - Filling up the DagBag from /home/airflow/.local/lib/python3.12/site-packages/airflow/example_dags/example_sensor_decorator.py
[2025-03-04T17:38:24.514+0000] {processor.py:925} INFO - DAG(s) 'example_sensor_decorator' retrieved from /home/airflow/.local/lib/python3.12/site-packages/airflow/example_dags/example_sensor_decorator.py
[2025-03-04T17:38:24.543+0000] {logging_mixin.py:190} INFO - [2025-03-04T17:38:24.543+0000] {dag.py:3239} INFO - Sync 1 DAGs
[2025-03-04T17:38:24.562+0000] {logging_mixin.py:190} INFO - [2025-03-04T17:38:24.562+0000] {dag.py:4180} INFO - Setting next_dagrun for example_sensor_decorator to None, run_after=None
[2025-03-04T17:38:24.588+0000] {processor.py:208} INFO - Processing /home/airflow/.local/lib/python3.12/site-packages/airflow/example_dags/example_sensor_decorator.py took 0.096 seconds
[2025-03-04T17:38:55.048+0000] {processor.py:186} INFO - Started process (PID=6494) to work on /home/airflow/.local/lib/python3.12/site-packages/airflow/example_dags/example_sensor_decorator.py
[2025-03-04T17:38:55.049+0000] {processor.py:914} INFO - Processing file /home/airflow/.local/lib/python3.12/site-packages/airflow/example_dags/example_sensor_decorator.py for tasks to queue
[2025-03-04T17:38:55.055+0000] {logging_mixin.py:190} INFO - [2025-03-04T17:38:55.055+0000] {dagbag.py:588} INFO - Filling up the DagBag from /home/airflow/.local/lib/python3.12/site-packages/airflow/example_dags/example_sensor_decorator.py
[2025-03-04T17:38:55.064+0000] {processor.py:925} INFO - DAG(s) 'example_sensor_decorator' retrieved from /home/airflow/.local/lib/python3.12/site-packages/airflow/example_dags/example_sensor_decorator.py
[2025-03-04T17:38:55.099+0000] {logging_mixin.py:190} INFO - [2025-03-04T17:38:55.099+0000] {dag.py:3239} INFO - Sync 1 DAGs
[2025-03-04T17:38:55.118+0000] {logging_mixin.py:190} INFO - [2025-03-04T17:38:55.117+0000] {dag.py:4180} INFO - Setting next_dagrun for example_sensor_decorator to None, run_after=None
[2025-03-04T17:38:55.144+0000] {processor.py:208} INFO - Processing /home/airflow/.local/lib/python3.12/site-packages/airflow/example_dags/example_sensor_decorator.py took 0.103 seconds
[2025-03-04T17:39:25.641+0000] {processor.py:186} INFO - Started process (PID=6800) to work on /home/airflow/.local/lib/python3.12/site-packages/airflow/example_dags/example_sensor_decorator.py
[2025-03-04T17:39:25.642+0000] {processor.py:914} INFO - Processing file /home/airflow/.local/lib/python3.12/site-packages/airflow/example_dags/example_sensor_decorator.py for tasks to queue
[2025-03-04T17:39:25.645+0000] {logging_mixin.py:190} INFO - [2025-03-04T17:39:25.644+0000] {dagbag.py:588} INFO - Filling up the DagBag from /home/airflow/.local/lib/python3.12/site-packages/airflow/example_dags/example_sensor_decorator.py
[2025-03-04T17:39:25.653+0000] {processor.py:925} INFO - DAG(s) 'example_sensor_decorator' retrieved from /home/airflow/.local/lib/python3.12/site-packages/airflow/example_dags/example_sensor_decorator.py
[2025-03-04T17:39:25.675+0000] {logging_mixin.py:190} INFO - [2025-03-04T17:39:25.675+0000] {dag.py:3239} INFO - Sync 1 DAGs
[2025-03-04T17:39:25.694+0000] {logging_mixin.py:190} INFO - [2025-03-04T17:39:25.694+0000] {dag.py:4180} INFO - Setting next_dagrun for example_sensor_decorator to None, run_after=None
[2025-03-04T17:39:25.720+0000] {processor.py:208} INFO - Processing /home/airflow/.local/lib/python3.12/site-packages/airflow/example_dags/example_sensor_decorator.py took 0.087 seconds
[2025-03-04T17:39:56.106+0000] {processor.py:186} INFO - Started process (PID=7106) to work on /home/airflow/.local/lib/python3.12/site-packages/airflow/example_dags/example_sensor_decorator.py
[2025-03-04T17:39:56.108+0000] {processor.py:914} INFO - Processing file /home/airflow/.local/lib/python3.12/site-packages/airflow/example_dags/example_sensor_decorator.py for tasks to queue
[2025-03-04T17:39:56.110+0000] {logging_mixin.py:190} INFO - [2025-03-04T17:39:56.110+0000] {dagbag.py:588} INFO - Filling up the DagBag from /home/airflow/.local/lib/python3.12/site-packages/airflow/example_dags/example_sensor_decorator.py
[2025-03-04T17:39:56.119+0000] {processor.py:925} INFO - DAG(s) 'example_sensor_decorator' retrieved from /home/airflow/.local/lib/python3.12/site-packages/airflow/example_dags/example_sensor_decorator.py
[2025-03-04T17:39:56.141+0000] {logging_mixin.py:190} INFO - [2025-03-04T17:39:56.141+0000] {dag.py:3239} INFO - Sync 1 DAGs
[2025-03-04T17:39:56.159+0000] {logging_mixin.py:190} INFO - [2025-03-04T17:39:56.159+0000] {dag.py:4180} INFO - Setting next_dagrun for example_sensor_decorator to None, run_after=None
[2025-03-04T17:39:56.184+0000] {processor.py:208} INFO - Processing /home/airflow/.local/lib/python3.12/site-packages/airflow/example_dags/example_sensor_decorator.py took 0.085 seconds
[2025-03-04T17:40:26.725+0000] {processor.py:186} INFO - Started process (PID=7419) to work on /home/airflow/.local/lib/python3.12/site-packages/airflow/example_dags/example_sensor_decorator.py
[2025-03-04T17:40:26.726+0000] {processor.py:914} INFO - Processing file /home/airflow/.local/lib/python3.12/site-packages/airflow/example_dags/example_sensor_decorator.py for tasks to queue
[2025-03-04T17:40:26.728+0000] {logging_mixin.py:190} INFO - [2025-03-04T17:40:26.728+0000] {dagbag.py:588} INFO - Filling up the DagBag from /home/airflow/.local/lib/python3.12/site-packages/airflow/example_dags/example_sensor_decorator.py
[2025-03-04T17:40:26.740+0000] {processor.py:925} INFO - DAG(s) 'example_sensor_decorator' retrieved from /home/airflow/.local/lib/python3.12/site-packages/airflow/example_dags/example_sensor_decorator.py
[2025-03-04T17:40:26.761+0000] {logging_mixin.py:190} INFO - [2025-03-04T17:40:26.761+0000] {dag.py:3239} INFO - Sync 1 DAGs
[2025-03-04T17:40:26.778+0000] {logging_mixin.py:190} INFO - [2025-03-04T17:40:26.777+0000] {dag.py:4180} INFO - Setting next_dagrun for example_sensor_decorator to None, run_after=None
[2025-03-04T17:40:26.800+0000] {processor.py:208} INFO - Processing /home/airflow/.local/lib/python3.12/site-packages/airflow/example_dags/example_sensor_decorator.py took 0.082 seconds
[2025-03-04T17:40:57.398+0000] {processor.py:186} INFO - Started process (PID=7725) to work on /home/airflow/.local/lib/python3.12/site-packages/airflow/example_dags/example_sensor_decorator.py
[2025-03-04T17:40:57.400+0000] {processor.py:914} INFO - Processing file /home/airflow/.local/lib/python3.12/site-packages/airflow/example_dags/example_sensor_decorator.py for tasks to queue
[2025-03-04T17:40:57.403+0000] {logging_mixin.py:190} INFO - [2025-03-04T17:40:57.402+0000] {dagbag.py:588} INFO - Filling up the DagBag from /home/airflow/.local/lib/python3.12/site-packages/airflow/example_dags/example_sensor_decorator.py
[2025-03-04T17:40:57.412+0000] {processor.py:925} INFO - DAG(s) 'example_sensor_decorator' retrieved from /home/airflow/.local/lib/python3.12/site-packages/airflow/example_dags/example_sensor_decorator.py
[2025-03-04T17:40:57.439+0000] {logging_mixin.py:190} INFO - [2025-03-04T17:40:57.439+0000] {dag.py:3239} INFO - Sync 1 DAGs
[2025-03-04T17:40:57.458+0000] {logging_mixin.py:190} INFO - [2025-03-04T17:40:57.458+0000] {dag.py:4180} INFO - Setting next_dagrun for example_sensor_decorator to None, run_after=None
[2025-03-04T17:40:57.483+0000] {processor.py:208} INFO - Processing /home/airflow/.local/lib/python3.12/site-packages/airflow/example_dags/example_sensor_decorator.py took 0.092 seconds
[2025-03-04T17:41:27.821+0000] {processor.py:186} INFO - Started process (PID=8031) to work on /home/airflow/.local/lib/python3.12/site-packages/airflow/example_dags/example_sensor_decorator.py
[2025-03-04T17:41:27.822+0000] {processor.py:914} INFO - Processing file /home/airflow/.local/lib/python3.12/site-packages/airflow/example_dags/example_sensor_decorator.py for tasks to queue
[2025-03-04T17:41:27.825+0000] {logging_mixin.py:190} INFO - [2025-03-04T17:41:27.824+0000] {dagbag.py:588} INFO - Filling up the DagBag from /home/airflow/.local/lib/python3.12/site-packages/airflow/example_dags/example_sensor_decorator.py
[2025-03-04T17:41:27.833+0000] {processor.py:925} INFO - DAG(s) 'example_sensor_decorator' retrieved from /home/airflow/.local/lib/python3.12/site-packages/airflow/example_dags/example_sensor_decorator.py
[2025-03-04T17:41:27.853+0000] {logging_mixin.py:190} INFO - [2025-03-04T17:41:27.853+0000] {dag.py:3239} INFO - Sync 1 DAGs
[2025-03-04T17:41:27.870+0000] {logging_mixin.py:190} INFO - [2025-03-04T17:41:27.870+0000] {dag.py:4180} INFO - Setting next_dagrun for example_sensor_decorator to None, run_after=None
[2025-03-04T17:41:27.894+0000] {processor.py:208} INFO - Processing /home/airflow/.local/lib/python3.12/site-packages/airflow/example_dags/example_sensor_decorator.py took 0.080 seconds
[2025-03-04T17:41:58.276+0000] {processor.py:186} INFO - Started process (PID=8337) to work on /home/airflow/.local/lib/python3.12/site-packages/airflow/example_dags/example_sensor_decorator.py
[2025-03-04T17:41:58.279+0000] {processor.py:914} INFO - Processing file /home/airflow/.local/lib/python3.12/site-packages/airflow/example_dags/example_sensor_decorator.py for tasks to queue
[2025-03-04T17:41:58.283+0000] {logging_mixin.py:190} INFO - [2025-03-04T17:41:58.283+0000] {dagbag.py:588} INFO - Filling up the DagBag from /home/airflow/.local/lib/python3.12/site-packages/airflow/example_dags/example_sensor_decorator.py
[2025-03-04T17:41:58.295+0000] {processor.py:925} INFO - DAG(s) 'example_sensor_decorator' retrieved from /home/airflow/.local/lib/python3.12/site-packages/airflow/example_dags/example_sensor_decorator.py
[2025-03-04T17:41:58.318+0000] {logging_mixin.py:190} INFO - [2025-03-04T17:41:58.318+0000] {dag.py:3239} INFO - Sync 1 DAGs
[2025-03-04T17:41:58.337+0000] {logging_mixin.py:190} INFO - [2025-03-04T17:41:58.337+0000] {dag.py:4180} INFO - Setting next_dagrun for example_sensor_decorator to None, run_after=None
[2025-03-04T17:41:58.371+0000] {processor.py:208} INFO - Processing /home/airflow/.local/lib/python3.12/site-packages/airflow/example_dags/example_sensor_decorator.py took 0.114 seconds
[2025-03-04T17:43:17.916+0000] {processor.py:186} INFO - Started process (PID=288) to work on /home/airflow/.local/lib/python3.12/site-packages/airflow/example_dags/example_sensor_decorator.py
[2025-03-04T17:43:17.917+0000] {processor.py:914} INFO - Processing file /home/airflow/.local/lib/python3.12/site-packages/airflow/example_dags/example_sensor_decorator.py for tasks to queue
[2025-03-04T17:43:17.919+0000] {logging_mixin.py:190} INFO - [2025-03-04T17:43:17.919+0000] {dagbag.py:588} INFO - Filling up the DagBag from /home/airflow/.local/lib/python3.12/site-packages/airflow/example_dags/example_sensor_decorator.py
[2025-03-04T17:43:17.927+0000] {processor.py:925} INFO - DAG(s) 'example_sensor_decorator' retrieved from /home/airflow/.local/lib/python3.12/site-packages/airflow/example_dags/example_sensor_decorator.py
[2025-03-04T17:43:17.955+0000] {logging_mixin.py:190} INFO - [2025-03-04T17:43:17.955+0000] {dag.py:3239} INFO - Sync 1 DAGs
[2025-03-04T17:43:17.971+0000] {logging_mixin.py:190} INFO - [2025-03-04T17:43:17.971+0000] {dag.py:4180} INFO - Setting next_dagrun for example_sensor_decorator to None, run_after=None
[2025-03-04T17:43:17.989+0000] {processor.py:208} INFO - Processing /home/airflow/.local/lib/python3.12/site-packages/airflow/example_dags/example_sensor_decorator.py took 0.080 seconds
[2025-03-04T17:43:49.307+0000] {processor.py:186} INFO - Started process (PID=602) to work on /home/airflow/.local/lib/python3.12/site-packages/airflow/example_dags/example_sensor_decorator.py
[2025-03-04T17:43:49.308+0000] {processor.py:914} INFO - Processing file /home/airflow/.local/lib/python3.12/site-packages/airflow/example_dags/example_sensor_decorator.py for tasks to queue
[2025-03-04T17:43:49.311+0000] {logging_mixin.py:190} INFO - [2025-03-04T17:43:49.310+0000] {dagbag.py:588} INFO - Filling up the DagBag from /home/airflow/.local/lib/python3.12/site-packages/airflow/example_dags/example_sensor_decorator.py
[2025-03-04T17:43:49.319+0000] {processor.py:925} INFO - DAG(s) 'example_sensor_decorator' retrieved from /home/airflow/.local/lib/python3.12/site-packages/airflow/example_dags/example_sensor_decorator.py
[2025-03-04T17:43:49.339+0000] {logging_mixin.py:190} INFO - [2025-03-04T17:43:49.338+0000] {dag.py:3239} INFO - Sync 1 DAGs
[2025-03-04T17:43:49.355+0000] {logging_mixin.py:190} INFO - [2025-03-04T17:43:49.355+0000] {dag.py:4180} INFO - Setting next_dagrun for example_sensor_decorator to None, run_after=None
[2025-03-04T17:43:49.376+0000] {processor.py:208} INFO - Processing /home/airflow/.local/lib/python3.12/site-packages/airflow/example_dags/example_sensor_decorator.py took 0.083 seconds
[2025-03-04T17:44:19.780+0000] {processor.py:186} INFO - Started process (PID=906) to work on /home/airflow/.local/lib/python3.12/site-packages/airflow/example_dags/example_sensor_decorator.py
[2025-03-04T17:44:19.782+0000] {processor.py:914} INFO - Processing file /home/airflow/.local/lib/python3.12/site-packages/airflow/example_dags/example_sensor_decorator.py for tasks to queue
[2025-03-04T17:44:19.784+0000] {logging_mixin.py:190} INFO - [2025-03-04T17:44:19.784+0000] {dagbag.py:588} INFO - Filling up the DagBag from /home/airflow/.local/lib/python3.12/site-packages/airflow/example_dags/example_sensor_decorator.py
[2025-03-04T17:44:19.794+0000] {processor.py:925} INFO - DAG(s) 'example_sensor_decorator' retrieved from /home/airflow/.local/lib/python3.12/site-packages/airflow/example_dags/example_sensor_decorator.py
[2025-03-04T17:44:19.816+0000] {logging_mixin.py:190} INFO - [2025-03-04T17:44:19.816+0000] {dag.py:3239} INFO - Sync 1 DAGs
[2025-03-04T17:44:19.833+0000] {logging_mixin.py:190} INFO - [2025-03-04T17:44:19.833+0000] {dag.py:4180} INFO - Setting next_dagrun for example_sensor_decorator to None, run_after=None
[2025-03-04T17:44:19.856+0000] {processor.py:208} INFO - Processing /home/airflow/.local/lib/python3.12/site-packages/airflow/example_dags/example_sensor_decorator.py took 0.092 seconds
[2025-03-04T17:44:50.743+0000] {processor.py:186} INFO - Started process (PID=1212) to work on /home/airflow/.local/lib/python3.12/site-packages/airflow/example_dags/example_sensor_decorator.py
[2025-03-04T17:44:50.744+0000] {processor.py:914} INFO - Processing file /home/airflow/.local/lib/python3.12/site-packages/airflow/example_dags/example_sensor_decorator.py for tasks to queue
[2025-03-04T17:44:50.747+0000] {logging_mixin.py:190} INFO - [2025-03-04T17:44:50.747+0000] {dagbag.py:588} INFO - Filling up the DagBag from /home/airflow/.local/lib/python3.12/site-packages/airflow/example_dags/example_sensor_decorator.py
[2025-03-04T17:44:50.756+0000] {processor.py:925} INFO - DAG(s) 'example_sensor_decorator' retrieved from /home/airflow/.local/lib/python3.12/site-packages/airflow/example_dags/example_sensor_decorator.py
[2025-03-04T17:44:50.777+0000] {logging_mixin.py:190} INFO - [2025-03-04T17:44:50.777+0000] {dag.py:3239} INFO - Sync 1 DAGs
[2025-03-04T17:44:50.795+0000] {logging_mixin.py:190} INFO - [2025-03-04T17:44:50.794+0000] {dag.py:4180} INFO - Setting next_dagrun for example_sensor_decorator to None, run_after=None
[2025-03-04T17:44:50.816+0000] {processor.py:208} INFO - Processing /home/airflow/.local/lib/python3.12/site-packages/airflow/example_dags/example_sensor_decorator.py took 0.080 seconds
[2025-03-04T17:45:20.878+0000] {processor.py:186} INFO - Started process (PID=1513) to work on /home/airflow/.local/lib/python3.12/site-packages/airflow/example_dags/example_sensor_decorator.py
[2025-03-04T17:45:20.879+0000] {processor.py:914} INFO - Processing file /home/airflow/.local/lib/python3.12/site-packages/airflow/example_dags/example_sensor_decorator.py for tasks to queue
[2025-03-04T17:45:20.882+0000] {logging_mixin.py:190} INFO - [2025-03-04T17:45:20.882+0000] {dagbag.py:588} INFO - Filling up the DagBag from /home/airflow/.local/lib/python3.12/site-packages/airflow/example_dags/example_sensor_decorator.py
[2025-03-04T17:45:20.892+0000] {processor.py:925} INFO - DAG(s) 'example_sensor_decorator' retrieved from /home/airflow/.local/lib/python3.12/site-packages/airflow/example_dags/example_sensor_decorator.py
[2025-03-04T17:45:20.915+0000] {logging_mixin.py:190} INFO - [2025-03-04T17:45:20.914+0000] {dag.py:3239} INFO - Sync 1 DAGs
[2025-03-04T17:45:20.934+0000] {logging_mixin.py:190} INFO - [2025-03-04T17:45:20.933+0000] {dag.py:4180} INFO - Setting next_dagrun for example_sensor_decorator to None, run_after=None
[2025-03-04T17:45:20.960+0000] {processor.py:208} INFO - Processing /home/airflow/.local/lib/python3.12/site-packages/airflow/example_dags/example_sensor_decorator.py took 0.089 seconds
[2025-03-04T17:45:51.485+0000] {processor.py:186} INFO - Started process (PID=1821) to work on /home/airflow/.local/lib/python3.12/site-packages/airflow/example_dags/example_sensor_decorator.py
[2025-03-04T17:45:51.487+0000] {processor.py:914} INFO - Processing file /home/airflow/.local/lib/python3.12/site-packages/airflow/example_dags/example_sensor_decorator.py for tasks to queue
[2025-03-04T17:45:51.491+0000] {logging_mixin.py:190} INFO - [2025-03-04T17:45:51.490+0000] {dagbag.py:588} INFO - Filling up the DagBag from /home/airflow/.local/lib/python3.12/site-packages/airflow/example_dags/example_sensor_decorator.py
[2025-03-04T17:45:51.501+0000] {processor.py:925} INFO - DAG(s) 'example_sensor_decorator' retrieved from /home/airflow/.local/lib/python3.12/site-packages/airflow/example_dags/example_sensor_decorator.py
[2025-03-04T17:45:51.531+0000] {logging_mixin.py:190} INFO - [2025-03-04T17:45:51.531+0000] {dag.py:3239} INFO - Sync 1 DAGs
[2025-03-04T17:45:51.552+0000] {logging_mixin.py:190} INFO - [2025-03-04T17:45:51.551+0000] {dag.py:4180} INFO - Setting next_dagrun for example_sensor_decorator to None, run_after=None
[2025-03-04T17:45:51.576+0000] {processor.py:208} INFO - Processing /home/airflow/.local/lib/python3.12/site-packages/airflow/example_dags/example_sensor_decorator.py took 0.099 seconds
[2025-03-04T17:46:21.711+0000] {processor.py:186} INFO - Started process (PID=2127) to work on /home/airflow/.local/lib/python3.12/site-packages/airflow/example_dags/example_sensor_decorator.py
[2025-03-04T17:46:21.713+0000] {processor.py:914} INFO - Processing file /home/airflow/.local/lib/python3.12/site-packages/airflow/example_dags/example_sensor_decorator.py for tasks to queue
[2025-03-04T17:46:21.717+0000] {logging_mixin.py:190} INFO - [2025-03-04T17:46:21.716+0000] {dagbag.py:588} INFO - Filling up the DagBag from /home/airflow/.local/lib/python3.12/site-packages/airflow/example_dags/example_sensor_decorator.py
[2025-03-04T17:46:21.727+0000] {processor.py:925} INFO - DAG(s) 'example_sensor_decorator' retrieved from /home/airflow/.local/lib/python3.12/site-packages/airflow/example_dags/example_sensor_decorator.py
[2025-03-04T17:46:21.760+0000] {logging_mixin.py:190} INFO - [2025-03-04T17:46:21.759+0000] {dag.py:3239} INFO - Sync 1 DAGs
[2025-03-04T17:46:21.781+0000] {logging_mixin.py:190} INFO - [2025-03-04T17:46:21.780+0000] {dag.py:4180} INFO - Setting next_dagrun for example_sensor_decorator to None, run_after=None
[2025-03-04T17:46:21.808+0000] {processor.py:208} INFO - Processing /home/airflow/.local/lib/python3.12/site-packages/airflow/example_dags/example_sensor_decorator.py took 0.105 seconds
[2025-03-04T17:46:52.230+0000] {processor.py:186} INFO - Started process (PID=2431) to work on /home/airflow/.local/lib/python3.12/site-packages/airflow/example_dags/example_sensor_decorator.py
[2025-03-04T17:46:52.231+0000] {processor.py:914} INFO - Processing file /home/airflow/.local/lib/python3.12/site-packages/airflow/example_dags/example_sensor_decorator.py for tasks to queue
[2025-03-04T17:46:52.234+0000] {logging_mixin.py:190} INFO - [2025-03-04T17:46:52.233+0000] {dagbag.py:588} INFO - Filling up the DagBag from /home/airflow/.local/lib/python3.12/site-packages/airflow/example_dags/example_sensor_decorator.py
[2025-03-04T17:46:52.242+0000] {processor.py:925} INFO - DAG(s) 'example_sensor_decorator' retrieved from /home/airflow/.local/lib/python3.12/site-packages/airflow/example_dags/example_sensor_decorator.py
[2025-03-04T17:46:52.263+0000] {logging_mixin.py:190} INFO - [2025-03-04T17:46:52.262+0000] {dag.py:3239} INFO - Sync 1 DAGs
[2025-03-04T17:46:52.279+0000] {logging_mixin.py:190} INFO - [2025-03-04T17:46:52.279+0000] {dag.py:4180} INFO - Setting next_dagrun for example_sensor_decorator to None, run_after=None
[2025-03-04T17:46:52.302+0000] {processor.py:208} INFO - Processing /home/airflow/.local/lib/python3.12/site-packages/airflow/example_dags/example_sensor_decorator.py took 0.078 seconds
[2025-03-04T17:47:23.516+0000] {processor.py:186} INFO - Started process (PID=2739) to work on /home/airflow/.local/lib/python3.12/site-packages/airflow/example_dags/example_sensor_decorator.py
[2025-03-04T17:47:23.518+0000] {processor.py:914} INFO - Processing file /home/airflow/.local/lib/python3.12/site-packages/airflow/example_dags/example_sensor_decorator.py for tasks to queue
[2025-03-04T17:47:23.521+0000] {logging_mixin.py:190} INFO - [2025-03-04T17:47:23.521+0000] {dagbag.py:588} INFO - Filling up the DagBag from /home/airflow/.local/lib/python3.12/site-packages/airflow/example_dags/example_sensor_decorator.py
[2025-03-04T17:47:23.530+0000] {processor.py:925} INFO - DAG(s) 'example_sensor_decorator' retrieved from /home/airflow/.local/lib/python3.12/site-packages/airflow/example_dags/example_sensor_decorator.py
[2025-03-04T17:47:23.568+0000] {logging_mixin.py:190} INFO - [2025-03-04T17:47:23.568+0000] {dag.py:3239} INFO - Sync 1 DAGs
[2025-03-04T17:47:23.590+0000] {logging_mixin.py:190} INFO - [2025-03-04T17:47:23.589+0000] {dag.py:4180} INFO - Setting next_dagrun for example_sensor_decorator to None, run_after=None
[2025-03-04T17:47:23.620+0000] {processor.py:208} INFO - Processing /home/airflow/.local/lib/python3.12/site-packages/airflow/example_dags/example_sensor_decorator.py took 0.110 seconds
[2025-03-04T17:47:54.221+0000] {processor.py:186} INFO - Started process (PID=3045) to work on /home/airflow/.local/lib/python3.12/site-packages/airflow/example_dags/example_sensor_decorator.py
[2025-03-04T17:47:54.222+0000] {processor.py:914} INFO - Processing file /home/airflow/.local/lib/python3.12/site-packages/airflow/example_dags/example_sensor_decorator.py for tasks to queue
[2025-03-04T17:47:54.225+0000] {logging_mixin.py:190} INFO - [2025-03-04T17:47:54.225+0000] {dagbag.py:588} INFO - Filling up the DagBag from /home/airflow/.local/lib/python3.12/site-packages/airflow/example_dags/example_sensor_decorator.py
[2025-03-04T17:47:54.234+0000] {processor.py:925} INFO - DAG(s) 'example_sensor_decorator' retrieved from /home/airflow/.local/lib/python3.12/site-packages/airflow/example_dags/example_sensor_decorator.py
[2025-03-04T17:47:54.260+0000] {logging_mixin.py:190} INFO - [2025-03-04T17:47:54.260+0000] {dag.py:3239} INFO - Sync 1 DAGs
[2025-03-04T17:47:54.280+0000] {logging_mixin.py:190} INFO - [2025-03-04T17:47:54.280+0000] {dag.py:4180} INFO - Setting next_dagrun for example_sensor_decorator to None, run_after=None
[2025-03-04T17:47:54.303+0000] {processor.py:208} INFO - Processing /home/airflow/.local/lib/python3.12/site-packages/airflow/example_dags/example_sensor_decorator.py took 0.089 seconds
[2025-03-04T17:48:24.472+0000] {processor.py:186} INFO - Started process (PID=3352) to work on /home/airflow/.local/lib/python3.12/site-packages/airflow/example_dags/example_sensor_decorator.py
[2025-03-04T17:48:24.474+0000] {processor.py:914} INFO - Processing file /home/airflow/.local/lib/python3.12/site-packages/airflow/example_dags/example_sensor_decorator.py for tasks to queue
[2025-03-04T17:48:24.476+0000] {logging_mixin.py:190} INFO - [2025-03-04T17:48:24.476+0000] {dagbag.py:588} INFO - Filling up the DagBag from /home/airflow/.local/lib/python3.12/site-packages/airflow/example_dags/example_sensor_decorator.py
[2025-03-04T17:48:24.484+0000] {processor.py:925} INFO - DAG(s) 'example_sensor_decorator' retrieved from /home/airflow/.local/lib/python3.12/site-packages/airflow/example_dags/example_sensor_decorator.py
[2025-03-04T17:48:24.503+0000] {logging_mixin.py:190} INFO - [2025-03-04T17:48:24.503+0000] {dag.py:3239} INFO - Sync 1 DAGs
[2025-03-04T17:48:24.520+0000] {logging_mixin.py:190} INFO - [2025-03-04T17:48:24.519+0000] {dag.py:4180} INFO - Setting next_dagrun for example_sensor_decorator to None, run_after=None
[2025-03-04T17:48:24.541+0000] {processor.py:208} INFO - Processing /home/airflow/.local/lib/python3.12/site-packages/airflow/example_dags/example_sensor_decorator.py took 0.075 seconds
[2025-03-04T17:48:55.160+0000] {processor.py:186} INFO - Started process (PID=3661) to work on /home/airflow/.local/lib/python3.12/site-packages/airflow/example_dags/example_sensor_decorator.py
[2025-03-04T17:48:55.161+0000] {processor.py:914} INFO - Processing file /home/airflow/.local/lib/python3.12/site-packages/airflow/example_dags/example_sensor_decorator.py for tasks to queue
[2025-03-04T17:48:55.163+0000] {logging_mixin.py:190} INFO - [2025-03-04T17:48:55.163+0000] {dagbag.py:588} INFO - Filling up the DagBag from /home/airflow/.local/lib/python3.12/site-packages/airflow/example_dags/example_sensor_decorator.py
[2025-03-04T17:48:55.171+0000] {processor.py:925} INFO - DAG(s) 'example_sensor_decorator' retrieved from /home/airflow/.local/lib/python3.12/site-packages/airflow/example_dags/example_sensor_decorator.py
[2025-03-04T17:48:55.198+0000] {logging_mixin.py:190} INFO - [2025-03-04T17:48:55.197+0000] {dag.py:3239} INFO - Sync 1 DAGs
[2025-03-04T17:48:55.224+0000] {logging_mixin.py:190} INFO - [2025-03-04T17:48:55.223+0000] {dag.py:4180} INFO - Setting next_dagrun for example_sensor_decorator to None, run_after=None
[2025-03-04T17:48:55.247+0000] {processor.py:208} INFO - Processing /home/airflow/.local/lib/python3.12/site-packages/airflow/example_dags/example_sensor_decorator.py took 0.093 seconds
[2025-03-04T17:49:25.927+0000] {processor.py:186} INFO - Started process (PID=3967) to work on /home/airflow/.local/lib/python3.12/site-packages/airflow/example_dags/example_sensor_decorator.py
[2025-03-04T17:49:25.928+0000] {processor.py:914} INFO - Processing file /home/airflow/.local/lib/python3.12/site-packages/airflow/example_dags/example_sensor_decorator.py for tasks to queue
[2025-03-04T17:49:25.931+0000] {logging_mixin.py:190} INFO - [2025-03-04T17:49:25.931+0000] {dagbag.py:588} INFO - Filling up the DagBag from /home/airflow/.local/lib/python3.12/site-packages/airflow/example_dags/example_sensor_decorator.py
[2025-03-04T17:49:25.939+0000] {processor.py:925} INFO - DAG(s) 'example_sensor_decorator' retrieved from /home/airflow/.local/lib/python3.12/site-packages/airflow/example_dags/example_sensor_decorator.py
[2025-03-04T17:49:25.959+0000] {logging_mixin.py:190} INFO - [2025-03-04T17:49:25.959+0000] {dag.py:3239} INFO - Sync 1 DAGs
[2025-03-04T17:49:25.976+0000] {logging_mixin.py:190} INFO - [2025-03-04T17:49:25.976+0000] {dag.py:4180} INFO - Setting next_dagrun for example_sensor_decorator to None, run_after=None
[2025-03-04T17:49:25.999+0000] {processor.py:208} INFO - Processing /home/airflow/.local/lib/python3.12/site-packages/airflow/example_dags/example_sensor_decorator.py took 0.079 seconds
[2025-03-04T17:52:39.901+0000] {processor.py:186} INFO - Started process (PID=288) to work on /home/airflow/.local/lib/python3.12/site-packages/airflow/example_dags/example_sensor_decorator.py
[2025-03-04T17:52:39.902+0000] {processor.py:914} INFO - Processing file /home/airflow/.local/lib/python3.12/site-packages/airflow/example_dags/example_sensor_decorator.py for tasks to queue
[2025-03-04T17:52:39.905+0000] {logging_mixin.py:190} INFO - [2025-03-04T17:52:39.904+0000] {dagbag.py:588} INFO - Filling up the DagBag from /home/airflow/.local/lib/python3.12/site-packages/airflow/example_dags/example_sensor_decorator.py
[2025-03-04T17:52:39.912+0000] {processor.py:925} INFO - DAG(s) 'example_sensor_decorator' retrieved from /home/airflow/.local/lib/python3.12/site-packages/airflow/example_dags/example_sensor_decorator.py
[2025-03-04T17:52:39.937+0000] {logging_mixin.py:190} INFO - [2025-03-04T17:52:39.936+0000] {dag.py:3239} INFO - Sync 1 DAGs
[2025-03-04T17:52:39.952+0000] {logging_mixin.py:190} INFO - [2025-03-04T17:52:39.952+0000] {dag.py:4180} INFO - Setting next_dagrun for example_sensor_decorator to None, run_after=None
[2025-03-04T17:52:39.974+0000] {processor.py:208} INFO - Processing /home/airflow/.local/lib/python3.12/site-packages/airflow/example_dags/example_sensor_decorator.py took 0.078 seconds
[2025-03-04T17:53:11.173+0000] {processor.py:186} INFO - Started process (PID=602) to work on /home/airflow/.local/lib/python3.12/site-packages/airflow/example_dags/example_sensor_decorator.py
[2025-03-04T17:53:11.174+0000] {processor.py:914} INFO - Processing file /home/airflow/.local/lib/python3.12/site-packages/airflow/example_dags/example_sensor_decorator.py for tasks to queue
[2025-03-04T17:53:11.178+0000] {logging_mixin.py:190} INFO - [2025-03-04T17:53:11.177+0000] {dagbag.py:588} INFO - Filling up the DagBag from /home/airflow/.local/lib/python3.12/site-packages/airflow/example_dags/example_sensor_decorator.py
[2025-03-04T17:53:11.187+0000] {processor.py:925} INFO - DAG(s) 'example_sensor_decorator' retrieved from /home/airflow/.local/lib/python3.12/site-packages/airflow/example_dags/example_sensor_decorator.py
[2025-03-04T17:53:11.216+0000] {logging_mixin.py:190} INFO - [2025-03-04T17:53:11.216+0000] {dag.py:3239} INFO - Sync 1 DAGs
[2025-03-04T17:53:11.243+0000] {logging_mixin.py:190} INFO - [2025-03-04T17:53:11.242+0000] {dag.py:4180} INFO - Setting next_dagrun for example_sensor_decorator to None, run_after=None
[2025-03-04T17:53:11.281+0000] {processor.py:208} INFO - Processing /home/airflow/.local/lib/python3.12/site-packages/airflow/example_dags/example_sensor_decorator.py took 0.115 seconds
[2025-03-04T17:53:41.447+0000] {processor.py:186} INFO - Started process (PID=906) to work on /home/airflow/.local/lib/python3.12/site-packages/airflow/example_dags/example_sensor_decorator.py
[2025-03-04T17:53:41.448+0000] {processor.py:914} INFO - Processing file /home/airflow/.local/lib/python3.12/site-packages/airflow/example_dags/example_sensor_decorator.py for tasks to queue
[2025-03-04T17:53:41.450+0000] {logging_mixin.py:190} INFO - [2025-03-04T17:53:41.450+0000] {dagbag.py:588} INFO - Filling up the DagBag from /home/airflow/.local/lib/python3.12/site-packages/airflow/example_dags/example_sensor_decorator.py
[2025-03-04T17:53:41.467+0000] {processor.py:925} INFO - DAG(s) 'example_sensor_decorator' retrieved from /home/airflow/.local/lib/python3.12/site-packages/airflow/example_dags/example_sensor_decorator.py
[2025-03-04T17:53:41.493+0000] {logging_mixin.py:190} INFO - [2025-03-04T17:53:41.493+0000] {dag.py:3239} INFO - Sync 1 DAGs
[2025-03-04T17:53:41.512+0000] {logging_mixin.py:190} INFO - [2025-03-04T17:53:41.511+0000] {dag.py:4180} INFO - Setting next_dagrun for example_sensor_decorator to None, run_after=None
[2025-03-04T17:53:41.536+0000] {processor.py:208} INFO - Processing /home/airflow/.local/lib/python3.12/site-packages/airflow/example_dags/example_sensor_decorator.py took 0.096 seconds
[2025-03-04T17:54:11.650+0000] {processor.py:186} INFO - Started process (PID=1209) to work on /home/airflow/.local/lib/python3.12/site-packages/airflow/example_dags/example_sensor_decorator.py
[2025-03-04T17:54:11.652+0000] {processor.py:914} INFO - Processing file /home/airflow/.local/lib/python3.12/site-packages/airflow/example_dags/example_sensor_decorator.py for tasks to queue
[2025-03-04T17:54:11.654+0000] {logging_mixin.py:190} INFO - [2025-03-04T17:54:11.654+0000] {dagbag.py:588} INFO - Filling up the DagBag from /home/airflow/.local/lib/python3.12/site-packages/airflow/example_dags/example_sensor_decorator.py
[2025-03-04T17:54:11.664+0000] {processor.py:925} INFO - DAG(s) 'example_sensor_decorator' retrieved from /home/airflow/.local/lib/python3.12/site-packages/airflow/example_dags/example_sensor_decorator.py
[2025-03-04T17:54:11.691+0000] {logging_mixin.py:190} INFO - [2025-03-04T17:54:11.691+0000] {dag.py:3239} INFO - Sync 1 DAGs
[2025-03-04T17:54:11.708+0000] {logging_mixin.py:190} INFO - [2025-03-04T17:54:11.708+0000] {dag.py:4180} INFO - Setting next_dagrun for example_sensor_decorator to None, run_after=None
[2025-03-04T17:54:11.734+0000] {processor.py:208} INFO - Processing /home/airflow/.local/lib/python3.12/site-packages/airflow/example_dags/example_sensor_decorator.py took 0.101 seconds
[2025-03-04T17:54:42.135+0000] {processor.py:186} INFO - Started process (PID=1522) to work on /home/airflow/.local/lib/python3.12/site-packages/airflow/example_dags/example_sensor_decorator.py
[2025-03-04T17:54:42.136+0000] {processor.py:914} INFO - Processing file /home/airflow/.local/lib/python3.12/site-packages/airflow/example_dags/example_sensor_decorator.py for tasks to queue
[2025-03-04T17:54:42.138+0000] {logging_mixin.py:190} INFO - [2025-03-04T17:54:42.137+0000] {dagbag.py:588} INFO - Filling up the DagBag from /home/airflow/.local/lib/python3.12/site-packages/airflow/example_dags/example_sensor_decorator.py
[2025-03-04T17:54:42.145+0000] {processor.py:925} INFO - DAG(s) 'example_sensor_decorator' retrieved from /home/airflow/.local/lib/python3.12/site-packages/airflow/example_dags/example_sensor_decorator.py
[2025-03-04T17:54:42.165+0000] {logging_mixin.py:190} INFO - [2025-03-04T17:54:42.165+0000] {dag.py:3239} INFO - Sync 1 DAGs
[2025-03-04T17:54:42.182+0000] {logging_mixin.py:190} INFO - [2025-03-04T17:54:42.181+0000] {dag.py:4180} INFO - Setting next_dagrun for example_sensor_decorator to None, run_after=None
[2025-03-04T17:54:42.205+0000] {processor.py:208} INFO - Processing /home/airflow/.local/lib/python3.12/site-packages/airflow/example_dags/example_sensor_decorator.py took 0.075 seconds
[2025-03-04T17:56:38.796+0000] {processor.py:186} INFO - Started process (PID=294) to work on /home/airflow/.local/lib/python3.12/site-packages/airflow/example_dags/example_sensor_decorator.py
[2025-03-04T17:56:38.797+0000] {processor.py:914} INFO - Processing file /home/airflow/.local/lib/python3.12/site-packages/airflow/example_dags/example_sensor_decorator.py for tasks to queue
[2025-03-04T17:56:38.799+0000] {logging_mixin.py:190} INFO - [2025-03-04T17:56:38.799+0000] {dagbag.py:588} INFO - Filling up the DagBag from /home/airflow/.local/lib/python3.12/site-packages/airflow/example_dags/example_sensor_decorator.py
[2025-03-04T17:56:38.807+0000] {processor.py:925} INFO - DAG(s) 'example_sensor_decorator' retrieved from /home/airflow/.local/lib/python3.12/site-packages/airflow/example_dags/example_sensor_decorator.py
[2025-03-04T17:56:38.834+0000] {logging_mixin.py:190} INFO - [2025-03-04T17:56:38.834+0000] {dag.py:3239} INFO - Sync 1 DAGs
[2025-03-04T17:56:38.850+0000] {logging_mixin.py:190} INFO - [2025-03-04T17:56:38.850+0000] {dag.py:4180} INFO - Setting next_dagrun for example_sensor_decorator to None, run_after=None
[2025-03-04T17:56:38.873+0000] {processor.py:208} INFO - Processing /home/airflow/.local/lib/python3.12/site-packages/airflow/example_dags/example_sensor_decorator.py took 0.084 seconds
[2025-03-04T17:57:09.151+0000] {processor.py:186} INFO - Started process (PID=608) to work on /home/airflow/.local/lib/python3.12/site-packages/airflow/example_dags/example_sensor_decorator.py
[2025-03-04T17:57:09.152+0000] {processor.py:914} INFO - Processing file /home/airflow/.local/lib/python3.12/site-packages/airflow/example_dags/example_sensor_decorator.py for tasks to queue
[2025-03-04T17:57:09.155+0000] {logging_mixin.py:190} INFO - [2025-03-04T17:57:09.155+0000] {dagbag.py:588} INFO - Filling up the DagBag from /home/airflow/.local/lib/python3.12/site-packages/airflow/example_dags/example_sensor_decorator.py
[2025-03-04T17:57:09.163+0000] {processor.py:925} INFO - DAG(s) 'example_sensor_decorator' retrieved from /home/airflow/.local/lib/python3.12/site-packages/airflow/example_dags/example_sensor_decorator.py
[2025-03-04T17:57:09.184+0000] {logging_mixin.py:190} INFO - [2025-03-04T17:57:09.184+0000] {dag.py:3239} INFO - Sync 1 DAGs
[2025-03-04T17:57:09.200+0000] {logging_mixin.py:190} INFO - [2025-03-04T17:57:09.200+0000] {dag.py:4180} INFO - Setting next_dagrun for example_sensor_decorator to None, run_after=None
[2025-03-04T17:57:09.220+0000] {processor.py:208} INFO - Processing /home/airflow/.local/lib/python3.12/site-packages/airflow/example_dags/example_sensor_decorator.py took 0.076 seconds
[2025-03-04T17:57:40.092+0000] {processor.py:186} INFO - Started process (PID=926) to work on /home/airflow/.local/lib/python3.12/site-packages/airflow/example_dags/example_sensor_decorator.py
[2025-03-04T17:57:40.093+0000] {processor.py:914} INFO - Processing file /home/airflow/.local/lib/python3.12/site-packages/airflow/example_dags/example_sensor_decorator.py for tasks to queue
[2025-03-04T17:57:40.096+0000] {logging_mixin.py:190} INFO - [2025-03-04T17:57:40.096+0000] {dagbag.py:588} INFO - Filling up the DagBag from /home/airflow/.local/lib/python3.12/site-packages/airflow/example_dags/example_sensor_decorator.py
[2025-03-04T17:57:40.116+0000] {processor.py:925} INFO - DAG(s) 'example_sensor_decorator' retrieved from /home/airflow/.local/lib/python3.12/site-packages/airflow/example_dags/example_sensor_decorator.py
[2025-03-04T17:57:40.140+0000] {logging_mixin.py:190} INFO - [2025-03-04T17:57:40.140+0000] {dag.py:3239} INFO - Sync 1 DAGs
[2025-03-04T17:57:40.157+0000] {logging_mixin.py:190} INFO - [2025-03-04T17:57:40.157+0000] {dag.py:4180} INFO - Setting next_dagrun for example_sensor_decorator to None, run_after=None
[2025-03-04T17:57:40.189+0000] {processor.py:208} INFO - Processing /home/airflow/.local/lib/python3.12/site-packages/airflow/example_dags/example_sensor_decorator.py took 0.104 seconds
[2025-03-04T17:58:11.302+0000] {processor.py:186} INFO - Started process (PID=1234) to work on /home/airflow/.local/lib/python3.12/site-packages/airflow/example_dags/example_sensor_decorator.py
[2025-03-04T17:58:11.303+0000] {processor.py:914} INFO - Processing file /home/airflow/.local/lib/python3.12/site-packages/airflow/example_dags/example_sensor_decorator.py for tasks to queue
[2025-03-04T17:58:11.306+0000] {logging_mixin.py:190} INFO - [2025-03-04T17:58:11.305+0000] {dagbag.py:588} INFO - Filling up the DagBag from /home/airflow/.local/lib/python3.12/site-packages/airflow/example_dags/example_sensor_decorator.py
[2025-03-04T17:58:11.314+0000] {processor.py:925} INFO - DAG(s) 'example_sensor_decorator' retrieved from /home/airflow/.local/lib/python3.12/site-packages/airflow/example_dags/example_sensor_decorator.py
[2025-03-04T17:58:11.339+0000] {logging_mixin.py:190} INFO - [2025-03-04T17:58:11.339+0000] {dag.py:3239} INFO - Sync 1 DAGs
[2025-03-04T17:58:11.356+0000] {logging_mixin.py:190} INFO - [2025-03-04T17:58:11.356+0000] {dag.py:4180} INFO - Setting next_dagrun for example_sensor_decorator to None, run_after=None
[2025-03-04T17:58:11.381+0000] {processor.py:208} INFO - Processing /home/airflow/.local/lib/python3.12/site-packages/airflow/example_dags/example_sensor_decorator.py took 0.086 seconds
[2025-03-04T17:58:42.063+0000] {processor.py:186} INFO - Started process (PID=1538) to work on /home/airflow/.local/lib/python3.12/site-packages/airflow/example_dags/example_sensor_decorator.py
[2025-03-04T17:58:42.065+0000] {processor.py:914} INFO - Processing file /home/airflow/.local/lib/python3.12/site-packages/airflow/example_dags/example_sensor_decorator.py for tasks to queue
[2025-03-04T17:58:42.068+0000] {logging_mixin.py:190} INFO - [2025-03-04T17:58:42.068+0000] {dagbag.py:588} INFO - Filling up the DagBag from /home/airflow/.local/lib/python3.12/site-packages/airflow/example_dags/example_sensor_decorator.py
[2025-03-04T17:58:42.080+0000] {processor.py:925} INFO - DAG(s) 'example_sensor_decorator' retrieved from /home/airflow/.local/lib/python3.12/site-packages/airflow/example_dags/example_sensor_decorator.py
[2025-03-04T17:58:42.103+0000] {logging_mixin.py:190} INFO - [2025-03-04T17:58:42.103+0000] {dag.py:3239} INFO - Sync 1 DAGs
[2025-03-04T17:58:42.122+0000] {logging_mixin.py:190} INFO - [2025-03-04T17:58:42.121+0000] {dag.py:4180} INFO - Setting next_dagrun for example_sensor_decorator to None, run_after=None
[2025-03-04T17:58:42.145+0000] {processor.py:208} INFO - Processing /home/airflow/.local/lib/python3.12/site-packages/airflow/example_dags/example_sensor_decorator.py took 0.100 seconds
[2025-03-04T17:59:38.135+0000] {processor.py:186} INFO - Started process (PID=293) to work on /home/airflow/.local/lib/python3.12/site-packages/airflow/example_dags/example_sensor_decorator.py
[2025-03-04T17:59:38.136+0000] {processor.py:914} INFO - Processing file /home/airflow/.local/lib/python3.12/site-packages/airflow/example_dags/example_sensor_decorator.py for tasks to queue
[2025-03-04T17:59:38.138+0000] {logging_mixin.py:190} INFO - [2025-03-04T17:59:38.138+0000] {dagbag.py:588} INFO - Filling up the DagBag from /home/airflow/.local/lib/python3.12/site-packages/airflow/example_dags/example_sensor_decorator.py
[2025-03-04T17:59:38.146+0000] {processor.py:925} INFO - DAG(s) 'example_sensor_decorator' retrieved from /home/airflow/.local/lib/python3.12/site-packages/airflow/example_dags/example_sensor_decorator.py
[2025-03-04T17:59:38.174+0000] {logging_mixin.py:190} INFO - [2025-03-04T17:59:38.173+0000] {dag.py:3239} INFO - Sync 1 DAGs
[2025-03-04T17:59:38.198+0000] {logging_mixin.py:190} INFO - [2025-03-04T17:59:38.198+0000] {dag.py:4180} INFO - Setting next_dagrun for example_sensor_decorator to None, run_after=None
[2025-03-04T17:59:38.222+0000] {processor.py:208} INFO - Processing /home/airflow/.local/lib/python3.12/site-packages/airflow/example_dags/example_sensor_decorator.py took 0.094 seconds
[2025-03-04T18:00:08.432+0000] {processor.py:186} INFO - Started process (PID=599) to work on /home/airflow/.local/lib/python3.12/site-packages/airflow/example_dags/example_sensor_decorator.py
[2025-03-04T18:00:08.434+0000] {processor.py:914} INFO - Processing file /home/airflow/.local/lib/python3.12/site-packages/airflow/example_dags/example_sensor_decorator.py for tasks to queue
[2025-03-04T18:00:08.436+0000] {logging_mixin.py:190} INFO - [2025-03-04T18:00:08.436+0000] {dagbag.py:588} INFO - Filling up the DagBag from /home/airflow/.local/lib/python3.12/site-packages/airflow/example_dags/example_sensor_decorator.py
[2025-03-04T18:00:08.445+0000] {processor.py:925} INFO - DAG(s) 'example_sensor_decorator' retrieved from /home/airflow/.local/lib/python3.12/site-packages/airflow/example_dags/example_sensor_decorator.py
[2025-03-04T18:00:08.471+0000] {logging_mixin.py:190} INFO - [2025-03-04T18:00:08.471+0000] {dag.py:3239} INFO - Sync 1 DAGs
[2025-03-04T18:00:08.488+0000] {logging_mixin.py:190} INFO - [2025-03-04T18:00:08.488+0000] {dag.py:4180} INFO - Setting next_dagrun for example_sensor_decorator to None, run_after=None
[2025-03-04T18:00:08.508+0000] {processor.py:208} INFO - Processing /home/airflow/.local/lib/python3.12/site-packages/airflow/example_dags/example_sensor_decorator.py took 0.082 seconds
[2025-03-04T18:00:38.784+0000] {processor.py:186} INFO - Started process (PID=900) to work on /home/airflow/.local/lib/python3.12/site-packages/airflow/example_dags/example_sensor_decorator.py
[2025-03-04T18:00:38.785+0000] {processor.py:914} INFO - Processing file /home/airflow/.local/lib/python3.12/site-packages/airflow/example_dags/example_sensor_decorator.py for tasks to queue
[2025-03-04T18:00:38.788+0000] {logging_mixin.py:190} INFO - [2025-03-04T18:00:38.788+0000] {dagbag.py:588} INFO - Filling up the DagBag from /home/airflow/.local/lib/python3.12/site-packages/airflow/example_dags/example_sensor_decorator.py
[2025-03-04T18:00:38.796+0000] {processor.py:925} INFO - DAG(s) 'example_sensor_decorator' retrieved from /home/airflow/.local/lib/python3.12/site-packages/airflow/example_dags/example_sensor_decorator.py
[2025-03-04T18:00:38.822+0000] {logging_mixin.py:190} INFO - [2025-03-04T18:00:38.822+0000] {dag.py:3239} INFO - Sync 1 DAGs
[2025-03-04T18:00:38.839+0000] {logging_mixin.py:190} INFO - [2025-03-04T18:00:38.839+0000] {dag.py:4180} INFO - Setting next_dagrun for example_sensor_decorator to None, run_after=None
[2025-03-04T18:00:38.864+0000] {processor.py:208} INFO - Processing /home/airflow/.local/lib/python3.12/site-packages/airflow/example_dags/example_sensor_decorator.py took 0.086 seconds
[2025-03-04T18:01:09.420+0000] {processor.py:186} INFO - Started process (PID=1206) to work on /home/airflow/.local/lib/python3.12/site-packages/airflow/example_dags/example_sensor_decorator.py
[2025-03-04T18:01:09.421+0000] {processor.py:914} INFO - Processing file /home/airflow/.local/lib/python3.12/site-packages/airflow/example_dags/example_sensor_decorator.py for tasks to queue
[2025-03-04T18:01:09.424+0000] {logging_mixin.py:190} INFO - [2025-03-04T18:01:09.423+0000] {dagbag.py:588} INFO - Filling up the DagBag from /home/airflow/.local/lib/python3.12/site-packages/airflow/example_dags/example_sensor_decorator.py
[2025-03-04T18:01:09.433+0000] {processor.py:925} INFO - DAG(s) 'example_sensor_decorator' retrieved from /home/airflow/.local/lib/python3.12/site-packages/airflow/example_dags/example_sensor_decorator.py
[2025-03-04T18:01:09.454+0000] {logging_mixin.py:190} INFO - [2025-03-04T18:01:09.454+0000] {dag.py:3239} INFO - Sync 1 DAGs
[2025-03-04T18:01:09.472+0000] {logging_mixin.py:190} INFO - [2025-03-04T18:01:09.472+0000] {dag.py:4180} INFO - Setting next_dagrun for example_sensor_decorator to None, run_after=None
[2025-03-04T18:01:09.498+0000] {processor.py:208} INFO - Processing /home/airflow/.local/lib/python3.12/site-packages/airflow/example_dags/example_sensor_decorator.py took 0.086 seconds
[2025-03-04T18:01:40.320+0000] {processor.py:186} INFO - Started process (PID=1512) to work on /home/airflow/.local/lib/python3.12/site-packages/airflow/example_dags/example_sensor_decorator.py
[2025-03-04T18:01:40.321+0000] {processor.py:914} INFO - Processing file /home/airflow/.local/lib/python3.12/site-packages/airflow/example_dags/example_sensor_decorator.py for tasks to queue
[2025-03-04T18:01:40.323+0000] {logging_mixin.py:190} INFO - [2025-03-04T18:01:40.323+0000] {dagbag.py:588} INFO - Filling up the DagBag from /home/airflow/.local/lib/python3.12/site-packages/airflow/example_dags/example_sensor_decorator.py
[2025-03-04T18:01:40.332+0000] {processor.py:925} INFO - DAG(s) 'example_sensor_decorator' retrieved from /home/airflow/.local/lib/python3.12/site-packages/airflow/example_dags/example_sensor_decorator.py
[2025-03-04T18:01:40.360+0000] {logging_mixin.py:190} INFO - [2025-03-04T18:01:40.359+0000] {dag.py:3239} INFO - Sync 1 DAGs
[2025-03-04T18:01:40.377+0000] {logging_mixin.py:190} INFO - [2025-03-04T18:01:40.377+0000] {dag.py:4180} INFO - Setting next_dagrun for example_sensor_decorator to None, run_after=None
[2025-03-04T18:01:40.399+0000] {processor.py:208} INFO - Processing /home/airflow/.local/lib/python3.12/site-packages/airflow/example_dags/example_sensor_decorator.py took 0.085 seconds
[2025-03-04T18:02:10.570+0000] {processor.py:186} INFO - Started process (PID=1818) to work on /home/airflow/.local/lib/python3.12/site-packages/airflow/example_dags/example_sensor_decorator.py
[2025-03-04T18:02:10.571+0000] {processor.py:914} INFO - Processing file /home/airflow/.local/lib/python3.12/site-packages/airflow/example_dags/example_sensor_decorator.py for tasks to queue
[2025-03-04T18:02:10.574+0000] {logging_mixin.py:190} INFO - [2025-03-04T18:02:10.574+0000] {dagbag.py:588} INFO - Filling up the DagBag from /home/airflow/.local/lib/python3.12/site-packages/airflow/example_dags/example_sensor_decorator.py
[2025-03-04T18:02:10.583+0000] {processor.py:925} INFO - DAG(s) 'example_sensor_decorator' retrieved from /home/airflow/.local/lib/python3.12/site-packages/airflow/example_dags/example_sensor_decorator.py
[2025-03-04T18:02:10.606+0000] {logging_mixin.py:190} INFO - [2025-03-04T18:02:10.605+0000] {dag.py:3239} INFO - Sync 1 DAGs
[2025-03-04T18:02:10.624+0000] {logging_mixin.py:190} INFO - [2025-03-04T18:02:10.623+0000] {dag.py:4180} INFO - Setting next_dagrun for example_sensor_decorator to None, run_after=None
[2025-03-04T18:02:10.648+0000] {processor.py:208} INFO - Processing /home/airflow/.local/lib/python3.12/site-packages/airflow/example_dags/example_sensor_decorator.py took 0.087 seconds
[2025-03-04T18:02:41.349+0000] {processor.py:186} INFO - Started process (PID=2126) to work on /home/airflow/.local/lib/python3.12/site-packages/airflow/example_dags/example_sensor_decorator.py
[2025-03-04T18:02:41.350+0000] {processor.py:914} INFO - Processing file /home/airflow/.local/lib/python3.12/site-packages/airflow/example_dags/example_sensor_decorator.py for tasks to queue
[2025-03-04T18:02:41.353+0000] {logging_mixin.py:190} INFO - [2025-03-04T18:02:41.353+0000] {dagbag.py:588} INFO - Filling up the DagBag from /home/airflow/.local/lib/python3.12/site-packages/airflow/example_dags/example_sensor_decorator.py
[2025-03-04T18:02:41.363+0000] {processor.py:925} INFO - DAG(s) 'example_sensor_decorator' retrieved from /home/airflow/.local/lib/python3.12/site-packages/airflow/example_dags/example_sensor_decorator.py
[2025-03-04T18:02:41.388+0000] {logging_mixin.py:190} INFO - [2025-03-04T18:02:41.388+0000] {dag.py:3239} INFO - Sync 1 DAGs
[2025-03-04T18:02:41.412+0000] {logging_mixin.py:190} INFO - [2025-03-04T18:02:41.412+0000] {dag.py:4180} INFO - Setting next_dagrun for example_sensor_decorator to None, run_after=None
[2025-03-04T18:02:41.442+0000] {processor.py:208} INFO - Processing /home/airflow/.local/lib/python3.12/site-packages/airflow/example_dags/example_sensor_decorator.py took 0.099 seconds
[2025-03-04T18:03:11.584+0000] {processor.py:186} INFO - Started process (PID=2443) to work on /home/airflow/.local/lib/python3.12/site-packages/airflow/example_dags/example_sensor_decorator.py
[2025-03-04T18:03:11.587+0000] {processor.py:914} INFO - Processing file /home/airflow/.local/lib/python3.12/site-packages/airflow/example_dags/example_sensor_decorator.py for tasks to queue
[2025-03-04T18:03:11.593+0000] {logging_mixin.py:190} INFO - [2025-03-04T18:03:11.591+0000] {dagbag.py:588} INFO - Filling up the DagBag from /home/airflow/.local/lib/python3.12/site-packages/airflow/example_dags/example_sensor_decorator.py
[2025-03-04T18:03:11.603+0000] {processor.py:925} INFO - DAG(s) 'example_sensor_decorator' retrieved from /home/airflow/.local/lib/python3.12/site-packages/airflow/example_dags/example_sensor_decorator.py
[2025-03-04T18:03:11.647+0000] {logging_mixin.py:190} INFO - [2025-03-04T18:03:11.646+0000] {dag.py:3239} INFO - Sync 1 DAGs
[2025-03-04T18:03:11.670+0000] {logging_mixin.py:190} INFO - [2025-03-04T18:03:11.670+0000] {dag.py:4180} INFO - Setting next_dagrun for example_sensor_decorator to None, run_after=None
[2025-03-04T18:03:11.700+0000] {processor.py:208} INFO - Processing /home/airflow/.local/lib/python3.12/site-packages/airflow/example_dags/example_sensor_decorator.py took 0.131 seconds
[2025-03-04T18:03:41.761+0000] {processor.py:186} INFO - Started process (PID=2749) to work on /home/airflow/.local/lib/python3.12/site-packages/airflow/example_dags/example_sensor_decorator.py
[2025-03-04T18:03:41.762+0000] {processor.py:914} INFO - Processing file /home/airflow/.local/lib/python3.12/site-packages/airflow/example_dags/example_sensor_decorator.py for tasks to queue
[2025-03-04T18:03:41.765+0000] {logging_mixin.py:190} INFO - [2025-03-04T18:03:41.764+0000] {dagbag.py:588} INFO - Filling up the DagBag from /home/airflow/.local/lib/python3.12/site-packages/airflow/example_dags/example_sensor_decorator.py
[2025-03-04T18:03:41.774+0000] {processor.py:925} INFO - DAG(s) 'example_sensor_decorator' retrieved from /home/airflow/.local/lib/python3.12/site-packages/airflow/example_dags/example_sensor_decorator.py
[2025-03-04T18:03:41.799+0000] {logging_mixin.py:190} INFO - [2025-03-04T18:03:41.799+0000] {dag.py:3239} INFO - Sync 1 DAGs
[2025-03-04T18:03:41.819+0000] {logging_mixin.py:190} INFO - [2025-03-04T18:03:41.818+0000] {dag.py:4180} INFO - Setting next_dagrun for example_sensor_decorator to None, run_after=None
[2025-03-04T18:03:41.844+0000] {processor.py:208} INFO - Processing /home/airflow/.local/lib/python3.12/site-packages/airflow/example_dags/example_sensor_decorator.py took 0.089 seconds
[2025-03-04T18:04:12.601+0000] {processor.py:186} INFO - Started process (PID=3053) to work on /home/airflow/.local/lib/python3.12/site-packages/airflow/example_dags/example_sensor_decorator.py
[2025-03-04T18:04:12.603+0000] {processor.py:914} INFO - Processing file /home/airflow/.local/lib/python3.12/site-packages/airflow/example_dags/example_sensor_decorator.py for tasks to queue
[2025-03-04T18:04:12.605+0000] {logging_mixin.py:190} INFO - [2025-03-04T18:04:12.605+0000] {dagbag.py:588} INFO - Filling up the DagBag from /home/airflow/.local/lib/python3.12/site-packages/airflow/example_dags/example_sensor_decorator.py
[2025-03-04T18:04:12.614+0000] {processor.py:925} INFO - DAG(s) 'example_sensor_decorator' retrieved from /home/airflow/.local/lib/python3.12/site-packages/airflow/example_dags/example_sensor_decorator.py
[2025-03-04T18:04:12.635+0000] {logging_mixin.py:190} INFO - [2025-03-04T18:04:12.635+0000] {dag.py:3239} INFO - Sync 1 DAGs
[2025-03-04T18:04:12.652+0000] {logging_mixin.py:190} INFO - [2025-03-04T18:04:12.652+0000] {dag.py:4180} INFO - Setting next_dagrun for example_sensor_decorator to None, run_after=None
[2025-03-04T18:04:12.676+0000] {processor.py:208} INFO - Processing /home/airflow/.local/lib/python3.12/site-packages/airflow/example_dags/example_sensor_decorator.py took 0.082 seconds
[2025-03-04T18:04:43.729+0000] {processor.py:186} INFO - Started process (PID=3359) to work on /home/airflow/.local/lib/python3.12/site-packages/airflow/example_dags/example_sensor_decorator.py
[2025-03-04T18:04:43.730+0000] {processor.py:914} INFO - Processing file /home/airflow/.local/lib/python3.12/site-packages/airflow/example_dags/example_sensor_decorator.py for tasks to queue
[2025-03-04T18:04:43.733+0000] {logging_mixin.py:190} INFO - [2025-03-04T18:04:43.732+0000] {dagbag.py:588} INFO - Filling up the DagBag from /home/airflow/.local/lib/python3.12/site-packages/airflow/example_dags/example_sensor_decorator.py
[2025-03-04T18:04:43.742+0000] {processor.py:925} INFO - DAG(s) 'example_sensor_decorator' retrieved from /home/airflow/.local/lib/python3.12/site-packages/airflow/example_dags/example_sensor_decorator.py
[2025-03-04T18:04:43.768+0000] {logging_mixin.py:190} INFO - [2025-03-04T18:04:43.768+0000] {dag.py:3239} INFO - Sync 1 DAGs
[2025-03-04T18:04:43.787+0000] {logging_mixin.py:190} INFO - [2025-03-04T18:04:43.787+0000] {dag.py:4180} INFO - Setting next_dagrun for example_sensor_decorator to None, run_after=None
[2025-03-04T18:04:43.813+0000] {processor.py:208} INFO - Processing /home/airflow/.local/lib/python3.12/site-packages/airflow/example_dags/example_sensor_decorator.py took 0.091 seconds
[2025-03-04T18:05:14.650+0000] {processor.py:186} INFO - Started process (PID=3667) to work on /home/airflow/.local/lib/python3.12/site-packages/airflow/example_dags/example_sensor_decorator.py
[2025-03-04T18:05:14.651+0000] {processor.py:914} INFO - Processing file /home/airflow/.local/lib/python3.12/site-packages/airflow/example_dags/example_sensor_decorator.py for tasks to queue
[2025-03-04T18:05:14.654+0000] {logging_mixin.py:190} INFO - [2025-03-04T18:05:14.653+0000] {dagbag.py:588} INFO - Filling up the DagBag from /home/airflow/.local/lib/python3.12/site-packages/airflow/example_dags/example_sensor_decorator.py
[2025-03-04T18:05:14.662+0000] {processor.py:925} INFO - DAG(s) 'example_sensor_decorator' retrieved from /home/airflow/.local/lib/python3.12/site-packages/airflow/example_dags/example_sensor_decorator.py
[2025-03-04T18:05:14.688+0000] {logging_mixin.py:190} INFO - [2025-03-04T18:05:14.688+0000] {dag.py:3239} INFO - Sync 1 DAGs
[2025-03-04T18:05:14.705+0000] {logging_mixin.py:190} INFO - [2025-03-04T18:05:14.705+0000] {dag.py:4180} INFO - Setting next_dagrun for example_sensor_decorator to None, run_after=None
[2025-03-04T18:05:14.725+0000] {processor.py:208} INFO - Processing /home/airflow/.local/lib/python3.12/site-packages/airflow/example_dags/example_sensor_decorator.py took 0.082 seconds
