[2025-03-04T17:28:41.823+0000] {processor.py:186} INFO - Started process (PID=227) to work on /home/airflow/.local/lib/python3.12/site-packages/airflow/example_dags/example_xcomargs.py
[2025-03-04T17:28:41.824+0000] {processor.py:914} INFO - Processing file /home/airflow/.local/lib/python3.12/site-packages/airflow/example_dags/example_xcomargs.py for tasks to queue
[2025-03-04T17:28:41.827+0000] {logging_mixin.py:190} INFO - [2025-03-04T17:28:41.826+0000] {dagbag.py:588} INFO - Filling up the DagBag from /home/airflow/.local/lib/python3.12/site-packages/airflow/example_dags/example_xcomargs.py
[2025-03-04T17:28:41.849+0000] {processor.py:925} INFO - DAG(s) 'example_xcom_args', 'example_xcom_args_with_operators' retrieved from /home/airflow/.local/lib/python3.12/site-packages/airflow/example_dags/example_xcomargs.py
[2025-03-04T17:28:41.900+0000] {logging_mixin.py:190} INFO - [2025-03-04T17:28:41.900+0000] {dag.py:3239} INFO - Sync 2 DAGs
[2025-03-04T17:28:41.925+0000] {logging_mixin.py:190} INFO - [2025-03-04T17:28:41.925+0000] {dag.py:4180} INFO - Setting next_dagrun for example_xcom_args to None, run_after=None
[2025-03-04T17:28:41.942+0000] {logging_mixin.py:190} INFO - [2025-03-04T17:28:41.941+0000] {dag.py:4180} INFO - Setting next_dagrun for example_xcom_args_with_operators to None, run_after=None
[2025-03-04T17:28:41.964+0000] {processor.py:208} INFO - Processing /home/airflow/.local/lib/python3.12/site-packages/airflow/example_dags/example_xcomargs.py took 0.152 seconds
[2025-03-04T17:29:12.189+0000] {processor.py:186} INFO - Started process (PID=607) to work on /home/airflow/.local/lib/python3.12/site-packages/airflow/example_dags/example_xcomargs.py
[2025-03-04T17:29:12.191+0000] {processor.py:914} INFO - Processing file /home/airflow/.local/lib/python3.12/site-packages/airflow/example_dags/example_xcomargs.py for tasks to queue
[2025-03-04T17:29:12.194+0000] {logging_mixin.py:190} INFO - [2025-03-04T17:29:12.194+0000] {dagbag.py:588} INFO - Filling up the DagBag from /home/airflow/.local/lib/python3.12/site-packages/airflow/example_dags/example_xcomargs.py
[2025-03-04T17:29:12.208+0000] {processor.py:925} INFO - DAG(s) 'example_xcom_args_with_operators', 'example_xcom_args' retrieved from /home/airflow/.local/lib/python3.12/site-packages/airflow/example_dags/example_xcomargs.py
[2025-03-04T17:29:12.243+0000] {logging_mixin.py:190} INFO - [2025-03-04T17:29:12.242+0000] {dag.py:3239} INFO - Sync 2 DAGs
[2025-03-04T17:29:12.269+0000] {logging_mixin.py:190} INFO - [2025-03-04T17:29:12.269+0000] {dag.py:4180} INFO - Setting next_dagrun for example_xcom_args to None, run_after=None
[2025-03-04T17:29:12.275+0000] {logging_mixin.py:190} INFO - [2025-03-04T17:29:12.275+0000] {dag.py:4180} INFO - Setting next_dagrun for example_xcom_args_with_operators to None, run_after=None
[2025-03-04T17:29:12.298+0000] {processor.py:208} INFO - Processing /home/airflow/.local/lib/python3.12/site-packages/airflow/example_dags/example_xcomargs.py took 0.116 seconds
[2025-03-04T17:29:42.957+0000] {processor.py:186} INFO - Started process (PID=911) to work on /home/airflow/.local/lib/python3.12/site-packages/airflow/example_dags/example_xcomargs.py
[2025-03-04T17:29:42.958+0000] {processor.py:914} INFO - Processing file /home/airflow/.local/lib/python3.12/site-packages/airflow/example_dags/example_xcomargs.py for tasks to queue
[2025-03-04T17:29:42.961+0000] {logging_mixin.py:190} INFO - [2025-03-04T17:29:42.961+0000] {dagbag.py:588} INFO - Filling up the DagBag from /home/airflow/.local/lib/python3.12/site-packages/airflow/example_dags/example_xcomargs.py
[2025-03-04T17:29:42.974+0000] {processor.py:925} INFO - DAG(s) 'example_xcom_args_with_operators', 'example_xcom_args' retrieved from /home/airflow/.local/lib/python3.12/site-packages/airflow/example_dags/example_xcomargs.py
[2025-03-04T17:29:43.006+0000] {logging_mixin.py:190} INFO - [2025-03-04T17:29:43.006+0000] {dag.py:3239} INFO - Sync 2 DAGs
[2025-03-04T17:29:43.025+0000] {logging_mixin.py:190} INFO - [2025-03-04T17:29:43.024+0000] {dag.py:4180} INFO - Setting next_dagrun for example_xcom_args to None, run_after=None
[2025-03-04T17:29:43.029+0000] {logging_mixin.py:190} INFO - [2025-03-04T17:29:43.029+0000] {dag.py:4180} INFO - Setting next_dagrun for example_xcom_args_with_operators to None, run_after=None
[2025-03-04T17:29:43.051+0000] {processor.py:208} INFO - Processing /home/airflow/.local/lib/python3.12/site-packages/airflow/example_dags/example_xcomargs.py took 0.101 seconds
[2025-03-04T17:30:13.892+0000] {processor.py:186} INFO - Started process (PID=1217) to work on /home/airflow/.local/lib/python3.12/site-packages/airflow/example_dags/example_xcomargs.py
[2025-03-04T17:30:13.893+0000] {processor.py:914} INFO - Processing file /home/airflow/.local/lib/python3.12/site-packages/airflow/example_dags/example_xcomargs.py for tasks to queue
[2025-03-04T17:30:13.895+0000] {logging_mixin.py:190} INFO - [2025-03-04T17:30:13.895+0000] {dagbag.py:588} INFO - Filling up the DagBag from /home/airflow/.local/lib/python3.12/site-packages/airflow/example_dags/example_xcomargs.py
[2025-03-04T17:30:13.906+0000] {processor.py:925} INFO - DAG(s) 'example_xcom_args_with_operators', 'example_xcom_args' retrieved from /home/airflow/.local/lib/python3.12/site-packages/airflow/example_dags/example_xcomargs.py
[2025-03-04T17:30:13.938+0000] {logging_mixin.py:190} INFO - [2025-03-04T17:30:13.938+0000] {dag.py:3239} INFO - Sync 2 DAGs
[2025-03-04T17:30:13.955+0000] {logging_mixin.py:190} INFO - [2025-03-04T17:30:13.954+0000] {dag.py:4180} INFO - Setting next_dagrun for example_xcom_args to None, run_after=None
[2025-03-04T17:30:13.959+0000] {logging_mixin.py:190} INFO - [2025-03-04T17:30:13.959+0000] {dag.py:4180} INFO - Setting next_dagrun for example_xcom_args_with_operators to None, run_after=None
[2025-03-04T17:30:13.976+0000] {processor.py:208} INFO - Processing /home/airflow/.local/lib/python3.12/site-packages/airflow/example_dags/example_xcomargs.py took 0.090 seconds
[2025-03-04T17:30:44.733+0000] {processor.py:186} INFO - Started process (PID=1523) to work on /home/airflow/.local/lib/python3.12/site-packages/airflow/example_dags/example_xcomargs.py
[2025-03-04T17:30:44.735+0000] {processor.py:914} INFO - Processing file /home/airflow/.local/lib/python3.12/site-packages/airflow/example_dags/example_xcomargs.py for tasks to queue
[2025-03-04T17:30:44.737+0000] {logging_mixin.py:190} INFO - [2025-03-04T17:30:44.737+0000] {dagbag.py:588} INFO - Filling up the DagBag from /home/airflow/.local/lib/python3.12/site-packages/airflow/example_dags/example_xcomargs.py
[2025-03-04T17:30:44.750+0000] {processor.py:925} INFO - DAG(s) 'example_xcom_args_with_operators', 'example_xcom_args' retrieved from /home/airflow/.local/lib/python3.12/site-packages/airflow/example_dags/example_xcomargs.py
[2025-03-04T17:30:44.783+0000] {logging_mixin.py:190} INFO - [2025-03-04T17:30:44.782+0000] {dag.py:3239} INFO - Sync 2 DAGs
[2025-03-04T17:30:44.809+0000] {logging_mixin.py:190} INFO - [2025-03-04T17:30:44.809+0000] {dag.py:4180} INFO - Setting next_dagrun for example_xcom_args to None, run_after=None
[2025-03-04T17:30:44.819+0000] {logging_mixin.py:190} INFO - [2025-03-04T17:30:44.819+0000] {dag.py:4180} INFO - Setting next_dagrun for example_xcom_args_with_operators to None, run_after=None
[2025-03-04T17:30:44.849+0000] {processor.py:208} INFO - Processing /home/airflow/.local/lib/python3.12/site-packages/airflow/example_dags/example_xcomargs.py took 0.124 seconds
[2025-03-04T17:31:15.279+0000] {processor.py:186} INFO - Started process (PID=1831) to work on /home/airflow/.local/lib/python3.12/site-packages/airflow/example_dags/example_xcomargs.py
[2025-03-04T17:31:15.281+0000] {processor.py:914} INFO - Processing file /home/airflow/.local/lib/python3.12/site-packages/airflow/example_dags/example_xcomargs.py for tasks to queue
[2025-03-04T17:31:15.285+0000] {logging_mixin.py:190} INFO - [2025-03-04T17:31:15.285+0000] {dagbag.py:588} INFO - Filling up the DagBag from /home/airflow/.local/lib/python3.12/site-packages/airflow/example_dags/example_xcomargs.py
[2025-03-04T17:31:15.299+0000] {processor.py:925} INFO - DAG(s) 'example_xcom_args_with_operators', 'example_xcom_args' retrieved from /home/airflow/.local/lib/python3.12/site-packages/airflow/example_dags/example_xcomargs.py
[2025-03-04T17:31:15.335+0000] {logging_mixin.py:190} INFO - [2025-03-04T17:31:15.335+0000] {dag.py:3239} INFO - Sync 2 DAGs
[2025-03-04T17:31:15.359+0000] {logging_mixin.py:190} INFO - [2025-03-04T17:31:15.359+0000] {dag.py:4180} INFO - Setting next_dagrun for example_xcom_args to None, run_after=None
[2025-03-04T17:31:15.364+0000] {logging_mixin.py:190} INFO - [2025-03-04T17:31:15.364+0000] {dag.py:4180} INFO - Setting next_dagrun for example_xcom_args_with_operators to None, run_after=None
[2025-03-04T17:31:15.387+0000] {processor.py:208} INFO - Processing /home/airflow/.local/lib/python3.12/site-packages/airflow/example_dags/example_xcomargs.py took 0.117 seconds
[2025-03-04T17:31:45.698+0000] {processor.py:186} INFO - Started process (PID=2135) to work on /home/airflow/.local/lib/python3.12/site-packages/airflow/example_dags/example_xcomargs.py
[2025-03-04T17:31:45.700+0000] {processor.py:914} INFO - Processing file /home/airflow/.local/lib/python3.12/site-packages/airflow/example_dags/example_xcomargs.py for tasks to queue
[2025-03-04T17:31:45.706+0000] {logging_mixin.py:190} INFO - [2025-03-04T17:31:45.705+0000] {dagbag.py:588} INFO - Filling up the DagBag from /home/airflow/.local/lib/python3.12/site-packages/airflow/example_dags/example_xcomargs.py
[2025-03-04T17:31:45.719+0000] {processor.py:925} INFO - DAG(s) 'example_xcom_args', 'example_xcom_args_with_operators' retrieved from /home/airflow/.local/lib/python3.12/site-packages/airflow/example_dags/example_xcomargs.py
[2025-03-04T17:31:45.750+0000] {logging_mixin.py:190} INFO - [2025-03-04T17:31:45.749+0000] {dag.py:3239} INFO - Sync 2 DAGs
[2025-03-04T17:31:45.770+0000] {logging_mixin.py:190} INFO - [2025-03-04T17:31:45.770+0000] {dag.py:4180} INFO - Setting next_dagrun for example_xcom_args to None, run_after=None
[2025-03-04T17:31:45.775+0000] {logging_mixin.py:190} INFO - [2025-03-04T17:31:45.775+0000] {dag.py:4180} INFO - Setting next_dagrun for example_xcom_args_with_operators to None, run_after=None
[2025-03-04T17:31:45.798+0000] {processor.py:208} INFO - Processing /home/airflow/.local/lib/python3.12/site-packages/airflow/example_dags/example_xcomargs.py took 0.118 seconds
[2025-03-04T17:32:15.922+0000] {processor.py:186} INFO - Started process (PID=2441) to work on /home/airflow/.local/lib/python3.12/site-packages/airflow/example_dags/example_xcomargs.py
[2025-03-04T17:32:15.923+0000] {processor.py:914} INFO - Processing file /home/airflow/.local/lib/python3.12/site-packages/airflow/example_dags/example_xcomargs.py for tasks to queue
[2025-03-04T17:32:15.925+0000] {logging_mixin.py:190} INFO - [2025-03-04T17:32:15.925+0000] {dagbag.py:588} INFO - Filling up the DagBag from /home/airflow/.local/lib/python3.12/site-packages/airflow/example_dags/example_xcomargs.py
[2025-03-04T17:32:15.937+0000] {processor.py:925} INFO - DAG(s) 'example_xcom_args', 'example_xcom_args_with_operators' retrieved from /home/airflow/.local/lib/python3.12/site-packages/airflow/example_dags/example_xcomargs.py
[2025-03-04T17:32:15.963+0000] {logging_mixin.py:190} INFO - [2025-03-04T17:32:15.963+0000] {dag.py:3239} INFO - Sync 2 DAGs
[2025-03-04T17:32:15.985+0000] {logging_mixin.py:190} INFO - [2025-03-04T17:32:15.985+0000] {dag.py:4180} INFO - Setting next_dagrun for example_xcom_args to None, run_after=None
[2025-03-04T17:32:15.990+0000] {logging_mixin.py:190} INFO - [2025-03-04T17:32:15.989+0000] {dag.py:4180} INFO - Setting next_dagrun for example_xcom_args_with_operators to None, run_after=None
[2025-03-04T17:32:16.010+0000] {processor.py:208} INFO - Processing /home/airflow/.local/lib/python3.12/site-packages/airflow/example_dags/example_xcomargs.py took 0.094 seconds
[2025-03-04T17:32:46.657+0000] {processor.py:186} INFO - Started process (PID=2747) to work on /home/airflow/.local/lib/python3.12/site-packages/airflow/example_dags/example_xcomargs.py
[2025-03-04T17:32:46.659+0000] {processor.py:914} INFO - Processing file /home/airflow/.local/lib/python3.12/site-packages/airflow/example_dags/example_xcomargs.py for tasks to queue
[2025-03-04T17:32:46.664+0000] {logging_mixin.py:190} INFO - [2025-03-04T17:32:46.664+0000] {dagbag.py:588} INFO - Filling up the DagBag from /home/airflow/.local/lib/python3.12/site-packages/airflow/example_dags/example_xcomargs.py
[2025-03-04T17:32:46.676+0000] {processor.py:925} INFO - DAG(s) 'example_xcom_args', 'example_xcom_args_with_operators' retrieved from /home/airflow/.local/lib/python3.12/site-packages/airflow/example_dags/example_xcomargs.py
[2025-03-04T17:32:46.708+0000] {logging_mixin.py:190} INFO - [2025-03-04T17:32:46.708+0000] {dag.py:3239} INFO - Sync 2 DAGs
[2025-03-04T17:32:46.726+0000] {logging_mixin.py:190} INFO - [2025-03-04T17:32:46.726+0000] {dag.py:4180} INFO - Setting next_dagrun for example_xcom_args to None, run_after=None
[2025-03-04T17:32:46.731+0000] {logging_mixin.py:190} INFO - [2025-03-04T17:32:46.731+0000] {dag.py:4180} INFO - Setting next_dagrun for example_xcom_args_with_operators to None, run_after=None
[2025-03-04T17:32:46.755+0000] {processor.py:208} INFO - Processing /home/airflow/.local/lib/python3.12/site-packages/airflow/example_dags/example_xcomargs.py took 0.115 seconds
[2025-03-04T17:33:17.952+0000] {processor.py:186} INFO - Started process (PID=3055) to work on /home/airflow/.local/lib/python3.12/site-packages/airflow/example_dags/example_xcomargs.py
[2025-03-04T17:33:17.953+0000] {processor.py:914} INFO - Processing file /home/airflow/.local/lib/python3.12/site-packages/airflow/example_dags/example_xcomargs.py for tasks to queue
[2025-03-04T17:33:17.956+0000] {logging_mixin.py:190} INFO - [2025-03-04T17:33:17.956+0000] {dagbag.py:588} INFO - Filling up the DagBag from /home/airflow/.local/lib/python3.12/site-packages/airflow/example_dags/example_xcomargs.py
[2025-03-04T17:33:17.969+0000] {processor.py:925} INFO - DAG(s) 'example_xcom_args', 'example_xcom_args_with_operators' retrieved from /home/airflow/.local/lib/python3.12/site-packages/airflow/example_dags/example_xcomargs.py
[2025-03-04T17:33:18.000+0000] {logging_mixin.py:190} INFO - [2025-03-04T17:33:17.999+0000] {dag.py:3239} INFO - Sync 2 DAGs
[2025-03-04T17:33:18.018+0000] {logging_mixin.py:190} INFO - [2025-03-04T17:33:18.018+0000] {dag.py:4180} INFO - Setting next_dagrun for example_xcom_args to None, run_after=None
[2025-03-04T17:33:18.023+0000] {logging_mixin.py:190} INFO - [2025-03-04T17:33:18.023+0000] {dag.py:4180} INFO - Setting next_dagrun for example_xcom_args_with_operators to None, run_after=None
[2025-03-04T17:33:18.046+0000] {processor.py:208} INFO - Processing /home/airflow/.local/lib/python3.12/site-packages/airflow/example_dags/example_xcomargs.py took 0.102 seconds
[2025-03-04T17:33:48.220+0000] {processor.py:186} INFO - Started process (PID=3361) to work on /home/airflow/.local/lib/python3.12/site-packages/airflow/example_dags/example_xcomargs.py
[2025-03-04T17:33:48.221+0000] {processor.py:914} INFO - Processing file /home/airflow/.local/lib/python3.12/site-packages/airflow/example_dags/example_xcomargs.py for tasks to queue
[2025-03-04T17:33:48.226+0000] {logging_mixin.py:190} INFO - [2025-03-04T17:33:48.226+0000] {dagbag.py:588} INFO - Filling up the DagBag from /home/airflow/.local/lib/python3.12/site-packages/airflow/example_dags/example_xcomargs.py
[2025-03-04T17:33:48.238+0000] {processor.py:925} INFO - DAG(s) 'example_xcom_args', 'example_xcom_args_with_operators' retrieved from /home/airflow/.local/lib/python3.12/site-packages/airflow/example_dags/example_xcomargs.py
[2025-03-04T17:33:48.268+0000] {logging_mixin.py:190} INFO - [2025-03-04T17:33:48.267+0000] {dag.py:3239} INFO - Sync 2 DAGs
[2025-03-04T17:33:48.286+0000] {logging_mixin.py:190} INFO - [2025-03-04T17:33:48.285+0000] {dag.py:4180} INFO - Setting next_dagrun for example_xcom_args to None, run_after=None
[2025-03-04T17:33:48.290+0000] {logging_mixin.py:190} INFO - [2025-03-04T17:33:48.290+0000] {dag.py:4180} INFO - Setting next_dagrun for example_xcom_args_with_operators to None, run_after=None
[2025-03-04T17:33:48.315+0000] {processor.py:208} INFO - Processing /home/airflow/.local/lib/python3.12/site-packages/airflow/example_dags/example_xcomargs.py took 0.108 seconds
[2025-03-04T17:34:18.403+0000] {processor.py:186} INFO - Started process (PID=3667) to work on /home/airflow/.local/lib/python3.12/site-packages/airflow/example_dags/example_xcomargs.py
[2025-03-04T17:34:18.405+0000] {processor.py:914} INFO - Processing file /home/airflow/.local/lib/python3.12/site-packages/airflow/example_dags/example_xcomargs.py for tasks to queue
[2025-03-04T17:34:18.407+0000] {logging_mixin.py:190} INFO - [2025-03-04T17:34:18.407+0000] {dagbag.py:588} INFO - Filling up the DagBag from /home/airflow/.local/lib/python3.12/site-packages/airflow/example_dags/example_xcomargs.py
[2025-03-04T17:34:18.418+0000] {processor.py:925} INFO - DAG(s) 'example_xcom_args', 'example_xcom_args_with_operators' retrieved from /home/airflow/.local/lib/python3.12/site-packages/airflow/example_dags/example_xcomargs.py
[2025-03-04T17:34:18.449+0000] {logging_mixin.py:190} INFO - [2025-03-04T17:34:18.449+0000] {dag.py:3239} INFO - Sync 2 DAGs
[2025-03-04T17:34:18.466+0000] {logging_mixin.py:190} INFO - [2025-03-04T17:34:18.465+0000] {dag.py:4180} INFO - Setting next_dagrun for example_xcom_args to None, run_after=None
[2025-03-04T17:34:18.470+0000] {logging_mixin.py:190} INFO - [2025-03-04T17:34:18.470+0000] {dag.py:4180} INFO - Setting next_dagrun for example_xcom_args_with_operators to None, run_after=None
[2025-03-04T17:34:18.497+0000] {processor.py:208} INFO - Processing /home/airflow/.local/lib/python3.12/site-packages/airflow/example_dags/example_xcomargs.py took 0.100 seconds
[2025-03-04T17:34:48.840+0000] {processor.py:186} INFO - Started process (PID=3971) to work on /home/airflow/.local/lib/python3.12/site-packages/airflow/example_dags/example_xcomargs.py
[2025-03-04T17:34:48.842+0000] {processor.py:914} INFO - Processing file /home/airflow/.local/lib/python3.12/site-packages/airflow/example_dags/example_xcomargs.py for tasks to queue
[2025-03-04T17:34:48.844+0000] {logging_mixin.py:190} INFO - [2025-03-04T17:34:48.844+0000] {dagbag.py:588} INFO - Filling up the DagBag from /home/airflow/.local/lib/python3.12/site-packages/airflow/example_dags/example_xcomargs.py
[2025-03-04T17:34:48.855+0000] {processor.py:925} INFO - DAG(s) 'example_xcom_args_with_operators', 'example_xcom_args' retrieved from /home/airflow/.local/lib/python3.12/site-packages/airflow/example_dags/example_xcomargs.py
[2025-03-04T17:34:48.882+0000] {logging_mixin.py:190} INFO - [2025-03-04T17:34:48.882+0000] {dag.py:3239} INFO - Sync 2 DAGs
[2025-03-04T17:34:48.901+0000] {logging_mixin.py:190} INFO - [2025-03-04T17:34:48.900+0000] {dag.py:4180} INFO - Setting next_dagrun for example_xcom_args to None, run_after=None
[2025-03-04T17:34:48.906+0000] {logging_mixin.py:190} INFO - [2025-03-04T17:34:48.905+0000] {dag.py:4180} INFO - Setting next_dagrun for example_xcom_args_with_operators to None, run_after=None
[2025-03-04T17:34:48.928+0000] {processor.py:208} INFO - Processing /home/airflow/.local/lib/python3.12/site-packages/airflow/example_dags/example_xcomargs.py took 0.095 seconds
[2025-03-04T17:35:19.112+0000] {processor.py:186} INFO - Started process (PID=4277) to work on /home/airflow/.local/lib/python3.12/site-packages/airflow/example_dags/example_xcomargs.py
[2025-03-04T17:35:19.113+0000] {processor.py:914} INFO - Processing file /home/airflow/.local/lib/python3.12/site-packages/airflow/example_dags/example_xcomargs.py for tasks to queue
[2025-03-04T17:35:19.116+0000] {logging_mixin.py:190} INFO - [2025-03-04T17:35:19.116+0000] {dagbag.py:588} INFO - Filling up the DagBag from /home/airflow/.local/lib/python3.12/site-packages/airflow/example_dags/example_xcomargs.py
[2025-03-04T17:35:19.127+0000] {processor.py:925} INFO - DAG(s) 'example_xcom_args', 'example_xcom_args_with_operators' retrieved from /home/airflow/.local/lib/python3.12/site-packages/airflow/example_dags/example_xcomargs.py
[2025-03-04T17:35:19.159+0000] {logging_mixin.py:190} INFO - [2025-03-04T17:35:19.158+0000] {dag.py:3239} INFO - Sync 2 DAGs
[2025-03-04T17:35:19.177+0000] {logging_mixin.py:190} INFO - [2025-03-04T17:35:19.177+0000] {dag.py:4180} INFO - Setting next_dagrun for example_xcom_args to None, run_after=None
[2025-03-04T17:35:19.182+0000] {logging_mixin.py:190} INFO - [2025-03-04T17:35:19.182+0000] {dag.py:4180} INFO - Setting next_dagrun for example_xcom_args_with_operators to None, run_after=None
[2025-03-04T17:35:19.204+0000] {processor.py:208} INFO - Processing /home/airflow/.local/lib/python3.12/site-packages/airflow/example_dags/example_xcomargs.py took 0.102 seconds
[2025-03-04T17:35:49.564+0000] {processor.py:186} INFO - Started process (PID=4585) to work on /home/airflow/.local/lib/python3.12/site-packages/airflow/example_dags/example_xcomargs.py
[2025-03-04T17:35:49.565+0000] {processor.py:914} INFO - Processing file /home/airflow/.local/lib/python3.12/site-packages/airflow/example_dags/example_xcomargs.py for tasks to queue
[2025-03-04T17:35:49.568+0000] {logging_mixin.py:190} INFO - [2025-03-04T17:35:49.567+0000] {dagbag.py:588} INFO - Filling up the DagBag from /home/airflow/.local/lib/python3.12/site-packages/airflow/example_dags/example_xcomargs.py
[2025-03-04T17:35:49.579+0000] {processor.py:925} INFO - DAG(s) 'example_xcom_args_with_operators', 'example_xcom_args' retrieved from /home/airflow/.local/lib/python3.12/site-packages/airflow/example_dags/example_xcomargs.py
[2025-03-04T17:35:49.606+0000] {logging_mixin.py:190} INFO - [2025-03-04T17:35:49.606+0000] {dag.py:3239} INFO - Sync 2 DAGs
[2025-03-04T17:35:49.625+0000] {logging_mixin.py:190} INFO - [2025-03-04T17:35:49.624+0000] {dag.py:4180} INFO - Setting next_dagrun for example_xcom_args to None, run_after=None
[2025-03-04T17:35:49.629+0000] {logging_mixin.py:190} INFO - [2025-03-04T17:35:49.629+0000] {dag.py:4180} INFO - Setting next_dagrun for example_xcom_args_with_operators to None, run_after=None
[2025-03-04T17:35:49.651+0000] {processor.py:208} INFO - Processing /home/airflow/.local/lib/python3.12/site-packages/airflow/example_dags/example_xcomargs.py took 0.094 seconds
[2025-03-04T17:36:20.231+0000] {processor.py:186} INFO - Started process (PID=4891) to work on /home/airflow/.local/lib/python3.12/site-packages/airflow/example_dags/example_xcomargs.py
[2025-03-04T17:36:20.232+0000] {processor.py:914} INFO - Processing file /home/airflow/.local/lib/python3.12/site-packages/airflow/example_dags/example_xcomargs.py for tasks to queue
[2025-03-04T17:36:20.235+0000] {logging_mixin.py:190} INFO - [2025-03-04T17:36:20.235+0000] {dagbag.py:588} INFO - Filling up the DagBag from /home/airflow/.local/lib/python3.12/site-packages/airflow/example_dags/example_xcomargs.py
[2025-03-04T17:36:20.247+0000] {processor.py:925} INFO - DAG(s) 'example_xcom_args', 'example_xcom_args_with_operators' retrieved from /home/airflow/.local/lib/python3.12/site-packages/airflow/example_dags/example_xcomargs.py
[2025-03-04T17:36:20.281+0000] {logging_mixin.py:190} INFO - [2025-03-04T17:36:20.280+0000] {dag.py:3239} INFO - Sync 2 DAGs
[2025-03-04T17:36:20.299+0000] {logging_mixin.py:190} INFO - [2025-03-04T17:36:20.299+0000] {dag.py:4180} INFO - Setting next_dagrun for example_xcom_args to None, run_after=None
[2025-03-04T17:36:20.304+0000] {logging_mixin.py:190} INFO - [2025-03-04T17:36:20.304+0000] {dag.py:4180} INFO - Setting next_dagrun for example_xcom_args_with_operators to None, run_after=None
[2025-03-04T17:36:20.326+0000] {processor.py:208} INFO - Processing /home/airflow/.local/lib/python3.12/site-packages/airflow/example_dags/example_xcomargs.py took 0.102 seconds
[2025-03-04T17:36:50.518+0000] {processor.py:186} INFO - Started process (PID=5195) to work on /home/airflow/.local/lib/python3.12/site-packages/airflow/example_dags/example_xcomargs.py
[2025-03-04T17:36:50.520+0000] {processor.py:914} INFO - Processing file /home/airflow/.local/lib/python3.12/site-packages/airflow/example_dags/example_xcomargs.py for tasks to queue
[2025-03-04T17:36:50.522+0000] {logging_mixin.py:190} INFO - [2025-03-04T17:36:50.522+0000] {dagbag.py:588} INFO - Filling up the DagBag from /home/airflow/.local/lib/python3.12/site-packages/airflow/example_dags/example_xcomargs.py
[2025-03-04T17:36:50.534+0000] {processor.py:925} INFO - DAG(s) 'example_xcom_args', 'example_xcom_args_with_operators' retrieved from /home/airflow/.local/lib/python3.12/site-packages/airflow/example_dags/example_xcomargs.py
[2025-03-04T17:36:50.560+0000] {logging_mixin.py:190} INFO - [2025-03-04T17:36:50.560+0000] {dag.py:3239} INFO - Sync 2 DAGs
[2025-03-04T17:36:50.579+0000] {logging_mixin.py:190} INFO - [2025-03-04T17:36:50.579+0000] {dag.py:4180} INFO - Setting next_dagrun for example_xcom_args to None, run_after=None
[2025-03-04T17:36:50.584+0000] {logging_mixin.py:190} INFO - [2025-03-04T17:36:50.583+0000] {dag.py:4180} INFO - Setting next_dagrun for example_xcom_args_with_operators to None, run_after=None
[2025-03-04T17:36:50.604+0000] {processor.py:208} INFO - Processing /home/airflow/.local/lib/python3.12/site-packages/airflow/example_dags/example_xcomargs.py took 0.096 seconds
[2025-03-04T17:37:20.782+0000] {processor.py:186} INFO - Started process (PID=5501) to work on /home/airflow/.local/lib/python3.12/site-packages/airflow/example_dags/example_xcomargs.py
[2025-03-04T17:37:20.783+0000] {processor.py:914} INFO - Processing file /home/airflow/.local/lib/python3.12/site-packages/airflow/example_dags/example_xcomargs.py for tasks to queue
[2025-03-04T17:37:20.786+0000] {logging_mixin.py:190} INFO - [2025-03-04T17:37:20.786+0000] {dagbag.py:588} INFO - Filling up the DagBag from /home/airflow/.local/lib/python3.12/site-packages/airflow/example_dags/example_xcomargs.py
[2025-03-04T17:37:20.797+0000] {processor.py:925} INFO - DAG(s) 'example_xcom_args', 'example_xcom_args_with_operators' retrieved from /home/airflow/.local/lib/python3.12/site-packages/airflow/example_dags/example_xcomargs.py
[2025-03-04T17:37:20.827+0000] {logging_mixin.py:190} INFO - [2025-03-04T17:37:20.827+0000] {dag.py:3239} INFO - Sync 2 DAGs
[2025-03-04T17:37:20.845+0000] {logging_mixin.py:190} INFO - [2025-03-04T17:37:20.845+0000] {dag.py:4180} INFO - Setting next_dagrun for example_xcom_args to None, run_after=None
[2025-03-04T17:37:20.850+0000] {logging_mixin.py:190} INFO - [2025-03-04T17:37:20.850+0000] {dag.py:4180} INFO - Setting next_dagrun for example_xcom_args_with_operators to None, run_after=None
[2025-03-04T17:37:20.880+0000] {processor.py:208} INFO - Processing /home/airflow/.local/lib/python3.12/site-packages/airflow/example_dags/example_xcomargs.py took 0.105 seconds
[2025-03-04T17:37:51.782+0000] {processor.py:186} INFO - Started process (PID=5807) to work on /home/airflow/.local/lib/python3.12/site-packages/airflow/example_dags/example_xcomargs.py
[2025-03-04T17:37:51.783+0000] {processor.py:914} INFO - Processing file /home/airflow/.local/lib/python3.12/site-packages/airflow/example_dags/example_xcomargs.py for tasks to queue
[2025-03-04T17:37:51.787+0000] {logging_mixin.py:190} INFO - [2025-03-04T17:37:51.786+0000] {dagbag.py:588} INFO - Filling up the DagBag from /home/airflow/.local/lib/python3.12/site-packages/airflow/example_dags/example_xcomargs.py
[2025-03-04T17:37:51.801+0000] {processor.py:925} INFO - DAG(s) 'example_xcom_args_with_operators', 'example_xcom_args' retrieved from /home/airflow/.local/lib/python3.12/site-packages/airflow/example_dags/example_xcomargs.py
[2025-03-04T17:37:51.834+0000] {logging_mixin.py:190} INFO - [2025-03-04T17:37:51.834+0000] {dag.py:3239} INFO - Sync 2 DAGs
[2025-03-04T17:37:51.853+0000] {logging_mixin.py:190} INFO - [2025-03-04T17:37:51.853+0000] {dag.py:4180} INFO - Setting next_dagrun for example_xcom_args to None, run_after=None
[2025-03-04T17:37:51.858+0000] {logging_mixin.py:190} INFO - [2025-03-04T17:37:51.858+0000] {dag.py:4180} INFO - Setting next_dagrun for example_xcom_args_with_operators to None, run_after=None
[2025-03-04T17:37:51.889+0000] {processor.py:208} INFO - Processing /home/airflow/.local/lib/python3.12/site-packages/airflow/example_dags/example_xcomargs.py took 0.115 seconds
[2025-03-04T17:38:22.091+0000] {processor.py:186} INFO - Started process (PID=6115) to work on /home/airflow/.local/lib/python3.12/site-packages/airflow/example_dags/example_xcomargs.py
[2025-03-04T17:38:22.092+0000] {processor.py:914} INFO - Processing file /home/airflow/.local/lib/python3.12/site-packages/airflow/example_dags/example_xcomargs.py for tasks to queue
[2025-03-04T17:38:22.095+0000] {logging_mixin.py:190} INFO - [2025-03-04T17:38:22.094+0000] {dagbag.py:588} INFO - Filling up the DagBag from /home/airflow/.local/lib/python3.12/site-packages/airflow/example_dags/example_xcomargs.py
[2025-03-04T17:38:22.105+0000] {processor.py:925} INFO - DAG(s) 'example_xcom_args', 'example_xcom_args_with_operators' retrieved from /home/airflow/.local/lib/python3.12/site-packages/airflow/example_dags/example_xcomargs.py
[2025-03-04T17:38:22.132+0000] {logging_mixin.py:190} INFO - [2025-03-04T17:38:22.132+0000] {dag.py:3239} INFO - Sync 2 DAGs
[2025-03-04T17:38:22.149+0000] {logging_mixin.py:190} INFO - [2025-03-04T17:38:22.149+0000] {dag.py:4180} INFO - Setting next_dagrun for example_xcom_args to None, run_after=None
[2025-03-04T17:38:22.153+0000] {logging_mixin.py:190} INFO - [2025-03-04T17:38:22.153+0000] {dag.py:4180} INFO - Setting next_dagrun for example_xcom_args_with_operators to None, run_after=None
[2025-03-04T17:38:22.174+0000] {processor.py:208} INFO - Processing /home/airflow/.local/lib/python3.12/site-packages/airflow/example_dags/example_xcomargs.py took 0.089 seconds
[2025-03-04T17:38:52.705+0000] {processor.py:186} INFO - Started process (PID=6419) to work on /home/airflow/.local/lib/python3.12/site-packages/airflow/example_dags/example_xcomargs.py
[2025-03-04T17:38:52.706+0000] {processor.py:914} INFO - Processing file /home/airflow/.local/lib/python3.12/site-packages/airflow/example_dags/example_xcomargs.py for tasks to queue
[2025-03-04T17:38:52.709+0000] {logging_mixin.py:190} INFO - [2025-03-04T17:38:52.708+0000] {dagbag.py:588} INFO - Filling up the DagBag from /home/airflow/.local/lib/python3.12/site-packages/airflow/example_dags/example_xcomargs.py
[2025-03-04T17:38:52.720+0000] {processor.py:925} INFO - DAG(s) 'example_xcom_args_with_operators', 'example_xcom_args' retrieved from /home/airflow/.local/lib/python3.12/site-packages/airflow/example_dags/example_xcomargs.py
[2025-03-04T17:38:52.752+0000] {logging_mixin.py:190} INFO - [2025-03-04T17:38:52.752+0000] {dag.py:3239} INFO - Sync 2 DAGs
[2025-03-04T17:38:52.773+0000] {logging_mixin.py:190} INFO - [2025-03-04T17:38:52.772+0000] {dag.py:4180} INFO - Setting next_dagrun for example_xcom_args to None, run_after=None
[2025-03-04T17:38:52.787+0000] {logging_mixin.py:190} INFO - [2025-03-04T17:38:52.787+0000] {dag.py:4180} INFO - Setting next_dagrun for example_xcom_args_with_operators to None, run_after=None
[2025-03-04T17:38:52.812+0000] {processor.py:208} INFO - Processing /home/airflow/.local/lib/python3.12/site-packages/airflow/example_dags/example_xcomargs.py took 0.114 seconds
[2025-03-04T17:39:23.039+0000] {processor.py:186} INFO - Started process (PID=6725) to work on /home/airflow/.local/lib/python3.12/site-packages/airflow/example_dags/example_xcomargs.py
[2025-03-04T17:39:23.041+0000] {processor.py:914} INFO - Processing file /home/airflow/.local/lib/python3.12/site-packages/airflow/example_dags/example_xcomargs.py for tasks to queue
[2025-03-04T17:39:23.043+0000] {logging_mixin.py:190} INFO - [2025-03-04T17:39:23.043+0000] {dagbag.py:588} INFO - Filling up the DagBag from /home/airflow/.local/lib/python3.12/site-packages/airflow/example_dags/example_xcomargs.py
[2025-03-04T17:39:23.056+0000] {processor.py:925} INFO - DAG(s) 'example_xcom_args', 'example_xcom_args_with_operators' retrieved from /home/airflow/.local/lib/python3.12/site-packages/airflow/example_dags/example_xcomargs.py
[2025-03-04T17:39:23.097+0000] {logging_mixin.py:190} INFO - [2025-03-04T17:39:23.097+0000] {dag.py:3239} INFO - Sync 2 DAGs
[2025-03-04T17:39:23.119+0000] {logging_mixin.py:190} INFO - [2025-03-04T17:39:23.119+0000] {dag.py:4180} INFO - Setting next_dagrun for example_xcom_args to None, run_after=None
[2025-03-04T17:39:23.124+0000] {logging_mixin.py:190} INFO - [2025-03-04T17:39:23.124+0000] {dag.py:4180} INFO - Setting next_dagrun for example_xcom_args_with_operators to None, run_after=None
[2025-03-04T17:39:23.146+0000] {processor.py:208} INFO - Processing /home/airflow/.local/lib/python3.12/site-packages/airflow/example_dags/example_xcomargs.py took 0.113 seconds
[2025-03-04T17:39:53.803+0000] {processor.py:186} INFO - Started process (PID=7031) to work on /home/airflow/.local/lib/python3.12/site-packages/airflow/example_dags/example_xcomargs.py
[2025-03-04T17:39:53.805+0000] {processor.py:914} INFO - Processing file /home/airflow/.local/lib/python3.12/site-packages/airflow/example_dags/example_xcomargs.py for tasks to queue
[2025-03-04T17:39:53.807+0000] {logging_mixin.py:190} INFO - [2025-03-04T17:39:53.807+0000] {dagbag.py:588} INFO - Filling up the DagBag from /home/airflow/.local/lib/python3.12/site-packages/airflow/example_dags/example_xcomargs.py
[2025-03-04T17:39:53.819+0000] {processor.py:925} INFO - DAG(s) 'example_xcom_args_with_operators', 'example_xcom_args' retrieved from /home/airflow/.local/lib/python3.12/site-packages/airflow/example_dags/example_xcomargs.py
[2025-03-04T17:39:53.849+0000] {logging_mixin.py:190} INFO - [2025-03-04T17:39:53.849+0000] {dag.py:3239} INFO - Sync 2 DAGs
[2025-03-04T17:39:53.870+0000] {logging_mixin.py:190} INFO - [2025-03-04T17:39:53.869+0000] {dag.py:4180} INFO - Setting next_dagrun for example_xcom_args to None, run_after=None
[2025-03-04T17:39:53.875+0000] {logging_mixin.py:190} INFO - [2025-03-04T17:39:53.874+0000] {dag.py:4180} INFO - Setting next_dagrun for example_xcom_args_with_operators to None, run_after=None
[2025-03-04T17:39:53.905+0000] {processor.py:208} INFO - Processing /home/airflow/.local/lib/python3.12/site-packages/airflow/example_dags/example_xcomargs.py took 0.109 seconds
[2025-03-04T17:40:24.237+0000] {processor.py:186} INFO - Started process (PID=7344) to work on /home/airflow/.local/lib/python3.12/site-packages/airflow/example_dags/example_xcomargs.py
[2025-03-04T17:40:24.238+0000] {processor.py:914} INFO - Processing file /home/airflow/.local/lib/python3.12/site-packages/airflow/example_dags/example_xcomargs.py for tasks to queue
[2025-03-04T17:40:24.241+0000] {logging_mixin.py:190} INFO - [2025-03-04T17:40:24.240+0000] {dagbag.py:588} INFO - Filling up the DagBag from /home/airflow/.local/lib/python3.12/site-packages/airflow/example_dags/example_xcomargs.py
[2025-03-04T17:40:24.253+0000] {processor.py:925} INFO - DAG(s) 'example_xcom_args_with_operators', 'example_xcom_args' retrieved from /home/airflow/.local/lib/python3.12/site-packages/airflow/example_dags/example_xcomargs.py
[2025-03-04T17:40:24.295+0000] {logging_mixin.py:190} INFO - [2025-03-04T17:40:24.295+0000] {dag.py:3239} INFO - Sync 2 DAGs
[2025-03-04T17:40:24.320+0000] {logging_mixin.py:190} INFO - [2025-03-04T17:40:24.320+0000] {dag.py:4180} INFO - Setting next_dagrun for example_xcom_args to None, run_after=None
[2025-03-04T17:40:24.327+0000] {logging_mixin.py:190} INFO - [2025-03-04T17:40:24.326+0000] {dag.py:4180} INFO - Setting next_dagrun for example_xcom_args_with_operators to None, run_after=None
[2025-03-04T17:40:24.354+0000] {processor.py:208} INFO - Processing /home/airflow/.local/lib/python3.12/site-packages/airflow/example_dags/example_xcomargs.py took 0.124 seconds
[2025-03-04T17:40:55.051+0000] {processor.py:186} INFO - Started process (PID=7650) to work on /home/airflow/.local/lib/python3.12/site-packages/airflow/example_dags/example_xcomargs.py
[2025-03-04T17:40:55.053+0000] {processor.py:914} INFO - Processing file /home/airflow/.local/lib/python3.12/site-packages/airflow/example_dags/example_xcomargs.py for tasks to queue
[2025-03-04T17:40:55.056+0000] {logging_mixin.py:190} INFO - [2025-03-04T17:40:55.056+0000] {dagbag.py:588} INFO - Filling up the DagBag from /home/airflow/.local/lib/python3.12/site-packages/airflow/example_dags/example_xcomargs.py
[2025-03-04T17:40:55.072+0000] {processor.py:925} INFO - DAG(s) 'example_xcom_args_with_operators', 'example_xcom_args' retrieved from /home/airflow/.local/lib/python3.12/site-packages/airflow/example_dags/example_xcomargs.py
[2025-03-04T17:40:55.108+0000] {logging_mixin.py:190} INFO - [2025-03-04T17:40:55.108+0000] {dag.py:3239} INFO - Sync 2 DAGs
[2025-03-04T17:40:55.135+0000] {logging_mixin.py:190} INFO - [2025-03-04T17:40:55.135+0000] {dag.py:4180} INFO - Setting next_dagrun for example_xcom_args to None, run_after=None
[2025-03-04T17:40:55.140+0000] {logging_mixin.py:190} INFO - [2025-03-04T17:40:55.140+0000] {dag.py:4180} INFO - Setting next_dagrun for example_xcom_args_with_operators to None, run_after=None
[2025-03-04T17:40:55.163+0000] {processor.py:208} INFO - Processing /home/airflow/.local/lib/python3.12/site-packages/airflow/example_dags/example_xcomargs.py took 0.128 seconds
[2025-03-04T17:41:25.427+0000] {processor.py:186} INFO - Started process (PID=7954) to work on /home/airflow/.local/lib/python3.12/site-packages/airflow/example_dags/example_xcomargs.py
[2025-03-04T17:41:25.429+0000] {processor.py:914} INFO - Processing file /home/airflow/.local/lib/python3.12/site-packages/airflow/example_dags/example_xcomargs.py for tasks to queue
[2025-03-04T17:41:25.432+0000] {logging_mixin.py:190} INFO - [2025-03-04T17:41:25.432+0000] {dagbag.py:588} INFO - Filling up the DagBag from /home/airflow/.local/lib/python3.12/site-packages/airflow/example_dags/example_xcomargs.py
[2025-03-04T17:41:25.446+0000] {processor.py:925} INFO - DAG(s) 'example_xcom_args', 'example_xcom_args_with_operators' retrieved from /home/airflow/.local/lib/python3.12/site-packages/airflow/example_dags/example_xcomargs.py
[2025-03-04T17:41:25.475+0000] {logging_mixin.py:190} INFO - [2025-03-04T17:41:25.475+0000] {dag.py:3239} INFO - Sync 2 DAGs
[2025-03-04T17:41:25.494+0000] {logging_mixin.py:190} INFO - [2025-03-04T17:41:25.493+0000] {dag.py:4180} INFO - Setting next_dagrun for example_xcom_args to None, run_after=None
[2025-03-04T17:41:25.499+0000] {logging_mixin.py:190} INFO - [2025-03-04T17:41:25.499+0000] {dag.py:4180} INFO - Setting next_dagrun for example_xcom_args_with_operators to None, run_after=None
[2025-03-04T17:41:25.523+0000] {processor.py:208} INFO - Processing /home/airflow/.local/lib/python3.12/site-packages/airflow/example_dags/example_xcomargs.py took 0.104 seconds
[2025-03-04T17:41:55.741+0000] {processor.py:186} INFO - Started process (PID=8260) to work on /home/airflow/.local/lib/python3.12/site-packages/airflow/example_dags/example_xcomargs.py
[2025-03-04T17:41:55.743+0000] {processor.py:914} INFO - Processing file /home/airflow/.local/lib/python3.12/site-packages/airflow/example_dags/example_xcomargs.py for tasks to queue
[2025-03-04T17:41:55.747+0000] {logging_mixin.py:190} INFO - [2025-03-04T17:41:55.746+0000] {dagbag.py:588} INFO - Filling up the DagBag from /home/airflow/.local/lib/python3.12/site-packages/airflow/example_dags/example_xcomargs.py
[2025-03-04T17:41:55.758+0000] {processor.py:925} INFO - DAG(s) 'example_xcom_args', 'example_xcom_args_with_operators' retrieved from /home/airflow/.local/lib/python3.12/site-packages/airflow/example_dags/example_xcomargs.py
[2025-03-04T17:41:55.788+0000] {logging_mixin.py:190} INFO - [2025-03-04T17:41:55.787+0000] {dag.py:3239} INFO - Sync 2 DAGs
[2025-03-04T17:41:55.806+0000] {logging_mixin.py:190} INFO - [2025-03-04T17:41:55.805+0000] {dag.py:4180} INFO - Setting next_dagrun for example_xcom_args to None, run_after=None
[2025-03-04T17:41:55.811+0000] {logging_mixin.py:190} INFO - [2025-03-04T17:41:55.810+0000] {dag.py:4180} INFO - Setting next_dagrun for example_xcom_args_with_operators to None, run_after=None
[2025-03-04T17:41:55.832+0000] {processor.py:208} INFO - Processing /home/airflow/.local/lib/python3.12/site-packages/airflow/example_dags/example_xcomargs.py took 0.108 seconds
[2025-03-04T17:43:16.502+0000] {processor.py:186} INFO - Started process (PID=208) to work on /home/airflow/.local/lib/python3.12/site-packages/airflow/example_dags/example_xcomargs.py
[2025-03-04T17:43:16.504+0000] {processor.py:914} INFO - Processing file /home/airflow/.local/lib/python3.12/site-packages/airflow/example_dags/example_xcomargs.py for tasks to queue
[2025-03-04T17:43:16.506+0000] {logging_mixin.py:190} INFO - [2025-03-04T17:43:16.505+0000] {dagbag.py:588} INFO - Filling up the DagBag from /home/airflow/.local/lib/python3.12/site-packages/airflow/example_dags/example_xcomargs.py
[2025-03-04T17:43:16.516+0000] {processor.py:925} INFO - DAG(s) 'example_xcom_args', 'example_xcom_args_with_operators' retrieved from /home/airflow/.local/lib/python3.12/site-packages/airflow/example_dags/example_xcomargs.py
[2025-03-04T17:43:16.550+0000] {logging_mixin.py:190} INFO - [2025-03-04T17:43:16.549+0000] {dag.py:3239} INFO - Sync 2 DAGs
[2025-03-04T17:43:16.571+0000] {logging_mixin.py:190} INFO - [2025-03-04T17:43:16.570+0000] {dag.py:4180} INFO - Setting next_dagrun for example_xcom_args to None, run_after=None
[2025-03-04T17:43:16.575+0000] {logging_mixin.py:190} INFO - [2025-03-04T17:43:16.575+0000] {dag.py:4180} INFO - Setting next_dagrun for example_xcom_args_with_operators to None, run_after=None
[2025-03-04T17:43:16.595+0000] {processor.py:208} INFO - Processing /home/airflow/.local/lib/python3.12/site-packages/airflow/example_dags/example_xcomargs.py took 0.099 seconds
[2025-03-04T17:43:47.095+0000] {processor.py:186} INFO - Started process (PID=514) to work on /home/airflow/.local/lib/python3.12/site-packages/airflow/example_dags/example_xcomargs.py
[2025-03-04T17:43:47.096+0000] {processor.py:914} INFO - Processing file /home/airflow/.local/lib/python3.12/site-packages/airflow/example_dags/example_xcomargs.py for tasks to queue
[2025-03-04T17:43:47.099+0000] {logging_mixin.py:190} INFO - [2025-03-04T17:43:47.099+0000] {dagbag.py:588} INFO - Filling up the DagBag from /home/airflow/.local/lib/python3.12/site-packages/airflow/example_dags/example_xcomargs.py
[2025-03-04T17:43:47.112+0000] {processor.py:925} INFO - DAG(s) 'example_xcom_args', 'example_xcom_args_with_operators' retrieved from /home/airflow/.local/lib/python3.12/site-packages/airflow/example_dags/example_xcomargs.py
[2025-03-04T17:43:47.148+0000] {logging_mixin.py:190} INFO - [2025-03-04T17:43:47.148+0000] {dag.py:3239} INFO - Sync 2 DAGs
[2025-03-04T17:43:47.167+0000] {logging_mixin.py:190} INFO - [2025-03-04T17:43:47.167+0000] {dag.py:4180} INFO - Setting next_dagrun for example_xcom_args to None, run_after=None
[2025-03-04T17:43:47.172+0000] {logging_mixin.py:190} INFO - [2025-03-04T17:43:47.172+0000] {dag.py:4180} INFO - Setting next_dagrun for example_xcom_args_with_operators to None, run_after=None
[2025-03-04T17:43:47.195+0000] {processor.py:208} INFO - Processing /home/airflow/.local/lib/python3.12/site-packages/airflow/example_dags/example_xcomargs.py took 0.108 seconds
[2025-03-04T17:44:17.795+0000] {processor.py:186} INFO - Started process (PID=820) to work on /home/airflow/.local/lib/python3.12/site-packages/airflow/example_dags/example_xcomargs.py
[2025-03-04T17:44:17.797+0000] {processor.py:914} INFO - Processing file /home/airflow/.local/lib/python3.12/site-packages/airflow/example_dags/example_xcomargs.py for tasks to queue
[2025-03-04T17:44:17.800+0000] {logging_mixin.py:190} INFO - [2025-03-04T17:44:17.799+0000] {dagbag.py:588} INFO - Filling up the DagBag from /home/airflow/.local/lib/python3.12/site-packages/airflow/example_dags/example_xcomargs.py
[2025-03-04T17:44:17.813+0000] {processor.py:925} INFO - DAG(s) 'example_xcom_args', 'example_xcom_args_with_operators' retrieved from /home/airflow/.local/lib/python3.12/site-packages/airflow/example_dags/example_xcomargs.py
[2025-03-04T17:44:17.847+0000] {logging_mixin.py:190} INFO - [2025-03-04T17:44:17.846+0000] {dag.py:3239} INFO - Sync 2 DAGs
[2025-03-04T17:44:17.865+0000] {logging_mixin.py:190} INFO - [2025-03-04T17:44:17.865+0000] {dag.py:4180} INFO - Setting next_dagrun for example_xcom_args to None, run_after=None
[2025-03-04T17:44:17.870+0000] {logging_mixin.py:190} INFO - [2025-03-04T17:44:17.870+0000] {dag.py:4180} INFO - Setting next_dagrun for example_xcom_args_with_operators to None, run_after=None
[2025-03-04T17:44:17.897+0000] {processor.py:208} INFO - Processing /home/airflow/.local/lib/python3.12/site-packages/airflow/example_dags/example_xcomargs.py took 0.111 seconds
[2025-03-04T17:44:48.131+0000] {processor.py:186} INFO - Started process (PID=1128) to work on /home/airflow/.local/lib/python3.12/site-packages/airflow/example_dags/example_xcomargs.py
[2025-03-04T17:44:48.133+0000] {processor.py:914} INFO - Processing file /home/airflow/.local/lib/python3.12/site-packages/airflow/example_dags/example_xcomargs.py for tasks to queue
[2025-03-04T17:44:48.135+0000] {logging_mixin.py:190} INFO - [2025-03-04T17:44:48.135+0000] {dagbag.py:588} INFO - Filling up the DagBag from /home/airflow/.local/lib/python3.12/site-packages/airflow/example_dags/example_xcomargs.py
[2025-03-04T17:44:48.147+0000] {processor.py:925} INFO - DAG(s) 'example_xcom_args_with_operators', 'example_xcom_args' retrieved from /home/airflow/.local/lib/python3.12/site-packages/airflow/example_dags/example_xcomargs.py
[2025-03-04T17:44:48.182+0000] {logging_mixin.py:190} INFO - [2025-03-04T17:44:48.181+0000] {dag.py:3239} INFO - Sync 2 DAGs
[2025-03-04T17:44:48.205+0000] {logging_mixin.py:190} INFO - [2025-03-04T17:44:48.205+0000] {dag.py:4180} INFO - Setting next_dagrun for example_xcom_args to None, run_after=None
[2025-03-04T17:44:48.210+0000] {logging_mixin.py:190} INFO - [2025-03-04T17:44:48.210+0000] {dag.py:4180} INFO - Setting next_dagrun for example_xcom_args_with_operators to None, run_after=None
[2025-03-04T17:44:48.244+0000] {processor.py:208} INFO - Processing /home/airflow/.local/lib/python3.12/site-packages/airflow/example_dags/example_xcomargs.py took 0.120 seconds
[2025-03-04T17:45:18.414+0000] {processor.py:186} INFO - Started process (PID=1440) to work on /home/airflow/.local/lib/python3.12/site-packages/airflow/example_dags/example_xcomargs.py
[2025-03-04T17:45:18.416+0000] {processor.py:914} INFO - Processing file /home/airflow/.local/lib/python3.12/site-packages/airflow/example_dags/example_xcomargs.py for tasks to queue
[2025-03-04T17:45:18.418+0000] {logging_mixin.py:190} INFO - [2025-03-04T17:45:18.418+0000] {dagbag.py:588} INFO - Filling up the DagBag from /home/airflow/.local/lib/python3.12/site-packages/airflow/example_dags/example_xcomargs.py
[2025-03-04T17:45:18.429+0000] {processor.py:925} INFO - DAG(s) 'example_xcom_args', 'example_xcom_args_with_operators' retrieved from /home/airflow/.local/lib/python3.12/site-packages/airflow/example_dags/example_xcomargs.py
[2025-03-04T17:45:18.455+0000] {logging_mixin.py:190} INFO - [2025-03-04T17:45:18.455+0000] {dag.py:3239} INFO - Sync 2 DAGs
[2025-03-04T17:45:18.472+0000] {logging_mixin.py:190} INFO - [2025-03-04T17:45:18.472+0000] {dag.py:4180} INFO - Setting next_dagrun for example_xcom_args to None, run_after=None
[2025-03-04T17:45:18.476+0000] {logging_mixin.py:190} INFO - [2025-03-04T17:45:18.476+0000] {dag.py:4180} INFO - Setting next_dagrun for example_xcom_args_with_operators to None, run_after=None
[2025-03-04T17:45:18.498+0000] {processor.py:208} INFO - Processing /home/airflow/.local/lib/python3.12/site-packages/airflow/example_dags/example_xcomargs.py took 0.090 seconds
[2025-03-04T17:45:48.748+0000] {processor.py:186} INFO - Started process (PID=1744) to work on /home/airflow/.local/lib/python3.12/site-packages/airflow/example_dags/example_xcomargs.py
[2025-03-04T17:45:48.750+0000] {processor.py:914} INFO - Processing file /home/airflow/.local/lib/python3.12/site-packages/airflow/example_dags/example_xcomargs.py for tasks to queue
[2025-03-04T17:45:48.752+0000] {logging_mixin.py:190} INFO - [2025-03-04T17:45:48.752+0000] {dagbag.py:588} INFO - Filling up the DagBag from /home/airflow/.local/lib/python3.12/site-packages/airflow/example_dags/example_xcomargs.py
[2025-03-04T17:45:48.765+0000] {processor.py:925} INFO - DAG(s) 'example_xcom_args', 'example_xcom_args_with_operators' retrieved from /home/airflow/.local/lib/python3.12/site-packages/airflow/example_dags/example_xcomargs.py
[2025-03-04T17:45:48.798+0000] {logging_mixin.py:190} INFO - [2025-03-04T17:45:48.797+0000] {dag.py:3239} INFO - Sync 2 DAGs
[2025-03-04T17:45:48.819+0000] {logging_mixin.py:190} INFO - [2025-03-04T17:45:48.819+0000] {dag.py:4180} INFO - Setting next_dagrun for example_xcom_args to None, run_after=None
[2025-03-04T17:45:48.824+0000] {logging_mixin.py:190} INFO - [2025-03-04T17:45:48.824+0000] {dag.py:4180} INFO - Setting next_dagrun for example_xcom_args_with_operators to None, run_after=None
[2025-03-04T17:45:48.852+0000] {processor.py:208} INFO - Processing /home/airflow/.local/lib/python3.12/site-packages/airflow/example_dags/example_xcomargs.py took 0.111 seconds
[2025-03-04T17:46:19.247+0000] {processor.py:186} INFO - Started process (PID=2052) to work on /home/airflow/.local/lib/python3.12/site-packages/airflow/example_dags/example_xcomargs.py
[2025-03-04T17:46:19.248+0000] {processor.py:914} INFO - Processing file /home/airflow/.local/lib/python3.12/site-packages/airflow/example_dags/example_xcomargs.py for tasks to queue
[2025-03-04T17:46:19.251+0000] {logging_mixin.py:190} INFO - [2025-03-04T17:46:19.251+0000] {dagbag.py:588} INFO - Filling up the DagBag from /home/airflow/.local/lib/python3.12/site-packages/airflow/example_dags/example_xcomargs.py
[2025-03-04T17:46:19.263+0000] {processor.py:925} INFO - DAG(s) 'example_xcom_args', 'example_xcom_args_with_operators' retrieved from /home/airflow/.local/lib/python3.12/site-packages/airflow/example_dags/example_xcomargs.py
[2025-03-04T17:46:19.291+0000] {logging_mixin.py:190} INFO - [2025-03-04T17:46:19.291+0000] {dag.py:3239} INFO - Sync 2 DAGs
[2025-03-04T17:46:19.309+0000] {logging_mixin.py:190} INFO - [2025-03-04T17:46:19.309+0000] {dag.py:4180} INFO - Setting next_dagrun for example_xcom_args to None, run_after=None
[2025-03-04T17:46:19.314+0000] {logging_mixin.py:190} INFO - [2025-03-04T17:46:19.314+0000] {dag.py:4180} INFO - Setting next_dagrun for example_xcom_args_with_operators to None, run_after=None
[2025-03-04T17:46:19.339+0000] {processor.py:208} INFO - Processing /home/airflow/.local/lib/python3.12/site-packages/airflow/example_dags/example_xcomargs.py took 0.105 seconds
[2025-03-04T17:46:50.030+0000] {processor.py:186} INFO - Started process (PID=2356) to work on /home/airflow/.local/lib/python3.12/site-packages/airflow/example_dags/example_xcomargs.py
[2025-03-04T17:46:50.031+0000] {processor.py:914} INFO - Processing file /home/airflow/.local/lib/python3.12/site-packages/airflow/example_dags/example_xcomargs.py for tasks to queue
[2025-03-04T17:46:50.033+0000] {logging_mixin.py:190} INFO - [2025-03-04T17:46:50.033+0000] {dagbag.py:588} INFO - Filling up the DagBag from /home/airflow/.local/lib/python3.12/site-packages/airflow/example_dags/example_xcomargs.py
[2025-03-04T17:46:50.045+0000] {processor.py:925} INFO - DAG(s) 'example_xcom_args_with_operators', 'example_xcom_args' retrieved from /home/airflow/.local/lib/python3.12/site-packages/airflow/example_dags/example_xcomargs.py
[2025-03-04T17:46:50.076+0000] {logging_mixin.py:190} INFO - [2025-03-04T17:46:50.075+0000] {dag.py:3239} INFO - Sync 2 DAGs
[2025-03-04T17:46:50.095+0000] {logging_mixin.py:190} INFO - [2025-03-04T17:46:50.095+0000] {dag.py:4180} INFO - Setting next_dagrun for example_xcom_args to None, run_after=None
[2025-03-04T17:46:50.100+0000] {logging_mixin.py:190} INFO - [2025-03-04T17:46:50.099+0000] {dag.py:4180} INFO - Setting next_dagrun for example_xcom_args_with_operators to None, run_after=None
[2025-03-04T17:46:50.121+0000] {processor.py:208} INFO - Processing /home/airflow/.local/lib/python3.12/site-packages/airflow/example_dags/example_xcomargs.py took 0.098 seconds
[2025-03-04T17:47:20.820+0000] {processor.py:186} INFO - Started process (PID=2662) to work on /home/airflow/.local/lib/python3.12/site-packages/airflow/example_dags/example_xcomargs.py
[2025-03-04T17:47:20.822+0000] {processor.py:914} INFO - Processing file /home/airflow/.local/lib/python3.12/site-packages/airflow/example_dags/example_xcomargs.py for tasks to queue
[2025-03-04T17:47:20.827+0000] {logging_mixin.py:190} INFO - [2025-03-04T17:47:20.826+0000] {dagbag.py:588} INFO - Filling up the DagBag from /home/airflow/.local/lib/python3.12/site-packages/airflow/example_dags/example_xcomargs.py
[2025-03-04T17:47:20.843+0000] {processor.py:925} INFO - DAG(s) 'example_xcom_args', 'example_xcom_args_with_operators' retrieved from /home/airflow/.local/lib/python3.12/site-packages/airflow/example_dags/example_xcomargs.py
[2025-03-04T17:47:20.874+0000] {logging_mixin.py:190} INFO - [2025-03-04T17:47:20.874+0000] {dag.py:3239} INFO - Sync 2 DAGs
[2025-03-04T17:47:20.891+0000] {logging_mixin.py:190} INFO - [2025-03-04T17:47:20.891+0000] {dag.py:4180} INFO - Setting next_dagrun for example_xcom_args to None, run_after=None
[2025-03-04T17:47:20.896+0000] {logging_mixin.py:190} INFO - [2025-03-04T17:47:20.896+0000] {dag.py:4180} INFO - Setting next_dagrun for example_xcom_args_with_operators to None, run_after=None
[2025-03-04T17:47:20.923+0000] {processor.py:208} INFO - Processing /home/airflow/.local/lib/python3.12/site-packages/airflow/example_dags/example_xcomargs.py took 0.110 seconds
[2025-03-04T17:47:51.685+0000] {processor.py:186} INFO - Started process (PID=2968) to work on /home/airflow/.local/lib/python3.12/site-packages/airflow/example_dags/example_xcomargs.py
[2025-03-04T17:47:51.687+0000] {processor.py:914} INFO - Processing file /home/airflow/.local/lib/python3.12/site-packages/airflow/example_dags/example_xcomargs.py for tasks to queue
[2025-03-04T17:47:51.690+0000] {logging_mixin.py:190} INFO - [2025-03-04T17:47:51.690+0000] {dagbag.py:588} INFO - Filling up the DagBag from /home/airflow/.local/lib/python3.12/site-packages/airflow/example_dags/example_xcomargs.py
[2025-03-04T17:47:51.703+0000] {processor.py:925} INFO - DAG(s) 'example_xcom_args', 'example_xcom_args_with_operators' retrieved from /home/airflow/.local/lib/python3.12/site-packages/airflow/example_dags/example_xcomargs.py
[2025-03-04T17:47:51.735+0000] {logging_mixin.py:190} INFO - [2025-03-04T17:47:51.735+0000] {dag.py:3239} INFO - Sync 2 DAGs
[2025-03-04T17:47:51.757+0000] {logging_mixin.py:190} INFO - [2025-03-04T17:47:51.757+0000] {dag.py:4180} INFO - Setting next_dagrun for example_xcom_args to None, run_after=None
[2025-03-04T17:47:51.762+0000] {logging_mixin.py:190} INFO - [2025-03-04T17:47:51.762+0000] {dag.py:4180} INFO - Setting next_dagrun for example_xcom_args_with_operators to None, run_after=None
[2025-03-04T17:47:51.791+0000] {processor.py:208} INFO - Processing /home/airflow/.local/lib/python3.12/site-packages/airflow/example_dags/example_xcomargs.py took 0.114 seconds
[2025-03-04T17:48:22.029+0000] {processor.py:186} INFO - Started process (PID=3275) to work on /home/airflow/.local/lib/python3.12/site-packages/airflow/example_dags/example_xcomargs.py
[2025-03-04T17:48:22.030+0000] {processor.py:914} INFO - Processing file /home/airflow/.local/lib/python3.12/site-packages/airflow/example_dags/example_xcomargs.py for tasks to queue
[2025-03-04T17:48:22.032+0000] {logging_mixin.py:190} INFO - [2025-03-04T17:48:22.032+0000] {dagbag.py:588} INFO - Filling up the DagBag from /home/airflow/.local/lib/python3.12/site-packages/airflow/example_dags/example_xcomargs.py
[2025-03-04T17:48:22.043+0000] {processor.py:925} INFO - DAG(s) 'example_xcom_args_with_operators', 'example_xcom_args' retrieved from /home/airflow/.local/lib/python3.12/site-packages/airflow/example_dags/example_xcomargs.py
[2025-03-04T17:48:22.068+0000] {logging_mixin.py:190} INFO - [2025-03-04T17:48:22.068+0000] {dag.py:3239} INFO - Sync 2 DAGs
[2025-03-04T17:48:22.086+0000] {logging_mixin.py:190} INFO - [2025-03-04T17:48:22.085+0000] {dag.py:4180} INFO - Setting next_dagrun for example_xcom_args to None, run_after=None
[2025-03-04T17:48:22.090+0000] {logging_mixin.py:190} INFO - [2025-03-04T17:48:22.090+0000] {dag.py:4180} INFO - Setting next_dagrun for example_xcom_args_with_operators to None, run_after=None
[2025-03-04T17:48:22.112+0000] {processor.py:208} INFO - Processing /home/airflow/.local/lib/python3.12/site-packages/airflow/example_dags/example_xcomargs.py took 0.089 seconds
[2025-03-04T17:48:52.295+0000] {processor.py:186} INFO - Started process (PID=3584) to work on /home/airflow/.local/lib/python3.12/site-packages/airflow/example_dags/example_xcomargs.py
[2025-03-04T17:48:52.296+0000] {processor.py:914} INFO - Processing file /home/airflow/.local/lib/python3.12/site-packages/airflow/example_dags/example_xcomargs.py for tasks to queue
[2025-03-04T17:48:52.299+0000] {logging_mixin.py:190} INFO - [2025-03-04T17:48:52.298+0000] {dagbag.py:588} INFO - Filling up the DagBag from /home/airflow/.local/lib/python3.12/site-packages/airflow/example_dags/example_xcomargs.py
[2025-03-04T17:48:52.310+0000] {processor.py:925} INFO - DAG(s) 'example_xcom_args_with_operators', 'example_xcom_args' retrieved from /home/airflow/.local/lib/python3.12/site-packages/airflow/example_dags/example_xcomargs.py
[2025-03-04T17:48:52.348+0000] {logging_mixin.py:190} INFO - [2025-03-04T17:48:52.348+0000] {dag.py:3239} INFO - Sync 2 DAGs
[2025-03-04T17:48:52.367+0000] {logging_mixin.py:190} INFO - [2025-03-04T17:48:52.367+0000] {dag.py:4180} INFO - Setting next_dagrun for example_xcom_args to None, run_after=None
[2025-03-04T17:48:52.372+0000] {logging_mixin.py:190} INFO - [2025-03-04T17:48:52.372+0000] {dag.py:4180} INFO - Setting next_dagrun for example_xcom_args_with_operators to None, run_after=None
[2025-03-04T17:48:52.393+0000] {processor.py:208} INFO - Processing /home/airflow/.local/lib/python3.12/site-packages/airflow/example_dags/example_xcomargs.py took 0.105 seconds
[2025-03-04T17:49:22.731+0000] {processor.py:186} INFO - Started process (PID=3892) to work on /home/airflow/.local/lib/python3.12/site-packages/airflow/example_dags/example_xcomargs.py
[2025-03-04T17:49:22.732+0000] {processor.py:914} INFO - Processing file /home/airflow/.local/lib/python3.12/site-packages/airflow/example_dags/example_xcomargs.py for tasks to queue
[2025-03-04T17:49:22.736+0000] {logging_mixin.py:190} INFO - [2025-03-04T17:49:22.735+0000] {dagbag.py:588} INFO - Filling up the DagBag from /home/airflow/.local/lib/python3.12/site-packages/airflow/example_dags/example_xcomargs.py
[2025-03-04T17:49:22.752+0000] {processor.py:925} INFO - DAG(s) 'example_xcom_args', 'example_xcom_args_with_operators' retrieved from /home/airflow/.local/lib/python3.12/site-packages/airflow/example_dags/example_xcomargs.py
[2025-03-04T17:49:22.779+0000] {logging_mixin.py:190} INFO - [2025-03-04T17:49:22.779+0000] {dag.py:3239} INFO - Sync 2 DAGs
[2025-03-04T17:49:22.799+0000] {logging_mixin.py:190} INFO - [2025-03-04T17:49:22.799+0000] {dag.py:4180} INFO - Setting next_dagrun for example_xcom_args to None, run_after=None
[2025-03-04T17:49:22.804+0000] {logging_mixin.py:190} INFO - [2025-03-04T17:49:22.804+0000] {dag.py:4180} INFO - Setting next_dagrun for example_xcom_args_with_operators to None, run_after=None
[2025-03-04T17:49:22.823+0000] {processor.py:208} INFO - Processing /home/airflow/.local/lib/python3.12/site-packages/airflow/example_dags/example_xcomargs.py took 0.097 seconds
[2025-03-04T17:52:38.536+0000] {processor.py:186} INFO - Started process (PID=208) to work on /home/airflow/.local/lib/python3.12/site-packages/airflow/example_dags/example_xcomargs.py
[2025-03-04T17:52:38.536+0000] {processor.py:914} INFO - Processing file /home/airflow/.local/lib/python3.12/site-packages/airflow/example_dags/example_xcomargs.py for tasks to queue
[2025-03-04T17:52:38.539+0000] {logging_mixin.py:190} INFO - [2025-03-04T17:52:38.538+0000] {dagbag.py:588} INFO - Filling up the DagBag from /home/airflow/.local/lib/python3.12/site-packages/airflow/example_dags/example_xcomargs.py
[2025-03-04T17:52:38.549+0000] {processor.py:925} INFO - DAG(s) 'example_xcom_args_with_operators', 'example_xcom_args' retrieved from /home/airflow/.local/lib/python3.12/site-packages/airflow/example_dags/example_xcomargs.py
[2025-03-04T17:52:38.579+0000] {logging_mixin.py:190} INFO - [2025-03-04T17:52:38.579+0000] {dag.py:3239} INFO - Sync 2 DAGs
[2025-03-04T17:52:38.596+0000] {logging_mixin.py:190} INFO - [2025-03-04T17:52:38.596+0000] {dag.py:4180} INFO - Setting next_dagrun for example_xcom_args to None, run_after=None
[2025-03-04T17:52:38.600+0000] {logging_mixin.py:190} INFO - [2025-03-04T17:52:38.600+0000] {dag.py:4180} INFO - Setting next_dagrun for example_xcom_args_with_operators to None, run_after=None
[2025-03-04T17:52:38.618+0000] {processor.py:208} INFO - Processing /home/airflow/.local/lib/python3.12/site-packages/airflow/example_dags/example_xcomargs.py took 0.093 seconds
[2025-03-04T17:53:08.847+0000] {processor.py:186} INFO - Started process (PID=516) to work on /home/airflow/.local/lib/python3.12/site-packages/airflow/example_dags/example_xcomargs.py
[2025-03-04T17:53:08.849+0000] {processor.py:914} INFO - Processing file /home/airflow/.local/lib/python3.12/site-packages/airflow/example_dags/example_xcomargs.py for tasks to queue
[2025-03-04T17:53:08.852+0000] {logging_mixin.py:190} INFO - [2025-03-04T17:53:08.851+0000] {dagbag.py:588} INFO - Filling up the DagBag from /home/airflow/.local/lib/python3.12/site-packages/airflow/example_dags/example_xcomargs.py
[2025-03-04T17:53:08.866+0000] {processor.py:925} INFO - DAG(s) 'example_xcom_args', 'example_xcom_args_with_operators' retrieved from /home/airflow/.local/lib/python3.12/site-packages/airflow/example_dags/example_xcomargs.py
[2025-03-04T17:53:08.902+0000] {logging_mixin.py:190} INFO - [2025-03-04T17:53:08.902+0000] {dag.py:3239} INFO - Sync 2 DAGs
[2025-03-04T17:53:08.921+0000] {logging_mixin.py:190} INFO - [2025-03-04T17:53:08.921+0000] {dag.py:4180} INFO - Setting next_dagrun for example_xcom_args to None, run_after=None
[2025-03-04T17:53:08.926+0000] {logging_mixin.py:190} INFO - [2025-03-04T17:53:08.926+0000] {dag.py:4180} INFO - Setting next_dagrun for example_xcom_args_with_operators to None, run_after=None
[2025-03-04T17:53:08.949+0000] {processor.py:208} INFO - Processing /home/airflow/.local/lib/python3.12/site-packages/airflow/example_dags/example_xcomargs.py took 0.109 seconds
[2025-03-04T17:53:39.801+0000] {processor.py:186} INFO - Started process (PID=822) to work on /home/airflow/.local/lib/python3.12/site-packages/airflow/example_dags/example_xcomargs.py
[2025-03-04T17:53:39.802+0000] {processor.py:914} INFO - Processing file /home/airflow/.local/lib/python3.12/site-packages/airflow/example_dags/example_xcomargs.py for tasks to queue
[2025-03-04T17:53:39.804+0000] {logging_mixin.py:190} INFO - [2025-03-04T17:53:39.804+0000] {dagbag.py:588} INFO - Filling up the DagBag from /home/airflow/.local/lib/python3.12/site-packages/airflow/example_dags/example_xcomargs.py
[2025-03-04T17:53:39.816+0000] {processor.py:925} INFO - DAG(s) 'example_xcom_args', 'example_xcom_args_with_operators' retrieved from /home/airflow/.local/lib/python3.12/site-packages/airflow/example_dags/example_xcomargs.py
[2025-03-04T17:53:39.849+0000] {logging_mixin.py:190} INFO - [2025-03-04T17:53:39.849+0000] {dag.py:3239} INFO - Sync 2 DAGs
[2025-03-04T17:53:39.873+0000] {logging_mixin.py:190} INFO - [2025-03-04T17:53:39.872+0000] {dag.py:4180} INFO - Setting next_dagrun for example_xcom_args to None, run_after=None
[2025-03-04T17:53:39.879+0000] {logging_mixin.py:190} INFO - [2025-03-04T17:53:39.878+0000] {dag.py:4180} INFO - Setting next_dagrun for example_xcom_args_with_operators to None, run_after=None
[2025-03-04T17:53:39.906+0000] {processor.py:208} INFO - Processing /home/airflow/.local/lib/python3.12/site-packages/airflow/example_dags/example_xcomargs.py took 0.112 seconds
[2025-03-04T17:54:10.159+0000] {processor.py:186} INFO - Started process (PID=1128) to work on /home/airflow/.local/lib/python3.12/site-packages/airflow/example_dags/example_xcomargs.py
[2025-03-04T17:54:10.160+0000] {processor.py:914} INFO - Processing file /home/airflow/.local/lib/python3.12/site-packages/airflow/example_dags/example_xcomargs.py for tasks to queue
[2025-03-04T17:54:10.161+0000] {logging_mixin.py:190} INFO - [2025-03-04T17:54:10.161+0000] {dagbag.py:588} INFO - Filling up the DagBag from /home/airflow/.local/lib/python3.12/site-packages/airflow/example_dags/example_xcomargs.py
[2025-03-04T17:54:10.172+0000] {processor.py:925} INFO - DAG(s) 'example_xcom_args_with_operators', 'example_xcom_args' retrieved from /home/airflow/.local/lib/python3.12/site-packages/airflow/example_dags/example_xcomargs.py
[2025-03-04T17:54:10.198+0000] {logging_mixin.py:190} INFO - [2025-03-04T17:54:10.198+0000] {dag.py:3239} INFO - Sync 2 DAGs
[2025-03-04T17:54:10.217+0000] {logging_mixin.py:190} INFO - [2025-03-04T17:54:10.216+0000] {dag.py:4180} INFO - Setting next_dagrun for example_xcom_args to None, run_after=None
[2025-03-04T17:54:10.221+0000] {logging_mixin.py:190} INFO - [2025-03-04T17:54:10.221+0000] {dag.py:4180} INFO - Setting next_dagrun for example_xcom_args_with_operators to None, run_after=None
[2025-03-04T17:54:10.247+0000] {processor.py:208} INFO - Processing /home/airflow/.local/lib/python3.12/site-packages/airflow/example_dags/example_xcomargs.py took 0.095 seconds
[2025-03-04T17:54:40.719+0000] {processor.py:186} INFO - Started process (PID=1444) to work on /home/airflow/.local/lib/python3.12/site-packages/airflow/example_dags/example_xcomargs.py
[2025-03-04T17:54:40.720+0000] {processor.py:914} INFO - Processing file /home/airflow/.local/lib/python3.12/site-packages/airflow/example_dags/example_xcomargs.py for tasks to queue
[2025-03-04T17:54:40.722+0000] {logging_mixin.py:190} INFO - [2025-03-04T17:54:40.722+0000] {dagbag.py:588} INFO - Filling up the DagBag from /home/airflow/.local/lib/python3.12/site-packages/airflow/example_dags/example_xcomargs.py
[2025-03-04T17:54:40.735+0000] {processor.py:925} INFO - DAG(s) 'example_xcom_args_with_operators', 'example_xcom_args' retrieved from /home/airflow/.local/lib/python3.12/site-packages/airflow/example_dags/example_xcomargs.py
[2025-03-04T17:54:40.764+0000] {logging_mixin.py:190} INFO - [2025-03-04T17:54:40.764+0000] {dag.py:3239} INFO - Sync 2 DAGs
[2025-03-04T17:54:40.783+0000] {logging_mixin.py:190} INFO - [2025-03-04T17:54:40.783+0000] {dag.py:4180} INFO - Setting next_dagrun for example_xcom_args to None, run_after=None
[2025-03-04T17:54:40.789+0000] {logging_mixin.py:190} INFO - [2025-03-04T17:54:40.789+0000] {dag.py:4180} INFO - Setting next_dagrun for example_xcom_args_with_operators to None, run_after=None
[2025-03-04T17:54:40.812+0000] {processor.py:208} INFO - Processing /home/airflow/.local/lib/python3.12/site-packages/airflow/example_dags/example_xcomargs.py took 0.101 seconds
[2025-03-04T17:56:37.219+0000] {processor.py:186} INFO - Started process (PID=207) to work on /home/airflow/.local/lib/python3.12/site-packages/airflow/example_dags/example_xcomargs.py
[2025-03-04T17:56:37.220+0000] {processor.py:914} INFO - Processing file /home/airflow/.local/lib/python3.12/site-packages/airflow/example_dags/example_xcomargs.py for tasks to queue
[2025-03-04T17:56:37.223+0000] {logging_mixin.py:190} INFO - [2025-03-04T17:56:37.222+0000] {dagbag.py:588} INFO - Filling up the DagBag from /home/airflow/.local/lib/python3.12/site-packages/airflow/example_dags/example_xcomargs.py
[2025-03-04T17:56:37.248+0000] {processor.py:925} INFO - DAG(s) 'example_xcom_args_with_operators', 'example_xcom_args' retrieved from /home/airflow/.local/lib/python3.12/site-packages/airflow/example_dags/example_xcomargs.py
[2025-03-04T17:56:37.282+0000] {logging_mixin.py:190} INFO - [2025-03-04T17:56:37.282+0000] {dag.py:3239} INFO - Sync 2 DAGs
[2025-03-04T17:56:37.300+0000] {logging_mixin.py:190} INFO - [2025-03-04T17:56:37.300+0000] {dag.py:4180} INFO - Setting next_dagrun for example_xcom_args to None, run_after=None
[2025-03-04T17:56:37.305+0000] {logging_mixin.py:190} INFO - [2025-03-04T17:56:37.305+0000] {dag.py:4180} INFO - Setting next_dagrun for example_xcom_args_with_operators to None, run_after=None
[2025-03-04T17:56:37.340+0000] {processor.py:208} INFO - Processing /home/airflow/.local/lib/python3.12/site-packages/airflow/example_dags/example_xcomargs.py took 0.131 seconds
[2025-03-04T17:57:07.505+0000] {processor.py:186} INFO - Started process (PID=520) to work on /home/airflow/.local/lib/python3.12/site-packages/airflow/example_dags/example_xcomargs.py
[2025-03-04T17:57:07.506+0000] {processor.py:914} INFO - Processing file /home/airflow/.local/lib/python3.12/site-packages/airflow/example_dags/example_xcomargs.py for tasks to queue
[2025-03-04T17:57:07.509+0000] {logging_mixin.py:190} INFO - [2025-03-04T17:57:07.508+0000] {dagbag.py:588} INFO - Filling up the DagBag from /home/airflow/.local/lib/python3.12/site-packages/airflow/example_dags/example_xcomargs.py
[2025-03-04T17:57:07.522+0000] {processor.py:925} INFO - DAG(s) 'example_xcom_args_with_operators', 'example_xcom_args' retrieved from /home/airflow/.local/lib/python3.12/site-packages/airflow/example_dags/example_xcomargs.py
[2025-03-04T17:57:07.552+0000] {logging_mixin.py:190} INFO - [2025-03-04T17:57:07.551+0000] {dag.py:3239} INFO - Sync 2 DAGs
[2025-03-04T17:57:07.574+0000] {logging_mixin.py:190} INFO - [2025-03-04T17:57:07.574+0000] {dag.py:4180} INFO - Setting next_dagrun for example_xcom_args to None, run_after=None
[2025-03-04T17:57:07.579+0000] {logging_mixin.py:190} INFO - [2025-03-04T17:57:07.579+0000] {dag.py:4180} INFO - Setting next_dagrun for example_xcom_args_with_operators to None, run_after=None
[2025-03-04T17:57:07.604+0000] {processor.py:208} INFO - Processing /home/airflow/.local/lib/python3.12/site-packages/airflow/example_dags/example_xcomargs.py took 0.109 seconds
[2025-03-04T17:57:38.398+0000] {processor.py:186} INFO - Started process (PID=845) to work on /home/airflow/.local/lib/python3.12/site-packages/airflow/example_dags/example_xcomargs.py
[2025-03-04T17:57:38.399+0000] {processor.py:914} INFO - Processing file /home/airflow/.local/lib/python3.12/site-packages/airflow/example_dags/example_xcomargs.py for tasks to queue
[2025-03-04T17:57:38.401+0000] {logging_mixin.py:190} INFO - [2025-03-04T17:57:38.401+0000] {dagbag.py:588} INFO - Filling up the DagBag from /home/airflow/.local/lib/python3.12/site-packages/airflow/example_dags/example_xcomargs.py
[2025-03-04T17:57:38.413+0000] {processor.py:925} INFO - DAG(s) 'example_xcom_args_with_operators', 'example_xcom_args' retrieved from /home/airflow/.local/lib/python3.12/site-packages/airflow/example_dags/example_xcomargs.py
[2025-03-04T17:57:38.445+0000] {logging_mixin.py:190} INFO - [2025-03-04T17:57:38.445+0000] {dag.py:3239} INFO - Sync 2 DAGs
[2025-03-04T17:57:38.465+0000] {logging_mixin.py:190} INFO - [2025-03-04T17:57:38.465+0000] {dag.py:4180} INFO - Setting next_dagrun for example_xcom_args to None, run_after=None
[2025-03-04T17:57:38.470+0000] {logging_mixin.py:190} INFO - [2025-03-04T17:57:38.470+0000] {dag.py:4180} INFO - Setting next_dagrun for example_xcom_args_with_operators to None, run_after=None
[2025-03-04T17:57:38.492+0000] {processor.py:208} INFO - Processing /home/airflow/.local/lib/python3.12/site-packages/airflow/example_dags/example_xcomargs.py took 0.101 seconds
[2025-03-04T17:58:09.387+0000] {processor.py:186} INFO - Started process (PID=1152) to work on /home/airflow/.local/lib/python3.12/site-packages/airflow/example_dags/example_xcomargs.py
[2025-03-04T17:58:09.388+0000] {processor.py:914} INFO - Processing file /home/airflow/.local/lib/python3.12/site-packages/airflow/example_dags/example_xcomargs.py for tasks to queue
[2025-03-04T17:58:09.391+0000] {logging_mixin.py:190} INFO - [2025-03-04T17:58:09.391+0000] {dagbag.py:588} INFO - Filling up the DagBag from /home/airflow/.local/lib/python3.12/site-packages/airflow/example_dags/example_xcomargs.py
[2025-03-04T17:58:09.403+0000] {processor.py:925} INFO - DAG(s) 'example_xcom_args_with_operators', 'example_xcom_args' retrieved from /home/airflow/.local/lib/python3.12/site-packages/airflow/example_dags/example_xcomargs.py
[2025-03-04T17:58:09.439+0000] {logging_mixin.py:190} INFO - [2025-03-04T17:58:09.438+0000] {dag.py:3239} INFO - Sync 2 DAGs
[2025-03-04T17:58:09.456+0000] {logging_mixin.py:190} INFO - [2025-03-04T17:58:09.456+0000] {dag.py:4180} INFO - Setting next_dagrun for example_xcom_args to None, run_after=None
[2025-03-04T17:58:09.461+0000] {logging_mixin.py:190} INFO - [2025-03-04T17:58:09.461+0000] {dag.py:4180} INFO - Setting next_dagrun for example_xcom_args_with_operators to None, run_after=None
[2025-03-04T17:58:09.485+0000] {processor.py:208} INFO - Processing /home/airflow/.local/lib/python3.12/site-packages/airflow/example_dags/example_xcomargs.py took 0.105 seconds
[2025-03-04T17:58:40.419+0000] {processor.py:186} INFO - Started process (PID=1458) to work on /home/airflow/.local/lib/python3.12/site-packages/airflow/example_dags/example_xcomargs.py
[2025-03-04T17:58:40.421+0000] {processor.py:914} INFO - Processing file /home/airflow/.local/lib/python3.12/site-packages/airflow/example_dags/example_xcomargs.py for tasks to queue
[2025-03-04T17:58:40.423+0000] {logging_mixin.py:190} INFO - [2025-03-04T17:58:40.423+0000] {dagbag.py:588} INFO - Filling up the DagBag from /home/airflow/.local/lib/python3.12/site-packages/airflow/example_dags/example_xcomargs.py
[2025-03-04T17:58:40.434+0000] {processor.py:925} INFO - DAG(s) 'example_xcom_args_with_operators', 'example_xcom_args' retrieved from /home/airflow/.local/lib/python3.12/site-packages/airflow/example_dags/example_xcomargs.py
[2025-03-04T17:58:40.461+0000] {logging_mixin.py:190} INFO - [2025-03-04T17:58:40.461+0000] {dag.py:3239} INFO - Sync 2 DAGs
[2025-03-04T17:58:40.478+0000] {logging_mixin.py:190} INFO - [2025-03-04T17:58:40.477+0000] {dag.py:4180} INFO - Setting next_dagrun for example_xcom_args to None, run_after=None
[2025-03-04T17:58:40.482+0000] {logging_mixin.py:190} INFO - [2025-03-04T17:58:40.482+0000] {dag.py:4180} INFO - Setting next_dagrun for example_xcom_args_with_operators to None, run_after=None
[2025-03-04T17:58:40.505+0000] {processor.py:208} INFO - Processing /home/airflow/.local/lib/python3.12/site-packages/airflow/example_dags/example_xcomargs.py took 0.093 seconds
[2025-03-04T17:59:36.592+0000] {processor.py:186} INFO - Started process (PID=207) to work on /home/airflow/.local/lib/python3.12/site-packages/airflow/example_dags/example_xcomargs.py
[2025-03-04T17:59:36.593+0000] {processor.py:914} INFO - Processing file /home/airflow/.local/lib/python3.12/site-packages/airflow/example_dags/example_xcomargs.py for tasks to queue
[2025-03-04T17:59:36.595+0000] {logging_mixin.py:190} INFO - [2025-03-04T17:59:36.595+0000] {dagbag.py:588} INFO - Filling up the DagBag from /home/airflow/.local/lib/python3.12/site-packages/airflow/example_dags/example_xcomargs.py
[2025-03-04T17:59:36.607+0000] {processor.py:925} INFO - DAG(s) 'example_xcom_args', 'example_xcom_args_with_operators' retrieved from /home/airflow/.local/lib/python3.12/site-packages/airflow/example_dags/example_xcomargs.py
[2025-03-04T17:59:36.642+0000] {logging_mixin.py:190} INFO - [2025-03-04T17:59:36.642+0000] {dag.py:3239} INFO - Sync 2 DAGs
[2025-03-04T17:59:36.659+0000] {logging_mixin.py:190} INFO - [2025-03-04T17:59:36.659+0000] {dag.py:4180} INFO - Setting next_dagrun for example_xcom_args to None, run_after=None
[2025-03-04T17:59:36.664+0000] {logging_mixin.py:190} INFO - [2025-03-04T17:59:36.663+0000] {dag.py:4180} INFO - Setting next_dagrun for example_xcom_args_with_operators to None, run_after=None
[2025-03-04T17:59:36.704+0000] {processor.py:208} INFO - Processing /home/airflow/.local/lib/python3.12/site-packages/airflow/example_dags/example_xcomargs.py took 0.119 seconds
[2025-03-04T18:00:06.957+0000] {processor.py:186} INFO - Started process (PID=513) to work on /home/airflow/.local/lib/python3.12/site-packages/airflow/example_dags/example_xcomargs.py
[2025-03-04T18:00:06.958+0000] {processor.py:914} INFO - Processing file /home/airflow/.local/lib/python3.12/site-packages/airflow/example_dags/example_xcomargs.py for tasks to queue
[2025-03-04T18:00:06.961+0000] {logging_mixin.py:190} INFO - [2025-03-04T18:00:06.960+0000] {dagbag.py:588} INFO - Filling up the DagBag from /home/airflow/.local/lib/python3.12/site-packages/airflow/example_dags/example_xcomargs.py
[2025-03-04T18:00:06.973+0000] {processor.py:925} INFO - DAG(s) 'example_xcom_args_with_operators', 'example_xcom_args' retrieved from /home/airflow/.local/lib/python3.12/site-packages/airflow/example_dags/example_xcomargs.py
[2025-03-04T18:00:07.001+0000] {logging_mixin.py:190} INFO - [2025-03-04T18:00:07.001+0000] {dag.py:3239} INFO - Sync 2 DAGs
[2025-03-04T18:00:07.021+0000] {logging_mixin.py:190} INFO - [2025-03-04T18:00:07.020+0000] {dag.py:4180} INFO - Setting next_dagrun for example_xcom_args to None, run_after=None
[2025-03-04T18:00:07.026+0000] {logging_mixin.py:190} INFO - [2025-03-04T18:00:07.026+0000] {dag.py:4180} INFO - Setting next_dagrun for example_xcom_args_with_operators to None, run_after=None
[2025-03-04T18:00:07.045+0000] {processor.py:208} INFO - Processing /home/airflow/.local/lib/python3.12/site-packages/airflow/example_dags/example_xcomargs.py took 0.095 seconds
[2025-03-04T18:00:37.536+0000] {processor.py:186} INFO - Started process (PID=821) to work on /home/airflow/.local/lib/python3.12/site-packages/airflow/example_dags/example_xcomargs.py
[2025-03-04T18:00:37.538+0000] {processor.py:914} INFO - Processing file /home/airflow/.local/lib/python3.12/site-packages/airflow/example_dags/example_xcomargs.py for tasks to queue
[2025-03-04T18:00:37.540+0000] {logging_mixin.py:190} INFO - [2025-03-04T18:00:37.540+0000] {dagbag.py:588} INFO - Filling up the DagBag from /home/airflow/.local/lib/python3.12/site-packages/airflow/example_dags/example_xcomargs.py
[2025-03-04T18:00:37.552+0000] {processor.py:925} INFO - DAG(s) 'example_xcom_args', 'example_xcom_args_with_operators' retrieved from /home/airflow/.local/lib/python3.12/site-packages/airflow/example_dags/example_xcomargs.py
[2025-03-04T18:00:37.589+0000] {logging_mixin.py:190} INFO - [2025-03-04T18:00:37.588+0000] {dag.py:3239} INFO - Sync 2 DAGs
[2025-03-04T18:00:37.608+0000] {logging_mixin.py:190} INFO - [2025-03-04T18:00:37.607+0000] {dag.py:4180} INFO - Setting next_dagrun for example_xcom_args to None, run_after=None
[2025-03-04T18:00:37.612+0000] {logging_mixin.py:190} INFO - [2025-03-04T18:00:37.612+0000] {dag.py:4180} INFO - Setting next_dagrun for example_xcom_args_with_operators to None, run_after=None
[2025-03-04T18:00:37.633+0000] {processor.py:208} INFO - Processing /home/airflow/.local/lib/python3.12/site-packages/airflow/example_dags/example_xcomargs.py took 0.109 seconds
[2025-03-04T18:01:08.051+0000] {processor.py:186} INFO - Started process (PID=1127) to work on /home/airflow/.local/lib/python3.12/site-packages/airflow/example_dags/example_xcomargs.py
[2025-03-04T18:01:08.053+0000] {processor.py:914} INFO - Processing file /home/airflow/.local/lib/python3.12/site-packages/airflow/example_dags/example_xcomargs.py for tasks to queue
[2025-03-04T18:01:08.055+0000] {logging_mixin.py:190} INFO - [2025-03-04T18:01:08.055+0000] {dagbag.py:588} INFO - Filling up the DagBag from /home/airflow/.local/lib/python3.12/site-packages/airflow/example_dags/example_xcomargs.py
[2025-03-04T18:01:08.079+0000] {processor.py:925} INFO - DAG(s) 'example_xcom_args_with_operators', 'example_xcom_args' retrieved from /home/airflow/.local/lib/python3.12/site-packages/airflow/example_dags/example_xcomargs.py
[2025-03-04T18:01:08.112+0000] {logging_mixin.py:190} INFO - [2025-03-04T18:01:08.112+0000] {dag.py:3239} INFO - Sync 2 DAGs
[2025-03-04T18:01:08.134+0000] {logging_mixin.py:190} INFO - [2025-03-04T18:01:08.133+0000] {dag.py:4180} INFO - Setting next_dagrun for example_xcom_args to None, run_after=None
[2025-03-04T18:01:08.138+0000] {logging_mixin.py:190} INFO - [2025-03-04T18:01:08.138+0000] {dag.py:4180} INFO - Setting next_dagrun for example_xcom_args_with_operators to None, run_after=None
[2025-03-04T18:01:08.159+0000] {processor.py:208} INFO - Processing /home/airflow/.local/lib/python3.12/site-packages/airflow/example_dags/example_xcomargs.py took 0.115 seconds
[2025-03-04T18:01:38.666+0000] {processor.py:186} INFO - Started process (PID=1437) to work on /home/airflow/.local/lib/python3.12/site-packages/airflow/example_dags/example_xcomargs.py
[2025-03-04T18:01:38.667+0000] {processor.py:914} INFO - Processing file /home/airflow/.local/lib/python3.12/site-packages/airflow/example_dags/example_xcomargs.py for tasks to queue
[2025-03-04T18:01:38.670+0000] {logging_mixin.py:190} INFO - [2025-03-04T18:01:38.669+0000] {dagbag.py:588} INFO - Filling up the DagBag from /home/airflow/.local/lib/python3.12/site-packages/airflow/example_dags/example_xcomargs.py
[2025-03-04T18:01:38.682+0000] {processor.py:925} INFO - DAG(s) 'example_xcom_args_with_operators', 'example_xcom_args' retrieved from /home/airflow/.local/lib/python3.12/site-packages/airflow/example_dags/example_xcomargs.py
[2025-03-04T18:01:38.715+0000] {logging_mixin.py:190} INFO - [2025-03-04T18:01:38.715+0000] {dag.py:3239} INFO - Sync 2 DAGs
[2025-03-04T18:01:38.733+0000] {logging_mixin.py:190} INFO - [2025-03-04T18:01:38.733+0000] {dag.py:4180} INFO - Setting next_dagrun for example_xcom_args to None, run_after=None
[2025-03-04T18:01:38.738+0000] {logging_mixin.py:190} INFO - [2025-03-04T18:01:38.738+0000] {dag.py:4180} INFO - Setting next_dagrun for example_xcom_args_with_operators to None, run_after=None
[2025-03-04T18:01:38.757+0000] {processor.py:208} INFO - Processing /home/airflow/.local/lib/python3.12/site-packages/airflow/example_dags/example_xcomargs.py took 0.099 seconds
[2025-03-04T18:02:09.461+0000] {processor.py:186} INFO - Started process (PID=1745) to work on /home/airflow/.local/lib/python3.12/site-packages/airflow/example_dags/example_xcomargs.py
[2025-03-04T18:02:09.462+0000] {processor.py:914} INFO - Processing file /home/airflow/.local/lib/python3.12/site-packages/airflow/example_dags/example_xcomargs.py for tasks to queue
[2025-03-04T18:02:09.464+0000] {logging_mixin.py:190} INFO - [2025-03-04T18:02:09.464+0000] {dagbag.py:588} INFO - Filling up the DagBag from /home/airflow/.local/lib/python3.12/site-packages/airflow/example_dags/example_xcomargs.py
[2025-03-04T18:02:09.476+0000] {processor.py:925} INFO - DAG(s) 'example_xcom_args', 'example_xcom_args_with_operators' retrieved from /home/airflow/.local/lib/python3.12/site-packages/airflow/example_dags/example_xcomargs.py
[2025-03-04T18:02:09.505+0000] {logging_mixin.py:190} INFO - [2025-03-04T18:02:09.504+0000] {dag.py:3239} INFO - Sync 2 DAGs
[2025-03-04T18:02:09.523+0000] {logging_mixin.py:190} INFO - [2025-03-04T18:02:09.523+0000] {dag.py:4180} INFO - Setting next_dagrun for example_xcom_args to None, run_after=None
[2025-03-04T18:02:09.528+0000] {logging_mixin.py:190} INFO - [2025-03-04T18:02:09.528+0000] {dag.py:4180} INFO - Setting next_dagrun for example_xcom_args_with_operators to None, run_after=None
[2025-03-04T18:02:09.551+0000] {processor.py:208} INFO - Processing /home/airflow/.local/lib/python3.12/site-packages/airflow/example_dags/example_xcomargs.py took 0.097 seconds
[2025-03-04T18:02:39.727+0000] {processor.py:186} INFO - Started process (PID=2048) to work on /home/airflow/.local/lib/python3.12/site-packages/airflow/example_dags/example_xcomargs.py
[2025-03-04T18:02:39.729+0000] {processor.py:914} INFO - Processing file /home/airflow/.local/lib/python3.12/site-packages/airflow/example_dags/example_xcomargs.py for tasks to queue
[2025-03-04T18:02:39.732+0000] {logging_mixin.py:190} INFO - [2025-03-04T18:02:39.731+0000] {dagbag.py:588} INFO - Filling up the DagBag from /home/airflow/.local/lib/python3.12/site-packages/airflow/example_dags/example_xcomargs.py
[2025-03-04T18:02:39.743+0000] {processor.py:925} INFO - DAG(s) 'example_xcom_args', 'example_xcom_args_with_operators' retrieved from /home/airflow/.local/lib/python3.12/site-packages/airflow/example_dags/example_xcomargs.py
[2025-03-04T18:02:39.770+0000] {logging_mixin.py:190} INFO - [2025-03-04T18:02:39.769+0000] {dag.py:3239} INFO - Sync 2 DAGs
[2025-03-04T18:02:39.788+0000] {logging_mixin.py:190} INFO - [2025-03-04T18:02:39.787+0000] {dag.py:4180} INFO - Setting next_dagrun for example_xcom_args to None, run_after=None
[2025-03-04T18:02:39.793+0000] {logging_mixin.py:190} INFO - [2025-03-04T18:02:39.793+0000] {dag.py:4180} INFO - Setting next_dagrun for example_xcom_args_with_operators to None, run_after=None
[2025-03-04T18:02:39.819+0000] {processor.py:208} INFO - Processing /home/airflow/.local/lib/python3.12/site-packages/airflow/example_dags/example_xcomargs.py took 0.099 seconds
[2025-03-04T18:03:10.038+0000] {processor.py:186} INFO - Started process (PID=2368) to work on /home/airflow/.local/lib/python3.12/site-packages/airflow/example_dags/example_xcomargs.py
[2025-03-04T18:03:10.040+0000] {processor.py:914} INFO - Processing file /home/airflow/.local/lib/python3.12/site-packages/airflow/example_dags/example_xcomargs.py for tasks to queue
[2025-03-04T18:03:10.042+0000] {logging_mixin.py:190} INFO - [2025-03-04T18:03:10.042+0000] {dagbag.py:588} INFO - Filling up the DagBag from /home/airflow/.local/lib/python3.12/site-packages/airflow/example_dags/example_xcomargs.py
[2025-03-04T18:03:10.054+0000] {processor.py:925} INFO - DAG(s) 'example_xcom_args', 'example_xcom_args_with_operators' retrieved from /home/airflow/.local/lib/python3.12/site-packages/airflow/example_dags/example_xcomargs.py
[2025-03-04T18:03:10.084+0000] {logging_mixin.py:190} INFO - [2025-03-04T18:03:10.083+0000] {dag.py:3239} INFO - Sync 2 DAGs
[2025-03-04T18:03:10.102+0000] {logging_mixin.py:190} INFO - [2025-03-04T18:03:10.101+0000] {dag.py:4180} INFO - Setting next_dagrun for example_xcom_args to None, run_after=None
[2025-03-04T18:03:10.111+0000] {logging_mixin.py:190} INFO - [2025-03-04T18:03:10.111+0000] {dag.py:4180} INFO - Setting next_dagrun for example_xcom_args_with_operators to None, run_after=None
[2025-03-04T18:03:10.135+0000] {processor.py:208} INFO - Processing /home/airflow/.local/lib/python3.12/site-packages/airflow/example_dags/example_xcomargs.py took 0.103 seconds
[2025-03-04T18:03:40.290+0000] {processor.py:186} INFO - Started process (PID=2674) to work on /home/airflow/.local/lib/python3.12/site-packages/airflow/example_dags/example_xcomargs.py
[2025-03-04T18:03:40.292+0000] {processor.py:914} INFO - Processing file /home/airflow/.local/lib/python3.12/site-packages/airflow/example_dags/example_xcomargs.py for tasks to queue
[2025-03-04T18:03:40.295+0000] {logging_mixin.py:190} INFO - [2025-03-04T18:03:40.294+0000] {dagbag.py:588} INFO - Filling up the DagBag from /home/airflow/.local/lib/python3.12/site-packages/airflow/example_dags/example_xcomargs.py
[2025-03-04T18:03:40.306+0000] {processor.py:925} INFO - DAG(s) 'example_xcom_args', 'example_xcom_args_with_operators' retrieved from /home/airflow/.local/lib/python3.12/site-packages/airflow/example_dags/example_xcomargs.py
[2025-03-04T18:03:40.334+0000] {logging_mixin.py:190} INFO - [2025-03-04T18:03:40.334+0000] {dag.py:3239} INFO - Sync 2 DAGs
[2025-03-04T18:03:40.352+0000] {logging_mixin.py:190} INFO - [2025-03-04T18:03:40.352+0000] {dag.py:4180} INFO - Setting next_dagrun for example_xcom_args to None, run_after=None
[2025-03-04T18:03:40.357+0000] {logging_mixin.py:190} INFO - [2025-03-04T18:03:40.357+0000] {dag.py:4180} INFO - Setting next_dagrun for example_xcom_args_with_operators to None, run_after=None
[2025-03-04T18:03:40.387+0000] {processor.py:208} INFO - Processing /home/airflow/.local/lib/python3.12/site-packages/airflow/example_dags/example_xcomargs.py took 0.103 seconds
[2025-03-04T18:04:11.540+0000] {processor.py:186} INFO - Started process (PID=2978) to work on /home/airflow/.local/lib/python3.12/site-packages/airflow/example_dags/example_xcomargs.py
[2025-03-04T18:04:11.541+0000] {processor.py:914} INFO - Processing file /home/airflow/.local/lib/python3.12/site-packages/airflow/example_dags/example_xcomargs.py for tasks to queue
[2025-03-04T18:04:11.544+0000] {logging_mixin.py:190} INFO - [2025-03-04T18:04:11.543+0000] {dagbag.py:588} INFO - Filling up the DagBag from /home/airflow/.local/lib/python3.12/site-packages/airflow/example_dags/example_xcomargs.py
[2025-03-04T18:04:11.555+0000] {processor.py:925} INFO - DAG(s) 'example_xcom_args_with_operators', 'example_xcom_args' retrieved from /home/airflow/.local/lib/python3.12/site-packages/airflow/example_dags/example_xcomargs.py
[2025-03-04T18:04:11.585+0000] {logging_mixin.py:190} INFO - [2025-03-04T18:04:11.585+0000] {dag.py:3239} INFO - Sync 2 DAGs
[2025-03-04T18:04:11.604+0000] {logging_mixin.py:190} INFO - [2025-03-04T18:04:11.604+0000] {dag.py:4180} INFO - Setting next_dagrun for example_xcom_args to None, run_after=None
[2025-03-04T18:04:11.609+0000] {logging_mixin.py:190} INFO - [2025-03-04T18:04:11.608+0000] {dag.py:4180} INFO - Setting next_dagrun for example_xcom_args_with_operators to None, run_after=None
[2025-03-04T18:04:11.630+0000] {processor.py:208} INFO - Processing /home/airflow/.local/lib/python3.12/site-packages/airflow/example_dags/example_xcomargs.py took 0.100 seconds
[2025-03-04T18:04:42.114+0000] {processor.py:186} INFO - Started process (PID=3284) to work on /home/airflow/.local/lib/python3.12/site-packages/airflow/example_dags/example_xcomargs.py
[2025-03-04T18:04:42.115+0000] {processor.py:914} INFO - Processing file /home/airflow/.local/lib/python3.12/site-packages/airflow/example_dags/example_xcomargs.py for tasks to queue
[2025-03-04T18:04:42.118+0000] {logging_mixin.py:190} INFO - [2025-03-04T18:04:42.117+0000] {dagbag.py:588} INFO - Filling up the DagBag from /home/airflow/.local/lib/python3.12/site-packages/airflow/example_dags/example_xcomargs.py
[2025-03-04T18:04:42.130+0000] {processor.py:925} INFO - DAG(s) 'example_xcom_args', 'example_xcom_args_with_operators' retrieved from /home/airflow/.local/lib/python3.12/site-packages/airflow/example_dags/example_xcomargs.py
[2025-03-04T18:04:42.161+0000] {logging_mixin.py:190} INFO - [2025-03-04T18:04:42.161+0000] {dag.py:3239} INFO - Sync 2 DAGs
[2025-03-04T18:04:42.199+0000] {logging_mixin.py:190} INFO - [2025-03-04T18:04:42.199+0000] {dag.py:4180} INFO - Setting next_dagrun for example_xcom_args to None, run_after=None
[2025-03-04T18:04:42.205+0000] {logging_mixin.py:190} INFO - [2025-03-04T18:04:42.204+0000] {dag.py:4180} INFO - Setting next_dagrun for example_xcom_args_with_operators to None, run_after=None
[2025-03-04T18:04:42.230+0000] {processor.py:208} INFO - Processing /home/airflow/.local/lib/python3.12/site-packages/airflow/example_dags/example_xcomargs.py took 0.124 seconds
[2025-03-04T18:05:12.889+0000] {processor.py:186} INFO - Started process (PID=3590) to work on /home/airflow/.local/lib/python3.12/site-packages/airflow/example_dags/example_xcomargs.py
[2025-03-04T18:05:12.890+0000] {processor.py:914} INFO - Processing file /home/airflow/.local/lib/python3.12/site-packages/airflow/example_dags/example_xcomargs.py for tasks to queue
[2025-03-04T18:05:12.893+0000] {logging_mixin.py:190} INFO - [2025-03-04T18:05:12.893+0000] {dagbag.py:588} INFO - Filling up the DagBag from /home/airflow/.local/lib/python3.12/site-packages/airflow/example_dags/example_xcomargs.py
[2025-03-04T18:05:12.906+0000] {processor.py:925} INFO - DAG(s) 'example_xcom_args_with_operators', 'example_xcom_args' retrieved from /home/airflow/.local/lib/python3.12/site-packages/airflow/example_dags/example_xcomargs.py
[2025-03-04T18:05:12.933+0000] {logging_mixin.py:190} INFO - [2025-03-04T18:05:12.933+0000] {dag.py:3239} INFO - Sync 2 DAGs
[2025-03-04T18:05:12.951+0000] {logging_mixin.py:190} INFO - [2025-03-04T18:05:12.951+0000] {dag.py:4180} INFO - Setting next_dagrun for example_xcom_args to None, run_after=None
[2025-03-04T18:05:12.956+0000] {logging_mixin.py:190} INFO - [2025-03-04T18:05:12.956+0000] {dag.py:4180} INFO - Setting next_dagrun for example_xcom_args_with_operators to None, run_after=None
[2025-03-04T18:05:12.974+0000] {processor.py:208} INFO - Processing /home/airflow/.local/lib/python3.12/site-packages/airflow/example_dags/example_xcomargs.py took 0.095 seconds
