[2025-03-04T17:28:47.446+0000] {processor.py:186} INFO - Started process (PID=484) to work on /home/airflow/.local/lib/python3.12/site-packages/airflow/example_dags/example_latest_only.py
[2025-03-04T17:28:47.447+0000] {processor.py:914} INFO - Processing file /home/airflow/.local/lib/python3.12/site-packages/airflow/example_dags/example_latest_only.py for tasks to queue
[2025-03-04T17:28:47.451+0000] {logging_mixin.py:190} INFO - [2025-03-04T17:28:47.450+0000] {dagbag.py:588} INFO - Filling up the DagBag from /home/airflow/.local/lib/python3.12/site-packages/airflow/example_dags/example_latest_only.py
[2025-03-04T17:28:47.460+0000] {processor.py:925} INFO - DAG(s) 'latest_only' retrieved from /home/airflow/.local/lib/python3.12/site-packages/airflow/example_dags/example_latest_only.py
[2025-03-04T17:28:47.487+0000] {logging_mixin.py:190} INFO - [2025-03-04T17:28:47.487+0000] {dag.py:3239} INFO - Sync 1 DAGs
[2025-03-04T17:28:47.520+0000] {logging_mixin.py:190} INFO - [2025-03-04T17:28:47.520+0000] {dag.py:4180} INFO - Setting next_dagrun for latest_only to 2025-03-04 12:00:00+00:00, run_after=2025-03-04 16:00:00+00:00
[2025-03-04T17:28:47.543+0000] {processor.py:208} INFO - Processing /home/airflow/.local/lib/python3.12/site-packages/airflow/example_dags/example_latest_only.py took 0.104 seconds
[2025-03-04T17:29:18.197+0000] {processor.py:186} INFO - Started process (PID=805) to work on /home/airflow/.local/lib/python3.12/site-packages/airflow/example_dags/example_latest_only.py
[2025-03-04T17:29:18.198+0000] {processor.py:914} INFO - Processing file /home/airflow/.local/lib/python3.12/site-packages/airflow/example_dags/example_latest_only.py for tasks to queue
[2025-03-04T17:29:18.200+0000] {logging_mixin.py:190} INFO - [2025-03-04T17:29:18.200+0000] {dagbag.py:588} INFO - Filling up the DagBag from /home/airflow/.local/lib/python3.12/site-packages/airflow/example_dags/example_latest_only.py
[2025-03-04T17:29:18.207+0000] {processor.py:925} INFO - DAG(s) 'latest_only' retrieved from /home/airflow/.local/lib/python3.12/site-packages/airflow/example_dags/example_latest_only.py
[2025-03-04T17:29:18.228+0000] {logging_mixin.py:190} INFO - [2025-03-04T17:29:18.228+0000] {dag.py:3239} INFO - Sync 1 DAGs
[2025-03-04T17:29:18.255+0000] {logging_mixin.py:190} INFO - [2025-03-04T17:29:18.255+0000] {dag.py:4180} INFO - Setting next_dagrun for latest_only to 2025-03-04 12:00:00+00:00, run_after=2025-03-04 16:00:00+00:00
[2025-03-04T17:29:18.278+0000] {processor.py:208} INFO - Processing /home/airflow/.local/lib/python3.12/site-packages/airflow/example_dags/example_latest_only.py took 0.087 seconds
[2025-03-04T17:29:48.970+0000] {processor.py:186} INFO - Started process (PID=1111) to work on /home/airflow/.local/lib/python3.12/site-packages/airflow/example_dags/example_latest_only.py
[2025-03-04T17:29:48.971+0000] {processor.py:914} INFO - Processing file /home/airflow/.local/lib/python3.12/site-packages/airflow/example_dags/example_latest_only.py for tasks to queue
[2025-03-04T17:29:48.974+0000] {logging_mixin.py:190} INFO - [2025-03-04T17:29:48.973+0000] {dagbag.py:588} INFO - Filling up the DagBag from /home/airflow/.local/lib/python3.12/site-packages/airflow/example_dags/example_latest_only.py
[2025-03-04T17:29:48.982+0000] {processor.py:925} INFO - DAG(s) 'latest_only' retrieved from /home/airflow/.local/lib/python3.12/site-packages/airflow/example_dags/example_latest_only.py
[2025-03-04T17:29:49.002+0000] {logging_mixin.py:190} INFO - [2025-03-04T17:29:49.002+0000] {dag.py:3239} INFO - Sync 1 DAGs
[2025-03-04T17:29:49.030+0000] {logging_mixin.py:190} INFO - [2025-03-04T17:29:49.029+0000] {dag.py:4180} INFO - Setting next_dagrun for latest_only to 2025-03-04 12:00:00+00:00, run_after=2025-03-04 16:00:00+00:00
[2025-03-04T17:29:49.053+0000] {processor.py:208} INFO - Processing /home/airflow/.local/lib/python3.12/site-packages/airflow/example_dags/example_latest_only.py took 0.091 seconds
[2025-03-04T17:30:20.101+0000] {processor.py:186} INFO - Started process (PID=1417) to work on /home/airflow/.local/lib/python3.12/site-packages/airflow/example_dags/example_latest_only.py
[2025-03-04T17:30:20.102+0000] {processor.py:914} INFO - Processing file /home/airflow/.local/lib/python3.12/site-packages/airflow/example_dags/example_latest_only.py for tasks to queue
[2025-03-04T17:30:20.107+0000] {logging_mixin.py:190} INFO - [2025-03-04T17:30:20.106+0000] {dagbag.py:588} INFO - Filling up the DagBag from /home/airflow/.local/lib/python3.12/site-packages/airflow/example_dags/example_latest_only.py
[2025-03-04T17:30:20.115+0000] {processor.py:925} INFO - DAG(s) 'latest_only' retrieved from /home/airflow/.local/lib/python3.12/site-packages/airflow/example_dags/example_latest_only.py
[2025-03-04T17:30:20.141+0000] {logging_mixin.py:190} INFO - [2025-03-04T17:30:20.141+0000] {dag.py:3239} INFO - Sync 1 DAGs
[2025-03-04T17:30:20.170+0000] {logging_mixin.py:190} INFO - [2025-03-04T17:30:20.170+0000] {dag.py:4180} INFO - Setting next_dagrun for latest_only to 2025-03-04 12:00:00+00:00, run_after=2025-03-04 16:00:00+00:00
[2025-03-04T17:30:20.188+0000] {processor.py:208} INFO - Processing /home/airflow/.local/lib/python3.12/site-packages/airflow/example_dags/example_latest_only.py took 0.099 seconds
[2025-03-04T17:30:51.535+0000] {processor.py:186} INFO - Started process (PID=1723) to work on /home/airflow/.local/lib/python3.12/site-packages/airflow/example_dags/example_latest_only.py
[2025-03-04T17:30:51.537+0000] {processor.py:914} INFO - Processing file /home/airflow/.local/lib/python3.12/site-packages/airflow/example_dags/example_latest_only.py for tasks to queue
[2025-03-04T17:30:51.539+0000] {logging_mixin.py:190} INFO - [2025-03-04T17:30:51.539+0000] {dagbag.py:588} INFO - Filling up the DagBag from /home/airflow/.local/lib/python3.12/site-packages/airflow/example_dags/example_latest_only.py
[2025-03-04T17:30:51.548+0000] {processor.py:925} INFO - DAG(s) 'latest_only' retrieved from /home/airflow/.local/lib/python3.12/site-packages/airflow/example_dags/example_latest_only.py
[2025-03-04T17:30:51.572+0000] {logging_mixin.py:190} INFO - [2025-03-04T17:30:51.572+0000] {dag.py:3239} INFO - Sync 1 DAGs
[2025-03-04T17:30:51.603+0000] {logging_mixin.py:190} INFO - [2025-03-04T17:30:51.602+0000] {dag.py:4180} INFO - Setting next_dagrun for latest_only to 2025-03-04 12:00:00+00:00, run_after=2025-03-04 16:00:00+00:00
[2025-03-04T17:30:51.628+0000] {processor.py:208} INFO - Processing /home/airflow/.local/lib/python3.12/site-packages/airflow/example_dags/example_latest_only.py took 0.100 seconds
[2025-03-04T17:31:22.510+0000] {processor.py:186} INFO - Started process (PID=2029) to work on /home/airflow/.local/lib/python3.12/site-packages/airflow/example_dags/example_latest_only.py
[2025-03-04T17:31:22.511+0000] {processor.py:914} INFO - Processing file /home/airflow/.local/lib/python3.12/site-packages/airflow/example_dags/example_latest_only.py for tasks to queue
[2025-03-04T17:31:22.513+0000] {logging_mixin.py:190} INFO - [2025-03-04T17:31:22.513+0000] {dagbag.py:588} INFO - Filling up the DagBag from /home/airflow/.local/lib/python3.12/site-packages/airflow/example_dags/example_latest_only.py
[2025-03-04T17:31:22.520+0000] {processor.py:925} INFO - DAG(s) 'latest_only' retrieved from /home/airflow/.local/lib/python3.12/site-packages/airflow/example_dags/example_latest_only.py
[2025-03-04T17:31:22.539+0000] {logging_mixin.py:190} INFO - [2025-03-04T17:31:22.539+0000] {dag.py:3239} INFO - Sync 1 DAGs
[2025-03-04T17:31:22.564+0000] {logging_mixin.py:190} INFO - [2025-03-04T17:31:22.563+0000] {dag.py:4180} INFO - Setting next_dagrun for latest_only to 2025-03-04 12:00:00+00:00, run_after=2025-03-04 16:00:00+00:00
[2025-03-04T17:31:22.585+0000] {processor.py:208} INFO - Processing /home/airflow/.local/lib/python3.12/site-packages/airflow/example_dags/example_latest_only.py took 0.081 seconds
[2025-03-04T17:31:54.290+0000] {processor.py:186} INFO - Started process (PID=2335) to work on /home/airflow/.local/lib/python3.12/site-packages/airflow/example_dags/example_latest_only.py
[2025-03-04T17:31:54.291+0000] {processor.py:914} INFO - Processing file /home/airflow/.local/lib/python3.12/site-packages/airflow/example_dags/example_latest_only.py for tasks to queue
[2025-03-04T17:31:54.294+0000] {logging_mixin.py:190} INFO - [2025-03-04T17:31:54.294+0000] {dagbag.py:588} INFO - Filling up the DagBag from /home/airflow/.local/lib/python3.12/site-packages/airflow/example_dags/example_latest_only.py
[2025-03-04T17:31:54.302+0000] {processor.py:925} INFO - DAG(s) 'latest_only' retrieved from /home/airflow/.local/lib/python3.12/site-packages/airflow/example_dags/example_latest_only.py
[2025-03-04T17:31:54.324+0000] {logging_mixin.py:190} INFO - [2025-03-04T17:31:54.324+0000] {dag.py:3239} INFO - Sync 1 DAGs
[2025-03-04T17:31:54.353+0000] {logging_mixin.py:190} INFO - [2025-03-04T17:31:54.352+0000] {dag.py:4180} INFO - Setting next_dagrun for latest_only to 2025-03-04 12:00:00+00:00, run_after=2025-03-04 16:00:00+00:00
[2025-03-04T17:31:54.381+0000] {processor.py:208} INFO - Processing /home/airflow/.local/lib/python3.12/site-packages/airflow/example_dags/example_latest_only.py took 0.100 seconds
[2025-03-04T17:32:25.223+0000] {processor.py:186} INFO - Started process (PID=2643) to work on /home/airflow/.local/lib/python3.12/site-packages/airflow/example_dags/example_latest_only.py
[2025-03-04T17:32:25.224+0000] {processor.py:914} INFO - Processing file /home/airflow/.local/lib/python3.12/site-packages/airflow/example_dags/example_latest_only.py for tasks to queue
[2025-03-04T17:32:25.228+0000] {logging_mixin.py:190} INFO - [2025-03-04T17:32:25.228+0000] {dagbag.py:588} INFO - Filling up the DagBag from /home/airflow/.local/lib/python3.12/site-packages/airflow/example_dags/example_latest_only.py
[2025-03-04T17:32:25.244+0000] {processor.py:925} INFO - DAG(s) 'latest_only' retrieved from /home/airflow/.local/lib/python3.12/site-packages/airflow/example_dags/example_latest_only.py
[2025-03-04T17:32:25.268+0000] {logging_mixin.py:190} INFO - [2025-03-04T17:32:25.268+0000] {dag.py:3239} INFO - Sync 1 DAGs
[2025-03-04T17:32:25.295+0000] {logging_mixin.py:190} INFO - [2025-03-04T17:32:25.295+0000] {dag.py:4180} INFO - Setting next_dagrun for latest_only to 2025-03-04 12:00:00+00:00, run_after=2025-03-04 16:00:00+00:00
[2025-03-04T17:32:25.325+0000] {processor.py:208} INFO - Processing /home/airflow/.local/lib/python3.12/site-packages/airflow/example_dags/example_latest_only.py took 0.108 seconds
[2025-03-04T17:32:56.468+0000] {processor.py:186} INFO - Started process (PID=2947) to work on /home/airflow/.local/lib/python3.12/site-packages/airflow/example_dags/example_latest_only.py
[2025-03-04T17:32:56.469+0000] {processor.py:914} INFO - Processing file /home/airflow/.local/lib/python3.12/site-packages/airflow/example_dags/example_latest_only.py for tasks to queue
[2025-03-04T17:32:56.472+0000] {logging_mixin.py:190} INFO - [2025-03-04T17:32:56.471+0000] {dagbag.py:588} INFO - Filling up the DagBag from /home/airflow/.local/lib/python3.12/site-packages/airflow/example_dags/example_latest_only.py
[2025-03-04T17:32:56.479+0000] {processor.py:925} INFO - DAG(s) 'latest_only' retrieved from /home/airflow/.local/lib/python3.12/site-packages/airflow/example_dags/example_latest_only.py
[2025-03-04T17:32:56.505+0000] {logging_mixin.py:190} INFO - [2025-03-04T17:32:56.504+0000] {dag.py:3239} INFO - Sync 1 DAGs
[2025-03-04T17:32:56.538+0000] {logging_mixin.py:190} INFO - [2025-03-04T17:32:56.538+0000] {dag.py:4180} INFO - Setting next_dagrun for latest_only to 2025-03-04 12:00:00+00:00, run_after=2025-03-04 16:00:00+00:00
[2025-03-04T17:32:56.560+0000] {processor.py:208} INFO - Processing /home/airflow/.local/lib/python3.12/site-packages/airflow/example_dags/example_latest_only.py took 0.098 seconds
[2025-03-04T17:33:27.645+0000] {processor.py:186} INFO - Started process (PID=3253) to work on /home/airflow/.local/lib/python3.12/site-packages/airflow/example_dags/example_latest_only.py
[2025-03-04T17:33:27.647+0000] {processor.py:914} INFO - Processing file /home/airflow/.local/lib/python3.12/site-packages/airflow/example_dags/example_latest_only.py for tasks to queue
[2025-03-04T17:33:27.649+0000] {logging_mixin.py:190} INFO - [2025-03-04T17:33:27.649+0000] {dagbag.py:588} INFO - Filling up the DagBag from /home/airflow/.local/lib/python3.12/site-packages/airflow/example_dags/example_latest_only.py
[2025-03-04T17:33:27.656+0000] {processor.py:925} INFO - DAG(s) 'latest_only' retrieved from /home/airflow/.local/lib/python3.12/site-packages/airflow/example_dags/example_latest_only.py
[2025-03-04T17:33:27.675+0000] {logging_mixin.py:190} INFO - [2025-03-04T17:33:27.675+0000] {dag.py:3239} INFO - Sync 1 DAGs
[2025-03-04T17:33:27.702+0000] {logging_mixin.py:190} INFO - [2025-03-04T17:33:27.702+0000] {dag.py:4180} INFO - Setting next_dagrun for latest_only to 2025-03-04 12:00:00+00:00, run_after=2025-03-04 16:00:00+00:00
[2025-03-04T17:33:27.723+0000] {processor.py:208} INFO - Processing /home/airflow/.local/lib/python3.12/site-packages/airflow/example_dags/example_latest_only.py took 0.087 seconds
[2025-03-04T17:33:58.418+0000] {processor.py:186} INFO - Started process (PID=3559) to work on /home/airflow/.local/lib/python3.12/site-packages/airflow/example_dags/example_latest_only.py
[2025-03-04T17:33:58.419+0000] {processor.py:914} INFO - Processing file /home/airflow/.local/lib/python3.12/site-packages/airflow/example_dags/example_latest_only.py for tasks to queue
[2025-03-04T17:33:58.421+0000] {logging_mixin.py:190} INFO - [2025-03-04T17:33:58.421+0000] {dagbag.py:588} INFO - Filling up the DagBag from /home/airflow/.local/lib/python3.12/site-packages/airflow/example_dags/example_latest_only.py
[2025-03-04T17:33:58.428+0000] {processor.py:925} INFO - DAG(s) 'latest_only' retrieved from /home/airflow/.local/lib/python3.12/site-packages/airflow/example_dags/example_latest_only.py
[2025-03-04T17:33:58.448+0000] {logging_mixin.py:190} INFO - [2025-03-04T17:33:58.448+0000] {dag.py:3239} INFO - Sync 1 DAGs
[2025-03-04T17:33:58.473+0000] {logging_mixin.py:190} INFO - [2025-03-04T17:33:58.473+0000] {dag.py:4180} INFO - Setting next_dagrun for latest_only to 2025-03-04 12:00:00+00:00, run_after=2025-03-04 16:00:00+00:00
[2025-03-04T17:33:58.498+0000] {processor.py:208} INFO - Processing /home/airflow/.local/lib/python3.12/site-packages/airflow/example_dags/example_latest_only.py took 0.087 seconds
[2025-03-04T17:34:29.662+0000] {processor.py:186} INFO - Started process (PID=3867) to work on /home/airflow/.local/lib/python3.12/site-packages/airflow/example_dags/example_latest_only.py
[2025-03-04T17:34:29.663+0000] {processor.py:914} INFO - Processing file /home/airflow/.local/lib/python3.12/site-packages/airflow/example_dags/example_latest_only.py for tasks to queue
[2025-03-04T17:34:29.666+0000] {logging_mixin.py:190} INFO - [2025-03-04T17:34:29.665+0000] {dagbag.py:588} INFO - Filling up the DagBag from /home/airflow/.local/lib/python3.12/site-packages/airflow/example_dags/example_latest_only.py
[2025-03-04T17:34:29.673+0000] {processor.py:925} INFO - DAG(s) 'latest_only' retrieved from /home/airflow/.local/lib/python3.12/site-packages/airflow/example_dags/example_latest_only.py
[2025-03-04T17:34:29.696+0000] {logging_mixin.py:190} INFO - [2025-03-04T17:34:29.696+0000] {dag.py:3239} INFO - Sync 1 DAGs
[2025-03-04T17:34:29.722+0000] {logging_mixin.py:190} INFO - [2025-03-04T17:34:29.721+0000] {dag.py:4180} INFO - Setting next_dagrun for latest_only to 2025-03-04 12:00:00+00:00, run_after=2025-03-04 16:00:00+00:00
[2025-03-04T17:34:29.744+0000] {processor.py:208} INFO - Processing /home/airflow/.local/lib/python3.12/site-packages/airflow/example_dags/example_latest_only.py took 0.089 seconds
[2025-03-04T17:35:00.188+0000] {processor.py:186} INFO - Started process (PID=4171) to work on /home/airflow/.local/lib/python3.12/site-packages/airflow/example_dags/example_latest_only.py
[2025-03-04T17:35:00.189+0000] {processor.py:914} INFO - Processing file /home/airflow/.local/lib/python3.12/site-packages/airflow/example_dags/example_latest_only.py for tasks to queue
[2025-03-04T17:35:00.191+0000] {logging_mixin.py:190} INFO - [2025-03-04T17:35:00.191+0000] {dagbag.py:588} INFO - Filling up the DagBag from /home/airflow/.local/lib/python3.12/site-packages/airflow/example_dags/example_latest_only.py
[2025-03-04T17:35:00.198+0000] {processor.py:925} INFO - DAG(s) 'latest_only' retrieved from /home/airflow/.local/lib/python3.12/site-packages/airflow/example_dags/example_latest_only.py
[2025-03-04T17:35:00.224+0000] {logging_mixin.py:190} INFO - [2025-03-04T17:35:00.223+0000] {dag.py:3239} INFO - Sync 1 DAGs
[2025-03-04T17:35:00.250+0000] {logging_mixin.py:190} INFO - [2025-03-04T17:35:00.249+0000] {dag.py:4180} INFO - Setting next_dagrun for latest_only to 2025-03-04 12:00:00+00:00, run_after=2025-03-04 16:00:00+00:00
[2025-03-04T17:35:00.275+0000] {processor.py:208} INFO - Processing /home/airflow/.local/lib/python3.12/site-packages/airflow/example_dags/example_latest_only.py took 0.093 seconds
[2025-03-04T17:35:31.191+0000] {processor.py:186} INFO - Started process (PID=4477) to work on /home/airflow/.local/lib/python3.12/site-packages/airflow/example_dags/example_latest_only.py
[2025-03-04T17:35:31.192+0000] {processor.py:914} INFO - Processing file /home/airflow/.local/lib/python3.12/site-packages/airflow/example_dags/example_latest_only.py for tasks to queue
[2025-03-04T17:35:31.194+0000] {logging_mixin.py:190} INFO - [2025-03-04T17:35:31.194+0000] {dagbag.py:588} INFO - Filling up the DagBag from /home/airflow/.local/lib/python3.12/site-packages/airflow/example_dags/example_latest_only.py
[2025-03-04T17:35:31.201+0000] {processor.py:925} INFO - DAG(s) 'latest_only' retrieved from /home/airflow/.local/lib/python3.12/site-packages/airflow/example_dags/example_latest_only.py
[2025-03-04T17:35:31.236+0000] {logging_mixin.py:190} INFO - [2025-03-04T17:35:31.236+0000] {dag.py:3239} INFO - Sync 1 DAGs
[2025-03-04T17:35:31.269+0000] {logging_mixin.py:190} INFO - [2025-03-04T17:35:31.269+0000] {dag.py:4180} INFO - Setting next_dagrun for latest_only to 2025-03-04 12:00:00+00:00, run_after=2025-03-04 16:00:00+00:00
[2025-03-04T17:35:31.291+0000] {processor.py:208} INFO - Processing /home/airflow/.local/lib/python3.12/site-packages/airflow/example_dags/example_latest_only.py took 0.106 seconds
[2025-03-04T17:36:02.383+0000] {processor.py:186} INFO - Started process (PID=4783) to work on /home/airflow/.local/lib/python3.12/site-packages/airflow/example_dags/example_latest_only.py
[2025-03-04T17:36:02.385+0000] {processor.py:914} INFO - Processing file /home/airflow/.local/lib/python3.12/site-packages/airflow/example_dags/example_latest_only.py for tasks to queue
[2025-03-04T17:36:02.389+0000] {logging_mixin.py:190} INFO - [2025-03-04T17:36:02.389+0000] {dagbag.py:588} INFO - Filling up the DagBag from /home/airflow/.local/lib/python3.12/site-packages/airflow/example_dags/example_latest_only.py
[2025-03-04T17:36:02.406+0000] {processor.py:925} INFO - DAG(s) 'latest_only' retrieved from /home/airflow/.local/lib/python3.12/site-packages/airflow/example_dags/example_latest_only.py
[2025-03-04T17:36:02.432+0000] {logging_mixin.py:190} INFO - [2025-03-04T17:36:02.431+0000] {dag.py:3239} INFO - Sync 1 DAGs
[2025-03-04T17:36:02.462+0000] {logging_mixin.py:190} INFO - [2025-03-04T17:36:02.462+0000] {dag.py:4180} INFO - Setting next_dagrun for latest_only to 2025-03-04 12:00:00+00:00, run_after=2025-03-04 16:00:00+00:00
[2025-03-04T17:36:02.486+0000] {processor.py:208} INFO - Processing /home/airflow/.local/lib/python3.12/site-packages/airflow/example_dags/example_latest_only.py took 0.109 seconds
[2025-03-04T17:36:32.684+0000] {processor.py:186} INFO - Started process (PID=5084) to work on /home/airflow/.local/lib/python3.12/site-packages/airflow/example_dags/example_latest_only.py
[2025-03-04T17:36:32.685+0000] {processor.py:914} INFO - Processing file /home/airflow/.local/lib/python3.12/site-packages/airflow/example_dags/example_latest_only.py for tasks to queue
[2025-03-04T17:36:32.688+0000] {logging_mixin.py:190} INFO - [2025-03-04T17:36:32.687+0000] {dagbag.py:588} INFO - Filling up the DagBag from /home/airflow/.local/lib/python3.12/site-packages/airflow/example_dags/example_latest_only.py
[2025-03-04T17:36:32.695+0000] {processor.py:925} INFO - DAG(s) 'latest_only' retrieved from /home/airflow/.local/lib/python3.12/site-packages/airflow/example_dags/example_latest_only.py
[2025-03-04T17:36:32.717+0000] {logging_mixin.py:190} INFO - [2025-03-04T17:36:32.716+0000] {dag.py:3239} INFO - Sync 1 DAGs
[2025-03-04T17:36:32.746+0000] {logging_mixin.py:190} INFO - [2025-03-04T17:36:32.746+0000] {dag.py:4180} INFO - Setting next_dagrun for latest_only to 2025-03-04 12:00:00+00:00, run_after=2025-03-04 16:00:00+00:00
[2025-03-04T17:36:32.769+0000] {processor.py:208} INFO - Processing /home/airflow/.local/lib/python3.12/site-packages/airflow/example_dags/example_latest_only.py took 0.092 seconds
[2025-03-04T17:37:02.868+0000] {processor.py:186} INFO - Started process (PID=5385) to work on /home/airflow/.local/lib/python3.12/site-packages/airflow/example_dags/example_latest_only.py
[2025-03-04T17:37:02.869+0000] {processor.py:914} INFO - Processing file /home/airflow/.local/lib/python3.12/site-packages/airflow/example_dags/example_latest_only.py for tasks to queue
[2025-03-04T17:37:02.872+0000] {logging_mixin.py:190} INFO - [2025-03-04T17:37:02.872+0000] {dagbag.py:588} INFO - Filling up the DagBag from /home/airflow/.local/lib/python3.12/site-packages/airflow/example_dags/example_latest_only.py
[2025-03-04T17:37:02.880+0000] {processor.py:925} INFO - DAG(s) 'latest_only' retrieved from /home/airflow/.local/lib/python3.12/site-packages/airflow/example_dags/example_latest_only.py
[2025-03-04T17:37:02.906+0000] {logging_mixin.py:190} INFO - [2025-03-04T17:37:02.906+0000] {dag.py:3239} INFO - Sync 1 DAGs
[2025-03-04T17:37:02.937+0000] {logging_mixin.py:190} INFO - [2025-03-04T17:37:02.937+0000] {dag.py:4180} INFO - Setting next_dagrun for latest_only to 2025-03-04 12:00:00+00:00, run_after=2025-03-04 16:00:00+00:00
[2025-03-04T17:37:02.962+0000] {processor.py:208} INFO - Processing /home/airflow/.local/lib/python3.12/site-packages/airflow/example_dags/example_latest_only.py took 0.101 seconds
[2025-03-04T17:37:33.214+0000] {processor.py:186} INFO - Started process (PID=5693) to work on /home/airflow/.local/lib/python3.12/site-packages/airflow/example_dags/example_latest_only.py
[2025-03-04T17:37:33.215+0000] {processor.py:914} INFO - Processing file /home/airflow/.local/lib/python3.12/site-packages/airflow/example_dags/example_latest_only.py for tasks to queue
[2025-03-04T17:37:33.218+0000] {logging_mixin.py:190} INFO - [2025-03-04T17:37:33.218+0000] {dagbag.py:588} INFO - Filling up the DagBag from /home/airflow/.local/lib/python3.12/site-packages/airflow/example_dags/example_latest_only.py
[2025-03-04T17:37:33.226+0000] {processor.py:925} INFO - DAG(s) 'latest_only' retrieved from /home/airflow/.local/lib/python3.12/site-packages/airflow/example_dags/example_latest_only.py
[2025-03-04T17:37:33.254+0000] {logging_mixin.py:190} INFO - [2025-03-04T17:37:33.254+0000] {dag.py:3239} INFO - Sync 1 DAGs
[2025-03-04T17:37:33.281+0000] {logging_mixin.py:190} INFO - [2025-03-04T17:37:33.281+0000] {dag.py:4180} INFO - Setting next_dagrun for latest_only to 2025-03-04 12:00:00+00:00, run_after=2025-03-04 16:00:00+00:00
[2025-03-04T17:37:33.305+0000] {processor.py:208} INFO - Processing /home/airflow/.local/lib/python3.12/site-packages/airflow/example_dags/example_latest_only.py took 0.098 seconds
[2025-03-04T17:38:04.064+0000] {processor.py:186} INFO - Started process (PID=5999) to work on /home/airflow/.local/lib/python3.12/site-packages/airflow/example_dags/example_latest_only.py
[2025-03-04T17:38:04.065+0000] {processor.py:914} INFO - Processing file /home/airflow/.local/lib/python3.12/site-packages/airflow/example_dags/example_latest_only.py for tasks to queue
[2025-03-04T17:38:04.068+0000] {logging_mixin.py:190} INFO - [2025-03-04T17:38:04.067+0000] {dagbag.py:588} INFO - Filling up the DagBag from /home/airflow/.local/lib/python3.12/site-packages/airflow/example_dags/example_latest_only.py
[2025-03-04T17:38:04.076+0000] {processor.py:925} INFO - DAG(s) 'latest_only' retrieved from /home/airflow/.local/lib/python3.12/site-packages/airflow/example_dags/example_latest_only.py
[2025-03-04T17:38:04.104+0000] {logging_mixin.py:190} INFO - [2025-03-04T17:38:04.103+0000] {dag.py:3239} INFO - Sync 1 DAGs
[2025-03-04T17:38:04.132+0000] {logging_mixin.py:190} INFO - [2025-03-04T17:38:04.132+0000] {dag.py:4180} INFO - Setting next_dagrun for latest_only to 2025-03-04 12:00:00+00:00, run_after=2025-03-04 16:00:00+00:00
[2025-03-04T17:38:04.157+0000] {processor.py:208} INFO - Processing /home/airflow/.local/lib/python3.12/site-packages/airflow/example_dags/example_latest_only.py took 0.100 seconds
[2025-03-04T17:38:34.521+0000] {processor.py:186} INFO - Started process (PID=6305) to work on /home/airflow/.local/lib/python3.12/site-packages/airflow/example_dags/example_latest_only.py
[2025-03-04T17:38:34.523+0000] {processor.py:914} INFO - Processing file /home/airflow/.local/lib/python3.12/site-packages/airflow/example_dags/example_latest_only.py for tasks to queue
[2025-03-04T17:38:34.526+0000] {logging_mixin.py:190} INFO - [2025-03-04T17:38:34.525+0000] {dagbag.py:588} INFO - Filling up the DagBag from /home/airflow/.local/lib/python3.12/site-packages/airflow/example_dags/example_latest_only.py
[2025-03-04T17:38:34.535+0000] {processor.py:925} INFO - DAG(s) 'latest_only' retrieved from /home/airflow/.local/lib/python3.12/site-packages/airflow/example_dags/example_latest_only.py
[2025-03-04T17:38:34.565+0000] {logging_mixin.py:190} INFO - [2025-03-04T17:38:34.565+0000] {dag.py:3239} INFO - Sync 1 DAGs
[2025-03-04T17:38:34.612+0000] {logging_mixin.py:190} INFO - [2025-03-04T17:38:34.612+0000] {dag.py:4180} INFO - Setting next_dagrun for latest_only to 2025-03-04 12:00:00+00:00, run_after=2025-03-04 16:00:00+00:00
[2025-03-04T17:38:34.643+0000] {processor.py:208} INFO - Processing /home/airflow/.local/lib/python3.12/site-packages/airflow/example_dags/example_latest_only.py took 0.130 seconds
[2025-03-04T17:39:05.078+0000] {processor.py:186} INFO - Started process (PID=6611) to work on /home/airflow/.local/lib/python3.12/site-packages/airflow/example_dags/example_latest_only.py
[2025-03-04T17:39:05.079+0000] {processor.py:914} INFO - Processing file /home/airflow/.local/lib/python3.12/site-packages/airflow/example_dags/example_latest_only.py for tasks to queue
[2025-03-04T17:39:05.083+0000] {logging_mixin.py:190} INFO - [2025-03-04T17:39:05.082+0000] {dagbag.py:588} INFO - Filling up the DagBag from /home/airflow/.local/lib/python3.12/site-packages/airflow/example_dags/example_latest_only.py
[2025-03-04T17:39:05.100+0000] {processor.py:925} INFO - DAG(s) 'latest_only' retrieved from /home/airflow/.local/lib/python3.12/site-packages/airflow/example_dags/example_latest_only.py
[2025-03-04T17:39:05.130+0000] {logging_mixin.py:190} INFO - [2025-03-04T17:39:05.130+0000] {dag.py:3239} INFO - Sync 1 DAGs
[2025-03-04T17:39:05.160+0000] {logging_mixin.py:190} INFO - [2025-03-04T17:39:05.160+0000] {dag.py:4180} INFO - Setting next_dagrun for latest_only to 2025-03-04 12:00:00+00:00, run_after=2025-03-04 16:00:00+00:00
[2025-03-04T17:39:05.189+0000] {processor.py:208} INFO - Processing /home/airflow/.local/lib/python3.12/site-packages/airflow/example_dags/example_latest_only.py took 0.119 seconds
[2025-03-04T17:39:35.657+0000] {processor.py:186} INFO - Started process (PID=6917) to work on /home/airflow/.local/lib/python3.12/site-packages/airflow/example_dags/example_latest_only.py
[2025-03-04T17:39:35.659+0000] {processor.py:914} INFO - Processing file /home/airflow/.local/lib/python3.12/site-packages/airflow/example_dags/example_latest_only.py for tasks to queue
[2025-03-04T17:39:35.662+0000] {logging_mixin.py:190} INFO - [2025-03-04T17:39:35.661+0000] {dagbag.py:588} INFO - Filling up the DagBag from /home/airflow/.local/lib/python3.12/site-packages/airflow/example_dags/example_latest_only.py
[2025-03-04T17:39:35.670+0000] {processor.py:925} INFO - DAG(s) 'latest_only' retrieved from /home/airflow/.local/lib/python3.12/site-packages/airflow/example_dags/example_latest_only.py
[2025-03-04T17:39:35.692+0000] {logging_mixin.py:190} INFO - [2025-03-04T17:39:35.692+0000] {dag.py:3239} INFO - Sync 1 DAGs
[2025-03-04T17:39:35.724+0000] {logging_mixin.py:190} INFO - [2025-03-04T17:39:35.724+0000] {dag.py:4180} INFO - Setting next_dagrun for latest_only to 2025-03-04 12:00:00+00:00, run_after=2025-03-04 16:00:00+00:00
[2025-03-04T17:39:35.760+0000] {processor.py:208} INFO - Processing /home/airflow/.local/lib/python3.12/site-packages/airflow/example_dags/example_latest_only.py took 0.109 seconds
[2025-03-04T17:40:06.579+0000] {processor.py:186} INFO - Started process (PID=7228) to work on /home/airflow/.local/lib/python3.12/site-packages/airflow/example_dags/example_latest_only.py
[2025-03-04T17:40:06.580+0000] {processor.py:914} INFO - Processing file /home/airflow/.local/lib/python3.12/site-packages/airflow/example_dags/example_latest_only.py for tasks to queue
[2025-03-04T17:40:06.583+0000] {logging_mixin.py:190} INFO - [2025-03-04T17:40:06.583+0000] {dagbag.py:588} INFO - Filling up the DagBag from /home/airflow/.local/lib/python3.12/site-packages/airflow/example_dags/example_latest_only.py
[2025-03-04T17:40:06.592+0000] {processor.py:925} INFO - DAG(s) 'latest_only' retrieved from /home/airflow/.local/lib/python3.12/site-packages/airflow/example_dags/example_latest_only.py
[2025-03-04T17:40:06.619+0000] {logging_mixin.py:190} INFO - [2025-03-04T17:40:06.619+0000] {dag.py:3239} INFO - Sync 1 DAGs
[2025-03-04T17:40:06.648+0000] {logging_mixin.py:190} INFO - [2025-03-04T17:40:06.648+0000] {dag.py:4180} INFO - Setting next_dagrun for latest_only to 2025-03-04 12:00:00+00:00, run_after=2025-03-04 16:00:00+00:00
[2025-03-04T17:40:06.673+0000] {processor.py:208} INFO - Processing /home/airflow/.local/lib/python3.12/site-packages/airflow/example_dags/example_latest_only.py took 0.101 seconds
[2025-03-04T17:40:36.750+0000] {processor.py:186} INFO - Started process (PID=7532) to work on /home/airflow/.local/lib/python3.12/site-packages/airflow/example_dags/example_latest_only.py
[2025-03-04T17:40:36.752+0000] {processor.py:914} INFO - Processing file /home/airflow/.local/lib/python3.12/site-packages/airflow/example_dags/example_latest_only.py for tasks to queue
[2025-03-04T17:40:36.755+0000] {logging_mixin.py:190} INFO - [2025-03-04T17:40:36.755+0000] {dagbag.py:588} INFO - Filling up the DagBag from /home/airflow/.local/lib/python3.12/site-packages/airflow/example_dags/example_latest_only.py
[2025-03-04T17:40:36.768+0000] {processor.py:925} INFO - DAG(s) 'latest_only' retrieved from /home/airflow/.local/lib/python3.12/site-packages/airflow/example_dags/example_latest_only.py
[2025-03-04T17:40:36.795+0000] {logging_mixin.py:190} INFO - [2025-03-04T17:40:36.795+0000] {dag.py:3239} INFO - Sync 1 DAGs
[2025-03-04T17:40:36.832+0000] {logging_mixin.py:190} INFO - [2025-03-04T17:40:36.831+0000] {dag.py:4180} INFO - Setting next_dagrun for latest_only to 2025-03-04 12:00:00+00:00, run_after=2025-03-04 16:00:00+00:00
[2025-03-04T17:40:36.856+0000] {processor.py:208} INFO - Processing /home/airflow/.local/lib/python3.12/site-packages/airflow/example_dags/example_latest_only.py took 0.115 seconds
[2025-03-04T17:41:07.461+0000] {processor.py:186} INFO - Started process (PID=7840) to work on /home/airflow/.local/lib/python3.12/site-packages/airflow/example_dags/example_latest_only.py
[2025-03-04T17:41:07.463+0000] {processor.py:914} INFO - Processing file /home/airflow/.local/lib/python3.12/site-packages/airflow/example_dags/example_latest_only.py for tasks to queue
[2025-03-04T17:41:07.468+0000] {logging_mixin.py:190} INFO - [2025-03-04T17:41:07.467+0000] {dagbag.py:588} INFO - Filling up the DagBag from /home/airflow/.local/lib/python3.12/site-packages/airflow/example_dags/example_latest_only.py
[2025-03-04T17:41:07.476+0000] {processor.py:925} INFO - DAG(s) 'latest_only' retrieved from /home/airflow/.local/lib/python3.12/site-packages/airflow/example_dags/example_latest_only.py
[2025-03-04T17:41:07.502+0000] {logging_mixin.py:190} INFO - [2025-03-04T17:41:07.501+0000] {dag.py:3239} INFO - Sync 1 DAGs
[2025-03-04T17:41:07.540+0000] {logging_mixin.py:190} INFO - [2025-03-04T17:41:07.539+0000] {dag.py:4180} INFO - Setting next_dagrun for latest_only to 2025-03-04 12:00:00+00:00, run_after=2025-03-04 16:00:00+00:00
[2025-03-04T17:41:07.568+0000] {processor.py:208} INFO - Processing /home/airflow/.local/lib/python3.12/site-packages/airflow/example_dags/example_latest_only.py took 0.114 seconds
[2025-03-04T17:41:37.834+0000] {processor.py:186} INFO - Started process (PID=8146) to work on /home/airflow/.local/lib/python3.12/site-packages/airflow/example_dags/example_latest_only.py
[2025-03-04T17:41:37.836+0000] {processor.py:914} INFO - Processing file /home/airflow/.local/lib/python3.12/site-packages/airflow/example_dags/example_latest_only.py for tasks to queue
[2025-03-04T17:41:37.838+0000] {logging_mixin.py:190} INFO - [2025-03-04T17:41:37.838+0000] {dagbag.py:588} INFO - Filling up the DagBag from /home/airflow/.local/lib/python3.12/site-packages/airflow/example_dags/example_latest_only.py
[2025-03-04T17:41:37.846+0000] {processor.py:925} INFO - DAG(s) 'latest_only' retrieved from /home/airflow/.local/lib/python3.12/site-packages/airflow/example_dags/example_latest_only.py
[2025-03-04T17:41:37.867+0000] {logging_mixin.py:190} INFO - [2025-03-04T17:41:37.867+0000] {dag.py:3239} INFO - Sync 1 DAGs
[2025-03-04T17:41:37.897+0000] {logging_mixin.py:190} INFO - [2025-03-04T17:41:37.897+0000] {dag.py:4180} INFO - Setting next_dagrun for latest_only to 2025-03-04 12:00:00+00:00, run_after=2025-03-04 16:00:00+00:00
[2025-03-04T17:41:37.918+0000] {processor.py:208} INFO - Processing /home/airflow/.local/lib/python3.12/site-packages/airflow/example_dags/example_latest_only.py took 0.090 seconds
[2025-03-04T17:42:08.131+0000] {processor.py:186} INFO - Started process (PID=8450) to work on /home/airflow/.local/lib/python3.12/site-packages/airflow/example_dags/example_latest_only.py
[2025-03-04T17:42:08.133+0000] {processor.py:914} INFO - Processing file /home/airflow/.local/lib/python3.12/site-packages/airflow/example_dags/example_latest_only.py for tasks to queue
[2025-03-04T17:42:08.135+0000] {logging_mixin.py:190} INFO - [2025-03-04T17:42:08.135+0000] {dagbag.py:588} INFO - Filling up the DagBag from /home/airflow/.local/lib/python3.12/site-packages/airflow/example_dags/example_latest_only.py
[2025-03-04T17:42:08.146+0000] {processor.py:925} INFO - DAG(s) 'latest_only' retrieved from /home/airflow/.local/lib/python3.12/site-packages/airflow/example_dags/example_latest_only.py
[2025-03-04T17:42:08.175+0000] {logging_mixin.py:190} INFO - [2025-03-04T17:42:08.174+0000] {dag.py:3239} INFO - Sync 1 DAGs
[2025-03-04T17:42:08.207+0000] {logging_mixin.py:190} INFO - [2025-03-04T17:42:08.207+0000] {dag.py:4180} INFO - Setting next_dagrun for latest_only to 2025-03-04 12:00:00+00:00, run_after=2025-03-04 16:00:00+00:00
[2025-03-04T17:42:08.229+0000] {processor.py:208} INFO - Processing /home/airflow/.local/lib/python3.12/site-packages/airflow/example_dags/example_latest_only.py took 0.105 seconds
[2025-03-04T17:43:20.294+0000] {processor.py:186} INFO - Started process (PID=419) to work on /home/airflow/.local/lib/python3.12/site-packages/airflow/example_dags/example_latest_only.py
[2025-03-04T17:43:20.295+0000] {processor.py:914} INFO - Processing file /home/airflow/.local/lib/python3.12/site-packages/airflow/example_dags/example_latest_only.py for tasks to queue
[2025-03-04T17:43:20.297+0000] {logging_mixin.py:190} INFO - [2025-03-04T17:43:20.297+0000] {dagbag.py:588} INFO - Filling up the DagBag from /home/airflow/.local/lib/python3.12/site-packages/airflow/example_dags/example_latest_only.py
[2025-03-04T17:43:20.304+0000] {processor.py:925} INFO - DAG(s) 'latest_only' retrieved from /home/airflow/.local/lib/python3.12/site-packages/airflow/example_dags/example_latest_only.py
[2025-03-04T17:43:20.325+0000] {logging_mixin.py:190} INFO - [2025-03-04T17:43:20.325+0000] {dag.py:3239} INFO - Sync 1 DAGs
[2025-03-04T17:43:20.350+0000] {logging_mixin.py:190} INFO - [2025-03-04T17:43:20.350+0000] {dag.py:4180} INFO - Setting next_dagrun for latest_only to 2025-03-04 12:00:00+00:00, run_after=2025-03-04 16:00:00+00:00
[2025-03-04T17:43:20.368+0000] {processor.py:208} INFO - Processing /home/airflow/.local/lib/python3.12/site-packages/airflow/example_dags/example_latest_only.py took 0.080 seconds
[2025-03-04T17:43:52.324+0000] {processor.py:186} INFO - Started process (PID=725) to work on /home/airflow/.local/lib/python3.12/site-packages/airflow/example_dags/example_latest_only.py
[2025-03-04T17:43:52.326+0000] {processor.py:914} INFO - Processing file /home/airflow/.local/lib/python3.12/site-packages/airflow/example_dags/example_latest_only.py for tasks to queue
[2025-03-04T17:43:52.330+0000] {logging_mixin.py:190} INFO - [2025-03-04T17:43:52.329+0000] {dagbag.py:588} INFO - Filling up the DagBag from /home/airflow/.local/lib/python3.12/site-packages/airflow/example_dags/example_latest_only.py
[2025-03-04T17:43:52.340+0000] {processor.py:925} INFO - DAG(s) 'latest_only' retrieved from /home/airflow/.local/lib/python3.12/site-packages/airflow/example_dags/example_latest_only.py
[2025-03-04T17:43:52.360+0000] {logging_mixin.py:190} INFO - [2025-03-04T17:43:52.360+0000] {dag.py:3239} INFO - Sync 1 DAGs
[2025-03-04T17:43:52.384+0000] {logging_mixin.py:190} INFO - [2025-03-04T17:43:52.384+0000] {dag.py:4180} INFO - Setting next_dagrun for latest_only to 2025-03-04 12:00:00+00:00, run_after=2025-03-04 16:00:00+00:00
[2025-03-04T17:43:52.406+0000] {processor.py:208} INFO - Processing /home/airflow/.local/lib/python3.12/site-packages/airflow/example_dags/example_latest_only.py took 0.088 seconds
[2025-03-04T17:44:23.844+0000] {processor.py:186} INFO - Started process (PID=1031) to work on /home/airflow/.local/lib/python3.12/site-packages/airflow/example_dags/example_latest_only.py
[2025-03-04T17:44:23.846+0000] {processor.py:914} INFO - Processing file /home/airflow/.local/lib/python3.12/site-packages/airflow/example_dags/example_latest_only.py for tasks to queue
[2025-03-04T17:44:23.848+0000] {logging_mixin.py:190} INFO - [2025-03-04T17:44:23.848+0000] {dagbag.py:588} INFO - Filling up the DagBag from /home/airflow/.local/lib/python3.12/site-packages/airflow/example_dags/example_latest_only.py
[2025-03-04T17:44:23.856+0000] {processor.py:925} INFO - DAG(s) 'latest_only' retrieved from /home/airflow/.local/lib/python3.12/site-packages/airflow/example_dags/example_latest_only.py
[2025-03-04T17:44:23.882+0000] {logging_mixin.py:190} INFO - [2025-03-04T17:44:23.882+0000] {dag.py:3239} INFO - Sync 1 DAGs
[2025-03-04T17:44:23.915+0000] {logging_mixin.py:190} INFO - [2025-03-04T17:44:23.915+0000] {dag.py:4180} INFO - Setting next_dagrun for latest_only to 2025-03-04 12:00:00+00:00, run_after=2025-03-04 16:00:00+00:00
[2025-03-04T17:44:23.947+0000] {processor.py:208} INFO - Processing /home/airflow/.local/lib/python3.12/site-packages/airflow/example_dags/example_latest_only.py took 0.109 seconds
[2025-03-04T17:44:54.094+0000] {processor.py:186} INFO - Started process (PID=1334) to work on /home/airflow/.local/lib/python3.12/site-packages/airflow/example_dags/example_latest_only.py
[2025-03-04T17:44:54.096+0000] {processor.py:914} INFO - Processing file /home/airflow/.local/lib/python3.12/site-packages/airflow/example_dags/example_latest_only.py for tasks to queue
[2025-03-04T17:44:54.099+0000] {logging_mixin.py:190} INFO - [2025-03-04T17:44:54.098+0000] {dagbag.py:588} INFO - Filling up the DagBag from /home/airflow/.local/lib/python3.12/site-packages/airflow/example_dags/example_latest_only.py
[2025-03-04T17:44:54.107+0000] {processor.py:925} INFO - DAG(s) 'latest_only' retrieved from /home/airflow/.local/lib/python3.12/site-packages/airflow/example_dags/example_latest_only.py
[2025-03-04T17:44:54.134+0000] {logging_mixin.py:190} INFO - [2025-03-04T17:44:54.133+0000] {dag.py:3239} INFO - Sync 1 DAGs
[2025-03-04T17:44:54.161+0000] {logging_mixin.py:190} INFO - [2025-03-04T17:44:54.161+0000] {dag.py:4180} INFO - Setting next_dagrun for latest_only to 2025-03-04 12:00:00+00:00, run_after=2025-03-04 16:00:00+00:00
[2025-03-04T17:44:54.182+0000] {processor.py:208} INFO - Processing /home/airflow/.local/lib/python3.12/site-packages/airflow/example_dags/example_latest_only.py took 0.095 seconds
[2025-03-04T17:45:25.551+0000] {processor.py:186} INFO - Started process (PID=1643) to work on /home/airflow/.local/lib/python3.12/site-packages/airflow/example_dags/example_latest_only.py
[2025-03-04T17:45:25.552+0000] {processor.py:914} INFO - Processing file /home/airflow/.local/lib/python3.12/site-packages/airflow/example_dags/example_latest_only.py for tasks to queue
[2025-03-04T17:45:25.555+0000] {logging_mixin.py:190} INFO - [2025-03-04T17:45:25.554+0000] {dagbag.py:588} INFO - Filling up the DagBag from /home/airflow/.local/lib/python3.12/site-packages/airflow/example_dags/example_latest_only.py
[2025-03-04T17:45:25.562+0000] {processor.py:925} INFO - DAG(s) 'latest_only' retrieved from /home/airflow/.local/lib/python3.12/site-packages/airflow/example_dags/example_latest_only.py
[2025-03-04T17:45:25.588+0000] {logging_mixin.py:190} INFO - [2025-03-04T17:45:25.588+0000] {dag.py:3239} INFO - Sync 1 DAGs
[2025-03-04T17:45:25.620+0000] {logging_mixin.py:190} INFO - [2025-03-04T17:45:25.619+0000] {dag.py:4180} INFO - Setting next_dagrun for latest_only to 2025-03-04 12:00:00+00:00, run_after=2025-03-04 16:00:00+00:00
[2025-03-04T17:45:25.652+0000] {processor.py:208} INFO - Processing /home/airflow/.local/lib/python3.12/site-packages/airflow/example_dags/example_latest_only.py took 0.108 seconds
[2025-03-04T17:45:56.779+0000] {processor.py:186} INFO - Started process (PID=1949) to work on /home/airflow/.local/lib/python3.12/site-packages/airflow/example_dags/example_latest_only.py
[2025-03-04T17:45:56.780+0000] {processor.py:914} INFO - Processing file /home/airflow/.local/lib/python3.12/site-packages/airflow/example_dags/example_latest_only.py for tasks to queue
[2025-03-04T17:45:56.783+0000] {logging_mixin.py:190} INFO - [2025-03-04T17:45:56.782+0000] {dagbag.py:588} INFO - Filling up the DagBag from /home/airflow/.local/lib/python3.12/site-packages/airflow/example_dags/example_latest_only.py
[2025-03-04T17:45:56.791+0000] {processor.py:925} INFO - DAG(s) 'latest_only' retrieved from /home/airflow/.local/lib/python3.12/site-packages/airflow/example_dags/example_latest_only.py
[2025-03-04T17:45:56.817+0000] {logging_mixin.py:190} INFO - [2025-03-04T17:45:56.817+0000] {dag.py:3239} INFO - Sync 1 DAGs
[2025-03-04T17:45:56.849+0000] {logging_mixin.py:190} INFO - [2025-03-04T17:45:56.849+0000] {dag.py:4180} INFO - Setting next_dagrun for latest_only to 2025-03-04 12:00:00+00:00, run_after=2025-03-04 16:00:00+00:00
[2025-03-04T17:45:56.875+0000] {processor.py:208} INFO - Processing /home/airflow/.local/lib/python3.12/site-packages/airflow/example_dags/example_latest_only.py took 0.103 seconds
[2025-03-04T17:46:27.890+0000] {processor.py:186} INFO - Started process (PID=2255) to work on /home/airflow/.local/lib/python3.12/site-packages/airflow/example_dags/example_latest_only.py
[2025-03-04T17:46:27.891+0000] {processor.py:914} INFO - Processing file /home/airflow/.local/lib/python3.12/site-packages/airflow/example_dags/example_latest_only.py for tasks to queue
[2025-03-04T17:46:27.894+0000] {logging_mixin.py:190} INFO - [2025-03-04T17:46:27.893+0000] {dagbag.py:588} INFO - Filling up the DagBag from /home/airflow/.local/lib/python3.12/site-packages/airflow/example_dags/example_latest_only.py
[2025-03-04T17:46:27.905+0000] {processor.py:925} INFO - DAG(s) 'latest_only' retrieved from /home/airflow/.local/lib/python3.12/site-packages/airflow/example_dags/example_latest_only.py
[2025-03-04T17:46:27.947+0000] {logging_mixin.py:190} INFO - [2025-03-04T17:46:27.947+0000] {dag.py:3239} INFO - Sync 1 DAGs
[2025-03-04T17:46:27.979+0000] {logging_mixin.py:190} INFO - [2025-03-04T17:46:27.979+0000] {dag.py:4180} INFO - Setting next_dagrun for latest_only to 2025-03-04 12:00:00+00:00, run_after=2025-03-04 16:00:00+00:00
[2025-03-04T17:46:28.009+0000] {processor.py:208} INFO - Processing /home/airflow/.local/lib/python3.12/site-packages/airflow/example_dags/example_latest_only.py took 0.129 seconds
[2025-03-04T17:46:58.417+0000] {processor.py:186} INFO - Started process (PID=2556) to work on /home/airflow/.local/lib/python3.12/site-packages/airflow/example_dags/example_latest_only.py
[2025-03-04T17:46:58.418+0000] {processor.py:914} INFO - Processing file /home/airflow/.local/lib/python3.12/site-packages/airflow/example_dags/example_latest_only.py for tasks to queue
[2025-03-04T17:46:58.420+0000] {logging_mixin.py:190} INFO - [2025-03-04T17:46:58.420+0000] {dagbag.py:588} INFO - Filling up the DagBag from /home/airflow/.local/lib/python3.12/site-packages/airflow/example_dags/example_latest_only.py
[2025-03-04T17:46:58.427+0000] {processor.py:925} INFO - DAG(s) 'latest_only' retrieved from /home/airflow/.local/lib/python3.12/site-packages/airflow/example_dags/example_latest_only.py
[2025-03-04T17:46:58.448+0000] {logging_mixin.py:190} INFO - [2025-03-04T17:46:58.448+0000] {dag.py:3239} INFO - Sync 1 DAGs
[2025-03-04T17:46:58.475+0000] {logging_mixin.py:190} INFO - [2025-03-04T17:46:58.475+0000] {dag.py:4180} INFO - Setting next_dagrun for latest_only to 2025-03-04 12:00:00+00:00, run_after=2025-03-04 16:00:00+00:00
[2025-03-04T17:46:58.499+0000] {processor.py:208} INFO - Processing /home/airflow/.local/lib/python3.12/site-packages/airflow/example_dags/example_latest_only.py took 0.089 seconds
[2025-03-04T17:47:29.852+0000] {processor.py:186} INFO - Started process (PID=2862) to work on /home/airflow/.local/lib/python3.12/site-packages/airflow/example_dags/example_latest_only.py
[2025-03-04T17:47:29.853+0000] {processor.py:914} INFO - Processing file /home/airflow/.local/lib/python3.12/site-packages/airflow/example_dags/example_latest_only.py for tasks to queue
[2025-03-04T17:47:29.856+0000] {logging_mixin.py:190} INFO - [2025-03-04T17:47:29.856+0000] {dagbag.py:588} INFO - Filling up the DagBag from /home/airflow/.local/lib/python3.12/site-packages/airflow/example_dags/example_latest_only.py
[2025-03-04T17:47:29.863+0000] {processor.py:925} INFO - DAG(s) 'latest_only' retrieved from /home/airflow/.local/lib/python3.12/site-packages/airflow/example_dags/example_latest_only.py
[2025-03-04T17:47:29.887+0000] {logging_mixin.py:190} INFO - [2025-03-04T17:47:29.887+0000] {dag.py:3239} INFO - Sync 1 DAGs
[2025-03-04T17:47:29.919+0000] {logging_mixin.py:190} INFO - [2025-03-04T17:47:29.918+0000] {dag.py:4180} INFO - Setting next_dagrun for latest_only to 2025-03-04 12:00:00+00:00, run_after=2025-03-04 16:00:00+00:00
[2025-03-04T17:47:29.945+0000] {processor.py:208} INFO - Processing /home/airflow/.local/lib/python3.12/site-packages/airflow/example_dags/example_latest_only.py took 0.099 seconds
[2025-03-04T17:48:00.305+0000] {processor.py:186} INFO - Started process (PID=3168) to work on /home/airflow/.local/lib/python3.12/site-packages/airflow/example_dags/example_latest_only.py
[2025-03-04T17:48:00.306+0000] {processor.py:914} INFO - Processing file /home/airflow/.local/lib/python3.12/site-packages/airflow/example_dags/example_latest_only.py for tasks to queue
[2025-03-04T17:48:00.309+0000] {logging_mixin.py:190} INFO - [2025-03-04T17:48:00.309+0000] {dagbag.py:588} INFO - Filling up the DagBag from /home/airflow/.local/lib/python3.12/site-packages/airflow/example_dags/example_latest_only.py
[2025-03-04T17:48:00.317+0000] {processor.py:925} INFO - DAG(s) 'latest_only' retrieved from /home/airflow/.local/lib/python3.12/site-packages/airflow/example_dags/example_latest_only.py
[2025-03-04T17:48:00.349+0000] {logging_mixin.py:190} INFO - [2025-03-04T17:48:00.349+0000] {dag.py:3239} INFO - Sync 1 DAGs
[2025-03-04T17:48:00.375+0000] {logging_mixin.py:190} INFO - [2025-03-04T17:48:00.375+0000] {dag.py:4180} INFO - Setting next_dagrun for latest_only to 2025-03-04 12:00:00+00:00, run_after=2025-03-04 16:00:00+00:00
[2025-03-04T17:48:00.405+0000] {processor.py:208} INFO - Processing /home/airflow/.local/lib/python3.12/site-packages/airflow/example_dags/example_latest_only.py took 0.108 seconds
[2025-03-04T17:48:31.768+0000] {processor.py:186} INFO - Started process (PID=3475) to work on /home/airflow/.local/lib/python3.12/site-packages/airflow/example_dags/example_latest_only.py
[2025-03-04T17:48:31.770+0000] {processor.py:914} INFO - Processing file /home/airflow/.local/lib/python3.12/site-packages/airflow/example_dags/example_latest_only.py for tasks to queue
[2025-03-04T17:48:31.772+0000] {logging_mixin.py:190} INFO - [2025-03-04T17:48:31.772+0000] {dagbag.py:588} INFO - Filling up the DagBag from /home/airflow/.local/lib/python3.12/site-packages/airflow/example_dags/example_latest_only.py
[2025-03-04T17:48:31.781+0000] {processor.py:925} INFO - DAG(s) 'latest_only' retrieved from /home/airflow/.local/lib/python3.12/site-packages/airflow/example_dags/example_latest_only.py
[2025-03-04T17:48:31.808+0000] {logging_mixin.py:190} INFO - [2025-03-04T17:48:31.808+0000] {dag.py:3239} INFO - Sync 1 DAGs
[2025-03-04T17:48:31.836+0000] {logging_mixin.py:190} INFO - [2025-03-04T17:48:31.836+0000] {dag.py:4180} INFO - Setting next_dagrun for latest_only to 2025-03-04 12:00:00+00:00, run_after=2025-03-04 16:00:00+00:00
[2025-03-04T17:48:31.860+0000] {processor.py:208} INFO - Processing /home/airflow/.local/lib/python3.12/site-packages/airflow/example_dags/example_latest_only.py took 0.098 seconds
[2025-03-04T17:49:03.198+0000] {processor.py:186} INFO - Started process (PID=3784) to work on /home/airflow/.local/lib/python3.12/site-packages/airflow/example_dags/example_latest_only.py
[2025-03-04T17:49:03.199+0000] {processor.py:914} INFO - Processing file /home/airflow/.local/lib/python3.12/site-packages/airflow/example_dags/example_latest_only.py for tasks to queue
[2025-03-04T17:49:03.202+0000] {logging_mixin.py:190} INFO - [2025-03-04T17:49:03.201+0000] {dagbag.py:588} INFO - Filling up the DagBag from /home/airflow/.local/lib/python3.12/site-packages/airflow/example_dags/example_latest_only.py
[2025-03-04T17:49:03.210+0000] {processor.py:925} INFO - DAG(s) 'latest_only' retrieved from /home/airflow/.local/lib/python3.12/site-packages/airflow/example_dags/example_latest_only.py
[2025-03-04T17:49:03.233+0000] {logging_mixin.py:190} INFO - [2025-03-04T17:49:03.233+0000] {dag.py:3239} INFO - Sync 1 DAGs
[2025-03-04T17:49:03.263+0000] {logging_mixin.py:190} INFO - [2025-03-04T17:49:03.263+0000] {dag.py:4180} INFO - Setting next_dagrun for latest_only to 2025-03-04 12:00:00+00:00, run_after=2025-03-04 16:00:00+00:00
[2025-03-04T17:49:03.289+0000] {processor.py:208} INFO - Processing /home/airflow/.local/lib/python3.12/site-packages/airflow/example_dags/example_latest_only.py took 0.098 seconds
[2025-03-04T17:49:34.828+0000] {processor.py:186} INFO - Started process (PID=4090) to work on /home/airflow/.local/lib/python3.12/site-packages/airflow/example_dags/example_latest_only.py
[2025-03-04T17:49:34.829+0000] {processor.py:914} INFO - Processing file /home/airflow/.local/lib/python3.12/site-packages/airflow/example_dags/example_latest_only.py for tasks to queue
[2025-03-04T17:49:34.831+0000] {logging_mixin.py:190} INFO - [2025-03-04T17:49:34.831+0000] {dagbag.py:588} INFO - Filling up the DagBag from /home/airflow/.local/lib/python3.12/site-packages/airflow/example_dags/example_latest_only.py
[2025-03-04T17:49:34.839+0000] {processor.py:925} INFO - DAG(s) 'latest_only' retrieved from /home/airflow/.local/lib/python3.12/site-packages/airflow/example_dags/example_latest_only.py
[2025-03-04T17:49:34.859+0000] {logging_mixin.py:190} INFO - [2025-03-04T17:49:34.859+0000] {dag.py:3239} INFO - Sync 1 DAGs
[2025-03-04T17:49:34.887+0000] {logging_mixin.py:190} INFO - [2025-03-04T17:49:34.886+0000] {dag.py:4180} INFO - Setting next_dagrun for latest_only to 2025-03-04 12:00:00+00:00, run_after=2025-03-04 16:00:00+00:00
[2025-03-04T17:49:34.909+0000] {processor.py:208} INFO - Processing /home/airflow/.local/lib/python3.12/site-packages/airflow/example_dags/example_latest_only.py took 0.087 seconds
[2025-03-04T17:52:42.344+0000] {processor.py:186} INFO - Started process (PID=419) to work on /home/airflow/.local/lib/python3.12/site-packages/airflow/example_dags/example_latest_only.py
[2025-03-04T17:52:42.345+0000] {processor.py:914} INFO - Processing file /home/airflow/.local/lib/python3.12/site-packages/airflow/example_dags/example_latest_only.py for tasks to queue
[2025-03-04T17:52:42.347+0000] {logging_mixin.py:190} INFO - [2025-03-04T17:52:42.347+0000] {dagbag.py:588} INFO - Filling up the DagBag from /home/airflow/.local/lib/python3.12/site-packages/airflow/example_dags/example_latest_only.py
[2025-03-04T17:52:42.355+0000] {processor.py:925} INFO - DAG(s) 'latest_only' retrieved from /home/airflow/.local/lib/python3.12/site-packages/airflow/example_dags/example_latest_only.py
[2025-03-04T17:52:42.377+0000] {logging_mixin.py:190} INFO - [2025-03-04T17:52:42.377+0000] {dag.py:3239} INFO - Sync 1 DAGs
[2025-03-04T17:52:42.404+0000] {logging_mixin.py:190} INFO - [2025-03-04T17:52:42.404+0000] {dag.py:4180} INFO - Setting next_dagrun for latest_only to 2025-03-04 12:00:00+00:00, run_after=2025-03-04 16:00:00+00:00
[2025-03-04T17:52:42.426+0000] {processor.py:208} INFO - Processing /home/airflow/.local/lib/python3.12/site-packages/airflow/example_dags/example_latest_only.py took 0.089 seconds
[2025-03-04T17:53:14.261+0000] {processor.py:186} INFO - Started process (PID=725) to work on /home/airflow/.local/lib/python3.12/site-packages/airflow/example_dags/example_latest_only.py
[2025-03-04T17:53:14.262+0000] {processor.py:914} INFO - Processing file /home/airflow/.local/lib/python3.12/site-packages/airflow/example_dags/example_latest_only.py for tasks to queue
[2025-03-04T17:53:14.264+0000] {logging_mixin.py:190} INFO - [2025-03-04T17:53:14.264+0000] {dagbag.py:588} INFO - Filling up the DagBag from /home/airflow/.local/lib/python3.12/site-packages/airflow/example_dags/example_latest_only.py
[2025-03-04T17:53:14.272+0000] {processor.py:925} INFO - DAG(s) 'latest_only' retrieved from /home/airflow/.local/lib/python3.12/site-packages/airflow/example_dags/example_latest_only.py
[2025-03-04T17:53:14.300+0000] {logging_mixin.py:190} INFO - [2025-03-04T17:53:14.300+0000] {dag.py:3239} INFO - Sync 1 DAGs
[2025-03-04T17:53:14.334+0000] {logging_mixin.py:190} INFO - [2025-03-04T17:53:14.334+0000] {dag.py:4180} INFO - Setting next_dagrun for latest_only to 2025-03-04 12:00:00+00:00, run_after=2025-03-04 16:00:00+00:00
[2025-03-04T17:53:14.365+0000] {processor.py:208} INFO - Processing /home/airflow/.local/lib/python3.12/site-packages/airflow/example_dags/example_latest_only.py took 0.111 seconds
[2025-03-04T17:53:44.602+0000] {processor.py:186} INFO - Started process (PID=1026) to work on /home/airflow/.local/lib/python3.12/site-packages/airflow/example_dags/example_latest_only.py
[2025-03-04T17:53:44.603+0000] {processor.py:914} INFO - Processing file /home/airflow/.local/lib/python3.12/site-packages/airflow/example_dags/example_latest_only.py for tasks to queue
[2025-03-04T17:53:44.605+0000] {logging_mixin.py:190} INFO - [2025-03-04T17:53:44.605+0000] {dagbag.py:588} INFO - Filling up the DagBag from /home/airflow/.local/lib/python3.12/site-packages/airflow/example_dags/example_latest_only.py
[2025-03-04T17:53:44.614+0000] {processor.py:925} INFO - DAG(s) 'latest_only' retrieved from /home/airflow/.local/lib/python3.12/site-packages/airflow/example_dags/example_latest_only.py
[2025-03-04T17:53:44.639+0000] {logging_mixin.py:190} INFO - [2025-03-04T17:53:44.639+0000] {dag.py:3239} INFO - Sync 1 DAGs
[2025-03-04T17:53:44.672+0000] {logging_mixin.py:190} INFO - [2025-03-04T17:53:44.671+0000] {dag.py:4180} INFO - Setting next_dagrun for latest_only to 2025-03-04 12:00:00+00:00, run_after=2025-03-04 16:00:00+00:00
[2025-03-04T17:53:44.696+0000] {processor.py:208} INFO - Processing /home/airflow/.local/lib/python3.12/site-packages/airflow/example_dags/example_latest_only.py took 0.100 seconds
[2025-03-04T17:54:15.396+0000] {processor.py:186} INFO - Started process (PID=1332) to work on /home/airflow/.local/lib/python3.12/site-packages/airflow/example_dags/example_latest_only.py
[2025-03-04T17:54:15.397+0000] {processor.py:914} INFO - Processing file /home/airflow/.local/lib/python3.12/site-packages/airflow/example_dags/example_latest_only.py for tasks to queue
[2025-03-04T17:54:15.398+0000] {logging_mixin.py:190} INFO - [2025-03-04T17:54:15.398+0000] {dagbag.py:588} INFO - Filling up the DagBag from /home/airflow/.local/lib/python3.12/site-packages/airflow/example_dags/example_latest_only.py
[2025-03-04T17:54:15.407+0000] {processor.py:925} INFO - DAG(s) 'latest_only' retrieved from /home/airflow/.local/lib/python3.12/site-packages/airflow/example_dags/example_latest_only.py
[2025-03-04T17:54:15.428+0000] {logging_mixin.py:190} INFO - [2025-03-04T17:54:15.428+0000] {dag.py:3239} INFO - Sync 1 DAGs
[2025-03-04T17:54:15.456+0000] {logging_mixin.py:190} INFO - [2025-03-04T17:54:15.456+0000] {dag.py:4180} INFO - Setting next_dagrun for latest_only to 2025-03-04 12:00:00+00:00, run_after=2025-03-04 16:00:00+00:00
[2025-03-04T17:54:15.480+0000] {processor.py:208} INFO - Processing /home/airflow/.local/lib/python3.12/site-packages/airflow/example_dags/example_latest_only.py took 0.091 seconds
[2025-03-04T17:54:47.029+0000] {processor.py:186} INFO - Started process (PID=1648) to work on /home/airflow/.local/lib/python3.12/site-packages/airflow/example_dags/example_latest_only.py
[2025-03-04T17:54:47.030+0000] {processor.py:914} INFO - Processing file /home/airflow/.local/lib/python3.12/site-packages/airflow/example_dags/example_latest_only.py for tasks to queue
[2025-03-04T17:54:47.032+0000] {logging_mixin.py:190} INFO - [2025-03-04T17:54:47.032+0000] {dagbag.py:588} INFO - Filling up the DagBag from /home/airflow/.local/lib/python3.12/site-packages/airflow/example_dags/example_latest_only.py
[2025-03-04T17:54:47.040+0000] {processor.py:925} INFO - DAG(s) 'latest_only' retrieved from /home/airflow/.local/lib/python3.12/site-packages/airflow/example_dags/example_latest_only.py
[2025-03-04T17:54:47.062+0000] {logging_mixin.py:190} INFO - [2025-03-04T17:54:47.062+0000] {dag.py:3239} INFO - Sync 1 DAGs
[2025-03-04T17:54:47.091+0000] {logging_mixin.py:190} INFO - [2025-03-04T17:54:47.090+0000] {dag.py:4180} INFO - Setting next_dagrun for latest_only to 2025-03-04 12:00:00+00:00, run_after=2025-03-04 16:00:00+00:00
[2025-03-04T17:54:47.115+0000] {processor.py:208} INFO - Processing /home/airflow/.local/lib/python3.12/site-packages/airflow/example_dags/example_latest_only.py took 0.097 seconds
[2025-03-04T17:56:41.040+0000] {processor.py:186} INFO - Started process (PID=419) to work on /home/airflow/.local/lib/python3.12/site-packages/airflow/example_dags/example_latest_only.py
[2025-03-04T17:56:41.041+0000] {processor.py:914} INFO - Processing file /home/airflow/.local/lib/python3.12/site-packages/airflow/example_dags/example_latest_only.py for tasks to queue
[2025-03-04T17:56:41.043+0000] {logging_mixin.py:190} INFO - [2025-03-04T17:56:41.043+0000] {dagbag.py:588} INFO - Filling up the DagBag from /home/airflow/.local/lib/python3.12/site-packages/airflow/example_dags/example_latest_only.py
[2025-03-04T17:56:41.051+0000] {processor.py:925} INFO - DAG(s) 'latest_only' retrieved from /home/airflow/.local/lib/python3.12/site-packages/airflow/example_dags/example_latest_only.py
[2025-03-04T17:56:41.074+0000] {logging_mixin.py:190} INFO - [2025-03-04T17:56:41.074+0000] {dag.py:3239} INFO - Sync 1 DAGs
[2025-03-04T17:56:41.102+0000] {logging_mixin.py:190} INFO - [2025-03-04T17:56:41.102+0000] {dag.py:4180} INFO - Setting next_dagrun for latest_only to 2025-03-04 12:00:00+00:00, run_after=2025-03-04 16:00:00+00:00
[2025-03-04T17:56:41.121+0000] {processor.py:208} INFO - Processing /home/airflow/.local/lib/python3.12/site-packages/airflow/example_dags/example_latest_only.py took 0.087 seconds
[2025-03-04T17:57:11.504+0000] {processor.py:186} INFO - Started process (PID=736) to work on /home/airflow/.local/lib/python3.12/site-packages/airflow/example_dags/example_latest_only.py
[2025-03-04T17:57:11.505+0000] {processor.py:914} INFO - Processing file /home/airflow/.local/lib/python3.12/site-packages/airflow/example_dags/example_latest_only.py for tasks to queue
[2025-03-04T17:57:11.507+0000] {logging_mixin.py:190} INFO - [2025-03-04T17:57:11.507+0000] {dagbag.py:588} INFO - Filling up the DagBag from /home/airflow/.local/lib/python3.12/site-packages/airflow/example_dags/example_latest_only.py
[2025-03-04T17:57:11.515+0000] {processor.py:925} INFO - DAG(s) 'latest_only' retrieved from /home/airflow/.local/lib/python3.12/site-packages/airflow/example_dags/example_latest_only.py
[2025-03-04T17:57:11.536+0000] {logging_mixin.py:190} INFO - [2025-03-04T17:57:11.535+0000] {dag.py:3239} INFO - Sync 1 DAGs
[2025-03-04T17:57:11.564+0000] {logging_mixin.py:190} INFO - [2025-03-04T17:57:11.564+0000] {dag.py:4180} INFO - Setting next_dagrun for latest_only to 2025-03-04 12:00:00+00:00, run_after=2025-03-04 16:00:00+00:00
[2025-03-04T17:57:11.583+0000] {processor.py:208} INFO - Processing /home/airflow/.local/lib/python3.12/site-packages/airflow/example_dags/example_latest_only.py took 0.085 seconds
[2025-03-04T17:57:43.893+0000] {processor.py:186} INFO - Started process (PID=1051) to work on /home/airflow/.local/lib/python3.12/site-packages/airflow/example_dags/example_latest_only.py
[2025-03-04T17:57:43.894+0000] {processor.py:914} INFO - Processing file /home/airflow/.local/lib/python3.12/site-packages/airflow/example_dags/example_latest_only.py for tasks to queue
[2025-03-04T17:57:43.897+0000] {logging_mixin.py:190} INFO - [2025-03-04T17:57:43.897+0000] {dagbag.py:588} INFO - Filling up the DagBag from /home/airflow/.local/lib/python3.12/site-packages/airflow/example_dags/example_latest_only.py
[2025-03-04T17:57:43.905+0000] {processor.py:925} INFO - DAG(s) 'latest_only' retrieved from /home/airflow/.local/lib/python3.12/site-packages/airflow/example_dags/example_latest_only.py
[2025-03-04T17:57:43.929+0000] {logging_mixin.py:190} INFO - [2025-03-04T17:57:43.928+0000] {dag.py:3239} INFO - Sync 1 DAGs
[2025-03-04T17:57:43.975+0000] {logging_mixin.py:190} INFO - [2025-03-04T17:57:43.974+0000] {dag.py:4180} INFO - Setting next_dagrun for latest_only to 2025-03-04 12:00:00+00:00, run_after=2025-03-04 16:00:00+00:00
[2025-03-04T17:57:44.011+0000] {processor.py:208} INFO - Processing /home/airflow/.local/lib/python3.12/site-packages/airflow/example_dags/example_latest_only.py took 0.127 seconds
[2025-03-04T17:58:14.967+0000] {processor.py:186} INFO - Started process (PID=1357) to work on /home/airflow/.local/lib/python3.12/site-packages/airflow/example_dags/example_latest_only.py
[2025-03-04T17:58:14.968+0000] {processor.py:914} INFO - Processing file /home/airflow/.local/lib/python3.12/site-packages/airflow/example_dags/example_latest_only.py for tasks to queue
[2025-03-04T17:58:14.970+0000] {logging_mixin.py:190} INFO - [2025-03-04T17:58:14.970+0000] {dagbag.py:588} INFO - Filling up the DagBag from /home/airflow/.local/lib/python3.12/site-packages/airflow/example_dags/example_latest_only.py
[2025-03-04T17:58:14.978+0000] {processor.py:925} INFO - DAG(s) 'latest_only' retrieved from /home/airflow/.local/lib/python3.12/site-packages/airflow/example_dags/example_latest_only.py
[2025-03-04T17:58:14.998+0000] {logging_mixin.py:190} INFO - [2025-03-04T17:58:14.997+0000] {dag.py:3239} INFO - Sync 1 DAGs
[2025-03-04T17:58:15.025+0000] {logging_mixin.py:190} INFO - [2025-03-04T17:58:15.025+0000] {dag.py:4180} INFO - Setting next_dagrun for latest_only to 2025-03-04 12:00:00+00:00, run_after=2025-03-04 16:00:00+00:00
[2025-03-04T17:58:15.046+0000] {processor.py:208} INFO - Processing /home/airflow/.local/lib/python3.12/site-packages/airflow/example_dags/example_latest_only.py took 0.088 seconds
[2025-03-04T17:58:45.693+0000] {processor.py:186} INFO - Started process (PID=1663) to work on /home/airflow/.local/lib/python3.12/site-packages/airflow/example_dags/example_latest_only.py
[2025-03-04T17:58:45.695+0000] {processor.py:914} INFO - Processing file /home/airflow/.local/lib/python3.12/site-packages/airflow/example_dags/example_latest_only.py for tasks to queue
[2025-03-04T17:58:45.697+0000] {logging_mixin.py:190} INFO - [2025-03-04T17:58:45.697+0000] {dagbag.py:588} INFO - Filling up the DagBag from /home/airflow/.local/lib/python3.12/site-packages/airflow/example_dags/example_latest_only.py
[2025-03-04T17:58:45.705+0000] {processor.py:925} INFO - DAG(s) 'latest_only' retrieved from /home/airflow/.local/lib/python3.12/site-packages/airflow/example_dags/example_latest_only.py
[2025-03-04T17:58:45.728+0000] {logging_mixin.py:190} INFO - [2025-03-04T17:58:45.728+0000] {dag.py:3239} INFO - Sync 1 DAGs
[2025-03-04T17:58:45.756+0000] {logging_mixin.py:190} INFO - [2025-03-04T17:58:45.756+0000] {dag.py:4180} INFO - Setting next_dagrun for latest_only to 2025-03-04 12:00:00+00:00, run_after=2025-03-04 16:00:00+00:00
[2025-03-04T17:58:45.778+0000] {processor.py:208} INFO - Processing /home/airflow/.local/lib/python3.12/site-packages/airflow/example_dags/example_latest_only.py took 0.092 seconds
[2025-03-04T17:59:40.445+0000] {processor.py:186} INFO - Started process (PID=418) to work on /home/airflow/.local/lib/python3.12/site-packages/airflow/example_dags/example_latest_only.py
[2025-03-04T17:59:40.446+0000] {processor.py:914} INFO - Processing file /home/airflow/.local/lib/python3.12/site-packages/airflow/example_dags/example_latest_only.py for tasks to queue
[2025-03-04T17:59:40.449+0000] {logging_mixin.py:190} INFO - [2025-03-04T17:59:40.448+0000] {dagbag.py:588} INFO - Filling up the DagBag from /home/airflow/.local/lib/python3.12/site-packages/airflow/example_dags/example_latest_only.py
[2025-03-04T17:59:40.456+0000] {processor.py:925} INFO - DAG(s) 'latest_only' retrieved from /home/airflow/.local/lib/python3.12/site-packages/airflow/example_dags/example_latest_only.py
[2025-03-04T17:59:40.479+0000] {logging_mixin.py:190} INFO - [2025-03-04T17:59:40.478+0000] {dag.py:3239} INFO - Sync 1 DAGs
[2025-03-04T17:59:40.507+0000] {logging_mixin.py:190} INFO - [2025-03-04T17:59:40.506+0000] {dag.py:4180} INFO - Setting next_dagrun for latest_only to 2025-03-04 12:00:00+00:00, run_after=2025-03-04 16:00:00+00:00
[2025-03-04T17:59:40.525+0000] {processor.py:208} INFO - Processing /home/airflow/.local/lib/python3.12/site-packages/airflow/example_dags/example_latest_only.py took 0.086 seconds
[2025-03-04T18:00:12.233+0000] {processor.py:186} INFO - Started process (PID=724) to work on /home/airflow/.local/lib/python3.12/site-packages/airflow/example_dags/example_latest_only.py
[2025-03-04T18:00:12.234+0000] {processor.py:914} INFO - Processing file /home/airflow/.local/lib/python3.12/site-packages/airflow/example_dags/example_latest_only.py for tasks to queue
[2025-03-04T18:00:12.236+0000] {logging_mixin.py:190} INFO - [2025-03-04T18:00:12.236+0000] {dagbag.py:588} INFO - Filling up the DagBag from /home/airflow/.local/lib/python3.12/site-packages/airflow/example_dags/example_latest_only.py
[2025-03-04T18:00:12.244+0000] {processor.py:925} INFO - DAG(s) 'latest_only' retrieved from /home/airflow/.local/lib/python3.12/site-packages/airflow/example_dags/example_latest_only.py
[2025-03-04T18:00:12.265+0000] {logging_mixin.py:190} INFO - [2025-03-04T18:00:12.265+0000] {dag.py:3239} INFO - Sync 1 DAGs
[2025-03-04T18:00:12.292+0000] {logging_mixin.py:190} INFO - [2025-03-04T18:00:12.291+0000] {dag.py:4180} INFO - Setting next_dagrun for latest_only to 2025-03-04 12:00:00+00:00, run_after=2025-03-04 16:00:00+00:00
[2025-03-04T18:00:12.316+0000] {processor.py:208} INFO - Processing /home/airflow/.local/lib/python3.12/site-packages/airflow/example_dags/example_latest_only.py took 0.089 seconds
[2025-03-04T18:00:43.231+0000] {processor.py:186} INFO - Started process (PID=1030) to work on /home/airflow/.local/lib/python3.12/site-packages/airflow/example_dags/example_latest_only.py
[2025-03-04T18:00:43.232+0000] {processor.py:914} INFO - Processing file /home/airflow/.local/lib/python3.12/site-packages/airflow/example_dags/example_latest_only.py for tasks to queue
[2025-03-04T18:00:43.234+0000] {logging_mixin.py:190} INFO - [2025-03-04T18:00:43.234+0000] {dagbag.py:588} INFO - Filling up the DagBag from /home/airflow/.local/lib/python3.12/site-packages/airflow/example_dags/example_latest_only.py
[2025-03-04T18:00:43.241+0000] {processor.py:925} INFO - DAG(s) 'latest_only' retrieved from /home/airflow/.local/lib/python3.12/site-packages/airflow/example_dags/example_latest_only.py
[2025-03-04T18:00:43.260+0000] {logging_mixin.py:190} INFO - [2025-03-04T18:00:43.260+0000] {dag.py:3239} INFO - Sync 1 DAGs
[2025-03-04T18:00:43.285+0000] {logging_mixin.py:190} INFO - [2025-03-04T18:00:43.285+0000] {dag.py:4180} INFO - Setting next_dagrun for latest_only to 2025-03-04 12:00:00+00:00, run_after=2025-03-04 16:00:00+00:00
[2025-03-04T18:00:43.313+0000] {processor.py:208} INFO - Processing /home/airflow/.local/lib/python3.12/site-packages/airflow/example_dags/example_latest_only.py took 0.087 seconds
[2025-03-04T18:01:13.844+0000] {processor.py:186} INFO - Started process (PID=1336) to work on /home/airflow/.local/lib/python3.12/site-packages/airflow/example_dags/example_latest_only.py
[2025-03-04T18:01:13.845+0000] {processor.py:914} INFO - Processing file /home/airflow/.local/lib/python3.12/site-packages/airflow/example_dags/example_latest_only.py for tasks to queue
[2025-03-04T18:01:13.847+0000] {logging_mixin.py:190} INFO - [2025-03-04T18:01:13.847+0000] {dagbag.py:588} INFO - Filling up the DagBag from /home/airflow/.local/lib/python3.12/site-packages/airflow/example_dags/example_latest_only.py
[2025-03-04T18:01:13.855+0000] {processor.py:925} INFO - DAG(s) 'latest_only' retrieved from /home/airflow/.local/lib/python3.12/site-packages/airflow/example_dags/example_latest_only.py
[2025-03-04T18:01:13.882+0000] {logging_mixin.py:190} INFO - [2025-03-04T18:01:13.881+0000] {dag.py:3239} INFO - Sync 1 DAGs
[2025-03-04T18:01:13.928+0000] {logging_mixin.py:190} INFO - [2025-03-04T18:01:13.928+0000] {dag.py:4180} INFO - Setting next_dagrun for latest_only to 2025-03-04 12:00:00+00:00, run_after=2025-03-04 16:00:00+00:00
[2025-03-04T18:01:13.956+0000] {processor.py:208} INFO - Processing /home/airflow/.local/lib/python3.12/site-packages/airflow/example_dags/example_latest_only.py took 0.119 seconds
[2025-03-04T18:01:44.237+0000] {processor.py:186} INFO - Started process (PID=1637) to work on /home/airflow/.local/lib/python3.12/site-packages/airflow/example_dags/example_latest_only.py
[2025-03-04T18:01:44.238+0000] {processor.py:914} INFO - Processing file /home/airflow/.local/lib/python3.12/site-packages/airflow/example_dags/example_latest_only.py for tasks to queue
[2025-03-04T18:01:44.240+0000] {logging_mixin.py:190} INFO - [2025-03-04T18:01:44.240+0000] {dagbag.py:588} INFO - Filling up the DagBag from /home/airflow/.local/lib/python3.12/site-packages/airflow/example_dags/example_latest_only.py
[2025-03-04T18:01:44.247+0000] {processor.py:925} INFO - DAG(s) 'latest_only' retrieved from /home/airflow/.local/lib/python3.12/site-packages/airflow/example_dags/example_latest_only.py
[2025-03-04T18:01:44.267+0000] {logging_mixin.py:190} INFO - [2025-03-04T18:01:44.267+0000] {dag.py:3239} INFO - Sync 1 DAGs
[2025-03-04T18:01:44.293+0000] {logging_mixin.py:190} INFO - [2025-03-04T18:01:44.292+0000] {dag.py:4180} INFO - Setting next_dagrun for latest_only to 2025-03-04 12:00:00+00:00, run_after=2025-03-04 16:00:00+00:00
[2025-03-04T18:01:44.315+0000] {processor.py:208} INFO - Processing /home/airflow/.local/lib/python3.12/site-packages/airflow/example_dags/example_latest_only.py took 0.084 seconds
[2025-03-04T18:02:15.749+0000] {processor.py:186} INFO - Started process (PID=1945) to work on /home/airflow/.local/lib/python3.12/site-packages/airflow/example_dags/example_latest_only.py
[2025-03-04T18:02:15.750+0000] {processor.py:914} INFO - Processing file /home/airflow/.local/lib/python3.12/site-packages/airflow/example_dags/example_latest_only.py for tasks to queue
[2025-03-04T18:02:15.753+0000] {logging_mixin.py:190} INFO - [2025-03-04T18:02:15.753+0000] {dagbag.py:588} INFO - Filling up the DagBag from /home/airflow/.local/lib/python3.12/site-packages/airflow/example_dags/example_latest_only.py
[2025-03-04T18:02:15.761+0000] {processor.py:925} INFO - DAG(s) 'latest_only' retrieved from /home/airflow/.local/lib/python3.12/site-packages/airflow/example_dags/example_latest_only.py
[2025-03-04T18:02:15.789+0000] {logging_mixin.py:190} INFO - [2025-03-04T18:02:15.789+0000] {dag.py:3239} INFO - Sync 1 DAGs
[2025-03-04T18:02:15.817+0000] {logging_mixin.py:190} INFO - [2025-03-04T18:02:15.816+0000] {dag.py:4180} INFO - Setting next_dagrun for latest_only to 2025-03-04 12:00:00+00:00, run_after=2025-03-04 16:00:00+00:00
[2025-03-04T18:02:15.836+0000] {processor.py:208} INFO - Processing /home/airflow/.local/lib/python3.12/site-packages/airflow/example_dags/example_latest_only.py took 0.094 seconds
[2025-03-04T18:02:46.348+0000] {processor.py:186} INFO - Started process (PID=2249) to work on /home/airflow/.local/lib/python3.12/site-packages/airflow/example_dags/example_latest_only.py
[2025-03-04T18:02:46.349+0000] {processor.py:914} INFO - Processing file /home/airflow/.local/lib/python3.12/site-packages/airflow/example_dags/example_latest_only.py for tasks to queue
[2025-03-04T18:02:46.351+0000] {logging_mixin.py:190} INFO - [2025-03-04T18:02:46.350+0000] {dagbag.py:588} INFO - Filling up the DagBag from /home/airflow/.local/lib/python3.12/site-packages/airflow/example_dags/example_latest_only.py
[2025-03-04T18:02:46.358+0000] {processor.py:925} INFO - DAG(s) 'latest_only' retrieved from /home/airflow/.local/lib/python3.12/site-packages/airflow/example_dags/example_latest_only.py
[2025-03-04T18:02:46.382+0000] {logging_mixin.py:190} INFO - [2025-03-04T18:02:46.381+0000] {dag.py:3239} INFO - Sync 1 DAGs
[2025-03-04T18:02:46.409+0000] {logging_mixin.py:190} INFO - [2025-03-04T18:02:46.409+0000] {dag.py:4180} INFO - Setting next_dagrun for latest_only to 2025-03-04 12:00:00+00:00, run_after=2025-03-04 16:00:00+00:00
[2025-03-04T18:02:46.431+0000] {processor.py:208} INFO - Processing /home/airflow/.local/lib/python3.12/site-packages/airflow/example_dags/example_latest_only.py took 0.090 seconds
[2025-03-04T18:03:17.034+0000] {processor.py:186} INFO - Started process (PID=2566) to work on /home/airflow/.local/lib/python3.12/site-packages/airflow/example_dags/example_latest_only.py
[2025-03-04T18:03:17.035+0000] {processor.py:914} INFO - Processing file /home/airflow/.local/lib/python3.12/site-packages/airflow/example_dags/example_latest_only.py for tasks to queue
[2025-03-04T18:03:17.037+0000] {logging_mixin.py:190} INFO - [2025-03-04T18:03:17.037+0000] {dagbag.py:588} INFO - Filling up the DagBag from /home/airflow/.local/lib/python3.12/site-packages/airflow/example_dags/example_latest_only.py
[2025-03-04T18:03:17.045+0000] {processor.py:925} INFO - DAG(s) 'latest_only' retrieved from /home/airflow/.local/lib/python3.12/site-packages/airflow/example_dags/example_latest_only.py
[2025-03-04T18:03:17.065+0000] {logging_mixin.py:190} INFO - [2025-03-04T18:03:17.065+0000] {dag.py:3239} INFO - Sync 1 DAGs
[2025-03-04T18:03:17.097+0000] {logging_mixin.py:190} INFO - [2025-03-04T18:03:17.097+0000] {dag.py:4180} INFO - Setting next_dagrun for latest_only to 2025-03-04 12:00:00+00:00, run_after=2025-03-04 16:00:00+00:00
[2025-03-04T18:03:17.120+0000] {processor.py:208} INFO - Processing /home/airflow/.local/lib/python3.12/site-packages/airflow/example_dags/example_latest_only.py took 0.093 seconds
[2025-03-04T18:03:47.744+0000] {processor.py:186} INFO - Started process (PID=2872) to work on /home/airflow/.local/lib/python3.12/site-packages/airflow/example_dags/example_latest_only.py
[2025-03-04T18:03:47.746+0000] {processor.py:914} INFO - Processing file /home/airflow/.local/lib/python3.12/site-packages/airflow/example_dags/example_latest_only.py for tasks to queue
[2025-03-04T18:03:47.749+0000] {logging_mixin.py:190} INFO - [2025-03-04T18:03:47.748+0000] {dagbag.py:588} INFO - Filling up the DagBag from /home/airflow/.local/lib/python3.12/site-packages/airflow/example_dags/example_latest_only.py
[2025-03-04T18:03:47.757+0000] {processor.py:925} INFO - DAG(s) 'latest_only' retrieved from /home/airflow/.local/lib/python3.12/site-packages/airflow/example_dags/example_latest_only.py
[2025-03-04T18:03:47.784+0000] {logging_mixin.py:190} INFO - [2025-03-04T18:03:47.784+0000] {dag.py:3239} INFO - Sync 1 DAGs
[2025-03-04T18:03:47.814+0000] {logging_mixin.py:190} INFO - [2025-03-04T18:03:47.813+0000] {dag.py:4180} INFO - Setting next_dagrun for latest_only to 2025-03-04 12:00:00+00:00, run_after=2025-03-04 16:00:00+00:00
[2025-03-04T18:03:47.841+0000] {processor.py:208} INFO - Processing /home/airflow/.local/lib/python3.12/site-packages/airflow/example_dags/example_latest_only.py took 0.103 seconds
[2025-03-04T18:04:18.196+0000] {processor.py:186} INFO - Started process (PID=3178) to work on /home/airflow/.local/lib/python3.12/site-packages/airflow/example_dags/example_latest_only.py
[2025-03-04T18:04:18.197+0000] {processor.py:914} INFO - Processing file /home/airflow/.local/lib/python3.12/site-packages/airflow/example_dags/example_latest_only.py for tasks to queue
[2025-03-04T18:04:18.200+0000] {logging_mixin.py:190} INFO - [2025-03-04T18:04:18.200+0000] {dagbag.py:588} INFO - Filling up the DagBag from /home/airflow/.local/lib/python3.12/site-packages/airflow/example_dags/example_latest_only.py
[2025-03-04T18:04:18.217+0000] {processor.py:925} INFO - DAG(s) 'latest_only' retrieved from /home/airflow/.local/lib/python3.12/site-packages/airflow/example_dags/example_latest_only.py
[2025-03-04T18:04:18.240+0000] {logging_mixin.py:190} INFO - [2025-03-04T18:04:18.240+0000] {dag.py:3239} INFO - Sync 1 DAGs
[2025-03-04T18:04:18.275+0000] {logging_mixin.py:190} INFO - [2025-03-04T18:04:18.275+0000] {dag.py:4180} INFO - Setting next_dagrun for latest_only to 2025-03-04 12:00:00+00:00, run_after=2025-03-04 16:00:00+00:00
[2025-03-04T18:04:18.297+0000] {processor.py:208} INFO - Processing /home/airflow/.local/lib/python3.12/site-packages/airflow/example_dags/example_latest_only.py took 0.107 seconds
[2025-03-04T18:04:49.209+0000] {processor.py:186} INFO - Started process (PID=3484) to work on /home/airflow/.local/lib/python3.12/site-packages/airflow/example_dags/example_latest_only.py
[2025-03-04T18:04:49.211+0000] {processor.py:914} INFO - Processing file /home/airflow/.local/lib/python3.12/site-packages/airflow/example_dags/example_latest_only.py for tasks to queue
[2025-03-04T18:04:49.217+0000] {logging_mixin.py:190} INFO - [2025-03-04T18:04:49.216+0000] {dagbag.py:588} INFO - Filling up the DagBag from /home/airflow/.local/lib/python3.12/site-packages/airflow/example_dags/example_latest_only.py
[2025-03-04T18:04:49.226+0000] {processor.py:925} INFO - DAG(s) 'latest_only' retrieved from /home/airflow/.local/lib/python3.12/site-packages/airflow/example_dags/example_latest_only.py
[2025-03-04T18:04:49.254+0000] {logging_mixin.py:190} INFO - [2025-03-04T18:04:49.254+0000] {dag.py:3239} INFO - Sync 1 DAGs
[2025-03-04T18:04:49.284+0000] {logging_mixin.py:190} INFO - [2025-03-04T18:04:49.284+0000] {dag.py:4180} INFO - Setting next_dagrun for latest_only to 2025-03-04 12:00:00+00:00, run_after=2025-03-04 16:00:00+00:00
[2025-03-04T18:04:49.314+0000] {processor.py:208} INFO - Processing /home/airflow/.local/lib/python3.12/site-packages/airflow/example_dags/example_latest_only.py took 0.121 seconds
[2025-03-04T18:05:19.792+0000] {processor.py:186} INFO - Started process (PID=3785) to work on /home/airflow/.local/lib/python3.12/site-packages/airflow/example_dags/example_latest_only.py
[2025-03-04T18:05:19.793+0000] {processor.py:914} INFO - Processing file /home/airflow/.local/lib/python3.12/site-packages/airflow/example_dags/example_latest_only.py for tasks to queue
[2025-03-04T18:05:19.796+0000] {logging_mixin.py:190} INFO - [2025-03-04T18:05:19.795+0000] {dagbag.py:588} INFO - Filling up the DagBag from /home/airflow/.local/lib/python3.12/site-packages/airflow/example_dags/example_latest_only.py
[2025-03-04T18:05:19.804+0000] {processor.py:925} INFO - DAG(s) 'latest_only' retrieved from /home/airflow/.local/lib/python3.12/site-packages/airflow/example_dags/example_latest_only.py
[2025-03-04T18:05:19.826+0000] {logging_mixin.py:190} INFO - [2025-03-04T18:05:19.826+0000] {dag.py:3239} INFO - Sync 1 DAGs
[2025-03-04T18:05:19.855+0000] {logging_mixin.py:190} INFO - [2025-03-04T18:05:19.855+0000] {dag.py:4180} INFO - Setting next_dagrun for latest_only to 2025-03-04 12:00:00+00:00, run_after=2025-03-04 16:00:00+00:00
[2025-03-04T18:05:19.880+0000] {processor.py:208} INFO - Processing /home/airflow/.local/lib/python3.12/site-packages/airflow/example_dags/example_latest_only.py took 0.096 seconds
