[2025-03-04T17:28:42.059+0000] {processor.py:186} INFO - Started process (PID=237) to work on /home/airflow/.local/lib/python3.12/site-packages/airflow/example_dags/example_branch_python_dop_operator_3.py
[2025-03-04T17:28:42.060+0000] {processor.py:914} INFO - Processing file /home/airflow/.local/lib/python3.12/site-packages/airflow/example_dags/example_branch_python_dop_operator_3.py for tasks to queue
[2025-03-04T17:28:42.063+0000] {logging_mixin.py:190} INFO - [2025-03-04T17:28:42.063+0000] {dagbag.py:588} INFO - Filling up the DagBag from /home/airflow/.local/lib/python3.12/site-packages/airflow/example_dags/example_branch_python_dop_operator_3.py
[2025-03-04T17:28:42.081+0000] {processor.py:925} INFO - DAG(s) 'example_branch_dop_operator_v3' retrieved from /home/airflow/.local/lib/python3.12/site-packages/airflow/example_dags/example_branch_python_dop_operator_3.py
[2025-03-04T17:28:42.124+0000] {logging_mixin.py:190} INFO - [2025-03-04T17:28:42.124+0000] {dag.py:3239} INFO - Sync 1 DAGs
[2025-03-04T17:28:42.182+0000] {logging_mixin.py:190} INFO - [2025-03-04T17:28:42.182+0000] {dag.py:4180} INFO - Setting next_dagrun for example_branch_dop_operator_v3 to 2025-03-04 17:27:00+00:00, run_after=2025-03-04 17:28:00+00:00
[2025-03-04T17:28:42.226+0000] {processor.py:208} INFO - Processing /home/airflow/.local/lib/python3.12/site-packages/airflow/example_dags/example_branch_python_dop_operator_3.py took 0.177 seconds
[2025-03-04T17:29:12.374+0000] {processor.py:186} INFO - Started process (PID=612) to work on /home/airflow/.local/lib/python3.12/site-packages/airflow/example_dags/example_branch_python_dop_operator_3.py
[2025-03-04T17:29:12.375+0000] {processor.py:914} INFO - Processing file /home/airflow/.local/lib/python3.12/site-packages/airflow/example_dags/example_branch_python_dop_operator_3.py for tasks to queue
[2025-03-04T17:29:12.379+0000] {logging_mixin.py:190} INFO - [2025-03-04T17:29:12.378+0000] {dagbag.py:588} INFO - Filling up the DagBag from /home/airflow/.local/lib/python3.12/site-packages/airflow/example_dags/example_branch_python_dop_operator_3.py
[2025-03-04T17:29:12.392+0000] {processor.py:925} INFO - DAG(s) 'example_branch_dop_operator_v3' retrieved from /home/airflow/.local/lib/python3.12/site-packages/airflow/example_dags/example_branch_python_dop_operator_3.py
[2025-03-04T17:29:12.421+0000] {logging_mixin.py:190} INFO - [2025-03-04T17:29:12.421+0000] {dag.py:3239} INFO - Sync 1 DAGs
[2025-03-04T17:29:12.454+0000] {logging_mixin.py:190} INFO - [2025-03-04T17:29:12.453+0000] {dag.py:4180} INFO - Setting next_dagrun for example_branch_dop_operator_v3 to 2025-03-04 17:28:00+00:00, run_after=2025-03-04 17:29:00+00:00
[2025-03-04T17:29:12.478+0000] {processor.py:208} INFO - Processing /home/airflow/.local/lib/python3.12/site-packages/airflow/example_dags/example_branch_python_dop_operator_3.py took 0.111 seconds
[2025-03-04T17:29:43.119+0000] {processor.py:186} INFO - Started process (PID=918) to work on /home/airflow/.local/lib/python3.12/site-packages/airflow/example_dags/example_branch_python_dop_operator_3.py
[2025-03-04T17:29:43.121+0000] {processor.py:914} INFO - Processing file /home/airflow/.local/lib/python3.12/site-packages/airflow/example_dags/example_branch_python_dop_operator_3.py for tasks to queue
[2025-03-04T17:29:43.127+0000] {logging_mixin.py:190} INFO - [2025-03-04T17:29:43.126+0000] {dagbag.py:588} INFO - Filling up the DagBag from /home/airflow/.local/lib/python3.12/site-packages/airflow/example_dags/example_branch_python_dop_operator_3.py
[2025-03-04T17:29:43.156+0000] {processor.py:925} INFO - DAG(s) 'example_branch_dop_operator_v3' retrieved from /home/airflow/.local/lib/python3.12/site-packages/airflow/example_dags/example_branch_python_dop_operator_3.py
[2025-03-04T17:29:43.195+0000] {logging_mixin.py:190} INFO - [2025-03-04T17:29:43.194+0000] {dag.py:3239} INFO - Sync 1 DAGs
[2025-03-04T17:29:43.235+0000] {logging_mixin.py:190} INFO - [2025-03-04T17:29:43.235+0000] {dag.py:4180} INFO - Setting next_dagrun for example_branch_dop_operator_v3 to 2025-03-04 17:28:00+00:00, run_after=2025-03-04 17:29:00+00:00
[2025-03-04T17:29:43.259+0000] {processor.py:208} INFO - Processing /home/airflow/.local/lib/python3.12/site-packages/airflow/example_dags/example_branch_python_dop_operator_3.py took 0.156 seconds
[2025-03-04T17:30:14.012+0000] {processor.py:186} INFO - Started process (PID=1224) to work on /home/airflow/.local/lib/python3.12/site-packages/airflow/example_dags/example_branch_python_dop_operator_3.py
[2025-03-04T17:30:14.013+0000] {processor.py:914} INFO - Processing file /home/airflow/.local/lib/python3.12/site-packages/airflow/example_dags/example_branch_python_dop_operator_3.py for tasks to queue
[2025-03-04T17:30:14.015+0000] {logging_mixin.py:190} INFO - [2025-03-04T17:30:14.015+0000] {dagbag.py:588} INFO - Filling up the DagBag from /home/airflow/.local/lib/python3.12/site-packages/airflow/example_dags/example_branch_python_dop_operator_3.py
[2025-03-04T17:30:14.027+0000] {processor.py:925} INFO - DAG(s) 'example_branch_dop_operator_v3' retrieved from /home/airflow/.local/lib/python3.12/site-packages/airflow/example_dags/example_branch_python_dop_operator_3.py
[2025-03-04T17:30:14.048+0000] {logging_mixin.py:190} INFO - [2025-03-04T17:30:14.048+0000] {dag.py:3239} INFO - Sync 1 DAGs
[2025-03-04T17:30:14.080+0000] {logging_mixin.py:190} INFO - [2025-03-04T17:30:14.080+0000] {dag.py:4180} INFO - Setting next_dagrun for example_branch_dop_operator_v3 to 2025-03-04 17:29:00+00:00, run_after=2025-03-04 17:30:00+00:00
[2025-03-04T17:30:14.102+0000] {processor.py:208} INFO - Processing /home/airflow/.local/lib/python3.12/site-packages/airflow/example_dags/example_branch_python_dop_operator_3.py took 0.096 seconds
[2025-03-04T17:30:44.882+0000] {processor.py:186} INFO - Started process (PID=1530) to work on /home/airflow/.local/lib/python3.12/site-packages/airflow/example_dags/example_branch_python_dop_operator_3.py
[2025-03-04T17:30:44.884+0000] {processor.py:914} INFO - Processing file /home/airflow/.local/lib/python3.12/site-packages/airflow/example_dags/example_branch_python_dop_operator_3.py for tasks to queue
[2025-03-04T17:30:44.887+0000] {logging_mixin.py:190} INFO - [2025-03-04T17:30:44.886+0000] {dagbag.py:588} INFO - Filling up the DagBag from /home/airflow/.local/lib/python3.12/site-packages/airflow/example_dags/example_branch_python_dop_operator_3.py
[2025-03-04T17:30:44.898+0000] {processor.py:925} INFO - DAG(s) 'example_branch_dop_operator_v3' retrieved from /home/airflow/.local/lib/python3.12/site-packages/airflow/example_dags/example_branch_python_dop_operator_3.py
[2025-03-04T17:30:44.926+0000] {logging_mixin.py:190} INFO - [2025-03-04T17:30:44.925+0000] {dag.py:3239} INFO - Sync 1 DAGs
[2025-03-04T17:30:44.958+0000] {logging_mixin.py:190} INFO - [2025-03-04T17:30:44.957+0000] {dag.py:4180} INFO - Setting next_dagrun for example_branch_dop_operator_v3 to 2025-03-04 17:29:00+00:00, run_after=2025-03-04 17:30:00+00:00
[2025-03-04T17:30:44.985+0000] {processor.py:208} INFO - Processing /home/airflow/.local/lib/python3.12/site-packages/airflow/example_dags/example_branch_python_dop_operator_3.py took 0.109 seconds
[2025-03-04T17:31:15.279+0000] {processor.py:186} INFO - Started process (PID=1833) to work on /home/airflow/.local/lib/python3.12/site-packages/airflow/example_dags/example_branch_python_dop_operator_3.py
[2025-03-04T17:31:15.281+0000] {processor.py:914} INFO - Processing file /home/airflow/.local/lib/python3.12/site-packages/airflow/example_dags/example_branch_python_dop_operator_3.py for tasks to queue
[2025-03-04T17:31:15.284+0000] {logging_mixin.py:190} INFO - [2025-03-04T17:31:15.283+0000] {dagbag.py:588} INFO - Filling up the DagBag from /home/airflow/.local/lib/python3.12/site-packages/airflow/example_dags/example_branch_python_dop_operator_3.py
[2025-03-04T17:31:15.313+0000] {processor.py:925} INFO - DAG(s) 'example_branch_dop_operator_v3' retrieved from /home/airflow/.local/lib/python3.12/site-packages/airflow/example_dags/example_branch_python_dop_operator_3.py
[2025-03-04T17:31:15.354+0000] {logging_mixin.py:190} INFO - [2025-03-04T17:31:15.354+0000] {dag.py:3239} INFO - Sync 1 DAGs
[2025-03-04T17:31:15.390+0000] {logging_mixin.py:190} INFO - [2025-03-04T17:31:15.390+0000] {dag.py:4180} INFO - Setting next_dagrun for example_branch_dop_operator_v3 to 2025-03-04 17:30:00+00:00, run_after=2025-03-04 17:31:00+00:00
[2025-03-04T17:31:15.427+0000] {processor.py:208} INFO - Processing /home/airflow/.local/lib/python3.12/site-packages/airflow/example_dags/example_branch_python_dop_operator_3.py took 0.155 seconds
[2025-03-04T17:31:45.843+0000] {processor.py:186} INFO - Started process (PID=2142) to work on /home/airflow/.local/lib/python3.12/site-packages/airflow/example_dags/example_branch_python_dop_operator_3.py
[2025-03-04T17:31:45.844+0000] {processor.py:914} INFO - Processing file /home/airflow/.local/lib/python3.12/site-packages/airflow/example_dags/example_branch_python_dop_operator_3.py for tasks to queue
[2025-03-04T17:31:45.847+0000] {logging_mixin.py:190} INFO - [2025-03-04T17:31:45.847+0000] {dagbag.py:588} INFO - Filling up the DagBag from /home/airflow/.local/lib/python3.12/site-packages/airflow/example_dags/example_branch_python_dop_operator_3.py
[2025-03-04T17:31:45.860+0000] {processor.py:925} INFO - DAG(s) 'example_branch_dop_operator_v3' retrieved from /home/airflow/.local/lib/python3.12/site-packages/airflow/example_dags/example_branch_python_dop_operator_3.py
[2025-03-04T17:31:45.883+0000] {logging_mixin.py:190} INFO - [2025-03-04T17:31:45.883+0000] {dag.py:3239} INFO - Sync 1 DAGs
[2025-03-04T17:31:45.917+0000] {logging_mixin.py:190} INFO - [2025-03-04T17:31:45.916+0000] {dag.py:4180} INFO - Setting next_dagrun for example_branch_dop_operator_v3 to 2025-03-04 17:30:00+00:00, run_after=2025-03-04 17:31:00+00:00
[2025-03-04T17:31:45.941+0000] {processor.py:208} INFO - Processing /home/airflow/.local/lib/python3.12/site-packages/airflow/example_dags/example_branch_python_dop_operator_3.py took 0.106 seconds
[2025-03-04T17:32:16.062+0000] {processor.py:186} INFO - Started process (PID=2448) to work on /home/airflow/.local/lib/python3.12/site-packages/airflow/example_dags/example_branch_python_dop_operator_3.py
[2025-03-04T17:32:16.063+0000] {processor.py:914} INFO - Processing file /home/airflow/.local/lib/python3.12/site-packages/airflow/example_dags/example_branch_python_dop_operator_3.py for tasks to queue
[2025-03-04T17:32:16.066+0000] {logging_mixin.py:190} INFO - [2025-03-04T17:32:16.065+0000] {dagbag.py:588} INFO - Filling up the DagBag from /home/airflow/.local/lib/python3.12/site-packages/airflow/example_dags/example_branch_python_dop_operator_3.py
[2025-03-04T17:32:16.079+0000] {processor.py:925} INFO - DAG(s) 'example_branch_dop_operator_v3' retrieved from /home/airflow/.local/lib/python3.12/site-packages/airflow/example_dags/example_branch_python_dop_operator_3.py
[2025-03-04T17:32:16.106+0000] {logging_mixin.py:190} INFO - [2025-03-04T17:32:16.106+0000] {dag.py:3239} INFO - Sync 1 DAGs
[2025-03-04T17:32:16.150+0000] {logging_mixin.py:190} INFO - [2025-03-04T17:32:16.149+0000] {dag.py:4180} INFO - Setting next_dagrun for example_branch_dop_operator_v3 to 2025-03-04 17:31:00+00:00, run_after=2025-03-04 17:32:00+00:00
[2025-03-04T17:32:16.171+0000] {processor.py:208} INFO - Processing /home/airflow/.local/lib/python3.12/site-packages/airflow/example_dags/example_branch_python_dop_operator_3.py took 0.117 seconds
[2025-03-04T17:32:46.804+0000] {processor.py:186} INFO - Started process (PID=2754) to work on /home/airflow/.local/lib/python3.12/site-packages/airflow/example_dags/example_branch_python_dop_operator_3.py
[2025-03-04T17:32:46.805+0000] {processor.py:914} INFO - Processing file /home/airflow/.local/lib/python3.12/site-packages/airflow/example_dags/example_branch_python_dop_operator_3.py for tasks to queue
[2025-03-04T17:32:46.808+0000] {logging_mixin.py:190} INFO - [2025-03-04T17:32:46.808+0000] {dagbag.py:588} INFO - Filling up the DagBag from /home/airflow/.local/lib/python3.12/site-packages/airflow/example_dags/example_branch_python_dop_operator_3.py
[2025-03-04T17:32:46.821+0000] {processor.py:925} INFO - DAG(s) 'example_branch_dop_operator_v3' retrieved from /home/airflow/.local/lib/python3.12/site-packages/airflow/example_dags/example_branch_python_dop_operator_3.py
[2025-03-04T17:32:46.843+0000] {logging_mixin.py:190} INFO - [2025-03-04T17:32:46.843+0000] {dag.py:3239} INFO - Sync 1 DAGs
[2025-03-04T17:32:46.875+0000] {logging_mixin.py:190} INFO - [2025-03-04T17:32:46.875+0000] {dag.py:4180} INFO - Setting next_dagrun for example_branch_dop_operator_v3 to 2025-03-04 17:31:00+00:00, run_after=2025-03-04 17:32:00+00:00
[2025-03-04T17:32:46.900+0000] {processor.py:208} INFO - Processing /home/airflow/.local/lib/python3.12/site-packages/airflow/example_dags/example_branch_python_dop_operator_3.py took 0.103 seconds
[2025-03-04T17:33:17.959+0000] {processor.py:186} INFO - Started process (PID=3058) to work on /home/airflow/.local/lib/python3.12/site-packages/airflow/example_dags/example_branch_python_dop_operator_3.py
[2025-03-04T17:33:17.960+0000] {processor.py:914} INFO - Processing file /home/airflow/.local/lib/python3.12/site-packages/airflow/example_dags/example_branch_python_dop_operator_3.py for tasks to queue
[2025-03-04T17:33:17.963+0000] {logging_mixin.py:190} INFO - [2025-03-04T17:33:17.962+0000] {dagbag.py:588} INFO - Filling up the DagBag from /home/airflow/.local/lib/python3.12/site-packages/airflow/example_dags/example_branch_python_dop_operator_3.py
[2025-03-04T17:33:17.976+0000] {processor.py:925} INFO - DAG(s) 'example_branch_dop_operator_v3' retrieved from /home/airflow/.local/lib/python3.12/site-packages/airflow/example_dags/example_branch_python_dop_operator_3.py
[2025-03-04T17:33:18.004+0000] {logging_mixin.py:190} INFO - [2025-03-04T17:33:18.004+0000] {dag.py:3239} INFO - Sync 1 DAGs
[2025-03-04T17:33:18.056+0000] {logging_mixin.py:190} INFO - [2025-03-04T17:33:18.055+0000] {dag.py:4180} INFO - Setting next_dagrun for example_branch_dop_operator_v3 to 2025-03-04 17:32:00+00:00, run_after=2025-03-04 17:33:00+00:00
[2025-03-04T17:33:18.084+0000] {processor.py:208} INFO - Processing /home/airflow/.local/lib/python3.12/site-packages/airflow/example_dags/example_branch_python_dop_operator_3.py took 0.139 seconds
[2025-03-04T17:33:48.213+0000] {processor.py:186} INFO - Started process (PID=3363) to work on /home/airflow/.local/lib/python3.12/site-packages/airflow/example_dags/example_branch_python_dop_operator_3.py
[2025-03-04T17:33:48.215+0000] {processor.py:914} INFO - Processing file /home/airflow/.local/lib/python3.12/site-packages/airflow/example_dags/example_branch_python_dop_operator_3.py for tasks to queue
[2025-03-04T17:33:48.217+0000] {logging_mixin.py:190} INFO - [2025-03-04T17:33:48.217+0000] {dagbag.py:588} INFO - Filling up the DagBag from /home/airflow/.local/lib/python3.12/site-packages/airflow/example_dags/example_branch_python_dop_operator_3.py
[2025-03-04T17:33:48.230+0000] {processor.py:925} INFO - DAG(s) 'example_branch_dop_operator_v3' retrieved from /home/airflow/.local/lib/python3.12/site-packages/airflow/example_dags/example_branch_python_dop_operator_3.py
[2025-03-04T17:33:48.254+0000] {logging_mixin.py:190} INFO - [2025-03-04T17:33:48.254+0000] {dag.py:3239} INFO - Sync 1 DAGs
[2025-03-04T17:33:48.289+0000] {logging_mixin.py:190} INFO - [2025-03-04T17:33:48.289+0000] {dag.py:4180} INFO - Setting next_dagrun for example_branch_dop_operator_v3 to 2025-03-04 17:32:00+00:00, run_after=2025-03-04 17:33:00+00:00
[2025-03-04T17:33:48.318+0000] {processor.py:208} INFO - Processing /home/airflow/.local/lib/python3.12/site-packages/airflow/example_dags/example_branch_python_dop_operator_3.py took 0.112 seconds
[2025-03-04T17:34:18.403+0000] {processor.py:186} INFO - Started process (PID=3670) to work on /home/airflow/.local/lib/python3.12/site-packages/airflow/example_dags/example_branch_python_dop_operator_3.py
[2025-03-04T17:34:18.405+0000] {processor.py:914} INFO - Processing file /home/airflow/.local/lib/python3.12/site-packages/airflow/example_dags/example_branch_python_dop_operator_3.py for tasks to queue
[2025-03-04T17:34:18.407+0000] {logging_mixin.py:190} INFO - [2025-03-04T17:34:18.407+0000] {dagbag.py:588} INFO - Filling up the DagBag from /home/airflow/.local/lib/python3.12/site-packages/airflow/example_dags/example_branch_python_dop_operator_3.py
[2025-03-04T17:34:18.419+0000] {processor.py:925} INFO - DAG(s) 'example_branch_dop_operator_v3' retrieved from /home/airflow/.local/lib/python3.12/site-packages/airflow/example_dags/example_branch_python_dop_operator_3.py
[2025-03-04T17:34:18.444+0000] {logging_mixin.py:190} INFO - [2025-03-04T17:34:18.444+0000] {dag.py:3239} INFO - Sync 1 DAGs
[2025-03-04T17:34:18.479+0000] {logging_mixin.py:190} INFO - [2025-03-04T17:34:18.478+0000] {dag.py:4180} INFO - Setting next_dagrun for example_branch_dop_operator_v3 to 2025-03-04 17:33:00+00:00, run_after=2025-03-04 17:34:00+00:00
[2025-03-04T17:34:18.504+0000] {processor.py:208} INFO - Processing /home/airflow/.local/lib/python3.12/site-packages/airflow/example_dags/example_branch_python_dop_operator_3.py took 0.107 seconds
[2025-03-04T17:34:48.857+0000] {processor.py:186} INFO - Started process (PID=3976) to work on /home/airflow/.local/lib/python3.12/site-packages/airflow/example_dags/example_branch_python_dop_operator_3.py
[2025-03-04T17:34:48.858+0000] {processor.py:914} INFO - Processing file /home/airflow/.local/lib/python3.12/site-packages/airflow/example_dags/example_branch_python_dop_operator_3.py for tasks to queue
[2025-03-04T17:34:48.860+0000] {logging_mixin.py:190} INFO - [2025-03-04T17:34:48.860+0000] {dagbag.py:588} INFO - Filling up the DagBag from /home/airflow/.local/lib/python3.12/site-packages/airflow/example_dags/example_branch_python_dop_operator_3.py
[2025-03-04T17:34:48.873+0000] {processor.py:925} INFO - DAG(s) 'example_branch_dop_operator_v3' retrieved from /home/airflow/.local/lib/python3.12/site-packages/airflow/example_dags/example_branch_python_dop_operator_3.py
[2025-03-04T17:34:48.895+0000] {logging_mixin.py:190} INFO - [2025-03-04T17:34:48.895+0000] {dag.py:3239} INFO - Sync 1 DAGs
[2025-03-04T17:34:48.929+0000] {logging_mixin.py:190} INFO - [2025-03-04T17:34:48.929+0000] {dag.py:4180} INFO - Setting next_dagrun for example_branch_dop_operator_v3 to 2025-03-04 17:33:00+00:00, run_after=2025-03-04 17:34:00+00:00
[2025-03-04T17:34:48.956+0000] {processor.py:208} INFO - Processing /home/airflow/.local/lib/python3.12/site-packages/airflow/example_dags/example_branch_python_dop_operator_3.py took 0.106 seconds
[2025-03-04T17:35:19.129+0000] {processor.py:186} INFO - Started process (PID=4282) to work on /home/airflow/.local/lib/python3.12/site-packages/airflow/example_dags/example_branch_python_dop_operator_3.py
[2025-03-04T17:35:19.130+0000] {processor.py:914} INFO - Processing file /home/airflow/.local/lib/python3.12/site-packages/airflow/example_dags/example_branch_python_dop_operator_3.py for tasks to queue
[2025-03-04T17:35:19.133+0000] {logging_mixin.py:190} INFO - [2025-03-04T17:35:19.133+0000] {dagbag.py:588} INFO - Filling up the DagBag from /home/airflow/.local/lib/python3.12/site-packages/airflow/example_dags/example_branch_python_dop_operator_3.py
[2025-03-04T17:35:19.146+0000] {processor.py:925} INFO - DAG(s) 'example_branch_dop_operator_v3' retrieved from /home/airflow/.local/lib/python3.12/site-packages/airflow/example_dags/example_branch_python_dop_operator_3.py
[2025-03-04T17:35:19.170+0000] {logging_mixin.py:190} INFO - [2025-03-04T17:35:19.170+0000] {dag.py:3239} INFO - Sync 1 DAGs
[2025-03-04T17:35:19.203+0000] {logging_mixin.py:190} INFO - [2025-03-04T17:35:19.203+0000] {dag.py:4180} INFO - Setting next_dagrun for example_branch_dop_operator_v3 to 2025-03-04 17:34:00+00:00, run_after=2025-03-04 17:35:00+00:00
[2025-03-04T17:35:19.228+0000] {processor.py:208} INFO - Processing /home/airflow/.local/lib/python3.12/site-packages/airflow/example_dags/example_branch_python_dop_operator_3.py took 0.106 seconds
[2025-03-04T17:35:49.712+0000] {processor.py:186} INFO - Started process (PID=4590) to work on /home/airflow/.local/lib/python3.12/site-packages/airflow/example_dags/example_branch_python_dop_operator_3.py
[2025-03-04T17:35:49.713+0000] {processor.py:914} INFO - Processing file /home/airflow/.local/lib/python3.12/site-packages/airflow/example_dags/example_branch_python_dop_operator_3.py for tasks to queue
[2025-03-04T17:35:49.716+0000] {logging_mixin.py:190} INFO - [2025-03-04T17:35:49.715+0000] {dagbag.py:588} INFO - Filling up the DagBag from /home/airflow/.local/lib/python3.12/site-packages/airflow/example_dags/example_branch_python_dop_operator_3.py
[2025-03-04T17:35:49.728+0000] {processor.py:925} INFO - DAG(s) 'example_branch_dop_operator_v3' retrieved from /home/airflow/.local/lib/python3.12/site-packages/airflow/example_dags/example_branch_python_dop_operator_3.py
[2025-03-04T17:35:49.751+0000] {logging_mixin.py:190} INFO - [2025-03-04T17:35:49.751+0000] {dag.py:3239} INFO - Sync 1 DAGs
[2025-03-04T17:35:49.785+0000] {logging_mixin.py:190} INFO - [2025-03-04T17:35:49.784+0000] {dag.py:4180} INFO - Setting next_dagrun for example_branch_dop_operator_v3 to 2025-03-04 17:34:00+00:00, run_after=2025-03-04 17:35:00+00:00
[2025-03-04T17:35:49.811+0000] {processor.py:208} INFO - Processing /home/airflow/.local/lib/python3.12/site-packages/airflow/example_dags/example_branch_python_dop_operator_3.py took 0.108 seconds
[2025-03-04T17:36:20.395+0000] {processor.py:186} INFO - Started process (PID=4899) to work on /home/airflow/.local/lib/python3.12/site-packages/airflow/example_dags/example_branch_python_dop_operator_3.py
[2025-03-04T17:36:20.396+0000] {processor.py:914} INFO - Processing file /home/airflow/.local/lib/python3.12/site-packages/airflow/example_dags/example_branch_python_dop_operator_3.py for tasks to queue
[2025-03-04T17:36:20.399+0000] {logging_mixin.py:190} INFO - [2025-03-04T17:36:20.398+0000] {dagbag.py:588} INFO - Filling up the DagBag from /home/airflow/.local/lib/python3.12/site-packages/airflow/example_dags/example_branch_python_dop_operator_3.py
[2025-03-04T17:36:20.411+0000] {processor.py:925} INFO - DAG(s) 'example_branch_dop_operator_v3' retrieved from /home/airflow/.local/lib/python3.12/site-packages/airflow/example_dags/example_branch_python_dop_operator_3.py
[2025-03-04T17:36:20.433+0000] {logging_mixin.py:190} INFO - [2025-03-04T17:36:20.433+0000] {dag.py:3239} INFO - Sync 1 DAGs
[2025-03-04T17:36:20.464+0000] {logging_mixin.py:190} INFO - [2025-03-04T17:36:20.464+0000] {dag.py:4180} INFO - Setting next_dagrun for example_branch_dop_operator_v3 to 2025-03-04 17:35:00+00:00, run_after=2025-03-04 17:36:00+00:00
[2025-03-04T17:36:20.489+0000] {processor.py:208} INFO - Processing /home/airflow/.local/lib/python3.12/site-packages/airflow/example_dags/example_branch_python_dop_operator_3.py took 0.101 seconds
[2025-03-04T17:36:50.552+0000] {processor.py:186} INFO - Started process (PID=5200) to work on /home/airflow/.local/lib/python3.12/site-packages/airflow/example_dags/example_branch_python_dop_operator_3.py
[2025-03-04T17:36:50.553+0000] {processor.py:914} INFO - Processing file /home/airflow/.local/lib/python3.12/site-packages/airflow/example_dags/example_branch_python_dop_operator_3.py for tasks to queue
[2025-03-04T17:36:50.556+0000] {logging_mixin.py:190} INFO - [2025-03-04T17:36:50.556+0000] {dagbag.py:588} INFO - Filling up the DagBag from /home/airflow/.local/lib/python3.12/site-packages/airflow/example_dags/example_branch_python_dop_operator_3.py
[2025-03-04T17:36:50.569+0000] {processor.py:925} INFO - DAG(s) 'example_branch_dop_operator_v3' retrieved from /home/airflow/.local/lib/python3.12/site-packages/airflow/example_dags/example_branch_python_dop_operator_3.py
[2025-03-04T17:36:50.590+0000] {logging_mixin.py:190} INFO - [2025-03-04T17:36:50.590+0000] {dag.py:3239} INFO - Sync 1 DAGs
[2025-03-04T17:36:50.623+0000] {logging_mixin.py:190} INFO - [2025-03-04T17:36:50.623+0000] {dag.py:4180} INFO - Setting next_dagrun for example_branch_dop_operator_v3 to 2025-03-04 17:35:00+00:00, run_after=2025-03-04 17:36:00+00:00
[2025-03-04T17:36:50.650+0000] {processor.py:208} INFO - Processing /home/airflow/.local/lib/python3.12/site-packages/airflow/example_dags/example_branch_python_dop_operator_3.py took 0.105 seconds
[2025-03-04T17:37:20.809+0000] {processor.py:186} INFO - Started process (PID=5506) to work on /home/airflow/.local/lib/python3.12/site-packages/airflow/example_dags/example_branch_python_dop_operator_3.py
[2025-03-04T17:37:20.811+0000] {processor.py:914} INFO - Processing file /home/airflow/.local/lib/python3.12/site-packages/airflow/example_dags/example_branch_python_dop_operator_3.py for tasks to queue
[2025-03-04T17:37:20.816+0000] {logging_mixin.py:190} INFO - [2025-03-04T17:37:20.815+0000] {dagbag.py:588} INFO - Filling up the DagBag from /home/airflow/.local/lib/python3.12/site-packages/airflow/example_dags/example_branch_python_dop_operator_3.py
[2025-03-04T17:37:20.839+0000] {processor.py:925} INFO - DAG(s) 'example_branch_dop_operator_v3' retrieved from /home/airflow/.local/lib/python3.12/site-packages/airflow/example_dags/example_branch_python_dop_operator_3.py
[2025-03-04T17:37:20.880+0000] {logging_mixin.py:190} INFO - [2025-03-04T17:37:20.879+0000] {dag.py:3239} INFO - Sync 1 DAGs
[2025-03-04T17:37:20.927+0000] {logging_mixin.py:190} INFO - [2025-03-04T17:37:20.927+0000] {dag.py:4180} INFO - Setting next_dagrun for example_branch_dop_operator_v3 to 2025-03-04 17:36:00+00:00, run_after=2025-03-04 17:37:00+00:00
[2025-03-04T17:37:20.960+0000] {processor.py:208} INFO - Processing /home/airflow/.local/lib/python3.12/site-packages/airflow/example_dags/example_branch_python_dop_operator_3.py took 0.158 seconds
[2025-03-04T17:37:51.939+0000] {processor.py:186} INFO - Started process (PID=5817) to work on /home/airflow/.local/lib/python3.12/site-packages/airflow/example_dags/example_branch_python_dop_operator_3.py
[2025-03-04T17:37:51.940+0000] {processor.py:914} INFO - Processing file /home/airflow/.local/lib/python3.12/site-packages/airflow/example_dags/example_branch_python_dop_operator_3.py for tasks to queue
[2025-03-04T17:37:51.943+0000] {logging_mixin.py:190} INFO - [2025-03-04T17:37:51.942+0000] {dagbag.py:588} INFO - Filling up the DagBag from /home/airflow/.local/lib/python3.12/site-packages/airflow/example_dags/example_branch_python_dop_operator_3.py
[2025-03-04T17:37:51.955+0000] {processor.py:925} INFO - DAG(s) 'example_branch_dop_operator_v3' retrieved from /home/airflow/.local/lib/python3.12/site-packages/airflow/example_dags/example_branch_python_dop_operator_3.py
[2025-03-04T17:37:51.982+0000] {logging_mixin.py:190} INFO - [2025-03-04T17:37:51.982+0000] {dag.py:3239} INFO - Sync 1 DAGs
[2025-03-04T17:37:52.036+0000] {logging_mixin.py:190} INFO - [2025-03-04T17:37:52.035+0000] {dag.py:4180} INFO - Setting next_dagrun for example_branch_dop_operator_v3 to 2025-03-04 17:36:00+00:00, run_after=2025-03-04 17:37:00+00:00
[2025-03-04T17:37:52.063+0000] {processor.py:208} INFO - Processing /home/airflow/.local/lib/python3.12/site-packages/airflow/example_dags/example_branch_python_dop_operator_3.py took 0.130 seconds
[2025-03-04T17:38:22.227+0000] {processor.py:186} INFO - Started process (PID=6123) to work on /home/airflow/.local/lib/python3.12/site-packages/airflow/example_dags/example_branch_python_dop_operator_3.py
[2025-03-04T17:38:22.228+0000] {processor.py:914} INFO - Processing file /home/airflow/.local/lib/python3.12/site-packages/airflow/example_dags/example_branch_python_dop_operator_3.py for tasks to queue
[2025-03-04T17:38:22.231+0000] {logging_mixin.py:190} INFO - [2025-03-04T17:38:22.231+0000] {dagbag.py:588} INFO - Filling up the DagBag from /home/airflow/.local/lib/python3.12/site-packages/airflow/example_dags/example_branch_python_dop_operator_3.py
[2025-03-04T17:38:22.245+0000] {processor.py:925} INFO - DAG(s) 'example_branch_dop_operator_v3' retrieved from /home/airflow/.local/lib/python3.12/site-packages/airflow/example_dags/example_branch_python_dop_operator_3.py
[2025-03-04T17:38:22.271+0000] {logging_mixin.py:190} INFO - [2025-03-04T17:38:22.271+0000] {dag.py:3239} INFO - Sync 1 DAGs
[2025-03-04T17:38:22.301+0000] {logging_mixin.py:190} INFO - [2025-03-04T17:38:22.301+0000] {dag.py:4180} INFO - Setting next_dagrun for example_branch_dop_operator_v3 to 2025-03-04 17:37:00+00:00, run_after=2025-03-04 17:38:00+00:00
[2025-03-04T17:38:22.332+0000] {processor.py:208} INFO - Processing /home/airflow/.local/lib/python3.12/site-packages/airflow/example_dags/example_branch_python_dop_operator_3.py took 0.111 seconds
[2025-03-04T17:38:53.074+0000] {processor.py:186} INFO - Started process (PID=6431) to work on /home/airflow/.local/lib/python3.12/site-packages/airflow/example_dags/example_branch_python_dop_operator_3.py
[2025-03-04T17:38:53.076+0000] {processor.py:914} INFO - Processing file /home/airflow/.local/lib/python3.12/site-packages/airflow/example_dags/example_branch_python_dop_operator_3.py for tasks to queue
[2025-03-04T17:38:53.078+0000] {logging_mixin.py:190} INFO - [2025-03-04T17:38:53.078+0000] {dagbag.py:588} INFO - Filling up the DagBag from /home/airflow/.local/lib/python3.12/site-packages/airflow/example_dags/example_branch_python_dop_operator_3.py
[2025-03-04T17:38:53.094+0000] {processor.py:925} INFO - DAG(s) 'example_branch_dop_operator_v3' retrieved from /home/airflow/.local/lib/python3.12/site-packages/airflow/example_dags/example_branch_python_dop_operator_3.py
[2025-03-04T17:38:53.116+0000] {logging_mixin.py:190} INFO - [2025-03-04T17:38:53.116+0000] {dag.py:3239} INFO - Sync 1 DAGs
[2025-03-04T17:38:53.150+0000] {logging_mixin.py:190} INFO - [2025-03-04T17:38:53.149+0000] {dag.py:4180} INFO - Setting next_dagrun for example_branch_dop_operator_v3 to 2025-03-04 17:37:00+00:00, run_after=2025-03-04 17:38:00+00:00
[2025-03-04T17:38:53.176+0000] {processor.py:208} INFO - Processing /home/airflow/.local/lib/python3.12/site-packages/airflow/example_dags/example_branch_python_dop_operator_3.py took 0.117 seconds
[2025-03-04T17:39:23.411+0000] {processor.py:186} INFO - Started process (PID=6737) to work on /home/airflow/.local/lib/python3.12/site-packages/airflow/example_dags/example_branch_python_dop_operator_3.py
[2025-03-04T17:39:23.412+0000] {processor.py:914} INFO - Processing file /home/airflow/.local/lib/python3.12/site-packages/airflow/example_dags/example_branch_python_dop_operator_3.py for tasks to queue
[2025-03-04T17:39:23.415+0000] {logging_mixin.py:190} INFO - [2025-03-04T17:39:23.414+0000] {dagbag.py:588} INFO - Filling up the DagBag from /home/airflow/.local/lib/python3.12/site-packages/airflow/example_dags/example_branch_python_dop_operator_3.py
[2025-03-04T17:39:23.429+0000] {processor.py:925} INFO - DAG(s) 'example_branch_dop_operator_v3' retrieved from /home/airflow/.local/lib/python3.12/site-packages/airflow/example_dags/example_branch_python_dop_operator_3.py
[2025-03-04T17:39:23.459+0000] {logging_mixin.py:190} INFO - [2025-03-04T17:39:23.459+0000] {dag.py:3239} INFO - Sync 1 DAGs
[2025-03-04T17:39:23.495+0000] {logging_mixin.py:190} INFO - [2025-03-04T17:39:23.495+0000] {dag.py:4180} INFO - Setting next_dagrun for example_branch_dop_operator_v3 to 2025-03-04 17:38:00+00:00, run_after=2025-03-04 17:39:00+00:00
[2025-03-04T17:39:23.522+0000] {processor.py:208} INFO - Processing /home/airflow/.local/lib/python3.12/site-packages/airflow/example_dags/example_branch_python_dop_operator_3.py took 0.119 seconds
[2025-03-04T17:39:53.951+0000] {processor.py:186} INFO - Started process (PID=7041) to work on /home/airflow/.local/lib/python3.12/site-packages/airflow/example_dags/example_branch_python_dop_operator_3.py
[2025-03-04T17:39:53.952+0000] {processor.py:914} INFO - Processing file /home/airflow/.local/lib/python3.12/site-packages/airflow/example_dags/example_branch_python_dop_operator_3.py for tasks to queue
[2025-03-04T17:39:53.954+0000] {logging_mixin.py:190} INFO - [2025-03-04T17:39:53.954+0000] {dagbag.py:588} INFO - Filling up the DagBag from /home/airflow/.local/lib/python3.12/site-packages/airflow/example_dags/example_branch_python_dop_operator_3.py
[2025-03-04T17:39:53.965+0000] {processor.py:925} INFO - DAG(s) 'example_branch_dop_operator_v3' retrieved from /home/airflow/.local/lib/python3.12/site-packages/airflow/example_dags/example_branch_python_dop_operator_3.py
[2025-03-04T17:39:53.986+0000] {logging_mixin.py:190} INFO - [2025-03-04T17:39:53.986+0000] {dag.py:3239} INFO - Sync 1 DAGs
[2025-03-04T17:39:54.017+0000] {logging_mixin.py:190} INFO - [2025-03-04T17:39:54.017+0000] {dag.py:4180} INFO - Setting next_dagrun for example_branch_dop_operator_v3 to 2025-03-04 17:38:00+00:00, run_after=2025-03-04 17:39:00+00:00
[2025-03-04T17:39:54.047+0000] {processor.py:208} INFO - Processing /home/airflow/.local/lib/python3.12/site-packages/airflow/example_dags/example_branch_python_dop_operator_3.py took 0.104 seconds
[2025-03-04T17:40:24.421+0000] {processor.py:186} INFO - Started process (PID=7352) to work on /home/airflow/.local/lib/python3.12/site-packages/airflow/example_dags/example_branch_python_dop_operator_3.py
[2025-03-04T17:40:24.422+0000] {processor.py:914} INFO - Processing file /home/airflow/.local/lib/python3.12/site-packages/airflow/example_dags/example_branch_python_dop_operator_3.py for tasks to queue
[2025-03-04T17:40:24.425+0000] {logging_mixin.py:190} INFO - [2025-03-04T17:40:24.425+0000] {dagbag.py:588} INFO - Filling up the DagBag from /home/airflow/.local/lib/python3.12/site-packages/airflow/example_dags/example_branch_python_dop_operator_3.py
[2025-03-04T17:40:24.439+0000] {processor.py:925} INFO - DAG(s) 'example_branch_dop_operator_v3' retrieved from /home/airflow/.local/lib/python3.12/site-packages/airflow/example_dags/example_branch_python_dop_operator_3.py
[2025-03-04T17:40:24.477+0000] {logging_mixin.py:190} INFO - [2025-03-04T17:40:24.477+0000] {dag.py:3239} INFO - Sync 1 DAGs
[2025-03-04T17:40:24.512+0000] {logging_mixin.py:190} INFO - [2025-03-04T17:40:24.512+0000] {dag.py:4180} INFO - Setting next_dagrun for example_branch_dop_operator_v3 to 2025-03-04 17:39:00+00:00, run_after=2025-03-04 17:40:00+00:00
[2025-03-04T17:40:24.539+0000] {processor.py:208} INFO - Processing /home/airflow/.local/lib/python3.12/site-packages/airflow/example_dags/example_branch_python_dop_operator_3.py took 0.127 seconds
[2025-03-04T17:40:55.230+0000] {processor.py:186} INFO - Started process (PID=7660) to work on /home/airflow/.local/lib/python3.12/site-packages/airflow/example_dags/example_branch_python_dop_operator_3.py
[2025-03-04T17:40:55.231+0000] {processor.py:914} INFO - Processing file /home/airflow/.local/lib/python3.12/site-packages/airflow/example_dags/example_branch_python_dop_operator_3.py for tasks to queue
[2025-03-04T17:40:55.235+0000] {logging_mixin.py:190} INFO - [2025-03-04T17:40:55.235+0000] {dagbag.py:588} INFO - Filling up the DagBag from /home/airflow/.local/lib/python3.12/site-packages/airflow/example_dags/example_branch_python_dop_operator_3.py
[2025-03-04T17:40:55.251+0000] {processor.py:925} INFO - DAG(s) 'example_branch_dop_operator_v3' retrieved from /home/airflow/.local/lib/python3.12/site-packages/airflow/example_dags/example_branch_python_dop_operator_3.py
[2025-03-04T17:40:55.273+0000] {logging_mixin.py:190} INFO - [2025-03-04T17:40:55.273+0000] {dag.py:3239} INFO - Sync 1 DAGs
[2025-03-04T17:40:55.317+0000] {logging_mixin.py:190} INFO - [2025-03-04T17:40:55.317+0000] {dag.py:4180} INFO - Setting next_dagrun for example_branch_dop_operator_v3 to 2025-03-04 17:39:00+00:00, run_after=2025-03-04 17:40:00+00:00
[2025-03-04T17:40:55.342+0000] {processor.py:208} INFO - Processing /home/airflow/.local/lib/python3.12/site-packages/airflow/example_dags/example_branch_python_dop_operator_3.py took 0.119 seconds
[2025-03-04T17:41:25.574+0000] {processor.py:186} INFO - Started process (PID=7964) to work on /home/airflow/.local/lib/python3.12/site-packages/airflow/example_dags/example_branch_python_dop_operator_3.py
[2025-03-04T17:41:25.576+0000] {processor.py:914} INFO - Processing file /home/airflow/.local/lib/python3.12/site-packages/airflow/example_dags/example_branch_python_dop_operator_3.py for tasks to queue
[2025-03-04T17:41:25.579+0000] {logging_mixin.py:190} INFO - [2025-03-04T17:41:25.579+0000] {dagbag.py:588} INFO - Filling up the DagBag from /home/airflow/.local/lib/python3.12/site-packages/airflow/example_dags/example_branch_python_dop_operator_3.py
[2025-03-04T17:41:25.594+0000] {processor.py:925} INFO - DAG(s) 'example_branch_dop_operator_v3' retrieved from /home/airflow/.local/lib/python3.12/site-packages/airflow/example_dags/example_branch_python_dop_operator_3.py
[2025-03-04T17:41:25.619+0000] {logging_mixin.py:190} INFO - [2025-03-04T17:41:25.618+0000] {dag.py:3239} INFO - Sync 1 DAGs
[2025-03-04T17:41:25.660+0000] {logging_mixin.py:190} INFO - [2025-03-04T17:41:25.660+0000] {dag.py:4180} INFO - Setting next_dagrun for example_branch_dop_operator_v3 to 2025-03-04 17:40:00+00:00, run_after=2025-03-04 17:41:00+00:00
[2025-03-04T17:41:25.690+0000] {processor.py:208} INFO - Processing /home/airflow/.local/lib/python3.12/site-packages/airflow/example_dags/example_branch_python_dop_operator_3.py took 0.127 seconds
[2025-03-04T17:41:55.870+0000] {processor.py:186} INFO - Started process (PID=8270) to work on /home/airflow/.local/lib/python3.12/site-packages/airflow/example_dags/example_branch_python_dop_operator_3.py
[2025-03-04T17:41:55.871+0000] {processor.py:914} INFO - Processing file /home/airflow/.local/lib/python3.12/site-packages/airflow/example_dags/example_branch_python_dop_operator_3.py for tasks to queue
[2025-03-04T17:41:55.874+0000] {logging_mixin.py:190} INFO - [2025-03-04T17:41:55.873+0000] {dagbag.py:588} INFO - Filling up the DagBag from /home/airflow/.local/lib/python3.12/site-packages/airflow/example_dags/example_branch_python_dop_operator_3.py
[2025-03-04T17:41:55.885+0000] {processor.py:925} INFO - DAG(s) 'example_branch_dop_operator_v3' retrieved from /home/airflow/.local/lib/python3.12/site-packages/airflow/example_dags/example_branch_python_dop_operator_3.py
[2025-03-04T17:41:55.906+0000] {logging_mixin.py:190} INFO - [2025-03-04T17:41:55.906+0000] {dag.py:3239} INFO - Sync 1 DAGs
[2025-03-04T17:41:55.936+0000] {logging_mixin.py:190} INFO - [2025-03-04T17:41:55.936+0000] {dag.py:4180} INFO - Setting next_dagrun for example_branch_dop_operator_v3 to 2025-03-04 17:40:00+00:00, run_after=2025-03-04 17:41:00+00:00
[2025-03-04T17:41:55.961+0000] {processor.py:208} INFO - Processing /home/airflow/.local/lib/python3.12/site-packages/airflow/example_dags/example_branch_python_dop_operator_3.py took 0.097 seconds
[2025-03-04T17:43:16.637+0000] {processor.py:186} INFO - Started process (PID=218) to work on /home/airflow/.local/lib/python3.12/site-packages/airflow/example_dags/example_branch_python_dop_operator_3.py
[2025-03-04T17:43:16.638+0000] {processor.py:914} INFO - Processing file /home/airflow/.local/lib/python3.12/site-packages/airflow/example_dags/example_branch_python_dop_operator_3.py for tasks to queue
[2025-03-04T17:43:16.640+0000] {logging_mixin.py:190} INFO - [2025-03-04T17:43:16.640+0000] {dagbag.py:588} INFO - Filling up the DagBag from /home/airflow/.local/lib/python3.12/site-packages/airflow/example_dags/example_branch_python_dop_operator_3.py
[2025-03-04T17:43:16.652+0000] {processor.py:925} INFO - DAG(s) 'example_branch_dop_operator_v3' retrieved from /home/airflow/.local/lib/python3.12/site-packages/airflow/example_dags/example_branch_python_dop_operator_3.py
[2025-03-04T17:43:16.678+0000] {logging_mixin.py:190} INFO - [2025-03-04T17:43:16.678+0000] {dag.py:3239} INFO - Sync 1 DAGs
[2025-03-04T17:43:16.707+0000] {logging_mixin.py:190} INFO - [2025-03-04T17:43:16.707+0000] {dag.py:4180} INFO - Setting next_dagrun for example_branch_dop_operator_v3 to 2025-03-04 17:42:00+00:00, run_after=2025-03-04 17:43:00+00:00
[2025-03-04T17:43:16.729+0000] {processor.py:208} INFO - Processing /home/airflow/.local/lib/python3.12/site-packages/airflow/example_dags/example_branch_python_dop_operator_3.py took 0.098 seconds
[2025-03-04T17:43:47.477+0000] {processor.py:186} INFO - Started process (PID=526) to work on /home/airflow/.local/lib/python3.12/site-packages/airflow/example_dags/example_branch_python_dop_operator_3.py
[2025-03-04T17:43:47.478+0000] {processor.py:914} INFO - Processing file /home/airflow/.local/lib/python3.12/site-packages/airflow/example_dags/example_branch_python_dop_operator_3.py for tasks to queue
[2025-03-04T17:43:47.481+0000] {logging_mixin.py:190} INFO - [2025-03-04T17:43:47.480+0000] {dagbag.py:588} INFO - Filling up the DagBag from /home/airflow/.local/lib/python3.12/site-packages/airflow/example_dags/example_branch_python_dop_operator_3.py
[2025-03-04T17:43:47.494+0000] {processor.py:925} INFO - DAG(s) 'example_branch_dop_operator_v3' retrieved from /home/airflow/.local/lib/python3.12/site-packages/airflow/example_dags/example_branch_python_dop_operator_3.py
[2025-03-04T17:43:47.525+0000] {logging_mixin.py:190} INFO - [2025-03-04T17:43:47.525+0000] {dag.py:3239} INFO - Sync 1 DAGs
[2025-03-04T17:43:47.559+0000] {logging_mixin.py:190} INFO - [2025-03-04T17:43:47.559+0000] {dag.py:4180} INFO - Setting next_dagrun for example_branch_dop_operator_v3 to 2025-03-04 17:42:00+00:00, run_after=2025-03-04 17:43:00+00:00
[2025-03-04T17:43:47.583+0000] {processor.py:208} INFO - Processing /home/airflow/.local/lib/python3.12/site-packages/airflow/example_dags/example_branch_python_dop_operator_3.py took 0.114 seconds
[2025-03-04T17:44:18.181+0000] {processor.py:186} INFO - Started process (PID=832) to work on /home/airflow/.local/lib/python3.12/site-packages/airflow/example_dags/example_branch_python_dop_operator_3.py
[2025-03-04T17:44:18.183+0000] {processor.py:914} INFO - Processing file /home/airflow/.local/lib/python3.12/site-packages/airflow/example_dags/example_branch_python_dop_operator_3.py for tasks to queue
[2025-03-04T17:44:18.188+0000] {logging_mixin.py:190} INFO - [2025-03-04T17:44:18.188+0000] {dagbag.py:588} INFO - Filling up the DagBag from /home/airflow/.local/lib/python3.12/site-packages/airflow/example_dags/example_branch_python_dop_operator_3.py
[2025-03-04T17:44:18.203+0000] {processor.py:925} INFO - DAG(s) 'example_branch_dop_operator_v3' retrieved from /home/airflow/.local/lib/python3.12/site-packages/airflow/example_dags/example_branch_python_dop_operator_3.py
[2025-03-04T17:44:18.231+0000] {logging_mixin.py:190} INFO - [2025-03-04T17:44:18.231+0000] {dag.py:3239} INFO - Sync 1 DAGs
[2025-03-04T17:44:18.264+0000] {logging_mixin.py:190} INFO - [2025-03-04T17:44:18.264+0000] {dag.py:4180} INFO - Setting next_dagrun for example_branch_dop_operator_v3 to 2025-03-04 17:43:00+00:00, run_after=2025-03-04 17:44:00+00:00
[2025-03-04T17:44:18.289+0000] {processor.py:208} INFO - Processing /home/airflow/.local/lib/python3.12/site-packages/airflow/example_dags/example_branch_python_dop_operator_3.py took 0.124 seconds
[2025-03-04T17:44:48.486+0000] {processor.py:186} INFO - Started process (PID=1144) to work on /home/airflow/.local/lib/python3.12/site-packages/airflow/example_dags/example_branch_python_dop_operator_3.py
[2025-03-04T17:44:48.487+0000] {processor.py:914} INFO - Processing file /home/airflow/.local/lib/python3.12/site-packages/airflow/example_dags/example_branch_python_dop_operator_3.py for tasks to queue
[2025-03-04T17:44:48.490+0000] {logging_mixin.py:190} INFO - [2025-03-04T17:44:48.489+0000] {dagbag.py:588} INFO - Filling up the DagBag from /home/airflow/.local/lib/python3.12/site-packages/airflow/example_dags/example_branch_python_dop_operator_3.py
[2025-03-04T17:44:48.503+0000] {processor.py:925} INFO - DAG(s) 'example_branch_dop_operator_v3' retrieved from /home/airflow/.local/lib/python3.12/site-packages/airflow/example_dags/example_branch_python_dop_operator_3.py
[2025-03-04T17:44:48.529+0000] {logging_mixin.py:190} INFO - [2025-03-04T17:44:48.528+0000] {dag.py:3239} INFO - Sync 1 DAGs
[2025-03-04T17:44:48.563+0000] {logging_mixin.py:190} INFO - [2025-03-04T17:44:48.563+0000] {dag.py:4180} INFO - Setting next_dagrun for example_branch_dop_operator_v3 to 2025-03-04 17:43:00+00:00, run_after=2025-03-04 17:44:00+00:00
[2025-03-04T17:44:48.592+0000] {processor.py:208} INFO - Processing /home/airflow/.local/lib/python3.12/site-packages/airflow/example_dags/example_branch_python_dop_operator_3.py took 0.119 seconds
[2025-03-04T17:45:18.746+0000] {processor.py:186} INFO - Started process (PID=1450) to work on /home/airflow/.local/lib/python3.12/site-packages/airflow/example_dags/example_branch_python_dop_operator_3.py
[2025-03-04T17:45:18.747+0000] {processor.py:914} INFO - Processing file /home/airflow/.local/lib/python3.12/site-packages/airflow/example_dags/example_branch_python_dop_operator_3.py for tasks to queue
[2025-03-04T17:45:18.750+0000] {logging_mixin.py:190} INFO - [2025-03-04T17:45:18.750+0000] {dagbag.py:588} INFO - Filling up the DagBag from /home/airflow/.local/lib/python3.12/site-packages/airflow/example_dags/example_branch_python_dop_operator_3.py
[2025-03-04T17:45:18.761+0000] {processor.py:925} INFO - DAG(s) 'example_branch_dop_operator_v3' retrieved from /home/airflow/.local/lib/python3.12/site-packages/airflow/example_dags/example_branch_python_dop_operator_3.py
[2025-03-04T17:45:18.787+0000] {logging_mixin.py:190} INFO - [2025-03-04T17:45:18.786+0000] {dag.py:3239} INFO - Sync 1 DAGs
[2025-03-04T17:45:18.818+0000] {logging_mixin.py:190} INFO - [2025-03-04T17:45:18.818+0000] {dag.py:4180} INFO - Setting next_dagrun for example_branch_dop_operator_v3 to 2025-03-04 17:44:00+00:00, run_after=2025-03-04 17:45:00+00:00
[2025-03-04T17:45:18.843+0000] {processor.py:208} INFO - Processing /home/airflow/.local/lib/python3.12/site-packages/airflow/example_dags/example_branch_python_dop_operator_3.py took 0.104 seconds
[2025-03-04T17:45:49.324+0000] {processor.py:186} INFO - Started process (PID=1761) to work on /home/airflow/.local/lib/python3.12/site-packages/airflow/example_dags/example_branch_python_dop_operator_3.py
[2025-03-04T17:45:49.326+0000] {processor.py:914} INFO - Processing file /home/airflow/.local/lib/python3.12/site-packages/airflow/example_dags/example_branch_python_dop_operator_3.py for tasks to queue
[2025-03-04T17:45:49.329+0000] {logging_mixin.py:190} INFO - [2025-03-04T17:45:49.328+0000] {dagbag.py:588} INFO - Filling up the DagBag from /home/airflow/.local/lib/python3.12/site-packages/airflow/example_dags/example_branch_python_dop_operator_3.py
[2025-03-04T17:45:49.341+0000] {processor.py:925} INFO - DAG(s) 'example_branch_dop_operator_v3' retrieved from /home/airflow/.local/lib/python3.12/site-packages/airflow/example_dags/example_branch_python_dop_operator_3.py
[2025-03-04T17:45:49.366+0000] {logging_mixin.py:190} INFO - [2025-03-04T17:45:49.365+0000] {dag.py:3239} INFO - Sync 1 DAGs
[2025-03-04T17:45:49.400+0000] {logging_mixin.py:190} INFO - [2025-03-04T17:45:49.400+0000] {dag.py:4180} INFO - Setting next_dagrun for example_branch_dop_operator_v3 to 2025-03-04 17:44:00+00:00, run_after=2025-03-04 17:45:00+00:00
[2025-03-04T17:45:49.427+0000] {processor.py:208} INFO - Processing /home/airflow/.local/lib/python3.12/site-packages/airflow/example_dags/example_branch_python_dop_operator_3.py took 0.120 seconds
[2025-03-04T17:46:19.549+0000] {processor.py:186} INFO - Started process (PID=2067) to work on /home/airflow/.local/lib/python3.12/site-packages/airflow/example_dags/example_branch_python_dop_operator_3.py
[2025-03-04T17:46:19.550+0000] {processor.py:914} INFO - Processing file /home/airflow/.local/lib/python3.12/site-packages/airflow/example_dags/example_branch_python_dop_operator_3.py for tasks to queue
[2025-03-04T17:46:19.553+0000] {logging_mixin.py:190} INFO - [2025-03-04T17:46:19.552+0000] {dagbag.py:588} INFO - Filling up the DagBag from /home/airflow/.local/lib/python3.12/site-packages/airflow/example_dags/example_branch_python_dop_operator_3.py
[2025-03-04T17:46:19.564+0000] {processor.py:925} INFO - DAG(s) 'example_branch_dop_operator_v3' retrieved from /home/airflow/.local/lib/python3.12/site-packages/airflow/example_dags/example_branch_python_dop_operator_3.py
[2025-03-04T17:46:19.585+0000] {logging_mixin.py:190} INFO - [2025-03-04T17:46:19.585+0000] {dag.py:3239} INFO - Sync 1 DAGs
[2025-03-04T17:46:19.616+0000] {logging_mixin.py:190} INFO - [2025-03-04T17:46:19.616+0000] {dag.py:4180} INFO - Setting next_dagrun for example_branch_dop_operator_v3 to 2025-03-04 17:45:00+00:00, run_after=2025-03-04 17:46:00+00:00
[2025-03-04T17:46:19.641+0000] {processor.py:208} INFO - Processing /home/airflow/.local/lib/python3.12/site-packages/airflow/example_dags/example_branch_python_dop_operator_3.py took 0.099 seconds
[2025-03-04T17:46:50.536+0000] {processor.py:186} INFO - Started process (PID=2373) to work on /home/airflow/.local/lib/python3.12/site-packages/airflow/example_dags/example_branch_python_dop_operator_3.py
[2025-03-04T17:46:50.537+0000] {processor.py:914} INFO - Processing file /home/airflow/.local/lib/python3.12/site-packages/airflow/example_dags/example_branch_python_dop_operator_3.py for tasks to queue
[2025-03-04T17:46:50.540+0000] {logging_mixin.py:190} INFO - [2025-03-04T17:46:50.539+0000] {dagbag.py:588} INFO - Filling up the DagBag from /home/airflow/.local/lib/python3.12/site-packages/airflow/example_dags/example_branch_python_dop_operator_3.py
[2025-03-04T17:46:50.552+0000] {processor.py:925} INFO - DAG(s) 'example_branch_dop_operator_v3' retrieved from /home/airflow/.local/lib/python3.12/site-packages/airflow/example_dags/example_branch_python_dop_operator_3.py
[2025-03-04T17:46:50.574+0000] {logging_mixin.py:190} INFO - [2025-03-04T17:46:50.574+0000] {dag.py:3239} INFO - Sync 1 DAGs
[2025-03-04T17:46:50.619+0000] {logging_mixin.py:190} INFO - [2025-03-04T17:46:50.619+0000] {dag.py:4180} INFO - Setting next_dagrun for example_branch_dop_operator_v3 to 2025-03-04 17:45:00+00:00, run_after=2025-03-04 17:46:00+00:00
[2025-03-04T17:46:50.644+0000] {processor.py:208} INFO - Processing /home/airflow/.local/lib/python3.12/site-packages/airflow/example_dags/example_branch_python_dop_operator_3.py took 0.124 seconds
[2025-03-04T17:47:21.177+0000] {processor.py:186} INFO - Started process (PID=2674) to work on /home/airflow/.local/lib/python3.12/site-packages/airflow/example_dags/example_branch_python_dop_operator_3.py
[2025-03-04T17:47:21.178+0000] {processor.py:914} INFO - Processing file /home/airflow/.local/lib/python3.12/site-packages/airflow/example_dags/example_branch_python_dop_operator_3.py for tasks to queue
[2025-03-04T17:47:21.181+0000] {logging_mixin.py:190} INFO - [2025-03-04T17:47:21.180+0000] {dagbag.py:588} INFO - Filling up the DagBag from /home/airflow/.local/lib/python3.12/site-packages/airflow/example_dags/example_branch_python_dop_operator_3.py
[2025-03-04T17:47:21.193+0000] {processor.py:925} INFO - DAG(s) 'example_branch_dop_operator_v3' retrieved from /home/airflow/.local/lib/python3.12/site-packages/airflow/example_dags/example_branch_python_dop_operator_3.py
[2025-03-04T17:47:21.235+0000] {logging_mixin.py:190} INFO - [2025-03-04T17:47:21.235+0000] {dag.py:3239} INFO - Sync 1 DAGs
[2025-03-04T17:47:21.270+0000] {logging_mixin.py:190} INFO - [2025-03-04T17:47:21.270+0000] {dag.py:4180} INFO - Setting next_dagrun for example_branch_dop_operator_v3 to 2025-03-04 17:46:00+00:00, run_after=2025-03-04 17:47:00+00:00
[2025-03-04T17:47:21.295+0000] {processor.py:208} INFO - Processing /home/airflow/.local/lib/python3.12/site-packages/airflow/example_dags/example_branch_python_dop_operator_3.py took 0.125 seconds
[2025-03-04T17:47:52.072+0000] {processor.py:186} INFO - Started process (PID=2980) to work on /home/airflow/.local/lib/python3.12/site-packages/airflow/example_dags/example_branch_python_dop_operator_3.py
[2025-03-04T17:47:52.073+0000] {processor.py:914} INFO - Processing file /home/airflow/.local/lib/python3.12/site-packages/airflow/example_dags/example_branch_python_dop_operator_3.py for tasks to queue
[2025-03-04T17:47:52.076+0000] {logging_mixin.py:190} INFO - [2025-03-04T17:47:52.075+0000] {dagbag.py:588} INFO - Filling up the DagBag from /home/airflow/.local/lib/python3.12/site-packages/airflow/example_dags/example_branch_python_dop_operator_3.py
[2025-03-04T17:47:52.087+0000] {processor.py:925} INFO - DAG(s) 'example_branch_dop_operator_v3' retrieved from /home/airflow/.local/lib/python3.12/site-packages/airflow/example_dags/example_branch_python_dop_operator_3.py
[2025-03-04T17:47:52.127+0000] {logging_mixin.py:190} INFO - [2025-03-04T17:47:52.127+0000] {dag.py:3239} INFO - Sync 1 DAGs
[2025-03-04T17:47:52.163+0000] {logging_mixin.py:190} INFO - [2025-03-04T17:47:52.162+0000] {dag.py:4180} INFO - Setting next_dagrun for example_branch_dop_operator_v3 to 2025-03-04 17:46:00+00:00, run_after=2025-03-04 17:47:00+00:00
[2025-03-04T17:47:52.189+0000] {processor.py:208} INFO - Processing /home/airflow/.local/lib/python3.12/site-packages/airflow/example_dags/example_branch_python_dop_operator_3.py took 0.124 seconds
[2025-03-04T17:48:22.342+0000] {processor.py:186} INFO - Started process (PID=3287) to work on /home/airflow/.local/lib/python3.12/site-packages/airflow/example_dags/example_branch_python_dop_operator_3.py
[2025-03-04T17:48:22.343+0000] {processor.py:914} INFO - Processing file /home/airflow/.local/lib/python3.12/site-packages/airflow/example_dags/example_branch_python_dop_operator_3.py for tasks to queue
[2025-03-04T17:48:22.348+0000] {logging_mixin.py:190} INFO - [2025-03-04T17:48:22.347+0000] {dagbag.py:588} INFO - Filling up the DagBag from /home/airflow/.local/lib/python3.12/site-packages/airflow/example_dags/example_branch_python_dop_operator_3.py
[2025-03-04T17:48:22.359+0000] {processor.py:925} INFO - DAG(s) 'example_branch_dop_operator_v3' retrieved from /home/airflow/.local/lib/python3.12/site-packages/airflow/example_dags/example_branch_python_dop_operator_3.py
[2025-03-04T17:48:22.386+0000] {logging_mixin.py:190} INFO - [2025-03-04T17:48:22.385+0000] {dag.py:3239} INFO - Sync 1 DAGs
[2025-03-04T17:48:22.423+0000] {logging_mixin.py:190} INFO - [2025-03-04T17:48:22.423+0000] {dag.py:4180} INFO - Setting next_dagrun for example_branch_dop_operator_v3 to 2025-03-04 17:47:00+00:00, run_after=2025-03-04 17:48:00+00:00
[2025-03-04T17:48:22.447+0000] {processor.py:208} INFO - Processing /home/airflow/.local/lib/python3.12/site-packages/airflow/example_dags/example_branch_python_dop_operator_3.py took 0.112 seconds
[2025-03-04T17:48:52.679+0000] {processor.py:186} INFO - Started process (PID=3596) to work on /home/airflow/.local/lib/python3.12/site-packages/airflow/example_dags/example_branch_python_dop_operator_3.py
[2025-03-04T17:48:52.680+0000] {processor.py:914} INFO - Processing file /home/airflow/.local/lib/python3.12/site-packages/airflow/example_dags/example_branch_python_dop_operator_3.py for tasks to queue
[2025-03-04T17:48:52.683+0000] {logging_mixin.py:190} INFO - [2025-03-04T17:48:52.682+0000] {dagbag.py:588} INFO - Filling up the DagBag from /home/airflow/.local/lib/python3.12/site-packages/airflow/example_dags/example_branch_python_dop_operator_3.py
[2025-03-04T17:48:52.695+0000] {processor.py:925} INFO - DAG(s) 'example_branch_dop_operator_v3' retrieved from /home/airflow/.local/lib/python3.12/site-packages/airflow/example_dags/example_branch_python_dop_operator_3.py
[2025-03-04T17:48:52.718+0000] {logging_mixin.py:190} INFO - [2025-03-04T17:48:52.718+0000] {dag.py:3239} INFO - Sync 1 DAGs
[2025-03-04T17:48:52.750+0000] {logging_mixin.py:190} INFO - [2025-03-04T17:48:52.750+0000] {dag.py:4180} INFO - Setting next_dagrun for example_branch_dop_operator_v3 to 2025-03-04 17:47:00+00:00, run_after=2025-03-04 17:48:00+00:00
[2025-03-04T17:48:52.771+0000] {processor.py:208} INFO - Processing /home/airflow/.local/lib/python3.12/site-packages/airflow/example_dags/example_branch_python_dop_operator_3.py took 0.101 seconds
[2025-03-04T17:49:22.864+0000] {processor.py:186} INFO - Started process (PID=3900) to work on /home/airflow/.local/lib/python3.12/site-packages/airflow/example_dags/example_branch_python_dop_operator_3.py
[2025-03-04T17:49:22.865+0000] {processor.py:914} INFO - Processing file /home/airflow/.local/lib/python3.12/site-packages/airflow/example_dags/example_branch_python_dop_operator_3.py for tasks to queue
[2025-03-04T17:49:22.867+0000] {logging_mixin.py:190} INFO - [2025-03-04T17:49:22.867+0000] {dagbag.py:588} INFO - Filling up the DagBag from /home/airflow/.local/lib/python3.12/site-packages/airflow/example_dags/example_branch_python_dop_operator_3.py
[2025-03-04T17:49:22.879+0000] {processor.py:925} INFO - DAG(s) 'example_branch_dop_operator_v3' retrieved from /home/airflow/.local/lib/python3.12/site-packages/airflow/example_dags/example_branch_python_dop_operator_3.py
[2025-03-04T17:49:22.901+0000] {logging_mixin.py:190} INFO - [2025-03-04T17:49:22.900+0000] {dag.py:3239} INFO - Sync 1 DAGs
[2025-03-04T17:49:22.932+0000] {logging_mixin.py:190} INFO - [2025-03-04T17:49:22.932+0000] {dag.py:4180} INFO - Setting next_dagrun for example_branch_dop_operator_v3 to 2025-03-04 17:48:00+00:00, run_after=2025-03-04 17:49:00+00:00
[2025-03-04T17:49:22.958+0000] {processor.py:208} INFO - Processing /home/airflow/.local/lib/python3.12/site-packages/airflow/example_dags/example_branch_python_dop_operator_3.py took 0.100 seconds
[2025-03-04T17:52:38.656+0000] {processor.py:186} INFO - Started process (PID=218) to work on /home/airflow/.local/lib/python3.12/site-packages/airflow/example_dags/example_branch_python_dop_operator_3.py
[2025-03-04T17:52:38.657+0000] {processor.py:914} INFO - Processing file /home/airflow/.local/lib/python3.12/site-packages/airflow/example_dags/example_branch_python_dop_operator_3.py for tasks to queue
[2025-03-04T17:52:38.659+0000] {logging_mixin.py:190} INFO - [2025-03-04T17:52:38.659+0000] {dagbag.py:588} INFO - Filling up the DagBag from /home/airflow/.local/lib/python3.12/site-packages/airflow/example_dags/example_branch_python_dop_operator_3.py
[2025-03-04T17:52:38.670+0000] {processor.py:925} INFO - DAG(s) 'example_branch_dop_operator_v3' retrieved from /home/airflow/.local/lib/python3.12/site-packages/airflow/example_dags/example_branch_python_dop_operator_3.py
[2025-03-04T17:52:38.697+0000] {logging_mixin.py:190} INFO - [2025-03-04T17:52:38.697+0000] {dag.py:3239} INFO - Sync 1 DAGs
[2025-03-04T17:52:38.726+0000] {logging_mixin.py:190} INFO - [2025-03-04T17:52:38.726+0000] {dag.py:4180} INFO - Setting next_dagrun for example_branch_dop_operator_v3 to 2025-03-04 17:51:00+00:00, run_after=2025-03-04 17:52:00+00:00
[2025-03-04T17:52:38.748+0000] {processor.py:208} INFO - Processing /home/airflow/.local/lib/python3.12/site-packages/airflow/example_dags/example_branch_python_dop_operator_3.py took 0.098 seconds
[2025-03-04T17:53:09.030+0000] {processor.py:186} INFO - Started process (PID=521) to work on /home/airflow/.local/lib/python3.12/site-packages/airflow/example_dags/example_branch_python_dop_operator_3.py
[2025-03-04T17:53:09.032+0000] {processor.py:914} INFO - Processing file /home/airflow/.local/lib/python3.12/site-packages/airflow/example_dags/example_branch_python_dop_operator_3.py for tasks to queue
[2025-03-04T17:53:09.035+0000] {logging_mixin.py:190} INFO - [2025-03-04T17:53:09.034+0000] {dagbag.py:588} INFO - Filling up the DagBag from /home/airflow/.local/lib/python3.12/site-packages/airflow/example_dags/example_branch_python_dop_operator_3.py
[2025-03-04T17:53:09.050+0000] {processor.py:925} INFO - DAG(s) 'example_branch_dop_operator_v3' retrieved from /home/airflow/.local/lib/python3.12/site-packages/airflow/example_dags/example_branch_python_dop_operator_3.py
[2025-03-04T17:53:09.080+0000] {logging_mixin.py:190} INFO - [2025-03-04T17:53:09.079+0000] {dag.py:3239} INFO - Sync 1 DAGs
[2025-03-04T17:53:09.116+0000] {logging_mixin.py:190} INFO - [2025-03-04T17:53:09.116+0000] {dag.py:4180} INFO - Setting next_dagrun for example_branch_dop_operator_v3 to 2025-03-04 17:52:00+00:00, run_after=2025-03-04 17:53:00+00:00
[2025-03-04T17:53:09.143+0000] {processor.py:208} INFO - Processing /home/airflow/.local/lib/python3.12/site-packages/airflow/example_dags/example_branch_python_dop_operator_3.py took 0.120 seconds
[2025-03-04T17:53:39.997+0000] {processor.py:186} INFO - Started process (PID=830) to work on /home/airflow/.local/lib/python3.12/site-packages/airflow/example_dags/example_branch_python_dop_operator_3.py
[2025-03-04T17:53:39.999+0000] {processor.py:914} INFO - Processing file /home/airflow/.local/lib/python3.12/site-packages/airflow/example_dags/example_branch_python_dop_operator_3.py for tasks to queue
[2025-03-04T17:53:40.003+0000] {logging_mixin.py:190} INFO - [2025-03-04T17:53:40.002+0000] {dagbag.py:588} INFO - Filling up the DagBag from /home/airflow/.local/lib/python3.12/site-packages/airflow/example_dags/example_branch_python_dop_operator_3.py
[2025-03-04T17:53:40.017+0000] {processor.py:925} INFO - DAG(s) 'example_branch_dop_operator_v3' retrieved from /home/airflow/.local/lib/python3.12/site-packages/airflow/example_dags/example_branch_python_dop_operator_3.py
[2025-03-04T17:53:40.039+0000] {logging_mixin.py:190} INFO - [2025-03-04T17:53:40.039+0000] {dag.py:3239} INFO - Sync 1 DAGs
[2025-03-04T17:53:40.074+0000] {logging_mixin.py:190} INFO - [2025-03-04T17:53:40.074+0000] {dag.py:4180} INFO - Setting next_dagrun for example_branch_dop_operator_v3 to 2025-03-04 17:52:00+00:00, run_after=2025-03-04 17:53:00+00:00
[2025-03-04T17:53:40.107+0000] {processor.py:208} INFO - Processing /home/airflow/.local/lib/python3.12/site-packages/airflow/example_dags/example_branch_python_dop_operator_3.py took 0.119 seconds
[2025-03-04T17:54:10.301+0000] {processor.py:186} INFO - Started process (PID=1133) to work on /home/airflow/.local/lib/python3.12/site-packages/airflow/example_dags/example_branch_python_dop_operator_3.py
[2025-03-04T17:54:10.303+0000] {processor.py:914} INFO - Processing file /home/airflow/.local/lib/python3.12/site-packages/airflow/example_dags/example_branch_python_dop_operator_3.py for tasks to queue
[2025-03-04T17:54:10.305+0000] {logging_mixin.py:190} INFO - [2025-03-04T17:54:10.305+0000] {dagbag.py:588} INFO - Filling up the DagBag from /home/airflow/.local/lib/python3.12/site-packages/airflow/example_dags/example_branch_python_dop_operator_3.py
[2025-03-04T17:54:10.320+0000] {processor.py:925} INFO - DAG(s) 'example_branch_dop_operator_v3' retrieved from /home/airflow/.local/lib/python3.12/site-packages/airflow/example_dags/example_branch_python_dop_operator_3.py
[2025-03-04T17:54:10.347+0000] {logging_mixin.py:190} INFO - [2025-03-04T17:54:10.347+0000] {dag.py:3239} INFO - Sync 1 DAGs
[2025-03-04T17:54:10.380+0000] {logging_mixin.py:190} INFO - [2025-03-04T17:54:10.380+0000] {dag.py:4180} INFO - Setting next_dagrun for example_branch_dop_operator_v3 to 2025-03-04 17:53:00+00:00, run_after=2025-03-04 17:54:00+00:00
[2025-03-04T17:54:10.405+0000] {processor.py:208} INFO - Processing /home/airflow/.local/lib/python3.12/site-packages/airflow/example_dags/example_branch_python_dop_operator_3.py took 0.115 seconds
[2025-03-04T17:54:40.867+0000] {processor.py:186} INFO - Started process (PID=1452) to work on /home/airflow/.local/lib/python3.12/site-packages/airflow/example_dags/example_branch_python_dop_operator_3.py
[2025-03-04T17:54:40.868+0000] {processor.py:914} INFO - Processing file /home/airflow/.local/lib/python3.12/site-packages/airflow/example_dags/example_branch_python_dop_operator_3.py for tasks to queue
[2025-03-04T17:54:40.869+0000] {logging_mixin.py:190} INFO - [2025-03-04T17:54:40.869+0000] {dagbag.py:588} INFO - Filling up the DagBag from /home/airflow/.local/lib/python3.12/site-packages/airflow/example_dags/example_branch_python_dop_operator_3.py
[2025-03-04T17:54:40.881+0000] {processor.py:925} INFO - DAG(s) 'example_branch_dop_operator_v3' retrieved from /home/airflow/.local/lib/python3.12/site-packages/airflow/example_dags/example_branch_python_dop_operator_3.py
[2025-03-04T17:54:40.907+0000] {logging_mixin.py:190} INFO - [2025-03-04T17:54:40.907+0000] {dag.py:3239} INFO - Sync 1 DAGs
[2025-03-04T17:54:40.942+0000] {logging_mixin.py:190} INFO - [2025-03-04T17:54:40.942+0000] {dag.py:4180} INFO - Setting next_dagrun for example_branch_dop_operator_v3 to 2025-03-04 17:53:00+00:00, run_after=2025-03-04 17:54:00+00:00
[2025-03-04T17:54:40.968+0000] {processor.py:208} INFO - Processing /home/airflow/.local/lib/python3.12/site-packages/airflow/example_dags/example_branch_python_dop_operator_3.py took 0.108 seconds
[2025-03-04T17:56:37.381+0000] {processor.py:186} INFO - Started process (PID=217) to work on /home/airflow/.local/lib/python3.12/site-packages/airflow/example_dags/example_branch_python_dop_operator_3.py
[2025-03-04T17:56:37.382+0000] {processor.py:914} INFO - Processing file /home/airflow/.local/lib/python3.12/site-packages/airflow/example_dags/example_branch_python_dop_operator_3.py for tasks to queue
[2025-03-04T17:56:37.384+0000] {logging_mixin.py:190} INFO - [2025-03-04T17:56:37.384+0000] {dagbag.py:588} INFO - Filling up the DagBag from /home/airflow/.local/lib/python3.12/site-packages/airflow/example_dags/example_branch_python_dop_operator_3.py
[2025-03-04T17:56:37.396+0000] {processor.py:925} INFO - DAG(s) 'example_branch_dop_operator_v3' retrieved from /home/airflow/.local/lib/python3.12/site-packages/airflow/example_dags/example_branch_python_dop_operator_3.py
[2025-03-04T17:56:37.424+0000] {logging_mixin.py:190} INFO - [2025-03-04T17:56:37.423+0000] {dag.py:3239} INFO - Sync 1 DAGs
[2025-03-04T17:56:37.454+0000] {logging_mixin.py:190} INFO - [2025-03-04T17:56:37.454+0000] {dag.py:4180} INFO - Setting next_dagrun for example_branch_dop_operator_v3 to 2025-03-04 17:55:00+00:00, run_after=2025-03-04 17:56:00+00:00
[2025-03-04T17:56:37.481+0000] {processor.py:208} INFO - Processing /home/airflow/.local/lib/python3.12/site-packages/airflow/example_dags/example_branch_python_dop_operator_3.py took 0.107 seconds
[2025-03-04T17:57:07.657+0000] {processor.py:186} INFO - Started process (PID=528) to work on /home/airflow/.local/lib/python3.12/site-packages/airflow/example_dags/example_branch_python_dop_operator_3.py
[2025-03-04T17:57:07.658+0000] {processor.py:914} INFO - Processing file /home/airflow/.local/lib/python3.12/site-packages/airflow/example_dags/example_branch_python_dop_operator_3.py for tasks to queue
[2025-03-04T17:57:07.661+0000] {logging_mixin.py:190} INFO - [2025-03-04T17:57:07.660+0000] {dagbag.py:588} INFO - Filling up the DagBag from /home/airflow/.local/lib/python3.12/site-packages/airflow/example_dags/example_branch_python_dop_operator_3.py
[2025-03-04T17:57:07.672+0000] {processor.py:925} INFO - DAG(s) 'example_branch_dop_operator_v3' retrieved from /home/airflow/.local/lib/python3.12/site-packages/airflow/example_dags/example_branch_python_dop_operator_3.py
[2025-03-04T17:57:07.695+0000] {logging_mixin.py:190} INFO - [2025-03-04T17:57:07.695+0000] {dag.py:3239} INFO - Sync 1 DAGs
[2025-03-04T17:57:07.728+0000] {logging_mixin.py:190} INFO - [2025-03-04T17:57:07.727+0000] {dag.py:4180} INFO - Setting next_dagrun for example_branch_dop_operator_v3 to 2025-03-04 17:56:00+00:00, run_after=2025-03-04 17:57:00+00:00
[2025-03-04T17:57:07.748+0000] {processor.py:208} INFO - Processing /home/airflow/.local/lib/python3.12/site-packages/airflow/example_dags/example_branch_python_dop_operator_3.py took 0.097 seconds
[2025-03-04T17:57:38.729+0000] {processor.py:186} INFO - Started process (PID=858) to work on /home/airflow/.local/lib/python3.12/site-packages/airflow/example_dags/example_branch_python_dop_operator_3.py
[2025-03-04T17:57:38.730+0000] {processor.py:914} INFO - Processing file /home/airflow/.local/lib/python3.12/site-packages/airflow/example_dags/example_branch_python_dop_operator_3.py for tasks to queue
[2025-03-04T17:57:38.733+0000] {logging_mixin.py:190} INFO - [2025-03-04T17:57:38.733+0000] {dagbag.py:588} INFO - Filling up the DagBag from /home/airflow/.local/lib/python3.12/site-packages/airflow/example_dags/example_branch_python_dop_operator_3.py
[2025-03-04T17:57:38.746+0000] {processor.py:925} INFO - DAG(s) 'example_branch_dop_operator_v3' retrieved from /home/airflow/.local/lib/python3.12/site-packages/airflow/example_dags/example_branch_python_dop_operator_3.py
[2025-03-04T17:57:38.783+0000] {logging_mixin.py:190} INFO - [2025-03-04T17:57:38.782+0000] {dag.py:3239} INFO - Sync 1 DAGs
[2025-03-04T17:57:38.820+0000] {logging_mixin.py:190} INFO - [2025-03-04T17:57:38.820+0000] {dag.py:4180} INFO - Setting next_dagrun for example_branch_dop_operator_v3 to 2025-03-04 17:56:00+00:00, run_after=2025-03-04 17:57:00+00:00
[2025-03-04T17:57:38.852+0000] {processor.py:208} INFO - Processing /home/airflow/.local/lib/python3.12/site-packages/airflow/example_dags/example_branch_python_dop_operator_3.py took 0.129 seconds
[2025-03-04T17:58:09.533+0000] {processor.py:186} INFO - Started process (PID=1162) to work on /home/airflow/.local/lib/python3.12/site-packages/airflow/example_dags/example_branch_python_dop_operator_3.py
[2025-03-04T17:58:09.534+0000] {processor.py:914} INFO - Processing file /home/airflow/.local/lib/python3.12/site-packages/airflow/example_dags/example_branch_python_dop_operator_3.py for tasks to queue
[2025-03-04T17:58:09.537+0000] {logging_mixin.py:190} INFO - [2025-03-04T17:58:09.537+0000] {dagbag.py:588} INFO - Filling up the DagBag from /home/airflow/.local/lib/python3.12/site-packages/airflow/example_dags/example_branch_python_dop_operator_3.py
[2025-03-04T17:58:09.559+0000] {processor.py:925} INFO - DAG(s) 'example_branch_dop_operator_v3' retrieved from /home/airflow/.local/lib/python3.12/site-packages/airflow/example_dags/example_branch_python_dop_operator_3.py
[2025-03-04T17:58:09.581+0000] {logging_mixin.py:190} INFO - [2025-03-04T17:58:09.580+0000] {dag.py:3239} INFO - Sync 1 DAGs
[2025-03-04T17:58:09.614+0000] {logging_mixin.py:190} INFO - [2025-03-04T17:58:09.614+0000] {dag.py:4180} INFO - Setting next_dagrun for example_branch_dop_operator_v3 to 2025-03-04 17:57:00+00:00, run_after=2025-03-04 17:58:00+00:00
[2025-03-04T17:58:09.639+0000] {processor.py:208} INFO - Processing /home/airflow/.local/lib/python3.12/site-packages/airflow/example_dags/example_branch_python_dop_operator_3.py took 0.113 seconds
[2025-03-04T17:58:40.755+0000] {processor.py:186} INFO - Started process (PID=1470) to work on /home/airflow/.local/lib/python3.12/site-packages/airflow/example_dags/example_branch_python_dop_operator_3.py
[2025-03-04T17:58:40.756+0000] {processor.py:914} INFO - Processing file /home/airflow/.local/lib/python3.12/site-packages/airflow/example_dags/example_branch_python_dop_operator_3.py for tasks to queue
[2025-03-04T17:58:40.758+0000] {logging_mixin.py:190} INFO - [2025-03-04T17:58:40.758+0000] {dagbag.py:588} INFO - Filling up the DagBag from /home/airflow/.local/lib/python3.12/site-packages/airflow/example_dags/example_branch_python_dop_operator_3.py
[2025-03-04T17:58:40.770+0000] {processor.py:925} INFO - DAG(s) 'example_branch_dop_operator_v3' retrieved from /home/airflow/.local/lib/python3.12/site-packages/airflow/example_dags/example_branch_python_dop_operator_3.py
[2025-03-04T17:58:40.796+0000] {logging_mixin.py:190} INFO - [2025-03-04T17:58:40.796+0000] {dag.py:3239} INFO - Sync 1 DAGs
[2025-03-04T17:58:40.830+0000] {logging_mixin.py:190} INFO - [2025-03-04T17:58:40.830+0000] {dag.py:4180} INFO - Setting next_dagrun for example_branch_dop_operator_v3 to 2025-03-04 17:57:00+00:00, run_after=2025-03-04 17:58:00+00:00
[2025-03-04T17:58:40.856+0000] {processor.py:208} INFO - Processing /home/airflow/.local/lib/python3.12/site-packages/airflow/example_dags/example_branch_python_dop_operator_3.py took 0.108 seconds
[2025-03-04T17:59:36.759+0000] {processor.py:186} INFO - Started process (PID=217) to work on /home/airflow/.local/lib/python3.12/site-packages/airflow/example_dags/example_branch_python_dop_operator_3.py
[2025-03-04T17:59:36.761+0000] {processor.py:914} INFO - Processing file /home/airflow/.local/lib/python3.12/site-packages/airflow/example_dags/example_branch_python_dop_operator_3.py for tasks to queue
[2025-03-04T17:59:36.763+0000] {logging_mixin.py:190} INFO - [2025-03-04T17:59:36.763+0000] {dagbag.py:588} INFO - Filling up the DagBag from /home/airflow/.local/lib/python3.12/site-packages/airflow/example_dags/example_branch_python_dop_operator_3.py
[2025-03-04T17:59:36.775+0000] {processor.py:925} INFO - DAG(s) 'example_branch_dop_operator_v3' retrieved from /home/airflow/.local/lib/python3.12/site-packages/airflow/example_dags/example_branch_python_dop_operator_3.py
[2025-03-04T17:59:36.804+0000] {logging_mixin.py:190} INFO - [2025-03-04T17:59:36.804+0000] {dag.py:3239} INFO - Sync 1 DAGs
[2025-03-04T17:59:36.841+0000] {logging_mixin.py:190} INFO - [2025-03-04T17:59:36.841+0000] {dag.py:4180} INFO - Setting next_dagrun for example_branch_dop_operator_v3 to 2025-03-04 17:58:00+00:00, run_after=2025-03-04 17:59:00+00:00
[2025-03-04T17:59:36.864+0000] {processor.py:208} INFO - Processing /home/airflow/.local/lib/python3.12/site-packages/airflow/example_dags/example_branch_python_dop_operator_3.py took 0.111 seconds
[2025-03-04T18:00:07.086+0000] {processor.py:186} INFO - Started process (PID=520) to work on /home/airflow/.local/lib/python3.12/site-packages/airflow/example_dags/example_branch_python_dop_operator_3.py
[2025-03-04T18:00:07.087+0000] {processor.py:914} INFO - Processing file /home/airflow/.local/lib/python3.12/site-packages/airflow/example_dags/example_branch_python_dop_operator_3.py for tasks to queue
[2025-03-04T18:00:07.090+0000] {logging_mixin.py:190} INFO - [2025-03-04T18:00:07.089+0000] {dagbag.py:588} INFO - Filling up the DagBag from /home/airflow/.local/lib/python3.12/site-packages/airflow/example_dags/example_branch_python_dop_operator_3.py
[2025-03-04T18:00:07.102+0000] {processor.py:925} INFO - DAG(s) 'example_branch_dop_operator_v3' retrieved from /home/airflow/.local/lib/python3.12/site-packages/airflow/example_dags/example_branch_python_dop_operator_3.py
[2025-03-04T18:00:07.125+0000] {logging_mixin.py:190} INFO - [2025-03-04T18:00:07.125+0000] {dag.py:3239} INFO - Sync 1 DAGs
[2025-03-04T18:00:07.158+0000] {logging_mixin.py:190} INFO - [2025-03-04T18:00:07.158+0000] {dag.py:4180} INFO - Setting next_dagrun for example_branch_dop_operator_v3 to 2025-03-04 17:59:00+00:00, run_after=2025-03-04 18:00:00+00:00
[2025-03-04T18:00:07.179+0000] {processor.py:208} INFO - Processing /home/airflow/.local/lib/python3.12/site-packages/airflow/example_dags/example_branch_python_dop_operator_3.py took 0.100 seconds
[2025-03-04T18:00:37.703+0000] {processor.py:186} INFO - Started process (PID=829) to work on /home/airflow/.local/lib/python3.12/site-packages/airflow/example_dags/example_branch_python_dop_operator_3.py
[2025-03-04T18:00:37.704+0000] {processor.py:914} INFO - Processing file /home/airflow/.local/lib/python3.12/site-packages/airflow/example_dags/example_branch_python_dop_operator_3.py for tasks to queue
[2025-03-04T18:00:37.708+0000] {logging_mixin.py:190} INFO - [2025-03-04T18:00:37.707+0000] {dagbag.py:588} INFO - Filling up the DagBag from /home/airflow/.local/lib/python3.12/site-packages/airflow/example_dags/example_branch_python_dop_operator_3.py
[2025-03-04T18:00:37.720+0000] {processor.py:925} INFO - DAG(s) 'example_branch_dop_operator_v3' retrieved from /home/airflow/.local/lib/python3.12/site-packages/airflow/example_dags/example_branch_python_dop_operator_3.py
[2025-03-04T18:00:37.748+0000] {logging_mixin.py:190} INFO - [2025-03-04T18:00:37.748+0000] {dag.py:3239} INFO - Sync 1 DAGs
[2025-03-04T18:00:37.780+0000] {logging_mixin.py:190} INFO - [2025-03-04T18:00:37.780+0000] {dag.py:4180} INFO - Setting next_dagrun for example_branch_dop_operator_v3 to 2025-03-04 17:59:00+00:00, run_after=2025-03-04 18:00:00+00:00
[2025-03-04T18:00:37.805+0000] {processor.py:208} INFO - Processing /home/airflow/.local/lib/python3.12/site-packages/airflow/example_dags/example_branch_python_dop_operator_3.py took 0.109 seconds
[2025-03-04T18:01:08.200+0000] {processor.py:186} INFO - Started process (PID=1141) to work on /home/airflow/.local/lib/python3.12/site-packages/airflow/example_dags/example_branch_python_dop_operator_3.py
[2025-03-04T18:01:08.201+0000] {processor.py:914} INFO - Processing file /home/airflow/.local/lib/python3.12/site-packages/airflow/example_dags/example_branch_python_dop_operator_3.py for tasks to queue
[2025-03-04T18:01:08.203+0000] {logging_mixin.py:190} INFO - [2025-03-04T18:01:08.203+0000] {dagbag.py:588} INFO - Filling up the DagBag from /home/airflow/.local/lib/python3.12/site-packages/airflow/example_dags/example_branch_python_dop_operator_3.py
[2025-03-04T18:01:08.216+0000] {processor.py:925} INFO - DAG(s) 'example_branch_dop_operator_v3' retrieved from /home/airflow/.local/lib/python3.12/site-packages/airflow/example_dags/example_branch_python_dop_operator_3.py
[2025-03-04T18:01:08.238+0000] {logging_mixin.py:190} INFO - [2025-03-04T18:01:08.237+0000] {dag.py:3239} INFO - Sync 1 DAGs
[2025-03-04T18:01:08.270+0000] {logging_mixin.py:190} INFO - [2025-03-04T18:01:08.270+0000] {dag.py:4180} INFO - Setting next_dagrun for example_branch_dop_operator_v3 to 2025-03-04 18:00:00+00:00, run_after=2025-03-04 18:01:00+00:00
[2025-03-04T18:01:08.297+0000] {processor.py:208} INFO - Processing /home/airflow/.local/lib/python3.12/site-packages/airflow/example_dags/example_branch_python_dop_operator_3.py took 0.104 seconds
[2025-03-04T18:01:39.026+0000] {processor.py:186} INFO - Started process (PID=1449) to work on /home/airflow/.local/lib/python3.12/site-packages/airflow/example_dags/example_branch_python_dop_operator_3.py
[2025-03-04T18:01:39.028+0000] {processor.py:914} INFO - Processing file /home/airflow/.local/lib/python3.12/site-packages/airflow/example_dags/example_branch_python_dop_operator_3.py for tasks to queue
[2025-03-04T18:01:39.030+0000] {logging_mixin.py:190} INFO - [2025-03-04T18:01:39.030+0000] {dagbag.py:588} INFO - Filling up the DagBag from /home/airflow/.local/lib/python3.12/site-packages/airflow/example_dags/example_branch_python_dop_operator_3.py
[2025-03-04T18:01:39.044+0000] {processor.py:925} INFO - DAG(s) 'example_branch_dop_operator_v3' retrieved from /home/airflow/.local/lib/python3.12/site-packages/airflow/example_dags/example_branch_python_dop_operator_3.py
[2025-03-04T18:01:39.074+0000] {logging_mixin.py:190} INFO - [2025-03-04T18:01:39.074+0000] {dag.py:3239} INFO - Sync 1 DAGs
[2025-03-04T18:01:39.110+0000] {logging_mixin.py:190} INFO - [2025-03-04T18:01:39.110+0000] {dag.py:4180} INFO - Setting next_dagrun for example_branch_dop_operator_v3 to 2025-03-04 18:00:00+00:00, run_after=2025-03-04 18:01:00+00:00
[2025-03-04T18:01:39.132+0000] {processor.py:208} INFO - Processing /home/airflow/.local/lib/python3.12/site-packages/airflow/example_dags/example_branch_python_dop_operator_3.py took 0.114 seconds
[2025-03-04T18:02:09.595+0000] {processor.py:186} INFO - Started process (PID=1753) to work on /home/airflow/.local/lib/python3.12/site-packages/airflow/example_dags/example_branch_python_dop_operator_3.py
[2025-03-04T18:02:09.596+0000] {processor.py:914} INFO - Processing file /home/airflow/.local/lib/python3.12/site-packages/airflow/example_dags/example_branch_python_dop_operator_3.py for tasks to queue
[2025-03-04T18:02:09.599+0000] {logging_mixin.py:190} INFO - [2025-03-04T18:02:09.598+0000] {dagbag.py:588} INFO - Filling up the DagBag from /home/airflow/.local/lib/python3.12/site-packages/airflow/example_dags/example_branch_python_dop_operator_3.py
[2025-03-04T18:02:09.612+0000] {processor.py:925} INFO - DAG(s) 'example_branch_dop_operator_v3' retrieved from /home/airflow/.local/lib/python3.12/site-packages/airflow/example_dags/example_branch_python_dop_operator_3.py
[2025-03-04T18:02:09.634+0000] {logging_mixin.py:190} INFO - [2025-03-04T18:02:09.634+0000] {dag.py:3239} INFO - Sync 1 DAGs
[2025-03-04T18:02:09.667+0000] {logging_mixin.py:190} INFO - [2025-03-04T18:02:09.667+0000] {dag.py:4180} INFO - Setting next_dagrun for example_branch_dop_operator_v3 to 2025-03-04 18:01:00+00:00, run_after=2025-03-04 18:02:00+00:00
[2025-03-04T18:02:09.691+0000] {processor.py:208} INFO - Processing /home/airflow/.local/lib/python3.12/site-packages/airflow/example_dags/example_branch_python_dop_operator_3.py took 0.104 seconds
[2025-03-04T18:02:40.097+0000] {processor.py:186} INFO - Started process (PID=2061) to work on /home/airflow/.local/lib/python3.12/site-packages/airflow/example_dags/example_branch_python_dop_operator_3.py
[2025-03-04T18:02:40.099+0000] {processor.py:914} INFO - Processing file /home/airflow/.local/lib/python3.12/site-packages/airflow/example_dags/example_branch_python_dop_operator_3.py for tasks to queue
[2025-03-04T18:02:40.101+0000] {logging_mixin.py:190} INFO - [2025-03-04T18:02:40.101+0000] {dagbag.py:588} INFO - Filling up the DagBag from /home/airflow/.local/lib/python3.12/site-packages/airflow/example_dags/example_branch_python_dop_operator_3.py
[2025-03-04T18:02:40.114+0000] {processor.py:925} INFO - DAG(s) 'example_branch_dop_operator_v3' retrieved from /home/airflow/.local/lib/python3.12/site-packages/airflow/example_dags/example_branch_python_dop_operator_3.py
[2025-03-04T18:02:40.142+0000] {logging_mixin.py:190} INFO - [2025-03-04T18:02:40.142+0000] {dag.py:3239} INFO - Sync 1 DAGs
[2025-03-04T18:02:40.179+0000] {logging_mixin.py:190} INFO - [2025-03-04T18:02:40.178+0000] {dag.py:4180} INFO - Setting next_dagrun for example_branch_dop_operator_v3 to 2025-03-04 18:01:00+00:00, run_after=2025-03-04 18:02:00+00:00
[2025-03-04T18:02:40.204+0000] {processor.py:208} INFO - Processing /home/airflow/.local/lib/python3.12/site-packages/airflow/example_dags/example_branch_python_dop_operator_3.py took 0.114 seconds
[2025-03-04T18:03:10.361+0000] {processor.py:186} INFO - Started process (PID=2378) to work on /home/airflow/.local/lib/python3.12/site-packages/airflow/example_dags/example_branch_python_dop_operator_3.py
[2025-03-04T18:03:10.362+0000] {processor.py:914} INFO - Processing file /home/airflow/.local/lib/python3.12/site-packages/airflow/example_dags/example_branch_python_dop_operator_3.py for tasks to queue
[2025-03-04T18:03:10.364+0000] {logging_mixin.py:190} INFO - [2025-03-04T18:03:10.364+0000] {dagbag.py:588} INFO - Filling up the DagBag from /home/airflow/.local/lib/python3.12/site-packages/airflow/example_dags/example_branch_python_dop_operator_3.py
[2025-03-04T18:03:10.375+0000] {processor.py:925} INFO - DAG(s) 'example_branch_dop_operator_v3' retrieved from /home/airflow/.local/lib/python3.12/site-packages/airflow/example_dags/example_branch_python_dop_operator_3.py
[2025-03-04T18:03:10.396+0000] {logging_mixin.py:190} INFO - [2025-03-04T18:03:10.396+0000] {dag.py:3239} INFO - Sync 1 DAGs
[2025-03-04T18:03:10.425+0000] {logging_mixin.py:190} INFO - [2025-03-04T18:03:10.425+0000] {dag.py:4180} INFO - Setting next_dagrun for example_branch_dop_operator_v3 to 2025-03-04 18:02:00+00:00, run_after=2025-03-04 18:03:00+00:00
[2025-03-04T18:03:10.448+0000] {processor.py:208} INFO - Processing /home/airflow/.local/lib/python3.12/site-packages/airflow/example_dags/example_branch_python_dop_operator_3.py took 0.093 seconds
[2025-03-04T18:03:40.628+0000] {processor.py:186} INFO - Started process (PID=2684) to work on /home/airflow/.local/lib/python3.12/site-packages/airflow/example_dags/example_branch_python_dop_operator_3.py
[2025-03-04T18:03:40.629+0000] {processor.py:914} INFO - Processing file /home/airflow/.local/lib/python3.12/site-packages/airflow/example_dags/example_branch_python_dop_operator_3.py for tasks to queue
[2025-03-04T18:03:40.631+0000] {logging_mixin.py:190} INFO - [2025-03-04T18:03:40.631+0000] {dagbag.py:588} INFO - Filling up the DagBag from /home/airflow/.local/lib/python3.12/site-packages/airflow/example_dags/example_branch_python_dop_operator_3.py
[2025-03-04T18:03:40.643+0000] {processor.py:925} INFO - DAG(s) 'example_branch_dop_operator_v3' retrieved from /home/airflow/.local/lib/python3.12/site-packages/airflow/example_dags/example_branch_python_dop_operator_3.py
[2025-03-04T18:03:40.666+0000] {logging_mixin.py:190} INFO - [2025-03-04T18:03:40.666+0000] {dag.py:3239} INFO - Sync 1 DAGs
[2025-03-04T18:03:40.700+0000] {logging_mixin.py:190} INFO - [2025-03-04T18:03:40.700+0000] {dag.py:4180} INFO - Setting next_dagrun for example_branch_dop_operator_v3 to 2025-03-04 18:02:00+00:00, run_after=2025-03-04 18:03:00+00:00
[2025-03-04T18:03:40.724+0000] {processor.py:208} INFO - Processing /home/airflow/.local/lib/python3.12/site-packages/airflow/example_dags/example_branch_python_dop_operator_3.py took 0.103 seconds
[2025-03-04T18:04:11.680+0000] {processor.py:186} INFO - Started process (PID=2988) to work on /home/airflow/.local/lib/python3.12/site-packages/airflow/example_dags/example_branch_python_dop_operator_3.py
[2025-03-04T18:04:11.681+0000] {processor.py:914} INFO - Processing file /home/airflow/.local/lib/python3.12/site-packages/airflow/example_dags/example_branch_python_dop_operator_3.py for tasks to queue
[2025-03-04T18:04:11.684+0000] {logging_mixin.py:190} INFO - [2025-03-04T18:04:11.684+0000] {dagbag.py:588} INFO - Filling up the DagBag from /home/airflow/.local/lib/python3.12/site-packages/airflow/example_dags/example_branch_python_dop_operator_3.py
[2025-03-04T18:04:11.701+0000] {processor.py:925} INFO - DAG(s) 'example_branch_dop_operator_v3' retrieved from /home/airflow/.local/lib/python3.12/site-packages/airflow/example_dags/example_branch_python_dop_operator_3.py
[2025-03-04T18:04:11.726+0000] {logging_mixin.py:190} INFO - [2025-03-04T18:04:11.725+0000] {dag.py:3239} INFO - Sync 1 DAGs
[2025-03-04T18:04:11.760+0000] {logging_mixin.py:190} INFO - [2025-03-04T18:04:11.760+0000] {dag.py:4180} INFO - Setting next_dagrun for example_branch_dop_operator_v3 to 2025-03-04 18:03:00+00:00, run_after=2025-03-04 18:04:00+00:00
[2025-03-04T18:04:11.788+0000] {processor.py:208} INFO - Processing /home/airflow/.local/lib/python3.12/site-packages/airflow/example_dags/example_branch_python_dop_operator_3.py took 0.115 seconds
[2025-03-04T18:04:42.483+0000] {processor.py:186} INFO - Started process (PID=3296) to work on /home/airflow/.local/lib/python3.12/site-packages/airflow/example_dags/example_branch_python_dop_operator_3.py
[2025-03-04T18:04:42.485+0000] {processor.py:914} INFO - Processing file /home/airflow/.local/lib/python3.12/site-packages/airflow/example_dags/example_branch_python_dop_operator_3.py for tasks to queue
[2025-03-04T18:04:42.487+0000] {logging_mixin.py:190} INFO - [2025-03-04T18:04:42.487+0000] {dagbag.py:588} INFO - Filling up the DagBag from /home/airflow/.local/lib/python3.12/site-packages/airflow/example_dags/example_branch_python_dop_operator_3.py
[2025-03-04T18:04:42.499+0000] {processor.py:925} INFO - DAG(s) 'example_branch_dop_operator_v3' retrieved from /home/airflow/.local/lib/python3.12/site-packages/airflow/example_dags/example_branch_python_dop_operator_3.py
[2025-03-04T18:04:42.534+0000] {logging_mixin.py:190} INFO - [2025-03-04T18:04:42.534+0000] {dag.py:3239} INFO - Sync 1 DAGs
[2025-03-04T18:04:42.565+0000] {logging_mixin.py:190} INFO - [2025-03-04T18:04:42.564+0000] {dag.py:4180} INFO - Setting next_dagrun for example_branch_dop_operator_v3 to 2025-03-04 18:03:00+00:00, run_after=2025-03-04 18:04:00+00:00
[2025-03-04T18:04:42.591+0000] {processor.py:208} INFO - Processing /home/airflow/.local/lib/python3.12/site-packages/airflow/example_dags/example_branch_python_dop_operator_3.py took 0.115 seconds
[2025-03-04T18:05:13.220+0000] {processor.py:186} INFO - Started process (PID=3602) to work on /home/airflow/.local/lib/python3.12/site-packages/airflow/example_dags/example_branch_python_dop_operator_3.py
[2025-03-04T18:05:13.222+0000] {processor.py:914} INFO - Processing file /home/airflow/.local/lib/python3.12/site-packages/airflow/example_dags/example_branch_python_dop_operator_3.py for tasks to queue
[2025-03-04T18:05:13.224+0000] {logging_mixin.py:190} INFO - [2025-03-04T18:05:13.224+0000] {dagbag.py:588} INFO - Filling up the DagBag from /home/airflow/.local/lib/python3.12/site-packages/airflow/example_dags/example_branch_python_dop_operator_3.py
[2025-03-04T18:05:13.236+0000] {processor.py:925} INFO - DAG(s) 'example_branch_dop_operator_v3' retrieved from /home/airflow/.local/lib/python3.12/site-packages/airflow/example_dags/example_branch_python_dop_operator_3.py
[2025-03-04T18:05:13.261+0000] {logging_mixin.py:190} INFO - [2025-03-04T18:05:13.261+0000] {dag.py:3239} INFO - Sync 1 DAGs
[2025-03-04T18:05:13.295+0000] {logging_mixin.py:190} INFO - [2025-03-04T18:05:13.295+0000] {dag.py:4180} INFO - Setting next_dagrun for example_branch_dop_operator_v3 to 2025-03-04 18:04:00+00:00, run_after=2025-03-04 18:05:00+00:00
[2025-03-04T18:05:13.461+0000] {processor.py:208} INFO - Processing /home/airflow/.local/lib/python3.12/site-packages/airflow/example_dags/example_branch_python_dop_operator_3.py took 0.247 seconds
