[2025-03-04T17:28:43.679+0000] {processor.py:186} INFO - Started process (PID=282) to work on /home/airflow/.local/lib/python3.12/site-packages/airflow/example_dags/example_branch_labels.py
[2025-03-04T17:28:43.682+0000] {processor.py:914} INFO - Processing file /home/airflow/.local/lib/python3.12/site-packages/airflow/example_dags/example_branch_labels.py for tasks to queue
[2025-03-04T17:28:43.686+0000] {logging_mixin.py:190} INFO - [2025-03-04T17:28:43.686+0000] {dagbag.py:588} INFO - Filling up the DagBag from /home/airflow/.local/lib/python3.12/site-packages/airflow/example_dags/example_branch_labels.py
[2025-03-04T17:28:43.705+0000] {processor.py:925} INFO - DAG(s) 'example_branch_labels' retrieved from /home/airflow/.local/lib/python3.12/site-packages/airflow/example_dags/example_branch_labels.py
[2025-03-04T17:28:43.765+0000] {logging_mixin.py:190} INFO - [2025-03-04T17:28:43.765+0000] {dag.py:3239} INFO - Sync 1 DAGs
[2025-03-04T17:28:43.822+0000] {logging_mixin.py:190} INFO - [2025-03-04T17:28:43.822+0000] {dag.py:4180} INFO - Setting next_dagrun for example_branch_labels to 2025-03-03 00:00:00+00:00, run_after=2025-03-04 00:00:00+00:00
[2025-03-04T17:28:43.869+0000] {processor.py:208} INFO - Processing /home/airflow/.local/lib/python3.12/site-packages/airflow/example_dags/example_branch_labels.py took 0.201 seconds
[2025-03-04T17:29:14.230+0000] {processor.py:186} INFO - Started process (PID=657) to work on /home/airflow/.local/lib/python3.12/site-packages/airflow/example_dags/example_branch_labels.py
[2025-03-04T17:29:14.232+0000] {processor.py:914} INFO - Processing file /home/airflow/.local/lib/python3.12/site-packages/airflow/example_dags/example_branch_labels.py for tasks to queue
[2025-03-04T17:29:14.236+0000] {logging_mixin.py:190} INFO - [2025-03-04T17:29:14.235+0000] {dagbag.py:588} INFO - Filling up the DagBag from /home/airflow/.local/lib/python3.12/site-packages/airflow/example_dags/example_branch_labels.py
[2025-03-04T17:29:14.249+0000] {processor.py:925} INFO - DAG(s) 'example_branch_labels' retrieved from /home/airflow/.local/lib/python3.12/site-packages/airflow/example_dags/example_branch_labels.py
[2025-03-04T17:29:14.295+0000] {logging_mixin.py:190} INFO - [2025-03-04T17:29:14.294+0000] {dag.py:3239} INFO - Sync 1 DAGs
[2025-03-04T17:29:14.349+0000] {logging_mixin.py:190} INFO - [2025-03-04T17:29:14.349+0000] {dag.py:4180} INFO - Setting next_dagrun for example_branch_labels to 2025-03-03 00:00:00+00:00, run_after=2025-03-04 00:00:00+00:00
[2025-03-04T17:29:14.378+0000] {processor.py:208} INFO - Processing /home/airflow/.local/lib/python3.12/site-packages/airflow/example_dags/example_branch_labels.py took 0.154 seconds
[2025-03-04T17:29:44.967+0000] {processor.py:186} INFO - Started process (PID=961) to work on /home/airflow/.local/lib/python3.12/site-packages/airflow/example_dags/example_branch_labels.py
[2025-03-04T17:29:44.968+0000] {processor.py:914} INFO - Processing file /home/airflow/.local/lib/python3.12/site-packages/airflow/example_dags/example_branch_labels.py for tasks to queue
[2025-03-04T17:29:44.971+0000] {logging_mixin.py:190} INFO - [2025-03-04T17:29:44.971+0000] {dagbag.py:588} INFO - Filling up the DagBag from /home/airflow/.local/lib/python3.12/site-packages/airflow/example_dags/example_branch_labels.py
[2025-03-04T17:29:44.983+0000] {processor.py:925} INFO - DAG(s) 'example_branch_labels' retrieved from /home/airflow/.local/lib/python3.12/site-packages/airflow/example_dags/example_branch_labels.py
[2025-03-04T17:29:45.016+0000] {logging_mixin.py:190} INFO - [2025-03-04T17:29:45.016+0000] {dag.py:3239} INFO - Sync 1 DAGs
[2025-03-04T17:29:45.050+0000] {logging_mixin.py:190} INFO - [2025-03-04T17:29:45.049+0000] {dag.py:4180} INFO - Setting next_dagrun for example_branch_labels to 2025-03-03 00:00:00+00:00, run_after=2025-03-04 00:00:00+00:00
[2025-03-04T17:29:45.078+0000] {processor.py:208} INFO - Processing /home/airflow/.local/lib/python3.12/site-packages/airflow/example_dags/example_branch_labels.py took 0.119 seconds
[2025-03-04T17:30:15.885+0000] {processor.py:186} INFO - Started process (PID=1269) to work on /home/airflow/.local/lib/python3.12/site-packages/airflow/example_dags/example_branch_labels.py
[2025-03-04T17:30:15.886+0000] {processor.py:914} INFO - Processing file /home/airflow/.local/lib/python3.12/site-packages/airflow/example_dags/example_branch_labels.py for tasks to queue
[2025-03-04T17:30:15.889+0000] {logging_mixin.py:190} INFO - [2025-03-04T17:30:15.889+0000] {dagbag.py:588} INFO - Filling up the DagBag from /home/airflow/.local/lib/python3.12/site-packages/airflow/example_dags/example_branch_labels.py
[2025-03-04T17:30:15.901+0000] {processor.py:925} INFO - DAG(s) 'example_branch_labels' retrieved from /home/airflow/.local/lib/python3.12/site-packages/airflow/example_dags/example_branch_labels.py
[2025-03-04T17:30:15.926+0000] {logging_mixin.py:190} INFO - [2025-03-04T17:30:15.926+0000] {dag.py:3239} INFO - Sync 1 DAGs
[2025-03-04T17:30:15.956+0000] {logging_mixin.py:190} INFO - [2025-03-04T17:30:15.955+0000] {dag.py:4180} INFO - Setting next_dagrun for example_branch_labels to 2025-03-03 00:00:00+00:00, run_after=2025-03-04 00:00:00+00:00
[2025-03-04T17:30:15.980+0000] {processor.py:208} INFO - Processing /home/airflow/.local/lib/python3.12/site-packages/airflow/example_dags/example_branch_labels.py took 0.102 seconds
[2025-03-04T17:30:46.680+0000] {processor.py:186} INFO - Started process (PID=1575) to work on /home/airflow/.local/lib/python3.12/site-packages/airflow/example_dags/example_branch_labels.py
[2025-03-04T17:30:46.682+0000] {processor.py:914} INFO - Processing file /home/airflow/.local/lib/python3.12/site-packages/airflow/example_dags/example_branch_labels.py for tasks to queue
[2025-03-04T17:30:46.685+0000] {logging_mixin.py:190} INFO - [2025-03-04T17:30:46.684+0000] {dagbag.py:588} INFO - Filling up the DagBag from /home/airflow/.local/lib/python3.12/site-packages/airflow/example_dags/example_branch_labels.py
[2025-03-04T17:30:46.696+0000] {processor.py:925} INFO - DAG(s) 'example_branch_labels' retrieved from /home/airflow/.local/lib/python3.12/site-packages/airflow/example_dags/example_branch_labels.py
[2025-03-04T17:30:46.720+0000] {logging_mixin.py:190} INFO - [2025-03-04T17:30:46.720+0000] {dag.py:3239} INFO - Sync 1 DAGs
[2025-03-04T17:30:46.749+0000] {logging_mixin.py:190} INFO - [2025-03-04T17:30:46.749+0000] {dag.py:4180} INFO - Setting next_dagrun for example_branch_labels to 2025-03-03 00:00:00+00:00, run_after=2025-03-04 00:00:00+00:00
[2025-03-04T17:30:46.771+0000] {processor.py:208} INFO - Processing /home/airflow/.local/lib/python3.12/site-packages/airflow/example_dags/example_branch_labels.py took 0.098 seconds
[2025-03-04T17:31:17.239+0000] {processor.py:186} INFO - Started process (PID=1879) to work on /home/airflow/.local/lib/python3.12/site-packages/airflow/example_dags/example_branch_labels.py
[2025-03-04T17:31:17.240+0000] {processor.py:914} INFO - Processing file /home/airflow/.local/lib/python3.12/site-packages/airflow/example_dags/example_branch_labels.py for tasks to queue
[2025-03-04T17:31:17.243+0000] {logging_mixin.py:190} INFO - [2025-03-04T17:31:17.242+0000] {dagbag.py:588} INFO - Filling up the DagBag from /home/airflow/.local/lib/python3.12/site-packages/airflow/example_dags/example_branch_labels.py
[2025-03-04T17:31:17.255+0000] {processor.py:925} INFO - DAG(s) 'example_branch_labels' retrieved from /home/airflow/.local/lib/python3.12/site-packages/airflow/example_dags/example_branch_labels.py
[2025-03-04T17:31:17.280+0000] {logging_mixin.py:190} INFO - [2025-03-04T17:31:17.280+0000] {dag.py:3239} INFO - Sync 1 DAGs
[2025-03-04T17:31:17.313+0000] {logging_mixin.py:190} INFO - [2025-03-04T17:31:17.312+0000] {dag.py:4180} INFO - Setting next_dagrun for example_branch_labels to 2025-03-03 00:00:00+00:00, run_after=2025-03-04 00:00:00+00:00
[2025-03-04T17:31:17.342+0000] {processor.py:208} INFO - Processing /home/airflow/.local/lib/python3.12/site-packages/airflow/example_dags/example_branch_labels.py took 0.111 seconds
[2025-03-04T17:31:47.655+0000] {processor.py:186} INFO - Started process (PID=2185) to work on /home/airflow/.local/lib/python3.12/site-packages/airflow/example_dags/example_branch_labels.py
[2025-03-04T17:31:47.656+0000] {processor.py:914} INFO - Processing file /home/airflow/.local/lib/python3.12/site-packages/airflow/example_dags/example_branch_labels.py for tasks to queue
[2025-03-04T17:31:47.659+0000] {logging_mixin.py:190} INFO - [2025-03-04T17:31:47.659+0000] {dagbag.py:588} INFO - Filling up the DagBag from /home/airflow/.local/lib/python3.12/site-packages/airflow/example_dags/example_branch_labels.py
[2025-03-04T17:31:47.671+0000] {processor.py:925} INFO - DAG(s) 'example_branch_labels' retrieved from /home/airflow/.local/lib/python3.12/site-packages/airflow/example_dags/example_branch_labels.py
[2025-03-04T17:31:47.695+0000] {logging_mixin.py:190} INFO - [2025-03-04T17:31:47.695+0000] {dag.py:3239} INFO - Sync 1 DAGs
[2025-03-04T17:31:47.726+0000] {logging_mixin.py:190} INFO - [2025-03-04T17:31:47.725+0000] {dag.py:4180} INFO - Setting next_dagrun for example_branch_labels to 2025-03-03 00:00:00+00:00, run_after=2025-03-04 00:00:00+00:00
[2025-03-04T17:31:47.751+0000] {processor.py:208} INFO - Processing /home/airflow/.local/lib/python3.12/site-packages/airflow/example_dags/example_branch_labels.py took 0.102 seconds
[2025-03-04T17:32:18.109+0000] {processor.py:186} INFO - Started process (PID=2493) to work on /home/airflow/.local/lib/python3.12/site-packages/airflow/example_dags/example_branch_labels.py
[2025-03-04T17:32:18.111+0000] {processor.py:914} INFO - Processing file /home/airflow/.local/lib/python3.12/site-packages/airflow/example_dags/example_branch_labels.py for tasks to queue
[2025-03-04T17:32:18.113+0000] {logging_mixin.py:190} INFO - [2025-03-04T17:32:18.113+0000] {dagbag.py:588} INFO - Filling up the DagBag from /home/airflow/.local/lib/python3.12/site-packages/airflow/example_dags/example_branch_labels.py
[2025-03-04T17:32:18.125+0000] {processor.py:925} INFO - DAG(s) 'example_branch_labels' retrieved from /home/airflow/.local/lib/python3.12/site-packages/airflow/example_dags/example_branch_labels.py
[2025-03-04T17:32:18.170+0000] {logging_mixin.py:190} INFO - [2025-03-04T17:32:18.170+0000] {dag.py:3239} INFO - Sync 1 DAGs
[2025-03-04T17:32:18.219+0000] {logging_mixin.py:190} INFO - [2025-03-04T17:32:18.219+0000] {dag.py:4180} INFO - Setting next_dagrun for example_branch_labels to 2025-03-03 00:00:00+00:00, run_after=2025-03-04 00:00:00+00:00
[2025-03-04T17:32:18.248+0000] {processor.py:208} INFO - Processing /home/airflow/.local/lib/python3.12/site-packages/airflow/example_dags/example_branch_labels.py took 0.151 seconds
[2025-03-04T17:32:48.699+0000] {processor.py:186} INFO - Started process (PID=2799) to work on /home/airflow/.local/lib/python3.12/site-packages/airflow/example_dags/example_branch_labels.py
[2025-03-04T17:32:48.700+0000] {processor.py:914} INFO - Processing file /home/airflow/.local/lib/python3.12/site-packages/airflow/example_dags/example_branch_labels.py for tasks to queue
[2025-03-04T17:32:48.703+0000] {logging_mixin.py:190} INFO - [2025-03-04T17:32:48.703+0000] {dagbag.py:588} INFO - Filling up the DagBag from /home/airflow/.local/lib/python3.12/site-packages/airflow/example_dags/example_branch_labels.py
[2025-03-04T17:32:48.715+0000] {processor.py:925} INFO - DAG(s) 'example_branch_labels' retrieved from /home/airflow/.local/lib/python3.12/site-packages/airflow/example_dags/example_branch_labels.py
[2025-03-04T17:32:48.745+0000] {logging_mixin.py:190} INFO - [2025-03-04T17:32:48.745+0000] {dag.py:3239} INFO - Sync 1 DAGs
[2025-03-04T17:32:48.778+0000] {logging_mixin.py:190} INFO - [2025-03-04T17:32:48.778+0000] {dag.py:4180} INFO - Setting next_dagrun for example_branch_labels to 2025-03-03 00:00:00+00:00, run_after=2025-03-04 00:00:00+00:00
[2025-03-04T17:32:48.807+0000] {processor.py:208} INFO - Processing /home/airflow/.local/lib/python3.12/site-packages/airflow/example_dags/example_branch_labels.py took 0.115 seconds
[2025-03-04T17:33:18.923+0000] {processor.py:186} INFO - Started process (PID=3103) to work on /home/airflow/.local/lib/python3.12/site-packages/airflow/example_dags/example_branch_labels.py
[2025-03-04T17:33:18.925+0000] {processor.py:914} INFO - Processing file /home/airflow/.local/lib/python3.12/site-packages/airflow/example_dags/example_branch_labels.py for tasks to queue
[2025-03-04T17:33:18.927+0000] {logging_mixin.py:190} INFO - [2025-03-04T17:33:18.927+0000] {dagbag.py:588} INFO - Filling up the DagBag from /home/airflow/.local/lib/python3.12/site-packages/airflow/example_dags/example_branch_labels.py
[2025-03-04T17:33:18.939+0000] {processor.py:925} INFO - DAG(s) 'example_branch_labels' retrieved from /home/airflow/.local/lib/python3.12/site-packages/airflow/example_dags/example_branch_labels.py
[2025-03-04T17:33:18.981+0000] {logging_mixin.py:190} INFO - [2025-03-04T17:33:18.981+0000] {dag.py:3239} INFO - Sync 1 DAGs
[2025-03-04T17:33:19.011+0000] {logging_mixin.py:190} INFO - [2025-03-04T17:33:19.011+0000] {dag.py:4180} INFO - Setting next_dagrun for example_branch_labels to 2025-03-03 00:00:00+00:00, run_after=2025-03-04 00:00:00+00:00
[2025-03-04T17:33:19.035+0000] {processor.py:208} INFO - Processing /home/airflow/.local/lib/python3.12/site-packages/airflow/example_dags/example_branch_labels.py took 0.119 seconds
[2025-03-04T17:33:49.254+0000] {processor.py:186} INFO - Started process (PID=3411) to work on /home/airflow/.local/lib/python3.12/site-packages/airflow/example_dags/example_branch_labels.py
[2025-03-04T17:33:49.255+0000] {processor.py:914} INFO - Processing file /home/airflow/.local/lib/python3.12/site-packages/airflow/example_dags/example_branch_labels.py for tasks to queue
[2025-03-04T17:33:49.258+0000] {logging_mixin.py:190} INFO - [2025-03-04T17:33:49.258+0000] {dagbag.py:588} INFO - Filling up the DagBag from /home/airflow/.local/lib/python3.12/site-packages/airflow/example_dags/example_branch_labels.py
[2025-03-04T17:33:49.268+0000] {processor.py:925} INFO - DAG(s) 'example_branch_labels' retrieved from /home/airflow/.local/lib/python3.12/site-packages/airflow/example_dags/example_branch_labels.py
[2025-03-04T17:33:49.289+0000] {logging_mixin.py:190} INFO - [2025-03-04T17:33:49.288+0000] {dag.py:3239} INFO - Sync 1 DAGs
[2025-03-04T17:33:49.316+0000] {logging_mixin.py:190} INFO - [2025-03-04T17:33:49.316+0000] {dag.py:4180} INFO - Setting next_dagrun for example_branch_labels to 2025-03-03 00:00:00+00:00, run_after=2025-03-04 00:00:00+00:00
[2025-03-04T17:33:49.342+0000] {processor.py:208} INFO - Processing /home/airflow/.local/lib/python3.12/site-packages/airflow/example_dags/example_branch_labels.py took 0.094 seconds
[2025-03-04T17:34:19.423+0000] {processor.py:186} INFO - Started process (PID=3715) to work on /home/airflow/.local/lib/python3.12/site-packages/airflow/example_dags/example_branch_labels.py
[2025-03-04T17:34:19.424+0000] {processor.py:914} INFO - Processing file /home/airflow/.local/lib/python3.12/site-packages/airflow/example_dags/example_branch_labels.py for tasks to queue
[2025-03-04T17:34:19.426+0000] {logging_mixin.py:190} INFO - [2025-03-04T17:34:19.426+0000] {dagbag.py:588} INFO - Filling up the DagBag from /home/airflow/.local/lib/python3.12/site-packages/airflow/example_dags/example_branch_labels.py
[2025-03-04T17:34:19.437+0000] {processor.py:925} INFO - DAG(s) 'example_branch_labels' retrieved from /home/airflow/.local/lib/python3.12/site-packages/airflow/example_dags/example_branch_labels.py
[2025-03-04T17:34:19.458+0000] {logging_mixin.py:190} INFO - [2025-03-04T17:34:19.458+0000] {dag.py:3239} INFO - Sync 1 DAGs
[2025-03-04T17:34:19.485+0000] {logging_mixin.py:190} INFO - [2025-03-04T17:34:19.485+0000] {dag.py:4180} INFO - Setting next_dagrun for example_branch_labels to 2025-03-03 00:00:00+00:00, run_after=2025-03-04 00:00:00+00:00
[2025-03-04T17:34:19.509+0000] {processor.py:208} INFO - Processing /home/airflow/.local/lib/python3.12/site-packages/airflow/example_dags/example_branch_labels.py took 0.093 seconds
[2025-03-04T17:34:49.812+0000] {processor.py:186} INFO - Started process (PID=4023) to work on /home/airflow/.local/lib/python3.12/site-packages/airflow/example_dags/example_branch_labels.py
[2025-03-04T17:34:49.813+0000] {processor.py:914} INFO - Processing file /home/airflow/.local/lib/python3.12/site-packages/airflow/example_dags/example_branch_labels.py for tasks to queue
[2025-03-04T17:34:49.817+0000] {logging_mixin.py:190} INFO - [2025-03-04T17:34:49.816+0000] {dagbag.py:588} INFO - Filling up the DagBag from /home/airflow/.local/lib/python3.12/site-packages/airflow/example_dags/example_branch_labels.py
[2025-03-04T17:34:49.830+0000] {processor.py:925} INFO - DAG(s) 'example_branch_labels' retrieved from /home/airflow/.local/lib/python3.12/site-packages/airflow/example_dags/example_branch_labels.py
[2025-03-04T17:34:49.854+0000] {logging_mixin.py:190} INFO - [2025-03-04T17:34:49.853+0000] {dag.py:3239} INFO - Sync 1 DAGs
[2025-03-04T17:34:49.882+0000] {logging_mixin.py:190} INFO - [2025-03-04T17:34:49.882+0000] {dag.py:4180} INFO - Setting next_dagrun for example_branch_labels to 2025-03-03 00:00:00+00:00, run_after=2025-03-04 00:00:00+00:00
[2025-03-04T17:34:49.903+0000] {processor.py:208} INFO - Processing /home/airflow/.local/lib/python3.12/site-packages/airflow/example_dags/example_branch_labels.py took 0.099 seconds
[2025-03-04T17:35:20.007+0000] {processor.py:186} INFO - Started process (PID=4332) to work on /home/airflow/.local/lib/python3.12/site-packages/airflow/example_dags/example_branch_labels.py
[2025-03-04T17:35:20.008+0000] {processor.py:914} INFO - Processing file /home/airflow/.local/lib/python3.12/site-packages/airflow/example_dags/example_branch_labels.py for tasks to queue
[2025-03-04T17:35:20.010+0000] {logging_mixin.py:190} INFO - [2025-03-04T17:35:20.010+0000] {dagbag.py:588} INFO - Filling up the DagBag from /home/airflow/.local/lib/python3.12/site-packages/airflow/example_dags/example_branch_labels.py
[2025-03-04T17:35:20.021+0000] {processor.py:925} INFO - DAG(s) 'example_branch_labels' retrieved from /home/airflow/.local/lib/python3.12/site-packages/airflow/example_dags/example_branch_labels.py
[2025-03-04T17:35:20.043+0000] {logging_mixin.py:190} INFO - [2025-03-04T17:35:20.042+0000] {dag.py:3239} INFO - Sync 1 DAGs
[2025-03-04T17:35:20.070+0000] {logging_mixin.py:190} INFO - [2025-03-04T17:35:20.070+0000] {dag.py:4180} INFO - Setting next_dagrun for example_branch_labels to 2025-03-03 00:00:00+00:00, run_after=2025-03-04 00:00:00+00:00
[2025-03-04T17:35:20.094+0000] {processor.py:208} INFO - Processing /home/airflow/.local/lib/python3.12/site-packages/airflow/example_dags/example_branch_labels.py took 0.093 seconds
[2025-03-04T17:35:50.420+0000] {processor.py:186} INFO - Started process (PID=4633) to work on /home/airflow/.local/lib/python3.12/site-packages/airflow/example_dags/example_branch_labels.py
[2025-03-04T17:35:50.421+0000] {processor.py:914} INFO - Processing file /home/airflow/.local/lib/python3.12/site-packages/airflow/example_dags/example_branch_labels.py for tasks to queue
[2025-03-04T17:35:50.424+0000] {logging_mixin.py:190} INFO - [2025-03-04T17:35:50.423+0000] {dagbag.py:588} INFO - Filling up the DagBag from /home/airflow/.local/lib/python3.12/site-packages/airflow/example_dags/example_branch_labels.py
[2025-03-04T17:35:50.435+0000] {processor.py:925} INFO - DAG(s) 'example_branch_labels' retrieved from /home/airflow/.local/lib/python3.12/site-packages/airflow/example_dags/example_branch_labels.py
[2025-03-04T17:35:50.458+0000] {logging_mixin.py:190} INFO - [2025-03-04T17:35:50.458+0000] {dag.py:3239} INFO - Sync 1 DAGs
[2025-03-04T17:35:50.490+0000] {logging_mixin.py:190} INFO - [2025-03-04T17:35:50.490+0000] {dag.py:4180} INFO - Setting next_dagrun for example_branch_labels to 2025-03-03 00:00:00+00:00, run_after=2025-03-04 00:00:00+00:00
[2025-03-04T17:35:50.515+0000] {processor.py:208} INFO - Processing /home/airflow/.local/lib/python3.12/site-packages/airflow/example_dags/example_branch_labels.py took 0.101 seconds
[2025-03-04T17:36:21.161+0000] {processor.py:186} INFO - Started process (PID=4939) to work on /home/airflow/.local/lib/python3.12/site-packages/airflow/example_dags/example_branch_labels.py
[2025-03-04T17:36:21.162+0000] {processor.py:914} INFO - Processing file /home/airflow/.local/lib/python3.12/site-packages/airflow/example_dags/example_branch_labels.py for tasks to queue
[2025-03-04T17:36:21.164+0000] {logging_mixin.py:190} INFO - [2025-03-04T17:36:21.164+0000] {dagbag.py:588} INFO - Filling up the DagBag from /home/airflow/.local/lib/python3.12/site-packages/airflow/example_dags/example_branch_labels.py
[2025-03-04T17:36:21.176+0000] {processor.py:925} INFO - DAG(s) 'example_branch_labels' retrieved from /home/airflow/.local/lib/python3.12/site-packages/airflow/example_dags/example_branch_labels.py
[2025-03-04T17:36:21.206+0000] {logging_mixin.py:190} INFO - [2025-03-04T17:36:21.205+0000] {dag.py:3239} INFO - Sync 1 DAGs
[2025-03-04T17:36:21.234+0000] {logging_mixin.py:190} INFO - [2025-03-04T17:36:21.234+0000] {dag.py:4180} INFO - Setting next_dagrun for example_branch_labels to 2025-03-03 00:00:00+00:00, run_after=2025-03-04 00:00:00+00:00
[2025-03-04T17:36:21.261+0000] {processor.py:208} INFO - Processing /home/airflow/.local/lib/python3.12/site-packages/airflow/example_dags/example_branch_labels.py took 0.107 seconds
[2025-03-04T17:36:51.411+0000] {processor.py:186} INFO - Started process (PID=5245) to work on /home/airflow/.local/lib/python3.12/site-packages/airflow/example_dags/example_branch_labels.py
[2025-03-04T17:36:51.412+0000] {processor.py:914} INFO - Processing file /home/airflow/.local/lib/python3.12/site-packages/airflow/example_dags/example_branch_labels.py for tasks to queue
[2025-03-04T17:36:51.415+0000] {logging_mixin.py:190} INFO - [2025-03-04T17:36:51.415+0000] {dagbag.py:588} INFO - Filling up the DagBag from /home/airflow/.local/lib/python3.12/site-packages/airflow/example_dags/example_branch_labels.py
[2025-03-04T17:36:51.426+0000] {processor.py:925} INFO - DAG(s) 'example_branch_labels' retrieved from /home/airflow/.local/lib/python3.12/site-packages/airflow/example_dags/example_branch_labels.py
[2025-03-04T17:36:51.454+0000] {logging_mixin.py:190} INFO - [2025-03-04T17:36:51.453+0000] {dag.py:3239} INFO - Sync 1 DAGs
[2025-03-04T17:36:51.489+0000] {logging_mixin.py:190} INFO - [2025-03-04T17:36:51.489+0000] {dag.py:4180} INFO - Setting next_dagrun for example_branch_labels to 2025-03-03 00:00:00+00:00, run_after=2025-03-04 00:00:00+00:00
[2025-03-04T17:36:51.515+0000] {processor.py:208} INFO - Processing /home/airflow/.local/lib/python3.12/site-packages/airflow/example_dags/example_branch_labels.py took 0.113 seconds
[2025-03-04T17:37:21.598+0000] {processor.py:186} INFO - Started process (PID=5551) to work on /home/airflow/.local/lib/python3.12/site-packages/airflow/example_dags/example_branch_labels.py
[2025-03-04T17:37:21.599+0000] {processor.py:914} INFO - Processing file /home/airflow/.local/lib/python3.12/site-packages/airflow/example_dags/example_branch_labels.py for tasks to queue
[2025-03-04T17:37:21.601+0000] {logging_mixin.py:190} INFO - [2025-03-04T17:37:21.601+0000] {dagbag.py:588} INFO - Filling up the DagBag from /home/airflow/.local/lib/python3.12/site-packages/airflow/example_dags/example_branch_labels.py
[2025-03-04T17:37:21.611+0000] {processor.py:925} INFO - DAG(s) 'example_branch_labels' retrieved from /home/airflow/.local/lib/python3.12/site-packages/airflow/example_dags/example_branch_labels.py
[2025-03-04T17:37:21.637+0000] {logging_mixin.py:190} INFO - [2025-03-04T17:37:21.637+0000] {dag.py:3239} INFO - Sync 1 DAGs
[2025-03-04T17:37:21.662+0000] {logging_mixin.py:190} INFO - [2025-03-04T17:37:21.662+0000] {dag.py:4180} INFO - Setting next_dagrun for example_branch_labels to 2025-03-03 00:00:00+00:00, run_after=2025-03-04 00:00:00+00:00
[2025-03-04T17:37:21.683+0000] {processor.py:208} INFO - Processing /home/airflow/.local/lib/python3.12/site-packages/airflow/example_dags/example_branch_labels.py took 0.092 seconds
[2025-03-04T17:37:52.708+0000] {processor.py:186} INFO - Started process (PID=5857) to work on /home/airflow/.local/lib/python3.12/site-packages/airflow/example_dags/example_branch_labels.py
[2025-03-04T17:37:52.709+0000] {processor.py:914} INFO - Processing file /home/airflow/.local/lib/python3.12/site-packages/airflow/example_dags/example_branch_labels.py for tasks to queue
[2025-03-04T17:37:52.711+0000] {logging_mixin.py:190} INFO - [2025-03-04T17:37:52.711+0000] {dagbag.py:588} INFO - Filling up the DagBag from /home/airflow/.local/lib/python3.12/site-packages/airflow/example_dags/example_branch_labels.py
[2025-03-04T17:37:52.723+0000] {processor.py:925} INFO - DAG(s) 'example_branch_labels' retrieved from /home/airflow/.local/lib/python3.12/site-packages/airflow/example_dags/example_branch_labels.py
[2025-03-04T17:37:52.750+0000] {logging_mixin.py:190} INFO - [2025-03-04T17:37:52.749+0000] {dag.py:3239} INFO - Sync 1 DAGs
[2025-03-04T17:37:52.776+0000] {logging_mixin.py:190} INFO - [2025-03-04T17:37:52.776+0000] {dag.py:4180} INFO - Setting next_dagrun for example_branch_labels to 2025-03-03 00:00:00+00:00, run_after=2025-03-04 00:00:00+00:00
[2025-03-04T17:37:52.798+0000] {processor.py:208} INFO - Processing /home/airflow/.local/lib/python3.12/site-packages/airflow/example_dags/example_branch_labels.py took 0.099 seconds
[2025-03-04T17:38:22.848+0000] {processor.py:186} INFO - Started process (PID=6158) to work on /home/airflow/.local/lib/python3.12/site-packages/airflow/example_dags/example_branch_labels.py
[2025-03-04T17:38:22.849+0000] {processor.py:914} INFO - Processing file /home/airflow/.local/lib/python3.12/site-packages/airflow/example_dags/example_branch_labels.py for tasks to queue
[2025-03-04T17:38:22.852+0000] {logging_mixin.py:190} INFO - [2025-03-04T17:38:22.851+0000] {dagbag.py:588} INFO - Filling up the DagBag from /home/airflow/.local/lib/python3.12/site-packages/airflow/example_dags/example_branch_labels.py
[2025-03-04T17:38:22.862+0000] {processor.py:925} INFO - DAG(s) 'example_branch_labels' retrieved from /home/airflow/.local/lib/python3.12/site-packages/airflow/example_dags/example_branch_labels.py
[2025-03-04T17:38:22.884+0000] {logging_mixin.py:190} INFO - [2025-03-04T17:38:22.883+0000] {dag.py:3239} INFO - Sync 1 DAGs
[2025-03-04T17:38:22.911+0000] {logging_mixin.py:190} INFO - [2025-03-04T17:38:22.911+0000] {dag.py:4180} INFO - Setting next_dagrun for example_branch_labels to 2025-03-03 00:00:00+00:00, run_after=2025-03-04 00:00:00+00:00
[2025-03-04T17:38:22.934+0000] {processor.py:208} INFO - Processing /home/airflow/.local/lib/python3.12/site-packages/airflow/example_dags/example_branch_labels.py took 0.092 seconds
[2025-03-04T17:38:53.655+0000] {processor.py:186} INFO - Started process (PID=6469) to work on /home/airflow/.local/lib/python3.12/site-packages/airflow/example_dags/example_branch_labels.py
[2025-03-04T17:38:53.657+0000] {processor.py:914} INFO - Processing file /home/airflow/.local/lib/python3.12/site-packages/airflow/example_dags/example_branch_labels.py for tasks to queue
[2025-03-04T17:38:53.659+0000] {logging_mixin.py:190} INFO - [2025-03-04T17:38:53.659+0000] {dagbag.py:588} INFO - Filling up the DagBag from /home/airflow/.local/lib/python3.12/site-packages/airflow/example_dags/example_branch_labels.py
[2025-03-04T17:38:53.671+0000] {processor.py:925} INFO - DAG(s) 'example_branch_labels' retrieved from /home/airflow/.local/lib/python3.12/site-packages/airflow/example_dags/example_branch_labels.py
[2025-03-04T17:38:53.695+0000] {logging_mixin.py:190} INFO - [2025-03-04T17:38:53.694+0000] {dag.py:3239} INFO - Sync 1 DAGs
[2025-03-04T17:38:53.724+0000] {logging_mixin.py:190} INFO - [2025-03-04T17:38:53.724+0000] {dag.py:4180} INFO - Setting next_dagrun for example_branch_labels to 2025-03-03 00:00:00+00:00, run_after=2025-03-04 00:00:00+00:00
[2025-03-04T17:38:53.747+0000] {processor.py:208} INFO - Processing /home/airflow/.local/lib/python3.12/site-packages/airflow/example_dags/example_branch_labels.py took 0.098 seconds
[2025-03-04T17:39:24.182+0000] {processor.py:186} INFO - Started process (PID=6774) to work on /home/airflow/.local/lib/python3.12/site-packages/airflow/example_dags/example_branch_labels.py
[2025-03-04T17:39:24.184+0000] {processor.py:914} INFO - Processing file /home/airflow/.local/lib/python3.12/site-packages/airflow/example_dags/example_branch_labels.py for tasks to queue
[2025-03-04T17:39:24.187+0000] {logging_mixin.py:190} INFO - [2025-03-04T17:39:24.186+0000] {dagbag.py:588} INFO - Filling up the DagBag from /home/airflow/.local/lib/python3.12/site-packages/airflow/example_dags/example_branch_labels.py
[2025-03-04T17:39:24.203+0000] {processor.py:925} INFO - DAG(s) 'example_branch_labels' retrieved from /home/airflow/.local/lib/python3.12/site-packages/airflow/example_dags/example_branch_labels.py
[2025-03-04T17:39:24.228+0000] {logging_mixin.py:190} INFO - [2025-03-04T17:39:24.228+0000] {dag.py:3239} INFO - Sync 1 DAGs
[2025-03-04T17:39:24.257+0000] {logging_mixin.py:190} INFO - [2025-03-04T17:39:24.257+0000] {dag.py:4180} INFO - Setting next_dagrun for example_branch_labels to 2025-03-03 00:00:00+00:00, run_after=2025-03-04 00:00:00+00:00
[2025-03-04T17:39:24.284+0000] {processor.py:208} INFO - Processing /home/airflow/.local/lib/python3.12/site-packages/airflow/example_dags/example_branch_labels.py took 0.109 seconds
[2025-03-04T17:39:54.934+0000] {processor.py:186} INFO - Started process (PID=7083) to work on /home/airflow/.local/lib/python3.12/site-packages/airflow/example_dags/example_branch_labels.py
[2025-03-04T17:39:54.935+0000] {processor.py:914} INFO - Processing file /home/airflow/.local/lib/python3.12/site-packages/airflow/example_dags/example_branch_labels.py for tasks to queue
[2025-03-04T17:39:54.938+0000] {logging_mixin.py:190} INFO - [2025-03-04T17:39:54.937+0000] {dagbag.py:588} INFO - Filling up the DagBag from /home/airflow/.local/lib/python3.12/site-packages/airflow/example_dags/example_branch_labels.py
[2025-03-04T17:39:54.949+0000] {processor.py:925} INFO - DAG(s) 'example_branch_labels' retrieved from /home/airflow/.local/lib/python3.12/site-packages/airflow/example_dags/example_branch_labels.py
[2025-03-04T17:39:54.981+0000] {logging_mixin.py:190} INFO - [2025-03-04T17:39:54.980+0000] {dag.py:3239} INFO - Sync 1 DAGs
[2025-03-04T17:39:55.011+0000] {logging_mixin.py:190} INFO - [2025-03-04T17:39:55.011+0000] {dag.py:4180} INFO - Setting next_dagrun for example_branch_labels to 2025-03-03 00:00:00+00:00, run_after=2025-03-04 00:00:00+00:00
[2025-03-04T17:39:55.035+0000] {processor.py:208} INFO - Processing /home/airflow/.local/lib/python3.12/site-packages/airflow/example_dags/example_branch_labels.py took 0.107 seconds
[2025-03-04T17:40:25.240+0000] {processor.py:186} INFO - Started process (PID=7392) to work on /home/airflow/.local/lib/python3.12/site-packages/airflow/example_dags/example_branch_labels.py
[2025-03-04T17:40:25.241+0000] {processor.py:914} INFO - Processing file /home/airflow/.local/lib/python3.12/site-packages/airflow/example_dags/example_branch_labels.py for tasks to queue
[2025-03-04T17:40:25.244+0000] {logging_mixin.py:190} INFO - [2025-03-04T17:40:25.243+0000] {dagbag.py:588} INFO - Filling up the DagBag from /home/airflow/.local/lib/python3.12/site-packages/airflow/example_dags/example_branch_labels.py
[2025-03-04T17:40:25.255+0000] {processor.py:925} INFO - DAG(s) 'example_branch_labels' retrieved from /home/airflow/.local/lib/python3.12/site-packages/airflow/example_dags/example_branch_labels.py
[2025-03-04T17:40:25.280+0000] {logging_mixin.py:190} INFO - [2025-03-04T17:40:25.279+0000] {dag.py:3239} INFO - Sync 1 DAGs
[2025-03-04T17:40:25.322+0000] {logging_mixin.py:190} INFO - [2025-03-04T17:40:25.322+0000] {dag.py:4180} INFO - Setting next_dagrun for example_branch_labels to 2025-03-03 00:00:00+00:00, run_after=2025-03-04 00:00:00+00:00
[2025-03-04T17:40:25.349+0000] {processor.py:208} INFO - Processing /home/airflow/.local/lib/python3.12/site-packages/airflow/example_dags/example_branch_labels.py took 0.116 seconds
[2025-03-04T17:40:55.864+0000] {processor.py:186} INFO - Started process (PID=7698) to work on /home/airflow/.local/lib/python3.12/site-packages/airflow/example_dags/example_branch_labels.py
[2025-03-04T17:40:55.865+0000] {processor.py:914} INFO - Processing file /home/airflow/.local/lib/python3.12/site-packages/airflow/example_dags/example_branch_labels.py for tasks to queue
[2025-03-04T17:40:55.870+0000] {logging_mixin.py:190} INFO - [2025-03-04T17:40:55.869+0000] {dagbag.py:588} INFO - Filling up the DagBag from /home/airflow/.local/lib/python3.12/site-packages/airflow/example_dags/example_branch_labels.py
[2025-03-04T17:40:55.881+0000] {processor.py:925} INFO - DAG(s) 'example_branch_labels' retrieved from /home/airflow/.local/lib/python3.12/site-packages/airflow/example_dags/example_branch_labels.py
[2025-03-04T17:40:55.905+0000] {logging_mixin.py:190} INFO - [2025-03-04T17:40:55.904+0000] {dag.py:3239} INFO - Sync 1 DAGs
[2025-03-04T17:40:55.932+0000] {logging_mixin.py:190} INFO - [2025-03-04T17:40:55.932+0000] {dag.py:4180} INFO - Setting next_dagrun for example_branch_labels to 2025-03-03 00:00:00+00:00, run_after=2025-03-04 00:00:00+00:00
[2025-03-04T17:40:55.955+0000] {processor.py:208} INFO - Processing /home/airflow/.local/lib/python3.12/site-packages/airflow/example_dags/example_branch_labels.py took 0.099 seconds
[2025-03-04T17:41:26.492+0000] {processor.py:186} INFO - Started process (PID=8006) to work on /home/airflow/.local/lib/python3.12/site-packages/airflow/example_dags/example_branch_labels.py
[2025-03-04T17:41:26.493+0000] {processor.py:914} INFO - Processing file /home/airflow/.local/lib/python3.12/site-packages/airflow/example_dags/example_branch_labels.py for tasks to queue
[2025-03-04T17:41:26.496+0000] {logging_mixin.py:190} INFO - [2025-03-04T17:41:26.496+0000] {dagbag.py:588} INFO - Filling up the DagBag from /home/airflow/.local/lib/python3.12/site-packages/airflow/example_dags/example_branch_labels.py
[2025-03-04T17:41:26.511+0000] {processor.py:925} INFO - DAG(s) 'example_branch_labels' retrieved from /home/airflow/.local/lib/python3.12/site-packages/airflow/example_dags/example_branch_labels.py
[2025-03-04T17:41:26.538+0000] {logging_mixin.py:190} INFO - [2025-03-04T17:41:26.538+0000] {dag.py:3239} INFO - Sync 1 DAGs
[2025-03-04T17:41:26.567+0000] {logging_mixin.py:190} INFO - [2025-03-04T17:41:26.567+0000] {dag.py:4180} INFO - Setting next_dagrun for example_branch_labels to 2025-03-03 00:00:00+00:00, run_after=2025-03-04 00:00:00+00:00
[2025-03-04T17:41:26.591+0000] {processor.py:208} INFO - Processing /home/airflow/.local/lib/python3.12/site-packages/airflow/example_dags/example_branch_labels.py took 0.107 seconds
[2025-03-04T17:41:56.783+0000] {processor.py:186} INFO - Started process (PID=8312) to work on /home/airflow/.local/lib/python3.12/site-packages/airflow/example_dags/example_branch_labels.py
[2025-03-04T17:41:56.785+0000] {processor.py:914} INFO - Processing file /home/airflow/.local/lib/python3.12/site-packages/airflow/example_dags/example_branch_labels.py for tasks to queue
[2025-03-04T17:41:56.787+0000] {logging_mixin.py:190} INFO - [2025-03-04T17:41:56.787+0000] {dagbag.py:588} INFO - Filling up the DagBag from /home/airflow/.local/lib/python3.12/site-packages/airflow/example_dags/example_branch_labels.py
[2025-03-04T17:41:56.798+0000] {processor.py:925} INFO - DAG(s) 'example_branch_labels' retrieved from /home/airflow/.local/lib/python3.12/site-packages/airflow/example_dags/example_branch_labels.py
[2025-03-04T17:41:56.821+0000] {logging_mixin.py:190} INFO - [2025-03-04T17:41:56.821+0000] {dag.py:3239} INFO - Sync 1 DAGs
[2025-03-04T17:41:56.851+0000] {logging_mixin.py:190} INFO - [2025-03-04T17:41:56.851+0000] {dag.py:4180} INFO - Setting next_dagrun for example_branch_labels to 2025-03-03 00:00:00+00:00, run_after=2025-03-04 00:00:00+00:00
[2025-03-04T17:41:56.877+0000] {processor.py:208} INFO - Processing /home/airflow/.local/lib/python3.12/site-packages/airflow/example_dags/example_branch_labels.py took 0.100 seconds
[2025-03-04T17:43:17.310+0000] {processor.py:186} INFO - Started process (PID=263) to work on /home/airflow/.local/lib/python3.12/site-packages/airflow/example_dags/example_branch_labels.py
[2025-03-04T17:43:17.311+0000] {processor.py:914} INFO - Processing file /home/airflow/.local/lib/python3.12/site-packages/airflow/example_dags/example_branch_labels.py for tasks to queue
[2025-03-04T17:43:17.314+0000] {logging_mixin.py:190} INFO - [2025-03-04T17:43:17.314+0000] {dagbag.py:588} INFO - Filling up the DagBag from /home/airflow/.local/lib/python3.12/site-packages/airflow/example_dags/example_branch_labels.py
[2025-03-04T17:43:17.324+0000] {processor.py:925} INFO - DAG(s) 'example_branch_labels' retrieved from /home/airflow/.local/lib/python3.12/site-packages/airflow/example_dags/example_branch_labels.py
[2025-03-04T17:43:17.352+0000] {logging_mixin.py:190} INFO - [2025-03-04T17:43:17.352+0000] {dag.py:3239} INFO - Sync 1 DAGs
[2025-03-04T17:43:17.389+0000] {logging_mixin.py:190} INFO - [2025-03-04T17:43:17.389+0000] {dag.py:4180} INFO - Setting next_dagrun for example_branch_labels to 2025-03-03 00:00:00+00:00, run_after=2025-03-04 00:00:00+00:00
[2025-03-04T17:43:17.409+0000] {processor.py:208} INFO - Processing /home/airflow/.local/lib/python3.12/site-packages/airflow/example_dags/example_branch_labels.py took 0.105 seconds
[2025-03-04T17:43:48.519+0000] {processor.py:186} INFO - Started process (PID=575) to work on /home/airflow/.local/lib/python3.12/site-packages/airflow/example_dags/example_branch_labels.py
[2025-03-04T17:43:48.520+0000] {processor.py:914} INFO - Processing file /home/airflow/.local/lib/python3.12/site-packages/airflow/example_dags/example_branch_labels.py for tasks to queue
[2025-03-04T17:43:48.523+0000] {logging_mixin.py:190} INFO - [2025-03-04T17:43:48.522+0000] {dagbag.py:588} INFO - Filling up the DagBag from /home/airflow/.local/lib/python3.12/site-packages/airflow/example_dags/example_branch_labels.py
[2025-03-04T17:43:48.534+0000] {processor.py:925} INFO - DAG(s) 'example_branch_labels' retrieved from /home/airflow/.local/lib/python3.12/site-packages/airflow/example_dags/example_branch_labels.py
[2025-03-04T17:43:48.558+0000] {logging_mixin.py:190} INFO - [2025-03-04T17:43:48.558+0000] {dag.py:3239} INFO - Sync 1 DAGs
[2025-03-04T17:43:48.593+0000] {logging_mixin.py:190} INFO - [2025-03-04T17:43:48.593+0000] {dag.py:4180} INFO - Setting next_dagrun for example_branch_labels to 2025-03-03 00:00:00+00:00, run_after=2025-03-04 00:00:00+00:00
[2025-03-04T17:43:48.617+0000] {processor.py:208} INFO - Processing /home/airflow/.local/lib/python3.12/site-packages/airflow/example_dags/example_branch_labels.py took 0.104 seconds
[2025-03-04T17:44:18.983+0000] {processor.py:186} INFO - Started process (PID=876) to work on /home/airflow/.local/lib/python3.12/site-packages/airflow/example_dags/example_branch_labels.py
[2025-03-04T17:44:18.984+0000] {processor.py:914} INFO - Processing file /home/airflow/.local/lib/python3.12/site-packages/airflow/example_dags/example_branch_labels.py for tasks to queue
[2025-03-04T17:44:18.987+0000] {logging_mixin.py:190} INFO - [2025-03-04T17:44:18.986+0000] {dagbag.py:588} INFO - Filling up the DagBag from /home/airflow/.local/lib/python3.12/site-packages/airflow/example_dags/example_branch_labels.py
[2025-03-04T17:44:18.998+0000] {processor.py:925} INFO - DAG(s) 'example_branch_labels' retrieved from /home/airflow/.local/lib/python3.12/site-packages/airflow/example_dags/example_branch_labels.py
[2025-03-04T17:44:19.022+0000] {logging_mixin.py:190} INFO - [2025-03-04T17:44:19.022+0000] {dag.py:3239} INFO - Sync 1 DAGs
[2025-03-04T17:44:19.059+0000] {logging_mixin.py:190} INFO - [2025-03-04T17:44:19.059+0000] {dag.py:4180} INFO - Setting next_dagrun for example_branch_labels to 2025-03-03 00:00:00+00:00, run_after=2025-03-04 00:00:00+00:00
[2025-03-04T17:44:19.084+0000] {processor.py:208} INFO - Processing /home/airflow/.local/lib/python3.12/site-packages/airflow/example_dags/example_branch_labels.py took 0.107 seconds
[2025-03-04T17:44:49.166+0000] {processor.py:186} INFO - Started process (PID=1182) to work on /home/airflow/.local/lib/python3.12/site-packages/airflow/example_dags/example_branch_labels.py
[2025-03-04T17:44:49.167+0000] {processor.py:914} INFO - Processing file /home/airflow/.local/lib/python3.12/site-packages/airflow/example_dags/example_branch_labels.py for tasks to queue
[2025-03-04T17:44:49.170+0000] {logging_mixin.py:190} INFO - [2025-03-04T17:44:49.169+0000] {dagbag.py:588} INFO - Filling up the DagBag from /home/airflow/.local/lib/python3.12/site-packages/airflow/example_dags/example_branch_labels.py
[2025-03-04T17:44:49.184+0000] {processor.py:925} INFO - DAG(s) 'example_branch_labels' retrieved from /home/airflow/.local/lib/python3.12/site-packages/airflow/example_dags/example_branch_labels.py
[2025-03-04T17:44:49.208+0000] {logging_mixin.py:190} INFO - [2025-03-04T17:44:49.208+0000] {dag.py:3239} INFO - Sync 1 DAGs
[2025-03-04T17:44:49.239+0000] {logging_mixin.py:190} INFO - [2025-03-04T17:44:49.239+0000] {dag.py:4180} INFO - Setting next_dagrun for example_branch_labels to 2025-03-03 00:00:00+00:00, run_after=2025-03-04 00:00:00+00:00
[2025-03-04T17:44:49.262+0000] {processor.py:208} INFO - Processing /home/airflow/.local/lib/python3.12/site-packages/airflow/example_dags/example_branch_labels.py took 0.104 seconds
[2025-03-04T17:45:19.471+0000] {processor.py:186} INFO - Started process (PID=1488) to work on /home/airflow/.local/lib/python3.12/site-packages/airflow/example_dags/example_branch_labels.py
[2025-03-04T17:45:19.472+0000] {processor.py:914} INFO - Processing file /home/airflow/.local/lib/python3.12/site-packages/airflow/example_dags/example_branch_labels.py for tasks to queue
[2025-03-04T17:45:19.475+0000] {logging_mixin.py:190} INFO - [2025-03-04T17:45:19.474+0000] {dagbag.py:588} INFO - Filling up the DagBag from /home/airflow/.local/lib/python3.12/site-packages/airflow/example_dags/example_branch_labels.py
[2025-03-04T17:45:19.485+0000] {processor.py:925} INFO - DAG(s) 'example_branch_labels' retrieved from /home/airflow/.local/lib/python3.12/site-packages/airflow/example_dags/example_branch_labels.py
[2025-03-04T17:45:19.509+0000] {logging_mixin.py:190} INFO - [2025-03-04T17:45:19.508+0000] {dag.py:3239} INFO - Sync 1 DAGs
[2025-03-04T17:45:19.536+0000] {logging_mixin.py:190} INFO - [2025-03-04T17:45:19.535+0000] {dag.py:4180} INFO - Setting next_dagrun for example_branch_labels to 2025-03-03 00:00:00+00:00, run_after=2025-03-04 00:00:00+00:00
[2025-03-04T17:45:19.557+0000] {processor.py:208} INFO - Processing /home/airflow/.local/lib/python3.12/site-packages/airflow/example_dags/example_branch_labels.py took 0.092 seconds
[2025-03-04T17:45:49.912+0000] {processor.py:186} INFO - Started process (PID=1794) to work on /home/airflow/.local/lib/python3.12/site-packages/airflow/example_dags/example_branch_labels.py
[2025-03-04T17:45:49.913+0000] {processor.py:914} INFO - Processing file /home/airflow/.local/lib/python3.12/site-packages/airflow/example_dags/example_branch_labels.py for tasks to queue
[2025-03-04T17:45:49.916+0000] {logging_mixin.py:190} INFO - [2025-03-04T17:45:49.916+0000] {dagbag.py:588} INFO - Filling up the DagBag from /home/airflow/.local/lib/python3.12/site-packages/airflow/example_dags/example_branch_labels.py
[2025-03-04T17:45:49.931+0000] {processor.py:925} INFO - DAG(s) 'example_branch_labels' retrieved from /home/airflow/.local/lib/python3.12/site-packages/airflow/example_dags/example_branch_labels.py
[2025-03-04T17:45:49.955+0000] {logging_mixin.py:190} INFO - [2025-03-04T17:45:49.954+0000] {dag.py:3239} INFO - Sync 1 DAGs
[2025-03-04T17:45:49.984+0000] {logging_mixin.py:190} INFO - [2025-03-04T17:45:49.984+0000] {dag.py:4180} INFO - Setting next_dagrun for example_branch_labels to 2025-03-03 00:00:00+00:00, run_after=2025-03-04 00:00:00+00:00
[2025-03-04T17:45:50.008+0000] {processor.py:208} INFO - Processing /home/airflow/.local/lib/python3.12/site-packages/airflow/example_dags/example_branch_labels.py took 0.105 seconds
[2025-03-04T17:46:20.110+0000] {processor.py:186} INFO - Started process (PID=2100) to work on /home/airflow/.local/lib/python3.12/site-packages/airflow/example_dags/example_branch_labels.py
[2025-03-04T17:46:20.111+0000] {processor.py:914} INFO - Processing file /home/airflow/.local/lib/python3.12/site-packages/airflow/example_dags/example_branch_labels.py for tasks to queue
[2025-03-04T17:46:20.113+0000] {logging_mixin.py:190} INFO - [2025-03-04T17:46:20.113+0000] {dagbag.py:588} INFO - Filling up the DagBag from /home/airflow/.local/lib/python3.12/site-packages/airflow/example_dags/example_branch_labels.py
[2025-03-04T17:46:20.127+0000] {processor.py:925} INFO - DAG(s) 'example_branch_labels' retrieved from /home/airflow/.local/lib/python3.12/site-packages/airflow/example_dags/example_branch_labels.py
[2025-03-04T17:46:20.150+0000] {logging_mixin.py:190} INFO - [2025-03-04T17:46:20.150+0000] {dag.py:3239} INFO - Sync 1 DAGs
[2025-03-04T17:46:20.177+0000] {logging_mixin.py:190} INFO - [2025-03-04T17:46:20.177+0000] {dag.py:4180} INFO - Setting next_dagrun for example_branch_labels to 2025-03-03 00:00:00+00:00, run_after=2025-03-04 00:00:00+00:00
[2025-03-04T17:46:20.197+0000] {processor.py:208} INFO - Processing /home/airflow/.local/lib/python3.12/site-packages/airflow/example_dags/example_branch_labels.py took 0.093 seconds
[2025-03-04T17:46:50.927+0000] {processor.py:186} INFO - Started process (PID=2406) to work on /home/airflow/.local/lib/python3.12/site-packages/airflow/example_dags/example_branch_labels.py
[2025-03-04T17:46:50.928+0000] {processor.py:914} INFO - Processing file /home/airflow/.local/lib/python3.12/site-packages/airflow/example_dags/example_branch_labels.py for tasks to queue
[2025-03-04T17:46:50.930+0000] {logging_mixin.py:190} INFO - [2025-03-04T17:46:50.930+0000] {dagbag.py:588} INFO - Filling up the DagBag from /home/airflow/.local/lib/python3.12/site-packages/airflow/example_dags/example_branch_labels.py
[2025-03-04T17:46:50.941+0000] {processor.py:925} INFO - DAG(s) 'example_branch_labels' retrieved from /home/airflow/.local/lib/python3.12/site-packages/airflow/example_dags/example_branch_labels.py
[2025-03-04T17:46:50.965+0000] {logging_mixin.py:190} INFO - [2025-03-04T17:46:50.964+0000] {dag.py:3239} INFO - Sync 1 DAGs
[2025-03-04T17:46:50.994+0000] {logging_mixin.py:190} INFO - [2025-03-04T17:46:50.994+0000] {dag.py:4180} INFO - Setting next_dagrun for example_branch_labels to 2025-03-03 00:00:00+00:00, run_after=2025-03-04 00:00:00+00:00
[2025-03-04T17:46:51.014+0000] {processor.py:208} INFO - Processing /home/airflow/.local/lib/python3.12/site-packages/airflow/example_dags/example_branch_labels.py took 0.093 seconds
[2025-03-04T17:47:21.944+0000] {processor.py:186} INFO - Started process (PID=2712) to work on /home/airflow/.local/lib/python3.12/site-packages/airflow/example_dags/example_branch_labels.py
[2025-03-04T17:47:21.945+0000] {processor.py:914} INFO - Processing file /home/airflow/.local/lib/python3.12/site-packages/airflow/example_dags/example_branch_labels.py for tasks to queue
[2025-03-04T17:47:21.948+0000] {logging_mixin.py:190} INFO - [2025-03-04T17:47:21.948+0000] {dagbag.py:588} INFO - Filling up the DagBag from /home/airflow/.local/lib/python3.12/site-packages/airflow/example_dags/example_branch_labels.py
[2025-03-04T17:47:21.958+0000] {processor.py:925} INFO - DAG(s) 'example_branch_labels' retrieved from /home/airflow/.local/lib/python3.12/site-packages/airflow/example_dags/example_branch_labels.py
[2025-03-04T17:47:22.006+0000] {logging_mixin.py:190} INFO - [2025-03-04T17:47:22.005+0000] {dag.py:3239} INFO - Sync 1 DAGs
[2025-03-04T17:47:22.036+0000] {logging_mixin.py:190} INFO - [2025-03-04T17:47:22.035+0000] {dag.py:4180} INFO - Setting next_dagrun for example_branch_labels to 2025-03-03 00:00:00+00:00, run_after=2025-03-04 00:00:00+00:00
[2025-03-04T17:47:22.061+0000] {processor.py:208} INFO - Processing /home/airflow/.local/lib/python3.12/site-packages/airflow/example_dags/example_branch_labels.py took 0.123 seconds
[2025-03-04T17:47:52.644+0000] {processor.py:186} INFO - Started process (PID=3018) to work on /home/airflow/.local/lib/python3.12/site-packages/airflow/example_dags/example_branch_labels.py
[2025-03-04T17:47:52.646+0000] {processor.py:914} INFO - Processing file /home/airflow/.local/lib/python3.12/site-packages/airflow/example_dags/example_branch_labels.py for tasks to queue
[2025-03-04T17:47:52.648+0000] {logging_mixin.py:190} INFO - [2025-03-04T17:47:52.648+0000] {dagbag.py:588} INFO - Filling up the DagBag from /home/airflow/.local/lib/python3.12/site-packages/airflow/example_dags/example_branch_labels.py
[2025-03-04T17:47:52.660+0000] {processor.py:925} INFO - DAG(s) 'example_branch_labels' retrieved from /home/airflow/.local/lib/python3.12/site-packages/airflow/example_dags/example_branch_labels.py
[2025-03-04T17:47:52.684+0000] {logging_mixin.py:190} INFO - [2025-03-04T17:47:52.684+0000] {dag.py:3239} INFO - Sync 1 DAGs
[2025-03-04T17:47:52.713+0000] {logging_mixin.py:190} INFO - [2025-03-04T17:47:52.713+0000] {dag.py:4180} INFO - Setting next_dagrun for example_branch_labels to 2025-03-03 00:00:00+00:00, run_after=2025-03-04 00:00:00+00:00
[2025-03-04T17:47:52.740+0000] {processor.py:208} INFO - Processing /home/airflow/.local/lib/python3.12/site-packages/airflow/example_dags/example_branch_labels.py took 0.103 seconds
[2025-03-04T17:48:23.033+0000] {processor.py:186} INFO - Started process (PID=3325) to work on /home/airflow/.local/lib/python3.12/site-packages/airflow/example_dags/example_branch_labels.py
[2025-03-04T17:48:23.035+0000] {processor.py:914} INFO - Processing file /home/airflow/.local/lib/python3.12/site-packages/airflow/example_dags/example_branch_labels.py for tasks to queue
[2025-03-04T17:48:23.037+0000] {logging_mixin.py:190} INFO - [2025-03-04T17:48:23.037+0000] {dagbag.py:588} INFO - Filling up the DagBag from /home/airflow/.local/lib/python3.12/site-packages/airflow/example_dags/example_branch_labels.py
[2025-03-04T17:48:23.048+0000] {processor.py:925} INFO - DAG(s) 'example_branch_labels' retrieved from /home/airflow/.local/lib/python3.12/site-packages/airflow/example_dags/example_branch_labels.py
[2025-03-04T17:48:23.070+0000] {logging_mixin.py:190} INFO - [2025-03-04T17:48:23.070+0000] {dag.py:3239} INFO - Sync 1 DAGs
[2025-03-04T17:48:23.097+0000] {logging_mixin.py:190} INFO - [2025-03-04T17:48:23.097+0000] {dag.py:4180} INFO - Setting next_dagrun for example_branch_labels to 2025-03-03 00:00:00+00:00, run_after=2025-03-04 00:00:00+00:00
[2025-03-04T17:48:23.120+0000] {processor.py:208} INFO - Processing /home/airflow/.local/lib/python3.12/site-packages/airflow/example_dags/example_branch_labels.py took 0.094 seconds
[2025-03-04T17:48:53.692+0000] {processor.py:186} INFO - Started process (PID=3636) to work on /home/airflow/.local/lib/python3.12/site-packages/airflow/example_dags/example_branch_labels.py
[2025-03-04T17:48:53.693+0000] {processor.py:914} INFO - Processing file /home/airflow/.local/lib/python3.12/site-packages/airflow/example_dags/example_branch_labels.py for tasks to queue
[2025-03-04T17:48:53.696+0000] {logging_mixin.py:190} INFO - [2025-03-04T17:48:53.696+0000] {dagbag.py:588} INFO - Filling up the DagBag from /home/airflow/.local/lib/python3.12/site-packages/airflow/example_dags/example_branch_labels.py
[2025-03-04T17:48:53.712+0000] {processor.py:925} INFO - DAG(s) 'example_branch_labels' retrieved from /home/airflow/.local/lib/python3.12/site-packages/airflow/example_dags/example_branch_labels.py
[2025-03-04T17:48:53.739+0000] {logging_mixin.py:190} INFO - [2025-03-04T17:48:53.739+0000] {dag.py:3239} INFO - Sync 1 DAGs
[2025-03-04T17:48:53.769+0000] {logging_mixin.py:190} INFO - [2025-03-04T17:48:53.768+0000] {dag.py:4180} INFO - Setting next_dagrun for example_branch_labels to 2025-03-03 00:00:00+00:00, run_after=2025-03-04 00:00:00+00:00
[2025-03-04T17:48:53.793+0000] {processor.py:208} INFO - Processing /home/airflow/.local/lib/python3.12/site-packages/airflow/example_dags/example_branch_labels.py took 0.108 seconds
[2025-03-04T17:49:24.426+0000] {processor.py:186} INFO - Started process (PID=3940) to work on /home/airflow/.local/lib/python3.12/site-packages/airflow/example_dags/example_branch_labels.py
[2025-03-04T17:49:24.427+0000] {processor.py:914} INFO - Processing file /home/airflow/.local/lib/python3.12/site-packages/airflow/example_dags/example_branch_labels.py for tasks to queue
[2025-03-04T17:49:24.430+0000] {logging_mixin.py:190} INFO - [2025-03-04T17:49:24.430+0000] {dagbag.py:588} INFO - Filling up the DagBag from /home/airflow/.local/lib/python3.12/site-packages/airflow/example_dags/example_branch_labels.py
[2025-03-04T17:49:24.441+0000] {processor.py:925} INFO - DAG(s) 'example_branch_labels' retrieved from /home/airflow/.local/lib/python3.12/site-packages/airflow/example_dags/example_branch_labels.py
[2025-03-04T17:49:24.463+0000] {logging_mixin.py:190} INFO - [2025-03-04T17:49:24.463+0000] {dag.py:3239} INFO - Sync 1 DAGs
[2025-03-04T17:49:24.491+0000] {logging_mixin.py:190} INFO - [2025-03-04T17:49:24.490+0000] {dag.py:4180} INFO - Setting next_dagrun for example_branch_labels to 2025-03-03 00:00:00+00:00, run_after=2025-03-04 00:00:00+00:00
[2025-03-04T17:49:24.514+0000] {processor.py:208} INFO - Processing /home/airflow/.local/lib/python3.12/site-packages/airflow/example_dags/example_branch_labels.py took 0.103 seconds
[2025-03-04T17:52:39.299+0000] {processor.py:186} INFO - Started process (PID=263) to work on /home/airflow/.local/lib/python3.12/site-packages/airflow/example_dags/example_branch_labels.py
[2025-03-04T17:52:39.301+0000] {processor.py:914} INFO - Processing file /home/airflow/.local/lib/python3.12/site-packages/airflow/example_dags/example_branch_labels.py for tasks to queue
[2025-03-04T17:52:39.303+0000] {logging_mixin.py:190} INFO - [2025-03-04T17:52:39.303+0000] {dagbag.py:588} INFO - Filling up the DagBag from /home/airflow/.local/lib/python3.12/site-packages/airflow/example_dags/example_branch_labels.py
[2025-03-04T17:52:39.314+0000] {processor.py:925} INFO - DAG(s) 'example_branch_labels' retrieved from /home/airflow/.local/lib/python3.12/site-packages/airflow/example_dags/example_branch_labels.py
[2025-03-04T17:52:39.342+0000] {logging_mixin.py:190} INFO - [2025-03-04T17:52:39.342+0000] {dag.py:3239} INFO - Sync 1 DAGs
[2025-03-04T17:52:39.368+0000] {logging_mixin.py:190} INFO - [2025-03-04T17:52:39.368+0000] {dag.py:4180} INFO - Setting next_dagrun for example_branch_labels to 2025-03-03 00:00:00+00:00, run_after=2025-03-04 00:00:00+00:00
[2025-03-04T17:52:39.391+0000] {processor.py:208} INFO - Processing /home/airflow/.local/lib/python3.12/site-packages/airflow/example_dags/example_branch_labels.py took 0.098 seconds
[2025-03-04T17:53:10.294+0000] {processor.py:186} INFO - Started process (PID=575) to work on /home/airflow/.local/lib/python3.12/site-packages/airflow/example_dags/example_branch_labels.py
[2025-03-04T17:53:10.295+0000] {processor.py:914} INFO - Processing file /home/airflow/.local/lib/python3.12/site-packages/airflow/example_dags/example_branch_labels.py for tasks to queue
[2025-03-04T17:53:10.298+0000] {logging_mixin.py:190} INFO - [2025-03-04T17:53:10.297+0000] {dagbag.py:588} INFO - Filling up the DagBag from /home/airflow/.local/lib/python3.12/site-packages/airflow/example_dags/example_branch_labels.py
[2025-03-04T17:53:10.309+0000] {processor.py:925} INFO - DAG(s) 'example_branch_labels' retrieved from /home/airflow/.local/lib/python3.12/site-packages/airflow/example_dags/example_branch_labels.py
[2025-03-04T17:53:10.338+0000] {logging_mixin.py:190} INFO - [2025-03-04T17:53:10.337+0000] {dag.py:3239} INFO - Sync 1 DAGs
[2025-03-04T17:53:10.366+0000] {logging_mixin.py:190} INFO - [2025-03-04T17:53:10.366+0000] {dag.py:4180} INFO - Setting next_dagrun for example_branch_labels to 2025-03-03 00:00:00+00:00, run_after=2025-03-04 00:00:00+00:00
[2025-03-04T17:53:10.393+0000] {processor.py:208} INFO - Processing /home/airflow/.local/lib/python3.12/site-packages/airflow/example_dags/example_branch_labels.py took 0.106 seconds
[2025-03-04T17:53:40.786+0000] {processor.py:186} INFO - Started process (PID=876) to work on /home/airflow/.local/lib/python3.12/site-packages/airflow/example_dags/example_branch_labels.py
[2025-03-04T17:53:40.788+0000] {processor.py:914} INFO - Processing file /home/airflow/.local/lib/python3.12/site-packages/airflow/example_dags/example_branch_labels.py for tasks to queue
[2025-03-04T17:53:40.789+0000] {logging_mixin.py:190} INFO - [2025-03-04T17:53:40.789+0000] {dagbag.py:588} INFO - Filling up the DagBag from /home/airflow/.local/lib/python3.12/site-packages/airflow/example_dags/example_branch_labels.py
[2025-03-04T17:53:40.801+0000] {processor.py:925} INFO - DAG(s) 'example_branch_labels' retrieved from /home/airflow/.local/lib/python3.12/site-packages/airflow/example_dags/example_branch_labels.py
[2025-03-04T17:53:40.847+0000] {logging_mixin.py:190} INFO - [2025-03-04T17:53:40.847+0000] {dag.py:3239} INFO - Sync 1 DAGs
[2025-03-04T17:53:40.881+0000] {logging_mixin.py:190} INFO - [2025-03-04T17:53:40.881+0000] {dag.py:4180} INFO - Setting next_dagrun for example_branch_labels to 2025-03-03 00:00:00+00:00, run_after=2025-03-04 00:00:00+00:00
[2025-03-04T17:53:40.909+0000] {processor.py:208} INFO - Processing /home/airflow/.local/lib/python3.12/site-packages/airflow/example_dags/example_branch_labels.py took 0.130 seconds
[2025-03-04T17:54:10.982+0000] {processor.py:186} INFO - Started process (PID=1179) to work on /home/airflow/.local/lib/python3.12/site-packages/airflow/example_dags/example_branch_labels.py
[2025-03-04T17:54:10.983+0000] {processor.py:914} INFO - Processing file /home/airflow/.local/lib/python3.12/site-packages/airflow/example_dags/example_branch_labels.py for tasks to queue
[2025-03-04T17:54:10.985+0000] {logging_mixin.py:190} INFO - [2025-03-04T17:54:10.985+0000] {dagbag.py:588} INFO - Filling up the DagBag from /home/airflow/.local/lib/python3.12/site-packages/airflow/example_dags/example_branch_labels.py
[2025-03-04T17:54:10.997+0000] {processor.py:925} INFO - DAG(s) 'example_branch_labels' retrieved from /home/airflow/.local/lib/python3.12/site-packages/airflow/example_dags/example_branch_labels.py
[2025-03-04T17:54:11.027+0000] {logging_mixin.py:190} INFO - [2025-03-04T17:54:11.027+0000] {dag.py:3239} INFO - Sync 1 DAGs
[2025-03-04T17:54:11.064+0000] {logging_mixin.py:190} INFO - [2025-03-04T17:54:11.064+0000] {dag.py:4180} INFO - Setting next_dagrun for example_branch_labels to 2025-03-03 00:00:00+00:00, run_after=2025-03-04 00:00:00+00:00
[2025-03-04T17:54:11.087+0000] {processor.py:208} INFO - Processing /home/airflow/.local/lib/python3.12/site-packages/airflow/example_dags/example_branch_labels.py took 0.112 seconds
[2025-03-04T17:54:41.736+0000] {processor.py:186} INFO - Started process (PID=1496) to work on /home/airflow/.local/lib/python3.12/site-packages/airflow/example_dags/example_branch_labels.py
[2025-03-04T17:54:41.737+0000] {processor.py:914} INFO - Processing file /home/airflow/.local/lib/python3.12/site-packages/airflow/example_dags/example_branch_labels.py for tasks to queue
[2025-03-04T17:54:41.738+0000] {logging_mixin.py:190} INFO - [2025-03-04T17:54:41.738+0000] {dagbag.py:588} INFO - Filling up the DagBag from /home/airflow/.local/lib/python3.12/site-packages/airflow/example_dags/example_branch_labels.py
[2025-03-04T17:54:41.749+0000] {processor.py:925} INFO - DAG(s) 'example_branch_labels' retrieved from /home/airflow/.local/lib/python3.12/site-packages/airflow/example_dags/example_branch_labels.py
[2025-03-04T17:54:41.771+0000] {logging_mixin.py:190} INFO - [2025-03-04T17:54:41.771+0000] {dag.py:3239} INFO - Sync 1 DAGs
[2025-03-04T17:54:41.801+0000] {logging_mixin.py:190} INFO - [2025-03-04T17:54:41.801+0000] {dag.py:4180} INFO - Setting next_dagrun for example_branch_labels to 2025-03-03 00:00:00+00:00, run_after=2025-03-04 00:00:00+00:00
[2025-03-04T17:54:41.823+0000] {processor.py:208} INFO - Processing /home/airflow/.local/lib/python3.12/site-packages/airflow/example_dags/example_branch_labels.py took 0.093 seconds
[2025-03-04T17:56:38.164+0000] {processor.py:186} INFO - Started process (PID=269) to work on /home/airflow/.local/lib/python3.12/site-packages/airflow/example_dags/example_branch_labels.py
[2025-03-04T17:56:38.168+0000] {processor.py:914} INFO - Processing file /home/airflow/.local/lib/python3.12/site-packages/airflow/example_dags/example_branch_labels.py for tasks to queue
[2025-03-04T17:56:38.172+0000] {logging_mixin.py:190} INFO - [2025-03-04T17:56:38.172+0000] {dagbag.py:588} INFO - Filling up the DagBag from /home/airflow/.local/lib/python3.12/site-packages/airflow/example_dags/example_branch_labels.py
[2025-03-04T17:56:38.189+0000] {processor.py:925} INFO - DAG(s) 'example_branch_labels' retrieved from /home/airflow/.local/lib/python3.12/site-packages/airflow/example_dags/example_branch_labels.py
[2025-03-04T17:56:38.219+0000] {logging_mixin.py:190} INFO - [2025-03-04T17:56:38.219+0000] {dag.py:3239} INFO - Sync 1 DAGs
[2025-03-04T17:56:38.247+0000] {logging_mixin.py:190} INFO - [2025-03-04T17:56:38.247+0000] {dag.py:4180} INFO - Setting next_dagrun for example_branch_labels to 2025-03-03 00:00:00+00:00, run_after=2025-03-04 00:00:00+00:00
[2025-03-04T17:56:38.280+0000] {processor.py:208} INFO - Processing /home/airflow/.local/lib/python3.12/site-packages/airflow/example_dags/example_branch_labels.py took 0.123 seconds
[2025-03-04T17:57:08.402+0000] {processor.py:186} INFO - Started process (PID=579) to work on /home/airflow/.local/lib/python3.12/site-packages/airflow/example_dags/example_branch_labels.py
[2025-03-04T17:57:08.403+0000] {processor.py:914} INFO - Processing file /home/airflow/.local/lib/python3.12/site-packages/airflow/example_dags/example_branch_labels.py for tasks to queue
[2025-03-04T17:57:08.405+0000] {logging_mixin.py:190} INFO - [2025-03-04T17:57:08.405+0000] {dagbag.py:588} INFO - Filling up the DagBag from /home/airflow/.local/lib/python3.12/site-packages/airflow/example_dags/example_branch_labels.py
[2025-03-04T17:57:08.416+0000] {processor.py:925} INFO - DAG(s) 'example_branch_labels' retrieved from /home/airflow/.local/lib/python3.12/site-packages/airflow/example_dags/example_branch_labels.py
[2025-03-04T17:57:08.437+0000] {logging_mixin.py:190} INFO - [2025-03-04T17:57:08.437+0000] {dag.py:3239} INFO - Sync 1 DAGs
[2025-03-04T17:57:08.463+0000] {logging_mixin.py:190} INFO - [2025-03-04T17:57:08.463+0000] {dag.py:4180} INFO - Setting next_dagrun for example_branch_labels to 2025-03-03 00:00:00+00:00, run_after=2025-03-04 00:00:00+00:00
[2025-03-04T17:57:08.483+0000] {processor.py:208} INFO - Processing /home/airflow/.local/lib/python3.12/site-packages/airflow/example_dags/example_branch_labels.py took 0.088 seconds
[2025-03-04T17:57:39.473+0000] {processor.py:186} INFO - Started process (PID=896) to work on /home/airflow/.local/lib/python3.12/site-packages/airflow/example_dags/example_branch_labels.py
[2025-03-04T17:57:39.475+0000] {processor.py:914} INFO - Processing file /home/airflow/.local/lib/python3.12/site-packages/airflow/example_dags/example_branch_labels.py for tasks to queue
[2025-03-04T17:57:39.477+0000] {logging_mixin.py:190} INFO - [2025-03-04T17:57:39.477+0000] {dagbag.py:588} INFO - Filling up the DagBag from /home/airflow/.local/lib/python3.12/site-packages/airflow/example_dags/example_branch_labels.py
[2025-03-04T17:57:39.489+0000] {processor.py:925} INFO - DAG(s) 'example_branch_labels' retrieved from /home/airflow/.local/lib/python3.12/site-packages/airflow/example_dags/example_branch_labels.py
[2025-03-04T17:57:39.519+0000] {logging_mixin.py:190} INFO - [2025-03-04T17:57:39.519+0000] {dag.py:3239} INFO - Sync 1 DAGs
[2025-03-04T17:57:39.549+0000] {logging_mixin.py:190} INFO - [2025-03-04T17:57:39.548+0000] {dag.py:4180} INFO - Setting next_dagrun for example_branch_labels to 2025-03-03 00:00:00+00:00, run_after=2025-03-04 00:00:00+00:00
[2025-03-04T17:57:39.576+0000] {processor.py:208} INFO - Processing /home/airflow/.local/lib/python3.12/site-packages/airflow/example_dags/example_branch_labels.py took 0.109 seconds
[2025-03-04T17:58:10.490+0000] {processor.py:186} INFO - Started process (PID=1204) to work on /home/airflow/.local/lib/python3.12/site-packages/airflow/example_dags/example_branch_labels.py
[2025-03-04T17:58:10.491+0000] {processor.py:914} INFO - Processing file /home/airflow/.local/lib/python3.12/site-packages/airflow/example_dags/example_branch_labels.py for tasks to queue
[2025-03-04T17:58:10.494+0000] {logging_mixin.py:190} INFO - [2025-03-04T17:58:10.493+0000] {dagbag.py:588} INFO - Filling up the DagBag from /home/airflow/.local/lib/python3.12/site-packages/airflow/example_dags/example_branch_labels.py
[2025-03-04T17:58:10.505+0000] {processor.py:925} INFO - DAG(s) 'example_branch_labels' retrieved from /home/airflow/.local/lib/python3.12/site-packages/airflow/example_dags/example_branch_labels.py
[2025-03-04T17:58:10.527+0000] {logging_mixin.py:190} INFO - [2025-03-04T17:58:10.527+0000] {dag.py:3239} INFO - Sync 1 DAGs
[2025-03-04T17:58:10.557+0000] {logging_mixin.py:190} INFO - [2025-03-04T17:58:10.557+0000] {dag.py:4180} INFO - Setting next_dagrun for example_branch_labels to 2025-03-03 00:00:00+00:00, run_after=2025-03-04 00:00:00+00:00
[2025-03-04T17:58:10.582+0000] {processor.py:208} INFO - Processing /home/airflow/.local/lib/python3.12/site-packages/airflow/example_dags/example_branch_labels.py took 0.099 seconds
[2025-03-04T17:58:41.551+0000] {processor.py:186} INFO - Started process (PID=1508) to work on /home/airflow/.local/lib/python3.12/site-packages/airflow/example_dags/example_branch_labels.py
[2025-03-04T17:58:41.553+0000] {processor.py:914} INFO - Processing file /home/airflow/.local/lib/python3.12/site-packages/airflow/example_dags/example_branch_labels.py for tasks to queue
[2025-03-04T17:58:41.555+0000] {logging_mixin.py:190} INFO - [2025-03-04T17:58:41.555+0000] {dagbag.py:588} INFO - Filling up the DagBag from /home/airflow/.local/lib/python3.12/site-packages/airflow/example_dags/example_branch_labels.py
[2025-03-04T17:58:41.569+0000] {processor.py:925} INFO - DAG(s) 'example_branch_labels' retrieved from /home/airflow/.local/lib/python3.12/site-packages/airflow/example_dags/example_branch_labels.py
[2025-03-04T17:58:41.600+0000] {logging_mixin.py:190} INFO - [2025-03-04T17:58:41.599+0000] {dag.py:3239} INFO - Sync 1 DAGs
[2025-03-04T17:58:41.642+0000] {logging_mixin.py:190} INFO - [2025-03-04T17:58:41.642+0000] {dag.py:4180} INFO - Setting next_dagrun for example_branch_labels to 2025-03-03 00:00:00+00:00, run_after=2025-03-04 00:00:00+00:00
[2025-03-04T17:58:41.666+0000] {processor.py:208} INFO - Processing /home/airflow/.local/lib/python3.12/site-packages/airflow/example_dags/example_branch_labels.py took 0.123 seconds
[2025-03-04T17:59:37.519+0000] {processor.py:186} INFO - Started process (PID=262) to work on /home/airflow/.local/lib/python3.12/site-packages/airflow/example_dags/example_branch_labels.py
[2025-03-04T17:59:37.521+0000] {processor.py:914} INFO - Processing file /home/airflow/.local/lib/python3.12/site-packages/airflow/example_dags/example_branch_labels.py for tasks to queue
[2025-03-04T17:59:37.523+0000] {logging_mixin.py:190} INFO - [2025-03-04T17:59:37.523+0000] {dagbag.py:588} INFO - Filling up the DagBag from /home/airflow/.local/lib/python3.12/site-packages/airflow/example_dags/example_branch_labels.py
[2025-03-04T17:59:37.534+0000] {processor.py:925} INFO - DAG(s) 'example_branch_labels' retrieved from /home/airflow/.local/lib/python3.12/site-packages/airflow/example_dags/example_branch_labels.py
[2025-03-04T17:59:37.563+0000] {logging_mixin.py:190} INFO - [2025-03-04T17:59:37.562+0000] {dag.py:3239} INFO - Sync 1 DAGs
[2025-03-04T17:59:37.590+0000] {logging_mixin.py:190} INFO - [2025-03-04T17:59:37.589+0000] {dag.py:4180} INFO - Setting next_dagrun for example_branch_labels to 2025-03-03 00:00:00+00:00, run_after=2025-03-04 00:00:00+00:00
[2025-03-04T17:59:37.609+0000] {processor.py:208} INFO - Processing /home/airflow/.local/lib/python3.12/site-packages/airflow/example_dags/example_branch_labels.py took 0.097 seconds
[2025-03-04T18:00:07.741+0000] {processor.py:186} INFO - Started process (PID=563) to work on /home/airflow/.local/lib/python3.12/site-packages/airflow/example_dags/example_branch_labels.py
[2025-03-04T18:00:07.743+0000] {processor.py:914} INFO - Processing file /home/airflow/.local/lib/python3.12/site-packages/airflow/example_dags/example_branch_labels.py for tasks to queue
[2025-03-04T18:00:07.747+0000] {logging_mixin.py:190} INFO - [2025-03-04T18:00:07.747+0000] {dagbag.py:588} INFO - Filling up the DagBag from /home/airflow/.local/lib/python3.12/site-packages/airflow/example_dags/example_branch_labels.py
[2025-03-04T18:00:07.762+0000] {processor.py:925} INFO - DAG(s) 'example_branch_labels' retrieved from /home/airflow/.local/lib/python3.12/site-packages/airflow/example_dags/example_branch_labels.py
[2025-03-04T18:00:07.795+0000] {logging_mixin.py:190} INFO - [2025-03-04T18:00:07.795+0000] {dag.py:3239} INFO - Sync 1 DAGs
[2025-03-04T18:00:07.825+0000] {logging_mixin.py:190} INFO - [2025-03-04T18:00:07.825+0000] {dag.py:4180} INFO - Setting next_dagrun for example_branch_labels to 2025-03-03 00:00:00+00:00, run_after=2025-03-04 00:00:00+00:00
[2025-03-04T18:00:07.845+0000] {processor.py:208} INFO - Processing /home/airflow/.local/lib/python3.12/site-packages/airflow/example_dags/example_branch_labels.py took 0.119 seconds
[2025-03-04T18:00:38.333+0000] {processor.py:186} INFO - Started process (PID=875) to work on /home/airflow/.local/lib/python3.12/site-packages/airflow/example_dags/example_branch_labels.py
[2025-03-04T18:00:38.334+0000] {processor.py:914} INFO - Processing file /home/airflow/.local/lib/python3.12/site-packages/airflow/example_dags/example_branch_labels.py for tasks to queue
[2025-03-04T18:00:38.336+0000] {logging_mixin.py:190} INFO - [2025-03-04T18:00:38.336+0000] {dagbag.py:588} INFO - Filling up the DagBag from /home/airflow/.local/lib/python3.12/site-packages/airflow/example_dags/example_branch_labels.py
[2025-03-04T18:00:38.347+0000] {processor.py:925} INFO - DAG(s) 'example_branch_labels' retrieved from /home/airflow/.local/lib/python3.12/site-packages/airflow/example_dags/example_branch_labels.py
[2025-03-04T18:00:38.385+0000] {logging_mixin.py:190} INFO - [2025-03-04T18:00:38.385+0000] {dag.py:3239} INFO - Sync 1 DAGs
[2025-03-04T18:00:38.417+0000] {logging_mixin.py:190} INFO - [2025-03-04T18:00:38.417+0000] {dag.py:4180} INFO - Setting next_dagrun for example_branch_labels to 2025-03-03 00:00:00+00:00, run_after=2025-03-04 00:00:00+00:00
[2025-03-04T18:00:38.442+0000] {processor.py:208} INFO - Processing /home/airflow/.local/lib/python3.12/site-packages/airflow/example_dags/example_branch_labels.py took 0.115 seconds
[2025-03-04T18:01:08.783+0000] {processor.py:186} INFO - Started process (PID=1181) to work on /home/airflow/.local/lib/python3.12/site-packages/airflow/example_dags/example_branch_labels.py
[2025-03-04T18:01:08.785+0000] {processor.py:914} INFO - Processing file /home/airflow/.local/lib/python3.12/site-packages/airflow/example_dags/example_branch_labels.py for tasks to queue
[2025-03-04T18:01:08.787+0000] {logging_mixin.py:190} INFO - [2025-03-04T18:01:08.787+0000] {dagbag.py:588} INFO - Filling up the DagBag from /home/airflow/.local/lib/python3.12/site-packages/airflow/example_dags/example_branch_labels.py
[2025-03-04T18:01:08.798+0000] {processor.py:925} INFO - DAG(s) 'example_branch_labels' retrieved from /home/airflow/.local/lib/python3.12/site-packages/airflow/example_dags/example_branch_labels.py
[2025-03-04T18:01:08.827+0000] {logging_mixin.py:190} INFO - [2025-03-04T18:01:08.826+0000] {dag.py:3239} INFO - Sync 1 DAGs
[2025-03-04T18:01:08.858+0000] {logging_mixin.py:190} INFO - [2025-03-04T18:01:08.858+0000] {dag.py:4180} INFO - Setting next_dagrun for example_branch_labels to 2025-03-03 00:00:00+00:00, run_after=2025-03-04 00:00:00+00:00
[2025-03-04T18:01:08.883+0000] {processor.py:208} INFO - Processing /home/airflow/.local/lib/python3.12/site-packages/airflow/example_dags/example_branch_labels.py took 0.106 seconds
[2025-03-04T18:01:39.810+0000] {processor.py:186} INFO - Started process (PID=1489) to work on /home/airflow/.local/lib/python3.12/site-packages/airflow/example_dags/example_branch_labels.py
[2025-03-04T18:01:39.812+0000] {processor.py:914} INFO - Processing file /home/airflow/.local/lib/python3.12/site-packages/airflow/example_dags/example_branch_labels.py for tasks to queue
[2025-03-04T18:01:39.815+0000] {logging_mixin.py:190} INFO - [2025-03-04T18:01:39.814+0000] {dagbag.py:588} INFO - Filling up the DagBag from /home/airflow/.local/lib/python3.12/site-packages/airflow/example_dags/example_branch_labels.py
[2025-03-04T18:01:39.827+0000] {processor.py:925} INFO - DAG(s) 'example_branch_labels' retrieved from /home/airflow/.local/lib/python3.12/site-packages/airflow/example_dags/example_branch_labels.py
[2025-03-04T18:01:39.859+0000] {logging_mixin.py:190} INFO - [2025-03-04T18:01:39.859+0000] {dag.py:3239} INFO - Sync 1 DAGs
[2025-03-04T18:01:39.896+0000] {logging_mixin.py:190} INFO - [2025-03-04T18:01:39.896+0000] {dag.py:4180} INFO - Setting next_dagrun for example_branch_labels to 2025-03-03 00:00:00+00:00, run_after=2025-03-04 00:00:00+00:00
[2025-03-04T18:01:39.918+0000] {processor.py:208} INFO - Processing /home/airflow/.local/lib/python3.12/site-packages/airflow/example_dags/example_branch_labels.py took 0.115 seconds
[2025-03-04T18:02:10.189+0000] {processor.py:186} INFO - Started process (PID=1793) to work on /home/airflow/.local/lib/python3.12/site-packages/airflow/example_dags/example_branch_labels.py
[2025-03-04T18:02:10.191+0000] {processor.py:914} INFO - Processing file /home/airflow/.local/lib/python3.12/site-packages/airflow/example_dags/example_branch_labels.py for tasks to queue
[2025-03-04T18:02:10.196+0000] {logging_mixin.py:190} INFO - [2025-03-04T18:02:10.195+0000] {dagbag.py:588} INFO - Filling up the DagBag from /home/airflow/.local/lib/python3.12/site-packages/airflow/example_dags/example_branch_labels.py
[2025-03-04T18:02:10.218+0000] {processor.py:925} INFO - DAG(s) 'example_branch_labels' retrieved from /home/airflow/.local/lib/python3.12/site-packages/airflow/example_dags/example_branch_labels.py
[2025-03-04T18:02:10.250+0000] {logging_mixin.py:190} INFO - [2025-03-04T18:02:10.250+0000] {dag.py:3239} INFO - Sync 1 DAGs
[2025-03-04T18:02:10.278+0000] {logging_mixin.py:190} INFO - [2025-03-04T18:02:10.278+0000] {dag.py:4180} INFO - Setting next_dagrun for example_branch_labels to 2025-03-03 00:00:00+00:00, run_after=2025-03-04 00:00:00+00:00
[2025-03-04T18:02:10.302+0000] {processor.py:208} INFO - Processing /home/airflow/.local/lib/python3.12/site-packages/airflow/example_dags/example_branch_labels.py took 0.119 seconds
[2025-03-04T18:02:40.864+0000] {processor.py:186} INFO - Started process (PID=2099) to work on /home/airflow/.local/lib/python3.12/site-packages/airflow/example_dags/example_branch_labels.py
[2025-03-04T18:02:40.866+0000] {processor.py:914} INFO - Processing file /home/airflow/.local/lib/python3.12/site-packages/airflow/example_dags/example_branch_labels.py for tasks to queue
[2025-03-04T18:02:40.868+0000] {logging_mixin.py:190} INFO - [2025-03-04T18:02:40.868+0000] {dagbag.py:588} INFO - Filling up the DagBag from /home/airflow/.local/lib/python3.12/site-packages/airflow/example_dags/example_branch_labels.py
[2025-03-04T18:02:40.879+0000] {processor.py:925} INFO - DAG(s) 'example_branch_labels' retrieved from /home/airflow/.local/lib/python3.12/site-packages/airflow/example_dags/example_branch_labels.py
[2025-03-04T18:02:40.906+0000] {logging_mixin.py:190} INFO - [2025-03-04T18:02:40.906+0000] {dag.py:3239} INFO - Sync 1 DAGs
[2025-03-04T18:02:40.934+0000] {logging_mixin.py:190} INFO - [2025-03-04T18:02:40.934+0000] {dag.py:4180} INFO - Setting next_dagrun for example_branch_labels to 2025-03-03 00:00:00+00:00, run_after=2025-03-04 00:00:00+00:00
[2025-03-04T18:02:40.959+0000] {processor.py:208} INFO - Processing /home/airflow/.local/lib/python3.12/site-packages/airflow/example_dags/example_branch_labels.py took 0.101 seconds
[2025-03-04T18:03:11.025+0000] {processor.py:186} INFO - Started process (PID=2416) to work on /home/airflow/.local/lib/python3.12/site-packages/airflow/example_dags/example_branch_labels.py
[2025-03-04T18:03:11.027+0000] {processor.py:914} INFO - Processing file /home/airflow/.local/lib/python3.12/site-packages/airflow/example_dags/example_branch_labels.py for tasks to queue
[2025-03-04T18:03:11.030+0000] {logging_mixin.py:190} INFO - [2025-03-04T18:03:11.029+0000] {dagbag.py:588} INFO - Filling up the DagBag from /home/airflow/.local/lib/python3.12/site-packages/airflow/example_dags/example_branch_labels.py
[2025-03-04T18:03:11.041+0000] {processor.py:925} INFO - DAG(s) 'example_branch_labels' retrieved from /home/airflow/.local/lib/python3.12/site-packages/airflow/example_dags/example_branch_labels.py
[2025-03-04T18:03:11.066+0000] {logging_mixin.py:190} INFO - [2025-03-04T18:03:11.066+0000] {dag.py:3239} INFO - Sync 1 DAGs
[2025-03-04T18:03:11.096+0000] {logging_mixin.py:190} INFO - [2025-03-04T18:03:11.096+0000] {dag.py:4180} INFO - Setting next_dagrun for example_branch_labels to 2025-03-03 00:00:00+00:00, run_after=2025-03-04 00:00:00+00:00
[2025-03-04T18:03:11.121+0000] {processor.py:208} INFO - Processing /home/airflow/.local/lib/python3.12/site-packages/airflow/example_dags/example_branch_labels.py took 0.102 seconds
[2025-03-04T18:03:41.310+0000] {processor.py:186} INFO - Started process (PID=2722) to work on /home/airflow/.local/lib/python3.12/site-packages/airflow/example_dags/example_branch_labels.py
[2025-03-04T18:03:41.311+0000] {processor.py:914} INFO - Processing file /home/airflow/.local/lib/python3.12/site-packages/airflow/example_dags/example_branch_labels.py for tasks to queue
[2025-03-04T18:03:41.314+0000] {logging_mixin.py:190} INFO - [2025-03-04T18:03:41.314+0000] {dagbag.py:588} INFO - Filling up the DagBag from /home/airflow/.local/lib/python3.12/site-packages/airflow/example_dags/example_branch_labels.py
[2025-03-04T18:03:41.327+0000] {processor.py:925} INFO - DAG(s) 'example_branch_labels' retrieved from /home/airflow/.local/lib/python3.12/site-packages/airflow/example_dags/example_branch_labels.py
[2025-03-04T18:03:41.349+0000] {logging_mixin.py:190} INFO - [2025-03-04T18:03:41.349+0000] {dag.py:3239} INFO - Sync 1 DAGs
[2025-03-04T18:03:41.377+0000] {logging_mixin.py:190} INFO - [2025-03-04T18:03:41.377+0000] {dag.py:4180} INFO - Setting next_dagrun for example_branch_labels to 2025-03-03 00:00:00+00:00, run_after=2025-03-04 00:00:00+00:00
[2025-03-04T18:03:41.400+0000] {processor.py:208} INFO - Processing /home/airflow/.local/lib/python3.12/site-packages/airflow/example_dags/example_branch_labels.py took 0.097 seconds
[2025-03-04T18:04:12.239+0000] {processor.py:186} INFO - Started process (PID=3028) to work on /home/airflow/.local/lib/python3.12/site-packages/airflow/example_dags/example_branch_labels.py
[2025-03-04T18:04:12.241+0000] {processor.py:914} INFO - Processing file /home/airflow/.local/lib/python3.12/site-packages/airflow/example_dags/example_branch_labels.py for tasks to queue
[2025-03-04T18:04:12.243+0000] {logging_mixin.py:190} INFO - [2025-03-04T18:04:12.243+0000] {dagbag.py:588} INFO - Filling up the DagBag from /home/airflow/.local/lib/python3.12/site-packages/airflow/example_dags/example_branch_labels.py
[2025-03-04T18:04:12.254+0000] {processor.py:925} INFO - DAG(s) 'example_branch_labels' retrieved from /home/airflow/.local/lib/python3.12/site-packages/airflow/example_dags/example_branch_labels.py
[2025-03-04T18:04:12.276+0000] {logging_mixin.py:190} INFO - [2025-03-04T18:04:12.275+0000] {dag.py:3239} INFO - Sync 1 DAGs
[2025-03-04T18:04:12.302+0000] {logging_mixin.py:190} INFO - [2025-03-04T18:04:12.302+0000] {dag.py:4180} INFO - Setting next_dagrun for example_branch_labels to 2025-03-03 00:00:00+00:00, run_after=2025-03-04 00:00:00+00:00
[2025-03-04T18:04:12.324+0000] {processor.py:208} INFO - Processing /home/airflow/.local/lib/python3.12/site-packages/airflow/example_dags/example_branch_labels.py took 0.092 seconds
[2025-03-04T18:04:43.213+0000] {processor.py:186} INFO - Started process (PID=3333) to work on /home/airflow/.local/lib/python3.12/site-packages/airflow/example_dags/example_branch_labels.py
[2025-03-04T18:04:43.215+0000] {processor.py:914} INFO - Processing file /home/airflow/.local/lib/python3.12/site-packages/airflow/example_dags/example_branch_labels.py for tasks to queue
[2025-03-04T18:04:43.218+0000] {logging_mixin.py:190} INFO - [2025-03-04T18:04:43.218+0000] {dagbag.py:588} INFO - Filling up the DagBag from /home/airflow/.local/lib/python3.12/site-packages/airflow/example_dags/example_branch_labels.py
[2025-03-04T18:04:43.244+0000] {processor.py:925} INFO - DAG(s) 'example_branch_labels' retrieved from /home/airflow/.local/lib/python3.12/site-packages/airflow/example_dags/example_branch_labels.py
[2025-03-04T18:04:43.273+0000] {logging_mixin.py:190} INFO - [2025-03-04T18:04:43.273+0000] {dag.py:3239} INFO - Sync 1 DAGs
[2025-03-04T18:04:43.306+0000] {logging_mixin.py:190} INFO - [2025-03-04T18:04:43.306+0000] {dag.py:4180} INFO - Setting next_dagrun for example_branch_labels to 2025-03-03 00:00:00+00:00, run_after=2025-03-04 00:00:00+00:00
[2025-03-04T18:04:43.331+0000] {processor.py:208} INFO - Processing /home/airflow/.local/lib/python3.12/site-packages/airflow/example_dags/example_branch_labels.py took 0.134 seconds
[2025-03-04T18:05:13.987+0000] {processor.py:186} INFO - Started process (PID=3640) to work on /home/airflow/.local/lib/python3.12/site-packages/airflow/example_dags/example_branch_labels.py
[2025-03-04T18:05:13.988+0000] {processor.py:914} INFO - Processing file /home/airflow/.local/lib/python3.12/site-packages/airflow/example_dags/example_branch_labels.py for tasks to queue
[2025-03-04T18:05:13.990+0000] {logging_mixin.py:190} INFO - [2025-03-04T18:05:13.990+0000] {dagbag.py:588} INFO - Filling up the DagBag from /home/airflow/.local/lib/python3.12/site-packages/airflow/example_dags/example_branch_labels.py
[2025-03-04T18:05:14.002+0000] {processor.py:925} INFO - DAG(s) 'example_branch_labels' retrieved from /home/airflow/.local/lib/python3.12/site-packages/airflow/example_dags/example_branch_labels.py
[2025-03-04T18:05:14.029+0000] {logging_mixin.py:190} INFO - [2025-03-04T18:05:14.029+0000] {dag.py:3239} INFO - Sync 1 DAGs
[2025-03-04T18:05:14.059+0000] {logging_mixin.py:190} INFO - [2025-03-04T18:05:14.058+0000] {dag.py:4180} INFO - Setting next_dagrun for example_branch_labels to 2025-03-03 00:00:00+00:00, run_after=2025-03-04 00:00:00+00:00
[2025-03-04T18:05:14.079+0000] {processor.py:208} INFO - Processing /home/airflow/.local/lib/python3.12/site-packages/airflow/example_dags/example_branch_labels.py took 0.099 seconds
