[2025-03-04T17:28:48.592+0000] {processor.py:186} INFO - Started process (PID=539) to work on /home/airflow/.local/lib/python3.12/site-packages/airflow/example_dags/example_inlet_event_extra.py
[2025-03-04T17:28:48.593+0000] {processor.py:914} INFO - Processing file /home/airflow/.local/lib/python3.12/site-packages/airflow/example_dags/example_inlet_event_extra.py for tasks to queue
[2025-03-04T17:28:48.596+0000] {logging_mixin.py:190} INFO - [2025-03-04T17:28:48.596+0000] {dagbag.py:588} INFO - Filling up the DagBag from /home/airflow/.local/lib/python3.12/site-packages/airflow/example_dags/example_inlet_event_extra.py
[2025-03-04T17:28:49.072+0000] {processor.py:925} INFO - DAG(s) 'read_dataset_event_from_classic', 'read_dataset_event' retrieved from /home/airflow/.local/lib/python3.12/site-packages/airflow/example_dags/example_inlet_event_extra.py
[2025-03-04T17:28:49.096+0000] {logging_mixin.py:190} INFO - [2025-03-04T17:28:49.096+0000] {dag.py:3239} INFO - Sync 2 DAGs
[2025-03-04T17:28:49.331+0000] {logging_mixin.py:190} INFO - [2025-03-04T17:28:49.331+0000] {dag.py:4180} INFO - Setting next_dagrun for read_dataset_event to 2025-03-03 00:00:00+00:00, run_after=2025-03-04 00:00:00+00:00
[2025-03-04T17:28:49.337+0000] {logging_mixin.py:190} INFO - [2025-03-04T17:28:49.337+0000] {dag.py:4180} INFO - Setting next_dagrun for read_dataset_event_from_classic to 2025-03-03 00:00:00+00:00, run_after=2025-03-04 00:00:00+00:00
[2025-03-04T17:28:49.353+0000] {processor.py:208} INFO - Processing /home/airflow/.local/lib/python3.12/site-packages/airflow/example_dags/example_inlet_event_extra.py took 0.767 seconds
[2025-03-04T17:29:19.611+0000] {processor.py:186} INFO - Started process (PID=875) to work on /home/airflow/.local/lib/python3.12/site-packages/airflow/example_dags/example_inlet_event_extra.py
[2025-03-04T17:29:19.612+0000] {processor.py:914} INFO - Processing file /home/airflow/.local/lib/python3.12/site-packages/airflow/example_dags/example_inlet_event_extra.py for tasks to queue
[2025-03-04T17:29:19.615+0000] {logging_mixin.py:190} INFO - [2025-03-04T17:29:19.614+0000] {dagbag.py:588} INFO - Filling up the DagBag from /home/airflow/.local/lib/python3.12/site-packages/airflow/example_dags/example_inlet_event_extra.py
[2025-03-04T17:29:20.080+0000] {processor.py:925} INFO - DAG(s) 'read_dataset_event_from_classic', 'read_dataset_event' retrieved from /home/airflow/.local/lib/python3.12/site-packages/airflow/example_dags/example_inlet_event_extra.py
[2025-03-04T17:29:20.108+0000] {logging_mixin.py:190} INFO - [2025-03-04T17:29:20.107+0000] {dag.py:3239} INFO - Sync 2 DAGs
[2025-03-04T17:29:20.321+0000] {logging_mixin.py:190} INFO - [2025-03-04T17:29:20.321+0000] {dag.py:4180} INFO - Setting next_dagrun for read_dataset_event to 2025-03-03 00:00:00+00:00, run_after=2025-03-04 00:00:00+00:00
[2025-03-04T17:29:20.327+0000] {logging_mixin.py:190} INFO - [2025-03-04T17:29:20.327+0000] {dag.py:4180} INFO - Setting next_dagrun for read_dataset_event_from_classic to 2025-03-03 00:00:00+00:00, run_after=2025-03-04 00:00:00+00:00
[2025-03-04T17:29:20.361+0000] {processor.py:208} INFO - Processing /home/airflow/.local/lib/python3.12/site-packages/airflow/example_dags/example_inlet_event_extra.py took 0.756 seconds
[2025-03-04T17:29:50.490+0000] {processor.py:186} INFO - Started process (PID=1181) to work on /home/airflow/.local/lib/python3.12/site-packages/airflow/example_dags/example_inlet_event_extra.py
[2025-03-04T17:29:50.491+0000] {processor.py:914} INFO - Processing file /home/airflow/.local/lib/python3.12/site-packages/airflow/example_dags/example_inlet_event_extra.py for tasks to queue
[2025-03-04T17:29:50.493+0000] {logging_mixin.py:190} INFO - [2025-03-04T17:29:50.493+0000] {dagbag.py:588} INFO - Filling up the DagBag from /home/airflow/.local/lib/python3.12/site-packages/airflow/example_dags/example_inlet_event_extra.py
[2025-03-04T17:29:50.941+0000] {processor.py:925} INFO - DAG(s) 'read_dataset_event', 'read_dataset_event_from_classic' retrieved from /home/airflow/.local/lib/python3.12/site-packages/airflow/example_dags/example_inlet_event_extra.py
[2025-03-04T17:29:50.963+0000] {logging_mixin.py:190} INFO - [2025-03-04T17:29:50.963+0000] {dag.py:3239} INFO - Sync 2 DAGs
[2025-03-04T17:29:51.185+0000] {logging_mixin.py:190} INFO - [2025-03-04T17:29:51.185+0000] {dag.py:4180} INFO - Setting next_dagrun for read_dataset_event to 2025-03-03 00:00:00+00:00, run_after=2025-03-04 00:00:00+00:00
[2025-03-04T17:29:51.191+0000] {logging_mixin.py:190} INFO - [2025-03-04T17:29:51.191+0000] {dag.py:4180} INFO - Setting next_dagrun for read_dataset_event_from_classic to 2025-03-03 00:00:00+00:00, run_after=2025-03-04 00:00:00+00:00
[2025-03-04T17:29:51.208+0000] {processor.py:208} INFO - Processing /home/airflow/.local/lib/python3.12/site-packages/airflow/example_dags/example_inlet_event_extra.py took 0.723 seconds
[2025-03-04T17:30:22.150+0000] {processor.py:186} INFO - Started process (PID=1487) to work on /home/airflow/.local/lib/python3.12/site-packages/airflow/example_dags/example_inlet_event_extra.py
[2025-03-04T17:30:22.152+0000] {processor.py:914} INFO - Processing file /home/airflow/.local/lib/python3.12/site-packages/airflow/example_dags/example_inlet_event_extra.py for tasks to queue
[2025-03-04T17:30:22.156+0000] {logging_mixin.py:190} INFO - [2025-03-04T17:30:22.155+0000] {dagbag.py:588} INFO - Filling up the DagBag from /home/airflow/.local/lib/python3.12/site-packages/airflow/example_dags/example_inlet_event_extra.py
[2025-03-04T17:30:22.866+0000] {processor.py:925} INFO - DAG(s) 'read_dataset_event_from_classic', 'read_dataset_event' retrieved from /home/airflow/.local/lib/python3.12/site-packages/airflow/example_dags/example_inlet_event_extra.py
[2025-03-04T17:30:22.910+0000] {logging_mixin.py:190} INFO - [2025-03-04T17:30:22.910+0000] {dag.py:3239} INFO - Sync 2 DAGs
[2025-03-04T17:30:22.942+0000] {logging_mixin.py:190} INFO - [2025-03-04T17:30:22.942+0000] {dag.py:4180} INFO - Setting next_dagrun for read_dataset_event to 2025-03-03 00:00:00+00:00, run_after=2025-03-04 00:00:00+00:00
[2025-03-04T17:30:22.949+0000] {logging_mixin.py:190} INFO - [2025-03-04T17:30:22.948+0000] {dag.py:4180} INFO - Setting next_dagrun for read_dataset_event_from_classic to 2025-03-03 00:00:00+00:00, run_after=2025-03-04 00:00:00+00:00
[2025-03-04T17:30:22.968+0000] {processor.py:208} INFO - Processing /home/airflow/.local/lib/python3.12/site-packages/airflow/example_dags/example_inlet_event_extra.py took 0.833 seconds
[2025-03-04T17:30:53.405+0000] {processor.py:186} INFO - Started process (PID=1793) to work on /home/airflow/.local/lib/python3.12/site-packages/airflow/example_dags/example_inlet_event_extra.py
[2025-03-04T17:30:53.406+0000] {processor.py:914} INFO - Processing file /home/airflow/.local/lib/python3.12/site-packages/airflow/example_dags/example_inlet_event_extra.py for tasks to queue
[2025-03-04T17:30:53.408+0000] {logging_mixin.py:190} INFO - [2025-03-04T17:30:53.408+0000] {dagbag.py:588} INFO - Filling up the DagBag from /home/airflow/.local/lib/python3.12/site-packages/airflow/example_dags/example_inlet_event_extra.py
[2025-03-04T17:30:54.134+0000] {processor.py:925} INFO - DAG(s) 'read_dataset_event_from_classic', 'read_dataset_event' retrieved from /home/airflow/.local/lib/python3.12/site-packages/airflow/example_dags/example_inlet_event_extra.py
[2025-03-04T17:30:54.157+0000] {logging_mixin.py:190} INFO - [2025-03-04T17:30:54.157+0000] {dag.py:3239} INFO - Sync 2 DAGs
[2025-03-04T17:30:54.184+0000] {logging_mixin.py:190} INFO - [2025-03-04T17:30:54.184+0000] {dag.py:4180} INFO - Setting next_dagrun for read_dataset_event to 2025-03-03 00:00:00+00:00, run_after=2025-03-04 00:00:00+00:00
[2025-03-04T17:30:54.190+0000] {logging_mixin.py:190} INFO - [2025-03-04T17:30:54.190+0000] {dag.py:4180} INFO - Setting next_dagrun for read_dataset_event_from_classic to 2025-03-03 00:00:00+00:00, run_after=2025-03-04 00:00:00+00:00
[2025-03-04T17:30:54.213+0000] {processor.py:208} INFO - Processing /home/airflow/.local/lib/python3.12/site-packages/airflow/example_dags/example_inlet_event_extra.py took 0.817 seconds
[2025-03-04T17:31:24.288+0000] {processor.py:186} INFO - Started process (PID=2094) to work on /home/airflow/.local/lib/python3.12/site-packages/airflow/example_dags/example_inlet_event_extra.py
[2025-03-04T17:31:24.290+0000] {processor.py:914} INFO - Processing file /home/airflow/.local/lib/python3.12/site-packages/airflow/example_dags/example_inlet_event_extra.py for tasks to queue
[2025-03-04T17:31:24.293+0000] {logging_mixin.py:190} INFO - [2025-03-04T17:31:24.292+0000] {dagbag.py:588} INFO - Filling up the DagBag from /home/airflow/.local/lib/python3.12/site-packages/airflow/example_dags/example_inlet_event_extra.py
[2025-03-04T17:31:24.992+0000] {processor.py:925} INFO - DAG(s) 'read_dataset_event', 'read_dataset_event_from_classic' retrieved from /home/airflow/.local/lib/python3.12/site-packages/airflow/example_dags/example_inlet_event_extra.py
[2025-03-04T17:31:25.035+0000] {logging_mixin.py:190} INFO - [2025-03-04T17:31:25.035+0000] {dag.py:3239} INFO - Sync 2 DAGs
[2025-03-04T17:31:25.068+0000] {logging_mixin.py:190} INFO - [2025-03-04T17:31:25.067+0000] {dag.py:4180} INFO - Setting next_dagrun for read_dataset_event to 2025-03-03 00:00:00+00:00, run_after=2025-03-04 00:00:00+00:00
[2025-03-04T17:31:25.074+0000] {logging_mixin.py:190} INFO - [2025-03-04T17:31:25.074+0000] {dag.py:4180} INFO - Setting next_dagrun for read_dataset_event_from_classic to 2025-03-03 00:00:00+00:00, run_after=2025-03-04 00:00:00+00:00
[2025-03-04T17:31:25.097+0000] {processor.py:208} INFO - Processing /home/airflow/.local/lib/python3.12/site-packages/airflow/example_dags/example_inlet_event_extra.py took 0.819 seconds
[2025-03-04T17:31:56.264+0000] {processor.py:186} INFO - Started process (PID=2400) to work on /home/airflow/.local/lib/python3.12/site-packages/airflow/example_dags/example_inlet_event_extra.py
[2025-03-04T17:31:56.266+0000] {processor.py:914} INFO - Processing file /home/airflow/.local/lib/python3.12/site-packages/airflow/example_dags/example_inlet_event_extra.py for tasks to queue
[2025-03-04T17:31:56.268+0000] {logging_mixin.py:190} INFO - [2025-03-04T17:31:56.268+0000] {dagbag.py:588} INFO - Filling up the DagBag from /home/airflow/.local/lib/python3.12/site-packages/airflow/example_dags/example_inlet_event_extra.py
[2025-03-04T17:31:56.748+0000] {processor.py:925} INFO - DAG(s) 'read_dataset_event_from_classic', 'read_dataset_event' retrieved from /home/airflow/.local/lib/python3.12/site-packages/airflow/example_dags/example_inlet_event_extra.py
[2025-03-04T17:31:57.027+0000] {logging_mixin.py:190} INFO - [2025-03-04T17:31:57.027+0000] {dag.py:3239} INFO - Sync 2 DAGs
[2025-03-04T17:31:57.066+0000] {logging_mixin.py:190} INFO - [2025-03-04T17:31:57.066+0000] {dag.py:4180} INFO - Setting next_dagrun for read_dataset_event to 2025-03-03 00:00:00+00:00, run_after=2025-03-04 00:00:00+00:00
[2025-03-04T17:31:57.074+0000] {logging_mixin.py:190} INFO - [2025-03-04T17:31:57.074+0000] {dag.py:4180} INFO - Setting next_dagrun for read_dataset_event_from_classic to 2025-03-03 00:00:00+00:00, run_after=2025-03-04 00:00:00+00:00
[2025-03-04T17:31:57.110+0000] {processor.py:208} INFO - Processing /home/airflow/.local/lib/python3.12/site-packages/airflow/example_dags/example_inlet_event_extra.py took 0.860 seconds
[2025-03-04T17:32:27.235+0000] {processor.py:186} INFO - Started process (PID=2711) to work on /home/airflow/.local/lib/python3.12/site-packages/airflow/example_dags/example_inlet_event_extra.py
[2025-03-04T17:32:27.236+0000] {processor.py:914} INFO - Processing file /home/airflow/.local/lib/python3.12/site-packages/airflow/example_dags/example_inlet_event_extra.py for tasks to queue
[2025-03-04T17:32:27.240+0000] {logging_mixin.py:190} INFO - [2025-03-04T17:32:27.239+0000] {dagbag.py:588} INFO - Filling up the DagBag from /home/airflow/.local/lib/python3.12/site-packages/airflow/example_dags/example_inlet_event_extra.py
[2025-03-04T17:32:27.922+0000] {processor.py:925} INFO - DAG(s) 'read_dataset_event', 'read_dataset_event_from_classic' retrieved from /home/airflow/.local/lib/python3.12/site-packages/airflow/example_dags/example_inlet_event_extra.py
[2025-03-04T17:32:27.954+0000] {logging_mixin.py:190} INFO - [2025-03-04T17:32:27.954+0000] {dag.py:3239} INFO - Sync 2 DAGs
[2025-03-04T17:32:27.983+0000] {logging_mixin.py:190} INFO - [2025-03-04T17:32:27.983+0000] {dag.py:4180} INFO - Setting next_dagrun for read_dataset_event to 2025-03-03 00:00:00+00:00, run_after=2025-03-04 00:00:00+00:00
[2025-03-04T17:32:27.989+0000] {logging_mixin.py:190} INFO - [2025-03-04T17:32:27.989+0000] {dag.py:4180} INFO - Setting next_dagrun for read_dataset_event_from_classic to 2025-03-03 00:00:00+00:00, run_after=2025-03-04 00:00:00+00:00
[2025-03-04T17:32:28.012+0000] {processor.py:208} INFO - Processing /home/airflow/.local/lib/python3.12/site-packages/airflow/example_dags/example_inlet_event_extra.py took 0.784 seconds
[2025-03-04T17:32:58.503+0000] {processor.py:186} INFO - Started process (PID=3017) to work on /home/airflow/.local/lib/python3.12/site-packages/airflow/example_dags/example_inlet_event_extra.py
[2025-03-04T17:32:58.505+0000] {processor.py:914} INFO - Processing file /home/airflow/.local/lib/python3.12/site-packages/airflow/example_dags/example_inlet_event_extra.py for tasks to queue
[2025-03-04T17:32:58.510+0000] {logging_mixin.py:190} INFO - [2025-03-04T17:32:58.510+0000] {dagbag.py:588} INFO - Filling up the DagBag from /home/airflow/.local/lib/python3.12/site-packages/airflow/example_dags/example_inlet_event_extra.py
[2025-03-04T17:32:59.192+0000] {processor.py:925} INFO - DAG(s) 'read_dataset_event', 'read_dataset_event_from_classic' retrieved from /home/airflow/.local/lib/python3.12/site-packages/airflow/example_dags/example_inlet_event_extra.py
[2025-03-04T17:32:59.237+0000] {logging_mixin.py:190} INFO - [2025-03-04T17:32:59.237+0000] {dag.py:3239} INFO - Sync 2 DAGs
[2025-03-04T17:32:59.271+0000] {logging_mixin.py:190} INFO - [2025-03-04T17:32:59.271+0000] {dag.py:4180} INFO - Setting next_dagrun for read_dataset_event to 2025-03-03 00:00:00+00:00, run_after=2025-03-04 00:00:00+00:00
[2025-03-04T17:32:59.286+0000] {logging_mixin.py:190} INFO - [2025-03-04T17:32:59.285+0000] {dag.py:4180} INFO - Setting next_dagrun for read_dataset_event_from_classic to 2025-03-03 00:00:00+00:00, run_after=2025-03-04 00:00:00+00:00
[2025-03-04T17:32:59.319+0000] {processor.py:208} INFO - Processing /home/airflow/.local/lib/python3.12/site-packages/airflow/example_dags/example_inlet_event_extra.py took 0.826 seconds
[2025-03-04T17:33:29.479+0000] {processor.py:186} INFO - Started process (PID=3323) to work on /home/airflow/.local/lib/python3.12/site-packages/airflow/example_dags/example_inlet_event_extra.py
[2025-03-04T17:33:29.480+0000] {processor.py:914} INFO - Processing file /home/airflow/.local/lib/python3.12/site-packages/airflow/example_dags/example_inlet_event_extra.py for tasks to queue
[2025-03-04T17:33:29.483+0000] {logging_mixin.py:190} INFO - [2025-03-04T17:33:29.482+0000] {dagbag.py:588} INFO - Filling up the DagBag from /home/airflow/.local/lib/python3.12/site-packages/airflow/example_dags/example_inlet_event_extra.py
[2025-03-04T17:33:30.156+0000] {processor.py:925} INFO - DAG(s) 'read_dataset_event_from_classic', 'read_dataset_event' retrieved from /home/airflow/.local/lib/python3.12/site-packages/airflow/example_dags/example_inlet_event_extra.py
[2025-03-04T17:33:30.198+0000] {logging_mixin.py:190} INFO - [2025-03-04T17:33:30.198+0000] {dag.py:3239} INFO - Sync 2 DAGs
[2025-03-04T17:33:30.247+0000] {logging_mixin.py:190} INFO - [2025-03-04T17:33:30.246+0000] {dag.py:4180} INFO - Setting next_dagrun for read_dataset_event to 2025-03-03 00:00:00+00:00, run_after=2025-03-04 00:00:00+00:00
[2025-03-04T17:33:30.253+0000] {logging_mixin.py:190} INFO - [2025-03-04T17:33:30.253+0000] {dag.py:4180} INFO - Setting next_dagrun for read_dataset_event_from_classic to 2025-03-03 00:00:00+00:00, run_after=2025-03-04 00:00:00+00:00
[2025-03-04T17:33:30.273+0000] {processor.py:208} INFO - Processing /home/airflow/.local/lib/python3.12/site-packages/airflow/example_dags/example_inlet_event_extra.py took 0.803 seconds
[2025-03-04T17:34:02.142+0000] {processor.py:186} INFO - Started process (PID=3636) to work on /home/airflow/.local/lib/python3.12/site-packages/airflow/example_dags/example_inlet_event_extra.py
[2025-03-04T17:34:02.144+0000] {processor.py:914} INFO - Processing file /home/airflow/.local/lib/python3.12/site-packages/airflow/example_dags/example_inlet_event_extra.py for tasks to queue
[2025-03-04T17:34:02.146+0000] {logging_mixin.py:190} INFO - [2025-03-04T17:34:02.146+0000] {dagbag.py:588} INFO - Filling up the DagBag from /home/airflow/.local/lib/python3.12/site-packages/airflow/example_dags/example_inlet_event_extra.py
[2025-03-04T17:34:02.791+0000] {processor.py:925} INFO - DAG(s) 'read_dataset_event', 'read_dataset_event_from_classic' retrieved from /home/airflow/.local/lib/python3.12/site-packages/airflow/example_dags/example_inlet_event_extra.py
[2025-03-04T17:34:02.824+0000] {logging_mixin.py:190} INFO - [2025-03-04T17:34:02.823+0000] {dag.py:3239} INFO - Sync 2 DAGs
[2025-03-04T17:34:02.858+0000] {logging_mixin.py:190} INFO - [2025-03-04T17:34:02.858+0000] {dag.py:4180} INFO - Setting next_dagrun for read_dataset_event to 2025-03-03 00:00:00+00:00, run_after=2025-03-04 00:00:00+00:00
[2025-03-04T17:34:02.865+0000] {logging_mixin.py:190} INFO - [2025-03-04T17:34:02.865+0000] {dag.py:4180} INFO - Setting next_dagrun for read_dataset_event_from_classic to 2025-03-03 00:00:00+00:00, run_after=2025-03-04 00:00:00+00:00
[2025-03-04T17:34:02.886+0000] {processor.py:208} INFO - Processing /home/airflow/.local/lib/python3.12/site-packages/airflow/example_dags/example_inlet_event_extra.py took 0.749 seconds
[2025-03-04T17:34:33.643+0000] {processor.py:186} INFO - Started process (PID=3942) to work on /home/airflow/.local/lib/python3.12/site-packages/airflow/example_dags/example_inlet_event_extra.py
[2025-03-04T17:34:33.645+0000] {processor.py:914} INFO - Processing file /home/airflow/.local/lib/python3.12/site-packages/airflow/example_dags/example_inlet_event_extra.py for tasks to queue
[2025-03-04T17:34:33.648+0000] {logging_mixin.py:190} INFO - [2025-03-04T17:34:33.647+0000] {dagbag.py:588} INFO - Filling up the DagBag from /home/airflow/.local/lib/python3.12/site-packages/airflow/example_dags/example_inlet_event_extra.py
[2025-03-04T17:34:34.313+0000] {processor.py:925} INFO - DAG(s) 'read_dataset_event', 'read_dataset_event_from_classic' retrieved from /home/airflow/.local/lib/python3.12/site-packages/airflow/example_dags/example_inlet_event_extra.py
[2025-03-04T17:34:34.340+0000] {logging_mixin.py:190} INFO - [2025-03-04T17:34:34.340+0000] {dag.py:3239} INFO - Sync 2 DAGs
[2025-03-04T17:34:34.373+0000] {logging_mixin.py:190} INFO - [2025-03-04T17:34:34.373+0000] {dag.py:4180} INFO - Setting next_dagrun for read_dataset_event to 2025-03-03 00:00:00+00:00, run_after=2025-03-04 00:00:00+00:00
[2025-03-04T17:34:34.380+0000] {logging_mixin.py:190} INFO - [2025-03-04T17:34:34.380+0000] {dag.py:4180} INFO - Setting next_dagrun for read_dataset_event_from_classic to 2025-03-03 00:00:00+00:00, run_after=2025-03-04 00:00:00+00:00
[2025-03-04T17:34:34.420+0000] {processor.py:208} INFO - Processing /home/airflow/.local/lib/python3.12/site-packages/airflow/example_dags/example_inlet_event_extra.py took 0.783 seconds
[2025-03-04T17:35:04.950+0000] {processor.py:186} INFO - Started process (PID=4248) to work on /home/airflow/.local/lib/python3.12/site-packages/airflow/example_dags/example_inlet_event_extra.py
[2025-03-04T17:35:04.951+0000] {processor.py:914} INFO - Processing file /home/airflow/.local/lib/python3.12/site-packages/airflow/example_dags/example_inlet_event_extra.py for tasks to queue
[2025-03-04T17:35:04.954+0000] {logging_mixin.py:190} INFO - [2025-03-04T17:35:04.954+0000] {dagbag.py:588} INFO - Filling up the DagBag from /home/airflow/.local/lib/python3.12/site-packages/airflow/example_dags/example_inlet_event_extra.py
[2025-03-04T17:35:05.599+0000] {processor.py:925} INFO - DAG(s) 'read_dataset_event_from_classic', 'read_dataset_event' retrieved from /home/airflow/.local/lib/python3.12/site-packages/airflow/example_dags/example_inlet_event_extra.py
[2025-03-04T17:35:05.628+0000] {logging_mixin.py:190} INFO - [2025-03-04T17:35:05.628+0000] {dag.py:3239} INFO - Sync 2 DAGs
[2025-03-04T17:35:05.679+0000] {logging_mixin.py:190} INFO - [2025-03-04T17:35:05.678+0000] {dag.py:4180} INFO - Setting next_dagrun for read_dataset_event to 2025-03-03 00:00:00+00:00, run_after=2025-03-04 00:00:00+00:00
[2025-03-04T17:35:05.686+0000] {logging_mixin.py:190} INFO - [2025-03-04T17:35:05.686+0000] {dag.py:4180} INFO - Setting next_dagrun for read_dataset_event_from_classic to 2025-03-03 00:00:00+00:00, run_after=2025-03-04 00:00:00+00:00
[2025-03-04T17:35:05.718+0000] {processor.py:208} INFO - Processing /home/airflow/.local/lib/python3.12/site-packages/airflow/example_dags/example_inlet_event_extra.py took 0.777 seconds
[2025-03-04T17:35:36.098+0000] {processor.py:186} INFO - Started process (PID=4552) to work on /home/airflow/.local/lib/python3.12/site-packages/airflow/example_dags/example_inlet_event_extra.py
[2025-03-04T17:35:36.099+0000] {processor.py:914} INFO - Processing file /home/airflow/.local/lib/python3.12/site-packages/airflow/example_dags/example_inlet_event_extra.py for tasks to queue
[2025-03-04T17:35:36.101+0000] {logging_mixin.py:190} INFO - [2025-03-04T17:35:36.101+0000] {dagbag.py:588} INFO - Filling up the DagBag from /home/airflow/.local/lib/python3.12/site-packages/airflow/example_dags/example_inlet_event_extra.py
[2025-03-04T17:35:36.814+0000] {processor.py:925} INFO - DAG(s) 'read_dataset_event', 'read_dataset_event_from_classic' retrieved from /home/airflow/.local/lib/python3.12/site-packages/airflow/example_dags/example_inlet_event_extra.py
[2025-03-04T17:35:36.844+0000] {logging_mixin.py:190} INFO - [2025-03-04T17:35:36.844+0000] {dag.py:3239} INFO - Sync 2 DAGs
[2025-03-04T17:35:36.892+0000] {logging_mixin.py:190} INFO - [2025-03-04T17:35:36.892+0000] {dag.py:4180} INFO - Setting next_dagrun for read_dataset_event to 2025-03-03 00:00:00+00:00, run_after=2025-03-04 00:00:00+00:00
[2025-03-04T17:35:36.900+0000] {logging_mixin.py:190} INFO - [2025-03-04T17:35:36.900+0000] {dag.py:4180} INFO - Setting next_dagrun for read_dataset_event_from_classic to 2025-03-03 00:00:00+00:00, run_after=2025-03-04 00:00:00+00:00
[2025-03-04T17:35:36.931+0000] {processor.py:208} INFO - Processing /home/airflow/.local/lib/python3.12/site-packages/airflow/example_dags/example_inlet_event_extra.py took 0.840 seconds
[2025-03-04T17:36:07.283+0000] {processor.py:186} INFO - Started process (PID=4860) to work on /home/airflow/.local/lib/python3.12/site-packages/airflow/example_dags/example_inlet_event_extra.py
[2025-03-04T17:36:07.284+0000] {processor.py:914} INFO - Processing file /home/airflow/.local/lib/python3.12/site-packages/airflow/example_dags/example_inlet_event_extra.py for tasks to queue
[2025-03-04T17:36:07.287+0000] {logging_mixin.py:190} INFO - [2025-03-04T17:36:07.287+0000] {dagbag.py:588} INFO - Filling up the DagBag from /home/airflow/.local/lib/python3.12/site-packages/airflow/example_dags/example_inlet_event_extra.py
[2025-03-04T17:36:07.949+0000] {processor.py:925} INFO - DAG(s) 'read_dataset_event_from_classic', 'read_dataset_event' retrieved from /home/airflow/.local/lib/python3.12/site-packages/airflow/example_dags/example_inlet_event_extra.py
[2025-03-04T17:36:07.994+0000] {logging_mixin.py:190} INFO - [2025-03-04T17:36:07.993+0000] {dag.py:3239} INFO - Sync 2 DAGs
[2025-03-04T17:36:08.021+0000] {logging_mixin.py:190} INFO - [2025-03-04T17:36:08.021+0000] {dag.py:4180} INFO - Setting next_dagrun for read_dataset_event to 2025-03-03 00:00:00+00:00, run_after=2025-03-04 00:00:00+00:00
[2025-03-04T17:36:08.027+0000] {logging_mixin.py:190} INFO - [2025-03-04T17:36:08.027+0000] {dag.py:4180} INFO - Setting next_dagrun for read_dataset_event_from_classic to 2025-03-03 00:00:00+00:00, run_after=2025-03-04 00:00:00+00:00
[2025-03-04T17:36:08.044+0000] {processor.py:208} INFO - Processing /home/airflow/.local/lib/python3.12/site-packages/airflow/example_dags/example_inlet_event_extra.py took 0.770 seconds
[2025-03-04T17:36:39.153+0000] {processor.py:186} INFO - Started process (PID=5166) to work on /home/airflow/.local/lib/python3.12/site-packages/airflow/example_dags/example_inlet_event_extra.py
[2025-03-04T17:36:39.154+0000] {processor.py:914} INFO - Processing file /home/airflow/.local/lib/python3.12/site-packages/airflow/example_dags/example_inlet_event_extra.py for tasks to queue
[2025-03-04T17:36:39.157+0000] {logging_mixin.py:190} INFO - [2025-03-04T17:36:39.157+0000] {dagbag.py:588} INFO - Filling up the DagBag from /home/airflow/.local/lib/python3.12/site-packages/airflow/example_dags/example_inlet_event_extra.py
[2025-03-04T17:36:39.910+0000] {processor.py:925} INFO - DAG(s) 'read_dataset_event', 'read_dataset_event_from_classic' retrieved from /home/airflow/.local/lib/python3.12/site-packages/airflow/example_dags/example_inlet_event_extra.py
[2025-03-04T17:36:39.938+0000] {logging_mixin.py:190} INFO - [2025-03-04T17:36:39.938+0000] {dag.py:3239} INFO - Sync 2 DAGs
[2025-03-04T17:36:39.968+0000] {logging_mixin.py:190} INFO - [2025-03-04T17:36:39.968+0000] {dag.py:4180} INFO - Setting next_dagrun for read_dataset_event to 2025-03-03 00:00:00+00:00, run_after=2025-03-04 00:00:00+00:00
[2025-03-04T17:36:39.974+0000] {logging_mixin.py:190} INFO - [2025-03-04T17:36:39.974+0000] {dag.py:4180} INFO - Setting next_dagrun for read_dataset_event_from_classic to 2025-03-03 00:00:00+00:00, run_after=2025-03-04 00:00:00+00:00
[2025-03-04T17:36:40.006+0000] {processor.py:208} INFO - Processing /home/airflow/.local/lib/python3.12/site-packages/airflow/example_dags/example_inlet_event_extra.py took 0.869 seconds
[2025-03-04T17:37:10.310+0000] {processor.py:186} INFO - Started process (PID=5472) to work on /home/airflow/.local/lib/python3.12/site-packages/airflow/example_dags/example_inlet_event_extra.py
[2025-03-04T17:37:10.311+0000] {processor.py:914} INFO - Processing file /home/airflow/.local/lib/python3.12/site-packages/airflow/example_dags/example_inlet_event_extra.py for tasks to queue
[2025-03-04T17:37:10.314+0000] {logging_mixin.py:190} INFO - [2025-03-04T17:37:10.313+0000] {dagbag.py:588} INFO - Filling up the DagBag from /home/airflow/.local/lib/python3.12/site-packages/airflow/example_dags/example_inlet_event_extra.py
[2025-03-04T17:37:11.059+0000] {processor.py:925} INFO - DAG(s) 'read_dataset_event_from_classic', 'read_dataset_event' retrieved from /home/airflow/.local/lib/python3.12/site-packages/airflow/example_dags/example_inlet_event_extra.py
[2025-03-04T17:37:11.096+0000] {logging_mixin.py:190} INFO - [2025-03-04T17:37:11.096+0000] {dag.py:3239} INFO - Sync 2 DAGs
[2025-03-04T17:37:11.143+0000] {logging_mixin.py:190} INFO - [2025-03-04T17:37:11.142+0000] {dag.py:4180} INFO - Setting next_dagrun for read_dataset_event to 2025-03-03 00:00:00+00:00, run_after=2025-03-04 00:00:00+00:00
[2025-03-04T17:37:11.150+0000] {logging_mixin.py:190} INFO - [2025-03-04T17:37:11.149+0000] {dag.py:4180} INFO - Setting next_dagrun for read_dataset_event_from_classic to 2025-03-03 00:00:00+00:00, run_after=2025-03-04 00:00:00+00:00
[2025-03-04T17:37:11.184+0000] {processor.py:208} INFO - Processing /home/airflow/.local/lib/python3.12/site-packages/airflow/example_dags/example_inlet_event_extra.py took 0.880 seconds
[2025-03-04T17:37:41.329+0000] {processor.py:186} INFO - Started process (PID=5776) to work on /home/airflow/.local/lib/python3.12/site-packages/airflow/example_dags/example_inlet_event_extra.py
[2025-03-04T17:37:41.330+0000] {processor.py:914} INFO - Processing file /home/airflow/.local/lib/python3.12/site-packages/airflow/example_dags/example_inlet_event_extra.py for tasks to queue
[2025-03-04T17:37:41.333+0000] {logging_mixin.py:190} INFO - [2025-03-04T17:37:41.332+0000] {dagbag.py:588} INFO - Filling up the DagBag from /home/airflow/.local/lib/python3.12/site-packages/airflow/example_dags/example_inlet_event_extra.py
[2025-03-04T17:37:42.003+0000] {processor.py:925} INFO - DAG(s) 'read_dataset_event', 'read_dataset_event_from_classic' retrieved from /home/airflow/.local/lib/python3.12/site-packages/airflow/example_dags/example_inlet_event_extra.py
[2025-03-04T17:37:42.048+0000] {logging_mixin.py:190} INFO - [2025-03-04T17:37:42.048+0000] {dag.py:3239} INFO - Sync 2 DAGs
[2025-03-04T17:37:42.081+0000] {logging_mixin.py:190} INFO - [2025-03-04T17:37:42.081+0000] {dag.py:4180} INFO - Setting next_dagrun for read_dataset_event to 2025-03-03 00:00:00+00:00, run_after=2025-03-04 00:00:00+00:00
[2025-03-04T17:37:42.091+0000] {logging_mixin.py:190} INFO - [2025-03-04T17:37:42.091+0000] {dag.py:4180} INFO - Setting next_dagrun for read_dataset_event_from_classic to 2025-03-03 00:00:00+00:00, run_after=2025-03-04 00:00:00+00:00
[2025-03-04T17:37:42.112+0000] {processor.py:208} INFO - Processing /home/airflow/.local/lib/python3.12/site-packages/airflow/example_dags/example_inlet_event_extra.py took 0.793 seconds
[2025-03-04T17:38:12.819+0000] {processor.py:186} INFO - Started process (PID=6090) to work on /home/airflow/.local/lib/python3.12/site-packages/airflow/example_dags/example_inlet_event_extra.py
[2025-03-04T17:38:12.820+0000] {processor.py:914} INFO - Processing file /home/airflow/.local/lib/python3.12/site-packages/airflow/example_dags/example_inlet_event_extra.py for tasks to queue
[2025-03-04T17:38:12.822+0000] {logging_mixin.py:190} INFO - [2025-03-04T17:38:12.822+0000] {dagbag.py:588} INFO - Filling up the DagBag from /home/airflow/.local/lib/python3.12/site-packages/airflow/example_dags/example_inlet_event_extra.py
[2025-03-04T17:38:13.491+0000] {processor.py:925} INFO - DAG(s) 'read_dataset_event_from_classic', 'read_dataset_event' retrieved from /home/airflow/.local/lib/python3.12/site-packages/airflow/example_dags/example_inlet_event_extra.py
[2025-03-04T17:38:13.514+0000] {logging_mixin.py:190} INFO - [2025-03-04T17:38:13.514+0000] {dag.py:3239} INFO - Sync 2 DAGs
[2025-03-04T17:38:13.542+0000] {logging_mixin.py:190} INFO - [2025-03-04T17:38:13.542+0000] {dag.py:4180} INFO - Setting next_dagrun for read_dataset_event to 2025-03-03 00:00:00+00:00, run_after=2025-03-04 00:00:00+00:00
[2025-03-04T17:38:13.548+0000] {logging_mixin.py:190} INFO - [2025-03-04T17:38:13.547+0000] {dag.py:4180} INFO - Setting next_dagrun for read_dataset_event_from_classic to 2025-03-03 00:00:00+00:00, run_after=2025-03-04 00:00:00+00:00
[2025-03-04T17:38:13.570+0000] {processor.py:208} INFO - Processing /home/airflow/.local/lib/python3.12/site-packages/airflow/example_dags/example_inlet_event_extra.py took 0.757 seconds
[2025-03-04T17:38:44.328+0000] {processor.py:186} INFO - Started process (PID=6394) to work on /home/airflow/.local/lib/python3.12/site-packages/airflow/example_dags/example_inlet_event_extra.py
[2025-03-04T17:38:44.329+0000] {processor.py:914} INFO - Processing file /home/airflow/.local/lib/python3.12/site-packages/airflow/example_dags/example_inlet_event_extra.py for tasks to queue
[2025-03-04T17:38:44.331+0000] {logging_mixin.py:190} INFO - [2025-03-04T17:38:44.331+0000] {dagbag.py:588} INFO - Filling up the DagBag from /home/airflow/.local/lib/python3.12/site-packages/airflow/example_dags/example_inlet_event_extra.py
[2025-03-04T17:38:45.003+0000] {processor.py:925} INFO - DAG(s) 'read_dataset_event', 'read_dataset_event_from_classic' retrieved from /home/airflow/.local/lib/python3.12/site-packages/airflow/example_dags/example_inlet_event_extra.py
[2025-03-04T17:38:45.027+0000] {logging_mixin.py:190} INFO - [2025-03-04T17:38:45.027+0000] {dag.py:3239} INFO - Sync 2 DAGs
[2025-03-04T17:38:45.055+0000] {logging_mixin.py:190} INFO - [2025-03-04T17:38:45.055+0000] {dag.py:4180} INFO - Setting next_dagrun for read_dataset_event to 2025-03-03 00:00:00+00:00, run_after=2025-03-04 00:00:00+00:00
[2025-03-04T17:38:45.061+0000] {logging_mixin.py:190} INFO - [2025-03-04T17:38:45.061+0000] {dag.py:4180} INFO - Setting next_dagrun for read_dataset_event_from_classic to 2025-03-03 00:00:00+00:00, run_after=2025-03-04 00:00:00+00:00
[2025-03-04T17:38:45.090+0000] {processor.py:208} INFO - Processing /home/airflow/.local/lib/python3.12/site-packages/airflow/example_dags/example_inlet_event_extra.py took 0.768 seconds
[2025-03-04T17:39:15.711+0000] {processor.py:186} INFO - Started process (PID=6700) to work on /home/airflow/.local/lib/python3.12/site-packages/airflow/example_dags/example_inlet_event_extra.py
[2025-03-04T17:39:15.713+0000] {processor.py:914} INFO - Processing file /home/airflow/.local/lib/python3.12/site-packages/airflow/example_dags/example_inlet_event_extra.py for tasks to queue
[2025-03-04T17:39:15.715+0000] {logging_mixin.py:190} INFO - [2025-03-04T17:39:15.714+0000] {dagbag.py:588} INFO - Filling up the DagBag from /home/airflow/.local/lib/python3.12/site-packages/airflow/example_dags/example_inlet_event_extra.py
[2025-03-04T17:39:16.358+0000] {processor.py:925} INFO - DAG(s) 'read_dataset_event_from_classic', 'read_dataset_event' retrieved from /home/airflow/.local/lib/python3.12/site-packages/airflow/example_dags/example_inlet_event_extra.py
[2025-03-04T17:39:16.400+0000] {logging_mixin.py:190} INFO - [2025-03-04T17:39:16.400+0000] {dag.py:3239} INFO - Sync 2 DAGs
[2025-03-04T17:39:16.442+0000] {logging_mixin.py:190} INFO - [2025-03-04T17:39:16.441+0000] {dag.py:4180} INFO - Setting next_dagrun for read_dataset_event to 2025-03-03 00:00:00+00:00, run_after=2025-03-04 00:00:00+00:00
[2025-03-04T17:39:16.448+0000] {logging_mixin.py:190} INFO - [2025-03-04T17:39:16.448+0000] {dag.py:4180} INFO - Setting next_dagrun for read_dataset_event_from_classic to 2025-03-03 00:00:00+00:00, run_after=2025-03-04 00:00:00+00:00
[2025-03-04T17:39:16.470+0000] {processor.py:208} INFO - Processing /home/airflow/.local/lib/python3.12/site-packages/airflow/example_dags/example_inlet_event_extra.py took 0.764 seconds
[2025-03-04T17:39:47.483+0000] {processor.py:186} INFO - Started process (PID=7006) to work on /home/airflow/.local/lib/python3.12/site-packages/airflow/example_dags/example_inlet_event_extra.py
[2025-03-04T17:39:47.484+0000] {processor.py:914} INFO - Processing file /home/airflow/.local/lib/python3.12/site-packages/airflow/example_dags/example_inlet_event_extra.py for tasks to queue
[2025-03-04T17:39:47.487+0000] {logging_mixin.py:190} INFO - [2025-03-04T17:39:47.487+0000] {dagbag.py:588} INFO - Filling up the DagBag from /home/airflow/.local/lib/python3.12/site-packages/airflow/example_dags/example_inlet_event_extra.py
[2025-03-04T17:39:48.166+0000] {processor.py:925} INFO - DAG(s) 'read_dataset_event', 'read_dataset_event_from_classic' retrieved from /home/airflow/.local/lib/python3.12/site-packages/airflow/example_dags/example_inlet_event_extra.py
[2025-03-04T17:39:48.208+0000] {logging_mixin.py:190} INFO - [2025-03-04T17:39:48.208+0000] {dag.py:3239} INFO - Sync 2 DAGs
[2025-03-04T17:39:48.245+0000] {logging_mixin.py:190} INFO - [2025-03-04T17:39:48.244+0000] {dag.py:4180} INFO - Setting next_dagrun for read_dataset_event to 2025-03-03 00:00:00+00:00, run_after=2025-03-04 00:00:00+00:00
[2025-03-04T17:39:48.251+0000] {logging_mixin.py:190} INFO - [2025-03-04T17:39:48.251+0000] {dag.py:4180} INFO - Setting next_dagrun for read_dataset_event_from_classic to 2025-03-03 00:00:00+00:00, run_after=2025-03-04 00:00:00+00:00
[2025-03-04T17:39:48.274+0000] {processor.py:208} INFO - Processing /home/airflow/.local/lib/python3.12/site-packages/airflow/example_dags/example_inlet_event_extra.py took 0.798 seconds
[2025-03-04T17:40:19.066+0000] {processor.py:186} INFO - Started process (PID=7322) to work on /home/airflow/.local/lib/python3.12/site-packages/airflow/example_dags/example_inlet_event_extra.py
[2025-03-04T17:40:19.067+0000] {processor.py:914} INFO - Processing file /home/airflow/.local/lib/python3.12/site-packages/airflow/example_dags/example_inlet_event_extra.py for tasks to queue
[2025-03-04T17:40:19.070+0000] {logging_mixin.py:190} INFO - [2025-03-04T17:40:19.070+0000] {dagbag.py:588} INFO - Filling up the DagBag from /home/airflow/.local/lib/python3.12/site-packages/airflow/example_dags/example_inlet_event_extra.py
[2025-03-04T17:40:19.694+0000] {processor.py:925} INFO - DAG(s) 'read_dataset_event_from_classic', 'read_dataset_event' retrieved from /home/airflow/.local/lib/python3.12/site-packages/airflow/example_dags/example_inlet_event_extra.py
[2025-03-04T17:40:19.732+0000] {logging_mixin.py:190} INFO - [2025-03-04T17:40:19.731+0000] {dag.py:3239} INFO - Sync 2 DAGs
[2025-03-04T17:40:19.762+0000] {logging_mixin.py:190} INFO - [2025-03-04T17:40:19.762+0000] {dag.py:4180} INFO - Setting next_dagrun for read_dataset_event to 2025-03-03 00:00:00+00:00, run_after=2025-03-04 00:00:00+00:00
[2025-03-04T17:40:19.769+0000] {logging_mixin.py:190} INFO - [2025-03-04T17:40:19.768+0000] {dag.py:4180} INFO - Setting next_dagrun for read_dataset_event_from_classic to 2025-03-03 00:00:00+00:00, run_after=2025-03-04 00:00:00+00:00
[2025-03-04T17:40:19.785+0000] {processor.py:208} INFO - Processing /home/airflow/.local/lib/python3.12/site-packages/airflow/example_dags/example_inlet_event_extra.py took 0.726 seconds
[2025-03-04T17:40:50.690+0000] {processor.py:186} INFO - Started process (PID=7628) to work on /home/airflow/.local/lib/python3.12/site-packages/airflow/example_dags/example_inlet_event_extra.py
[2025-03-04T17:40:50.691+0000] {processor.py:914} INFO - Processing file /home/airflow/.local/lib/python3.12/site-packages/airflow/example_dags/example_inlet_event_extra.py for tasks to queue
[2025-03-04T17:40:50.693+0000] {logging_mixin.py:190} INFO - [2025-03-04T17:40:50.693+0000] {dagbag.py:588} INFO - Filling up the DagBag from /home/airflow/.local/lib/python3.12/site-packages/airflow/example_dags/example_inlet_event_extra.py
[2025-03-04T17:40:51.425+0000] {processor.py:925} INFO - DAG(s) 'read_dataset_event_from_classic', 'read_dataset_event' retrieved from /home/airflow/.local/lib/python3.12/site-packages/airflow/example_dags/example_inlet_event_extra.py
[2025-03-04T17:40:51.454+0000] {logging_mixin.py:190} INFO - [2025-03-04T17:40:51.454+0000] {dag.py:3239} INFO - Sync 2 DAGs
[2025-03-04T17:40:51.500+0000] {logging_mixin.py:190} INFO - [2025-03-04T17:40:51.500+0000] {dag.py:4180} INFO - Setting next_dagrun for read_dataset_event to 2025-03-03 00:00:00+00:00, run_after=2025-03-04 00:00:00+00:00
[2025-03-04T17:40:51.506+0000] {logging_mixin.py:190} INFO - [2025-03-04T17:40:51.506+0000] {dag.py:4180} INFO - Setting next_dagrun for read_dataset_event_from_classic to 2025-03-03 00:00:00+00:00, run_after=2025-03-04 00:00:00+00:00
[2025-03-04T17:40:51.530+0000] {processor.py:208} INFO - Processing /home/airflow/.local/lib/python3.12/site-packages/airflow/example_dags/example_inlet_event_extra.py took 0.847 seconds
[2025-03-04T17:41:22.360+0000] {processor.py:186} INFO - Started process (PID=7934) to work on /home/airflow/.local/lib/python3.12/site-packages/airflow/example_dags/example_inlet_event_extra.py
[2025-03-04T17:41:22.361+0000] {processor.py:914} INFO - Processing file /home/airflow/.local/lib/python3.12/site-packages/airflow/example_dags/example_inlet_event_extra.py for tasks to queue
[2025-03-04T17:41:22.363+0000] {logging_mixin.py:190} INFO - [2025-03-04T17:41:22.363+0000] {dagbag.py:588} INFO - Filling up the DagBag from /home/airflow/.local/lib/python3.12/site-packages/airflow/example_dags/example_inlet_event_extra.py
[2025-03-04T17:41:23.029+0000] {processor.py:925} INFO - DAG(s) 'read_dataset_event', 'read_dataset_event_from_classic' retrieved from /home/airflow/.local/lib/python3.12/site-packages/airflow/example_dags/example_inlet_event_extra.py
[2025-03-04T17:41:23.058+0000] {logging_mixin.py:190} INFO - [2025-03-04T17:41:23.058+0000] {dag.py:3239} INFO - Sync 2 DAGs
[2025-03-04T17:41:23.088+0000] {logging_mixin.py:190} INFO - [2025-03-04T17:41:23.087+0000] {dag.py:4180} INFO - Setting next_dagrun for read_dataset_event to 2025-03-03 00:00:00+00:00, run_after=2025-03-04 00:00:00+00:00
[2025-03-04T17:41:23.094+0000] {logging_mixin.py:190} INFO - [2025-03-04T17:41:23.093+0000] {dag.py:4180} INFO - Setting next_dagrun for read_dataset_event_from_classic to 2025-03-03 00:00:00+00:00, run_after=2025-03-04 00:00:00+00:00
[2025-03-04T17:41:23.139+0000] {processor.py:208} INFO - Processing /home/airflow/.local/lib/python3.12/site-packages/airflow/example_dags/example_inlet_event_extra.py took 0.786 seconds
[2025-03-04T17:41:53.458+0000] {processor.py:186} INFO - Started process (PID=8240) to work on /home/airflow/.local/lib/python3.12/site-packages/airflow/example_dags/example_inlet_event_extra.py
[2025-03-04T17:41:53.459+0000] {processor.py:914} INFO - Processing file /home/airflow/.local/lib/python3.12/site-packages/airflow/example_dags/example_inlet_event_extra.py for tasks to queue
[2025-03-04T17:41:53.462+0000] {logging_mixin.py:190} INFO - [2025-03-04T17:41:53.461+0000] {dagbag.py:588} INFO - Filling up the DagBag from /home/airflow/.local/lib/python3.12/site-packages/airflow/example_dags/example_inlet_event_extra.py
[2025-03-04T17:41:54.072+0000] {processor.py:925} INFO - DAG(s) 'read_dataset_event', 'read_dataset_event_from_classic' retrieved from /home/airflow/.local/lib/python3.12/site-packages/airflow/example_dags/example_inlet_event_extra.py
[2025-03-04T17:41:54.099+0000] {logging_mixin.py:190} INFO - [2025-03-04T17:41:54.098+0000] {dag.py:3239} INFO - Sync 2 DAGs
[2025-03-04T17:41:54.130+0000] {logging_mixin.py:190} INFO - [2025-03-04T17:41:54.130+0000] {dag.py:4180} INFO - Setting next_dagrun for read_dataset_event to 2025-03-03 00:00:00+00:00, run_after=2025-03-04 00:00:00+00:00
[2025-03-04T17:41:54.137+0000] {logging_mixin.py:190} INFO - [2025-03-04T17:41:54.137+0000] {dag.py:4180} INFO - Setting next_dagrun for read_dataset_event_from_classic to 2025-03-03 00:00:00+00:00, run_after=2025-03-04 00:00:00+00:00
[2025-03-04T17:41:54.157+0000] {processor.py:208} INFO - Processing /home/airflow/.local/lib/python3.12/site-packages/airflow/example_dags/example_inlet_event_extra.py took 0.706 seconds
[2025-03-04T17:43:21.900+0000] {processor.py:186} INFO - Started process (PID=464) to work on /home/airflow/.local/lib/python3.12/site-packages/airflow/example_dags/example_inlet_event_extra.py
[2025-03-04T17:43:21.901+0000] {processor.py:914} INFO - Processing file /home/airflow/.local/lib/python3.12/site-packages/airflow/example_dags/example_inlet_event_extra.py for tasks to queue
[2025-03-04T17:43:21.903+0000] {logging_mixin.py:190} INFO - [2025-03-04T17:43:21.903+0000] {dagbag.py:588} INFO - Filling up the DagBag from /home/airflow/.local/lib/python3.12/site-packages/airflow/example_dags/example_inlet_event_extra.py
[2025-03-04T17:43:22.365+0000] {processor.py:925} INFO - DAG(s) 'read_dataset_event', 'read_dataset_event_from_classic' retrieved from /home/airflow/.local/lib/python3.12/site-packages/airflow/example_dags/example_inlet_event_extra.py
[2025-03-04T17:43:22.393+0000] {logging_mixin.py:190} INFO - [2025-03-04T17:43:22.393+0000] {dag.py:3239} INFO - Sync 2 DAGs
[2025-03-04T17:43:22.610+0000] {logging_mixin.py:190} INFO - [2025-03-04T17:43:22.610+0000] {dag.py:4180} INFO - Setting next_dagrun for read_dataset_event to 2025-03-03 00:00:00+00:00, run_after=2025-03-04 00:00:00+00:00
[2025-03-04T17:43:22.616+0000] {logging_mixin.py:190} INFO - [2025-03-04T17:43:22.616+0000] {dag.py:4180} INFO - Setting next_dagrun for read_dataset_event_from_classic to 2025-03-03 00:00:00+00:00, run_after=2025-03-04 00:00:00+00:00
[2025-03-04T17:43:22.640+0000] {processor.py:208} INFO - Processing /home/airflow/.local/lib/python3.12/site-packages/airflow/example_dags/example_inlet_event_extra.py took 0.746 seconds
[2025-03-04T17:43:53.337+0000] {processor.py:186} INFO - Started process (PID=770) to work on /home/airflow/.local/lib/python3.12/site-packages/airflow/example_dags/example_inlet_event_extra.py
[2025-03-04T17:43:53.338+0000] {processor.py:914} INFO - Processing file /home/airflow/.local/lib/python3.12/site-packages/airflow/example_dags/example_inlet_event_extra.py for tasks to queue
[2025-03-04T17:43:53.340+0000] {logging_mixin.py:190} INFO - [2025-03-04T17:43:53.340+0000] {dagbag.py:588} INFO - Filling up the DagBag from /home/airflow/.local/lib/python3.12/site-packages/airflow/example_dags/example_inlet_event_extra.py
[2025-03-04T17:43:53.796+0000] {processor.py:925} INFO - DAG(s) 'read_dataset_event', 'read_dataset_event_from_classic' retrieved from /home/airflow/.local/lib/python3.12/site-packages/airflow/example_dags/example_inlet_event_extra.py
[2025-03-04T17:43:53.820+0000] {logging_mixin.py:190} INFO - [2025-03-04T17:43:53.820+0000] {dag.py:3239} INFO - Sync 2 DAGs
[2025-03-04T17:43:54.031+0000] {logging_mixin.py:190} INFO - [2025-03-04T17:43:54.030+0000] {dag.py:4180} INFO - Setting next_dagrun for read_dataset_event to 2025-03-03 00:00:00+00:00, run_after=2025-03-04 00:00:00+00:00
[2025-03-04T17:43:54.037+0000] {logging_mixin.py:190} INFO - [2025-03-04T17:43:54.036+0000] {dag.py:4180} INFO - Setting next_dagrun for read_dataset_event_from_classic to 2025-03-03 00:00:00+00:00, run_after=2025-03-04 00:00:00+00:00
[2025-03-04T17:43:54.401+0000] {processor.py:208} INFO - Processing /home/airflow/.local/lib/python3.12/site-packages/airflow/example_dags/example_inlet_event_extra.py took 1.073 seconds
[2025-03-04T17:44:25.308+0000] {processor.py:186} INFO - Started process (PID=1101) to work on /home/airflow/.local/lib/python3.12/site-packages/airflow/example_dags/example_inlet_event_extra.py
[2025-03-04T17:44:25.309+0000] {processor.py:914} INFO - Processing file /home/airflow/.local/lib/python3.12/site-packages/airflow/example_dags/example_inlet_event_extra.py for tasks to queue
[2025-03-04T17:44:25.311+0000] {logging_mixin.py:190} INFO - [2025-03-04T17:44:25.311+0000] {dagbag.py:588} INFO - Filling up the DagBag from /home/airflow/.local/lib/python3.12/site-packages/airflow/example_dags/example_inlet_event_extra.py
[2025-03-04T17:44:25.848+0000] {processor.py:925} INFO - DAG(s) 'read_dataset_event', 'read_dataset_event_from_classic' retrieved from /home/airflow/.local/lib/python3.12/site-packages/airflow/example_dags/example_inlet_event_extra.py
[2025-03-04T17:44:25.873+0000] {logging_mixin.py:190} INFO - [2025-03-04T17:44:25.872+0000] {dag.py:3239} INFO - Sync 2 DAGs
[2025-03-04T17:44:26.132+0000] {logging_mixin.py:190} INFO - [2025-03-04T17:44:26.132+0000] {dag.py:4180} INFO - Setting next_dagrun for read_dataset_event to 2025-03-03 00:00:00+00:00, run_after=2025-03-04 00:00:00+00:00
[2025-03-04T17:44:26.146+0000] {logging_mixin.py:190} INFO - [2025-03-04T17:44:26.146+0000] {dag.py:4180} INFO - Setting next_dagrun for read_dataset_event_from_classic to 2025-03-03 00:00:00+00:00, run_after=2025-03-04 00:00:00+00:00
[2025-03-04T17:44:26.183+0000] {processor.py:208} INFO - Processing /home/airflow/.local/lib/python3.12/site-packages/airflow/example_dags/example_inlet_event_extra.py took 0.882 seconds
[2025-03-04T17:44:56.266+0000] {processor.py:186} INFO - Started process (PID=1409) to work on /home/airflow/.local/lib/python3.12/site-packages/airflow/example_dags/example_inlet_event_extra.py
[2025-03-04T17:44:56.267+0000] {processor.py:914} INFO - Processing file /home/airflow/.local/lib/python3.12/site-packages/airflow/example_dags/example_inlet_event_extra.py for tasks to queue
[2025-03-04T17:44:56.271+0000] {logging_mixin.py:190} INFO - [2025-03-04T17:44:56.270+0000] {dagbag.py:588} INFO - Filling up the DagBag from /home/airflow/.local/lib/python3.12/site-packages/airflow/example_dags/example_inlet_event_extra.py
[2025-03-04T17:44:56.757+0000] {processor.py:925} INFO - DAG(s) 'read_dataset_event_from_classic', 'read_dataset_event' retrieved from /home/airflow/.local/lib/python3.12/site-packages/airflow/example_dags/example_inlet_event_extra.py
[2025-03-04T17:44:56.787+0000] {logging_mixin.py:190} INFO - [2025-03-04T17:44:56.787+0000] {dag.py:3239} INFO - Sync 2 DAGs
[2025-03-04T17:44:57.030+0000] {logging_mixin.py:190} INFO - [2025-03-04T17:44:57.029+0000] {dag.py:4180} INFO - Setting next_dagrun for read_dataset_event to 2025-03-03 00:00:00+00:00, run_after=2025-03-04 00:00:00+00:00
[2025-03-04T17:44:57.045+0000] {logging_mixin.py:190} INFO - [2025-03-04T17:44:57.045+0000] {dag.py:4180} INFO - Setting next_dagrun for read_dataset_event_from_classic to 2025-03-03 00:00:00+00:00, run_after=2025-03-04 00:00:00+00:00
[2025-03-04T17:44:57.073+0000] {processor.py:208} INFO - Processing /home/airflow/.local/lib/python3.12/site-packages/airflow/example_dags/example_inlet_event_extra.py took 0.817 seconds
[2025-03-04T17:45:27.474+0000] {processor.py:186} INFO - Started process (PID=1715) to work on /home/airflow/.local/lib/python3.12/site-packages/airflow/example_dags/example_inlet_event_extra.py
[2025-03-04T17:45:27.475+0000] {processor.py:914} INFO - Processing file /home/airflow/.local/lib/python3.12/site-packages/airflow/example_dags/example_inlet_event_extra.py for tasks to queue
[2025-03-04T17:45:27.478+0000] {logging_mixin.py:190} INFO - [2025-03-04T17:45:27.477+0000] {dagbag.py:588} INFO - Filling up the DagBag from /home/airflow/.local/lib/python3.12/site-packages/airflow/example_dags/example_inlet_event_extra.py
[2025-03-04T17:45:27.929+0000] {processor.py:925} INFO - DAG(s) 'read_dataset_event_from_classic', 'read_dataset_event' retrieved from /home/airflow/.local/lib/python3.12/site-packages/airflow/example_dags/example_inlet_event_extra.py
[2025-03-04T17:45:27.956+0000] {logging_mixin.py:190} INFO - [2025-03-04T17:45:27.956+0000] {dag.py:3239} INFO - Sync 2 DAGs
[2025-03-04T17:45:28.194+0000] {logging_mixin.py:190} INFO - [2025-03-04T17:45:28.193+0000] {dag.py:4180} INFO - Setting next_dagrun for read_dataset_event to 2025-03-03 00:00:00+00:00, run_after=2025-03-04 00:00:00+00:00
[2025-03-04T17:45:28.209+0000] {logging_mixin.py:190} INFO - [2025-03-04T17:45:28.209+0000] {dag.py:4180} INFO - Setting next_dagrun for read_dataset_event_from_classic to 2025-03-03 00:00:00+00:00, run_after=2025-03-04 00:00:00+00:00
[2025-03-04T17:45:28.249+0000] {processor.py:208} INFO - Processing /home/airflow/.local/lib/python3.12/site-packages/airflow/example_dags/example_inlet_event_extra.py took 0.781 seconds
[2025-03-04T17:45:58.354+0000] {processor.py:186} INFO - Started process (PID=2021) to work on /home/airflow/.local/lib/python3.12/site-packages/airflow/example_dags/example_inlet_event_extra.py
[2025-03-04T17:45:58.355+0000] {processor.py:914} INFO - Processing file /home/airflow/.local/lib/python3.12/site-packages/airflow/example_dags/example_inlet_event_extra.py for tasks to queue
[2025-03-04T17:45:58.357+0000] {logging_mixin.py:190} INFO - [2025-03-04T17:45:58.357+0000] {dagbag.py:588} INFO - Filling up the DagBag from /home/airflow/.local/lib/python3.12/site-packages/airflow/example_dags/example_inlet_event_extra.py
[2025-03-04T17:45:59.012+0000] {processor.py:925} INFO - DAG(s) 'read_dataset_event', 'read_dataset_event_from_classic' retrieved from /home/airflow/.local/lib/python3.12/site-packages/airflow/example_dags/example_inlet_event_extra.py
[2025-03-04T17:45:59.046+0000] {logging_mixin.py:190} INFO - [2025-03-04T17:45:59.045+0000] {dag.py:3239} INFO - Sync 2 DAGs
[2025-03-04T17:45:59.077+0000] {logging_mixin.py:190} INFO - [2025-03-04T17:45:59.077+0000] {dag.py:4180} INFO - Setting next_dagrun for read_dataset_event to 2025-03-03 00:00:00+00:00, run_after=2025-03-04 00:00:00+00:00
[2025-03-04T17:45:59.083+0000] {logging_mixin.py:190} INFO - [2025-03-04T17:45:59.083+0000] {dag.py:4180} INFO - Setting next_dagrun for read_dataset_event_from_classic to 2025-03-03 00:00:00+00:00, run_after=2025-03-04 00:00:00+00:00
[2025-03-04T17:45:59.115+0000] {processor.py:208} INFO - Processing /home/airflow/.local/lib/python3.12/site-packages/airflow/example_dags/example_inlet_event_extra.py took 0.767 seconds
[2025-03-04T17:46:29.490+0000] {processor.py:186} INFO - Started process (PID=2327) to work on /home/airflow/.local/lib/python3.12/site-packages/airflow/example_dags/example_inlet_event_extra.py
[2025-03-04T17:46:29.491+0000] {processor.py:914} INFO - Processing file /home/airflow/.local/lib/python3.12/site-packages/airflow/example_dags/example_inlet_event_extra.py for tasks to queue
[2025-03-04T17:46:29.493+0000] {logging_mixin.py:190} INFO - [2025-03-04T17:46:29.493+0000] {dagbag.py:588} INFO - Filling up the DagBag from /home/airflow/.local/lib/python3.12/site-packages/airflow/example_dags/example_inlet_event_extra.py
[2025-03-04T17:46:30.117+0000] {processor.py:925} INFO - DAG(s) 'read_dataset_event_from_classic', 'read_dataset_event' retrieved from /home/airflow/.local/lib/python3.12/site-packages/airflow/example_dags/example_inlet_event_extra.py
[2025-03-04T17:46:30.139+0000] {logging_mixin.py:190} INFO - [2025-03-04T17:46:30.138+0000] {dag.py:3239} INFO - Sync 2 DAGs
[2025-03-04T17:46:30.168+0000] {logging_mixin.py:190} INFO - [2025-03-04T17:46:30.168+0000] {dag.py:4180} INFO - Setting next_dagrun for read_dataset_event to 2025-03-03 00:00:00+00:00, run_after=2025-03-04 00:00:00+00:00
[2025-03-04T17:46:30.173+0000] {logging_mixin.py:190} INFO - [2025-03-04T17:46:30.173+0000] {dag.py:4180} INFO - Setting next_dagrun for read_dataset_event_from_classic to 2025-03-03 00:00:00+00:00, run_after=2025-03-04 00:00:00+00:00
[2025-03-04T17:46:30.203+0000] {processor.py:208} INFO - Processing /home/airflow/.local/lib/python3.12/site-packages/airflow/example_dags/example_inlet_event_extra.py took 0.719 seconds
[2025-03-04T17:47:00.332+0000] {processor.py:186} INFO - Started process (PID=2633) to work on /home/airflow/.local/lib/python3.12/site-packages/airflow/example_dags/example_inlet_event_extra.py
[2025-03-04T17:47:00.333+0000] {processor.py:914} INFO - Processing file /home/airflow/.local/lib/python3.12/site-packages/airflow/example_dags/example_inlet_event_extra.py for tasks to queue
[2025-03-04T17:47:00.335+0000] {logging_mixin.py:190} INFO - [2025-03-04T17:47:00.335+0000] {dagbag.py:588} INFO - Filling up the DagBag from /home/airflow/.local/lib/python3.12/site-packages/airflow/example_dags/example_inlet_event_extra.py
[2025-03-04T17:47:01.001+0000] {processor.py:925} INFO - DAG(s) 'read_dataset_event_from_classic', 'read_dataset_event' retrieved from /home/airflow/.local/lib/python3.12/site-packages/airflow/example_dags/example_inlet_event_extra.py
[2025-03-04T17:47:01.027+0000] {logging_mixin.py:190} INFO - [2025-03-04T17:47:01.027+0000] {dag.py:3239} INFO - Sync 2 DAGs
[2025-03-04T17:47:01.062+0000] {logging_mixin.py:190} INFO - [2025-03-04T17:47:01.062+0000] {dag.py:4180} INFO - Setting next_dagrun for read_dataset_event to 2025-03-03 00:00:00+00:00, run_after=2025-03-04 00:00:00+00:00
[2025-03-04T17:47:01.070+0000] {logging_mixin.py:190} INFO - [2025-03-04T17:47:01.069+0000] {dag.py:4180} INFO - Setting next_dagrun for read_dataset_event_from_classic to 2025-03-03 00:00:00+00:00, run_after=2025-03-04 00:00:00+00:00
[2025-03-04T17:47:01.094+0000] {processor.py:208} INFO - Processing /home/airflow/.local/lib/python3.12/site-packages/airflow/example_dags/example_inlet_event_extra.py took 0.769 seconds
[2025-03-04T17:47:31.979+0000] {processor.py:186} INFO - Started process (PID=2934) to work on /home/airflow/.local/lib/python3.12/site-packages/airflow/example_dags/example_inlet_event_extra.py
[2025-03-04T17:47:31.980+0000] {processor.py:914} INFO - Processing file /home/airflow/.local/lib/python3.12/site-packages/airflow/example_dags/example_inlet_event_extra.py for tasks to queue
[2025-03-04T17:47:31.983+0000] {logging_mixin.py:190} INFO - [2025-03-04T17:47:31.982+0000] {dagbag.py:588} INFO - Filling up the DagBag from /home/airflow/.local/lib/python3.12/site-packages/airflow/example_dags/example_inlet_event_extra.py
[2025-03-04T17:47:32.736+0000] {processor.py:925} INFO - DAG(s) 'read_dataset_event_from_classic', 'read_dataset_event' retrieved from /home/airflow/.local/lib/python3.12/site-packages/airflow/example_dags/example_inlet_event_extra.py
[2025-03-04T17:47:32.780+0000] {logging_mixin.py:190} INFO - [2025-03-04T17:47:32.780+0000] {dag.py:3239} INFO - Sync 2 DAGs
[2025-03-04T17:47:32.816+0000] {logging_mixin.py:190} INFO - [2025-03-04T17:47:32.816+0000] {dag.py:4180} INFO - Setting next_dagrun for read_dataset_event to 2025-03-03 00:00:00+00:00, run_after=2025-03-04 00:00:00+00:00
[2025-03-04T17:47:32.822+0000] {logging_mixin.py:190} INFO - [2025-03-04T17:47:32.822+0000] {dag.py:4180} INFO - Setting next_dagrun for read_dataset_event_from_classic to 2025-03-03 00:00:00+00:00, run_after=2025-03-04 00:00:00+00:00
[2025-03-04T17:47:32.856+0000] {processor.py:208} INFO - Processing /home/airflow/.local/lib/python3.12/site-packages/airflow/example_dags/example_inlet_event_extra.py took 0.883 seconds
[2025-03-04T17:48:03.547+0000] {processor.py:186} INFO - Started process (PID=3245) to work on /home/airflow/.local/lib/python3.12/site-packages/airflow/example_dags/example_inlet_event_extra.py
[2025-03-04T17:48:03.549+0000] {processor.py:914} INFO - Processing file /home/airflow/.local/lib/python3.12/site-packages/airflow/example_dags/example_inlet_event_extra.py for tasks to queue
[2025-03-04T17:48:03.552+0000] {logging_mixin.py:190} INFO - [2025-03-04T17:48:03.551+0000] {dagbag.py:588} INFO - Filling up the DagBag from /home/airflow/.local/lib/python3.12/site-packages/airflow/example_dags/example_inlet_event_extra.py
[2025-03-04T17:48:04.224+0000] {processor.py:925} INFO - DAG(s) 'read_dataset_event', 'read_dataset_event_from_classic' retrieved from /home/airflow/.local/lib/python3.12/site-packages/airflow/example_dags/example_inlet_event_extra.py
[2025-03-04T17:48:04.251+0000] {logging_mixin.py:190} INFO - [2025-03-04T17:48:04.251+0000] {dag.py:3239} INFO - Sync 2 DAGs
[2025-03-04T17:48:04.277+0000] {logging_mixin.py:190} INFO - [2025-03-04T17:48:04.276+0000] {dag.py:4180} INFO - Setting next_dagrun for read_dataset_event to 2025-03-03 00:00:00+00:00, run_after=2025-03-04 00:00:00+00:00
[2025-03-04T17:48:04.282+0000] {logging_mixin.py:190} INFO - [2025-03-04T17:48:04.282+0000] {dag.py:4180} INFO - Setting next_dagrun for read_dataset_event_from_classic to 2025-03-03 00:00:00+00:00, run_after=2025-03-04 00:00:00+00:00
[2025-03-04T17:48:04.303+0000] {processor.py:208} INFO - Processing /home/airflow/.local/lib/python3.12/site-packages/airflow/example_dags/example_inlet_event_extra.py took 0.761 seconds
[2025-03-04T17:48:34.666+0000] {processor.py:186} INFO - Started process (PID=3552) to work on /home/airflow/.local/lib/python3.12/site-packages/airflow/example_dags/example_inlet_event_extra.py
[2025-03-04T17:48:34.667+0000] {processor.py:914} INFO - Processing file /home/airflow/.local/lib/python3.12/site-packages/airflow/example_dags/example_inlet_event_extra.py for tasks to queue
[2025-03-04T17:48:34.672+0000] {logging_mixin.py:190} INFO - [2025-03-04T17:48:34.671+0000] {dagbag.py:588} INFO - Filling up the DagBag from /home/airflow/.local/lib/python3.12/site-packages/airflow/example_dags/example_inlet_event_extra.py
[2025-03-04T17:48:35.362+0000] {processor.py:925} INFO - DAG(s) 'read_dataset_event_from_classic', 'read_dataset_event' retrieved from /home/airflow/.local/lib/python3.12/site-packages/airflow/example_dags/example_inlet_event_extra.py
[2025-03-04T17:48:35.389+0000] {logging_mixin.py:190} INFO - [2025-03-04T17:48:35.389+0000] {dag.py:3239} INFO - Sync 2 DAGs
[2025-03-04T17:48:35.418+0000] {logging_mixin.py:190} INFO - [2025-03-04T17:48:35.417+0000] {dag.py:4180} INFO - Setting next_dagrun for read_dataset_event to 2025-03-03 00:00:00+00:00, run_after=2025-03-04 00:00:00+00:00
[2025-03-04T17:48:35.423+0000] {logging_mixin.py:190} INFO - [2025-03-04T17:48:35.423+0000] {dag.py:4180} INFO - Setting next_dagrun for read_dataset_event_from_classic to 2025-03-03 00:00:00+00:00, run_after=2025-03-04 00:00:00+00:00
[2025-03-04T17:48:35.444+0000] {processor.py:208} INFO - Processing /home/airflow/.local/lib/python3.12/site-packages/airflow/example_dags/example_inlet_event_extra.py took 0.785 seconds
[2025-03-04T17:49:05.666+0000] {processor.py:186} INFO - Started process (PID=3861) to work on /home/airflow/.local/lib/python3.12/site-packages/airflow/example_dags/example_inlet_event_extra.py
[2025-03-04T17:49:05.668+0000] {processor.py:914} INFO - Processing file /home/airflow/.local/lib/python3.12/site-packages/airflow/example_dags/example_inlet_event_extra.py for tasks to queue
[2025-03-04T17:49:05.672+0000] {logging_mixin.py:190} INFO - [2025-03-04T17:49:05.672+0000] {dagbag.py:588} INFO - Filling up the DagBag from /home/airflow/.local/lib/python3.12/site-packages/airflow/example_dags/example_inlet_event_extra.py
[2025-03-04T17:49:06.443+0000] {processor.py:925} INFO - DAG(s) 'read_dataset_event', 'read_dataset_event_from_classic' retrieved from /home/airflow/.local/lib/python3.12/site-packages/airflow/example_dags/example_inlet_event_extra.py
[2025-03-04T17:49:06.480+0000] {logging_mixin.py:190} INFO - [2025-03-04T17:49:06.480+0000] {dag.py:3239} INFO - Sync 2 DAGs
[2025-03-04T17:49:06.511+0000] {logging_mixin.py:190} INFO - [2025-03-04T17:49:06.510+0000] {dag.py:4180} INFO - Setting next_dagrun for read_dataset_event to 2025-03-03 00:00:00+00:00, run_after=2025-03-04 00:00:00+00:00
[2025-03-04T17:49:06.517+0000] {logging_mixin.py:190} INFO - [2025-03-04T17:49:06.517+0000] {dag.py:4180} INFO - Setting next_dagrun for read_dataset_event_from_classic to 2025-03-03 00:00:00+00:00, run_after=2025-03-04 00:00:00+00:00
[2025-03-04T17:49:06.540+0000] {processor.py:208} INFO - Processing /home/airflow/.local/lib/python3.12/site-packages/airflow/example_dags/example_inlet_event_extra.py took 0.880 seconds
[2025-03-04T17:49:36.735+0000] {processor.py:186} INFO - Started process (PID=4167) to work on /home/airflow/.local/lib/python3.12/site-packages/airflow/example_dags/example_inlet_event_extra.py
[2025-03-04T17:49:36.737+0000] {processor.py:914} INFO - Processing file /home/airflow/.local/lib/python3.12/site-packages/airflow/example_dags/example_inlet_event_extra.py for tasks to queue
[2025-03-04T17:49:36.739+0000] {logging_mixin.py:190} INFO - [2025-03-04T17:49:36.739+0000] {dagbag.py:588} INFO - Filling up the DagBag from /home/airflow/.local/lib/python3.12/site-packages/airflow/example_dags/example_inlet_event_extra.py
[2025-03-04T17:49:37.434+0000] {processor.py:925} INFO - DAG(s) 'read_dataset_event', 'read_dataset_event_from_classic' retrieved from /home/airflow/.local/lib/python3.12/site-packages/airflow/example_dags/example_inlet_event_extra.py
[2025-03-04T17:49:37.461+0000] {logging_mixin.py:190} INFO - [2025-03-04T17:49:37.461+0000] {dag.py:3239} INFO - Sync 2 DAGs
[2025-03-04T17:49:37.492+0000] {logging_mixin.py:190} INFO - [2025-03-04T17:49:37.492+0000] {dag.py:4180} INFO - Setting next_dagrun for read_dataset_event to 2025-03-03 00:00:00+00:00, run_after=2025-03-04 00:00:00+00:00
[2025-03-04T17:49:37.499+0000] {logging_mixin.py:190} INFO - [2025-03-04T17:49:37.498+0000] {dag.py:4180} INFO - Setting next_dagrun for read_dataset_event_from_classic to 2025-03-03 00:00:00+00:00, run_after=2025-03-04 00:00:00+00:00
[2025-03-04T17:49:37.527+0000] {processor.py:208} INFO - Processing /home/airflow/.local/lib/python3.12/site-packages/airflow/example_dags/example_inlet_event_extra.py took 0.799 seconds
[2025-03-04T17:52:43.444+0000] {processor.py:186} INFO - Started process (PID=464) to work on /home/airflow/.local/lib/python3.12/site-packages/airflow/example_dags/example_inlet_event_extra.py
[2025-03-04T17:52:43.445+0000] {processor.py:914} INFO - Processing file /home/airflow/.local/lib/python3.12/site-packages/airflow/example_dags/example_inlet_event_extra.py for tasks to queue
[2025-03-04T17:52:43.447+0000] {logging_mixin.py:190} INFO - [2025-03-04T17:52:43.446+0000] {dagbag.py:588} INFO - Filling up the DagBag from /home/airflow/.local/lib/python3.12/site-packages/airflow/example_dags/example_inlet_event_extra.py
[2025-03-04T17:52:43.914+0000] {processor.py:925} INFO - DAG(s) 'read_dataset_event_from_classic', 'read_dataset_event' retrieved from /home/airflow/.local/lib/python3.12/site-packages/airflow/example_dags/example_inlet_event_extra.py
[2025-03-04T17:52:43.938+0000] {logging_mixin.py:190} INFO - [2025-03-04T17:52:43.937+0000] {dag.py:3239} INFO - Sync 2 DAGs
[2025-03-04T17:52:44.149+0000] {logging_mixin.py:190} INFO - [2025-03-04T17:52:44.149+0000] {dag.py:4180} INFO - Setting next_dagrun for read_dataset_event to 2025-03-03 00:00:00+00:00, run_after=2025-03-04 00:00:00+00:00
[2025-03-04T17:52:44.155+0000] {logging_mixin.py:190} INFO - [2025-03-04T17:52:44.155+0000] {dag.py:4180} INFO - Setting next_dagrun for read_dataset_event_from_classic to 2025-03-03 00:00:00+00:00, run_after=2025-03-04 00:00:00+00:00
[2025-03-04T17:52:44.178+0000] {processor.py:208} INFO - Processing /home/airflow/.local/lib/python3.12/site-packages/airflow/example_dags/example_inlet_event_extra.py took 0.741 seconds
[2025-03-04T17:53:15.288+0000] {processor.py:186} INFO - Started process (PID=770) to work on /home/airflow/.local/lib/python3.12/site-packages/airflow/example_dags/example_inlet_event_extra.py
[2025-03-04T17:53:15.289+0000] {processor.py:914} INFO - Processing file /home/airflow/.local/lib/python3.12/site-packages/airflow/example_dags/example_inlet_event_extra.py for tasks to queue
[2025-03-04T17:53:15.292+0000] {logging_mixin.py:190} INFO - [2025-03-04T17:53:15.292+0000] {dagbag.py:588} INFO - Filling up the DagBag from /home/airflow/.local/lib/python3.12/site-packages/airflow/example_dags/example_inlet_event_extra.py
[2025-03-04T17:53:15.782+0000] {processor.py:925} INFO - DAG(s) 'read_dataset_event', 'read_dataset_event_from_classic' retrieved from /home/airflow/.local/lib/python3.12/site-packages/airflow/example_dags/example_inlet_event_extra.py
[2025-03-04T17:53:15.806+0000] {logging_mixin.py:190} INFO - [2025-03-04T17:53:15.806+0000] {dag.py:3239} INFO - Sync 2 DAGs
[2025-03-04T17:53:16.032+0000] {logging_mixin.py:190} INFO - [2025-03-04T17:53:16.032+0000] {dag.py:4180} INFO - Setting next_dagrun for read_dataset_event to 2025-03-03 00:00:00+00:00, run_after=2025-03-04 00:00:00+00:00
[2025-03-04T17:53:16.039+0000] {logging_mixin.py:190} INFO - [2025-03-04T17:53:16.039+0000] {dag.py:4180} INFO - Setting next_dagrun for read_dataset_event_from_classic to 2025-03-03 00:00:00+00:00, run_after=2025-03-04 00:00:00+00:00
[2025-03-04T17:53:16.062+0000] {processor.py:208} INFO - Processing /home/airflow/.local/lib/python3.12/site-packages/airflow/example_dags/example_inlet_event_extra.py took 0.785 seconds
[2025-03-04T17:53:46.634+0000] {processor.py:186} INFO - Started process (PID=1076) to work on /home/airflow/.local/lib/python3.12/site-packages/airflow/example_dags/example_inlet_event_extra.py
[2025-03-04T17:53:46.636+0000] {processor.py:914} INFO - Processing file /home/airflow/.local/lib/python3.12/site-packages/airflow/example_dags/example_inlet_event_extra.py for tasks to queue
[2025-03-04T17:53:46.639+0000] {logging_mixin.py:190} INFO - [2025-03-04T17:53:46.638+0000] {dagbag.py:588} INFO - Filling up the DagBag from /home/airflow/.local/lib/python3.12/site-packages/airflow/example_dags/example_inlet_event_extra.py
[2025-03-04T17:53:47.126+0000] {processor.py:925} INFO - DAG(s) 'read_dataset_event', 'read_dataset_event_from_classic' retrieved from /home/airflow/.local/lib/python3.12/site-packages/airflow/example_dags/example_inlet_event_extra.py
[2025-03-04T17:53:47.160+0000] {logging_mixin.py:190} INFO - [2025-03-04T17:53:47.160+0000] {dag.py:3239} INFO - Sync 2 DAGs
[2025-03-04T17:53:47.444+0000] {logging_mixin.py:190} INFO - [2025-03-04T17:53:47.443+0000] {dag.py:4180} INFO - Setting next_dagrun for read_dataset_event to 2025-03-03 00:00:00+00:00, run_after=2025-03-04 00:00:00+00:00
[2025-03-04T17:53:47.451+0000] {logging_mixin.py:190} INFO - [2025-03-04T17:53:47.450+0000] {dag.py:4180} INFO - Setting next_dagrun for read_dataset_event_from_classic to 2025-03-03 00:00:00+00:00, run_after=2025-03-04 00:00:00+00:00
[2025-03-04T17:53:47.469+0000] {processor.py:208} INFO - Processing /home/airflow/.local/lib/python3.12/site-packages/airflow/example_dags/example_inlet_event_extra.py took 0.845 seconds
[2025-03-04T17:54:17.837+0000] {processor.py:186} INFO - Started process (PID=1409) to work on /home/airflow/.local/lib/python3.12/site-packages/airflow/example_dags/example_inlet_event_extra.py
[2025-03-04T17:54:17.839+0000] {processor.py:914} INFO - Processing file /home/airflow/.local/lib/python3.12/site-packages/airflow/example_dags/example_inlet_event_extra.py for tasks to queue
[2025-03-04T17:54:17.841+0000] {logging_mixin.py:190} INFO - [2025-03-04T17:54:17.840+0000] {dagbag.py:588} INFO - Filling up the DagBag from /home/airflow/.local/lib/python3.12/site-packages/airflow/example_dags/example_inlet_event_extra.py
[2025-03-04T17:54:18.367+0000] {processor.py:925} INFO - DAG(s) 'read_dataset_event', 'read_dataset_event_from_classic' retrieved from /home/airflow/.local/lib/python3.12/site-packages/airflow/example_dags/example_inlet_event_extra.py
[2025-03-04T17:54:18.412+0000] {logging_mixin.py:190} INFO - [2025-03-04T17:54:18.411+0000] {dag.py:3239} INFO - Sync 2 DAGs
[2025-03-04T17:54:18.639+0000] {logging_mixin.py:190} INFO - [2025-03-04T17:54:18.638+0000] {dag.py:4180} INFO - Setting next_dagrun for read_dataset_event to 2025-03-03 00:00:00+00:00, run_after=2025-03-04 00:00:00+00:00
[2025-03-04T17:54:18.646+0000] {logging_mixin.py:190} INFO - [2025-03-04T17:54:18.645+0000] {dag.py:4180} INFO - Setting next_dagrun for read_dataset_event_from_classic to 2025-03-03 00:00:00+00:00, run_after=2025-03-04 00:00:00+00:00
[2025-03-04T17:54:18.671+0000] {processor.py:208} INFO - Processing /home/airflow/.local/lib/python3.12/site-packages/airflow/example_dags/example_inlet_event_extra.py took 0.842 seconds
[2025-03-04T17:54:48.938+0000] {processor.py:186} INFO - Started process (PID=1725) to work on /home/airflow/.local/lib/python3.12/site-packages/airflow/example_dags/example_inlet_event_extra.py
[2025-03-04T17:54:48.940+0000] {processor.py:914} INFO - Processing file /home/airflow/.local/lib/python3.12/site-packages/airflow/example_dags/example_inlet_event_extra.py for tasks to queue
[2025-03-04T17:54:48.943+0000] {logging_mixin.py:190} INFO - [2025-03-04T17:54:48.942+0000] {dagbag.py:588} INFO - Filling up the DagBag from /home/airflow/.local/lib/python3.12/site-packages/airflow/example_dags/example_inlet_event_extra.py
[2025-03-04T17:54:49.765+0000] {processor.py:925} INFO - DAG(s) 'read_dataset_event', 'read_dataset_event_from_classic' retrieved from /home/airflow/.local/lib/python3.12/site-packages/airflow/example_dags/example_inlet_event_extra.py
[2025-03-04T17:54:49.801+0000] {logging_mixin.py:190} INFO - [2025-03-04T17:54:49.801+0000] {dag.py:3239} INFO - Sync 2 DAGs
[2025-03-04T17:54:49.838+0000] {logging_mixin.py:190} INFO - [2025-03-04T17:54:49.838+0000] {dag.py:4180} INFO - Setting next_dagrun for read_dataset_event to 2025-03-03 00:00:00+00:00, run_after=2025-03-04 00:00:00+00:00
[2025-03-04T17:54:49.848+0000] {logging_mixin.py:190} INFO - [2025-03-04T17:54:49.847+0000] {dag.py:4180} INFO - Setting next_dagrun for read_dataset_event_from_classic to 2025-03-03 00:00:00+00:00, run_after=2025-03-04 00:00:00+00:00
[2025-03-04T17:54:49.886+0000] {processor.py:208} INFO - Processing /home/airflow/.local/lib/python3.12/site-packages/airflow/example_dags/example_inlet_event_extra.py took 0.955 seconds
[2025-03-04T17:56:42.040+0000] {processor.py:186} INFO - Started process (PID=464) to work on /home/airflow/.local/lib/python3.12/site-packages/airflow/example_dags/example_inlet_event_extra.py
[2025-03-04T17:56:42.041+0000] {processor.py:914} INFO - Processing file /home/airflow/.local/lib/python3.12/site-packages/airflow/example_dags/example_inlet_event_extra.py for tasks to queue
[2025-03-04T17:56:42.043+0000] {logging_mixin.py:190} INFO - [2025-03-04T17:56:42.043+0000] {dagbag.py:588} INFO - Filling up the DagBag from /home/airflow/.local/lib/python3.12/site-packages/airflow/example_dags/example_inlet_event_extra.py
[2025-03-04T17:56:42.492+0000] {processor.py:925} INFO - DAG(s) 'read_dataset_event', 'read_dataset_event_from_classic' retrieved from /home/airflow/.local/lib/python3.12/site-packages/airflow/example_dags/example_inlet_event_extra.py
[2025-03-04T17:56:42.521+0000] {logging_mixin.py:190} INFO - [2025-03-04T17:56:42.520+0000] {dag.py:3239} INFO - Sync 2 DAGs
[2025-03-04T17:56:42.741+0000] {logging_mixin.py:190} INFO - [2025-03-04T17:56:42.740+0000] {dag.py:4180} INFO - Setting next_dagrun for read_dataset_event to 2025-03-03 00:00:00+00:00, run_after=2025-03-04 00:00:00+00:00
[2025-03-04T17:56:42.750+0000] {logging_mixin.py:190} INFO - [2025-03-04T17:56:42.749+0000] {dag.py:4180} INFO - Setting next_dagrun for read_dataset_event_from_classic to 2025-03-03 00:00:00+00:00, run_after=2025-03-04 00:00:00+00:00
[2025-03-04T17:56:42.778+0000] {processor.py:208} INFO - Processing /home/airflow/.local/lib/python3.12/site-packages/airflow/example_dags/example_inlet_event_extra.py took 0.744 seconds
[2025-03-04T17:57:12.995+0000] {processor.py:186} INFO - Started process (PID=806) to work on /home/airflow/.local/lib/python3.12/site-packages/airflow/example_dags/example_inlet_event_extra.py
[2025-03-04T17:57:12.997+0000] {processor.py:914} INFO - Processing file /home/airflow/.local/lib/python3.12/site-packages/airflow/example_dags/example_inlet_event_extra.py for tasks to queue
[2025-03-04T17:57:12.999+0000] {logging_mixin.py:190} INFO - [2025-03-04T17:57:12.999+0000] {dagbag.py:588} INFO - Filling up the DagBag from /home/airflow/.local/lib/python3.12/site-packages/airflow/example_dags/example_inlet_event_extra.py
[2025-03-04T17:57:13.492+0000] {processor.py:925} INFO - DAG(s) 'read_dataset_event_from_classic', 'read_dataset_event' retrieved from /home/airflow/.local/lib/python3.12/site-packages/airflow/example_dags/example_inlet_event_extra.py
[2025-03-04T17:57:13.530+0000] {logging_mixin.py:190} INFO - [2025-03-04T17:57:13.530+0000] {dag.py:3239} INFO - Sync 2 DAGs
[2025-03-04T17:57:13.767+0000] {logging_mixin.py:190} INFO - [2025-03-04T17:57:13.766+0000] {dag.py:4180} INFO - Setting next_dagrun for read_dataset_event to 2025-03-03 00:00:00+00:00, run_after=2025-03-04 00:00:00+00:00
[2025-03-04T17:57:13.780+0000] {logging_mixin.py:190} INFO - [2025-03-04T17:57:13.780+0000] {dag.py:4180} INFO - Setting next_dagrun for read_dataset_event_from_classic to 2025-03-03 00:00:00+00:00, run_after=2025-03-04 00:00:00+00:00
[2025-03-04T17:57:13.823+0000] {processor.py:208} INFO - Processing /home/airflow/.local/lib/python3.12/site-packages/airflow/example_dags/example_inlet_event_extra.py took 0.834 seconds
[2025-03-04T17:57:44.611+0000] {processor.py:186} INFO - Started process (PID=1101) to work on /home/airflow/.local/lib/python3.12/site-packages/airflow/example_dags/example_inlet_event_extra.py
[2025-03-04T17:57:44.613+0000] {processor.py:914} INFO - Processing file /home/airflow/.local/lib/python3.12/site-packages/airflow/example_dags/example_inlet_event_extra.py for tasks to queue
[2025-03-04T17:57:44.617+0000] {logging_mixin.py:190} INFO - [2025-03-04T17:57:44.617+0000] {dagbag.py:588} INFO - Filling up the DagBag from /home/airflow/.local/lib/python3.12/site-packages/airflow/example_dags/example_inlet_event_extra.py
[2025-03-04T17:57:45.090+0000] {processor.py:925} INFO - DAG(s) 'read_dataset_event_from_classic', 'read_dataset_event' retrieved from /home/airflow/.local/lib/python3.12/site-packages/airflow/example_dags/example_inlet_event_extra.py
[2025-03-04T17:57:45.116+0000] {logging_mixin.py:190} INFO - [2025-03-04T17:57:45.115+0000] {dag.py:3239} INFO - Sync 2 DAGs
[2025-03-04T17:57:45.357+0000] {logging_mixin.py:190} INFO - [2025-03-04T17:57:45.356+0000] {dag.py:4180} INFO - Setting next_dagrun for read_dataset_event to 2025-03-03 00:00:00+00:00, run_after=2025-03-04 00:00:00+00:00
[2025-03-04T17:57:45.363+0000] {logging_mixin.py:190} INFO - [2025-03-04T17:57:45.363+0000] {dag.py:4180} INFO - Setting next_dagrun for read_dataset_event_from_classic to 2025-03-03 00:00:00+00:00, run_after=2025-03-04 00:00:00+00:00
[2025-03-04T17:57:45.390+0000] {processor.py:208} INFO - Processing /home/airflow/.local/lib/python3.12/site-packages/airflow/example_dags/example_inlet_event_extra.py took 0.791 seconds
[2025-03-04T17:58:15.710+0000] {processor.py:186} INFO - Started process (PID=1407) to work on /home/airflow/.local/lib/python3.12/site-packages/airflow/example_dags/example_inlet_event_extra.py
[2025-03-04T17:58:15.711+0000] {processor.py:914} INFO - Processing file /home/airflow/.local/lib/python3.12/site-packages/airflow/example_dags/example_inlet_event_extra.py for tasks to queue
[2025-03-04T17:58:15.714+0000] {logging_mixin.py:190} INFO - [2025-03-04T17:58:15.713+0000] {dagbag.py:588} INFO - Filling up the DagBag from /home/airflow/.local/lib/python3.12/site-packages/airflow/example_dags/example_inlet_event_extra.py
[2025-03-04T17:58:16.294+0000] {processor.py:925} INFO - DAG(s) 'read_dataset_event_from_classic', 'read_dataset_event' retrieved from /home/airflow/.local/lib/python3.12/site-packages/airflow/example_dags/example_inlet_event_extra.py
[2025-03-04T17:58:16.322+0000] {logging_mixin.py:190} INFO - [2025-03-04T17:58:16.321+0000] {dag.py:3239} INFO - Sync 2 DAGs
[2025-03-04T17:58:16.354+0000] {logging_mixin.py:190} INFO - [2025-03-04T17:58:16.354+0000] {dag.py:4180} INFO - Setting next_dagrun for read_dataset_event to 2025-03-03 00:00:00+00:00, run_after=2025-03-04 00:00:00+00:00
[2025-03-04T17:58:16.360+0000] {logging_mixin.py:190} INFO - [2025-03-04T17:58:16.360+0000] {dag.py:4180} INFO - Setting next_dagrun for read_dataset_event_from_classic to 2025-03-03 00:00:00+00:00, run_after=2025-03-04 00:00:00+00:00
[2025-03-04T17:58:16.385+0000] {processor.py:208} INFO - Processing /home/airflow/.local/lib/python3.12/site-packages/airflow/example_dags/example_inlet_event_extra.py took 0.684 seconds
[2025-03-04T17:58:46.631+0000] {processor.py:186} INFO - Started process (PID=1713) to work on /home/airflow/.local/lib/python3.12/site-packages/airflow/example_dags/example_inlet_event_extra.py
[2025-03-04T17:58:46.632+0000] {processor.py:914} INFO - Processing file /home/airflow/.local/lib/python3.12/site-packages/airflow/example_dags/example_inlet_event_extra.py for tasks to queue
[2025-03-04T17:58:46.635+0000] {logging_mixin.py:190} INFO - [2025-03-04T17:58:46.634+0000] {dagbag.py:588} INFO - Filling up the DagBag from /home/airflow/.local/lib/python3.12/site-packages/airflow/example_dags/example_inlet_event_extra.py
[2025-03-04T17:58:47.139+0000] {processor.py:925} INFO - DAG(s) 'read_dataset_event_from_classic', 'read_dataset_event' retrieved from /home/airflow/.local/lib/python3.12/site-packages/airflow/example_dags/example_inlet_event_extra.py
[2025-03-04T17:58:47.172+0000] {logging_mixin.py:190} INFO - [2025-03-04T17:58:47.171+0000] {dag.py:3239} INFO - Sync 2 DAGs
[2025-03-04T17:58:47.211+0000] {logging_mixin.py:190} INFO - [2025-03-04T17:58:47.210+0000] {dag.py:4180} INFO - Setting next_dagrun for read_dataset_event to 2025-03-03 00:00:00+00:00, run_after=2025-03-04 00:00:00+00:00
[2025-03-04T17:58:47.219+0000] {logging_mixin.py:190} INFO - [2025-03-04T17:58:47.218+0000] {dag.py:4180} INFO - Setting next_dagrun for read_dataset_event_from_classic to 2025-03-03 00:00:00+00:00, run_after=2025-03-04 00:00:00+00:00
[2025-03-04T17:58:47.247+0000] {processor.py:208} INFO - Processing /home/airflow/.local/lib/python3.12/site-packages/airflow/example_dags/example_inlet_event_extra.py took 0.622 seconds
[2025-03-04T17:59:42.100+0000] {processor.py:186} INFO - Started process (PID=465) to work on /home/airflow/.local/lib/python3.12/site-packages/airflow/example_dags/example_inlet_event_extra.py
[2025-03-04T17:59:42.101+0000] {processor.py:914} INFO - Processing file /home/airflow/.local/lib/python3.12/site-packages/airflow/example_dags/example_inlet_event_extra.py for tasks to queue
[2025-03-04T17:59:42.103+0000] {logging_mixin.py:190} INFO - [2025-03-04T17:59:42.103+0000] {dagbag.py:588} INFO - Filling up the DagBag from /home/airflow/.local/lib/python3.12/site-packages/airflow/example_dags/example_inlet_event_extra.py
[2025-03-04T17:59:42.583+0000] {processor.py:925} INFO - DAG(s) 'read_dataset_event_from_classic', 'read_dataset_event' retrieved from /home/airflow/.local/lib/python3.12/site-packages/airflow/example_dags/example_inlet_event_extra.py
[2025-03-04T17:59:42.624+0000] {logging_mixin.py:190} INFO - [2025-03-04T17:59:42.624+0000] {dag.py:3239} INFO - Sync 2 DAGs
[2025-03-04T17:59:42.865+0000] {logging_mixin.py:190} INFO - [2025-03-04T17:59:42.864+0000] {dag.py:4180} INFO - Setting next_dagrun for read_dataset_event to 2025-03-03 00:00:00+00:00, run_after=2025-03-04 00:00:00+00:00
[2025-03-04T17:59:42.880+0000] {logging_mixin.py:190} INFO - [2025-03-04T17:59:42.879+0000] {dag.py:4180} INFO - Setting next_dagrun for read_dataset_event_from_classic to 2025-03-03 00:00:00+00:00, run_after=2025-03-04 00:00:00+00:00
[2025-03-04T17:59:42.909+0000] {processor.py:208} INFO - Processing /home/airflow/.local/lib/python3.12/site-packages/airflow/example_dags/example_inlet_event_extra.py took 0.816 seconds
[2025-03-04T18:00:12.981+0000] {processor.py:186} INFO - Started process (PID=769) to work on /home/airflow/.local/lib/python3.12/site-packages/airflow/example_dags/example_inlet_event_extra.py
[2025-03-04T18:00:12.982+0000] {processor.py:914} INFO - Processing file /home/airflow/.local/lib/python3.12/site-packages/airflow/example_dags/example_inlet_event_extra.py for tasks to queue
[2025-03-04T18:00:12.986+0000] {logging_mixin.py:190} INFO - [2025-03-04T18:00:12.985+0000] {dagbag.py:588} INFO - Filling up the DagBag from /home/airflow/.local/lib/python3.12/site-packages/airflow/example_dags/example_inlet_event_extra.py
[2025-03-04T18:00:13.468+0000] {processor.py:925} INFO - DAG(s) 'read_dataset_event', 'read_dataset_event_from_classic' retrieved from /home/airflow/.local/lib/python3.12/site-packages/airflow/example_dags/example_inlet_event_extra.py
[2025-03-04T18:00:13.491+0000] {logging_mixin.py:190} INFO - [2025-03-04T18:00:13.490+0000] {dag.py:3239} INFO - Sync 2 DAGs
[2025-03-04T18:00:13.715+0000] {logging_mixin.py:190} INFO - [2025-03-04T18:00:13.715+0000] {dag.py:4180} INFO - Setting next_dagrun for read_dataset_event to 2025-03-03 00:00:00+00:00, run_after=2025-03-04 00:00:00+00:00
[2025-03-04T18:00:13.721+0000] {logging_mixin.py:190} INFO - [2025-03-04T18:00:13.721+0000] {dag.py:4180} INFO - Setting next_dagrun for read_dataset_event_from_classic to 2025-03-03 00:00:00+00:00, run_after=2025-03-04 00:00:00+00:00
[2025-03-04T18:00:13.743+0000] {processor.py:208} INFO - Processing /home/airflow/.local/lib/python3.12/site-packages/airflow/example_dags/example_inlet_event_extra.py took 0.769 seconds
[2025-03-04T18:00:44.124+0000] {processor.py:186} INFO - Started process (PID=1075) to work on /home/airflow/.local/lib/python3.12/site-packages/airflow/example_dags/example_inlet_event_extra.py
[2025-03-04T18:00:44.125+0000] {processor.py:914} INFO - Processing file /home/airflow/.local/lib/python3.12/site-packages/airflow/example_dags/example_inlet_event_extra.py for tasks to queue
[2025-03-04T18:00:44.127+0000] {logging_mixin.py:190} INFO - [2025-03-04T18:00:44.127+0000] {dagbag.py:588} INFO - Filling up the DagBag from /home/airflow/.local/lib/python3.12/site-packages/airflow/example_dags/example_inlet_event_extra.py
[2025-03-04T18:00:44.617+0000] {processor.py:925} INFO - DAG(s) 'read_dataset_event', 'read_dataset_event_from_classic' retrieved from /home/airflow/.local/lib/python3.12/site-packages/airflow/example_dags/example_inlet_event_extra.py
[2025-03-04T18:00:44.654+0000] {logging_mixin.py:190} INFO - [2025-03-04T18:00:44.654+0000] {dag.py:3239} INFO - Sync 2 DAGs
[2025-03-04T18:00:44.927+0000] {logging_mixin.py:190} INFO - [2025-03-04T18:00:44.927+0000] {dag.py:4180} INFO - Setting next_dagrun for read_dataset_event to 2025-03-03 00:00:00+00:00, run_after=2025-03-04 00:00:00+00:00
[2025-03-04T18:00:44.933+0000] {logging_mixin.py:190} INFO - [2025-03-04T18:00:44.933+0000] {dag.py:4180} INFO - Setting next_dagrun for read_dataset_event_from_classic to 2025-03-03 00:00:00+00:00, run_after=2025-03-04 00:00:00+00:00
[2025-03-04T18:00:44.953+0000] {processor.py:208} INFO - Processing /home/airflow/.local/lib/python3.12/site-packages/airflow/example_dags/example_inlet_event_extra.py took 0.836 seconds
[2025-03-04T18:01:15.745+0000] {processor.py:186} INFO - Started process (PID=1381) to work on /home/airflow/.local/lib/python3.12/site-packages/airflow/example_dags/example_inlet_event_extra.py
[2025-03-04T18:01:15.746+0000] {processor.py:914} INFO - Processing file /home/airflow/.local/lib/python3.12/site-packages/airflow/example_dags/example_inlet_event_extra.py for tasks to queue
[2025-03-04T18:01:15.749+0000] {logging_mixin.py:190} INFO - [2025-03-04T18:01:15.749+0000] {dagbag.py:588} INFO - Filling up the DagBag from /home/airflow/.local/lib/python3.12/site-packages/airflow/example_dags/example_inlet_event_extra.py
[2025-03-04T18:01:16.314+0000] {processor.py:925} INFO - DAG(s) 'read_dataset_event', 'read_dataset_event_from_classic' retrieved from /home/airflow/.local/lib/python3.12/site-packages/airflow/example_dags/example_inlet_event_extra.py
[2025-03-04T18:01:16.353+0000] {logging_mixin.py:190} INFO - [2025-03-04T18:01:16.353+0000] {dag.py:3239} INFO - Sync 2 DAGs
[2025-03-04T18:01:16.609+0000] {logging_mixin.py:190} INFO - [2025-03-04T18:01:16.608+0000] {dag.py:4180} INFO - Setting next_dagrun for read_dataset_event to 2025-03-03 00:00:00+00:00, run_after=2025-03-04 00:00:00+00:00
[2025-03-04T18:01:16.625+0000] {logging_mixin.py:190} INFO - [2025-03-04T18:01:16.624+0000] {dag.py:4180} INFO - Setting next_dagrun for read_dataset_event_from_classic to 2025-03-03 00:00:00+00:00, run_after=2025-03-04 00:00:00+00:00
[2025-03-04T18:01:16.658+0000] {processor.py:208} INFO - Processing /home/airflow/.local/lib/python3.12/site-packages/airflow/example_dags/example_inlet_event_extra.py took 0.920 seconds
[2025-03-04T18:01:47.450+0000] {processor.py:186} INFO - Started process (PID=1687) to work on /home/airflow/.local/lib/python3.12/site-packages/airflow/example_dags/example_inlet_event_extra.py
[2025-03-04T18:01:47.452+0000] {processor.py:914} INFO - Processing file /home/airflow/.local/lib/python3.12/site-packages/airflow/example_dags/example_inlet_event_extra.py for tasks to queue
[2025-03-04T18:01:47.455+0000] {logging_mixin.py:190} INFO - [2025-03-04T18:01:47.454+0000] {dagbag.py:588} INFO - Filling up the DagBag from /home/airflow/.local/lib/python3.12/site-packages/airflow/example_dags/example_inlet_event_extra.py
[2025-03-04T18:01:48.132+0000] {processor.py:925} INFO - DAG(s) 'read_dataset_event', 'read_dataset_event_from_classic' retrieved from /home/airflow/.local/lib/python3.12/site-packages/airflow/example_dags/example_inlet_event_extra.py
[2025-03-04T18:01:48.166+0000] {logging_mixin.py:190} INFO - [2025-03-04T18:01:48.166+0000] {dag.py:3239} INFO - Sync 2 DAGs
[2025-03-04T18:01:48.195+0000] {logging_mixin.py:190} INFO - [2025-03-04T18:01:48.195+0000] {dag.py:4180} INFO - Setting next_dagrun for read_dataset_event to 2025-03-03 00:00:00+00:00, run_after=2025-03-04 00:00:00+00:00
[2025-03-04T18:01:48.201+0000] {logging_mixin.py:190} INFO - [2025-03-04T18:01:48.201+0000] {dag.py:4180} INFO - Setting next_dagrun for read_dataset_event_from_classic to 2025-03-03 00:00:00+00:00, run_after=2025-03-04 00:00:00+00:00
[2025-03-04T18:01:48.236+0000] {processor.py:208} INFO - Processing /home/airflow/.local/lib/python3.12/site-packages/airflow/example_dags/example_inlet_event_extra.py took 0.795 seconds
[2025-03-04T18:02:18.945+0000] {processor.py:186} INFO - Started process (PID=1993) to work on /home/airflow/.local/lib/python3.12/site-packages/airflow/example_dags/example_inlet_event_extra.py
[2025-03-04T18:02:18.947+0000] {processor.py:914} INFO - Processing file /home/airflow/.local/lib/python3.12/site-packages/airflow/example_dags/example_inlet_event_extra.py for tasks to queue
[2025-03-04T18:02:18.949+0000] {logging_mixin.py:190} INFO - [2025-03-04T18:02:18.949+0000] {dagbag.py:588} INFO - Filling up the DagBag from /home/airflow/.local/lib/python3.12/site-packages/airflow/example_dags/example_inlet_event_extra.py
[2025-03-04T18:02:19.629+0000] {processor.py:925} INFO - DAG(s) 'read_dataset_event_from_classic', 'read_dataset_event' retrieved from /home/airflow/.local/lib/python3.12/site-packages/airflow/example_dags/example_inlet_event_extra.py
[2025-03-04T18:02:19.669+0000] {logging_mixin.py:190} INFO - [2025-03-04T18:02:19.669+0000] {dag.py:3239} INFO - Sync 2 DAGs
[2025-03-04T18:02:19.696+0000] {logging_mixin.py:190} INFO - [2025-03-04T18:02:19.696+0000] {dag.py:4180} INFO - Setting next_dagrun for read_dataset_event to 2025-03-03 00:00:00+00:00, run_after=2025-03-04 00:00:00+00:00
[2025-03-04T18:02:19.703+0000] {logging_mixin.py:190} INFO - [2025-03-04T18:02:19.702+0000] {dag.py:4180} INFO - Setting next_dagrun for read_dataset_event_from_classic to 2025-03-03 00:00:00+00:00, run_after=2025-03-04 00:00:00+00:00
[2025-03-04T18:02:19.734+0000] {processor.py:208} INFO - Processing /home/airflow/.local/lib/python3.12/site-packages/airflow/example_dags/example_inlet_event_extra.py took 0.800 seconds
[2025-03-04T18:02:50.154+0000] {processor.py:186} INFO - Started process (PID=2299) to work on /home/airflow/.local/lib/python3.12/site-packages/airflow/example_dags/example_inlet_event_extra.py
[2025-03-04T18:02:50.156+0000] {processor.py:914} INFO - Processing file /home/airflow/.local/lib/python3.12/site-packages/airflow/example_dags/example_inlet_event_extra.py for tasks to queue
[2025-03-04T18:02:50.159+0000] {logging_mixin.py:190} INFO - [2025-03-04T18:02:50.159+0000] {dagbag.py:588} INFO - Filling up the DagBag from /home/airflow/.local/lib/python3.12/site-packages/airflow/example_dags/example_inlet_event_extra.py
[2025-03-04T18:02:50.874+0000] {processor.py:925} INFO - DAG(s) 'read_dataset_event', 'read_dataset_event_from_classic' retrieved from /home/airflow/.local/lib/python3.12/site-packages/airflow/example_dags/example_inlet_event_extra.py
[2025-03-04T18:02:50.909+0000] {logging_mixin.py:190} INFO - [2025-03-04T18:02:50.908+0000] {dag.py:3239} INFO - Sync 2 DAGs
[2025-03-04T18:02:50.937+0000] {logging_mixin.py:190} INFO - [2025-03-04T18:02:50.937+0000] {dag.py:4180} INFO - Setting next_dagrun for read_dataset_event to 2025-03-03 00:00:00+00:00, run_after=2025-03-04 00:00:00+00:00
[2025-03-04T18:02:50.943+0000] {logging_mixin.py:190} INFO - [2025-03-04T18:02:50.943+0000] {dag.py:4180} INFO - Setting next_dagrun for read_dataset_event_from_classic to 2025-03-03 00:00:00+00:00, run_after=2025-03-04 00:00:00+00:00
[2025-03-04T18:02:50.964+0000] {processor.py:208} INFO - Processing /home/airflow/.local/lib/python3.12/site-packages/airflow/example_dags/example_inlet_event_extra.py took 0.818 seconds
[2025-03-04T18:03:21.567+0000] {processor.py:186} INFO - Started process (PID=2616) to work on /home/airflow/.local/lib/python3.12/site-packages/airflow/example_dags/example_inlet_event_extra.py
[2025-03-04T18:03:21.568+0000] {processor.py:914} INFO - Processing file /home/airflow/.local/lib/python3.12/site-packages/airflow/example_dags/example_inlet_event_extra.py for tasks to queue
[2025-03-04T18:03:21.571+0000] {logging_mixin.py:190} INFO - [2025-03-04T18:03:21.571+0000] {dagbag.py:588} INFO - Filling up the DagBag from /home/airflow/.local/lib/python3.12/site-packages/airflow/example_dags/example_inlet_event_extra.py
[2025-03-04T18:03:22.294+0000] {processor.py:925} INFO - DAG(s) 'read_dataset_event_from_classic', 'read_dataset_event' retrieved from /home/airflow/.local/lib/python3.12/site-packages/airflow/example_dags/example_inlet_event_extra.py
[2025-03-04T18:03:22.340+0000] {logging_mixin.py:190} INFO - [2025-03-04T18:03:22.340+0000] {dag.py:3239} INFO - Sync 2 DAGs
[2025-03-04T18:03:22.372+0000] {logging_mixin.py:190} INFO - [2025-03-04T18:03:22.372+0000] {dag.py:4180} INFO - Setting next_dagrun for read_dataset_event to 2025-03-03 00:00:00+00:00, run_after=2025-03-04 00:00:00+00:00
[2025-03-04T18:03:22.378+0000] {logging_mixin.py:190} INFO - [2025-03-04T18:03:22.378+0000] {dag.py:4180} INFO - Setting next_dagrun for read_dataset_event_from_classic to 2025-03-03 00:00:00+00:00, run_after=2025-03-04 00:00:00+00:00
[2025-03-04T18:03:22.411+0000] {processor.py:208} INFO - Processing /home/airflow/.local/lib/python3.12/site-packages/airflow/example_dags/example_inlet_event_extra.py took 0.852 seconds
[2025-03-04T18:03:52.636+0000] {processor.py:186} INFO - Started process (PID=2922) to work on /home/airflow/.local/lib/python3.12/site-packages/airflow/example_dags/example_inlet_event_extra.py
[2025-03-04T18:03:52.637+0000] {processor.py:914} INFO - Processing file /home/airflow/.local/lib/python3.12/site-packages/airflow/example_dags/example_inlet_event_extra.py for tasks to queue
[2025-03-04T18:03:52.640+0000] {logging_mixin.py:190} INFO - [2025-03-04T18:03:52.639+0000] {dagbag.py:588} INFO - Filling up the DagBag from /home/airflow/.local/lib/python3.12/site-packages/airflow/example_dags/example_inlet_event_extra.py
[2025-03-04T18:03:53.380+0000] {processor.py:925} INFO - DAG(s) 'read_dataset_event_from_classic', 'read_dataset_event' retrieved from /home/airflow/.local/lib/python3.12/site-packages/airflow/example_dags/example_inlet_event_extra.py
[2025-03-04T18:03:53.418+0000] {logging_mixin.py:190} INFO - [2025-03-04T18:03:53.417+0000] {dag.py:3239} INFO - Sync 2 DAGs
[2025-03-04T18:03:53.445+0000] {logging_mixin.py:190} INFO - [2025-03-04T18:03:53.445+0000] {dag.py:4180} INFO - Setting next_dagrun for read_dataset_event to 2025-03-03 00:00:00+00:00, run_after=2025-03-04 00:00:00+00:00
[2025-03-04T18:03:53.451+0000] {logging_mixin.py:190} INFO - [2025-03-04T18:03:53.450+0000] {dag.py:4180} INFO - Setting next_dagrun for read_dataset_event_from_classic to 2025-03-03 00:00:00+00:00, run_after=2025-03-04 00:00:00+00:00
[2025-03-04T18:03:53.481+0000] {processor.py:208} INFO - Processing /home/airflow/.local/lib/python3.12/site-packages/airflow/example_dags/example_inlet_event_extra.py took 0.856 seconds
[2025-03-04T18:04:24.098+0000] {processor.py:186} INFO - Started process (PID=3228) to work on /home/airflow/.local/lib/python3.12/site-packages/airflow/example_dags/example_inlet_event_extra.py
[2025-03-04T18:04:24.099+0000] {processor.py:914} INFO - Processing file /home/airflow/.local/lib/python3.12/site-packages/airflow/example_dags/example_inlet_event_extra.py for tasks to queue
[2025-03-04T18:04:24.102+0000] {logging_mixin.py:190} INFO - [2025-03-04T18:04:24.101+0000] {dagbag.py:588} INFO - Filling up the DagBag from /home/airflow/.local/lib/python3.12/site-packages/airflow/example_dags/example_inlet_event_extra.py
[2025-03-04T18:04:24.917+0000] {processor.py:925} INFO - DAG(s) 'read_dataset_event_from_classic', 'read_dataset_event' retrieved from /home/airflow/.local/lib/python3.12/site-packages/airflow/example_dags/example_inlet_event_extra.py
[2025-03-04T18:04:24.955+0000] {logging_mixin.py:190} INFO - [2025-03-04T18:04:24.955+0000] {dag.py:3239} INFO - Sync 2 DAGs
[2025-03-04T18:04:24.989+0000] {logging_mixin.py:190} INFO - [2025-03-04T18:04:24.989+0000] {dag.py:4180} INFO - Setting next_dagrun for read_dataset_event to 2025-03-03 00:00:00+00:00, run_after=2025-03-04 00:00:00+00:00
[2025-03-04T18:04:24.996+0000] {logging_mixin.py:190} INFO - [2025-03-04T18:04:24.995+0000] {dag.py:4180} INFO - Setting next_dagrun for read_dataset_event_from_classic to 2025-03-03 00:00:00+00:00, run_after=2025-03-04 00:00:00+00:00
[2025-03-04T18:04:25.019+0000] {processor.py:208} INFO - Processing /home/airflow/.local/lib/python3.12/site-packages/airflow/example_dags/example_inlet_event_extra.py took 0.928 seconds
[2025-03-04T18:04:55.160+0000] {processor.py:186} INFO - Started process (PID=3534) to work on /home/airflow/.local/lib/python3.12/site-packages/airflow/example_dags/example_inlet_event_extra.py
[2025-03-04T18:04:55.161+0000] {processor.py:914} INFO - Processing file /home/airflow/.local/lib/python3.12/site-packages/airflow/example_dags/example_inlet_event_extra.py for tasks to queue
[2025-03-04T18:04:55.164+0000] {logging_mixin.py:190} INFO - [2025-03-04T18:04:55.164+0000] {dagbag.py:588} INFO - Filling up the DagBag from /home/airflow/.local/lib/python3.12/site-packages/airflow/example_dags/example_inlet_event_extra.py
[2025-03-04T18:04:55.950+0000] {processor.py:925} INFO - DAG(s) 'read_dataset_event_from_classic', 'read_dataset_event' retrieved from /home/airflow/.local/lib/python3.12/site-packages/airflow/example_dags/example_inlet_event_extra.py
[2025-03-04T18:04:55.998+0000] {logging_mixin.py:190} INFO - [2025-03-04T18:04:55.997+0000] {dag.py:3239} INFO - Sync 2 DAGs
[2025-03-04T18:04:56.037+0000] {logging_mixin.py:190} INFO - [2025-03-04T18:04:56.037+0000] {dag.py:4180} INFO - Setting next_dagrun for read_dataset_event to 2025-03-03 00:00:00+00:00, run_after=2025-03-04 00:00:00+00:00
[2025-03-04T18:04:56.044+0000] {logging_mixin.py:190} INFO - [2025-03-04T18:04:56.043+0000] {dag.py:4180} INFO - Setting next_dagrun for read_dataset_event_from_classic to 2025-03-03 00:00:00+00:00, run_after=2025-03-04 00:00:00+00:00
[2025-03-04T18:04:56.070+0000] {processor.py:208} INFO - Processing /home/airflow/.local/lib/python3.12/site-packages/airflow/example_dags/example_inlet_event_extra.py took 0.919 seconds
[2025-03-04T18:05:26.181+0000] {processor.py:186} INFO - Started process (PID=3840) to work on /home/airflow/.local/lib/python3.12/site-packages/airflow/example_dags/example_inlet_event_extra.py
[2025-03-04T18:05:26.182+0000] {processor.py:914} INFO - Processing file /home/airflow/.local/lib/python3.12/site-packages/airflow/example_dags/example_inlet_event_extra.py for tasks to queue
[2025-03-04T18:05:26.185+0000] {logging_mixin.py:190} INFO - [2025-03-04T18:05:26.185+0000] {dagbag.py:588} INFO - Filling up the DagBag from /home/airflow/.local/lib/python3.12/site-packages/airflow/example_dags/example_inlet_event_extra.py
[2025-03-04T18:05:27.001+0000] {processor.py:925} INFO - DAG(s) 'read_dataset_event_from_classic', 'read_dataset_event' retrieved from /home/airflow/.local/lib/python3.12/site-packages/airflow/example_dags/example_inlet_event_extra.py
[2025-03-04T18:05:27.028+0000] {logging_mixin.py:190} INFO - [2025-03-04T18:05:27.027+0000] {dag.py:3239} INFO - Sync 2 DAGs
[2025-03-04T18:05:27.057+0000] {logging_mixin.py:190} INFO - [2025-03-04T18:05:27.057+0000] {dag.py:4180} INFO - Setting next_dagrun for read_dataset_event to 2025-03-03 00:00:00+00:00, run_after=2025-03-04 00:00:00+00:00
[2025-03-04T18:05:27.064+0000] {logging_mixin.py:190} INFO - [2025-03-04T18:05:27.064+0000] {dag.py:4180} INFO - Setting next_dagrun for read_dataset_event_from_classic to 2025-03-03 00:00:00+00:00, run_after=2025-03-04 00:00:00+00:00
[2025-03-04T18:05:27.098+0000] {processor.py:208} INFO - Processing /home/airflow/.local/lib/python3.12/site-packages/airflow/example_dags/example_inlet_event_extra.py took 0.925 seconds
