[2025-03-04T17:28:46.043+0000] {processor.py:186} INFO - Started process (PID=411) to work on /home/airflow/.local/lib/python3.12/site-packages/airflow/example_dags/example_bash_operator.py
[2025-03-04T17:28:46.045+0000] {processor.py:914} INFO - Processing file /home/airflow/.local/lib/python3.12/site-packages/airflow/example_dags/example_bash_operator.py for tasks to queue
[2025-03-04T17:28:46.048+0000] {logging_mixin.py:190} INFO - [2025-03-04T17:28:46.048+0000] {dagbag.py:588} INFO - Filling up the DagBag from /home/airflow/.local/lib/python3.12/site-packages/airflow/example_dags/example_bash_operator.py
[2025-03-04T17:28:46.064+0000] {processor.py:925} INFO - DAG(s) 'example_bash_operator' retrieved from /home/airflow/.local/lib/python3.12/site-packages/airflow/example_dags/example_bash_operator.py
[2025-03-04T17:28:46.100+0000] {logging_mixin.py:190} INFO - [2025-03-04T17:28:46.100+0000] {dag.py:3239} INFO - Sync 1 DAGs
[2025-03-04T17:28:46.141+0000] {logging_mixin.py:190} INFO - [2025-03-04T17:28:46.140+0000] {dag.py:4180} INFO - Setting next_dagrun for example_bash_operator to 2025-03-04 00:00:00+00:00, run_after=2025-03-05 00:00:00+00:00
[2025-03-04T17:28:46.162+0000] {processor.py:208} INFO - Processing /home/airflow/.local/lib/python3.12/site-packages/airflow/example_dags/example_bash_operator.py took 0.125 seconds
[2025-03-04T17:29:17.138+0000] {processor.py:186} INFO - Started process (PID=747) to work on /home/airflow/.local/lib/python3.12/site-packages/airflow/example_dags/example_bash_operator.py
[2025-03-04T17:29:17.139+0000] {processor.py:914} INFO - Processing file /home/airflow/.local/lib/python3.12/site-packages/airflow/example_dags/example_bash_operator.py for tasks to queue
[2025-03-04T17:29:17.142+0000] {logging_mixin.py:190} INFO - [2025-03-04T17:29:17.141+0000] {dagbag.py:588} INFO - Filling up the DagBag from /home/airflow/.local/lib/python3.12/site-packages/airflow/example_dags/example_bash_operator.py
[2025-03-04T17:29:17.156+0000] {processor.py:925} INFO - DAG(s) 'example_bash_operator' retrieved from /home/airflow/.local/lib/python3.12/site-packages/airflow/example_dags/example_bash_operator.py
[2025-03-04T17:29:17.212+0000] {logging_mixin.py:190} INFO - [2025-03-04T17:29:17.212+0000] {dag.py:3239} INFO - Sync 1 DAGs
[2025-03-04T17:29:17.250+0000] {logging_mixin.py:190} INFO - [2025-03-04T17:29:17.250+0000] {dag.py:4180} INFO - Setting next_dagrun for example_bash_operator to 2025-03-04 00:00:00+00:00, run_after=2025-03-05 00:00:00+00:00
[2025-03-04T17:29:17.280+0000] {processor.py:208} INFO - Processing /home/airflow/.local/lib/python3.12/site-packages/airflow/example_dags/example_bash_operator.py took 0.149 seconds
[2025-03-04T17:29:48.125+0000] {processor.py:186} INFO - Started process (PID=1051) to work on /home/airflow/.local/lib/python3.12/site-packages/airflow/example_dags/example_bash_operator.py
[2025-03-04T17:29:48.126+0000] {processor.py:914} INFO - Processing file /home/airflow/.local/lib/python3.12/site-packages/airflow/example_dags/example_bash_operator.py for tasks to queue
[2025-03-04T17:29:48.129+0000] {logging_mixin.py:190} INFO - [2025-03-04T17:29:48.129+0000] {dagbag.py:588} INFO - Filling up the DagBag from /home/airflow/.local/lib/python3.12/site-packages/airflow/example_dags/example_bash_operator.py
[2025-03-04T17:29:48.148+0000] {processor.py:925} INFO - DAG(s) 'example_bash_operator' retrieved from /home/airflow/.local/lib/python3.12/site-packages/airflow/example_dags/example_bash_operator.py
[2025-03-04T17:29:48.183+0000] {logging_mixin.py:190} INFO - [2025-03-04T17:29:48.182+0000] {dag.py:3239} INFO - Sync 1 DAGs
[2025-03-04T17:29:48.216+0000] {logging_mixin.py:190} INFO - [2025-03-04T17:29:48.215+0000] {dag.py:4180} INFO - Setting next_dagrun for example_bash_operator to 2025-03-04 00:00:00+00:00, run_after=2025-03-05 00:00:00+00:00
[2025-03-04T17:29:48.244+0000] {processor.py:208} INFO - Processing /home/airflow/.local/lib/python3.12/site-packages/airflow/example_dags/example_bash_operator.py took 0.132 seconds
[2025-03-04T17:30:19.182+0000] {processor.py:186} INFO - Started process (PID=1357) to work on /home/airflow/.local/lib/python3.12/site-packages/airflow/example_dags/example_bash_operator.py
[2025-03-04T17:30:19.183+0000] {processor.py:914} INFO - Processing file /home/airflow/.local/lib/python3.12/site-packages/airflow/example_dags/example_bash_operator.py for tasks to queue
[2025-03-04T17:30:19.186+0000] {logging_mixin.py:190} INFO - [2025-03-04T17:30:19.185+0000] {dagbag.py:588} INFO - Filling up the DagBag from /home/airflow/.local/lib/python3.12/site-packages/airflow/example_dags/example_bash_operator.py
[2025-03-04T17:30:19.200+0000] {processor.py:925} INFO - DAG(s) 'example_bash_operator' retrieved from /home/airflow/.local/lib/python3.12/site-packages/airflow/example_dags/example_bash_operator.py
[2025-03-04T17:30:19.230+0000] {logging_mixin.py:190} INFO - [2025-03-04T17:30:19.230+0000] {dag.py:3239} INFO - Sync 1 DAGs
[2025-03-04T17:30:19.261+0000] {logging_mixin.py:190} INFO - [2025-03-04T17:30:19.260+0000] {dag.py:4180} INFO - Setting next_dagrun for example_bash_operator to 2025-03-04 00:00:00+00:00, run_after=2025-03-05 00:00:00+00:00
[2025-03-04T17:30:19.281+0000] {processor.py:208} INFO - Processing /home/airflow/.local/lib/python3.12/site-packages/airflow/example_dags/example_bash_operator.py took 0.107 seconds
[2025-03-04T17:30:50.401+0000] {processor.py:186} INFO - Started process (PID=1665) to work on /home/airflow/.local/lib/python3.12/site-packages/airflow/example_dags/example_bash_operator.py
[2025-03-04T17:30:50.403+0000] {processor.py:914} INFO - Processing file /home/airflow/.local/lib/python3.12/site-packages/airflow/example_dags/example_bash_operator.py for tasks to queue
[2025-03-04T17:30:50.405+0000] {logging_mixin.py:190} INFO - [2025-03-04T17:30:50.405+0000] {dagbag.py:588} INFO - Filling up the DagBag from /home/airflow/.local/lib/python3.12/site-packages/airflow/example_dags/example_bash_operator.py
[2025-03-04T17:30:50.420+0000] {processor.py:925} INFO - DAG(s) 'example_bash_operator' retrieved from /home/airflow/.local/lib/python3.12/site-packages/airflow/example_dags/example_bash_operator.py
[2025-03-04T17:30:50.451+0000] {logging_mixin.py:190} INFO - [2025-03-04T17:30:50.450+0000] {dag.py:3239} INFO - Sync 1 DAGs
[2025-03-04T17:30:50.482+0000] {logging_mixin.py:190} INFO - [2025-03-04T17:30:50.481+0000] {dag.py:4180} INFO - Setting next_dagrun for example_bash_operator to 2025-03-04 00:00:00+00:00, run_after=2025-03-05 00:00:00+00:00
[2025-03-04T17:30:50.503+0000] {processor.py:208} INFO - Processing /home/airflow/.local/lib/python3.12/site-packages/airflow/example_dags/example_bash_operator.py took 0.108 seconds
[2025-03-04T17:31:21.733+0000] {processor.py:186} INFO - Started process (PID=1969) to work on /home/airflow/.local/lib/python3.12/site-packages/airflow/example_dags/example_bash_operator.py
[2025-03-04T17:31:21.734+0000] {processor.py:914} INFO - Processing file /home/airflow/.local/lib/python3.12/site-packages/airflow/example_dags/example_bash_operator.py for tasks to queue
[2025-03-04T17:31:21.737+0000] {logging_mixin.py:190} INFO - [2025-03-04T17:31:21.736+0000] {dagbag.py:588} INFO - Filling up the DagBag from /home/airflow/.local/lib/python3.12/site-packages/airflow/example_dags/example_bash_operator.py
[2025-03-04T17:31:21.752+0000] {processor.py:925} INFO - DAG(s) 'example_bash_operator' retrieved from /home/airflow/.local/lib/python3.12/site-packages/airflow/example_dags/example_bash_operator.py
[2025-03-04T17:31:21.785+0000] {logging_mixin.py:190} INFO - [2025-03-04T17:31:21.785+0000] {dag.py:3239} INFO - Sync 1 DAGs
[2025-03-04T17:31:21.823+0000] {logging_mixin.py:190} INFO - [2025-03-04T17:31:21.823+0000] {dag.py:4180} INFO - Setting next_dagrun for example_bash_operator to 2025-03-04 00:00:00+00:00, run_after=2025-03-05 00:00:00+00:00
[2025-03-04T17:31:21.853+0000] {processor.py:208} INFO - Processing /home/airflow/.local/lib/python3.12/site-packages/airflow/example_dags/example_bash_operator.py took 0.127 seconds
[2025-03-04T17:31:53.073+0000] {processor.py:186} INFO - Started process (PID=2275) to work on /home/airflow/.local/lib/python3.12/site-packages/airflow/example_dags/example_bash_operator.py
[2025-03-04T17:31:53.074+0000] {processor.py:914} INFO - Processing file /home/airflow/.local/lib/python3.12/site-packages/airflow/example_dags/example_bash_operator.py for tasks to queue
[2025-03-04T17:31:53.077+0000] {logging_mixin.py:190} INFO - [2025-03-04T17:31:53.076+0000] {dagbag.py:588} INFO - Filling up the DagBag from /home/airflow/.local/lib/python3.12/site-packages/airflow/example_dags/example_bash_operator.py
[2025-03-04T17:31:53.093+0000] {processor.py:925} INFO - DAG(s) 'example_bash_operator' retrieved from /home/airflow/.local/lib/python3.12/site-packages/airflow/example_dags/example_bash_operator.py
[2025-03-04T17:31:53.139+0000] {logging_mixin.py:190} INFO - [2025-03-04T17:31:53.138+0000] {dag.py:3239} INFO - Sync 1 DAGs
[2025-03-04T17:31:53.173+0000] {logging_mixin.py:190} INFO - [2025-03-04T17:31:53.172+0000] {dag.py:4180} INFO - Setting next_dagrun for example_bash_operator to 2025-03-04 00:00:00+00:00, run_after=2025-03-05 00:00:00+00:00
[2025-03-04T17:31:53.196+0000] {processor.py:208} INFO - Processing /home/airflow/.local/lib/python3.12/site-packages/airflow/example_dags/example_bash_operator.py took 0.131 seconds
[2025-03-04T17:32:23.822+0000] {processor.py:186} INFO - Started process (PID=2581) to work on /home/airflow/.local/lib/python3.12/site-packages/airflow/example_dags/example_bash_operator.py
[2025-03-04T17:32:23.823+0000] {processor.py:914} INFO - Processing file /home/airflow/.local/lib/python3.12/site-packages/airflow/example_dags/example_bash_operator.py for tasks to queue
[2025-03-04T17:32:23.826+0000] {logging_mixin.py:190} INFO - [2025-03-04T17:32:23.825+0000] {dagbag.py:588} INFO - Filling up the DagBag from /home/airflow/.local/lib/python3.12/site-packages/airflow/example_dags/example_bash_operator.py
[2025-03-04T17:32:23.841+0000] {processor.py:925} INFO - DAG(s) 'example_bash_operator' retrieved from /home/airflow/.local/lib/python3.12/site-packages/airflow/example_dags/example_bash_operator.py
[2025-03-04T17:32:23.880+0000] {logging_mixin.py:190} INFO - [2025-03-04T17:32:23.879+0000] {dag.py:3239} INFO - Sync 1 DAGs
[2025-03-04T17:32:23.909+0000] {logging_mixin.py:190} INFO - [2025-03-04T17:32:23.909+0000] {dag.py:4180} INFO - Setting next_dagrun for example_bash_operator to 2025-03-04 00:00:00+00:00, run_after=2025-03-05 00:00:00+00:00
[2025-03-04T17:32:23.933+0000] {processor.py:208} INFO - Processing /home/airflow/.local/lib/python3.12/site-packages/airflow/example_dags/example_bash_operator.py took 0.117 seconds
[2025-03-04T17:32:54.889+0000] {processor.py:186} INFO - Started process (PID=2882) to work on /home/airflow/.local/lib/python3.12/site-packages/airflow/example_dags/example_bash_operator.py
[2025-03-04T17:32:54.890+0000] {processor.py:914} INFO - Processing file /home/airflow/.local/lib/python3.12/site-packages/airflow/example_dags/example_bash_operator.py for tasks to queue
[2025-03-04T17:32:54.893+0000] {logging_mixin.py:190} INFO - [2025-03-04T17:32:54.892+0000] {dagbag.py:588} INFO - Filling up the DagBag from /home/airflow/.local/lib/python3.12/site-packages/airflow/example_dags/example_bash_operator.py
[2025-03-04T17:32:54.909+0000] {processor.py:925} INFO - DAG(s) 'example_bash_operator' retrieved from /home/airflow/.local/lib/python3.12/site-packages/airflow/example_dags/example_bash_operator.py
[2025-03-04T17:32:54.948+0000] {logging_mixin.py:190} INFO - [2025-03-04T17:32:54.948+0000] {dag.py:3239} INFO - Sync 1 DAGs
[2025-03-04T17:32:54.979+0000] {logging_mixin.py:190} INFO - [2025-03-04T17:32:54.979+0000] {dag.py:4180} INFO - Setting next_dagrun for example_bash_operator to 2025-03-04 00:00:00+00:00, run_after=2025-03-05 00:00:00+00:00
[2025-03-04T17:32:55.006+0000] {processor.py:208} INFO - Processing /home/airflow/.local/lib/python3.12/site-packages/airflow/example_dags/example_bash_operator.py took 0.127 seconds
[2025-03-04T17:33:25.340+0000] {processor.py:186} INFO - Started process (PID=3183) to work on /home/airflow/.local/lib/python3.12/site-packages/airflow/example_dags/example_bash_operator.py
[2025-03-04T17:33:25.341+0000] {processor.py:914} INFO - Processing file /home/airflow/.local/lib/python3.12/site-packages/airflow/example_dags/example_bash_operator.py for tasks to queue
[2025-03-04T17:33:25.344+0000] {logging_mixin.py:190} INFO - [2025-03-04T17:33:25.344+0000] {dagbag.py:588} INFO - Filling up the DagBag from /home/airflow/.local/lib/python3.12/site-packages/airflow/example_dags/example_bash_operator.py
[2025-03-04T17:33:25.359+0000] {processor.py:925} INFO - DAG(s) 'example_bash_operator' retrieved from /home/airflow/.local/lib/python3.12/site-packages/airflow/example_dags/example_bash_operator.py
[2025-03-04T17:33:25.390+0000] {logging_mixin.py:190} INFO - [2025-03-04T17:33:25.390+0000] {dag.py:3239} INFO - Sync 1 DAGs
[2025-03-04T17:33:25.420+0000] {logging_mixin.py:190} INFO - [2025-03-04T17:33:25.419+0000] {dag.py:4180} INFO - Setting next_dagrun for example_bash_operator to 2025-03-04 00:00:00+00:00, run_after=2025-03-05 00:00:00+00:00
[2025-03-04T17:33:25.441+0000] {processor.py:208} INFO - Processing /home/airflow/.local/lib/python3.12/site-packages/airflow/example_dags/example_bash_operator.py took 0.107 seconds
[2025-03-04T17:33:55.642+0000] {processor.py:186} INFO - Started process (PID=3489) to work on /home/airflow/.local/lib/python3.12/site-packages/airflow/example_dags/example_bash_operator.py
[2025-03-04T17:33:55.644+0000] {processor.py:914} INFO - Processing file /home/airflow/.local/lib/python3.12/site-packages/airflow/example_dags/example_bash_operator.py for tasks to queue
[2025-03-04T17:33:55.646+0000] {logging_mixin.py:190} INFO - [2025-03-04T17:33:55.646+0000] {dagbag.py:588} INFO - Filling up the DagBag from /home/airflow/.local/lib/python3.12/site-packages/airflow/example_dags/example_bash_operator.py
[2025-03-04T17:33:55.661+0000] {processor.py:925} INFO - DAG(s) 'example_bash_operator' retrieved from /home/airflow/.local/lib/python3.12/site-packages/airflow/example_dags/example_bash_operator.py
[2025-03-04T17:33:55.693+0000] {logging_mixin.py:190} INFO - [2025-03-04T17:33:55.693+0000] {dag.py:3239} INFO - Sync 1 DAGs
[2025-03-04T17:33:55.732+0000] {logging_mixin.py:190} INFO - [2025-03-04T17:33:55.732+0000] {dag.py:4180} INFO - Setting next_dagrun for example_bash_operator to 2025-03-04 00:00:00+00:00, run_after=2025-03-05 00:00:00+00:00
[2025-03-04T17:33:55.765+0000] {processor.py:208} INFO - Processing /home/airflow/.local/lib/python3.12/site-packages/airflow/example_dags/example_bash_operator.py took 0.129 seconds
[2025-03-04T17:34:25.923+0000] {processor.py:186} INFO - Started process (PID=3795) to work on /home/airflow/.local/lib/python3.12/site-packages/airflow/example_dags/example_bash_operator.py
[2025-03-04T17:34:25.925+0000] {processor.py:914} INFO - Processing file /home/airflow/.local/lib/python3.12/site-packages/airflow/example_dags/example_bash_operator.py for tasks to queue
[2025-03-04T17:34:25.927+0000] {logging_mixin.py:190} INFO - [2025-03-04T17:34:25.927+0000] {dagbag.py:588} INFO - Filling up the DagBag from /home/airflow/.local/lib/python3.12/site-packages/airflow/example_dags/example_bash_operator.py
[2025-03-04T17:34:25.947+0000] {processor.py:925} INFO - DAG(s) 'example_bash_operator' retrieved from /home/airflow/.local/lib/python3.12/site-packages/airflow/example_dags/example_bash_operator.py
[2025-03-04T17:34:25.985+0000] {logging_mixin.py:190} INFO - [2025-03-04T17:34:25.985+0000] {dag.py:3239} INFO - Sync 1 DAGs
[2025-03-04T17:34:26.019+0000] {logging_mixin.py:190} INFO - [2025-03-04T17:34:26.019+0000] {dag.py:4180} INFO - Setting next_dagrun for example_bash_operator to 2025-03-04 00:00:00+00:00, run_after=2025-03-05 00:00:00+00:00
[2025-03-04T17:34:26.045+0000] {processor.py:208} INFO - Processing /home/airflow/.local/lib/python3.12/site-packages/airflow/example_dags/example_bash_operator.py took 0.138 seconds
[2025-03-04T17:34:56.168+0000] {processor.py:186} INFO - Started process (PID=4101) to work on /home/airflow/.local/lib/python3.12/site-packages/airflow/example_dags/example_bash_operator.py
[2025-03-04T17:34:56.169+0000] {processor.py:914} INFO - Processing file /home/airflow/.local/lib/python3.12/site-packages/airflow/example_dags/example_bash_operator.py for tasks to queue
[2025-03-04T17:34:56.171+0000] {logging_mixin.py:190} INFO - [2025-03-04T17:34:56.171+0000] {dagbag.py:588} INFO - Filling up the DagBag from /home/airflow/.local/lib/python3.12/site-packages/airflow/example_dags/example_bash_operator.py
[2025-03-04T17:34:56.186+0000] {processor.py:925} INFO - DAG(s) 'example_bash_operator' retrieved from /home/airflow/.local/lib/python3.12/site-packages/airflow/example_dags/example_bash_operator.py
[2025-03-04T17:34:56.217+0000] {logging_mixin.py:190} INFO - [2025-03-04T17:34:56.217+0000] {dag.py:3239} INFO - Sync 1 DAGs
[2025-03-04T17:34:56.247+0000] {logging_mixin.py:190} INFO - [2025-03-04T17:34:56.247+0000] {dag.py:4180} INFO - Setting next_dagrun for example_bash_operator to 2025-03-04 00:00:00+00:00, run_after=2025-03-05 00:00:00+00:00
[2025-03-04T17:34:56.270+0000] {processor.py:208} INFO - Processing /home/airflow/.local/lib/python3.12/site-packages/airflow/example_dags/example_bash_operator.py took 0.109 seconds
[2025-03-04T17:35:26.420+0000] {processor.py:186} INFO - Started process (PID=4407) to work on /home/airflow/.local/lib/python3.12/site-packages/airflow/example_dags/example_bash_operator.py
[2025-03-04T17:35:26.421+0000] {processor.py:914} INFO - Processing file /home/airflow/.local/lib/python3.12/site-packages/airflow/example_dags/example_bash_operator.py for tasks to queue
[2025-03-04T17:35:26.424+0000] {logging_mixin.py:190} INFO - [2025-03-04T17:35:26.423+0000] {dagbag.py:588} INFO - Filling up the DagBag from /home/airflow/.local/lib/python3.12/site-packages/airflow/example_dags/example_bash_operator.py
[2025-03-04T17:35:26.439+0000] {processor.py:925} INFO - DAG(s) 'example_bash_operator' retrieved from /home/airflow/.local/lib/python3.12/site-packages/airflow/example_dags/example_bash_operator.py
[2025-03-04T17:35:26.469+0000] {logging_mixin.py:190} INFO - [2025-03-04T17:35:26.469+0000] {dag.py:3239} INFO - Sync 1 DAGs
[2025-03-04T17:35:26.497+0000] {logging_mixin.py:190} INFO - [2025-03-04T17:35:26.497+0000] {dag.py:4180} INFO - Setting next_dagrun for example_bash_operator to 2025-03-04 00:00:00+00:00, run_after=2025-03-05 00:00:00+00:00
[2025-03-04T17:35:26.521+0000] {processor.py:208} INFO - Processing /home/airflow/.local/lib/python3.12/site-packages/airflow/example_dags/example_bash_operator.py took 0.108 seconds
[2025-03-04T17:35:56.969+0000] {processor.py:186} INFO - Started process (PID=4713) to work on /home/airflow/.local/lib/python3.12/site-packages/airflow/example_dags/example_bash_operator.py
[2025-03-04T17:35:56.970+0000] {processor.py:914} INFO - Processing file /home/airflow/.local/lib/python3.12/site-packages/airflow/example_dags/example_bash_operator.py for tasks to queue
[2025-03-04T17:35:56.975+0000] {logging_mixin.py:190} INFO - [2025-03-04T17:35:56.975+0000] {dagbag.py:588} INFO - Filling up the DagBag from /home/airflow/.local/lib/python3.12/site-packages/airflow/example_dags/example_bash_operator.py
[2025-03-04T17:35:56.991+0000] {processor.py:925} INFO - DAG(s) 'example_bash_operator' retrieved from /home/airflow/.local/lib/python3.12/site-packages/airflow/example_dags/example_bash_operator.py
[2025-03-04T17:35:57.046+0000] {logging_mixin.py:190} INFO - [2025-03-04T17:35:57.046+0000] {dag.py:3239} INFO - Sync 1 DAGs
[2025-03-04T17:35:57.081+0000] {logging_mixin.py:190} INFO - [2025-03-04T17:35:57.081+0000] {dag.py:4180} INFO - Setting next_dagrun for example_bash_operator to 2025-03-04 00:00:00+00:00, run_after=2025-03-05 00:00:00+00:00
[2025-03-04T17:35:57.112+0000] {processor.py:208} INFO - Processing /home/airflow/.local/lib/python3.12/site-packages/airflow/example_dags/example_bash_operator.py took 0.150 seconds
[2025-03-04T17:36:27.497+0000] {processor.py:186} INFO - Started process (PID=5019) to work on /home/airflow/.local/lib/python3.12/site-packages/airflow/example_dags/example_bash_operator.py
[2025-03-04T17:36:27.498+0000] {processor.py:914} INFO - Processing file /home/airflow/.local/lib/python3.12/site-packages/airflow/example_dags/example_bash_operator.py for tasks to queue
[2025-03-04T17:36:27.501+0000] {logging_mixin.py:190} INFO - [2025-03-04T17:36:27.500+0000] {dagbag.py:588} INFO - Filling up the DagBag from /home/airflow/.local/lib/python3.12/site-packages/airflow/example_dags/example_bash_operator.py
[2025-03-04T17:36:27.516+0000] {processor.py:925} INFO - DAG(s) 'example_bash_operator' retrieved from /home/airflow/.local/lib/python3.12/site-packages/airflow/example_dags/example_bash_operator.py
[2025-03-04T17:36:27.550+0000] {logging_mixin.py:190} INFO - [2025-03-04T17:36:27.550+0000] {dag.py:3239} INFO - Sync 1 DAGs
[2025-03-04T17:36:27.593+0000] {logging_mixin.py:190} INFO - [2025-03-04T17:36:27.593+0000] {dag.py:4180} INFO - Setting next_dagrun for example_bash_operator to 2025-03-04 00:00:00+00:00, run_after=2025-03-05 00:00:00+00:00
[2025-03-04T17:36:27.618+0000] {processor.py:208} INFO - Processing /home/airflow/.local/lib/python3.12/site-packages/airflow/example_dags/example_bash_operator.py took 0.128 seconds
[2025-03-04T17:36:57.804+0000] {processor.py:186} INFO - Started process (PID=5325) to work on /home/airflow/.local/lib/python3.12/site-packages/airflow/example_dags/example_bash_operator.py
[2025-03-04T17:36:57.805+0000] {processor.py:914} INFO - Processing file /home/airflow/.local/lib/python3.12/site-packages/airflow/example_dags/example_bash_operator.py for tasks to queue
[2025-03-04T17:36:57.808+0000] {logging_mixin.py:190} INFO - [2025-03-04T17:36:57.807+0000] {dagbag.py:588} INFO - Filling up the DagBag from /home/airflow/.local/lib/python3.12/site-packages/airflow/example_dags/example_bash_operator.py
[2025-03-04T17:36:57.822+0000] {processor.py:925} INFO - DAG(s) 'example_bash_operator' retrieved from /home/airflow/.local/lib/python3.12/site-packages/airflow/example_dags/example_bash_operator.py
[2025-03-04T17:36:57.865+0000] {logging_mixin.py:190} INFO - [2025-03-04T17:36:57.865+0000] {dag.py:3239} INFO - Sync 1 DAGs
[2025-03-04T17:36:57.894+0000] {logging_mixin.py:190} INFO - [2025-03-04T17:36:57.894+0000] {dag.py:4180} INFO - Setting next_dagrun for example_bash_operator to 2025-03-04 00:00:00+00:00, run_after=2025-03-05 00:00:00+00:00
[2025-03-04T17:36:57.925+0000] {processor.py:208} INFO - Processing /home/airflow/.local/lib/python3.12/site-packages/airflow/example_dags/example_bash_operator.py took 0.126 seconds
[2025-03-04T17:37:28.229+0000] {processor.py:186} INFO - Started process (PID=5631) to work on /home/airflow/.local/lib/python3.12/site-packages/airflow/example_dags/example_bash_operator.py
[2025-03-04T17:37:28.230+0000] {processor.py:914} INFO - Processing file /home/airflow/.local/lib/python3.12/site-packages/airflow/example_dags/example_bash_operator.py for tasks to queue
[2025-03-04T17:37:28.233+0000] {logging_mixin.py:190} INFO - [2025-03-04T17:37:28.233+0000] {dagbag.py:588} INFO - Filling up the DagBag from /home/airflow/.local/lib/python3.12/site-packages/airflow/example_dags/example_bash_operator.py
[2025-03-04T17:37:28.249+0000] {processor.py:925} INFO - DAG(s) 'example_bash_operator' retrieved from /home/airflow/.local/lib/python3.12/site-packages/airflow/example_dags/example_bash_operator.py
[2025-03-04T17:37:28.283+0000] {logging_mixin.py:190} INFO - [2025-03-04T17:37:28.282+0000] {dag.py:3239} INFO - Sync 1 DAGs
[2025-03-04T17:37:28.313+0000] {logging_mixin.py:190} INFO - [2025-03-04T17:37:28.313+0000] {dag.py:4180} INFO - Setting next_dagrun for example_bash_operator to 2025-03-04 00:00:00+00:00, run_after=2025-03-05 00:00:00+00:00
[2025-03-04T17:37:28.339+0000] {processor.py:208} INFO - Processing /home/airflow/.local/lib/python3.12/site-packages/airflow/example_dags/example_bash_operator.py took 0.117 seconds
[2025-03-04T17:37:59.018+0000] {processor.py:186} INFO - Started process (PID=5937) to work on /home/airflow/.local/lib/python3.12/site-packages/airflow/example_dags/example_bash_operator.py
[2025-03-04T17:37:59.019+0000] {processor.py:914} INFO - Processing file /home/airflow/.local/lib/python3.12/site-packages/airflow/example_dags/example_bash_operator.py for tasks to queue
[2025-03-04T17:37:59.022+0000] {logging_mixin.py:190} INFO - [2025-03-04T17:37:59.021+0000] {dagbag.py:588} INFO - Filling up the DagBag from /home/airflow/.local/lib/python3.12/site-packages/airflow/example_dags/example_bash_operator.py
[2025-03-04T17:37:59.037+0000] {processor.py:925} INFO - DAG(s) 'example_bash_operator' retrieved from /home/airflow/.local/lib/python3.12/site-packages/airflow/example_dags/example_bash_operator.py
[2025-03-04T17:37:59.071+0000] {logging_mixin.py:190} INFO - [2025-03-04T17:37:59.071+0000] {dag.py:3239} INFO - Sync 1 DAGs
[2025-03-04T17:37:59.104+0000] {logging_mixin.py:190} INFO - [2025-03-04T17:37:59.104+0000] {dag.py:4180} INFO - Setting next_dagrun for example_bash_operator to 2025-03-04 00:00:00+00:00, run_after=2025-03-05 00:00:00+00:00
[2025-03-04T17:37:59.128+0000] {processor.py:208} INFO - Processing /home/airflow/.local/lib/python3.12/site-packages/airflow/example_dags/example_bash_operator.py took 0.117 seconds
[2025-03-04T17:38:29.546+0000] {processor.py:186} INFO - Started process (PID=6243) to work on /home/airflow/.local/lib/python3.12/site-packages/airflow/example_dags/example_bash_operator.py
[2025-03-04T17:38:29.548+0000] {processor.py:914} INFO - Processing file /home/airflow/.local/lib/python3.12/site-packages/airflow/example_dags/example_bash_operator.py for tasks to queue
[2025-03-04T17:38:29.550+0000] {logging_mixin.py:190} INFO - [2025-03-04T17:38:29.550+0000] {dagbag.py:588} INFO - Filling up the DagBag from /home/airflow/.local/lib/python3.12/site-packages/airflow/example_dags/example_bash_operator.py
[2025-03-04T17:38:29.565+0000] {processor.py:925} INFO - DAG(s) 'example_bash_operator' retrieved from /home/airflow/.local/lib/python3.12/site-packages/airflow/example_dags/example_bash_operator.py
[2025-03-04T17:38:29.605+0000] {logging_mixin.py:190} INFO - [2025-03-04T17:38:29.605+0000] {dag.py:3239} INFO - Sync 1 DAGs
[2025-03-04T17:38:29.645+0000] {logging_mixin.py:190} INFO - [2025-03-04T17:38:29.644+0000] {dag.py:4180} INFO - Setting next_dagrun for example_bash_operator to 2025-03-04 00:00:00+00:00, run_after=2025-03-05 00:00:00+00:00
[2025-03-04T17:38:29.673+0000] {processor.py:208} INFO - Processing /home/airflow/.local/lib/python3.12/site-packages/airflow/example_dags/example_bash_operator.py took 0.134 seconds
[2025-03-04T17:39:00.009+0000] {processor.py:186} INFO - Started process (PID=6549) to work on /home/airflow/.local/lib/python3.12/site-packages/airflow/example_dags/example_bash_operator.py
[2025-03-04T17:39:00.010+0000] {processor.py:914} INFO - Processing file /home/airflow/.local/lib/python3.12/site-packages/airflow/example_dags/example_bash_operator.py for tasks to queue
[2025-03-04T17:39:00.014+0000] {logging_mixin.py:190} INFO - [2025-03-04T17:39:00.013+0000] {dagbag.py:588} INFO - Filling up the DagBag from /home/airflow/.local/lib/python3.12/site-packages/airflow/example_dags/example_bash_operator.py
[2025-03-04T17:39:00.030+0000] {processor.py:925} INFO - DAG(s) 'example_bash_operator' retrieved from /home/airflow/.local/lib/python3.12/site-packages/airflow/example_dags/example_bash_operator.py
[2025-03-04T17:39:00.064+0000] {logging_mixin.py:190} INFO - [2025-03-04T17:39:00.064+0000] {dag.py:3239} INFO - Sync 1 DAGs
[2025-03-04T17:39:00.097+0000] {logging_mixin.py:190} INFO - [2025-03-04T17:39:00.097+0000] {dag.py:4180} INFO - Setting next_dagrun for example_bash_operator to 2025-03-04 00:00:00+00:00, run_after=2025-03-05 00:00:00+00:00
[2025-03-04T17:39:00.136+0000] {processor.py:208} INFO - Processing /home/airflow/.local/lib/python3.12/site-packages/airflow/example_dags/example_bash_operator.py took 0.141 seconds
[2025-03-04T17:39:30.680+0000] {processor.py:186} INFO - Started process (PID=6855) to work on /home/airflow/.local/lib/python3.12/site-packages/airflow/example_dags/example_bash_operator.py
[2025-03-04T17:39:30.682+0000] {processor.py:914} INFO - Processing file /home/airflow/.local/lib/python3.12/site-packages/airflow/example_dags/example_bash_operator.py for tasks to queue
[2025-03-04T17:39:30.684+0000] {logging_mixin.py:190} INFO - [2025-03-04T17:39:30.684+0000] {dagbag.py:588} INFO - Filling up the DagBag from /home/airflow/.local/lib/python3.12/site-packages/airflow/example_dags/example_bash_operator.py
[2025-03-04T17:39:30.699+0000] {processor.py:925} INFO - DAG(s) 'example_bash_operator' retrieved from /home/airflow/.local/lib/python3.12/site-packages/airflow/example_dags/example_bash_operator.py
[2025-03-04T17:39:30.730+0000] {logging_mixin.py:190} INFO - [2025-03-04T17:39:30.729+0000] {dag.py:3239} INFO - Sync 1 DAGs
[2025-03-04T17:39:30.758+0000] {logging_mixin.py:190} INFO - [2025-03-04T17:39:30.758+0000] {dag.py:4180} INFO - Setting next_dagrun for example_bash_operator to 2025-03-04 00:00:00+00:00, run_after=2025-03-05 00:00:00+00:00
[2025-03-04T17:39:30.782+0000] {processor.py:208} INFO - Processing /home/airflow/.local/lib/python3.12/site-packages/airflow/example_dags/example_bash_operator.py took 0.107 seconds
[2025-03-04T17:40:01.350+0000] {processor.py:186} INFO - Started process (PID=7163) to work on /home/airflow/.local/lib/python3.12/site-packages/airflow/example_dags/example_bash_operator.py
[2025-03-04T17:40:01.351+0000] {processor.py:914} INFO - Processing file /home/airflow/.local/lib/python3.12/site-packages/airflow/example_dags/example_bash_operator.py for tasks to queue
[2025-03-04T17:40:01.354+0000] {logging_mixin.py:190} INFO - [2025-03-04T17:40:01.354+0000] {dagbag.py:588} INFO - Filling up the DagBag from /home/airflow/.local/lib/python3.12/site-packages/airflow/example_dags/example_bash_operator.py
[2025-03-04T17:40:01.375+0000] {processor.py:925} INFO - DAG(s) 'example_bash_operator' retrieved from /home/airflow/.local/lib/python3.12/site-packages/airflow/example_dags/example_bash_operator.py
[2025-03-04T17:40:01.410+0000] {logging_mixin.py:190} INFO - [2025-03-04T17:40:01.410+0000] {dag.py:3239} INFO - Sync 1 DAGs
[2025-03-04T17:40:01.444+0000] {logging_mixin.py:190} INFO - [2025-03-04T17:40:01.443+0000] {dag.py:4180} INFO - Setting next_dagrun for example_bash_operator to 2025-03-04 00:00:00+00:00, run_after=2025-03-05 00:00:00+00:00
[2025-03-04T17:40:01.473+0000] {processor.py:208} INFO - Processing /home/airflow/.local/lib/python3.12/site-packages/airflow/example_dags/example_bash_operator.py took 0.130 seconds
[2025-03-04T17:40:31.892+0000] {processor.py:186} INFO - Started process (PID=7472) to work on /home/airflow/.local/lib/python3.12/site-packages/airflow/example_dags/example_bash_operator.py
[2025-03-04T17:40:31.894+0000] {processor.py:914} INFO - Processing file /home/airflow/.local/lib/python3.12/site-packages/airflow/example_dags/example_bash_operator.py for tasks to queue
[2025-03-04T17:40:31.896+0000] {logging_mixin.py:190} INFO - [2025-03-04T17:40:31.896+0000] {dagbag.py:588} INFO - Filling up the DagBag from /home/airflow/.local/lib/python3.12/site-packages/airflow/example_dags/example_bash_operator.py
[2025-03-04T17:40:31.913+0000] {processor.py:925} INFO - DAG(s) 'example_bash_operator' retrieved from /home/airflow/.local/lib/python3.12/site-packages/airflow/example_dags/example_bash_operator.py
[2025-03-04T17:40:31.950+0000] {logging_mixin.py:190} INFO - [2025-03-04T17:40:31.949+0000] {dag.py:3239} INFO - Sync 1 DAGs
[2025-03-04T17:40:31.981+0000] {logging_mixin.py:190} INFO - [2025-03-04T17:40:31.981+0000] {dag.py:4180} INFO - Setting next_dagrun for example_bash_operator to 2025-03-04 00:00:00+00:00, run_after=2025-03-05 00:00:00+00:00
[2025-03-04T17:40:32.007+0000] {processor.py:208} INFO - Processing /home/airflow/.local/lib/python3.12/site-packages/airflow/example_dags/example_bash_operator.py took 0.122 seconds
[2025-03-04T17:41:02.417+0000] {processor.py:186} INFO - Started process (PID=7778) to work on /home/airflow/.local/lib/python3.12/site-packages/airflow/example_dags/example_bash_operator.py
[2025-03-04T17:41:02.418+0000] {processor.py:914} INFO - Processing file /home/airflow/.local/lib/python3.12/site-packages/airflow/example_dags/example_bash_operator.py for tasks to queue
[2025-03-04T17:41:02.420+0000] {logging_mixin.py:190} INFO - [2025-03-04T17:41:02.420+0000] {dagbag.py:588} INFO - Filling up the DagBag from /home/airflow/.local/lib/python3.12/site-packages/airflow/example_dags/example_bash_operator.py
[2025-03-04T17:41:02.435+0000] {processor.py:925} INFO - DAG(s) 'example_bash_operator' retrieved from /home/airflow/.local/lib/python3.12/site-packages/airflow/example_dags/example_bash_operator.py
[2025-03-04T17:41:02.468+0000] {logging_mixin.py:190} INFO - [2025-03-04T17:41:02.468+0000] {dag.py:3239} INFO - Sync 1 DAGs
[2025-03-04T17:41:02.499+0000] {logging_mixin.py:190} INFO - [2025-03-04T17:41:02.499+0000] {dag.py:4180} INFO - Setting next_dagrun for example_bash_operator to 2025-03-04 00:00:00+00:00, run_after=2025-03-05 00:00:00+00:00
[2025-03-04T17:41:02.525+0000] {processor.py:208} INFO - Processing /home/airflow/.local/lib/python3.12/site-packages/airflow/example_dags/example_bash_operator.py took 0.121 seconds
[2025-03-04T17:41:32.925+0000] {processor.py:186} INFO - Started process (PID=8086) to work on /home/airflow/.local/lib/python3.12/site-packages/airflow/example_dags/example_bash_operator.py
[2025-03-04T17:41:32.926+0000] {processor.py:914} INFO - Processing file /home/airflow/.local/lib/python3.12/site-packages/airflow/example_dags/example_bash_operator.py for tasks to queue
[2025-03-04T17:41:32.929+0000] {logging_mixin.py:190} INFO - [2025-03-04T17:41:32.929+0000] {dagbag.py:588} INFO - Filling up the DagBag from /home/airflow/.local/lib/python3.12/site-packages/airflow/example_dags/example_bash_operator.py
[2025-03-04T17:41:32.946+0000] {processor.py:925} INFO - DAG(s) 'example_bash_operator' retrieved from /home/airflow/.local/lib/python3.12/site-packages/airflow/example_dags/example_bash_operator.py
[2025-03-04T17:41:32.981+0000] {logging_mixin.py:190} INFO - [2025-03-04T17:41:32.980+0000] {dag.py:3239} INFO - Sync 1 DAGs
[2025-03-04T17:41:33.012+0000] {logging_mixin.py:190} INFO - [2025-03-04T17:41:33.012+0000] {dag.py:4180} INFO - Setting next_dagrun for example_bash_operator to 2025-03-04 00:00:00+00:00, run_after=2025-03-05 00:00:00+00:00
[2025-03-04T17:41:33.038+0000] {processor.py:208} INFO - Processing /home/airflow/.local/lib/python3.12/site-packages/airflow/example_dags/example_bash_operator.py took 0.121 seconds
[2025-03-04T17:42:03.138+0000] {processor.py:186} INFO - Started process (PID=8390) to work on /home/airflow/.local/lib/python3.12/site-packages/airflow/example_dags/example_bash_operator.py
[2025-03-04T17:42:03.139+0000] {processor.py:914} INFO - Processing file /home/airflow/.local/lib/python3.12/site-packages/airflow/example_dags/example_bash_operator.py for tasks to queue
[2025-03-04T17:42:03.141+0000] {logging_mixin.py:190} INFO - [2025-03-04T17:42:03.141+0000] {dagbag.py:588} INFO - Filling up the DagBag from /home/airflow/.local/lib/python3.12/site-packages/airflow/example_dags/example_bash_operator.py
[2025-03-04T17:42:03.155+0000] {processor.py:925} INFO - DAG(s) 'example_bash_operator' retrieved from /home/airflow/.local/lib/python3.12/site-packages/airflow/example_dags/example_bash_operator.py
[2025-03-04T17:42:03.185+0000] {logging_mixin.py:190} INFO - [2025-03-04T17:42:03.185+0000] {dag.py:3239} INFO - Sync 1 DAGs
[2025-03-04T17:42:03.212+0000] {logging_mixin.py:190} INFO - [2025-03-04T17:42:03.212+0000] {dag.py:4180} INFO - Setting next_dagrun for example_bash_operator to 2025-03-04 00:00:00+00:00, run_after=2025-03-05 00:00:00+00:00
[2025-03-04T17:42:03.233+0000] {processor.py:208} INFO - Processing /home/airflow/.local/lib/python3.12/site-packages/airflow/example_dags/example_bash_operator.py took 0.102 seconds
[2025-03-04T17:43:19.193+0000] {processor.py:186} INFO - Started process (PID=354) to work on /home/airflow/.local/lib/python3.12/site-packages/airflow/example_dags/example_bash_operator.py
[2025-03-04T17:43:19.195+0000] {processor.py:914} INFO - Processing file /home/airflow/.local/lib/python3.12/site-packages/airflow/example_dags/example_bash_operator.py for tasks to queue
[2025-03-04T17:43:19.197+0000] {logging_mixin.py:190} INFO - [2025-03-04T17:43:19.197+0000] {dagbag.py:588} INFO - Filling up the DagBag from /home/airflow/.local/lib/python3.12/site-packages/airflow/example_dags/example_bash_operator.py
[2025-03-04T17:43:19.211+0000] {processor.py:925} INFO - DAG(s) 'example_bash_operator' retrieved from /home/airflow/.local/lib/python3.12/site-packages/airflow/example_dags/example_bash_operator.py
[2025-03-04T17:43:19.241+0000] {logging_mixin.py:190} INFO - [2025-03-04T17:43:19.241+0000] {dag.py:3239} INFO - Sync 1 DAGs
[2025-03-04T17:43:19.269+0000] {logging_mixin.py:190} INFO - [2025-03-04T17:43:19.269+0000] {dag.py:4180} INFO - Setting next_dagrun for example_bash_operator to 2025-03-04 00:00:00+00:00, run_after=2025-03-05 00:00:00+00:00
[2025-03-04T17:43:19.286+0000] {processor.py:208} INFO - Processing /home/airflow/.local/lib/python3.12/site-packages/airflow/example_dags/example_bash_operator.py took 0.099 seconds
[2025-03-04T17:43:51.305+0000] {processor.py:186} INFO - Started process (PID=660) to work on /home/airflow/.local/lib/python3.12/site-packages/airflow/example_dags/example_bash_operator.py
[2025-03-04T17:43:51.306+0000] {processor.py:914} INFO - Processing file /home/airflow/.local/lib/python3.12/site-packages/airflow/example_dags/example_bash_operator.py for tasks to queue
[2025-03-04T17:43:51.308+0000] {logging_mixin.py:190} INFO - [2025-03-04T17:43:51.308+0000] {dagbag.py:588} INFO - Filling up the DagBag from /home/airflow/.local/lib/python3.12/site-packages/airflow/example_dags/example_bash_operator.py
[2025-03-04T17:43:51.323+0000] {processor.py:925} INFO - DAG(s) 'example_bash_operator' retrieved from /home/airflow/.local/lib/python3.12/site-packages/airflow/example_dags/example_bash_operator.py
[2025-03-04T17:43:51.354+0000] {logging_mixin.py:190} INFO - [2025-03-04T17:43:51.353+0000] {dag.py:3239} INFO - Sync 1 DAGs
[2025-03-04T17:43:51.383+0000] {logging_mixin.py:190} INFO - [2025-03-04T17:43:51.382+0000] {dag.py:4180} INFO - Setting next_dagrun for example_bash_operator to 2025-03-04 00:00:00+00:00, run_after=2025-03-05 00:00:00+00:00
[2025-03-04T17:43:51.404+0000] {processor.py:208} INFO - Processing /home/airflow/.local/lib/python3.12/site-packages/airflow/example_dags/example_bash_operator.py took 0.106 seconds
[2025-03-04T17:44:22.317+0000] {processor.py:186} INFO - Started process (PID=966) to work on /home/airflow/.local/lib/python3.12/site-packages/airflow/example_dags/example_bash_operator.py
[2025-03-04T17:44:22.319+0000] {processor.py:914} INFO - Processing file /home/airflow/.local/lib/python3.12/site-packages/airflow/example_dags/example_bash_operator.py for tasks to queue
[2025-03-04T17:44:22.322+0000] {logging_mixin.py:190} INFO - [2025-03-04T17:44:22.322+0000] {dagbag.py:588} INFO - Filling up the DagBag from /home/airflow/.local/lib/python3.12/site-packages/airflow/example_dags/example_bash_operator.py
[2025-03-04T17:44:22.339+0000] {processor.py:925} INFO - DAG(s) 'example_bash_operator' retrieved from /home/airflow/.local/lib/python3.12/site-packages/airflow/example_dags/example_bash_operator.py
[2025-03-04T17:44:22.379+0000] {logging_mixin.py:190} INFO - [2025-03-04T17:44:22.379+0000] {dag.py:3239} INFO - Sync 1 DAGs
[2025-03-04T17:44:22.410+0000] {logging_mixin.py:190} INFO - [2025-03-04T17:44:22.410+0000] {dag.py:4180} INFO - Setting next_dagrun for example_bash_operator to 2025-03-04 00:00:00+00:00, run_after=2025-03-05 00:00:00+00:00
[2025-03-04T17:44:22.443+0000] {processor.py:208} INFO - Processing /home/airflow/.local/lib/python3.12/site-packages/airflow/example_dags/example_bash_operator.py took 0.133 seconds
[2025-03-04T17:44:53.087+0000] {processor.py:186} INFO - Started process (PID=1272) to work on /home/airflow/.local/lib/python3.12/site-packages/airflow/example_dags/example_bash_operator.py
[2025-03-04T17:44:53.088+0000] {processor.py:914} INFO - Processing file /home/airflow/.local/lib/python3.12/site-packages/airflow/example_dags/example_bash_operator.py for tasks to queue
[2025-03-04T17:44:53.091+0000] {logging_mixin.py:190} INFO - [2025-03-04T17:44:53.090+0000] {dagbag.py:588} INFO - Filling up the DagBag from /home/airflow/.local/lib/python3.12/site-packages/airflow/example_dags/example_bash_operator.py
[2025-03-04T17:44:53.109+0000] {processor.py:925} INFO - DAG(s) 'example_bash_operator' retrieved from /home/airflow/.local/lib/python3.12/site-packages/airflow/example_dags/example_bash_operator.py
[2025-03-04T17:44:53.140+0000] {logging_mixin.py:190} INFO - [2025-03-04T17:44:53.140+0000] {dag.py:3239} INFO - Sync 1 DAGs
[2025-03-04T17:44:53.168+0000] {logging_mixin.py:190} INFO - [2025-03-04T17:44:53.168+0000] {dag.py:4180} INFO - Setting next_dagrun for example_bash_operator to 2025-03-04 00:00:00+00:00, run_after=2025-03-05 00:00:00+00:00
[2025-03-04T17:44:53.194+0000] {processor.py:208} INFO - Processing /home/airflow/.local/lib/python3.12/site-packages/airflow/example_dags/example_bash_operator.py took 0.115 seconds
[2025-03-04T17:45:24.350+0000] {processor.py:186} INFO - Started process (PID=1580) to work on /home/airflow/.local/lib/python3.12/site-packages/airflow/example_dags/example_bash_operator.py
[2025-03-04T17:45:24.351+0000] {processor.py:914} INFO - Processing file /home/airflow/.local/lib/python3.12/site-packages/airflow/example_dags/example_bash_operator.py for tasks to queue
[2025-03-04T17:45:24.353+0000] {logging_mixin.py:190} INFO - [2025-03-04T17:45:24.353+0000] {dagbag.py:588} INFO - Filling up the DagBag from /home/airflow/.local/lib/python3.12/site-packages/airflow/example_dags/example_bash_operator.py
[2025-03-04T17:45:24.367+0000] {processor.py:925} INFO - DAG(s) 'example_bash_operator' retrieved from /home/airflow/.local/lib/python3.12/site-packages/airflow/example_dags/example_bash_operator.py
[2025-03-04T17:45:24.403+0000] {logging_mixin.py:190} INFO - [2025-03-04T17:45:24.403+0000] {dag.py:3239} INFO - Sync 1 DAGs
[2025-03-04T17:45:24.434+0000] {logging_mixin.py:190} INFO - [2025-03-04T17:45:24.433+0000] {dag.py:4180} INFO - Setting next_dagrun for example_bash_operator to 2025-03-04 00:00:00+00:00, run_after=2025-03-05 00:00:00+00:00
[2025-03-04T17:45:24.459+0000] {processor.py:208} INFO - Processing /home/airflow/.local/lib/python3.12/site-packages/airflow/example_dags/example_bash_operator.py took 0.116 seconds
[2025-03-04T17:45:55.482+0000] {processor.py:186} INFO - Started process (PID=1884) to work on /home/airflow/.local/lib/python3.12/site-packages/airflow/example_dags/example_bash_operator.py
[2025-03-04T17:45:55.484+0000] {processor.py:914} INFO - Processing file /home/airflow/.local/lib/python3.12/site-packages/airflow/example_dags/example_bash_operator.py for tasks to queue
[2025-03-04T17:45:55.487+0000] {logging_mixin.py:190} INFO - [2025-03-04T17:45:55.486+0000] {dagbag.py:588} INFO - Filling up the DagBag from /home/airflow/.local/lib/python3.12/site-packages/airflow/example_dags/example_bash_operator.py
[2025-03-04T17:45:55.501+0000] {processor.py:925} INFO - DAG(s) 'example_bash_operator' retrieved from /home/airflow/.local/lib/python3.12/site-packages/airflow/example_dags/example_bash_operator.py
[2025-03-04T17:45:55.536+0000] {logging_mixin.py:190} INFO - [2025-03-04T17:45:55.535+0000] {dag.py:3239} INFO - Sync 1 DAGs
[2025-03-04T17:45:55.569+0000] {logging_mixin.py:190} INFO - [2025-03-04T17:45:55.569+0000] {dag.py:4180} INFO - Setting next_dagrun for example_bash_operator to 2025-03-04 00:00:00+00:00, run_after=2025-03-05 00:00:00+00:00
[2025-03-04T17:45:55.592+0000] {processor.py:208} INFO - Processing /home/airflow/.local/lib/python3.12/site-packages/airflow/example_dags/example_bash_operator.py took 0.126 seconds
[2025-03-04T17:46:26.628+0000] {processor.py:186} INFO - Started process (PID=2190) to work on /home/airflow/.local/lib/python3.12/site-packages/airflow/example_dags/example_bash_operator.py
[2025-03-04T17:46:26.629+0000] {processor.py:914} INFO - Processing file /home/airflow/.local/lib/python3.12/site-packages/airflow/example_dags/example_bash_operator.py for tasks to queue
[2025-03-04T17:46:26.632+0000] {logging_mixin.py:190} INFO - [2025-03-04T17:46:26.632+0000] {dagbag.py:588} INFO - Filling up the DagBag from /home/airflow/.local/lib/python3.12/site-packages/airflow/example_dags/example_bash_operator.py
[2025-03-04T17:46:26.654+0000] {processor.py:925} INFO - DAG(s) 'example_bash_operator' retrieved from /home/airflow/.local/lib/python3.12/site-packages/airflow/example_dags/example_bash_operator.py
[2025-03-04T17:46:26.695+0000] {logging_mixin.py:190} INFO - [2025-03-04T17:46:26.695+0000] {dag.py:3239} INFO - Sync 1 DAGs
[2025-03-04T17:46:26.723+0000] {logging_mixin.py:190} INFO - [2025-03-04T17:46:26.723+0000] {dag.py:4180} INFO - Setting next_dagrun for example_bash_operator to 2025-03-04 00:00:00+00:00, run_after=2025-03-05 00:00:00+00:00
[2025-03-04T17:46:26.748+0000] {processor.py:208} INFO - Processing /home/airflow/.local/lib/python3.12/site-packages/airflow/example_dags/example_bash_operator.py took 0.127 seconds
[2025-03-04T17:46:57.507+0000] {processor.py:186} INFO - Started process (PID=2496) to work on /home/airflow/.local/lib/python3.12/site-packages/airflow/example_dags/example_bash_operator.py
[2025-03-04T17:46:57.508+0000] {processor.py:914} INFO - Processing file /home/airflow/.local/lib/python3.12/site-packages/airflow/example_dags/example_bash_operator.py for tasks to queue
[2025-03-04T17:46:57.511+0000] {logging_mixin.py:190} INFO - [2025-03-04T17:46:57.510+0000] {dagbag.py:588} INFO - Filling up the DagBag from /home/airflow/.local/lib/python3.12/site-packages/airflow/example_dags/example_bash_operator.py
[2025-03-04T17:46:57.525+0000] {processor.py:925} INFO - DAG(s) 'example_bash_operator' retrieved from /home/airflow/.local/lib/python3.12/site-packages/airflow/example_dags/example_bash_operator.py
[2025-03-04T17:46:57.559+0000] {logging_mixin.py:190} INFO - [2025-03-04T17:46:57.559+0000] {dag.py:3239} INFO - Sync 1 DAGs
[2025-03-04T17:46:57.594+0000] {logging_mixin.py:190} INFO - [2025-03-04T17:46:57.594+0000] {dag.py:4180} INFO - Setting next_dagrun for example_bash_operator to 2025-03-04 00:00:00+00:00, run_after=2025-03-05 00:00:00+00:00
[2025-03-04T17:46:57.620+0000] {processor.py:208} INFO - Processing /home/airflow/.local/lib/python3.12/site-packages/airflow/example_dags/example_bash_operator.py took 0.119 seconds
[2025-03-04T17:47:28.668+0000] {processor.py:186} INFO - Started process (PID=2804) to work on /home/airflow/.local/lib/python3.12/site-packages/airflow/example_dags/example_bash_operator.py
[2025-03-04T17:47:28.669+0000] {processor.py:914} INFO - Processing file /home/airflow/.local/lib/python3.12/site-packages/airflow/example_dags/example_bash_operator.py for tasks to queue
[2025-03-04T17:47:28.671+0000] {logging_mixin.py:190} INFO - [2025-03-04T17:47:28.671+0000] {dagbag.py:588} INFO - Filling up the DagBag from /home/airflow/.local/lib/python3.12/site-packages/airflow/example_dags/example_bash_operator.py
[2025-03-04T17:47:28.684+0000] {processor.py:925} INFO - DAG(s) 'example_bash_operator' retrieved from /home/airflow/.local/lib/python3.12/site-packages/airflow/example_dags/example_bash_operator.py
[2025-03-04T17:47:28.717+0000] {logging_mixin.py:190} INFO - [2025-03-04T17:47:28.717+0000] {dag.py:3239} INFO - Sync 1 DAGs
[2025-03-04T17:47:28.743+0000] {logging_mixin.py:190} INFO - [2025-03-04T17:47:28.743+0000] {dag.py:4180} INFO - Setting next_dagrun for example_bash_operator to 2025-03-04 00:00:00+00:00, run_after=2025-03-05 00:00:00+00:00
[2025-03-04T17:47:28.768+0000] {processor.py:208} INFO - Processing /home/airflow/.local/lib/python3.12/site-packages/airflow/example_dags/example_bash_operator.py took 0.107 seconds
[2025-03-04T17:47:59.057+0000] {processor.py:186} INFO - Started process (PID=3108) to work on /home/airflow/.local/lib/python3.12/site-packages/airflow/example_dags/example_bash_operator.py
[2025-03-04T17:47:59.059+0000] {processor.py:914} INFO - Processing file /home/airflow/.local/lib/python3.12/site-packages/airflow/example_dags/example_bash_operator.py for tasks to queue
[2025-03-04T17:47:59.061+0000] {logging_mixin.py:190} INFO - [2025-03-04T17:47:59.061+0000] {dagbag.py:588} INFO - Filling up the DagBag from /home/airflow/.local/lib/python3.12/site-packages/airflow/example_dags/example_bash_operator.py
[2025-03-04T17:47:59.075+0000] {processor.py:925} INFO - DAG(s) 'example_bash_operator' retrieved from /home/airflow/.local/lib/python3.12/site-packages/airflow/example_dags/example_bash_operator.py
[2025-03-04T17:47:59.110+0000] {logging_mixin.py:190} INFO - [2025-03-04T17:47:59.110+0000] {dag.py:3239} INFO - Sync 1 DAGs
[2025-03-04T17:47:59.140+0000] {logging_mixin.py:190} INFO - [2025-03-04T17:47:59.140+0000] {dag.py:4180} INFO - Setting next_dagrun for example_bash_operator to 2025-03-04 00:00:00+00:00, run_after=2025-03-05 00:00:00+00:00
[2025-03-04T17:47:59.166+0000] {processor.py:208} INFO - Processing /home/airflow/.local/lib/python3.12/site-packages/airflow/example_dags/example_bash_operator.py took 0.115 seconds
[2025-03-04T17:48:30.783+0000] {processor.py:186} INFO - Started process (PID=3417) to work on /home/airflow/.local/lib/python3.12/site-packages/airflow/example_dags/example_bash_operator.py
[2025-03-04T17:48:30.785+0000] {processor.py:914} INFO - Processing file /home/airflow/.local/lib/python3.12/site-packages/airflow/example_dags/example_bash_operator.py for tasks to queue
[2025-03-04T17:48:30.790+0000] {logging_mixin.py:190} INFO - [2025-03-04T17:48:30.790+0000] {dagbag.py:588} INFO - Filling up the DagBag from /home/airflow/.local/lib/python3.12/site-packages/airflow/example_dags/example_bash_operator.py
[2025-03-04T17:48:30.807+0000] {processor.py:925} INFO - DAG(s) 'example_bash_operator' retrieved from /home/airflow/.local/lib/python3.12/site-packages/airflow/example_dags/example_bash_operator.py
[2025-03-04T17:48:30.843+0000] {logging_mixin.py:190} INFO - [2025-03-04T17:48:30.843+0000] {dag.py:3239} INFO - Sync 1 DAGs
[2025-03-04T17:48:30.875+0000] {logging_mixin.py:190} INFO - [2025-03-04T17:48:30.874+0000] {dag.py:4180} INFO - Setting next_dagrun for example_bash_operator to 2025-03-04 00:00:00+00:00, run_after=2025-03-05 00:00:00+00:00
[2025-03-04T17:48:30.901+0000] {processor.py:208} INFO - Processing /home/airflow/.local/lib/python3.12/site-packages/airflow/example_dags/example_bash_operator.py took 0.134 seconds
[2025-03-04T17:49:02.247+0000] {processor.py:186} INFO - Started process (PID=3724) to work on /home/airflow/.local/lib/python3.12/site-packages/airflow/example_dags/example_bash_operator.py
[2025-03-04T17:49:02.248+0000] {processor.py:914} INFO - Processing file /home/airflow/.local/lib/python3.12/site-packages/airflow/example_dags/example_bash_operator.py for tasks to queue
[2025-03-04T17:49:02.251+0000] {logging_mixin.py:190} INFO - [2025-03-04T17:49:02.251+0000] {dagbag.py:588} INFO - Filling up the DagBag from /home/airflow/.local/lib/python3.12/site-packages/airflow/example_dags/example_bash_operator.py
[2025-03-04T17:49:02.266+0000] {processor.py:925} INFO - DAG(s) 'example_bash_operator' retrieved from /home/airflow/.local/lib/python3.12/site-packages/airflow/example_dags/example_bash_operator.py
[2025-03-04T17:49:02.304+0000] {logging_mixin.py:190} INFO - [2025-03-04T17:49:02.303+0000] {dag.py:3239} INFO - Sync 1 DAGs
[2025-03-04T17:49:02.337+0000] {logging_mixin.py:190} INFO - [2025-03-04T17:49:02.336+0000] {dag.py:4180} INFO - Setting next_dagrun for example_bash_operator to 2025-03-04 00:00:00+00:00, run_after=2025-03-05 00:00:00+00:00
[2025-03-04T17:49:02.365+0000] {processor.py:208} INFO - Processing /home/airflow/.local/lib/python3.12/site-packages/airflow/example_dags/example_bash_operator.py took 0.125 seconds
[2025-03-04T17:49:33.976+0000] {processor.py:186} INFO - Started process (PID=4030) to work on /home/airflow/.local/lib/python3.12/site-packages/airflow/example_dags/example_bash_operator.py
[2025-03-04T17:49:33.977+0000] {processor.py:914} INFO - Processing file /home/airflow/.local/lib/python3.12/site-packages/airflow/example_dags/example_bash_operator.py for tasks to queue
[2025-03-04T17:49:33.980+0000] {logging_mixin.py:190} INFO - [2025-03-04T17:49:33.980+0000] {dagbag.py:588} INFO - Filling up the DagBag from /home/airflow/.local/lib/python3.12/site-packages/airflow/example_dags/example_bash_operator.py
[2025-03-04T17:49:33.996+0000] {processor.py:925} INFO - DAG(s) 'example_bash_operator' retrieved from /home/airflow/.local/lib/python3.12/site-packages/airflow/example_dags/example_bash_operator.py
[2025-03-04T17:49:34.041+0000] {logging_mixin.py:190} INFO - [2025-03-04T17:49:34.041+0000] {dag.py:3239} INFO - Sync 1 DAGs
[2025-03-04T17:49:34.077+0000] {logging_mixin.py:190} INFO - [2025-03-04T17:49:34.077+0000] {dag.py:4180} INFO - Setting next_dagrun for example_bash_operator to 2025-03-04 00:00:00+00:00, run_after=2025-03-05 00:00:00+00:00
[2025-03-04T17:49:34.104+0000] {processor.py:208} INFO - Processing /home/airflow/.local/lib/python3.12/site-packages/airflow/example_dags/example_bash_operator.py took 0.136 seconds
[2025-03-04T17:52:41.181+0000] {processor.py:186} INFO - Started process (PID=354) to work on /home/airflow/.local/lib/python3.12/site-packages/airflow/example_dags/example_bash_operator.py
[2025-03-04T17:52:41.182+0000] {processor.py:914} INFO - Processing file /home/airflow/.local/lib/python3.12/site-packages/airflow/example_dags/example_bash_operator.py for tasks to queue
[2025-03-04T17:52:41.185+0000] {logging_mixin.py:190} INFO - [2025-03-04T17:52:41.184+0000] {dagbag.py:588} INFO - Filling up the DagBag from /home/airflow/.local/lib/python3.12/site-packages/airflow/example_dags/example_bash_operator.py
[2025-03-04T17:52:41.198+0000] {processor.py:925} INFO - DAG(s) 'example_bash_operator' retrieved from /home/airflow/.local/lib/python3.12/site-packages/airflow/example_dags/example_bash_operator.py
[2025-03-04T17:52:41.230+0000] {logging_mixin.py:190} INFO - [2025-03-04T17:52:41.230+0000] {dag.py:3239} INFO - Sync 1 DAGs
[2025-03-04T17:52:41.260+0000] {logging_mixin.py:190} INFO - [2025-03-04T17:52:41.260+0000] {dag.py:4180} INFO - Setting next_dagrun for example_bash_operator to 2025-03-04 00:00:00+00:00, run_after=2025-03-05 00:00:00+00:00
[2025-03-04T17:52:41.286+0000] {processor.py:208} INFO - Processing /home/airflow/.local/lib/python3.12/site-packages/airflow/example_dags/example_bash_operator.py took 0.110 seconds
[2025-03-04T17:53:12.904+0000] {processor.py:186} INFO - Started process (PID=662) to work on /home/airflow/.local/lib/python3.12/site-packages/airflow/example_dags/example_bash_operator.py
[2025-03-04T17:53:12.906+0000] {processor.py:914} INFO - Processing file /home/airflow/.local/lib/python3.12/site-packages/airflow/example_dags/example_bash_operator.py for tasks to queue
[2025-03-04T17:53:12.908+0000] {logging_mixin.py:190} INFO - [2025-03-04T17:53:12.908+0000] {dagbag.py:588} INFO - Filling up the DagBag from /home/airflow/.local/lib/python3.12/site-packages/airflow/example_dags/example_bash_operator.py
[2025-03-04T17:53:12.922+0000] {processor.py:925} INFO - DAG(s) 'example_bash_operator' retrieved from /home/airflow/.local/lib/python3.12/site-packages/airflow/example_dags/example_bash_operator.py
[2025-03-04T17:53:12.963+0000] {logging_mixin.py:190} INFO - [2025-03-04T17:53:12.963+0000] {dag.py:3239} INFO - Sync 1 DAGs
[2025-03-04T17:53:12.996+0000] {logging_mixin.py:190} INFO - [2025-03-04T17:53:12.995+0000] {dag.py:4180} INFO - Setting next_dagrun for example_bash_operator to 2025-03-04 00:00:00+00:00, run_after=2025-03-05 00:00:00+00:00
[2025-03-04T17:53:13.019+0000] {processor.py:208} INFO - Processing /home/airflow/.local/lib/python3.12/site-packages/airflow/example_dags/example_bash_operator.py took 0.121 seconds
[2025-03-04T17:53:43.427+0000] {processor.py:186} INFO - Started process (PID=966) to work on /home/airflow/.local/lib/python3.12/site-packages/airflow/example_dags/example_bash_operator.py
[2025-03-04T17:53:43.428+0000] {processor.py:914} INFO - Processing file /home/airflow/.local/lib/python3.12/site-packages/airflow/example_dags/example_bash_operator.py for tasks to queue
[2025-03-04T17:53:43.430+0000] {logging_mixin.py:190} INFO - [2025-03-04T17:53:43.429+0000] {dagbag.py:588} INFO - Filling up the DagBag from /home/airflow/.local/lib/python3.12/site-packages/airflow/example_dags/example_bash_operator.py
[2025-03-04T17:53:43.447+0000] {processor.py:925} INFO - DAG(s) 'example_bash_operator' retrieved from /home/airflow/.local/lib/python3.12/site-packages/airflow/example_dags/example_bash_operator.py
[2025-03-04T17:53:43.478+0000] {logging_mixin.py:190} INFO - [2025-03-04T17:53:43.478+0000] {dag.py:3239} INFO - Sync 1 DAGs
[2025-03-04T17:53:43.511+0000] {logging_mixin.py:190} INFO - [2025-03-04T17:53:43.510+0000] {dag.py:4180} INFO - Setting next_dagrun for example_bash_operator to 2025-03-04 00:00:00+00:00, run_after=2025-03-05 00:00:00+00:00
[2025-03-04T17:53:43.530+0000] {processor.py:208} INFO - Processing /home/airflow/.local/lib/python3.12/site-packages/airflow/example_dags/example_bash_operator.py took 0.109 seconds
[2025-03-04T17:54:14.490+0000] {processor.py:186} INFO - Started process (PID=1272) to work on /home/airflow/.local/lib/python3.12/site-packages/airflow/example_dags/example_bash_operator.py
[2025-03-04T17:54:14.491+0000] {processor.py:914} INFO - Processing file /home/airflow/.local/lib/python3.12/site-packages/airflow/example_dags/example_bash_operator.py for tasks to queue
[2025-03-04T17:54:14.493+0000] {logging_mixin.py:190} INFO - [2025-03-04T17:54:14.492+0000] {dagbag.py:588} INFO - Filling up the DagBag from /home/airflow/.local/lib/python3.12/site-packages/airflow/example_dags/example_bash_operator.py
[2025-03-04T17:54:14.510+0000] {processor.py:925} INFO - DAG(s) 'example_bash_operator' retrieved from /home/airflow/.local/lib/python3.12/site-packages/airflow/example_dags/example_bash_operator.py
[2025-03-04T17:54:14.548+0000] {logging_mixin.py:190} INFO - [2025-03-04T17:54:14.548+0000] {dag.py:3239} INFO - Sync 1 DAGs
[2025-03-04T17:54:14.581+0000] {logging_mixin.py:190} INFO - [2025-03-04T17:54:14.580+0000] {dag.py:4180} INFO - Setting next_dagrun for example_bash_operator to 2025-03-04 00:00:00+00:00, run_after=2025-03-05 00:00:00+00:00
[2025-03-04T17:54:14.603+0000] {processor.py:208} INFO - Processing /home/airflow/.local/lib/python3.12/site-packages/airflow/example_dags/example_bash_operator.py took 0.120 seconds
[2025-03-04T17:54:46.174+0000] {processor.py:186} INFO - Started process (PID=1588) to work on /home/airflow/.local/lib/python3.12/site-packages/airflow/example_dags/example_bash_operator.py
[2025-03-04T17:54:46.175+0000] {processor.py:914} INFO - Processing file /home/airflow/.local/lib/python3.12/site-packages/airflow/example_dags/example_bash_operator.py for tasks to queue
[2025-03-04T17:54:46.177+0000] {logging_mixin.py:190} INFO - [2025-03-04T17:54:46.176+0000] {dagbag.py:588} INFO - Filling up the DagBag from /home/airflow/.local/lib/python3.12/site-packages/airflow/example_dags/example_bash_operator.py
[2025-03-04T17:54:46.192+0000] {processor.py:925} INFO - DAG(s) 'example_bash_operator' retrieved from /home/airflow/.local/lib/python3.12/site-packages/airflow/example_dags/example_bash_operator.py
[2025-03-04T17:54:46.222+0000] {logging_mixin.py:190} INFO - [2025-03-04T17:54:46.222+0000] {dag.py:3239} INFO - Sync 1 DAGs
[2025-03-04T17:54:46.251+0000] {logging_mixin.py:190} INFO - [2025-03-04T17:54:46.250+0000] {dag.py:4180} INFO - Setting next_dagrun for example_bash_operator to 2025-03-04 00:00:00+00:00, run_after=2025-03-05 00:00:00+00:00
[2025-03-04T17:54:46.275+0000] {processor.py:208} INFO - Processing /home/airflow/.local/lib/python3.12/site-packages/airflow/example_dags/example_bash_operator.py took 0.108 seconds
[2025-03-04T17:56:39.895+0000] {processor.py:186} INFO - Started process (PID=354) to work on /home/airflow/.local/lib/python3.12/site-packages/airflow/example_dags/example_bash_operator.py
[2025-03-04T17:56:39.896+0000] {processor.py:914} INFO - Processing file /home/airflow/.local/lib/python3.12/site-packages/airflow/example_dags/example_bash_operator.py for tasks to queue
[2025-03-04T17:56:39.899+0000] {logging_mixin.py:190} INFO - [2025-03-04T17:56:39.898+0000] {dagbag.py:588} INFO - Filling up the DagBag from /home/airflow/.local/lib/python3.12/site-packages/airflow/example_dags/example_bash_operator.py
[2025-03-04T17:56:39.913+0000] {processor.py:925} INFO - DAG(s) 'example_bash_operator' retrieved from /home/airflow/.local/lib/python3.12/site-packages/airflow/example_dags/example_bash_operator.py
[2025-03-04T17:56:39.958+0000] {logging_mixin.py:190} INFO - [2025-03-04T17:56:39.958+0000] {dag.py:3239} INFO - Sync 1 DAGs
[2025-03-04T17:56:39.994+0000] {logging_mixin.py:190} INFO - [2025-03-04T17:56:39.994+0000] {dag.py:4180} INFO - Setting next_dagrun for example_bash_operator to 2025-03-04 00:00:00+00:00, run_after=2025-03-05 00:00:00+00:00
[2025-03-04T17:56:40.017+0000] {processor.py:208} INFO - Processing /home/airflow/.local/lib/python3.12/site-packages/airflow/example_dags/example_bash_operator.py took 0.129 seconds
[2025-03-04T17:57:10.578+0000] {processor.py:186} INFO - Started process (PID=672) to work on /home/airflow/.local/lib/python3.12/site-packages/airflow/example_dags/example_bash_operator.py
[2025-03-04T17:57:10.579+0000] {processor.py:914} INFO - Processing file /home/airflow/.local/lib/python3.12/site-packages/airflow/example_dags/example_bash_operator.py for tasks to queue
[2025-03-04T17:57:10.582+0000] {logging_mixin.py:190} INFO - [2025-03-04T17:57:10.581+0000] {dagbag.py:588} INFO - Filling up the DagBag from /home/airflow/.local/lib/python3.12/site-packages/airflow/example_dags/example_bash_operator.py
[2025-03-04T17:57:10.598+0000] {processor.py:925} INFO - DAG(s) 'example_bash_operator' retrieved from /home/airflow/.local/lib/python3.12/site-packages/airflow/example_dags/example_bash_operator.py
[2025-03-04T17:57:10.628+0000] {logging_mixin.py:190} INFO - [2025-03-04T17:57:10.628+0000] {dag.py:3239} INFO - Sync 1 DAGs
[2025-03-04T17:57:10.657+0000] {logging_mixin.py:190} INFO - [2025-03-04T17:57:10.657+0000] {dag.py:4180} INFO - Setting next_dagrun for example_bash_operator to 2025-03-04 00:00:00+00:00, run_after=2025-03-05 00:00:00+00:00
[2025-03-04T17:57:10.677+0000] {processor.py:208} INFO - Processing /home/airflow/.local/lib/python3.12/site-packages/airflow/example_dags/example_bash_operator.py took 0.105 seconds
[2025-03-04T17:57:41.762+0000] {processor.py:186} INFO - Started process (PID=988) to work on /home/airflow/.local/lib/python3.12/site-packages/airflow/example_dags/example_bash_operator.py
[2025-03-04T17:57:41.763+0000] {processor.py:914} INFO - Processing file /home/airflow/.local/lib/python3.12/site-packages/airflow/example_dags/example_bash_operator.py for tasks to queue
[2025-03-04T17:57:41.766+0000] {logging_mixin.py:190} INFO - [2025-03-04T17:57:41.766+0000] {dagbag.py:588} INFO - Filling up the DagBag from /home/airflow/.local/lib/python3.12/site-packages/airflow/example_dags/example_bash_operator.py
[2025-03-04T17:57:41.783+0000] {processor.py:925} INFO - DAG(s) 'example_bash_operator' retrieved from /home/airflow/.local/lib/python3.12/site-packages/airflow/example_dags/example_bash_operator.py
[2025-03-04T17:57:41.825+0000] {logging_mixin.py:190} INFO - [2025-03-04T17:57:41.824+0000] {dag.py:3239} INFO - Sync 1 DAGs
[2025-03-04T17:57:41.861+0000] {logging_mixin.py:190} INFO - [2025-03-04T17:57:41.861+0000] {dag.py:4180} INFO - Setting next_dagrun for example_bash_operator to 2025-03-04 00:00:00+00:00, run_after=2025-03-05 00:00:00+00:00
[2025-03-04T17:57:41.888+0000] {processor.py:208} INFO - Processing /home/airflow/.local/lib/python3.12/site-packages/airflow/example_dags/example_bash_operator.py took 0.133 seconds
[2025-03-04T17:58:12.991+0000] {processor.py:186} INFO - Started process (PID=1294) to work on /home/airflow/.local/lib/python3.12/site-packages/airflow/example_dags/example_bash_operator.py
[2025-03-04T17:58:12.992+0000] {processor.py:914} INFO - Processing file /home/airflow/.local/lib/python3.12/site-packages/airflow/example_dags/example_bash_operator.py for tasks to queue
[2025-03-04T17:58:12.995+0000] {logging_mixin.py:190} INFO - [2025-03-04T17:58:12.995+0000] {dagbag.py:588} INFO - Filling up the DagBag from /home/airflow/.local/lib/python3.12/site-packages/airflow/example_dags/example_bash_operator.py
[2025-03-04T17:58:13.009+0000] {processor.py:925} INFO - DAG(s) 'example_bash_operator' retrieved from /home/airflow/.local/lib/python3.12/site-packages/airflow/example_dags/example_bash_operator.py
[2025-03-04T17:58:13.040+0000] {logging_mixin.py:190} INFO - [2025-03-04T17:58:13.040+0000] {dag.py:3239} INFO - Sync 1 DAGs
[2025-03-04T17:58:13.068+0000] {logging_mixin.py:190} INFO - [2025-03-04T17:58:13.068+0000] {dag.py:4180} INFO - Setting next_dagrun for example_bash_operator to 2025-03-04 00:00:00+00:00, run_after=2025-03-05 00:00:00+00:00
[2025-03-04T17:58:13.091+0000] {processor.py:208} INFO - Processing /home/airflow/.local/lib/python3.12/site-packages/airflow/example_dags/example_bash_operator.py took 0.106 seconds
[2025-03-04T17:58:43.599+0000] {processor.py:186} INFO - Started process (PID=1598) to work on /home/airflow/.local/lib/python3.12/site-packages/airflow/example_dags/example_bash_operator.py
[2025-03-04T17:58:43.600+0000] {processor.py:914} INFO - Processing file /home/airflow/.local/lib/python3.12/site-packages/airflow/example_dags/example_bash_operator.py for tasks to queue
[2025-03-04T17:58:43.603+0000] {logging_mixin.py:190} INFO - [2025-03-04T17:58:43.602+0000] {dagbag.py:588} INFO - Filling up the DagBag from /home/airflow/.local/lib/python3.12/site-packages/airflow/example_dags/example_bash_operator.py
[2025-03-04T17:58:43.620+0000] {processor.py:925} INFO - DAG(s) 'example_bash_operator' retrieved from /home/airflow/.local/lib/python3.12/site-packages/airflow/example_dags/example_bash_operator.py
[2025-03-04T17:58:43.653+0000] {logging_mixin.py:190} INFO - [2025-03-04T17:58:43.653+0000] {dag.py:3239} INFO - Sync 1 DAGs
[2025-03-04T17:58:43.682+0000] {logging_mixin.py:190} INFO - [2025-03-04T17:58:43.682+0000] {dag.py:4180} INFO - Setting next_dagrun for example_bash_operator to 2025-03-04 00:00:00+00:00, run_after=2025-03-05 00:00:00+00:00
[2025-03-04T17:58:43.708+0000] {processor.py:208} INFO - Processing /home/airflow/.local/lib/python3.12/site-packages/airflow/example_dags/example_bash_operator.py took 0.115 seconds
[2025-03-04T17:59:39.324+0000] {processor.py:186} INFO - Started process (PID=353) to work on /home/airflow/.local/lib/python3.12/site-packages/airflow/example_dags/example_bash_operator.py
[2025-03-04T17:59:39.325+0000] {processor.py:914} INFO - Processing file /home/airflow/.local/lib/python3.12/site-packages/airflow/example_dags/example_bash_operator.py for tasks to queue
[2025-03-04T17:59:39.327+0000] {logging_mixin.py:190} INFO - [2025-03-04T17:59:39.327+0000] {dagbag.py:588} INFO - Filling up the DagBag from /home/airflow/.local/lib/python3.12/site-packages/airflow/example_dags/example_bash_operator.py
[2025-03-04T17:59:39.342+0000] {processor.py:925} INFO - DAG(s) 'example_bash_operator' retrieved from /home/airflow/.local/lib/python3.12/site-packages/airflow/example_dags/example_bash_operator.py
[2025-03-04T17:59:39.377+0000] {logging_mixin.py:190} INFO - [2025-03-04T17:59:39.377+0000] {dag.py:3239} INFO - Sync 1 DAGs
[2025-03-04T17:59:39.410+0000] {logging_mixin.py:190} INFO - [2025-03-04T17:59:39.410+0000] {dag.py:4180} INFO - Setting next_dagrun for example_bash_operator to 2025-03-04 00:00:00+00:00, run_after=2025-03-05 00:00:00+00:00
[2025-03-04T17:59:39.430+0000] {processor.py:208} INFO - Processing /home/airflow/.local/lib/python3.12/site-packages/airflow/example_dags/example_bash_operator.py took 0.112 seconds
[2025-03-04T18:00:10.134+0000] {processor.py:186} INFO - Started process (PID=661) to work on /home/airflow/.local/lib/python3.12/site-packages/airflow/example_dags/example_bash_operator.py
[2025-03-04T18:00:10.135+0000] {processor.py:914} INFO - Processing file /home/airflow/.local/lib/python3.12/site-packages/airflow/example_dags/example_bash_operator.py for tasks to queue
[2025-03-04T18:00:10.138+0000] {logging_mixin.py:190} INFO - [2025-03-04T18:00:10.138+0000] {dagbag.py:588} INFO - Filling up the DagBag from /home/airflow/.local/lib/python3.12/site-packages/airflow/example_dags/example_bash_operator.py
[2025-03-04T18:00:10.153+0000] {processor.py:925} INFO - DAG(s) 'example_bash_operator' retrieved from /home/airflow/.local/lib/python3.12/site-packages/airflow/example_dags/example_bash_operator.py
[2025-03-04T18:00:10.188+0000] {logging_mixin.py:190} INFO - [2025-03-04T18:00:10.188+0000] {dag.py:3239} INFO - Sync 1 DAGs
[2025-03-04T18:00:10.221+0000] {logging_mixin.py:190} INFO - [2025-03-04T18:00:10.221+0000] {dag.py:4180} INFO - Setting next_dagrun for example_bash_operator to 2025-03-04 00:00:00+00:00, run_after=2025-03-05 00:00:00+00:00
[2025-03-04T18:00:10.247+0000] {processor.py:208} INFO - Processing /home/airflow/.local/lib/python3.12/site-packages/airflow/example_dags/example_bash_operator.py took 0.119 seconds
[2025-03-04T18:00:40.823+0000] {processor.py:186} INFO - Started process (PID=965) to work on /home/airflow/.local/lib/python3.12/site-packages/airflow/example_dags/example_bash_operator.py
[2025-03-04T18:00:40.824+0000] {processor.py:914} INFO - Processing file /home/airflow/.local/lib/python3.12/site-packages/airflow/example_dags/example_bash_operator.py for tasks to queue
[2025-03-04T18:00:40.827+0000] {logging_mixin.py:190} INFO - [2025-03-04T18:00:40.826+0000] {dagbag.py:588} INFO - Filling up the DagBag from /home/airflow/.local/lib/python3.12/site-packages/airflow/example_dags/example_bash_operator.py
[2025-03-04T18:00:40.842+0000] {processor.py:925} INFO - DAG(s) 'example_bash_operator' retrieved from /home/airflow/.local/lib/python3.12/site-packages/airflow/example_dags/example_bash_operator.py
[2025-03-04T18:00:40.874+0000] {logging_mixin.py:190} INFO - [2025-03-04T18:00:40.874+0000] {dag.py:3239} INFO - Sync 1 DAGs
[2025-03-04T18:00:40.903+0000] {logging_mixin.py:190} INFO - [2025-03-04T18:00:40.903+0000] {dag.py:4180} INFO - Setting next_dagrun for example_bash_operator to 2025-03-04 00:00:00+00:00, run_after=2025-03-05 00:00:00+00:00
[2025-03-04T18:00:40.928+0000] {processor.py:208} INFO - Processing /home/airflow/.local/lib/python3.12/site-packages/airflow/example_dags/example_bash_operator.py took 0.111 seconds
[2025-03-04T18:01:12.164+0000] {processor.py:186} INFO - Started process (PID=1271) to work on /home/airflow/.local/lib/python3.12/site-packages/airflow/example_dags/example_bash_operator.py
[2025-03-04T18:01:12.166+0000] {processor.py:914} INFO - Processing file /home/airflow/.local/lib/python3.12/site-packages/airflow/example_dags/example_bash_operator.py for tasks to queue
[2025-03-04T18:01:12.169+0000] {logging_mixin.py:190} INFO - [2025-03-04T18:01:12.168+0000] {dagbag.py:588} INFO - Filling up the DagBag from /home/airflow/.local/lib/python3.12/site-packages/airflow/example_dags/example_bash_operator.py
[2025-03-04T18:01:12.184+0000] {processor.py:925} INFO - DAG(s) 'example_bash_operator' retrieved from /home/airflow/.local/lib/python3.12/site-packages/airflow/example_dags/example_bash_operator.py
[2025-03-04T18:01:12.222+0000] {logging_mixin.py:190} INFO - [2025-03-04T18:01:12.221+0000] {dag.py:3239} INFO - Sync 1 DAGs
[2025-03-04T18:01:12.267+0000] {logging_mixin.py:190} INFO - [2025-03-04T18:01:12.267+0000] {dag.py:4180} INFO - Setting next_dagrun for example_bash_operator to 2025-03-04 00:00:00+00:00, run_after=2025-03-05 00:00:00+00:00
[2025-03-04T18:01:12.297+0000] {processor.py:208} INFO - Processing /home/airflow/.local/lib/python3.12/site-packages/airflow/example_dags/example_bash_operator.py took 0.148 seconds
[2025-03-04T18:01:42.846+0000] {processor.py:186} INFO - Started process (PID=1572) to work on /home/airflow/.local/lib/python3.12/site-packages/airflow/example_dags/example_bash_operator.py
[2025-03-04T18:01:42.848+0000] {processor.py:914} INFO - Processing file /home/airflow/.local/lib/python3.12/site-packages/airflow/example_dags/example_bash_operator.py for tasks to queue
[2025-03-04T18:01:42.851+0000] {logging_mixin.py:190} INFO - [2025-03-04T18:01:42.850+0000] {dagbag.py:588} INFO - Filling up the DagBag from /home/airflow/.local/lib/python3.12/site-packages/airflow/example_dags/example_bash_operator.py
[2025-03-04T18:01:42.869+0000] {processor.py:925} INFO - DAG(s) 'example_bash_operator' retrieved from /home/airflow/.local/lib/python3.12/site-packages/airflow/example_dags/example_bash_operator.py
[2025-03-04T18:01:42.906+0000] {logging_mixin.py:190} INFO - [2025-03-04T18:01:42.905+0000] {dag.py:3239} INFO - Sync 1 DAGs
[2025-03-04T18:01:42.941+0000] {logging_mixin.py:190} INFO - [2025-03-04T18:01:42.940+0000] {dag.py:4180} INFO - Setting next_dagrun for example_bash_operator to 2025-03-04 00:00:00+00:00, run_after=2025-03-05 00:00:00+00:00
[2025-03-04T18:01:42.971+0000] {processor.py:208} INFO - Processing /home/airflow/.local/lib/python3.12/site-packages/airflow/example_dags/example_bash_operator.py took 0.132 seconds
[2025-03-04T18:02:14.356+0000] {processor.py:186} INFO - Started process (PID=1883) to work on /home/airflow/.local/lib/python3.12/site-packages/airflow/example_dags/example_bash_operator.py
[2025-03-04T18:02:14.357+0000] {processor.py:914} INFO - Processing file /home/airflow/.local/lib/python3.12/site-packages/airflow/example_dags/example_bash_operator.py for tasks to queue
[2025-03-04T18:02:14.360+0000] {logging_mixin.py:190} INFO - [2025-03-04T18:02:14.360+0000] {dagbag.py:588} INFO - Filling up the DagBag from /home/airflow/.local/lib/python3.12/site-packages/airflow/example_dags/example_bash_operator.py
[2025-03-04T18:02:14.375+0000] {processor.py:925} INFO - DAG(s) 'example_bash_operator' retrieved from /home/airflow/.local/lib/python3.12/site-packages/airflow/example_dags/example_bash_operator.py
[2025-03-04T18:02:14.414+0000] {logging_mixin.py:190} INFO - [2025-03-04T18:02:14.414+0000] {dag.py:3239} INFO - Sync 1 DAGs
[2025-03-04T18:02:14.480+0000] {logging_mixin.py:190} INFO - [2025-03-04T18:02:14.480+0000] {dag.py:4180} INFO - Setting next_dagrun for example_bash_operator to 2025-03-04 00:00:00+00:00, run_after=2025-03-05 00:00:00+00:00
[2025-03-04T18:02:14.511+0000] {processor.py:208} INFO - Processing /home/airflow/.local/lib/python3.12/site-packages/airflow/example_dags/example_bash_operator.py took 0.161 seconds
[2025-03-04T18:02:44.793+0000] {processor.py:186} INFO - Started process (PID=2184) to work on /home/airflow/.local/lib/python3.12/site-packages/airflow/example_dags/example_bash_operator.py
[2025-03-04T18:02:44.794+0000] {processor.py:914} INFO - Processing file /home/airflow/.local/lib/python3.12/site-packages/airflow/example_dags/example_bash_operator.py for tasks to queue
[2025-03-04T18:02:44.796+0000] {logging_mixin.py:190} INFO - [2025-03-04T18:02:44.796+0000] {dagbag.py:588} INFO - Filling up the DagBag from /home/airflow/.local/lib/python3.12/site-packages/airflow/example_dags/example_bash_operator.py
[2025-03-04T18:02:44.812+0000] {processor.py:925} INFO - DAG(s) 'example_bash_operator' retrieved from /home/airflow/.local/lib/python3.12/site-packages/airflow/example_dags/example_bash_operator.py
[2025-03-04T18:02:44.850+0000] {logging_mixin.py:190} INFO - [2025-03-04T18:02:44.850+0000] {dag.py:3239} INFO - Sync 1 DAGs
[2025-03-04T18:02:44.887+0000] {logging_mixin.py:190} INFO - [2025-03-04T18:02:44.886+0000] {dag.py:4180} INFO - Setting next_dagrun for example_bash_operator to 2025-03-04 00:00:00+00:00, run_after=2025-03-05 00:00:00+00:00
[2025-03-04T18:02:44.915+0000] {processor.py:208} INFO - Processing /home/airflow/.local/lib/python3.12/site-packages/airflow/example_dags/example_bash_operator.py took 0.129 seconds
[2025-03-04T18:03:15.313+0000] {processor.py:186} INFO - Started process (PID=2501) to work on /home/airflow/.local/lib/python3.12/site-packages/airflow/example_dags/example_bash_operator.py
[2025-03-04T18:03:15.315+0000] {processor.py:914} INFO - Processing file /home/airflow/.local/lib/python3.12/site-packages/airflow/example_dags/example_bash_operator.py for tasks to queue
[2025-03-04T18:03:15.318+0000] {logging_mixin.py:190} INFO - [2025-03-04T18:03:15.317+0000] {dagbag.py:588} INFO - Filling up the DagBag from /home/airflow/.local/lib/python3.12/site-packages/airflow/example_dags/example_bash_operator.py
[2025-03-04T18:03:15.336+0000] {processor.py:925} INFO - DAG(s) 'example_bash_operator' retrieved from /home/airflow/.local/lib/python3.12/site-packages/airflow/example_dags/example_bash_operator.py
[2025-03-04T18:03:15.373+0000] {logging_mixin.py:190} INFO - [2025-03-04T18:03:15.373+0000] {dag.py:3239} INFO - Sync 1 DAGs
[2025-03-04T18:03:15.407+0000] {logging_mixin.py:190} INFO - [2025-03-04T18:03:15.406+0000] {dag.py:4180} INFO - Setting next_dagrun for example_bash_operator to 2025-03-04 00:00:00+00:00, run_after=2025-03-05 00:00:00+00:00
[2025-03-04T18:03:15.440+0000] {processor.py:208} INFO - Processing /home/airflow/.local/lib/python3.12/site-packages/airflow/example_dags/example_bash_operator.py took 0.134 seconds
[2025-03-04T18:03:45.679+0000] {processor.py:186} INFO - Started process (PID=2802) to work on /home/airflow/.local/lib/python3.12/site-packages/airflow/example_dags/example_bash_operator.py
[2025-03-04T18:03:45.681+0000] {processor.py:914} INFO - Processing file /home/airflow/.local/lib/python3.12/site-packages/airflow/example_dags/example_bash_operator.py for tasks to queue
[2025-03-04T18:03:45.683+0000] {logging_mixin.py:190} INFO - [2025-03-04T18:03:45.683+0000] {dagbag.py:588} INFO - Filling up the DagBag from /home/airflow/.local/lib/python3.12/site-packages/airflow/example_dags/example_bash_operator.py
[2025-03-04T18:03:45.698+0000] {processor.py:925} INFO - DAG(s) 'example_bash_operator' retrieved from /home/airflow/.local/lib/python3.12/site-packages/airflow/example_dags/example_bash_operator.py
[2025-03-04T18:03:45.735+0000] {logging_mixin.py:190} INFO - [2025-03-04T18:03:45.734+0000] {dag.py:3239} INFO - Sync 1 DAGs
[2025-03-04T18:03:45.766+0000] {logging_mixin.py:190} INFO - [2025-03-04T18:03:45.766+0000] {dag.py:4180} INFO - Setting next_dagrun for example_bash_operator to 2025-03-04 00:00:00+00:00, run_after=2025-03-05 00:00:00+00:00
[2025-03-04T18:03:45.789+0000] {processor.py:208} INFO - Processing /home/airflow/.local/lib/python3.12/site-packages/airflow/example_dags/example_bash_operator.py took 0.119 seconds
[2025-03-04T18:04:16.484+0000] {processor.py:186} INFO - Started process (PID=3108) to work on /home/airflow/.local/lib/python3.12/site-packages/airflow/example_dags/example_bash_operator.py
[2025-03-04T18:04:16.486+0000] {processor.py:914} INFO - Processing file /home/airflow/.local/lib/python3.12/site-packages/airflow/example_dags/example_bash_operator.py for tasks to queue
[2025-03-04T18:04:16.488+0000] {logging_mixin.py:190} INFO - [2025-03-04T18:04:16.488+0000] {dagbag.py:588} INFO - Filling up the DagBag from /home/airflow/.local/lib/python3.12/site-packages/airflow/example_dags/example_bash_operator.py
[2025-03-04T18:04:16.503+0000] {processor.py:925} INFO - DAG(s) 'example_bash_operator' retrieved from /home/airflow/.local/lib/python3.12/site-packages/airflow/example_dags/example_bash_operator.py
[2025-03-04T18:04:16.539+0000] {logging_mixin.py:190} INFO - [2025-03-04T18:04:16.539+0000] {dag.py:3239} INFO - Sync 1 DAGs
[2025-03-04T18:04:16.571+0000] {logging_mixin.py:190} INFO - [2025-03-04T18:04:16.571+0000] {dag.py:4180} INFO - Setting next_dagrun for example_bash_operator to 2025-03-04 00:00:00+00:00, run_after=2025-03-05 00:00:00+00:00
[2025-03-04T18:04:16.591+0000] {processor.py:208} INFO - Processing /home/airflow/.local/lib/python3.12/site-packages/airflow/example_dags/example_bash_operator.py took 0.123 seconds
[2025-03-04T18:04:46.878+0000] {processor.py:186} INFO - Started process (PID=3413) to work on /home/airflow/.local/lib/python3.12/site-packages/airflow/example_dags/example_bash_operator.py
[2025-03-04T18:04:46.880+0000] {processor.py:914} INFO - Processing file /home/airflow/.local/lib/python3.12/site-packages/airflow/example_dags/example_bash_operator.py for tasks to queue
[2025-03-04T18:04:46.882+0000] {logging_mixin.py:190} INFO - [2025-03-04T18:04:46.882+0000] {dagbag.py:588} INFO - Filling up the DagBag from /home/airflow/.local/lib/python3.12/site-packages/airflow/example_dags/example_bash_operator.py
[2025-03-04T18:04:46.897+0000] {processor.py:925} INFO - DAG(s) 'example_bash_operator' retrieved from /home/airflow/.local/lib/python3.12/site-packages/airflow/example_dags/example_bash_operator.py
[2025-03-04T18:04:46.933+0000] {logging_mixin.py:190} INFO - [2025-03-04T18:04:46.933+0000] {dag.py:3239} INFO - Sync 1 DAGs
[2025-03-04T18:04:46.966+0000] {logging_mixin.py:190} INFO - [2025-03-04T18:04:46.965+0000] {dag.py:4180} INFO - Setting next_dagrun for example_bash_operator to 2025-03-04 00:00:00+00:00, run_after=2025-03-05 00:00:00+00:00
[2025-03-04T18:04:46.988+0000] {processor.py:208} INFO - Processing /home/airflow/.local/lib/python3.12/site-packages/airflow/example_dags/example_bash_operator.py took 0.116 seconds
[2025-03-04T18:05:17.693+0000] {processor.py:186} INFO - Started process (PID=3720) to work on /home/airflow/.local/lib/python3.12/site-packages/airflow/example_dags/example_bash_operator.py
[2025-03-04T18:05:17.694+0000] {processor.py:914} INFO - Processing file /home/airflow/.local/lib/python3.12/site-packages/airflow/example_dags/example_bash_operator.py for tasks to queue
[2025-03-04T18:05:17.696+0000] {logging_mixin.py:190} INFO - [2025-03-04T18:05:17.696+0000] {dagbag.py:588} INFO - Filling up the DagBag from /home/airflow/.local/lib/python3.12/site-packages/airflow/example_dags/example_bash_operator.py
[2025-03-04T18:05:17.710+0000] {processor.py:925} INFO - DAG(s) 'example_bash_operator' retrieved from /home/airflow/.local/lib/python3.12/site-packages/airflow/example_dags/example_bash_operator.py
[2025-03-04T18:05:17.741+0000] {logging_mixin.py:190} INFO - [2025-03-04T18:05:17.740+0000] {dag.py:3239} INFO - Sync 1 DAGs
[2025-03-04T18:05:17.768+0000] {logging_mixin.py:190} INFO - [2025-03-04T18:05:17.767+0000] {dag.py:4180} INFO - Setting next_dagrun for example_bash_operator to 2025-03-04 00:00:00+00:00, run_after=2025-03-05 00:00:00+00:00
[2025-03-04T18:05:17.790+0000] {processor.py:208} INFO - Processing /home/airflow/.local/lib/python3.12/site-packages/airflow/example_dags/example_bash_operator.py took 0.103 seconds
