[2025-03-04T17:28:42.933+0000] {processor.py:186} INFO - Started process (PID=257) to work on /home/airflow/.local/lib/python3.12/site-packages/airflow/example_dags/tutorial.py
[2025-03-04T17:28:42.938+0000] {processor.py:914} INFO - Processing file /home/airflow/.local/lib/python3.12/site-packages/airflow/example_dags/tutorial.py for tasks to queue
[2025-03-04T17:28:42.943+0000] {logging_mixin.py:190} INFO - [2025-03-04T17:28:42.942+0000] {dagbag.py:588} INFO - Filling up the DagBag from /home/airflow/.local/lib/python3.12/site-packages/airflow/example_dags/tutorial.py
[2025-03-04T17:28:42.965+0000] {processor.py:925} INFO - DAG(s) 'tutorial' retrieved from /home/airflow/.local/lib/python3.12/site-packages/airflow/example_dags/tutorial.py
[2025-03-04T17:28:43.042+0000] {logging_mixin.py:190} INFO - [2025-03-04T17:28:43.042+0000] {dag.py:3239} INFO - Sync 1 DAGs
[2025-03-04T17:28:43.113+0000] {logging_mixin.py:190} INFO - [2025-03-04T17:28:43.113+0000] {dag.py:4180} INFO - Setting next_dagrun for tutorial to 2025-03-03 00:00:00+00:00, run_after=2025-03-04 00:00:00+00:00
[2025-03-04T17:28:43.157+0000] {processor.py:208} INFO - Processing /home/airflow/.local/lib/python3.12/site-packages/airflow/example_dags/tutorial.py took 0.235 seconds
[2025-03-04T17:29:13.727+0000] {processor.py:186} INFO - Started process (PID=635) to work on /home/airflow/.local/lib/python3.12/site-packages/airflow/example_dags/tutorial.py
[2025-03-04T17:29:13.729+0000] {processor.py:914} INFO - Processing file /home/airflow/.local/lib/python3.12/site-packages/airflow/example_dags/tutorial.py for tasks to queue
[2025-03-04T17:29:13.731+0000] {logging_mixin.py:190} INFO - [2025-03-04T17:29:13.731+0000] {dagbag.py:588} INFO - Filling up the DagBag from /home/airflow/.local/lib/python3.12/site-packages/airflow/example_dags/tutorial.py
[2025-03-04T17:29:13.740+0000] {processor.py:925} INFO - DAG(s) 'tutorial' retrieved from /home/airflow/.local/lib/python3.12/site-packages/airflow/example_dags/tutorial.py
[2025-03-04T17:29:13.767+0000] {logging_mixin.py:190} INFO - [2025-03-04T17:29:13.766+0000] {dag.py:3239} INFO - Sync 1 DAGs
[2025-03-04T17:29:13.795+0000] {logging_mixin.py:190} INFO - [2025-03-04T17:29:13.795+0000] {dag.py:4180} INFO - Setting next_dagrun for tutorial to 2025-03-03 00:00:00+00:00, run_after=2025-03-04 00:00:00+00:00
[2025-03-04T17:29:13.827+0000] {processor.py:208} INFO - Processing /home/airflow/.local/lib/python3.12/site-packages/airflow/example_dags/tutorial.py took 0.106 seconds
[2025-03-04T17:29:44.491+0000] {processor.py:186} INFO - Started process (PID=941) to work on /home/airflow/.local/lib/python3.12/site-packages/airflow/example_dags/tutorial.py
[2025-03-04T17:29:44.493+0000] {processor.py:914} INFO - Processing file /home/airflow/.local/lib/python3.12/site-packages/airflow/example_dags/tutorial.py for tasks to queue
[2025-03-04T17:29:44.495+0000] {logging_mixin.py:190} INFO - [2025-03-04T17:29:44.495+0000] {dagbag.py:588} INFO - Filling up the DagBag from /home/airflow/.local/lib/python3.12/site-packages/airflow/example_dags/tutorial.py
[2025-03-04T17:29:44.504+0000] {processor.py:925} INFO - DAG(s) 'tutorial' retrieved from /home/airflow/.local/lib/python3.12/site-packages/airflow/example_dags/tutorial.py
[2025-03-04T17:29:44.531+0000] {logging_mixin.py:190} INFO - [2025-03-04T17:29:44.531+0000] {dag.py:3239} INFO - Sync 1 DAGs
[2025-03-04T17:29:44.559+0000] {logging_mixin.py:190} INFO - [2025-03-04T17:29:44.558+0000] {dag.py:4180} INFO - Setting next_dagrun for tutorial to 2025-03-03 00:00:00+00:00, run_after=2025-03-04 00:00:00+00:00
[2025-03-04T17:29:44.582+0000] {processor.py:208} INFO - Processing /home/airflow/.local/lib/python3.12/site-packages/airflow/example_dags/tutorial.py took 0.097 seconds
[2025-03-04T17:30:15.364+0000] {processor.py:186} INFO - Started process (PID=1249) to work on /home/airflow/.local/lib/python3.12/site-packages/airflow/example_dags/tutorial.py
[2025-03-04T17:30:15.366+0000] {processor.py:914} INFO - Processing file /home/airflow/.local/lib/python3.12/site-packages/airflow/example_dags/tutorial.py for tasks to queue
[2025-03-04T17:30:15.369+0000] {logging_mixin.py:190} INFO - [2025-03-04T17:30:15.369+0000] {dagbag.py:588} INFO - Filling up the DagBag from /home/airflow/.local/lib/python3.12/site-packages/airflow/example_dags/tutorial.py
[2025-03-04T17:30:15.378+0000] {processor.py:925} INFO - DAG(s) 'tutorial' retrieved from /home/airflow/.local/lib/python3.12/site-packages/airflow/example_dags/tutorial.py
[2025-03-04T17:30:15.404+0000] {logging_mixin.py:190} INFO - [2025-03-04T17:30:15.404+0000] {dag.py:3239} INFO - Sync 1 DAGs
[2025-03-04T17:30:15.437+0000] {logging_mixin.py:190} INFO - [2025-03-04T17:30:15.436+0000] {dag.py:4180} INFO - Setting next_dagrun for tutorial to 2025-03-03 00:00:00+00:00, run_after=2025-03-04 00:00:00+00:00
[2025-03-04T17:30:15.469+0000] {processor.py:208} INFO - Processing /home/airflow/.local/lib/python3.12/site-packages/airflow/example_dags/tutorial.py took 0.111 seconds
[2025-03-04T17:30:46.223+0000] {processor.py:186} INFO - Started process (PID=1553) to work on /home/airflow/.local/lib/python3.12/site-packages/airflow/example_dags/tutorial.py
[2025-03-04T17:30:46.224+0000] {processor.py:914} INFO - Processing file /home/airflow/.local/lib/python3.12/site-packages/airflow/example_dags/tutorial.py for tasks to queue
[2025-03-04T17:30:46.226+0000] {logging_mixin.py:190} INFO - [2025-03-04T17:30:46.226+0000] {dagbag.py:588} INFO - Filling up the DagBag from /home/airflow/.local/lib/python3.12/site-packages/airflow/example_dags/tutorial.py
[2025-03-04T17:30:46.235+0000] {processor.py:925} INFO - DAG(s) 'tutorial' retrieved from /home/airflow/.local/lib/python3.12/site-packages/airflow/example_dags/tutorial.py
[2025-03-04T17:30:46.257+0000] {logging_mixin.py:190} INFO - [2025-03-04T17:30:46.257+0000] {dag.py:3239} INFO - Sync 1 DAGs
[2025-03-04T17:30:46.283+0000] {logging_mixin.py:190} INFO - [2025-03-04T17:30:46.283+0000] {dag.py:4180} INFO - Setting next_dagrun for tutorial to 2025-03-03 00:00:00+00:00, run_after=2025-03-04 00:00:00+00:00
[2025-03-04T17:30:46.308+0000] {processor.py:208} INFO - Processing /home/airflow/.local/lib/python3.12/site-packages/airflow/example_dags/tutorial.py took 0.094 seconds
[2025-03-04T17:31:16.809+0000] {processor.py:186} INFO - Started process (PID=1859) to work on /home/airflow/.local/lib/python3.12/site-packages/airflow/example_dags/tutorial.py
[2025-03-04T17:31:16.811+0000] {processor.py:914} INFO - Processing file /home/airflow/.local/lib/python3.12/site-packages/airflow/example_dags/tutorial.py for tasks to queue
[2025-03-04T17:31:16.815+0000] {logging_mixin.py:190} INFO - [2025-03-04T17:31:16.815+0000] {dagbag.py:588} INFO - Filling up the DagBag from /home/airflow/.local/lib/python3.12/site-packages/airflow/example_dags/tutorial.py
[2025-03-04T17:31:16.824+0000] {processor.py:925} INFO - DAG(s) 'tutorial' retrieved from /home/airflow/.local/lib/python3.12/site-packages/airflow/example_dags/tutorial.py
[2025-03-04T17:31:16.848+0000] {logging_mixin.py:190} INFO - [2025-03-04T17:31:16.848+0000] {dag.py:3239} INFO - Sync 1 DAGs
[2025-03-04T17:31:16.877+0000] {logging_mixin.py:190} INFO - [2025-03-04T17:31:16.877+0000] {dag.py:4180} INFO - Setting next_dagrun for tutorial to 2025-03-03 00:00:00+00:00, run_after=2025-03-04 00:00:00+00:00
[2025-03-04T17:31:16.899+0000] {processor.py:208} INFO - Processing /home/airflow/.local/lib/python3.12/site-packages/airflow/example_dags/tutorial.py took 0.097 seconds
[2025-03-04T17:31:47.230+0000] {processor.py:186} INFO - Started process (PID=2165) to work on /home/airflow/.local/lib/python3.12/site-packages/airflow/example_dags/tutorial.py
[2025-03-04T17:31:47.231+0000] {processor.py:914} INFO - Processing file /home/airflow/.local/lib/python3.12/site-packages/airflow/example_dags/tutorial.py for tasks to queue
[2025-03-04T17:31:47.233+0000] {logging_mixin.py:190} INFO - [2025-03-04T17:31:47.233+0000] {dagbag.py:588} INFO - Filling up the DagBag from /home/airflow/.local/lib/python3.12/site-packages/airflow/example_dags/tutorial.py
[2025-03-04T17:31:47.243+0000] {processor.py:925} INFO - DAG(s) 'tutorial' retrieved from /home/airflow/.local/lib/python3.12/site-packages/airflow/example_dags/tutorial.py
[2025-03-04T17:31:47.268+0000] {logging_mixin.py:190} INFO - [2025-03-04T17:31:47.268+0000] {dag.py:3239} INFO - Sync 1 DAGs
[2025-03-04T17:31:47.298+0000] {logging_mixin.py:190} INFO - [2025-03-04T17:31:47.297+0000] {dag.py:4180} INFO - Setting next_dagrun for tutorial to 2025-03-03 00:00:00+00:00, run_after=2025-03-04 00:00:00+00:00
[2025-03-04T17:31:47.322+0000] {processor.py:208} INFO - Processing /home/airflow/.local/lib/python3.12/site-packages/airflow/example_dags/tutorial.py took 0.099 seconds
[2025-03-04T17:32:17.581+0000] {processor.py:186} INFO - Started process (PID=2473) to work on /home/airflow/.local/lib/python3.12/site-packages/airflow/example_dags/tutorial.py
[2025-03-04T17:32:17.582+0000] {processor.py:914} INFO - Processing file /home/airflow/.local/lib/python3.12/site-packages/airflow/example_dags/tutorial.py for tasks to queue
[2025-03-04T17:32:17.586+0000] {logging_mixin.py:190} INFO - [2025-03-04T17:32:17.585+0000] {dagbag.py:588} INFO - Filling up the DagBag from /home/airflow/.local/lib/python3.12/site-packages/airflow/example_dags/tutorial.py
[2025-03-04T17:32:17.597+0000] {processor.py:925} INFO - DAG(s) 'tutorial' retrieved from /home/airflow/.local/lib/python3.12/site-packages/airflow/example_dags/tutorial.py
[2025-03-04T17:32:17.630+0000] {logging_mixin.py:190} INFO - [2025-03-04T17:32:17.630+0000] {dag.py:3239} INFO - Sync 1 DAGs
[2025-03-04T17:32:17.664+0000] {logging_mixin.py:190} INFO - [2025-03-04T17:32:17.664+0000] {dag.py:4180} INFO - Setting next_dagrun for tutorial to 2025-03-03 00:00:00+00:00, run_after=2025-03-04 00:00:00+00:00
[2025-03-04T17:32:17.695+0000] {processor.py:208} INFO - Processing /home/airflow/.local/lib/python3.12/site-packages/airflow/example_dags/tutorial.py took 0.123 seconds
[2025-03-04T17:32:48.176+0000] {processor.py:186} INFO - Started process (PID=2778) to work on /home/airflow/.local/lib/python3.12/site-packages/airflow/example_dags/tutorial.py
[2025-03-04T17:32:48.178+0000] {processor.py:914} INFO - Processing file /home/airflow/.local/lib/python3.12/site-packages/airflow/example_dags/tutorial.py for tasks to queue
[2025-03-04T17:32:48.181+0000] {logging_mixin.py:190} INFO - [2025-03-04T17:32:48.180+0000] {dagbag.py:588} INFO - Filling up the DagBag from /home/airflow/.local/lib/python3.12/site-packages/airflow/example_dags/tutorial.py
[2025-03-04T17:32:48.189+0000] {processor.py:925} INFO - DAG(s) 'tutorial' retrieved from /home/airflow/.local/lib/python3.12/site-packages/airflow/example_dags/tutorial.py
[2025-03-04T17:32:48.216+0000] {logging_mixin.py:190} INFO - [2025-03-04T17:32:48.216+0000] {dag.py:3239} INFO - Sync 1 DAGs
[2025-03-04T17:32:48.246+0000] {logging_mixin.py:190} INFO - [2025-03-04T17:32:48.246+0000] {dag.py:4180} INFO - Setting next_dagrun for tutorial to 2025-03-03 00:00:00+00:00, run_after=2025-03-04 00:00:00+00:00
[2025-03-04T17:32:48.273+0000] {processor.py:208} INFO - Processing /home/airflow/.local/lib/python3.12/site-packages/airflow/example_dags/tutorial.py took 0.103 seconds
[2025-03-04T17:33:18.639+0000] {processor.py:186} INFO - Started process (PID=3085) to work on /home/airflow/.local/lib/python3.12/site-packages/airflow/example_dags/tutorial.py
[2025-03-04T17:33:18.641+0000] {processor.py:914} INFO - Processing file /home/airflow/.local/lib/python3.12/site-packages/airflow/example_dags/tutorial.py for tasks to queue
[2025-03-04T17:33:18.646+0000] {logging_mixin.py:190} INFO - [2025-03-04T17:33:18.646+0000] {dagbag.py:588} INFO - Filling up the DagBag from /home/airflow/.local/lib/python3.12/site-packages/airflow/example_dags/tutorial.py
[2025-03-04T17:33:18.655+0000] {processor.py:925} INFO - DAG(s) 'tutorial' retrieved from /home/airflow/.local/lib/python3.12/site-packages/airflow/example_dags/tutorial.py
[2025-03-04T17:33:18.681+0000] {logging_mixin.py:190} INFO - [2025-03-04T17:33:18.681+0000] {dag.py:3239} INFO - Sync 1 DAGs
[2025-03-04T17:33:18.709+0000] {logging_mixin.py:190} INFO - [2025-03-04T17:33:18.708+0000] {dag.py:4180} INFO - Setting next_dagrun for tutorial to 2025-03-03 00:00:00+00:00, run_after=2025-03-04 00:00:00+00:00
[2025-03-04T17:33:18.741+0000] {processor.py:208} INFO - Processing /home/airflow/.local/lib/python3.12/site-packages/airflow/example_dags/tutorial.py took 0.109 seconds
[2025-03-04T17:33:48.810+0000] {processor.py:186} INFO - Started process (PID=3391) to work on /home/airflow/.local/lib/python3.12/site-packages/airflow/example_dags/tutorial.py
[2025-03-04T17:33:48.811+0000] {processor.py:914} INFO - Processing file /home/airflow/.local/lib/python3.12/site-packages/airflow/example_dags/tutorial.py for tasks to queue
[2025-03-04T17:33:48.814+0000] {logging_mixin.py:190} INFO - [2025-03-04T17:33:48.813+0000] {dagbag.py:588} INFO - Filling up the DagBag from /home/airflow/.local/lib/python3.12/site-packages/airflow/example_dags/tutorial.py
[2025-03-04T17:33:48.822+0000] {processor.py:925} INFO - DAG(s) 'tutorial' retrieved from /home/airflow/.local/lib/python3.12/site-packages/airflow/example_dags/tutorial.py
[2025-03-04T17:33:48.844+0000] {logging_mixin.py:190} INFO - [2025-03-04T17:33:48.844+0000] {dag.py:3239} INFO - Sync 1 DAGs
[2025-03-04T17:33:48.872+0000] {logging_mixin.py:190} INFO - [2025-03-04T17:33:48.871+0000] {dag.py:4180} INFO - Setting next_dagrun for tutorial to 2025-03-03 00:00:00+00:00, run_after=2025-03-04 00:00:00+00:00
[2025-03-04T17:33:48.896+0000] {processor.py:208} INFO - Processing /home/airflow/.local/lib/python3.12/site-packages/airflow/example_dags/tutorial.py took 0.093 seconds
[2025-03-04T17:34:19.048+0000] {processor.py:186} INFO - Started process (PID=3697) to work on /home/airflow/.local/lib/python3.12/site-packages/airflow/example_dags/tutorial.py
[2025-03-04T17:34:19.049+0000] {processor.py:914} INFO - Processing file /home/airflow/.local/lib/python3.12/site-packages/airflow/example_dags/tutorial.py for tasks to queue
[2025-03-04T17:34:19.052+0000] {logging_mixin.py:190} INFO - [2025-03-04T17:34:19.051+0000] {dagbag.py:588} INFO - Filling up the DagBag from /home/airflow/.local/lib/python3.12/site-packages/airflow/example_dags/tutorial.py
[2025-03-04T17:34:19.060+0000] {processor.py:925} INFO - DAG(s) 'tutorial' retrieved from /home/airflow/.local/lib/python3.12/site-packages/airflow/example_dags/tutorial.py
[2025-03-04T17:34:19.080+0000] {logging_mixin.py:190} INFO - [2025-03-04T17:34:19.080+0000] {dag.py:3239} INFO - Sync 1 DAGs
[2025-03-04T17:34:19.109+0000] {logging_mixin.py:190} INFO - [2025-03-04T17:34:19.109+0000] {dag.py:4180} INFO - Setting next_dagrun for tutorial to 2025-03-03 00:00:00+00:00, run_after=2025-03-04 00:00:00+00:00
[2025-03-04T17:34:19.135+0000] {processor.py:208} INFO - Processing /home/airflow/.local/lib/python3.12/site-packages/airflow/example_dags/tutorial.py took 0.094 seconds
[2025-03-04T17:34:49.403+0000] {processor.py:186} INFO - Started process (PID=4003) to work on /home/airflow/.local/lib/python3.12/site-packages/airflow/example_dags/tutorial.py
[2025-03-04T17:34:49.405+0000] {processor.py:914} INFO - Processing file /home/airflow/.local/lib/python3.12/site-packages/airflow/example_dags/tutorial.py for tasks to queue
[2025-03-04T17:34:49.407+0000] {logging_mixin.py:190} INFO - [2025-03-04T17:34:49.407+0000] {dagbag.py:588} INFO - Filling up the DagBag from /home/airflow/.local/lib/python3.12/site-packages/airflow/example_dags/tutorial.py
[2025-03-04T17:34:49.419+0000] {processor.py:925} INFO - DAG(s) 'tutorial' retrieved from /home/airflow/.local/lib/python3.12/site-packages/airflow/example_dags/tutorial.py
[2025-03-04T17:34:49.440+0000] {logging_mixin.py:190} INFO - [2025-03-04T17:34:49.440+0000] {dag.py:3239} INFO - Sync 1 DAGs
[2025-03-04T17:34:49.468+0000] {logging_mixin.py:190} INFO - [2025-03-04T17:34:49.468+0000] {dag.py:4180} INFO - Setting next_dagrun for tutorial to 2025-03-03 00:00:00+00:00, run_after=2025-03-04 00:00:00+00:00
[2025-03-04T17:34:49.490+0000] {processor.py:208} INFO - Processing /home/airflow/.local/lib/python3.12/site-packages/airflow/example_dags/tutorial.py took 0.097 seconds
[2025-03-04T17:35:19.711+0000] {processor.py:186} INFO - Started process (PID=4309) to work on /home/airflow/.local/lib/python3.12/site-packages/airflow/example_dags/tutorial.py
[2025-03-04T17:35:19.712+0000] {processor.py:914} INFO - Processing file /home/airflow/.local/lib/python3.12/site-packages/airflow/example_dags/tutorial.py for tasks to queue
[2025-03-04T17:35:19.715+0000] {logging_mixin.py:190} INFO - [2025-03-04T17:35:19.715+0000] {dagbag.py:588} INFO - Filling up the DagBag from /home/airflow/.local/lib/python3.12/site-packages/airflow/example_dags/tutorial.py
[2025-03-04T17:35:19.724+0000] {processor.py:925} INFO - DAG(s) 'tutorial' retrieved from /home/airflow/.local/lib/python3.12/site-packages/airflow/example_dags/tutorial.py
[2025-03-04T17:35:19.750+0000] {logging_mixin.py:190} INFO - [2025-03-04T17:35:19.749+0000] {dag.py:3239} INFO - Sync 1 DAGs
[2025-03-04T17:35:19.778+0000] {logging_mixin.py:190} INFO - [2025-03-04T17:35:19.778+0000] {dag.py:4180} INFO - Setting next_dagrun for tutorial to 2025-03-03 00:00:00+00:00, run_after=2025-03-04 00:00:00+00:00
[2025-03-04T17:35:19.802+0000] {processor.py:208} INFO - Processing /home/airflow/.local/lib/python3.12/site-packages/airflow/example_dags/tutorial.py took 0.100 seconds
[2025-03-04T17:35:50.176+0000] {processor.py:186} INFO - Started process (PID=4613) to work on /home/airflow/.local/lib/python3.12/site-packages/airflow/example_dags/tutorial.py
[2025-03-04T17:35:50.177+0000] {processor.py:914} INFO - Processing file /home/airflow/.local/lib/python3.12/site-packages/airflow/example_dags/tutorial.py for tasks to queue
[2025-03-04T17:35:50.179+0000] {logging_mixin.py:190} INFO - [2025-03-04T17:35:50.179+0000] {dagbag.py:588} INFO - Filling up the DagBag from /home/airflow/.local/lib/python3.12/site-packages/airflow/example_dags/tutorial.py
[2025-03-04T17:35:50.189+0000] {processor.py:925} INFO - DAG(s) 'tutorial' retrieved from /home/airflow/.local/lib/python3.12/site-packages/airflow/example_dags/tutorial.py
[2025-03-04T17:35:50.211+0000] {logging_mixin.py:190} INFO - [2025-03-04T17:35:50.210+0000] {dag.py:3239} INFO - Sync 1 DAGs
[2025-03-04T17:35:50.239+0000] {logging_mixin.py:190} INFO - [2025-03-04T17:35:50.238+0000] {dag.py:4180} INFO - Setting next_dagrun for tutorial to 2025-03-03 00:00:00+00:00, run_after=2025-03-04 00:00:00+00:00
[2025-03-04T17:35:50.262+0000] {processor.py:208} INFO - Processing /home/airflow/.local/lib/python3.12/site-packages/airflow/example_dags/tutorial.py took 0.093 seconds
[2025-03-04T17:36:20.887+0000] {processor.py:186} INFO - Started process (PID=4921) to work on /home/airflow/.local/lib/python3.12/site-packages/airflow/example_dags/tutorial.py
[2025-03-04T17:36:20.889+0000] {processor.py:914} INFO - Processing file /home/airflow/.local/lib/python3.12/site-packages/airflow/example_dags/tutorial.py for tasks to queue
[2025-03-04T17:36:20.894+0000] {logging_mixin.py:190} INFO - [2025-03-04T17:36:20.894+0000] {dagbag.py:588} INFO - Filling up the DagBag from /home/airflow/.local/lib/python3.12/site-packages/airflow/example_dags/tutorial.py
[2025-03-04T17:36:20.914+0000] {processor.py:925} INFO - DAG(s) 'tutorial' retrieved from /home/airflow/.local/lib/python3.12/site-packages/airflow/example_dags/tutorial.py
[2025-03-04T17:36:20.958+0000] {logging_mixin.py:190} INFO - [2025-03-04T17:36:20.957+0000] {dag.py:3239} INFO - Sync 1 DAGs
[2025-03-04T17:36:20.987+0000] {logging_mixin.py:190} INFO - [2025-03-04T17:36:20.987+0000] {dag.py:4180} INFO - Setting next_dagrun for tutorial to 2025-03-03 00:00:00+00:00, run_after=2025-03-04 00:00:00+00:00
[2025-03-04T17:36:21.012+0000] {processor.py:208} INFO - Processing /home/airflow/.local/lib/python3.12/site-packages/airflow/example_dags/tutorial.py took 0.141 seconds
[2025-03-04T17:36:51.126+0000] {processor.py:186} INFO - Started process (PID=5227) to work on /home/airflow/.local/lib/python3.12/site-packages/airflow/example_dags/tutorial.py
[2025-03-04T17:36:51.127+0000] {processor.py:914} INFO - Processing file /home/airflow/.local/lib/python3.12/site-packages/airflow/example_dags/tutorial.py for tasks to queue
[2025-03-04T17:36:51.130+0000] {logging_mixin.py:190} INFO - [2025-03-04T17:36:51.130+0000] {dagbag.py:588} INFO - Filling up the DagBag from /home/airflow/.local/lib/python3.12/site-packages/airflow/example_dags/tutorial.py
[2025-03-04T17:36:51.138+0000] {processor.py:925} INFO - DAG(s) 'tutorial' retrieved from /home/airflow/.local/lib/python3.12/site-packages/airflow/example_dags/tutorial.py
[2025-03-04T17:36:51.159+0000] {logging_mixin.py:190} INFO - [2025-03-04T17:36:51.159+0000] {dag.py:3239} INFO - Sync 1 DAGs
[2025-03-04T17:36:51.186+0000] {logging_mixin.py:190} INFO - [2025-03-04T17:36:51.185+0000] {dag.py:4180} INFO - Setting next_dagrun for tutorial to 2025-03-03 00:00:00+00:00, run_after=2025-03-04 00:00:00+00:00
[2025-03-04T17:36:51.208+0000] {processor.py:208} INFO - Processing /home/airflow/.local/lib/python3.12/site-packages/airflow/example_dags/tutorial.py took 0.088 seconds
[2025-03-04T17:37:21.316+0000] {processor.py:186} INFO - Started process (PID=5533) to work on /home/airflow/.local/lib/python3.12/site-packages/airflow/example_dags/tutorial.py
[2025-03-04T17:37:21.317+0000] {processor.py:914} INFO - Processing file /home/airflow/.local/lib/python3.12/site-packages/airflow/example_dags/tutorial.py for tasks to queue
[2025-03-04T17:37:21.320+0000] {logging_mixin.py:190} INFO - [2025-03-04T17:37:21.320+0000] {dagbag.py:588} INFO - Filling up the DagBag from /home/airflow/.local/lib/python3.12/site-packages/airflow/example_dags/tutorial.py
[2025-03-04T17:37:21.329+0000] {processor.py:925} INFO - DAG(s) 'tutorial' retrieved from /home/airflow/.local/lib/python3.12/site-packages/airflow/example_dags/tutorial.py
[2025-03-04T17:37:21.355+0000] {logging_mixin.py:190} INFO - [2025-03-04T17:37:21.354+0000] {dag.py:3239} INFO - Sync 1 DAGs
[2025-03-04T17:37:21.382+0000] {logging_mixin.py:190} INFO - [2025-03-04T17:37:21.382+0000] {dag.py:4180} INFO - Setting next_dagrun for tutorial to 2025-03-03 00:00:00+00:00, run_after=2025-03-04 00:00:00+00:00
[2025-03-04T17:37:21.411+0000] {processor.py:208} INFO - Processing /home/airflow/.local/lib/python3.12/site-packages/airflow/example_dags/tutorial.py took 0.110 seconds
[2025-03-04T17:37:52.447+0000] {processor.py:186} INFO - Started process (PID=5839) to work on /home/airflow/.local/lib/python3.12/site-packages/airflow/example_dags/tutorial.py
[2025-03-04T17:37:52.448+0000] {processor.py:914} INFO - Processing file /home/airflow/.local/lib/python3.12/site-packages/airflow/example_dags/tutorial.py for tasks to queue
[2025-03-04T17:37:52.450+0000] {logging_mixin.py:190} INFO - [2025-03-04T17:37:52.450+0000] {dagbag.py:588} INFO - Filling up the DagBag from /home/airflow/.local/lib/python3.12/site-packages/airflow/example_dags/tutorial.py
[2025-03-04T17:37:52.459+0000] {processor.py:925} INFO - DAG(s) 'tutorial' retrieved from /home/airflow/.local/lib/python3.12/site-packages/airflow/example_dags/tutorial.py
[2025-03-04T17:37:52.481+0000] {logging_mixin.py:190} INFO - [2025-03-04T17:37:52.481+0000] {dag.py:3239} INFO - Sync 1 DAGs
[2025-03-04T17:37:52.508+0000] {logging_mixin.py:190} INFO - [2025-03-04T17:37:52.508+0000] {dag.py:4180} INFO - Setting next_dagrun for tutorial to 2025-03-03 00:00:00+00:00, run_after=2025-03-04 00:00:00+00:00
[2025-03-04T17:37:52.533+0000] {processor.py:208} INFO - Processing /home/airflow/.local/lib/python3.12/site-packages/airflow/example_dags/tutorial.py took 0.094 seconds
[2025-03-04T17:38:22.694+0000] {processor.py:186} INFO - Started process (PID=6145) to work on /home/airflow/.local/lib/python3.12/site-packages/airflow/example_dags/tutorial.py
[2025-03-04T17:38:22.696+0000] {processor.py:914} INFO - Processing file /home/airflow/.local/lib/python3.12/site-packages/airflow/example_dags/tutorial.py for tasks to queue
[2025-03-04T17:38:22.701+0000] {logging_mixin.py:190} INFO - [2025-03-04T17:38:22.701+0000] {dagbag.py:588} INFO - Filling up the DagBag from /home/airflow/.local/lib/python3.12/site-packages/airflow/example_dags/tutorial.py
[2025-03-04T17:38:22.721+0000] {processor.py:925} INFO - DAG(s) 'tutorial' retrieved from /home/airflow/.local/lib/python3.12/site-packages/airflow/example_dags/tutorial.py
[2025-03-04T17:38:22.755+0000] {logging_mixin.py:190} INFO - [2025-03-04T17:38:22.754+0000] {dag.py:3239} INFO - Sync 1 DAGs
[2025-03-04T17:38:22.785+0000] {logging_mixin.py:190} INFO - [2025-03-04T17:38:22.785+0000] {dag.py:4180} INFO - Setting next_dagrun for tutorial to 2025-03-03 00:00:00+00:00, run_after=2025-03-04 00:00:00+00:00
[2025-03-04T17:38:22.809+0000] {processor.py:208} INFO - Processing /home/airflow/.local/lib/python3.12/site-packages/airflow/example_dags/tutorial.py took 0.130 seconds
[2025-03-04T17:38:53.516+0000] {processor.py:186} INFO - Started process (PID=6454) to work on /home/airflow/.local/lib/python3.12/site-packages/airflow/example_dags/tutorial.py
[2025-03-04T17:38:53.517+0000] {processor.py:914} INFO - Processing file /home/airflow/.local/lib/python3.12/site-packages/airflow/example_dags/tutorial.py for tasks to queue
[2025-03-04T17:38:53.520+0000] {logging_mixin.py:190} INFO - [2025-03-04T17:38:53.519+0000] {dagbag.py:588} INFO - Filling up the DagBag from /home/airflow/.local/lib/python3.12/site-packages/airflow/example_dags/tutorial.py
[2025-03-04T17:38:53.528+0000] {processor.py:925} INFO - DAG(s) 'tutorial' retrieved from /home/airflow/.local/lib/python3.12/site-packages/airflow/example_dags/tutorial.py
[2025-03-04T17:38:53.549+0000] {logging_mixin.py:190} INFO - [2025-03-04T17:38:53.549+0000] {dag.py:3239} INFO - Sync 1 DAGs
[2025-03-04T17:38:53.576+0000] {logging_mixin.py:190} INFO - [2025-03-04T17:38:53.576+0000] {dag.py:4180} INFO - Setting next_dagrun for tutorial to 2025-03-03 00:00:00+00:00, run_after=2025-03-04 00:00:00+00:00
[2025-03-04T17:38:53.600+0000] {processor.py:208} INFO - Processing /home/airflow/.local/lib/python3.12/site-packages/airflow/example_dags/tutorial.py took 0.091 seconds
[2025-03-04T17:39:23.721+0000] {processor.py:186} INFO - Started process (PID=6755) to work on /home/airflow/.local/lib/python3.12/site-packages/airflow/example_dags/tutorial.py
[2025-03-04T17:39:23.723+0000] {processor.py:914} INFO - Processing file /home/airflow/.local/lib/python3.12/site-packages/airflow/example_dags/tutorial.py for tasks to queue
[2025-03-04T17:39:23.725+0000] {logging_mixin.py:190} INFO - [2025-03-04T17:39:23.725+0000] {dagbag.py:588} INFO - Filling up the DagBag from /home/airflow/.local/lib/python3.12/site-packages/airflow/example_dags/tutorial.py
[2025-03-04T17:39:23.734+0000] {processor.py:925} INFO - DAG(s) 'tutorial' retrieved from /home/airflow/.local/lib/python3.12/site-packages/airflow/example_dags/tutorial.py
[2025-03-04T17:39:23.760+0000] {logging_mixin.py:190} INFO - [2025-03-04T17:39:23.759+0000] {dag.py:3239} INFO - Sync 1 DAGs
[2025-03-04T17:39:23.793+0000] {logging_mixin.py:190} INFO - [2025-03-04T17:39:23.792+0000] {dag.py:4180} INFO - Setting next_dagrun for tutorial to 2025-03-03 00:00:00+00:00, run_after=2025-03-04 00:00:00+00:00
[2025-03-04T17:39:23.816+0000] {processor.py:208} INFO - Processing /home/airflow/.local/lib/python3.12/site-packages/airflow/example_dags/tutorial.py took 0.101 seconds
[2025-03-04T17:39:54.467+0000] {processor.py:186} INFO - Started process (PID=7063) to work on /home/airflow/.local/lib/python3.12/site-packages/airflow/example_dags/tutorial.py
[2025-03-04T17:39:54.468+0000] {processor.py:914} INFO - Processing file /home/airflow/.local/lib/python3.12/site-packages/airflow/example_dags/tutorial.py for tasks to queue
[2025-03-04T17:39:54.471+0000] {logging_mixin.py:190} INFO - [2025-03-04T17:39:54.470+0000] {dagbag.py:588} INFO - Filling up the DagBag from /home/airflow/.local/lib/python3.12/site-packages/airflow/example_dags/tutorial.py
[2025-03-04T17:39:54.480+0000] {processor.py:925} INFO - DAG(s) 'tutorial' retrieved from /home/airflow/.local/lib/python3.12/site-packages/airflow/example_dags/tutorial.py
[2025-03-04T17:39:54.502+0000] {logging_mixin.py:190} INFO - [2025-03-04T17:39:54.502+0000] {dag.py:3239} INFO - Sync 1 DAGs
[2025-03-04T17:39:54.531+0000] {logging_mixin.py:190} INFO - [2025-03-04T17:39:54.530+0000] {dag.py:4180} INFO - Setting next_dagrun for tutorial to 2025-03-03 00:00:00+00:00, run_after=2025-03-04 00:00:00+00:00
[2025-03-04T17:39:54.559+0000] {processor.py:208} INFO - Processing /home/airflow/.local/lib/python3.12/site-packages/airflow/example_dags/tutorial.py took 0.099 seconds
[2025-03-04T17:40:24.940+0000] {processor.py:186} INFO - Started process (PID=7374) to work on /home/airflow/.local/lib/python3.12/site-packages/airflow/example_dags/tutorial.py
[2025-03-04T17:40:24.941+0000] {processor.py:914} INFO - Processing file /home/airflow/.local/lib/python3.12/site-packages/airflow/example_dags/tutorial.py for tasks to queue
[2025-03-04T17:40:24.944+0000] {logging_mixin.py:190} INFO - [2025-03-04T17:40:24.943+0000] {dagbag.py:588} INFO - Filling up the DagBag from /home/airflow/.local/lib/python3.12/site-packages/airflow/example_dags/tutorial.py
[2025-03-04T17:40:24.953+0000] {processor.py:925} INFO - DAG(s) 'tutorial' retrieved from /home/airflow/.local/lib/python3.12/site-packages/airflow/example_dags/tutorial.py
[2025-03-04T17:40:24.976+0000] {logging_mixin.py:190} INFO - [2025-03-04T17:40:24.975+0000] {dag.py:3239} INFO - Sync 1 DAGs
[2025-03-04T17:40:25.003+0000] {logging_mixin.py:190} INFO - [2025-03-04T17:40:25.003+0000] {dag.py:4180} INFO - Setting next_dagrun for tutorial to 2025-03-03 00:00:00+00:00, run_after=2025-03-04 00:00:00+00:00
[2025-03-04T17:40:25.029+0000] {processor.py:208} INFO - Processing /home/airflow/.local/lib/python3.12/site-packages/airflow/example_dags/tutorial.py took 0.097 seconds
[2025-03-04T17:40:55.564+0000] {processor.py:186} INFO - Started process (PID=7678) to work on /home/airflow/.local/lib/python3.12/site-packages/airflow/example_dags/tutorial.py
[2025-03-04T17:40:55.566+0000] {processor.py:914} INFO - Processing file /home/airflow/.local/lib/python3.12/site-packages/airflow/example_dags/tutorial.py for tasks to queue
[2025-03-04T17:40:55.571+0000] {logging_mixin.py:190} INFO - [2025-03-04T17:40:55.570+0000] {dagbag.py:588} INFO - Filling up the DagBag from /home/airflow/.local/lib/python3.12/site-packages/airflow/example_dags/tutorial.py
[2025-03-04T17:40:55.589+0000] {processor.py:925} INFO - DAG(s) 'tutorial' retrieved from /home/airflow/.local/lib/python3.12/site-packages/airflow/example_dags/tutorial.py
[2025-03-04T17:40:55.633+0000] {logging_mixin.py:190} INFO - [2025-03-04T17:40:55.633+0000] {dag.py:3239} INFO - Sync 1 DAGs
[2025-03-04T17:40:55.663+0000] {logging_mixin.py:190} INFO - [2025-03-04T17:40:55.663+0000] {dag.py:4180} INFO - Setting next_dagrun for tutorial to 2025-03-03 00:00:00+00:00, run_after=2025-03-04 00:00:00+00:00
[2025-03-04T17:40:55.688+0000] {processor.py:208} INFO - Processing /home/airflow/.local/lib/python3.12/site-packages/airflow/example_dags/tutorial.py took 0.132 seconds
[2025-03-04T17:41:26.036+0000] {processor.py:186} INFO - Started process (PID=7986) to work on /home/airflow/.local/lib/python3.12/site-packages/airflow/example_dags/tutorial.py
[2025-03-04T17:41:26.037+0000] {processor.py:914} INFO - Processing file /home/airflow/.local/lib/python3.12/site-packages/airflow/example_dags/tutorial.py for tasks to queue
[2025-03-04T17:41:26.040+0000] {logging_mixin.py:190} INFO - [2025-03-04T17:41:26.039+0000] {dagbag.py:588} INFO - Filling up the DagBag from /home/airflow/.local/lib/python3.12/site-packages/airflow/example_dags/tutorial.py
[2025-03-04T17:41:26.048+0000] {processor.py:925} INFO - DAG(s) 'tutorial' retrieved from /home/airflow/.local/lib/python3.12/site-packages/airflow/example_dags/tutorial.py
[2025-03-04T17:41:26.069+0000] {logging_mixin.py:190} INFO - [2025-03-04T17:41:26.069+0000] {dag.py:3239} INFO - Sync 1 DAGs
[2025-03-04T17:41:26.096+0000] {logging_mixin.py:190} INFO - [2025-03-04T17:41:26.096+0000] {dag.py:4180} INFO - Setting next_dagrun for tutorial to 2025-03-03 00:00:00+00:00, run_after=2025-03-04 00:00:00+00:00
[2025-03-04T17:41:26.119+0000] {processor.py:208} INFO - Processing /home/airflow/.local/lib/python3.12/site-packages/airflow/example_dags/tutorial.py took 0.090 seconds
[2025-03-04T17:41:56.307+0000] {processor.py:186} INFO - Started process (PID=8292) to work on /home/airflow/.local/lib/python3.12/site-packages/airflow/example_dags/tutorial.py
[2025-03-04T17:41:56.308+0000] {processor.py:914} INFO - Processing file /home/airflow/.local/lib/python3.12/site-packages/airflow/example_dags/tutorial.py for tasks to queue
[2025-03-04T17:41:56.311+0000] {logging_mixin.py:190} INFO - [2025-03-04T17:41:56.310+0000] {dagbag.py:588} INFO - Filling up the DagBag from /home/airflow/.local/lib/python3.12/site-packages/airflow/example_dags/tutorial.py
[2025-03-04T17:41:56.319+0000] {processor.py:925} INFO - DAG(s) 'tutorial' retrieved from /home/airflow/.local/lib/python3.12/site-packages/airflow/example_dags/tutorial.py
[2025-03-04T17:41:56.340+0000] {logging_mixin.py:190} INFO - [2025-03-04T17:41:56.339+0000] {dag.py:3239} INFO - Sync 1 DAGs
[2025-03-04T17:41:56.367+0000] {logging_mixin.py:190} INFO - [2025-03-04T17:41:56.367+0000] {dag.py:4180} INFO - Setting next_dagrun for tutorial to 2025-03-03 00:00:00+00:00, run_after=2025-03-04 00:00:00+00:00
[2025-03-04T17:41:56.401+0000] {processor.py:208} INFO - Processing /home/airflow/.local/lib/python3.12/site-packages/airflow/example_dags/tutorial.py took 0.101 seconds
[2025-03-04T17:43:16.986+0000] {processor.py:186} INFO - Started process (PID=238) to work on /home/airflow/.local/lib/python3.12/site-packages/airflow/example_dags/tutorial.py
[2025-03-04T17:43:16.987+0000] {processor.py:914} INFO - Processing file /home/airflow/.local/lib/python3.12/site-packages/airflow/example_dags/tutorial.py for tasks to queue
[2025-03-04T17:43:16.990+0000] {logging_mixin.py:190} INFO - [2025-03-04T17:43:16.989+0000] {dagbag.py:588} INFO - Filling up the DagBag from /home/airflow/.local/lib/python3.12/site-packages/airflow/example_dags/tutorial.py
[2025-03-04T17:43:16.999+0000] {processor.py:925} INFO - DAG(s) 'tutorial' retrieved from /home/airflow/.local/lib/python3.12/site-packages/airflow/example_dags/tutorial.py
[2025-03-04T17:43:17.029+0000] {logging_mixin.py:190} INFO - [2025-03-04T17:43:17.028+0000] {dag.py:3239} INFO - Sync 1 DAGs
[2025-03-04T17:43:17.055+0000] {logging_mixin.py:190} INFO - [2025-03-04T17:43:17.055+0000] {dag.py:4180} INFO - Setting next_dagrun for tutorial to 2025-03-03 00:00:00+00:00, run_after=2025-03-04 00:00:00+00:00
[2025-03-04T17:43:17.082+0000] {processor.py:208} INFO - Processing /home/airflow/.local/lib/python3.12/site-packages/airflow/example_dags/tutorial.py took 0.102 seconds
[2025-03-04T17:43:47.989+0000] {processor.py:186} INFO - Started process (PID=546) to work on /home/airflow/.local/lib/python3.12/site-packages/airflow/example_dags/tutorial.py
[2025-03-04T17:43:47.990+0000] {processor.py:914} INFO - Processing file /home/airflow/.local/lib/python3.12/site-packages/airflow/example_dags/tutorial.py for tasks to queue
[2025-03-04T17:43:47.994+0000] {logging_mixin.py:190} INFO - [2025-03-04T17:43:47.993+0000] {dagbag.py:588} INFO - Filling up the DagBag from /home/airflow/.local/lib/python3.12/site-packages/airflow/example_dags/tutorial.py
[2025-03-04T17:43:48.005+0000] {processor.py:925} INFO - DAG(s) 'tutorial' retrieved from /home/airflow/.local/lib/python3.12/site-packages/airflow/example_dags/tutorial.py
[2025-03-04T17:43:48.033+0000] {logging_mixin.py:190} INFO - [2025-03-04T17:43:48.033+0000] {dag.py:3239} INFO - Sync 1 DAGs
[2025-03-04T17:43:48.067+0000] {logging_mixin.py:190} INFO - [2025-03-04T17:43:48.067+0000] {dag.py:4180} INFO - Setting next_dagrun for tutorial to 2025-03-03 00:00:00+00:00, run_after=2025-03-04 00:00:00+00:00
[2025-03-04T17:43:48.089+0000] {processor.py:208} INFO - Processing /home/airflow/.local/lib/python3.12/site-packages/airflow/example_dags/tutorial.py took 0.109 seconds
[2025-03-04T17:44:18.507+0000] {processor.py:186} INFO - Started process (PID=856) to work on /home/airflow/.local/lib/python3.12/site-packages/airflow/example_dags/tutorial.py
[2025-03-04T17:44:18.508+0000] {processor.py:914} INFO - Processing file /home/airflow/.local/lib/python3.12/site-packages/airflow/example_dags/tutorial.py for tasks to queue
[2025-03-04T17:44:18.511+0000] {logging_mixin.py:190} INFO - [2025-03-04T17:44:18.510+0000] {dagbag.py:588} INFO - Filling up the DagBag from /home/airflow/.local/lib/python3.12/site-packages/airflow/example_dags/tutorial.py
[2025-03-04T17:44:18.520+0000] {processor.py:925} INFO - DAG(s) 'tutorial' retrieved from /home/airflow/.local/lib/python3.12/site-packages/airflow/example_dags/tutorial.py
[2025-03-04T17:44:18.549+0000] {logging_mixin.py:190} INFO - [2025-03-04T17:44:18.548+0000] {dag.py:3239} INFO - Sync 1 DAGs
[2025-03-04T17:44:18.576+0000] {logging_mixin.py:190} INFO - [2025-03-04T17:44:18.576+0000] {dag.py:4180} INFO - Setting next_dagrun for tutorial to 2025-03-03 00:00:00+00:00, run_after=2025-03-04 00:00:00+00:00
[2025-03-04T17:44:18.601+0000] {processor.py:208} INFO - Processing /home/airflow/.local/lib/python3.12/site-packages/airflow/example_dags/tutorial.py took 0.100 seconds
[2025-03-04T17:44:48.761+0000] {processor.py:186} INFO - Started process (PID=1162) to work on /home/airflow/.local/lib/python3.12/site-packages/airflow/example_dags/tutorial.py
[2025-03-04T17:44:48.762+0000] {processor.py:914} INFO - Processing file /home/airflow/.local/lib/python3.12/site-packages/airflow/example_dags/tutorial.py for tasks to queue
[2025-03-04T17:44:48.764+0000] {logging_mixin.py:190} INFO - [2025-03-04T17:44:48.764+0000] {dagbag.py:588} INFO - Filling up the DagBag from /home/airflow/.local/lib/python3.12/site-packages/airflow/example_dags/tutorial.py
[2025-03-04T17:44:48.771+0000] {processor.py:925} INFO - DAG(s) 'tutorial' retrieved from /home/airflow/.local/lib/python3.12/site-packages/airflow/example_dags/tutorial.py
[2025-03-04T17:44:48.792+0000] {logging_mixin.py:190} INFO - [2025-03-04T17:44:48.792+0000] {dag.py:3239} INFO - Sync 1 DAGs
[2025-03-04T17:44:48.818+0000] {logging_mixin.py:190} INFO - [2025-03-04T17:44:48.818+0000] {dag.py:4180} INFO - Setting next_dagrun for tutorial to 2025-03-03 00:00:00+00:00, run_after=2025-03-04 00:00:00+00:00
[2025-03-04T17:44:48.841+0000] {processor.py:208} INFO - Processing /home/airflow/.local/lib/python3.12/site-packages/airflow/example_dags/tutorial.py took 0.087 seconds
[2025-03-04T17:45:19.181+0000] {processor.py:186} INFO - Started process (PID=1470) to work on /home/airflow/.local/lib/python3.12/site-packages/airflow/example_dags/tutorial.py
[2025-03-04T17:45:19.182+0000] {processor.py:914} INFO - Processing file /home/airflow/.local/lib/python3.12/site-packages/airflow/example_dags/tutorial.py for tasks to queue
[2025-03-04T17:45:19.184+0000] {logging_mixin.py:190} INFO - [2025-03-04T17:45:19.184+0000] {dagbag.py:588} INFO - Filling up the DagBag from /home/airflow/.local/lib/python3.12/site-packages/airflow/example_dags/tutorial.py
[2025-03-04T17:45:19.192+0000] {processor.py:925} INFO - DAG(s) 'tutorial' retrieved from /home/airflow/.local/lib/python3.12/site-packages/airflow/example_dags/tutorial.py
[2025-03-04T17:45:19.215+0000] {logging_mixin.py:190} INFO - [2025-03-04T17:45:19.214+0000] {dag.py:3239} INFO - Sync 1 DAGs
[2025-03-04T17:45:19.240+0000] {logging_mixin.py:190} INFO - [2025-03-04T17:45:19.240+0000] {dag.py:4180} INFO - Setting next_dagrun for tutorial to 2025-03-03 00:00:00+00:00, run_after=2025-03-04 00:00:00+00:00
[2025-03-04T17:45:19.262+0000] {processor.py:208} INFO - Processing /home/airflow/.local/lib/python3.12/site-packages/airflow/example_dags/tutorial.py took 0.088 seconds
[2025-03-04T17:45:49.610+0000] {processor.py:186} INFO - Started process (PID=1776) to work on /home/airflow/.local/lib/python3.12/site-packages/airflow/example_dags/tutorial.py
[2025-03-04T17:45:49.611+0000] {processor.py:914} INFO - Processing file /home/airflow/.local/lib/python3.12/site-packages/airflow/example_dags/tutorial.py for tasks to queue
[2025-03-04T17:45:49.613+0000] {logging_mixin.py:190} INFO - [2025-03-04T17:45:49.613+0000] {dagbag.py:588} INFO - Filling up the DagBag from /home/airflow/.local/lib/python3.12/site-packages/airflow/example_dags/tutorial.py
[2025-03-04T17:45:49.622+0000] {processor.py:925} INFO - DAG(s) 'tutorial' retrieved from /home/airflow/.local/lib/python3.12/site-packages/airflow/example_dags/tutorial.py
[2025-03-04T17:45:49.645+0000] {logging_mixin.py:190} INFO - [2025-03-04T17:45:49.644+0000] {dag.py:3239} INFO - Sync 1 DAGs
[2025-03-04T17:45:49.673+0000] {logging_mixin.py:190} INFO - [2025-03-04T17:45:49.673+0000] {dag.py:4180} INFO - Setting next_dagrun for tutorial to 2025-03-03 00:00:00+00:00, run_after=2025-03-04 00:00:00+00:00
[2025-03-04T17:45:49.699+0000] {processor.py:208} INFO - Processing /home/airflow/.local/lib/python3.12/site-packages/airflow/example_dags/tutorial.py took 0.096 seconds
[2025-03-04T17:46:19.827+0000] {processor.py:186} INFO - Started process (PID=2082) to work on /home/airflow/.local/lib/python3.12/site-packages/airflow/example_dags/tutorial.py
[2025-03-04T17:46:19.828+0000] {processor.py:914} INFO - Processing file /home/airflow/.local/lib/python3.12/site-packages/airflow/example_dags/tutorial.py for tasks to queue
[2025-03-04T17:46:19.832+0000] {logging_mixin.py:190} INFO - [2025-03-04T17:46:19.831+0000] {dagbag.py:588} INFO - Filling up the DagBag from /home/airflow/.local/lib/python3.12/site-packages/airflow/example_dags/tutorial.py
[2025-03-04T17:46:19.848+0000] {processor.py:925} INFO - DAG(s) 'tutorial' retrieved from /home/airflow/.local/lib/python3.12/site-packages/airflow/example_dags/tutorial.py
[2025-03-04T17:46:19.875+0000] {logging_mixin.py:190} INFO - [2025-03-04T17:46:19.875+0000] {dag.py:3239} INFO - Sync 1 DAGs
[2025-03-04T17:46:19.911+0000] {logging_mixin.py:190} INFO - [2025-03-04T17:46:19.911+0000] {dag.py:4180} INFO - Setting next_dagrun for tutorial to 2025-03-03 00:00:00+00:00, run_after=2025-03-04 00:00:00+00:00
[2025-03-04T17:46:19.943+0000] {processor.py:208} INFO - Processing /home/airflow/.local/lib/python3.12/site-packages/airflow/example_dags/tutorial.py took 0.123 seconds
[2025-03-04T17:46:50.689+0000] {processor.py:186} INFO - Started process (PID=2386) to work on /home/airflow/.local/lib/python3.12/site-packages/airflow/example_dags/tutorial.py
[2025-03-04T17:46:50.690+0000] {processor.py:914} INFO - Processing file /home/airflow/.local/lib/python3.12/site-packages/airflow/example_dags/tutorial.py for tasks to queue
[2025-03-04T17:46:50.693+0000] {logging_mixin.py:190} INFO - [2025-03-04T17:46:50.692+0000] {dagbag.py:588} INFO - Filling up the DagBag from /home/airflow/.local/lib/python3.12/site-packages/airflow/example_dags/tutorial.py
[2025-03-04T17:46:50.702+0000] {processor.py:925} INFO - DAG(s) 'tutorial' retrieved from /home/airflow/.local/lib/python3.12/site-packages/airflow/example_dags/tutorial.py
[2025-03-04T17:46:50.724+0000] {logging_mixin.py:190} INFO - [2025-03-04T17:46:50.724+0000] {dag.py:3239} INFO - Sync 1 DAGs
[2025-03-04T17:46:50.753+0000] {logging_mixin.py:190} INFO - [2025-03-04T17:46:50.753+0000] {dag.py:4180} INFO - Setting next_dagrun for tutorial to 2025-03-03 00:00:00+00:00, run_after=2025-03-04 00:00:00+00:00
[2025-03-04T17:46:50.774+0000] {processor.py:208} INFO - Processing /home/airflow/.local/lib/python3.12/site-packages/airflow/example_dags/tutorial.py took 0.094 seconds
[2025-03-04T17:47:21.504+0000] {processor.py:186} INFO - Started process (PID=2692) to work on /home/airflow/.local/lib/python3.12/site-packages/airflow/example_dags/tutorial.py
[2025-03-04T17:47:21.505+0000] {processor.py:914} INFO - Processing file /home/airflow/.local/lib/python3.12/site-packages/airflow/example_dags/tutorial.py for tasks to queue
[2025-03-04T17:47:21.508+0000] {logging_mixin.py:190} INFO - [2025-03-04T17:47:21.507+0000] {dagbag.py:588} INFO - Filling up the DagBag from /home/airflow/.local/lib/python3.12/site-packages/airflow/example_dags/tutorial.py
[2025-03-04T17:47:21.516+0000] {processor.py:925} INFO - DAG(s) 'tutorial' retrieved from /home/airflow/.local/lib/python3.12/site-packages/airflow/example_dags/tutorial.py
[2025-03-04T17:47:21.543+0000] {logging_mixin.py:190} INFO - [2025-03-04T17:47:21.543+0000] {dag.py:3239} INFO - Sync 1 DAGs
[2025-03-04T17:47:21.578+0000] {logging_mixin.py:190} INFO - [2025-03-04T17:47:21.577+0000] {dag.py:4180} INFO - Setting next_dagrun for tutorial to 2025-03-03 00:00:00+00:00, run_after=2025-03-04 00:00:00+00:00
[2025-03-04T17:47:21.604+0000] {processor.py:208} INFO - Processing /home/airflow/.local/lib/python3.12/site-packages/airflow/example_dags/tutorial.py took 0.107 seconds
[2025-03-04T17:47:52.360+0000] {processor.py:186} INFO - Started process (PID=2998) to work on /home/airflow/.local/lib/python3.12/site-packages/airflow/example_dags/tutorial.py
[2025-03-04T17:47:52.361+0000] {processor.py:914} INFO - Processing file /home/airflow/.local/lib/python3.12/site-packages/airflow/example_dags/tutorial.py for tasks to queue
[2025-03-04T17:47:52.364+0000] {logging_mixin.py:190} INFO - [2025-03-04T17:47:52.363+0000] {dagbag.py:588} INFO - Filling up the DagBag from /home/airflow/.local/lib/python3.12/site-packages/airflow/example_dags/tutorial.py
[2025-03-04T17:47:52.373+0000] {processor.py:925} INFO - DAG(s) 'tutorial' retrieved from /home/airflow/.local/lib/python3.12/site-packages/airflow/example_dags/tutorial.py
[2025-03-04T17:47:52.395+0000] {logging_mixin.py:190} INFO - [2025-03-04T17:47:52.395+0000] {dag.py:3239} INFO - Sync 1 DAGs
[2025-03-04T17:47:52.423+0000] {logging_mixin.py:190} INFO - [2025-03-04T17:47:52.423+0000] {dag.py:4180} INFO - Setting next_dagrun for tutorial to 2025-03-03 00:00:00+00:00, run_after=2025-03-04 00:00:00+00:00
[2025-03-04T17:47:52.450+0000] {processor.py:208} INFO - Processing /home/airflow/.local/lib/python3.12/site-packages/airflow/example_dags/tutorial.py took 0.097 seconds
[2025-03-04T17:48:22.625+0000] {processor.py:186} INFO - Started process (PID=3307) to work on /home/airflow/.local/lib/python3.12/site-packages/airflow/example_dags/tutorial.py
[2025-03-04T17:48:22.627+0000] {processor.py:914} INFO - Processing file /home/airflow/.local/lib/python3.12/site-packages/airflow/example_dags/tutorial.py for tasks to queue
[2025-03-04T17:48:22.629+0000] {logging_mixin.py:190} INFO - [2025-03-04T17:48:22.629+0000] {dagbag.py:588} INFO - Filling up the DagBag from /home/airflow/.local/lib/python3.12/site-packages/airflow/example_dags/tutorial.py
[2025-03-04T17:48:22.638+0000] {processor.py:925} INFO - DAG(s) 'tutorial' retrieved from /home/airflow/.local/lib/python3.12/site-packages/airflow/example_dags/tutorial.py
[2025-03-04T17:48:22.662+0000] {logging_mixin.py:190} INFO - [2025-03-04T17:48:22.661+0000] {dag.py:3239} INFO - Sync 1 DAGs
[2025-03-04T17:48:22.689+0000] {logging_mixin.py:190} INFO - [2025-03-04T17:48:22.689+0000] {dag.py:4180} INFO - Setting next_dagrun for tutorial to 2025-03-03 00:00:00+00:00, run_after=2025-03-04 00:00:00+00:00
[2025-03-04T17:48:22.713+0000] {processor.py:208} INFO - Processing /home/airflow/.local/lib/python3.12/site-packages/airflow/example_dags/tutorial.py took 0.094 seconds
[2025-03-04T17:48:53.160+0000] {processor.py:186} INFO - Started process (PID=3616) to work on /home/airflow/.local/lib/python3.12/site-packages/airflow/example_dags/tutorial.py
[2025-03-04T17:48:53.161+0000] {processor.py:914} INFO - Processing file /home/airflow/.local/lib/python3.12/site-packages/airflow/example_dags/tutorial.py for tasks to queue
[2025-03-04T17:48:53.165+0000] {logging_mixin.py:190} INFO - [2025-03-04T17:48:53.165+0000] {dagbag.py:588} INFO - Filling up the DagBag from /home/airflow/.local/lib/python3.12/site-packages/airflow/example_dags/tutorial.py
[2025-03-04T17:48:53.175+0000] {processor.py:925} INFO - DAG(s) 'tutorial' retrieved from /home/airflow/.local/lib/python3.12/site-packages/airflow/example_dags/tutorial.py
[2025-03-04T17:48:53.205+0000] {logging_mixin.py:190} INFO - [2025-03-04T17:48:53.205+0000] {dag.py:3239} INFO - Sync 1 DAGs
[2025-03-04T17:48:53.233+0000] {logging_mixin.py:190} INFO - [2025-03-04T17:48:53.232+0000] {dag.py:4180} INFO - Setting next_dagrun for tutorial to 2025-03-03 00:00:00+00:00, run_after=2025-03-04 00:00:00+00:00
[2025-03-04T17:48:53.256+0000] {processor.py:208} INFO - Processing /home/airflow/.local/lib/python3.12/site-packages/airflow/example_dags/tutorial.py took 0.103 seconds
[2025-03-04T17:49:24.161+0000] {processor.py:186} INFO - Started process (PID=3922) to work on /home/airflow/.local/lib/python3.12/site-packages/airflow/example_dags/tutorial.py
[2025-03-04T17:49:24.163+0000] {processor.py:914} INFO - Processing file /home/airflow/.local/lib/python3.12/site-packages/airflow/example_dags/tutorial.py for tasks to queue
[2025-03-04T17:49:24.165+0000] {logging_mixin.py:190} INFO - [2025-03-04T17:49:24.165+0000] {dagbag.py:588} INFO - Filling up the DagBag from /home/airflow/.local/lib/python3.12/site-packages/airflow/example_dags/tutorial.py
[2025-03-04T17:49:24.174+0000] {processor.py:925} INFO - DAG(s) 'tutorial' retrieved from /home/airflow/.local/lib/python3.12/site-packages/airflow/example_dags/tutorial.py
[2025-03-04T17:49:24.197+0000] {logging_mixin.py:190} INFO - [2025-03-04T17:49:24.197+0000] {dag.py:3239} INFO - Sync 1 DAGs
[2025-03-04T17:49:24.225+0000] {logging_mixin.py:190} INFO - [2025-03-04T17:49:24.225+0000] {dag.py:4180} INFO - Setting next_dagrun for tutorial to 2025-03-03 00:00:00+00:00, run_after=2025-03-04 00:00:00+00:00
[2025-03-04T17:49:24.249+0000] {processor.py:208} INFO - Processing /home/airflow/.local/lib/python3.12/site-packages/airflow/example_dags/tutorial.py took 0.095 seconds
[2025-03-04T17:52:38.935+0000] {processor.py:186} INFO - Started process (PID=238) to work on /home/airflow/.local/lib/python3.12/site-packages/airflow/example_dags/tutorial.py
[2025-03-04T17:52:38.936+0000] {processor.py:914} INFO - Processing file /home/airflow/.local/lib/python3.12/site-packages/airflow/example_dags/tutorial.py for tasks to queue
[2025-03-04T17:52:38.939+0000] {logging_mixin.py:190} INFO - [2025-03-04T17:52:38.938+0000] {dagbag.py:588} INFO - Filling up the DagBag from /home/airflow/.local/lib/python3.12/site-packages/airflow/example_dags/tutorial.py
[2025-03-04T17:52:38.947+0000] {processor.py:925} INFO - DAG(s) 'tutorial' retrieved from /home/airflow/.local/lib/python3.12/site-packages/airflow/example_dags/tutorial.py
[2025-03-04T17:52:38.975+0000] {logging_mixin.py:190} INFO - [2025-03-04T17:52:38.974+0000] {dag.py:3239} INFO - Sync 1 DAGs
[2025-03-04T17:52:39.000+0000] {logging_mixin.py:190} INFO - [2025-03-04T17:52:39.000+0000] {dag.py:4180} INFO - Setting next_dagrun for tutorial to 2025-03-03 00:00:00+00:00, run_after=2025-03-04 00:00:00+00:00
[2025-03-04T17:52:39.025+0000] {processor.py:208} INFO - Processing /home/airflow/.local/lib/python3.12/site-packages/airflow/example_dags/tutorial.py took 0.096 seconds
[2025-03-04T17:53:09.571+0000] {processor.py:186} INFO - Started process (PID=544) to work on /home/airflow/.local/lib/python3.12/site-packages/airflow/example_dags/tutorial.py
[2025-03-04T17:53:09.573+0000] {processor.py:914} INFO - Processing file /home/airflow/.local/lib/python3.12/site-packages/airflow/example_dags/tutorial.py for tasks to queue
[2025-03-04T17:53:09.575+0000] {logging_mixin.py:190} INFO - [2025-03-04T17:53:09.575+0000] {dagbag.py:588} INFO - Filling up the DagBag from /home/airflow/.local/lib/python3.12/site-packages/airflow/example_dags/tutorial.py
[2025-03-04T17:53:09.584+0000] {processor.py:925} INFO - DAG(s) 'tutorial' retrieved from /home/airflow/.local/lib/python3.12/site-packages/airflow/example_dags/tutorial.py
[2025-03-04T17:53:09.613+0000] {logging_mixin.py:190} INFO - [2025-03-04T17:53:09.613+0000] {dag.py:3239} INFO - Sync 1 DAGs
[2025-03-04T17:53:09.646+0000] {logging_mixin.py:190} INFO - [2025-03-04T17:53:09.646+0000] {dag.py:4180} INFO - Setting next_dagrun for tutorial to 2025-03-03 00:00:00+00:00, run_after=2025-03-04 00:00:00+00:00
[2025-03-04T17:53:09.670+0000] {processor.py:208} INFO - Processing /home/airflow/.local/lib/python3.12/site-packages/airflow/example_dags/tutorial.py took 0.106 seconds
[2025-03-04T17:53:40.477+0000] {processor.py:186} INFO - Started process (PID=858) to work on /home/airflow/.local/lib/python3.12/site-packages/airflow/example_dags/tutorial.py
[2025-03-04T17:53:40.479+0000] {processor.py:914} INFO - Processing file /home/airflow/.local/lib/python3.12/site-packages/airflow/example_dags/tutorial.py for tasks to queue
[2025-03-04T17:53:40.480+0000] {logging_mixin.py:190} INFO - [2025-03-04T17:53:40.480+0000] {dagbag.py:588} INFO - Filling up the DagBag from /home/airflow/.local/lib/python3.12/site-packages/airflow/example_dags/tutorial.py
[2025-03-04T17:53:40.490+0000] {processor.py:925} INFO - DAG(s) 'tutorial' retrieved from /home/airflow/.local/lib/python3.12/site-packages/airflow/example_dags/tutorial.py
[2025-03-04T17:53:40.513+0000] {logging_mixin.py:190} INFO - [2025-03-04T17:53:40.512+0000] {dag.py:3239} INFO - Sync 1 DAGs
[2025-03-04T17:53:40.541+0000] {logging_mixin.py:190} INFO - [2025-03-04T17:53:40.541+0000] {dag.py:4180} INFO - Setting next_dagrun for tutorial to 2025-03-03 00:00:00+00:00, run_after=2025-03-04 00:00:00+00:00
[2025-03-04T17:53:40.565+0000] {processor.py:208} INFO - Processing /home/airflow/.local/lib/python3.12/site-packages/airflow/example_dags/tutorial.py took 0.095 seconds
[2025-03-04T17:54:10.708+0000] {processor.py:186} INFO - Started process (PID=1162) to work on /home/airflow/.local/lib/python3.12/site-packages/airflow/example_dags/tutorial.py
[2025-03-04T17:54:10.709+0000] {processor.py:914} INFO - Processing file /home/airflow/.local/lib/python3.12/site-packages/airflow/example_dags/tutorial.py for tasks to queue
[2025-03-04T17:54:10.711+0000] {logging_mixin.py:190} INFO - [2025-03-04T17:54:10.710+0000] {dagbag.py:588} INFO - Filling up the DagBag from /home/airflow/.local/lib/python3.12/site-packages/airflow/example_dags/tutorial.py
[2025-03-04T17:54:10.720+0000] {processor.py:925} INFO - DAG(s) 'tutorial' retrieved from /home/airflow/.local/lib/python3.12/site-packages/airflow/example_dags/tutorial.py
[2025-03-04T17:54:10.740+0000] {logging_mixin.py:190} INFO - [2025-03-04T17:54:10.740+0000] {dag.py:3239} INFO - Sync 1 DAGs
[2025-03-04T17:54:10.764+0000] {logging_mixin.py:190} INFO - [2025-03-04T17:54:10.764+0000] {dag.py:4180} INFO - Setting next_dagrun for tutorial to 2025-03-03 00:00:00+00:00, run_after=2025-03-04 00:00:00+00:00
[2025-03-04T17:54:10.786+0000] {processor.py:208} INFO - Processing /home/airflow/.local/lib/python3.12/site-packages/airflow/example_dags/tutorial.py took 0.085 seconds
[2025-03-04T17:54:41.295+0000] {processor.py:186} INFO - Started process (PID=1474) to work on /home/airflow/.local/lib/python3.12/site-packages/airflow/example_dags/tutorial.py
[2025-03-04T17:54:41.296+0000] {processor.py:914} INFO - Processing file /home/airflow/.local/lib/python3.12/site-packages/airflow/example_dags/tutorial.py for tasks to queue
[2025-03-04T17:54:41.297+0000] {logging_mixin.py:190} INFO - [2025-03-04T17:54:41.297+0000] {dagbag.py:588} INFO - Filling up the DagBag from /home/airflow/.local/lib/python3.12/site-packages/airflow/example_dags/tutorial.py
[2025-03-04T17:54:41.307+0000] {processor.py:925} INFO - DAG(s) 'tutorial' retrieved from /home/airflow/.local/lib/python3.12/site-packages/airflow/example_dags/tutorial.py
[2025-03-04T17:54:41.328+0000] {logging_mixin.py:190} INFO - [2025-03-04T17:54:41.328+0000] {dag.py:3239} INFO - Sync 1 DAGs
[2025-03-04T17:54:41.354+0000] {logging_mixin.py:190} INFO - [2025-03-04T17:54:41.354+0000] {dag.py:4180} INFO - Setting next_dagrun for tutorial to 2025-03-03 00:00:00+00:00, run_after=2025-03-04 00:00:00+00:00
[2025-03-04T17:54:41.380+0000] {processor.py:208} INFO - Processing /home/airflow/.local/lib/python3.12/site-packages/airflow/example_dags/tutorial.py took 0.092 seconds
[2025-03-04T17:56:37.746+0000] {processor.py:186} INFO - Started process (PID=237) to work on /home/airflow/.local/lib/python3.12/site-packages/airflow/example_dags/tutorial.py
[2025-03-04T17:56:37.747+0000] {processor.py:914} INFO - Processing file /home/airflow/.local/lib/python3.12/site-packages/airflow/example_dags/tutorial.py for tasks to queue
[2025-03-04T17:56:37.749+0000] {logging_mixin.py:190} INFO - [2025-03-04T17:56:37.749+0000] {dagbag.py:588} INFO - Filling up the DagBag from /home/airflow/.local/lib/python3.12/site-packages/airflow/example_dags/tutorial.py
[2025-03-04T17:56:37.761+0000] {processor.py:925} INFO - DAG(s) 'tutorial' retrieved from /home/airflow/.local/lib/python3.12/site-packages/airflow/example_dags/tutorial.py
[2025-03-04T17:56:37.788+0000] {logging_mixin.py:190} INFO - [2025-03-04T17:56:37.787+0000] {dag.py:3239} INFO - Sync 1 DAGs
[2025-03-04T17:56:37.813+0000] {logging_mixin.py:190} INFO - [2025-03-04T17:56:37.813+0000] {dag.py:4180} INFO - Setting next_dagrun for tutorial to 2025-03-03 00:00:00+00:00, run_after=2025-03-04 00:00:00+00:00
[2025-03-04T17:56:37.836+0000] {processor.py:208} INFO - Processing /home/airflow/.local/lib/python3.12/site-packages/airflow/example_dags/tutorial.py took 0.096 seconds
[2025-03-04T17:57:07.988+0000] {processor.py:186} INFO - Started process (PID=549) to work on /home/airflow/.local/lib/python3.12/site-packages/airflow/example_dags/tutorial.py
[2025-03-04T17:57:07.990+0000] {processor.py:914} INFO - Processing file /home/airflow/.local/lib/python3.12/site-packages/airflow/example_dags/tutorial.py for tasks to queue
[2025-03-04T17:57:07.993+0000] {logging_mixin.py:190} INFO - [2025-03-04T17:57:07.992+0000] {dagbag.py:588} INFO - Filling up the DagBag from /home/airflow/.local/lib/python3.12/site-packages/airflow/example_dags/tutorial.py
[2025-03-04T17:57:08.003+0000] {processor.py:925} INFO - DAG(s) 'tutorial' retrieved from /home/airflow/.local/lib/python3.12/site-packages/airflow/example_dags/tutorial.py
[2025-03-04T17:57:08.030+0000] {logging_mixin.py:190} INFO - [2025-03-04T17:57:08.030+0000] {dag.py:3239} INFO - Sync 1 DAGs
[2025-03-04T17:57:08.069+0000] {logging_mixin.py:190} INFO - [2025-03-04T17:57:08.069+0000] {dag.py:4180} INFO - Setting next_dagrun for tutorial to 2025-03-03 00:00:00+00:00, run_after=2025-03-04 00:00:00+00:00
[2025-03-04T17:57:08.091+0000] {processor.py:208} INFO - Processing /home/airflow/.local/lib/python3.12/site-packages/airflow/example_dags/tutorial.py took 0.110 seconds
[2025-03-04T17:57:39.142+0000] {processor.py:186} INFO - Started process (PID=876) to work on /home/airflow/.local/lib/python3.12/site-packages/airflow/example_dags/tutorial.py
[2025-03-04T17:57:39.143+0000] {processor.py:914} INFO - Processing file /home/airflow/.local/lib/python3.12/site-packages/airflow/example_dags/tutorial.py for tasks to queue
[2025-03-04T17:57:39.145+0000] {logging_mixin.py:190} INFO - [2025-03-04T17:57:39.145+0000] {dagbag.py:588} INFO - Filling up the DagBag from /home/airflow/.local/lib/python3.12/site-packages/airflow/example_dags/tutorial.py
[2025-03-04T17:57:39.154+0000] {processor.py:925} INFO - DAG(s) 'tutorial' retrieved from /home/airflow/.local/lib/python3.12/site-packages/airflow/example_dags/tutorial.py
[2025-03-04T17:57:39.183+0000] {logging_mixin.py:190} INFO - [2025-03-04T17:57:39.182+0000] {dag.py:3239} INFO - Sync 1 DAGs
[2025-03-04T17:57:39.215+0000] {logging_mixin.py:190} INFO - [2025-03-04T17:57:39.215+0000] {dag.py:4180} INFO - Setting next_dagrun for tutorial to 2025-03-03 00:00:00+00:00, run_after=2025-03-04 00:00:00+00:00
[2025-03-04T17:57:39.244+0000] {processor.py:208} INFO - Processing /home/airflow/.local/lib/python3.12/site-packages/airflow/example_dags/tutorial.py took 0.109 seconds
[2025-03-04T17:58:10.018+0000] {processor.py:186} INFO - Started process (PID=1184) to work on /home/airflow/.local/lib/python3.12/site-packages/airflow/example_dags/tutorial.py
[2025-03-04T17:58:10.020+0000] {processor.py:914} INFO - Processing file /home/airflow/.local/lib/python3.12/site-packages/airflow/example_dags/tutorial.py for tasks to queue
[2025-03-04T17:58:10.025+0000] {logging_mixin.py:190} INFO - [2025-03-04T17:58:10.024+0000] {dagbag.py:588} INFO - Filling up the DagBag from /home/airflow/.local/lib/python3.12/site-packages/airflow/example_dags/tutorial.py
[2025-03-04T17:58:10.035+0000] {processor.py:925} INFO - DAG(s) 'tutorial' retrieved from /home/airflow/.local/lib/python3.12/site-packages/airflow/example_dags/tutorial.py
[2025-03-04T17:58:10.060+0000] {logging_mixin.py:190} INFO - [2025-03-04T17:58:10.059+0000] {dag.py:3239} INFO - Sync 1 DAGs
[2025-03-04T17:58:10.087+0000] {logging_mixin.py:190} INFO - [2025-03-04T17:58:10.087+0000] {dag.py:4180} INFO - Setting next_dagrun for tutorial to 2025-03-03 00:00:00+00:00, run_after=2025-03-04 00:00:00+00:00
[2025-03-04T17:58:10.110+0000] {processor.py:208} INFO - Processing /home/airflow/.local/lib/python3.12/site-packages/airflow/example_dags/tutorial.py took 0.101 seconds
[2025-03-04T17:58:41.246+0000] {processor.py:186} INFO - Started process (PID=1490) to work on /home/airflow/.local/lib/python3.12/site-packages/airflow/example_dags/tutorial.py
[2025-03-04T17:58:41.247+0000] {processor.py:914} INFO - Processing file /home/airflow/.local/lib/python3.12/site-packages/airflow/example_dags/tutorial.py for tasks to queue
[2025-03-04T17:58:41.249+0000] {logging_mixin.py:190} INFO - [2025-03-04T17:58:41.249+0000] {dagbag.py:588} INFO - Filling up the DagBag from /home/airflow/.local/lib/python3.12/site-packages/airflow/example_dags/tutorial.py
[2025-03-04T17:58:41.259+0000] {processor.py:925} INFO - DAG(s) 'tutorial' retrieved from /home/airflow/.local/lib/python3.12/site-packages/airflow/example_dags/tutorial.py
[2025-03-04T17:58:41.286+0000] {logging_mixin.py:190} INFO - [2025-03-04T17:58:41.286+0000] {dag.py:3239} INFO - Sync 1 DAGs
[2025-03-04T17:58:41.322+0000] {logging_mixin.py:190} INFO - [2025-03-04T17:58:41.322+0000] {dag.py:4180} INFO - Setting next_dagrun for tutorial to 2025-03-03 00:00:00+00:00, run_after=2025-03-04 00:00:00+00:00
[2025-03-04T17:58:41.349+0000] {processor.py:208} INFO - Processing /home/airflow/.local/lib/python3.12/site-packages/airflow/example_dags/tutorial.py took 0.111 seconds
[2025-03-04T17:59:37.138+0000] {processor.py:186} INFO - Started process (PID=237) to work on /home/airflow/.local/lib/python3.12/site-packages/airflow/example_dags/tutorial.py
[2025-03-04T17:59:37.139+0000] {processor.py:914} INFO - Processing file /home/airflow/.local/lib/python3.12/site-packages/airflow/example_dags/tutorial.py for tasks to queue
[2025-03-04T17:59:37.141+0000] {logging_mixin.py:190} INFO - [2025-03-04T17:59:37.141+0000] {dagbag.py:588} INFO - Filling up the DagBag from /home/airflow/.local/lib/python3.12/site-packages/airflow/example_dags/tutorial.py
[2025-03-04T17:59:37.150+0000] {processor.py:925} INFO - DAG(s) 'tutorial' retrieved from /home/airflow/.local/lib/python3.12/site-packages/airflow/example_dags/tutorial.py
[2025-03-04T17:59:37.179+0000] {logging_mixin.py:190} INFO - [2025-03-04T17:59:37.178+0000] {dag.py:3239} INFO - Sync 1 DAGs
[2025-03-04T17:59:37.206+0000] {logging_mixin.py:190} INFO - [2025-03-04T17:59:37.205+0000] {dag.py:4180} INFO - Setting next_dagrun for tutorial to 2025-03-03 00:00:00+00:00, run_after=2025-03-04 00:00:00+00:00
[2025-03-04T17:59:37.240+0000] {processor.py:208} INFO - Processing /home/airflow/.local/lib/python3.12/site-packages/airflow/example_dags/tutorial.py took 0.108 seconds
[2025-03-04T18:00:07.479+0000] {processor.py:186} INFO - Started process (PID=543) to work on /home/airflow/.local/lib/python3.12/site-packages/airflow/example_dags/tutorial.py
[2025-03-04T18:00:07.480+0000] {processor.py:914} INFO - Processing file /home/airflow/.local/lib/python3.12/site-packages/airflow/example_dags/tutorial.py for tasks to queue
[2025-03-04T18:00:07.482+0000] {logging_mixin.py:190} INFO - [2025-03-04T18:00:07.482+0000] {dagbag.py:588} INFO - Filling up the DagBag from /home/airflow/.local/lib/python3.12/site-packages/airflow/example_dags/tutorial.py
[2025-03-04T18:00:07.491+0000] {processor.py:925} INFO - DAG(s) 'tutorial' retrieved from /home/airflow/.local/lib/python3.12/site-packages/airflow/example_dags/tutorial.py
[2025-03-04T18:00:07.514+0000] {logging_mixin.py:190} INFO - [2025-03-04T18:00:07.514+0000] {dag.py:3239} INFO - Sync 1 DAGs
[2025-03-04T18:00:07.541+0000] {logging_mixin.py:190} INFO - [2025-03-04T18:00:07.541+0000] {dag.py:4180} INFO - Setting next_dagrun for tutorial to 2025-03-03 00:00:00+00:00, run_after=2025-03-04 00:00:00+00:00
[2025-03-04T18:00:07.561+0000] {processor.py:208} INFO - Processing /home/airflow/.local/lib/python3.12/site-packages/airflow/example_dags/tutorial.py took 0.089 seconds
[2025-03-04T18:00:38.046+0000] {processor.py:186} INFO - Started process (PID=849) to work on /home/airflow/.local/lib/python3.12/site-packages/airflow/example_dags/tutorial.py
[2025-03-04T18:00:38.047+0000] {processor.py:914} INFO - Processing file /home/airflow/.local/lib/python3.12/site-packages/airflow/example_dags/tutorial.py for tasks to queue
[2025-03-04T18:00:38.049+0000] {logging_mixin.py:190} INFO - [2025-03-04T18:00:38.049+0000] {dagbag.py:588} INFO - Filling up the DagBag from /home/airflow/.local/lib/python3.12/site-packages/airflow/example_dags/tutorial.py
[2025-03-04T18:00:38.061+0000] {processor.py:925} INFO - DAG(s) 'tutorial' retrieved from /home/airflow/.local/lib/python3.12/site-packages/airflow/example_dags/tutorial.py
[2025-03-04T18:00:38.084+0000] {logging_mixin.py:190} INFO - [2025-03-04T18:00:38.084+0000] {dag.py:3239} INFO - Sync 1 DAGs
[2025-03-04T18:00:38.109+0000] {logging_mixin.py:190} INFO - [2025-03-04T18:00:38.109+0000] {dag.py:4180} INFO - Setting next_dagrun for tutorial to 2025-03-03 00:00:00+00:00, run_after=2025-03-04 00:00:00+00:00
[2025-03-04T18:00:38.141+0000] {processor.py:208} INFO - Processing /home/airflow/.local/lib/python3.12/site-packages/airflow/example_dags/tutorial.py took 0.102 seconds
[2025-03-04T18:01:08.504+0000] {processor.py:186} INFO - Started process (PID=1161) to work on /home/airflow/.local/lib/python3.12/site-packages/airflow/example_dags/tutorial.py
[2025-03-04T18:01:08.505+0000] {processor.py:914} INFO - Processing file /home/airflow/.local/lib/python3.12/site-packages/airflow/example_dags/tutorial.py for tasks to queue
[2025-03-04T18:01:08.508+0000] {logging_mixin.py:190} INFO - [2025-03-04T18:01:08.507+0000] {dagbag.py:588} INFO - Filling up the DagBag from /home/airflow/.local/lib/python3.12/site-packages/airflow/example_dags/tutorial.py
[2025-03-04T18:01:08.516+0000] {processor.py:925} INFO - DAG(s) 'tutorial' retrieved from /home/airflow/.local/lib/python3.12/site-packages/airflow/example_dags/tutorial.py
[2025-03-04T18:01:08.543+0000] {logging_mixin.py:190} INFO - [2025-03-04T18:01:08.543+0000] {dag.py:3239} INFO - Sync 1 DAGs
[2025-03-04T18:01:08.569+0000] {logging_mixin.py:190} INFO - [2025-03-04T18:01:08.568+0000] {dag.py:4180} INFO - Setting next_dagrun for tutorial to 2025-03-03 00:00:00+00:00, run_after=2025-03-04 00:00:00+00:00
[2025-03-04T18:01:08.591+0000] {processor.py:208} INFO - Processing /home/airflow/.local/lib/python3.12/site-packages/airflow/example_dags/tutorial.py took 0.102 seconds
[2025-03-04T18:01:39.340+0000] {processor.py:186} INFO - Started process (PID=1467) to work on /home/airflow/.local/lib/python3.12/site-packages/airflow/example_dags/tutorial.py
[2025-03-04T18:01:39.343+0000] {processor.py:914} INFO - Processing file /home/airflow/.local/lib/python3.12/site-packages/airflow/example_dags/tutorial.py for tasks to queue
[2025-03-04T18:01:39.347+0000] {logging_mixin.py:190} INFO - [2025-03-04T18:01:39.346+0000] {dagbag.py:588} INFO - Filling up the DagBag from /home/airflow/.local/lib/python3.12/site-packages/airflow/example_dags/tutorial.py
[2025-03-04T18:01:39.356+0000] {processor.py:925} INFO - DAG(s) 'tutorial' retrieved from /home/airflow/.local/lib/python3.12/site-packages/airflow/example_dags/tutorial.py
[2025-03-04T18:01:39.386+0000] {logging_mixin.py:190} INFO - [2025-03-04T18:01:39.386+0000] {dag.py:3239} INFO - Sync 1 DAGs
[2025-03-04T18:01:39.419+0000] {logging_mixin.py:190} INFO - [2025-03-04T18:01:39.419+0000] {dag.py:4180} INFO - Setting next_dagrun for tutorial to 2025-03-03 00:00:00+00:00, run_after=2025-03-04 00:00:00+00:00
[2025-03-04T18:01:39.441+0000] {processor.py:208} INFO - Processing /home/airflow/.local/lib/python3.12/site-packages/airflow/example_dags/tutorial.py took 0.117 seconds
[2025-03-04T18:02:09.885+0000] {processor.py:186} INFO - Started process (PID=1773) to work on /home/airflow/.local/lib/python3.12/site-packages/airflow/example_dags/tutorial.py
[2025-03-04T18:02:09.886+0000] {processor.py:914} INFO - Processing file /home/airflow/.local/lib/python3.12/site-packages/airflow/example_dags/tutorial.py for tasks to queue
[2025-03-04T18:02:09.888+0000] {logging_mixin.py:190} INFO - [2025-03-04T18:02:09.888+0000] {dagbag.py:588} INFO - Filling up the DagBag from /home/airflow/.local/lib/python3.12/site-packages/airflow/example_dags/tutorial.py
[2025-03-04T18:02:09.897+0000] {processor.py:925} INFO - DAG(s) 'tutorial' retrieved from /home/airflow/.local/lib/python3.12/site-packages/airflow/example_dags/tutorial.py
[2025-03-04T18:02:09.919+0000] {logging_mixin.py:190} INFO - [2025-03-04T18:02:09.919+0000] {dag.py:3239} INFO - Sync 1 DAGs
[2025-03-04T18:02:09.955+0000] {logging_mixin.py:190} INFO - [2025-03-04T18:02:09.955+0000] {dag.py:4180} INFO - Setting next_dagrun for tutorial to 2025-03-03 00:00:00+00:00, run_after=2025-03-04 00:00:00+00:00
[2025-03-04T18:02:09.981+0000] {processor.py:208} INFO - Processing /home/airflow/.local/lib/python3.12/site-packages/airflow/example_dags/tutorial.py took 0.103 seconds
[2025-03-04T18:02:40.426+0000] {processor.py:186} INFO - Started process (PID=2079) to work on /home/airflow/.local/lib/python3.12/site-packages/airflow/example_dags/tutorial.py
[2025-03-04T18:02:40.427+0000] {processor.py:914} INFO - Processing file /home/airflow/.local/lib/python3.12/site-packages/airflow/example_dags/tutorial.py for tasks to queue
[2025-03-04T18:02:40.430+0000] {logging_mixin.py:190} INFO - [2025-03-04T18:02:40.430+0000] {dagbag.py:588} INFO - Filling up the DagBag from /home/airflow/.local/lib/python3.12/site-packages/airflow/example_dags/tutorial.py
[2025-03-04T18:02:40.439+0000] {processor.py:925} INFO - DAG(s) 'tutorial' retrieved from /home/airflow/.local/lib/python3.12/site-packages/airflow/example_dags/tutorial.py
[2025-03-04T18:02:40.468+0000] {logging_mixin.py:190} INFO - [2025-03-04T18:02:40.468+0000] {dag.py:3239} INFO - Sync 1 DAGs
[2025-03-04T18:02:40.501+0000] {logging_mixin.py:190} INFO - [2025-03-04T18:02:40.500+0000] {dag.py:4180} INFO - Setting next_dagrun for tutorial to 2025-03-03 00:00:00+00:00, run_after=2025-03-04 00:00:00+00:00
[2025-03-04T18:02:40.527+0000] {processor.py:208} INFO - Processing /home/airflow/.local/lib/python3.12/site-packages/airflow/example_dags/tutorial.py took 0.107 seconds
[2025-03-04T18:03:10.629+0000] {processor.py:186} INFO - Started process (PID=2396) to work on /home/airflow/.local/lib/python3.12/site-packages/airflow/example_dags/tutorial.py
[2025-03-04T18:03:10.631+0000] {processor.py:914} INFO - Processing file /home/airflow/.local/lib/python3.12/site-packages/airflow/example_dags/tutorial.py for tasks to queue
[2025-03-04T18:03:10.633+0000] {logging_mixin.py:190} INFO - [2025-03-04T18:03:10.632+0000] {dagbag.py:588} INFO - Filling up the DagBag from /home/airflow/.local/lib/python3.12/site-packages/airflow/example_dags/tutorial.py
[2025-03-04T18:03:10.641+0000] {processor.py:925} INFO - DAG(s) 'tutorial' retrieved from /home/airflow/.local/lib/python3.12/site-packages/airflow/example_dags/tutorial.py
[2025-03-04T18:03:10.663+0000] {logging_mixin.py:190} INFO - [2025-03-04T18:03:10.662+0000] {dag.py:3239} INFO - Sync 1 DAGs
[2025-03-04T18:03:10.688+0000] {logging_mixin.py:190} INFO - [2025-03-04T18:03:10.688+0000] {dag.py:4180} INFO - Setting next_dagrun for tutorial to 2025-03-03 00:00:00+00:00, run_after=2025-03-04 00:00:00+00:00
[2025-03-04T18:03:10.714+0000] {processor.py:208} INFO - Processing /home/airflow/.local/lib/python3.12/site-packages/airflow/example_dags/tutorial.py took 0.091 seconds
[2025-03-04T18:03:40.896+0000] {processor.py:186} INFO - Started process (PID=2702) to work on /home/airflow/.local/lib/python3.12/site-packages/airflow/example_dags/tutorial.py
[2025-03-04T18:03:40.897+0000] {processor.py:914} INFO - Processing file /home/airflow/.local/lib/python3.12/site-packages/airflow/example_dags/tutorial.py for tasks to queue
[2025-03-04T18:03:40.901+0000] {logging_mixin.py:190} INFO - [2025-03-04T18:03:40.900+0000] {dagbag.py:588} INFO - Filling up the DagBag from /home/airflow/.local/lib/python3.12/site-packages/airflow/example_dags/tutorial.py
[2025-03-04T18:03:40.911+0000] {processor.py:925} INFO - DAG(s) 'tutorial' retrieved from /home/airflow/.local/lib/python3.12/site-packages/airflow/example_dags/tutorial.py
[2025-03-04T18:03:40.930+0000] {logging_mixin.py:190} INFO - [2025-03-04T18:03:40.930+0000] {dag.py:3239} INFO - Sync 1 DAGs
[2025-03-04T18:03:40.955+0000] {logging_mixin.py:190} INFO - [2025-03-04T18:03:40.955+0000] {dag.py:4180} INFO - Setting next_dagrun for tutorial to 2025-03-03 00:00:00+00:00, run_after=2025-03-04 00:00:00+00:00
[2025-03-04T18:03:40.981+0000] {processor.py:208} INFO - Processing /home/airflow/.local/lib/python3.12/site-packages/airflow/example_dags/tutorial.py took 0.091 seconds
[2025-03-04T18:04:11.991+0000] {processor.py:186} INFO - Started process (PID=3008) to work on /home/airflow/.local/lib/python3.12/site-packages/airflow/example_dags/tutorial.py
[2025-03-04T18:04:11.992+0000] {processor.py:914} INFO - Processing file /home/airflow/.local/lib/python3.12/site-packages/airflow/example_dags/tutorial.py for tasks to queue
[2025-03-04T18:04:11.994+0000] {logging_mixin.py:190} INFO - [2025-03-04T18:04:11.994+0000] {dagbag.py:588} INFO - Filling up the DagBag from /home/airflow/.local/lib/python3.12/site-packages/airflow/example_dags/tutorial.py
[2025-03-04T18:04:12.003+0000] {processor.py:925} INFO - DAG(s) 'tutorial' retrieved from /home/airflow/.local/lib/python3.12/site-packages/airflow/example_dags/tutorial.py
[2025-03-04T18:04:12.026+0000] {logging_mixin.py:190} INFO - [2025-03-04T18:04:12.026+0000] {dag.py:3239} INFO - Sync 1 DAGs
[2025-03-04T18:04:12.054+0000] {logging_mixin.py:190} INFO - [2025-03-04T18:04:12.054+0000] {dag.py:4180} INFO - Setting next_dagrun for tutorial to 2025-03-03 00:00:00+00:00, run_after=2025-03-04 00:00:00+00:00
[2025-03-04T18:04:12.079+0000] {processor.py:208} INFO - Processing /home/airflow/.local/lib/python3.12/site-packages/airflow/example_dags/tutorial.py took 0.095 seconds
[2025-03-04T18:04:42.760+0000] {processor.py:186} INFO - Started process (PID=3314) to work on /home/airflow/.local/lib/python3.12/site-packages/airflow/example_dags/tutorial.py
[2025-03-04T18:04:42.761+0000] {processor.py:914} INFO - Processing file /home/airflow/.local/lib/python3.12/site-packages/airflow/example_dags/tutorial.py for tasks to queue
[2025-03-04T18:04:42.763+0000] {logging_mixin.py:190} INFO - [2025-03-04T18:04:42.763+0000] {dagbag.py:588} INFO - Filling up the DagBag from /home/airflow/.local/lib/python3.12/site-packages/airflow/example_dags/tutorial.py
[2025-03-04T18:04:42.771+0000] {processor.py:925} INFO - DAG(s) 'tutorial' retrieved from /home/airflow/.local/lib/python3.12/site-packages/airflow/example_dags/tutorial.py
[2025-03-04T18:04:42.805+0000] {logging_mixin.py:190} INFO - [2025-03-04T18:04:42.805+0000] {dag.py:3239} INFO - Sync 1 DAGs
[2025-03-04T18:04:42.833+0000] {logging_mixin.py:190} INFO - [2025-03-04T18:04:42.832+0000] {dag.py:4180} INFO - Setting next_dagrun for tutorial to 2025-03-03 00:00:00+00:00, run_after=2025-03-04 00:00:00+00:00
[2025-03-04T18:04:42.854+0000] {processor.py:208} INFO - Processing /home/airflow/.local/lib/python3.12/site-packages/airflow/example_dags/tutorial.py took 0.101 seconds
[2025-03-04T18:05:13.703+0000] {processor.py:186} INFO - Started process (PID=3620) to work on /home/airflow/.local/lib/python3.12/site-packages/airflow/example_dags/tutorial.py
[2025-03-04T18:05:13.705+0000] {processor.py:914} INFO - Processing file /home/airflow/.local/lib/python3.12/site-packages/airflow/example_dags/tutorial.py for tasks to queue
[2025-03-04T18:05:13.708+0000] {logging_mixin.py:190} INFO - [2025-03-04T18:05:13.707+0000] {dagbag.py:588} INFO - Filling up the DagBag from /home/airflow/.local/lib/python3.12/site-packages/airflow/example_dags/tutorial.py
[2025-03-04T18:05:13.717+0000] {processor.py:925} INFO - DAG(s) 'tutorial' retrieved from /home/airflow/.local/lib/python3.12/site-packages/airflow/example_dags/tutorial.py
[2025-03-04T18:05:13.744+0000] {logging_mixin.py:190} INFO - [2025-03-04T18:05:13.744+0000] {dag.py:3239} INFO - Sync 1 DAGs
[2025-03-04T18:05:13.776+0000] {logging_mixin.py:190} INFO - [2025-03-04T18:05:13.776+0000] {dag.py:4180} INFO - Setting next_dagrun for tutorial to 2025-03-03 00:00:00+00:00, run_after=2025-03-04 00:00:00+00:00
[2025-03-04T18:05:13.799+0000] {processor.py:208} INFO - Processing /home/airflow/.local/lib/python3.12/site-packages/airflow/example_dags/tutorial.py took 0.102 seconds
