[2025-03-04T17:28:43.744+0000] {local_task_job_runner.py:123} INFO - ::group::Pre task execution logs
[2025-03-04T17:28:43.783+0000] {taskinstance.py:2614} INFO - Dependencies all met for dep_context=non-requeueable deps ti=<TaskInstance: example_bash_operator.also_run_this scheduled__2025-02-28T00:00:00+00:00 [queued]>
[2025-03-04T17:28:43.799+0000] {taskinstance.py:2614} INFO - Dependencies all met for dep_context=requeueable deps ti=<TaskInstance: example_bash_operator.also_run_this scheduled__2025-02-28T00:00:00+00:00 [queued]>
[2025-03-04T17:28:43.800+0000] {taskinstance.py:2867} INFO - Starting attempt 1 of 1
[2025-03-04T17:28:43.824+0000] {taskinstance.py:2890} INFO - Executing <Task(BashOperator): also_run_this> on 2025-02-28 00:00:00+00:00
[2025-03-04T17:28:43.847+0000] {logging_mixin.py:190} WARNING - /home/***/.local/lib/python3.12/site-packages/***/task/task_runner/standard_task_runner.py:70 DeprecationWarning: This process (pid=195) is multi-threaded, use of fork() may lead to deadlocks in the child.
[2025-03-04T17:28:43.850+0000] {standard_task_runner.py:72} INFO - Started process 287 to run task
[2025-03-04T17:28:43.852+0000] {standard_task_runner.py:104} INFO - Running: ['***', 'tasks', 'run', 'example_bash_operator', 'also_run_this', 'scheduled__2025-02-28T00:00:00+00:00', '--job-id', '194', '--raw', '--subdir', '/home/***/.local/lib/python3.12/site-packages/***/example_dags/example_bash_operator.py', '--cfg-path', '/tmp/tmpi65x6o8a']
[2025-03-04T17:28:43.861+0000] {standard_task_runner.py:105} INFO - Job 194: Subtask also_run_this
[2025-03-04T17:28:43.998+0000] {task_command.py:467} INFO - Running <TaskInstance: example_bash_operator.also_run_this scheduled__2025-02-28T00:00:00+00:00 [running]> on host 151d4861bf1b
[2025-03-04T17:28:44.217+0000] {taskinstance.py:3134} INFO - Exporting env vars: AIRFLOW_CTX_DAG_OWNER='***' AIRFLOW_CTX_DAG_ID='example_bash_operator' AIRFLOW_CTX_TASK_ID='also_run_this' AIRFLOW_CTX_EXECUTION_DATE='2025-02-28T00:00:00+00:00' AIRFLOW_CTX_TRY_NUMBER='1' AIRFLOW_CTX_DAG_RUN_ID='scheduled__2025-02-28T00:00:00+00:00'
[2025-03-04T17:28:44.219+0000] {logging_mixin.py:190} INFO - Task instance is in running state
[2025-03-04T17:28:44.220+0000] {logging_mixin.py:190} INFO -  Previous state of the Task instance: queued
[2025-03-04T17:28:44.221+0000] {logging_mixin.py:190} INFO - Current task name:also_run_this state:running start_date:2025-03-04 17:28:43.786224+00:00
[2025-03-04T17:28:44.221+0000] {logging_mixin.py:190} INFO - Dag name:example_bash_operator and current dag run status:running
[2025-03-04T17:28:44.222+0000] {taskinstance.py:732} INFO - ::endgroup::
[2025-03-04T17:28:44.224+0000] {subprocess.py:78} INFO - Tmp dir root location: /tmp
[2025-03-04T17:28:44.226+0000] {subprocess.py:88} INFO - Running command: ['/usr/bin/bash', '-c', 'echo "ti_key=example_bash_operator__also_run_this__20250228"']
[2025-03-04T17:28:44.254+0000] {subprocess.py:99} INFO - Output:
[2025-03-04T17:28:44.256+0000] {subprocess.py:106} INFO - ti_key=example_bash_operator__also_run_this__20250228
[2025-03-04T17:28:44.257+0000] {subprocess.py:110} INFO - Command exited with return code 0
[2025-03-04T17:28:44.303+0000] {taskinstance.py:341} INFO - ::group::Post task execution logs
[2025-03-04T17:28:44.304+0000] {taskinstance.py:353} INFO - Marking task as SUCCESS. dag_id=example_bash_operator, task_id=also_run_this, run_id=scheduled__2025-02-28T00:00:00+00:00, execution_date=20250228T000000, start_date=20250304T172843, end_date=20250304T172844
[2025-03-04T17:28:44.340+0000] {logging_mixin.py:190} INFO - Task instance in success state
[2025-03-04T17:28:44.341+0000] {logging_mixin.py:190} INFO -  Previous state of the Task instance: running
[2025-03-04T17:28:44.342+0000] {logging_mixin.py:190} INFO - Dag name:example_bash_operator queued_at:2025-03-04 17:28:40.831797+00:00
[2025-03-04T17:28:44.342+0000] {logging_mixin.py:190} INFO - Task hostname:151d4861bf1b operator:BashOperator
[2025-03-04T17:28:44.395+0000] {local_task_job_runner.py:266} INFO - Task exited with return code 0
[2025-03-04T17:28:44.447+0000] {taskinstance.py:3901} INFO - 0 downstream tasks scheduled from follow-on schedule check
[2025-03-04T17:28:44.454+0000] {local_task_job_runner.py:245} INFO - ::endgroup::
