[2025-02-21T15:40:25.960+0000] {local_task_job_runner.py:123} INFO - ::group::Pre task execution logs
[2025-02-21T15:40:25.987+0000] {taskinstance.py:2614} INFO - Dependencies all met for dep_context=non-requeueable deps ti=<TaskInstance: example_bash_operator.this_will_skip manual__2025-02-21T15:40:19+00:00 [queued]>
[2025-02-21T15:40:25.997+0000] {taskinstance.py:2614} INFO - Dependencies all met for dep_context=requeueable deps ti=<TaskInstance: example_bash_operator.this_will_skip manual__2025-02-21T15:40:19+00:00 [queued]>
[2025-02-21T15:40:25.998+0000] {taskinstance.py:2867} INFO - Starting attempt 1 of 1
[2025-02-21T15:40:26.020+0000] {taskinstance.py:2890} INFO - Executing <Task(BashOperator): this_will_skip> on 2025-02-21 15:40:19+00:00
[2025-02-21T15:40:26.036+0000] {standard_task_runner.py:104} INFO - Running: ['***', 'tasks', 'run', 'example_bash_operator', 'this_will_skip', 'manual__2025-02-21T15:40:19+00:00', '--job-id', '12', '--raw', '--subdir', '/home/***/.local/lib/python3.12/site-packages/***/example_dags/example_bash_operator.py', '--cfg-path', '/tmp/tmpa5_3s6_7']
[2025-02-21T15:40:26.039+0000] {standard_task_runner.py:105} INFO - Job 12: Subtask this_will_skip
[2025-02-21T15:40:26.043+0000] {logging_mixin.py:190} WARNING - /home/***/.local/lib/python3.12/site-packages/***/task/task_runner/standard_task_runner.py:70 DeprecationWarning: This process (pid=1389) is multi-threaded, use of fork() may lead to deadlocks in the child.
[2025-02-21T15:40:26.045+0000] {standard_task_runner.py:72} INFO - Started process 1411 to run task
[2025-02-21T15:40:26.102+0000] {task_command.py:467} INFO - Running <TaskInstance: example_bash_operator.this_will_skip manual__2025-02-21T15:40:19+00:00 [running]> on host 151d4861bf1b
[2025-02-21T15:40:26.207+0000] {taskinstance.py:3134} INFO - Exporting env vars: AIRFLOW_CTX_DAG_OWNER='***' AIRFLOW_CTX_DAG_ID='example_bash_operator' AIRFLOW_CTX_TASK_ID='this_will_skip' AIRFLOW_CTX_EXECUTION_DATE='2025-02-21T15:40:19+00:00' AIRFLOW_CTX_TRY_NUMBER='1' AIRFLOW_CTX_DAG_RUN_ID='manual__2025-02-21T15:40:19+00:00'
[2025-02-21T15:40:26.209+0000] {logging_mixin.py:190} INFO - Task instance is in running state
[2025-02-21T15:40:26.209+0000] {logging_mixin.py:190} INFO -  Previous state of the Task instance: queued
[2025-02-21T15:40:26.210+0000] {logging_mixin.py:190} INFO - Current task name:this_will_skip state:running start_date:2025-02-21 15:40:25.988368+00:00
[2025-02-21T15:40:26.210+0000] {logging_mixin.py:190} INFO - Dag name:example_bash_operator and current dag run status:running
[2025-02-21T15:40:26.210+0000] {taskinstance.py:732} INFO - ::endgroup::
[2025-02-21T15:40:26.211+0000] {subprocess.py:78} INFO - Tmp dir root location: /tmp
[2025-02-21T15:40:26.212+0000] {subprocess.py:88} INFO - Running command: ['/usr/bin/bash', '-c', 'echo "hello world"; exit 99;']
[2025-02-21T15:40:26.225+0000] {subprocess.py:99} INFO - Output:
[2025-02-21T15:40:26.226+0000] {subprocess.py:106} INFO - hello world
[2025-02-21T15:40:26.227+0000] {subprocess.py:110} INFO - Command exited with return code 99
[2025-02-21T15:40:26.229+0000] {taskinstance.py:302} INFO - Bash command returned exit code 99. Skipping.
[2025-02-21T15:40:26.268+0000] {taskinstance.py:341} INFO - ::group::Post task execution logs
[2025-02-21T15:40:26.268+0000] {taskinstance.py:353} INFO - Marking task as SKIPPED. dag_id=example_bash_operator, task_id=this_will_skip, run_id=manual__2025-02-21T15:40:19+00:00, execution_date=20250221T154019, start_date=20250221T154025, end_date=20250221T154026
[2025-02-21T15:40:26.341+0000] {local_task_job_runner.py:266} INFO - Task exited with return code 0
[2025-02-21T15:40:26.366+0000] {taskinstance.py:3901} INFO - 0 downstream tasks scheduled from follow-on schedule check
[2025-02-21T15:40:26.371+0000] {local_task_job_runner.py:245} INFO - ::endgroup::
