[2025-03-04T17:28:43.739+0000] {local_task_job_runner.py:123} INFO - ::group::Pre task execution logs
[2025-03-04T17:28:43.772+0000] {taskinstance.py:2614} INFO - Dependencies all met for dep_context=non-requeueable deps ti=<TaskInstance: etl_postgres_to_parquet.extract_task scheduled__2025-02-28T00:00:00+00:00 [queued]>
[2025-03-04T17:28:43.785+0000] {taskinstance.py:2614} INFO - Dependencies all met for dep_context=requeueable deps ti=<TaskInstance: etl_postgres_to_parquet.extract_task scheduled__2025-02-28T00:00:00+00:00 [queued]>
[2025-03-04T17:28:43.786+0000] {taskinstance.py:2867} INFO - Starting attempt 1 of 2
[2025-03-04T17:28:43.816+0000] {taskinstance.py:2890} INFO - Executing <Task(PythonOperator): extract_task> on 2025-02-28 00:00:00+00:00
[2025-03-04T17:28:43.829+0000] {standard_task_runner.py:104} INFO - Running: ['***', 'tasks', 'run', 'etl_postgres_to_parquet', 'extract_task', 'scheduled__2025-02-28T00:00:00+00:00', '--job-id', '191', '--raw', '--subdir', 'DAGS_FOLDER/etl_process_to_parquet.py', '--cfg-path', '/tmp/tmppsvzg_7g']
[2025-03-04T17:28:43.839+0000] {logging_mixin.py:190} WARNING - /home/***/.local/lib/python3.12/site-packages/***/task/task_runner/standard_task_runner.py:70 DeprecationWarning: This process (pid=192) is multi-threaded, use of fork() may lead to deadlocks in the child.
[2025-03-04T17:28:43.840+0000] {standard_task_runner.py:105} INFO - Job 191: Subtask extract_task
[2025-03-04T17:28:43.840+0000] {standard_task_runner.py:72} INFO - Started process 285 to run task
[2025-03-04T17:28:43.964+0000] {task_command.py:467} INFO - Running <TaskInstance: etl_postgres_to_parquet.extract_task scheduled__2025-02-28T00:00:00+00:00 [running]> on host 151d4861bf1b
[2025-03-04T17:28:44.216+0000] {taskinstance.py:3134} INFO - Exporting env vars: AIRFLOW_CTX_DAG_OWNER='***' AIRFLOW_CTX_DAG_ID='etl_postgres_to_parquet' AIRFLOW_CTX_TASK_ID='extract_task' AIRFLOW_CTX_EXECUTION_DATE='2025-02-28T00:00:00+00:00' AIRFLOW_CTX_TRY_NUMBER='1' AIRFLOW_CTX_DAG_RUN_ID='scheduled__2025-02-28T00:00:00+00:00'
[2025-03-04T17:28:44.218+0000] {logging_mixin.py:190} INFO - Task instance is in running state
[2025-03-04T17:28:44.221+0000] {logging_mixin.py:190} INFO -  Previous state of the Task instance: queued
[2025-03-04T17:28:44.221+0000] {logging_mixin.py:190} INFO - Current task name:extract_task state:running start_date:2025-03-04 17:28:43.772981+00:00
[2025-03-04T17:28:44.222+0000] {logging_mixin.py:190} INFO - Dag name:etl_postgres_to_parquet and current dag run status:running
[2025-03-04T17:28:44.223+0000] {taskinstance.py:732} INFO - ::endgroup::
[2025-03-04T17:28:44.224+0000] {logging_mixin.py:190} INFO - 🔍 Tentando se conectar ao PostgreSQL...
[2025-03-04T17:28:44.257+0000] {base.py:84} INFO - Retrieving connection '***_default'
[2025-03-04T17:28:44.415+0000] {logging_mixin.py:190} INFO - ✅ Conexão com o PostgreSQL estabelecida com sucesso!
[2025-03-04T17:28:44.432+0000] {logging_mixin.py:190} INFO - ✅ Teste de conexão bem-sucedido! PostgreSQL respondeu corretamente.
[2025-03-04T17:28:44.433+0000] {logging_mixin.py:190} INFO - 📦 Executando query para extrair os dados...
[2025-03-04T17:28:44.459+0000] {logging_mixin.py:190} WARNING - /opt/***/dags/etl_process_to_parquet.py:27 UserWarning: pandas only supports SQLAlchemy connectable (engine/connection) or database string URI or sqlite3 DBAPI2 connection. Other DBAPI2 objects are not tested. Please consider using SQLAlchemy.
[2025-03-04T17:28:44.483+0000] {logging_mixin.py:190} INFO - ✅ 8 registros extraídos da tabela `produtos`.
[2025-03-04T17:28:44.497+0000] {logging_mixin.py:190} INFO - 📁 Dados salvos para referência em /opt/***/dags/output/raw_data.csv
[2025-03-04T17:28:44.499+0000] {python.py:240} INFO - Done. Returned value was: {"id_produto":{"0":8,"1":1,"2":2,"3":3,"4":4,"5":5,"6":6,"7":7},"Categoria":{"0":"testec","1":"testeb","2":"TESTEa","3":"tested","4":"testee","5":"testef","6":"testedh","7":"testett"},"estoque_atual":{"0":44120,"1":85402,"2":71000,"3":66021,"4":22132,"5":12133,"6":55423,"7":11232},"fornecedor":{"0":"TechCorp","1":"TechCorp","2":"GadgetWorld","3":"AudioTech","4":"KeyForge","5":"PrintWorks","6":"VisionTech","7":"GripMaster"},"pais_origem":{"0":"Brasil","1":"Holanda","2":"Belgica","3":"Polonia","4":"Inglaterra","5":"Nigeria","6":"USA","7":"Uruguai"}}
[2025-03-04T17:28:44.527+0000] {taskinstance.py:341} INFO - ::group::Post task execution logs
[2025-03-04T17:28:44.528+0000] {taskinstance.py:353} INFO - Marking task as SUCCESS. dag_id=etl_***_to_parquet, task_id=extract_task, run_id=scheduled__2025-02-28T00:00:00+00:00, execution_date=20250228T000000, start_date=20250304T172843, end_date=20250304T172844
[2025-03-04T17:28:44.555+0000] {logging_mixin.py:190} INFO - Task instance in success state
[2025-03-04T17:28:44.555+0000] {logging_mixin.py:190} INFO -  Previous state of the Task instance: running
[2025-03-04T17:28:44.556+0000] {logging_mixin.py:190} INFO - Dag name:etl_***_to_parquet queued_at:2025-03-04 17:28:40.848643+00:00
[2025-03-04T17:28:44.556+0000] {logging_mixin.py:190} INFO - Task hostname:151d4861bf1b operator:PythonOperator
[2025-03-04T17:28:44.595+0000] {local_task_job_runner.py:266} INFO - Task exited with return code 0
[2025-03-04T17:28:44.625+0000] {taskinstance.py:3901} INFO - 1 downstream tasks scheduled from follow-on schedule check
[2025-03-04T17:28:44.628+0000] {local_task_job_runner.py:245} INFO - ::endgroup::
