[2025-03-04T17:28:43.743+0000] {local_task_job_runner.py:123} INFO - ::group::Pre task execution logs
[2025-03-04T17:28:43.778+0000] {taskinstance.py:2614} INFO - Dependencies all met for dep_context=non-requeueable deps ti=<TaskInstance: ha_etl_process.extract_task scheduled__2025-03-03T00:00:00+00:00 [queued]>
[2025-03-04T17:28:43.791+0000] {taskinstance.py:2614} INFO - Dependencies all met for dep_context=requeueable deps ti=<TaskInstance: ha_etl_process.extract_task scheduled__2025-03-03T00:00:00+00:00 [queued]>
[2025-03-04T17:28:43.792+0000] {taskinstance.py:2867} INFO - Starting attempt 1 of 2
[2025-03-04T17:28:43.818+0000] {taskinstance.py:2890} INFO - Executing <Task(PythonOperator): extract_task> on 2025-03-03 00:00:00+00:00
[2025-03-04T17:28:43.837+0000] {standard_task_runner.py:104} INFO - Running: ['***', 'tasks', 'run', 'ha_etl_process', 'extract_task', 'scheduled__2025-03-03T00:00:00+00:00', '--job-id', '192', '--raw', '--subdir', 'DAGS_FOLDER/ha_etl_process.py', '--cfg-path', '/tmp/tmpdjlfvu9t']
[2025-03-04T17:28:43.840+0000] {standard_task_runner.py:105} INFO - Job 192: Subtask extract_task
[2025-03-04T17:28:43.846+0000] {logging_mixin.py:190} WARNING - /home/***/.local/lib/python3.12/site-packages/***/task/task_runner/standard_task_runner.py:70 DeprecationWarning: This process (pid=202) is multi-threaded, use of fork() may lead to deadlocks in the child.
[2025-03-04T17:28:43.847+0000] {standard_task_runner.py:72} INFO - Started process 286 to run task
[2025-03-04T17:28:43.975+0000] {task_command.py:467} INFO - Running <TaskInstance: ha_etl_process.extract_task scheduled__2025-03-03T00:00:00+00:00 [running]> on host 151d4861bf1b
[2025-03-04T17:28:44.217+0000] {taskinstance.py:3134} INFO - Exporting env vars: AIRFLOW_CTX_DAG_OWNER='***' AIRFLOW_CTX_DAG_ID='ha_etl_process' AIRFLOW_CTX_TASK_ID='extract_task' AIRFLOW_CTX_EXECUTION_DATE='2025-03-03T00:00:00+00:00' AIRFLOW_CTX_TRY_NUMBER='1' AIRFLOW_CTX_DAG_RUN_ID='scheduled__2025-03-03T00:00:00+00:00'
[2025-03-04T17:28:44.221+0000] {logging_mixin.py:190} INFO - Task instance is in running state
[2025-03-04T17:28:44.222+0000] {logging_mixin.py:190} INFO -  Previous state of the Task instance: queued
[2025-03-04T17:28:44.224+0000] {logging_mixin.py:190} INFO - Current task name:extract_task state:running start_date:2025-03-04 17:28:43.778860+00:00
[2025-03-04T17:28:44.225+0000] {logging_mixin.py:190} INFO - Dag name:ha_etl_process and current dag run status:running
[2025-03-04T17:28:44.227+0000] {taskinstance.py:732} INFO - ::endgroup::
[2025-03-04T17:28:44.228+0000] {logging_mixin.py:190} INFO - 🔍 Tentando se conectar ao Home Assistant...
[2025-03-04T17:28:44.229+0000] {logging_mixin.py:190} INFO - 
Testing API connection...
[2025-03-04T17:28:44.254+0000] {logging_mixin.py:190} INFO - Request URL: http://192.168.1.110:8123/api/states
[2025-03-04T17:28:44.255+0000] {logging_mixin.py:190} INFO - Response Status Code: 200
[2025-03-04T17:28:44.256+0000] {logging_mixin.py:190} INFO - Response Headers: {'Content-Type': 'application/json', 'Referrer-Policy': 'no-referrer', 'X-Content-Type-Options': 'nosniff', 'Server': '', 'X-Frame-Options': 'SAMEORIGIN', 'Content-Length': '13118', 'Content-Encoding': 'deflate', 'Date': 'Tue, 04 Mar 2025 14:28:44 GMT'}
[2025-03-04T17:28:44.258+0000] {logging_mixin.py:190} INFO - Response Text: [{"entity_id":"person.home_vand","state":"unknown","attributes":{"editable":true,"id":"home_vand","device_trackers":[],"user_id":"44ab6f69b946413195c093b14b8cf4db","friendly_name":"home_vand"},"last_changed":"2025-02-28T22:09:03.968829+00:00","last_reported":"2025-02-28T22:09:20.221242+00:00","last_updated":"2025-02-28T22:09:20.221242+00:00","context":{"id":"01JN79PQTXF5C6Z7X57CPHM4AN","parent_id":null,"user_id":null}},{"entity_id":"update.home_assistant_supervisor_update","state":"off","attribu
[2025-03-04T17:28:44.262+0000] {logging_mixin.py:190} INFO - <unusual_prefix_8f7033247fce1c2ce5759715b0045e7a21193f9c_ha_etl_process.HomeAssistantAPI object at 0x7faf94a57e00>
[2025-03-04T17:28:44.276+0000] {logging_mixin.py:190} INFO - Request URL: http://192.168.1.110:8123/api/states
[2025-03-04T17:28:44.277+0000] {logging_mixin.py:190} INFO - Response Status Code: 200
[2025-03-04T17:28:44.278+0000] {logging_mixin.py:190} INFO - Response Headers: {'Content-Type': 'application/json', 'Referrer-Policy': 'no-referrer', 'X-Content-Type-Options': 'nosniff', 'Server': '', 'X-Frame-Options': 'SAMEORIGIN', 'Content-Length': '13118', 'Content-Encoding': 'deflate', 'Date': 'Tue, 04 Mar 2025 14:28:44 GMT'}
[2025-03-04T17:28:44.279+0000] {logging_mixin.py:190} INFO - Response Text: [{"entity_id":"person.home_vand","state":"unknown","attributes":{"editable":true,"id":"home_vand","device_trackers":[],"user_id":"44ab6f69b946413195c093b14b8cf4db","friendly_name":"home_vand"},"last_changed":"2025-02-28T22:09:03.968829+00:00","last_reported":"2025-02-28T22:09:20.221242+00:00","last_updated":"2025-02-28T22:09:20.221242+00:00","context":{"id":"01JN79PQTXF5C6Z7X57CPHM4AN","parent_id":null,"user_id":null}},{"entity_id":"update.home_assistant_supervisor_update","state":"off","attribu
[2025-03-04T17:28:44.282+0000] {logging_mixin.py:190} INFO - person.home_vand: unknown
[2025-03-04T17:28:44.283+0000] {logging_mixin.py:190} INFO - update.home_assistant_supervisor_update: off
[2025-03-04T17:28:44.284+0000] {logging_mixin.py:190} INFO - update.home_assistant_core_update: on
[2025-03-04T17:28:44.285+0000] {logging_mixin.py:190} INFO - update.mosquitto_broker_update: on
[2025-03-04T17:28:44.287+0000] {logging_mixin.py:190} INFO - update.file_editor_update: off
[2025-03-04T17:28:44.288+0000] {logging_mixin.py:190} INFO - update.jupyterlab_update: off
[2025-03-04T17:28:44.288+0000] {logging_mixin.py:190} INFO - update.home_assistant_operating_system_update: on
[2025-03-04T17:28:44.289+0000] {logging_mixin.py:190} INFO - zone.home: 0
[2025-03-04T17:28:44.290+0000] {logging_mixin.py:190} INFO - input_number.valor_kwh: 0.86
[2025-03-04T17:28:44.291+0000] {logging_mixin.py:190} INFO - input_number.tarifa_energia_consumida: 0.0
[2025-03-04T17:28:44.291+0000] {logging_mixin.py:190} INFO - input_number.tarifa_gas_consumido: 0.0
[2025-03-04T17:28:44.292+0000] {logging_mixin.py:190} INFO - sensor.consumo_integrado_chuveiro: 4.68
[2025-03-04T17:28:44.292+0000] {logging_mixin.py:190} INFO - sensor.consumo_integration_ar_condicionado: 0.45
[2025-03-04T17:28:44.293+0000] {logging_mixin.py:190} INFO - sensor.energy_spent_pc: 12.79
[2025-03-04T17:28:44.294+0000] {logging_mixin.py:190} INFO - sensor.energy_spent_gel: 9.94
[2025-03-04T17:28:44.294+0000] {logging_mixin.py:190} INFO - sensor.energy_spent_vent: 14.16
[2025-03-04T17:28:44.295+0000] {logging_mixin.py:190} INFO - sensor.moon_phases: Fase Lunar Desconhecida
[2025-03-04T17:28:44.295+0000] {logging_mixin.py:190} INFO - sensor.fa_consumo_diario: 1.9
[2025-03-04T17:28:44.296+0000] {logging_mixin.py:190} INFO - sensor.fa_consumo_semanal: 6.4
[2025-03-04T17:28:44.296+0000] {logging_mixin.py:190} INFO - sensor.fa_consumo_mensal: 10.5
[2025-03-04T17:28:44.297+0000] {logging_mixin.py:190} INFO - sensor.fa_consumo_ontem: 4.5
[2025-03-04T17:28:44.297+0000] {logging_mixin.py:190} INFO - sensor.fa_consumo_semana_passada: 28.1
[2025-03-04T17:28:44.298+0000] {logging_mixin.py:190} INFO - sensor.abc_custo_hoje: unavailable
[2025-03-04T17:28:44.298+0000] {logging_mixin.py:190} INFO - sensor.abc_custo_semanal: unavailable
[2025-03-04T17:28:44.299+0000] {logging_mixin.py:190} INFO - sensor.abc_custo_mensal: unavailable
[2025-03-04T17:28:44.300+0000] {logging_mixin.py:190} INFO - sensor.fa_custo_ontem: unknown
[2025-03-04T17:28:44.300+0000] {logging_mixin.py:190} INFO - sensor.fa_custo_semana_passada: unknown
[2025-03-04T17:28:44.301+0000] {logging_mixin.py:190} INFO - sensor.fa_custo_mes_passado: unknown
[2025-03-04T17:28:44.302+0000] {logging_mixin.py:190} INFO - sensor.fa_consumo_mes_passado: 100.2
[2025-03-04T17:28:44.302+0000] {logging_mixin.py:190} INFO - sensor.fb_consumo_diario: 1.1
[2025-03-04T17:28:44.303+0000] {logging_mixin.py:190} INFO - sensor.fb_consumo_semanal: 2.9
[2025-03-04T17:28:44.304+0000] {logging_mixin.py:190} INFO - sensor.fb_consumo_mensal: 5.1
[2025-03-04T17:28:44.305+0000] {logging_mixin.py:190} INFO - sensor.fb_consumo_ontem: 1.8
[2025-03-04T17:28:44.305+0000] {logging_mixin.py:190} INFO - sensor.fb_consumo_semana_passada: 13.3
[2025-03-04T17:28:44.306+0000] {logging_mixin.py:190} INFO - sensor.fb_consumo_mes_passado: 46.4
[2025-03-04T17:28:44.306+0000] {logging_mixin.py:190} INFO - sensor.fb_custo_hoje: unknown
[2025-03-04T17:28:44.307+0000] {logging_mixin.py:190} INFO - sensor.fb_custo_semanal: unknown
[2025-03-04T17:28:44.307+0000] {logging_mixin.py:190} INFO - sensor.fb_custo_mensal: unknown
[2025-03-04T17:28:44.308+0000] {logging_mixin.py:190} INFO - sensor.fb_custo_ontem: unknown
[2025-03-04T17:28:44.308+0000] {logging_mixin.py:190} INFO - sensor.fb_custo_semana_passada: unknown
[2025-03-04T17:28:44.309+0000] {logging_mixin.py:190} INFO - sensor.fb_custo_mes_passado: unknown
[2025-03-04T17:28:44.309+0000] {logging_mixin.py:190} INFO - sensor.fc_consumo_diario: 0.0
[2025-03-04T17:28:44.310+0000] {logging_mixin.py:190} INFO - sensor.fc_consumo_semanal: 0.0
[2025-03-04T17:28:44.311+0000] {logging_mixin.py:190} INFO - sensor.fc_consumo_mensal: 0.0
[2025-03-04T17:28:44.311+0000] {logging_mixin.py:190} INFO - sensor.fc_consumo_ontem: 0.0
[2025-03-04T17:28:44.312+0000] {logging_mixin.py:190} INFO - sensor.fc_consumo_semana_passada: 0.0
[2025-03-04T17:28:44.313+0000] {logging_mixin.py:190} INFO - sensor.fc_consumo_mes_passado: 0.0
[2025-03-04T17:28:44.313+0000] {logging_mixin.py:190} INFO - sensor.fc_custo_hoje: unknown
[2025-03-04T17:28:44.314+0000] {logging_mixin.py:190} INFO - sensor.fc_custo_semanal: unknown
[2025-03-04T17:28:44.314+0000] {logging_mixin.py:190} INFO - sensor.fc_custo_mensal: unknown
[2025-03-04T17:28:44.315+0000] {logging_mixin.py:190} INFO - sensor.fc_custo_ontem: unknown
[2025-03-04T17:28:44.315+0000] {logging_mixin.py:190} INFO - sensor.fc_custo_semana_passada: unknown
[2025-03-04T17:28:44.316+0000] {logging_mixin.py:190} INFO - sensor.fc_custo_mes_passado: unknown
[2025-03-04T17:28:44.317+0000] {logging_mixin.py:190} INFO - sensor.abc_custo_diario: unknown
[2025-03-04T17:28:44.317+0000] {logging_mixin.py:190} INFO - sensor.abc_custo_semanal_2: unknown
[2025-03-04T17:28:44.318+0000] {logging_mixin.py:190} INFO - sensor.abc_custo_mensal_2: unknown
[2025-03-04T17:28:44.318+0000] {logging_mixin.py:190} INFO - sensor.abc_custo_ontem: unknown
[2025-03-04T17:28:44.319+0000] {logging_mixin.py:190} INFO - sensor.abc_custo_semana_passada: unknown
[2025-03-04T17:28:44.319+0000] {logging_mixin.py:190} INFO - sensor.abc_custo_mes_passado: unknown
[2025-03-04T17:28:44.320+0000] {logging_mixin.py:190} INFO - sensor.abc_consumo_diario: 3.0
[2025-03-04T17:28:44.320+0000] {logging_mixin.py:190} INFO - sensor.abc_consumo_semanal: 9.3
[2025-03-04T17:28:44.321+0000] {logging_mixin.py:190} INFO - sensor.abc_consumo_mensal: 15.6
[2025-03-04T17:28:44.322+0000] {logging_mixin.py:190} INFO - sensor.abc_consumo_ontem: 6.3
[2025-03-04T17:28:44.322+0000] {logging_mixin.py:190} INFO - sensor.abc_consumo_semana_passada: 41.2
[2025-03-04T17:28:44.323+0000] {logging_mixin.py:190} INFO - sensor.abc_consumo_mes_passado: 146.4
[2025-03-04T17:28:44.323+0000] {logging_mixin.py:190} INFO - sensor.consumo_filter_chuveiro: 0
[2025-03-04T17:28:44.324+0000] {logging_mixin.py:190} INFO - sensor.consumo_filter_ar_condicionado: 0
[2025-03-04T17:28:44.325+0000] {logging_mixin.py:190} INFO - conversation.home_assistant: unknown
[2025-03-04T17:28:44.325+0000] {logging_mixin.py:190} INFO - sun.sun: above_horizon
[2025-03-04T17:28:44.326+0000] {logging_mixin.py:190} INFO - sensor.sun_next_dawn: 2025-03-05T08:57:18+00:00
[2025-03-04T17:28:44.326+0000] {logging_mixin.py:190} INFO - sensor.sun_next_dusk: 2025-03-04T22:11:10+00:00
[2025-03-04T17:28:44.327+0000] {logging_mixin.py:190} INFO - sensor.sun_next_midnight: 2025-03-05T03:33:58+00:00
[2025-03-04T17:28:44.328+0000] {logging_mixin.py:190} INFO - sensor.sun_next_noon: 2025-03-04T15:34:20+00:00
[2025-03-04T17:28:44.328+0000] {logging_mixin.py:190} INFO - sensor.sun_next_rising: 2025-03-05T09:20:27+00:00
[2025-03-04T17:28:44.329+0000] {logging_mixin.py:190} INFO - sensor.sun_next_setting: 2025-03-04T21:48:02+00:00
[2025-03-04T17:28:44.329+0000] {logging_mixin.py:190} INFO - tts.google_translate_en_com: unknown
[2025-03-04T17:28:44.330+0000] {logging_mixin.py:190} INFO - binary_sensor.rpi_power_status: off
[2025-03-04T17:28:44.330+0000] {logging_mixin.py:190} INFO - todo.shopping_list: 0
[2025-03-04T17:28:44.331+0000] {logging_mixin.py:190} INFO - sensor.consumo_pc_diario: 0.13
[2025-03-04T17:28:44.332+0000] {logging_mixin.py:190} INFO - sensor.consumo_daily_chuveiro: 0.93
[2025-03-04T17:28:44.332+0000] {logging_mixin.py:190} INFO - sensor.consumo_weekly_chuveiro: 1.35
[2025-03-04T17:28:44.333+0000] {logging_mixin.py:190} INFO - sensor.consumo_monthly_chuveiro: 3.24
[2025-03-04T17:28:44.334+0000] {logging_mixin.py:190} INFO - sensor.consumo_daily_ar: 0.02
[2025-03-04T17:28:44.334+0000] {logging_mixin.py:190} INFO - sensor.consumo_weekly_ar: 0.17
[2025-03-04T17:28:44.335+0000] {logging_mixin.py:190} INFO - sensor.consumo_monthly_ar: 0.23
[2025-03-04T17:28:44.335+0000] {logging_mixin.py:190} INFO - sensor.consumo_pc_semanal: 2.20
[2025-03-04T17:28:44.336+0000] {logging_mixin.py:190} INFO - sensor.consumo_pc_mensal: 5.85
[2025-03-04T17:28:44.336+0000] {logging_mixin.py:190} INFO - sensor.consumo_vent_diario: 1.42
[2025-03-04T17:28:44.337+0000] {logging_mixin.py:190} INFO - sensor.consumo_vent_semanal: 3.92
[2025-03-04T17:28:44.338+0000] {logging_mixin.py:190} INFO - sensor.consumo_vent_mensal: 8.15
[2025-03-04T17:28:44.338+0000] {logging_mixin.py:190} INFO - sensor.consumo_gel_diario: 0.51
[2025-03-04T17:28:44.339+0000] {logging_mixin.py:190} INFO - sensor.consumo_gel_semanal: 2.04
[2025-03-04T17:28:44.339+0000] {logging_mixin.py:190} INFO - sensor.consumo_gel_mensal: 5.56
[2025-03-04T17:28:44.340+0000] {logging_mixin.py:190} INFO - sensor.fa_consumo_hoje_default: 1.9
[2025-03-04T17:28:44.340+0000] {logging_mixin.py:190} INFO - sensor.fa_consumo_semana_default: 6.4
[2025-03-04T17:28:44.341+0000] {logging_mixin.py:190} INFO - sensor.fa_consumo_mes_default: 10.5
[2025-03-04T17:28:44.342+0000] {logging_mixin.py:190} INFO - sensor.fb_consumo_hoje_default: 1.1
[2025-03-04T17:28:44.342+0000] {logging_mixin.py:190} INFO - sensor.fb_consumo_semana_default: 2.9
[2025-03-04T17:28:44.343+0000] {logging_mixin.py:190} INFO - sensor.fb_consumo_mes_default: 5.1
[2025-03-04T17:28:44.343+0000] {logging_mixin.py:190} INFO - sensor.fc_consumo_hoje_default: 0
[2025-03-04T17:28:44.344+0000] {logging_mixin.py:190} INFO - sensor.fc_consumo_semana_default: 0
[2025-03-04T17:28:44.344+0000] {logging_mixin.py:190} INFO - sensor.fc_consumo_mes_default: 0
[2025-03-04T17:28:44.345+0000] {logging_mixin.py:190} INFO - sensor.abc_consumo_hoje_default: 3.0
[2025-03-04T17:28:44.346+0000] {logging_mixin.py:190} INFO - sensor.abc_consumo_semana_default: 9.3
[2025-03-04T17:28:44.347+0000] {logging_mixin.py:190} INFO - sensor.abc_consumo_mes_default: 15.6
[2025-03-04T17:28:44.348+0000] {logging_mixin.py:190} INFO - select.fa_consumo_hoje: default
[2025-03-04T17:28:44.349+0000] {logging_mixin.py:190} INFO - select.fa_consumo_semana: default
[2025-03-04T17:28:44.349+0000] {logging_mixin.py:190} INFO - select.fa_consumo_mes: default
[2025-03-04T17:28:44.350+0000] {logging_mixin.py:190} INFO - select.fb_consumo_hoje: default
[2025-03-04T17:28:44.350+0000] {logging_mixin.py:190} INFO - select.fb_consumo_semana: default
[2025-03-04T17:28:44.351+0000] {logging_mixin.py:190} INFO - select.fb_consumo_mes: default
[2025-03-04T17:28:44.352+0000] {logging_mixin.py:190} INFO - select.fc_consumo_hoje: default
[2025-03-04T17:28:44.352+0000] {logging_mixin.py:190} INFO - select.fc_consumo_semana: default
[2025-03-04T17:28:44.353+0000] {logging_mixin.py:190} INFO - select.fc_consumo_mes: default
[2025-03-04T17:28:44.354+0000] {logging_mixin.py:190} INFO - select.abc_consumo_hoje: default
[2025-03-04T17:28:44.354+0000] {logging_mixin.py:190} INFO - select.abc_consumo_semana: default
[2025-03-04T17:28:44.355+0000] {logging_mixin.py:190} INFO - select.abc_consumo_mes: default
[2025-03-04T17:28:44.356+0000] {logging_mixin.py:190} INFO - sensor.medidor_cornelio_status: "on"
[2025-03-04T17:28:44.357+0000] {logging_mixin.py:190} INFO - sensor.medidor_cornelio_uptime: 4
[2025-03-04T17:28:44.357+0000] {logging_mixin.py:190} INFO - sensor.medidor_cornelio_sinal_wifi: -58
[2025-03-04T17:28:44.358+0000] {logging_mixin.py:190} INFO - sensor.medidor_cornelio_temperatura: -328
[2025-03-04T17:28:44.358+0000] {logging_mixin.py:190} INFO - sensor.medidor_cornelio_frequencia: 60
[2025-03-04T17:28:44.359+0000] {logging_mixin.py:190} INFO - sensor.fa_tensao: 123
[2025-03-04T17:28:44.360+0000] {logging_mixin.py:190} INFO - sensor.fa_corrente: 2.2
[2025-03-04T17:28:44.362+0000] {logging_mixin.py:190} INFO - sensor.fa_potencia_ativa: 259
[2025-03-04T17:28:44.364+0000] {logging_mixin.py:190} INFO - sensor.fa_potencia_aparente: 268
[2025-03-04T17:28:44.365+0000] {logging_mixin.py:190} INFO - sensor.fa_potencia_reativa: -70
[2025-03-04T17:28:44.366+0000] {logging_mixin.py:190} INFO - sensor.fa_fator_potencia: -0.97
[2025-03-04T17:28:44.367+0000] {logging_mixin.py:190} INFO - sensor.fa_kwh_total: 0.3
[2025-03-04T17:28:44.368+0000] {logging_mixin.py:190} INFO - sensor.fa_consumo_ativo_total: 1152.3
[2025-03-04T17:28:44.369+0000] {logging_mixin.py:190} INFO - sensor.fa_consumo_reativo_total: -175.5
[2025-03-04T17:28:44.369+0000] {logging_mixin.py:190} INFO - sensor.fb_tensao: 125
[2025-03-04T17:28:44.370+0000] {logging_mixin.py:190} INFO - sensor.fb_corrente: 0.0
[2025-03-04T17:28:44.370+0000] {logging_mixin.py:190} INFO - sensor.fb_potencia_ativa: 3
[2025-03-04T17:28:44.371+0000] {logging_mixin.py:190} INFO - sensor.fb_potencia_aparente: 3
[2025-03-04T17:28:44.371+0000] {logging_mixin.py:190} INFO - sensor.fb_potencia_reativa: 1
[2025-03-04T17:28:44.372+0000] {logging_mixin.py:190} INFO - sensor.fb_fator_potencia: 1.0
[2025-03-04T17:28:44.373+0000] {logging_mixin.py:190} INFO - sensor.fb_kwh_total: 0.0
[2025-03-04T17:28:44.373+0000] {logging_mixin.py:190} INFO - sensor.fb_consumo_ativo_total: 2310.2
[2025-03-04T17:28:44.374+0000] {logging_mixin.py:190} INFO - sensor.fb_consumo_reativo_total: 2341.2
[2025-03-04T17:28:44.374+0000] {logging_mixin.py:190} INFO - sensor.fc_tensao: 0
[2025-03-04T17:28:44.375+0000] {logging_mixin.py:190} INFO - sensor.fc_corrente: 0.0
[2025-03-04T17:28:44.375+0000] {logging_mixin.py:190} INFO - sensor.fc_potencia_ativa: 0
[2025-03-04T17:28:44.375+0000] {logging_mixin.py:190} INFO - sensor.fc_potencia_aparente: 0
[2025-03-04T17:28:44.376+0000] {logging_mixin.py:190} INFO - sensor.fc_potencia_reativa: 0
[2025-03-04T17:28:44.376+0000] {logging_mixin.py:190} INFO - sensor.fc_fator_potencia: 1.0
[2025-03-04T17:28:44.377+0000] {logging_mixin.py:190} INFO - sensor.fc_kwh_total: 0.0
[2025-03-04T17:28:44.378+0000] {logging_mixin.py:190} INFO - sensor.fc_consumo_ativo_total: 0.0
[2025-03-04T17:28:44.378+0000] {logging_mixin.py:190} INFO - sensor.fc_consumo_reativo_total: 0.0
[2025-03-04T17:28:44.379+0000] {logging_mixin.py:190} INFO - sensor.abc_tensao: 213
[2025-03-04T17:28:44.379+0000] {logging_mixin.py:190} INFO - sensor.abc_corrente: 2.3
[2025-03-04T17:28:44.380+0000] {logging_mixin.py:190} INFO - sensor.abc_potencia_ativa: 262
[2025-03-04T17:28:44.380+0000] {logging_mixin.py:190} INFO - sensor.abc_potencia_aparente: 270
[2025-03-04T17:28:44.381+0000] {logging_mixin.py:190} INFO - sensor.abc_potencia_reativa: -69
[2025-03-04T17:28:44.381+0000] {logging_mixin.py:190} INFO - sensor.abc_fator_potencia: -0.97
[2025-03-04T17:28:44.382+0000] {logging_mixin.py:190} INFO - sensor.abc_kwh_total: 0.3
[2025-03-04T17:28:44.382+0000] {logging_mixin.py:190} INFO - sensor.abc_consumo_ativo_total: 3462.5
[2025-03-04T17:28:44.383+0000] {logging_mixin.py:190} INFO - sensor.abc_consumo_reativo_total: 2165.7
[2025-03-04T17:28:44.383+0000] {logging_mixin.py:190} INFO - weather.forecast_home: sunny
[2025-03-04T17:28:44.384+0000] {logging_mixin.py:190} INFO - light.smart_bulb: unavailable
[2025-03-04T17:28:44.384+0000] {logging_mixin.py:190} INFO - select.smart_plug_10a_power_on_behavior: unavailable
[2025-03-04T17:28:44.385+0000] {logging_mixin.py:190} INFO - select.smart_plug_10a_indicator_light_mode: unavailable
[2025-03-04T17:28:44.388+0000] {logging_mixin.py:190} INFO - sensor.tomada_cozinha_current: 1.01
[2025-03-04T17:28:44.389+0000] {logging_mixin.py:190} INFO - sensor.tomada_cozinha_power: 128.1
[2025-03-04T17:28:44.390+0000] {logging_mixin.py:190} INFO - sensor.tomada_cozinha_voltage: 123.8
[2025-03-04T17:28:44.390+0000] {logging_mixin.py:190} INFO - sensor.tomada_pc_current: 1.674
[2025-03-04T17:28:44.391+0000] {logging_mixin.py:190} INFO - sensor.tomada_pc_power: 179.8
[2025-03-04T17:28:44.391+0000] {logging_mixin.py:190} INFO - sensor.tomada_pc_voltage: 122.5
[2025-03-04T17:28:44.392+0000] {logging_mixin.py:190} INFO - sensor.tomada_geladeira_current: 0.0
[2025-03-04T17:28:44.392+0000] {logging_mixin.py:190} INFO - sensor.tomada_geladeira_power: 0.0
[2025-03-04T17:28:44.393+0000] {logging_mixin.py:190} INFO - sensor.tomada_geladeira_voltage: 124.8
[2025-03-04T17:28:44.394+0000] {logging_mixin.py:190} INFO - switch.tomada_cozinha_socket_1: on
[2025-03-04T17:28:44.394+0000] {logging_mixin.py:190} INFO - switch.tomada_pc_socket_1: on
[2025-03-04T17:28:44.395+0000] {logging_mixin.py:190} INFO - switch.tomada_geladeira_socket_1: on
[2025-03-04T17:28:44.395+0000] {logging_mixin.py:190} INFO - switch.smart_plug_10a_child_lock: unavailable
[2025-03-04T17:28:44.396+0000] {logging_mixin.py:190} INFO - switch.smart_plug_10a_socket_1: unavailable
[2025-03-04T17:28:44.397+0000] {logging_mixin.py:190} INFO - 📦 Extraindo histórico da entidade sensor.abc_consumo_ativo_total...
[2025-03-04T17:28:45.003+0000] {logging_mixin.py:190} INFO - None
[2025-03-04T17:28:45.061+0000] {logging_mixin.py:190} INFO -                          last_changed   state
0    2025-01-17 07:19:04.952900+00:00  3257.6
1    2025-01-17 09:39:45.375743+00:00  3257.7
2    2025-01-17 10:38:05.550601+00:00  3257.8
3    2025-01-17 12:58:30.961625+00:00  3257.9
4    2025-01-17 15:19:11.370100+00:00  3258.0
...                               ...     ...
2208 2025-03-04 13:38:20.950504+00:00  3462.1
2209 2025-03-04 13:40:15.964083+00:00  3462.2
2210 2025-03-04 13:42:15.962949+00:00  3462.3
2211 2025-03-04 13:44:15.967271+00:00  3462.4
2212 2025-03-04 14:21:25.071891+00:00  3462.5

[2213 rows x 2 columns]
[2025-03-04T17:28:45.063+0000] {logging_mixin.py:190} INFO - ✅ 2083 registros extraídos.
[2025-03-04T17:28:45.096+0000] {logging_mixin.py:190} INFO - 📁 Dados salvos em /tmp/raw_data_2.csv
[2025-03-04T17:28:45.127+0000] {python.py:240} INFO - Done. Returned value was: {"last_changed":{"0":1737098344952,"1":1737106785375,"2":1737110285550,"3":1737118710961,"4":1737127151370,"5":1737134406730,"6":1737139071956,"7":1737147597374,"8":1737156112793,"9":1737159562959,"10":1737167953378,"11":1737176483787,"12":1737185214219,"13":1737188644379,"14":1737197254805,"15":1737205915224,"16":1737214655650,"17":1737218785857,"18":1737226716238,"19":1737235236652,"20":1737243732074,"21":1737247127242,"22":1737255532651,"23":1737264073070,"24":1737267573243,"25":1737275928647,"26":1737284454066,"27":1737293089489,"28":1737296484660,"29":1737304925074,"30":1737313385490,"31":1737316890662,"32":1737325186064,"33":1737333701487,"34":1737337121649,"35":1737345427061,"36":1737353382451,"37":1737357337643,"38":1737365733055,"39":1737374278475,"40":1737377638641,"41":1737386039059,"42":1737394534471,"43":1737397879639,"44":1737406155045,"45":1737409585213,"46":1737417715615,"47":1737421345795,"48":1737429446194,"49":1737437476588,"50":1737441156770,"51":1737449552181,"52":1737453092357,"53":1737461447765,"54":1737469813191,"55":1737473178348,"56":1737481323750,"57":1737484883924,"58":1737492944326,"59":1737501264730,"60":1737504569892,"61":1737512830307,"62":1737516270467,"63":1737524555883,"64":1737529886142,"65":1737536421463,"66":1737544876880,"67":1737548472059,"68":1737556722460,"69":1737565037874,"70":1737568443033,"71":1737576568444,"72":1737580118618,"73":1737588209019,"74":1737592999253,"75":1737599859589,"76":1737608215002,"77":1737611710178,"78":1737620025592,"79":1737628571007,"80":1737631946171,"81":1737640336585,"82":1737648812000,"83":1737652142166,"84":1737660352568,"85":1737663797741,"86":1737671918140,"87":1737675558320,"88":1737683623718,"89":1737692019131,"90":1737695364295,"91":1737703739710,"92":1737708904960,"93":1737715700295,"94":1737724150711,"95":1737732741135,"96":1737736111301,"97":1737744541714,"98":1737748116885,"99":1737756267304,"100":1737764537713,"101":1737767932882,"102":1737776148290,"103":1737779703467,"104":1737787883877,"105":1737793439139,"106":1737799714450,"107":1737808134874,"108":1737811650038,"109":1737819850441,"110":1737828220857,"111":1737831551021,"112":1737839766426,"113":1737843171597,"114":1737851377003,"115":1737854727166,"116":1737862927572,"117":1737866457745,"118":1737874658151,"119":1737878218327,"120":1737886478732,"121":1737894979152,"122":1737898469321,"123":1737906779733,"124":1737915185147,"125":1737918470312,"126":1737926765721,"127":1737930205889,"128":1737938451298,"129":1737941851466,"130":1737950051871,"131":1737953482041,"132":1737961682445,"133":1737965257625,"134":1737973473027,"135":1737981563427,"136":1737985248623,"137":1737993604019,"138":1737997114193,"139":1738005289595,"140":1738008819770,"141":1738016960185,"142":1738024540544,"143":1738028765757,"144":1738037116187,"145":1738040506334,"146":1738048851745,"147":1738053666990,"148":1738060842336,"149":1738069362761,"150":1738072917933,"151":1738078068183,"152":1738080303093,"153":1738081662082,"154":1738082588128,"155":1738083515174,"156":1738084445223,"157":1738085491274,"158":1738087241351,"159":1738090320026,"160":1738091326072,"161":1738092335120,"162":1738093675117,"163":1738095743212,"164":1738098163331,"165":1738099852412,"166":1738101628497,"167":1738103401583,"168":1738105962706,"169":1738109125857,"170":1738110876944,"171":1738111764827,"172":1738111769825,"173":1738111839828,"174":1738111909832,"175":1738111979835,"176":1738113220890,"177":1738114350948,"178":1738115275001,"179":1738116323045,"180":1738117503102,"181":1738118581157,"182":1738119653202,"183":1738120806264,"184":1738122036332,"185":1738124659444,"186":1738127445579,"187":1738129155660,"188":1738130928746,"189":1738132732831,"190":1738134916934,"191":1738138128098,"192":1738139938176,"193":1738141525256,"194":1738143147327,"195":1738145136422,"196":1738147998560,"197":1738150264676,"198":1738151824744,"199":1738153434821,"200":1738155371916,"201":1738157767031,"202":1738157842032,"203":1738157912038,"204":1738157987042,"205":1738158057045,"206":1738158132047,"207":1738158202048,"208":1738158287052,"209":1738158347056,"210":1738160457156,"211":1738161387205,"212":1738162246284,"213":1738163131285,"214":1738164242338,"215":1738166425444,"216":1738168649723,"217":1738168814566,"218":1738169299583,"219":1738171058668,"220":1738172705751,"221":1738174300827,"222":1738176035910,"223":1738177705987,"224":1738178868043,"225":1738180020098,"226":1738180175129,"227":1738181170152,"228":1738182305231,"229":1738182345214,"230":1738183495267,"231":1738184651329,"232":1738184661325,"233":1738184921334,"234":1738185306383,"235":1738185846378,"236":1738187044444,"237":1738188254493,"238":1738189768569,"239":1738189923579,"240":1738192409699,"241":1738194404795,"242":1738196120873,"243":1738197901961,"244":1738198246975,"245":1738198361982,"246":1738198572989,"247":1738199990061,"248":1738201087115,"249":1738202145707,"250":1738203135756,"251":1738204311814,"252":1738205818887,"253":1738208217002,"254":1738210848128,"255":1738212384203,"256":1738213976281,"257":1738215618355,"258":1738217289438,"259":1738219905565,"260":1738222433682,"261":1738223968758,"262":1738225587835,"263":1738227263915,"264":1738229890038,"265":1738232654173,"266":1738234184245,"267":1738235805322,"268":1738237460405,"269":1738240130534,"270":1738242977666,"271":1738244601741,"272":1738246202820,"273":1738247147864,"274":1738247262877,"275":1738247377877,"276":1738247487880,"277":1738247602886,"278":1738247717891,"279":1738248498935,"280":1738249496572,"281":1738250491595,"282":1738252068667,"283":1738252733700,"284":1738253488778,"285":1738253683749,"286":1738253793764,"287":1738254649828,"288":1738254889803,"289":1738254979816,"290":1738256005857,"291":1738257151910,"292":1738257732943,"293":1738258343118,"294":1738258548069,"295":1738258948003,"296":1738259453100,"297":1738259723091,"298":1738259733035,"299":1738260393087,"300":1738260658100,"301":1738261443118,"302":1738263081197,"303":1738264176250,"304":1738264871280,"305":1738265656316,"306":1738266401356,"307":1738267251402,"308":1738268331453,"309":1738269451507,"310":1738270561556,"311":1738271696611,"312":1738273066674,"313":1738274661754,"314":1738276686850,"315":1738277606894,"316":1738277721902,"317":1738277836908,"318":1738277946915,"319":1738278796955,"320":1738280437033,"321":1738282032111,"322":1738283527184,"323":1738285757281,"324":1738287477366,"325":1738288537416,"326":1738289483464,"327":1738290443509,"328":1738291993584,"329":1738294835721,"330":1738296813818,"331":1738298338890,"332":1738301142027,"333":1738303274130,"334":1738304789203,"335":1738307505332,"336":1738309646435,"337":1738311292122,"338":1738314134649,"339":1738316123744,"340":1738318714739,"341":1738318839748,"342":1738318964751,"343":1738319089757,"344":1738319214766,"345":1738321278860,"346":1738322188906,"347":1738323064950,"348":1738323944992,"349":1738324880043,"350":1738326465119,"351":1738328128198,"352":1738329755274,"353":1738331455355,"354":1738333221444,"355":1738334867516,"356":1738336559596,"357":1738338484694,"358":1738340145790,"359":1738341400835,"360":1738342945909,"361":1738344686991,"362":1738346447071,"363":1738348143152,"364":1738350688273,"365":1738353293394,"366":1738354893473,"367":1738356583552,"368":1738358253635,"369":1738360889755,"370":1738362454827,"371":1738364364925,"372":1738365889997,"373":1738367201060,"374":1738368804136,"375":1738371627270,"376":1738374307399,"377":1738375883470,"378":1738377513550,"379":1738379689649,"380":1738382526788,"381":1738384683910,"382":1738386294966,"383":1738387985046,"384":1738390902184,"385":1738393887327,"386":1738395642413,"387":1738397467507,"388":1738400552645,"389":1738403564784,"390":1738405289866,"391":1738407125960,"392":1738409048048,"393":1738409118052,"394":1738409193053,"395":1738409268058,"396":1738409338062,"397":1738409413068,"398":1738409483071,"399":1738409553069,"400":1738409628075,"401":1738409703717,"402":1738409773082,"403":1738409848091,"404":1738409918087,"405":1738409993087,"406":1738410063094,"407":1738410138104,"408":1738411148145,"409":1738414152290,"410":1738422929710,"411":1738426475879,"412":1738435017285,"413":1738443470684,"414":1738447066857,"415":1738455380255,"416":1738463758656,"417":1738467293824,"418":1738475581256,"419":1738484235625,"420":1738487765805,"421":1738496348209,"422":1738505063620,"423":1738513800039,"424":1738517259205,"425":1738525768613,"426":1738534374024,"427":1738537824185,"428":1738546123588,"429":1738547935241,"430":1738548645256,"431":1738550252332,"432":1738552155425,"433":1738554961553,"434":1738557396674,"435":1738558987748,"436":1738560597829,"437":1738562248910,"438":1738564839033,"439":1738567431153,"440":1738568985228,"441":1738570580304,"442":1738572204383,"443":1738574414483,"444":1738577228616,"445":1738579125709,"446":1738580735788,"447":1738582370867,"448":1738584902985,"449":1738587714122,"450":1738588609166,"451":1738588679169,"452":1738588749168,"453":1738588819174,"454":1738590389243,"455":1738592030324,"456":1738593676404,"457":1738595842504,"458":1738598654642,"459":1738600564731,"460":1738602170808,"461":1738603806884,"462":1738605694977,"463":1738608505111,"464":1738610807217,"465":1738612397297,"466":1738614012374,"467":1738615642453,"468":1738617272527,"469":1738619682642,"470":1738622524780,"471":1738624405869,"472":1738626005947,"473":1738627633020,"474":1738630204145,"475":1738633025275,"476":1738634871366,"477":1738636471447,"478":1738638095523,"479":1738640561634,"480":1738643400769,"481":1738645273860,"482":1738646878939,"483":1738648503016,"484":1738651099139,"485":1738653949269,"486":1738655729355,"487":1738657319448,"488":1738658950506,"489":1738661756641,"490":1738664569776,"491":1738666239859,"492":1738667851942,"493":1738669747023,"494":1738673869025,"495":1738674483963,"496":1738675143993,"497":1738675824032,"498":1738676539061,"499":1738677634121,"500":1738679024184,"501":1738681434299,"502":1738684063417,"503":1738685848503,"504":1738687393577,"505":1738689023657,"506":1738691321769,"507":1738693909883,"508":1738695899979,"509":1738697092660,"510":1738698614735,"511":1738700210149,"512":1738702681260,"513":1738705318708,"514":1738706837773,"515":1738708233841,"516":1738709722908,"517":1738709823913,"518":1738709858914,"519":1738709928917,"520":1738710008920,"521":1738710089925,"522":1738710145927,"523":1738710205930,"524":1738710275933,"525":1738710344936,"526":1738710415939,"527":1738710485946,"528":1738710551946,"529":1738710636949,"530":1738710691951,"531":1738710766960,"532":1738710966970,"533":1738713393245,"534":1738713867376,"535":1738715117495,"536":1738716817513,"537":1738718378575,"538":1738719963646,"539":1738723053795,"540":1738726235941,"541":1738727976028,"542":1738729821114,"543":1738732516246,"544":1738735336384,"545":1738737321489,"546":1738738941548,"547":1738740936635,"548":1738743746779,"549":1738746541912,"550":1738748011968,"551":1738749522041,"552":1738751862156,"553":1738754722289,"554":1738757135417,"555":1738758710492,"556":1738760345554,"557":1738760420553,"558":1738760490558,"559":1738760560559,"560":1738760635563,"561":1738760705567,"562":1738760775572,"563":1738760850572,"564":1738761225591,"565":1738763775715,"566":1738766330834,"567":1738767805904,"568":1738768760947,"569":1738769645991,"570":1738770781044,"571":1738773471179,"572":1738776121296,"573":1738777621369,"574":1738779111440,"575":1738780871525,"576":1738783582660,"577":1738786167772,"578":1738787727847,"579":1738789397934,"580":1738791153009,"581":1738793803137,"582":1738796313259,"583":1738797828336,"584":1738799408400,"585":1738801303494,"586":1738802968575,"587":1738805262680,"588":1738807253777,"589":1738808868846,"590":1738810613927,"591":1738813469065,"592":1738816319198,"593":1738818039276,"594":1738819644362,"595":1738821854468,"596":1738824664593,"597":1738827164713,"598":1738828730823,"599":1738830346869,"600":1738832921986,"601":1738835742119,"602":1738837321191,"603":1738838411242,"604":1738839561295,"605":1738840771356,"606":1738841316386,"607":1738841386398,"608":1738841456392,"609":1738841526399,"610":1738841601399,"611":1738841671402,"612":1738841746405,"613":1738841816411,"614":1738841886415,"615":1738841961419,"616":1738842031421,"617":1738842101423,"618":1738842176429,"619":1738842246435,"620":1738842316436,"621":1738843361490,"622":1738846316631,"623":1738848262707,"624":1738849757785,"625":1738851392862,"626":1738853782975,"627":1738856473099,"628":1738857748159,"629":1738858753256,"630":1738859743248,"631":1738860758296,"632":1738861950348,"633":1738863311407,"634":1738864706495,"635":1738866171590,"636":1738867571626,"637":1738868591677,"638":1738869666727,"639":1738870761775,"640":1738871956838,"641":1738873461904,"642":1738874981977,"643":1738876522052,"644":1738877672106,"645":1738878765161,"646":1738879888214,"647":1738881033268,"648":1738882563337,"649":1738884729444,"650":1738887084557,"651":1738888574634,"652":1738890139710,"653":1738892063792,"654":1738894991926,"655":1738897532052,"656":1738899092125,"657":1738900763204,"658":1738903313325,"659":1738906188471,"660":1738908253557,"661":1738909868638,"662":1738911703725,"663":1738914598867,"664":1738917459997,"665":1738919048071,"666":1738920730769,"667":1738923160885,"668":1738926036026,"669":1738928173123,"670":1738929238175,"671":1738929308182,"672":1738929378183,"673":1738929453181,"674":1738929523183,"675":1738929593186,"676":1738929668193,"677":1738929738196,"678":1738929808197,"679":1738929878206,"680":1738929952206,"681":1738930027209,"682":1738930097211,"683":1738930172215,"684":1738930242218,"685":1738930317224,"686":1738932397321,"687":1738934007405,"688":1738935317463,"689":1738936657524,"690":1738938007590,"691":1738939057637,"692":1738940712721,"693":1738942407797,"694":1738943867868,"695":1738945442940,"696":1738946978014,"697":1738948528087,"698":1738950078162,"699":1738951678256,"700":1738953363327,"701":1738955358417,"702":1738958108551,"703":1738959688627,"704":1738960563668,"705":1738961568715,"706":1738962703767,"707":1738963853825,"708":1738965018884,"709":1738966208938,"710":1738967784061,"711":1738969409094,"712":1738971050168,"713":1738972175222,"714":1738973685293,"715":1738975280377,"716":1738976546437,"717":1738978192514,"718":1738979128569,"719":1738980308613,"720":1738981723685,"721":1738983501765,"722":1738985131845,"723":1738986781925,"724":1738989187037,"725":1738992022171,"726":1738994047263,"727":1738995642345,"728":1738997298430,"729":1738999838544,"730":1739002723680,"731":1739004703778,"732":1739006328854,"733":1739007973929,"734":1739010604062,"735":1739013453195,"736":1739015409285,"737":1739017024357,"738":1739018714434,"739":1739019929499,"740":1739019999556,"741":1739020074516,"742":1739020144508,"743":1739020219517,"744":1739020289516,"745":1739020364524,"746":1739020434521,"747":1739020509529,"748":1739020584532,"749":1739020669539,"750":1739022529622,"751":1739023564680,"752":1739024539739,"753":1739025504768,"754":1739026439813,"755":1739027449863,"756":1739028324912,"757":1739029209946,"758":1739030550007,"759":1739032847120,"760":1739034640211,"761":1739035685253,"762":1739036775305,"763":1739037895365,"764":1739039030414,"765":1739040185471,"766":1739041335523,"767":1739042711640,"768":1739044291663,"769":1739045726749,"770":1739048561861,"771":1739051932039,"772":1739057878319,"773":1739057948323,"774":1739058023325,"775":1739058098334,"776":1739058168333,"777":1739058243337,"778":1739059878416,"779":1739061398487,"780":1739062993562,"781":1739064628653,"782":1739066623737,"783":1739068963860,"784":1739070253909,"785":1739071489969,"786":1739072745029,"787":1739074200098,"788":1739075850178,"789":1739078332299,"790":1739081152436,"791":1739083072524,"792":1739084672624,"793":1739086307683,"794":1739088537783,"795":1739091372937,"796":1739093578042,"797":1739095158117,"798":1739096808202,"799":1739099073307,"800":1739101768442,"801":1739101843446,"802":1739101963451,"803":1739102088458,"804":1739102203461,"805":1739102323467,"806":1739102448473,"807":1739102568478,"808":1739102688486,"809":1739102808494,"810":1739102928496,"811":1739105063587,"812":1739106029634,"813":1739107154687,"814":1739108274740,"815":1739109619807,"816":1739111175878,"817":1739112755955,"818":1739114230028,"819":1739115340095,"820":1739116485148,"821":1739117652194,"822":1739118802243,"823":1739120237353,"824":1739121617379,"825":1739122907440,"826":1739124026496,"827":1739124940541,"828":1739126015597,"829":1739127070651,"830":1739128140697,"831":1739129234747,"832":1739129499764,"833":1739129659776,"834":1739129819789,"835":1739129919788,"836":1739130104822,"837":1739130459867,"838":1739130594824,"839":1739132130887,"840":1739133640968,"841":1739134831015,"842":1739135726074,"843":1739136616101,"844":1739137506148,"845":1739138361188,"846":1739139412240,"847":1739140822304,"848":1739142252375,"849":1739144442530,"850":1739145910552,"851":1739147325617,"852":1739148335672,"853":1739149310714,"854":1739150329764,"855":1739151264808,"856":1739152199855,"857":1739153139904,"858":1739154189968,"859":1739155376012,"860":1739157312111,"861":1739160072239,"862":1739162367370,"863":1739163932423,"864":1739165567509,"865":1739167208576,"866":1739169028662,"867":1739171888804,"868":1739174510005,"869":1739176075006,"870":1739177680082,"871":1739179335179,"872":1739181660282,"873":1739184540399,"874":1739186655520,"875":1739186975532,"876":1739187090535,"877":1739187200538,"878":1739190170677,"879":1739198986102,"880":1739202544278,"881":1739209639626,"882":1739210404650,"883":1739211249691,"884":1739212384756,"885":1739213724815,"886":1739214814868,"887":1739215829923,"888":1739216859974,"889":1739217435999,"890":1739217966027,"891":1739218496052,"892":1739219031077,"893":1739219641119,"894":1739220341136,"895":1739221131165,"896":1739221751205,"897":1739222501231,"898":1739223666285,"899":1739224886349,"900":1739225866398,"901":1739226856446,"902":1739227711490,"903":1739228571528,"904":1739229426569,"905":1739230301611,"906":1739231296796,"907":1739232231709,"908":1739233111747,"909":1739234046793,"910":1739235166855,"911":1739236411912,"912":1739237673984,"913":1739238921036,"914":1739240016092,"915":1739240941130,"916":1739241896179,"917":1739242881223,"918":1739244372293,"919":1739246022370,"920":1739247672470,"921":1739250271600,"922":1739253194718,"923":1739254909804,"924":1739256484880,"925":1739258074953,"926":1739259715042,"927":1739261390121,"928":1739264265262,"929":1739266890391,"930":1739268420480,"931":1739270025540,"932":1739270185560,"933":1739270305558,"934":1739270420564,"935":1739270535572,"936":1739270650574,"937":1739270770583,"938":1739270890586,"939":1739272955687,"940":1739273955741,"941":1739274985797,"942":1739276015839,"943":1739277035887,"944":1739278060937,"945":1739279095988,"946":1739280546062,"947":1739282121140,"948":1739287905078,"949":1739289551549,"950":1739291266629,"951":1739292786702,"952":1739294307774,"953":1739295722858,"954":1739297057906,"955":1739298705982,"956":1739300361063,"957":1739302021146,"958":1739303589227,"959":1739305104295,"960":1739306685405,"961":1739309216503,"962":1739311917626,"963":1739313428698,"964":1739314994770,"965":1739315454794,"966":1739315569804,"967":1739316384847,"968":1739317970926,"969":1739319906022,"970":1739321254089,"971":1739322585151,"972":1739323996216,"973":1739324961262,"974":1739325716300,"975":1739326706345,"976":1739328138420,"977":1739329607487,"978":1739331178563,"979":1739332798639,"980":1739334453725,"981":1739336608821,"982":1739339458965,"983":1739341719070,"984":1739343332150,"985":1739344982230,"986":1739346617308,"987":1739348272387,"988":1739349967469,"989":1739352122576,"990":1739354962711,"991":1739357145815,"992":1739358105862,"993":1739359100908,"994":1739360160959,"995":1739361156006,"996":1739362209052,"997":1739363666128,"998":1739365191200,"999":1739366426260,"1000":1739367661322,"1001":1739368756372,"1002":1739369662420,"1003":1739370607464,"1004":1739371572508,"1005":1739372507550,"1006":1739373508600,"1007":1739374518650,"1008":1739374979671,"1009":1739375094679,"1010":1739375654705,"1011":1739376929765,"1012":1739378669849,"1013":1739381064967,"1014":1739382035009,"1015":1739382920049,"1016":1739383815095,"1017":1739384763140,"1018":1739385743186,"1019":1739386718236,"1020":1739387703284,"1021":1739389550370,"1022":1739391060443,"1023":1739392551517,"1024":1739393632573,"1025":1739394628619,"1026":1739395613664,"1027":1739396619713,"1028":1739397619762,"1029":1739398544807,"1030":1739399539852,"1031":1739400539906,"1032":1739402459996,"1033":1739404710103,"1034":1739406740199,"1035":1739408105267,"1036":1739409497559,"1037":1739410920399,"1038":1739412375471,"1039":1739414285566,"1040":1739416265658,"1041":1739417665725,"1042":1739418705777,"1043":1739419655824,"1044":1739420715921,"1045":1739422185957,"1046":1739423696026,"1047":1739425306108,"1048":1739427816214,"1049":1739430646349,"1050":1739432542441,"1051":1739434137514,"1052":1739435787596,"1053":1739437927696,"1054":1739440777836,"1055":1739443197949,"1056":1739444763026,"1057":1739446396107,"1058":1739448296195,"1059":1739451136332,"1060":1739452116380,"1061":1739452236393,"1062":1739452351390,"1063":1739452471434,"1064":1739452591403,"1065":1739453141426,"1066":1739455396541,"1067":1739456467598,"1068":1739457482651,"1069":1739458637708,"1070":1739459924757,"1071":1739461245812,"1072":1739462600881,"1073":1739464764983,"1074":1739465845041,"1075":1739466851089,"1076":1739467866137,"1077":1739468867187,"1078":1739469898238,"1079":1739470985283,"1080":1739473681413,"1081":1739476621555,"1082":1739478371638,"1083":1739480016720,"1084":1739481721803,"1085":1739484036915,"1086":1739486992053,"1087":1739489082144,"1088":1739489202153,"1089":1739489322156,"1090":1739489437164,"1091":1739490022196,"1092":1739491590278,"1093":1739493150349,"1094":1739494596420,"1095":1739496186495,"1096":1739497691569,"1097":1739499156638,"1098":1739500186690,"1099":1739501227747,"1100":1739502402800,"1101":1739504028877,"1102":1739506163974,"1103":1739509019115,"1104":1739511306220,"1105":1739512884298,"1106":1739514488378,"1107":1739516379465,"1108":1739519214599,"1109":1739521993730,"1110":1739523559810,"1111":1739525150885,"1112":1739526806963,"1113":1739529577093,"1114":1739532457233,"1115":1739534237324,"1116":1739534352335,"1117":1739534472334,"1118":1739534587341,"1119":1739534707345,"1120":1739534822353,"1121":1739534942355,"1122":1739535057359,"1123":1739535517378,"1124":1739537117454,"1125":1739538447515,"1126":1739539472566,"1127":1739540507619,"1128":1739541607672,"1129":1739543004742,"1130":1739545390854,"1131":1739547400962,"1132":1739548966032,"1133":1739550081084,"1134":1739551201131,"1135":1739552307186,"1136":1739553362234,"1137":1739555438334,"1138":1739558249770,"1139":1739560091857,"1140":1739561661934,"1141":1739563232013,"1142":1739565022096,"1143":1739568712272,"1144":1739577532700,"1145":1739581092873,"1146":1739590104305,"1147":1739593631474,"1148":1739602849919,"1149":1739606440084,"1150":1739615579528,"1151":1739619181693,"1152":1739628420141,"1153":1739637962595,"1154":1739641497767,"1155":1739650788216,"1156":1739654288383,"1157":1739663549818,"1158":1739667165007,"1159":1739676421447,"1160":1739680076621,"1161":1739689393059,"1162":1739699039530,"1163":1739702529698,"1164":1739712116155,"1165":1739715782334,"1166":1739725077781,"1167":1739731963113,"1168":1739737888397,"1169":1739743698677,"1170":1739750694016,"1171":1739754356192,"1172":1739763491636,"1173":1739767176811,"1174":1739776360251,"1175":1739783595600,"1176":1739789235875,"1177":1739798731331,"1178":1739802173498,"1179":1739807703783,"1180":1739809889876,"1181":1739811796963,"1182":1739813114028,"1183":1739814980117,"1184":1739817025219,"1185":1739819040315,"1186":1739820676390,"1187":1739821770449,"1188":1739822890507,"1189":1739824025555,"1190":1739825175616,"1191":1739826320669,"1192":1739827450726,"1193":1739828555779,"1194":1739829650825,"1195":1739830740884,"1196":1739831137973,"1197":1739831807938,"1198":1739838855276,"1199":1739839525306,"1200":1739841755415,"1201":1739844390546,"1202":1739845455598,"1203":1739846970671,"1204":1739848590750,"1205":1739850250828,"1206":1739850870857,"1207":1739850990877,"1208":1739851106627,"1209":1739851365885,"1210":1739851620892,"1211":1739853240969,"1212":1739854921052,"1213":1739857646187,"1214":1739860521323,"1215":1739862321472,"1216":1739863907491,"1217":1739865532568,"1218":1739867167658,"1219":1739869292748,"1220":1739871818872,"1221":1739874546003,"1222":1739876077078,"1223":1739877662154,"1224":1739879297239,"1225":1739880802306,"1226":1739882212378,"1227":1739883610444,"1228":1739885030509,"1229":1739886457271,"1230":1739887531628,"1231":1739888581680,"1232":1739889631738,"1233":1739890682786,"1234":1739897060094,"1235":1739899695225,"1236":1739901190296,"1237":1739902745373,"1238":1739904250458,"1239":1739905650505,"1240":1739906695561,"1241":1739907776612,"1242":1739908901665,"1243":1739910386900,"1244":1739911896824,"1245":1739913436096,"1246":1739914525946,"1247":1739915470983,"1248":1739916433037,"1249":1739918488128,"1250":1739920848251,"1251":1739922663339,"1252":1739923658383,"1253":1739924688421,"1254":1739926133495,"1255":1739927618564,"1256":1739929153637,"1257":1739930425136,"1258":1739931648769,"1259":1739932900200,"1260":1739934503938,"1261":1739937438505,"1262":1739939692686,"1263":1739941246071,"1264":1739944085792,"1265":1739946690919,"1266":1739948235512,"1267":1739950926082,"1268":1739953778342,"1269":1739955283530,"1270":1739957849675,"1271":1739960465272,"1272":1739961634158,"1273":1739961750259,"1274":1739961824255,"1275":1739961988777,"1276":1739962065743,"1277":1739962205392,"1278":1739962398554,"1279":1739964500600,"1280":1739967036505,"1281":1739969555632,"1282":1739970989785,"1283":1739972474794,"1284":1739973997863,"1285":1739975532913,"1286":1739976912967,"1287":1739977957002,"1288":1739979196187,"1289":1739981517190,"1290":1739983076233,"1291":1739984321299,"1292":1739985270743,"1293":1739986314445,"1294":1739987746574,"1295":1739989215039,"1296":1739990632697,"1297":1739991784823,"1298":1739992707918,"1299":1739993787806,"1300":1739995298995,"1301":1739996814555,"1302":1739998296012,"1303":1739999249022,"1304":1740000232286,"1305":1740001536525,"1306":1740002999794,"1307":1740004454528,"1308":1740005772339,"1309":1740006744404,"1310":1740008460476,"1311":1740011009591,"1312":1740012896820,"1313":1740013906770,"1314":1740015169552,"1315":1740017114901,"1316":1740018798973,"1317":1740020019023,"1318":1740020992075,"1319":1740022247200,"1320":1740023771288,"1321":1740025675298,"1322":1740027812412,"1323":1740030335612,"1324":1740033768693,"1325":1740035441815,"1326":1740038477916,"1327":1740041484118,"1328":1740043163137,"1329":1740046579298,"1330":1740049250425,"1331":1740051296533,"1332":1740052461670,"1333":1740052585390,"1334":1740052703174,"1335":1740052819869,"1336":1740052940643,"1337":1740053063012,"1338":1740053179651,"1339":1740054643693,"1340":1740055991852,"1341":1740057012822,"1342":1740058044855,"1343":1740059592116,"1344":1740061107133,"1345":1740062597202,"1346":1740063621260,"1347":1740064648298,"1348":1740066128370,"1349":1740067699456,"1350":1740069846550,"1351":1740071348189,"1352":1740072939703,"1353":1740074304729,"1354":1740075817790,"1355":1740077142011,"1356":1740078167583,"1357":1740079529344,"1358":1740080997467,"1359":1740082499536,"1360":1740083758831,"1361":1740086577768,"1362":1740092023400,"1363":1740097408660,"1364":1740098392691,"1365":1740099378772,"1366":1740100360774,"1367":1740101357832,"1368":1740107357120,"1369":1740111752268,"1370":1740113884446,"1371":1740115367484,"1372":1740117217521,"1373":1740119931659,"1374":1740121971750,"1375":1740123479812,"1376":1740125939891,"1377":1740128871380,"1378":1740130285441,"1379":1740132345456,"1380":1740135149920,"1381":1740137253300,"1382":1740138989265,"1383":1740141614423,"1384":1740144066170,"1385":1740145243607,"1386":1740146162827,"1387":1740147165129,"1388":1740150302915,"1389":1740153171967,"1390":1740154133058,"1391":1740155245425,"1392":1740157010107,"1393":1740159209221,"1394":1740161067244,"1395":1740162037342,"1396":1740162993382,"1397":1740163971365,"1398":1740164971428,"1399":1740165991461,"1400":1740167016506,"1401":1740168031566,"1402":1740169026613,"1403":1740170461684,"1404":1740177522028,"1405":1740180352161,"1406":1740183382302,"1407":1740187818518,"1408":1740189179359,"1409":1740190110631,"1410":1740191435690,"1411":1740192775759,"1412":1740194370829,"1413":1740196350921,"1414":1740199056064,"1415":1740201358168,"1416":1740202818239,"1417":1740204329311,"1418":1740205309359,"1419":1740206234404,"1420":1740207159443,"1421":1740208194493,"1422":1740209489561,"1423":1740210759622,"1424":1740212689713,"1425":1740214505797,"1426":1740216065872,"1427":1740217665954,"1428":1740219977066,"1429":1740222828199,"1430":1740224983296,"1431":1740226553374,"1432":1740227974450,"1433":1740230094551,"1434":1740233553715,"1435":1740234478762,"1436":1740234598769,"1437":1740234718771,"1438":1740234833777,"1439":1740234953784,"1440":1740235073787,"1441":1740239153978,"1442":1740241874131,"1443":1740247350376,"1444":1740250100501,"1445":1740252260613,"1446":1740252580635,"1447":1740252690643,"1448":1740253615675,"1449":1740254580726,"1450":1740255300756,"1451":1740256280802,"1452":1740257250853,"1453":1740258262902,"1454":1740259342952,"1455":1740260383071,"1456":1740261443054,"1457":1740262413104,"1458":1740263483158,"1459":1740264578203,"1460":1740265713253,"1461":1740266828313,"1462":1740267898366,"1463":1740268878420,"1464":1740269978471,"1465":1740271097524,"1466":1740272198574,"1467":1740273308624,"1468":1740274413677,"1469":1740275528730,"1470":1740276663786,"1471":1740277828845,"1472":1740279208907,"1473":1740280738983,"1474":1740282299062,"1475":1740283439115,"1476":1740284329158,"1477":1740284439163,"1478":1740284544167,"1479":1740284654248,"1480":1740284914189,"1481":1740286399259,"1482":1740287979336,"1483":1740289589400,"1484":1740291224487,"1485":1740292879564,"1486":1740295664695,"1487":1740298361824,"1488":1740299866903,"1489":1740301451976,"1490":1740303077058,"1491":1740304747134,"1492":1740306817230,"1493":1740309567367,"1494":1740312031486,"1495":1740312146491,"1496":1740312261501,"1497":1740312376499,"1498":1740312671519,"1499":1740313456549,"1500":1740313871567,"1501":1740314951616,"1502":1740316051672,"1503":1740317161725,"1504":1740318326781,"1505":1740319511841,"1506":1740321081919,"1507":1740322586984,"1508":1740324111061,"1509":1740325551127,"1510":1740326616197,"1511":1740327696230,"1512":1740328796284,"1513":1740329875346,"1514":1740330795399,"1515":1740331825441,"1516":1740332840495,"1517":1740333915537,"1518":1740334985585,"1519":1740336070646,"1520":1740337155699,"1521":1740338265750,"1522":1740339370805,"1523":1740340460851,"1524":1740341555905,"1525":1740342680955,"1526":1740344296040,"1527":1740345926113,"1528":1740346892158,"1529":1740348253226,"1530":1740349710297,"1531":1740351275373,"1532":1740352850454,"1533":1740354420525,"1534":1740356030602,"1535":1740357588676,"1536":1740358853741,"1537":1740360023799,"1538":1740361408871,"1539":1740362693935,"1540":1740363678981,"1541":1740364689025,"1542":1740365699073,"1543":1740366694119,"1544":1740367899176,"1545":1740369519255,"1546":1740371149336,"1547":1740372799412,"1548":1740374444491,"1549":1740376774608,"1550":1740379629746,"1551":1740381634834,"1552":1740383214914,"1553":1740384819995,"1554":1740386450083,"1555":1740388110153,"1556":1740389905238,"1557":1740392600363,"1558":1740395355496,"1559":1740396901575,"1560":1740398442643,"1561":1740400057722,"1562":1740401699704,"1563":1740403598794,"1564":1740405979919,"1565":1740407565988,"1566":1740409116061,"1567":1740410549063,"1568":1740411887127,"1569":1740413318189,"1570":1740414769259,"1571":1740416230337,"1572":1740417951418,"1573":1740419341511,"1574":1740420742423,"1575":1740422182619,"1576":1740423362675,"1577":1740424782743,"1578":1740425712787,"1579":1740427083850,"1580":1740428418968,"1581":1740429010949,"1582":1740429931992,"1583":1740430907043,"1584":1740432202102,"1585":1740433722174,"1586":1740435410259,"1587":1740437335351,"1588":1740443665657,"1589":1740444325688,"1590":1740445190728,"1591":1740446145771,"1592":1740447625849,"1593":1740449075918,"1594":1740451437028,"1595":1740452930098,"1596":1740454491175,"1597":1740456403263,"1598":1740458352362,"1599":1740459707466,"1600":1740461987543,"1601":1740464807673,"1602":1740466362747,"1603":1740468257908,"1604":1740471017969,"1605":1740473203079,"1606":1740474673146,"1607":1740477363275,"1608":1740480118399,"1609":1740481613468,"1610":1740483793576,"1611":1740486178691,"1612":1740486678716,"1613":1740486793722,"1614":1740486908726,"1615":1740487023731,"1616":1740487143738,"1617":1740487808777,"1618":1740489144831,"1619":1740490251775,"1620":1740491743836,"1621":1740493497165,"1622":1740494747226,"1623":1740495997291,"1624":1740496342477,"1625":1740496942629,"1626":1740497007342,"1627":1740497477365,"1628":1740497647381,"1629":1740497752388,"1630":1740498042405,"1631":1740498207391,"1632":1740498272402,"1633":1740498842448,"1634":1740499157448,"1635":1740499697484,"1636":1740501234538,"1637":1740502669611,"1638":1740503544648,"1639":1740504569698,"1640":1740504919738,"1641":1740505204741,"1642":1740505364756,"1643":1740505589751,"1644":1740505594749,"1645":1740505929778,"1646":1740506554812,"1647":1740507024822,"1648":1740508504896,"1649":1740509334946,"1650":1740509944957,"1651":1740511015002,"1652":1740511960054,"1653":1740512875100,"1654":1740514095158,"1655":1740515340216,"1656":1740516625272,"1657":1740518402364,"1658":1740523538611,"1659":1740526443752,"1660":1740526558760,"1661":1740526678771,"1662":1740526798770,"1663":1740526918778,"1664":1740527033810,"1665":1740527153792,"1666":1740527463804,"1667":1740528268844,"1668":1740529608908,"1669":1740531048987,"1670":1740532494042,"1671":1740533959111,"1672":1740535879204,"1673":1740539201361,"1674":1740540720434,"1675":1740541985494,"1676":1740542616528,"1677":1740544217601,"1678":1740546608722,"1679":1740549418854,"1680":1740551318944,"1681":1740552884020,"1682":1740554729112,"1683":1740557594253,"1684":1740560224372,"1685":1740561739442,"1686":1740563310515,"1687":1740566051651,"1688":1740568878796,"1689":1740569842844,"1690":1740569957849,"1691":1740570072855,"1692":1740570187874,"1693":1740570752890,"1694":1740572277947,"1695":1740574449051,"1696":1740574657073,"1697":1740575872141,"1698":1740576196152,"1699":1740576316141,"1700":1740576466182,"1701":1740576821178,"1702":1740577231186,"1703":1740577391543,"1704":1740578476241,"1705":1740579766306,"1706":1740580701351,"1707":1740581651406,"1708":1740582281432,"1709":1740583305493,"1710":1740583505493,"1711":1740584205524,"1712":1740586756654,"1713":1740587597171,"1714":1740589043071,"1715":1740589118056,"1716":1740590008101,"1717":1740590989149,"1718":1740592004207,"1719":1740593059263,"1720":1740594179305,"1721":1740596300401,"1722":1740598265498,"1723":1740600716643,"1724":1740601167742,"1725":1740602423715,"1726":1740603848773,"1727":1740605294839,"1728":1740609177025,"1729":1740610207075,"1730":1740611097121,"1731":1740611157373,"1732":1740611422134,"1733":1740612202184,"1734":1740612627240,"1735":1740612922207,"1736":1740613002208,"1737":1740613461235,"1738":1740615402324,"1739":1740617473425,"1740":1740618868489,"1741":1740620798585,"1742":1740623434708,"1743":1740625719848,"1744":1740627277893,"1745":1740629754012,"1746":1740632094129,"1747":1740634239227,"1748":1740635710295,"1749":1740638082403,"1750":1740640853543,"1751":1740642903644,"1752":1740644365715,"1753":1740646904833,"1754":1740649675964,"1755":1740651622063,"1756":1740652636108,"1757":1740652751115,"1758":1740652861120,"1759":1740652981123,"1760":1740653096131,"1761":1740653211132,"1762":1740654851212,"1763":1740658034367,"1764":1740659798447,"1765":1740660948503,"1766":1740662753592,"1767":1740665637730,"1768":1740667877838,"1769":1740669407911,"1770":1740671969030,"1771":1740673260095,"1772":1740674760170,"1773":1740676645258,"1774":1740679271382,"1775":1740680317436,"1776":1740681396486,"1777":1740682471541,"1778":1740683566749,"1779":1740684657642,"1780":1740685772699,"1781":1740686856756,"1782":1740687936801,"1783":1740689041858,"1784":1740690166909,"1785":1740691272957,"1786":1740692408020,"1787":1740693073047,"1788":1740694064095,"1789":1740695019141,"1790":1740696070199,"1791":1740697261250,"1792":1740698596314,"1793":1740701130432,"1794":1740702600507,"1795":1740703655557,"1796":1740704595610,"1797":1740705575657,"1798":1740706680707,"1799":1740707720752,"1800":1740708805811,"1801":1740709879855,"1802":1740710934911,"1803":1740712004960,"1804":1740713110015,"1805":1740715260119,"1806":1740718160261,"1807":1740719785335,"1808":1740721290407,"1809":1740722846483,"1810":1740724446560,"1811":1740726791682,"1812":1740729581814,"1813":1740731741918,"1814":1740733301992,"1815":1740734907064,"1816":1740736597144,"1817":1740739362279,"1818":1740742182413,"1819":1740743932497,"1820":1740745522574,"1821":1740747142651,"1822":1740748882741,"1823":1740749017742,"1824":1740749157748,"1825":1740749293761,"1826":1740749423760,"1827":1740749558771,"1828":1740749688792,"1829":1740749823783,"1830":1740750138799,"1831":1740751013842,"1832":1740754310002,"1833":1740755525059,"1834":1740756595108,"1835":1740757695161,"1836":1740758875228,"1837":1740762335381,"1838":1740764090485,"1839":1740764635497,"1840":1740765955558,"1841":1740767004609,"1842":1740768019661,"1843":1740769050708,"1844":1740770075770,"1845":1740771125812,"1846":1740772160861,"1847":1740776956759,"1848":1740780562739,"1849":1740781167756,"1850":1740782142807,"1851":1740784449920,"1852":1740785489972,"1853":1740786705027,"1854":1740788180105,"1855":1740789495161,"1856":1740790790226,"1857":1740792001280,"1858":1740793206341,"1859":1740793626361,"1860":1740794266401,"1861":1740795262442,"1862":1740796267499,"1863":1740797267538,"1864":1740798282588,"1865":1740799382639,"1866":1740800787710,"1867":1740802167772,"1868":1740803542841,"1869":1740804862903,"1870":1740805847950,"1871":1740806768056,"1872":1740807678040,"1873":1740808643086,"1874":1740809628133,"1875":1740810598181,"1876":1740811804239,"1877":1740812934289,"1878":1740815649423,"1879":1740817239499,"1880":1740818794573,"1881":1740820374649,"1882":1740821979740,"1883":1740824659856,"1884":1740827469992,"1885":1740829365087,"1886":1740830930161,"1887":1740832531233,"1888":1740834486328,"1889":1740837286465,"1890":1740839031548,"1891":1740840081602,"1892":1740840196604,"1893":1740840306614,"1894":1740840421620,"1895":1740840531619,"1896":1740840646626,"1897":1740840761631,"1898":1740840871637,"1899":1740840986643,"1900":1740841486668,"1901":1740842554720,"1902":1740843644789,"1903":1740844739827,"1904":1740845864883,"1905":1740847799973,"1906":1740849885077,"1907":1740851755160,"1908":1740853190228,"1909":1740854660301,"1910":1740857215424,"1911":1740862255678,"1912":1740867730933,"1913":1740871021098,"1914":1740871791134,"1915":1740871911140,"1916":1740872031147,"1917":1740873066192,"1918":1740874536266,"1919":1740876011339,"1920":1740877466405,"1921":1740878926475,"1922":1740880091534,"1923":1740881101582,"1924":1740882101633,"1925":1740882992679,"1926":1740883972721,"1927":1740884883768,"1928":1740885758807,"1929":1740886643849,"1930":1740887643899,"1931":1740888643960,"1932":1740889644011,"1933":1740890689061,"1934":1740892304143,"1935":1740893919224,"1936":1740895550296,"1937":1740897175374,"1938":1740898785733,"1939":1740900457535,"1940":1740903232671,"1941":1740905962798,"1942":1740907468875,"1943":1740909010946,"1944":1740910596023,"1945":1740912196106,"1946":1740913826182,"1947":1740916366299,"1948":1740919111433,"1949":1740921066528,"1950":1740922641609,"1951":1740924241681,"1952":1740925871760,"1953":1740927501842,"1954":1740928326879,"1955":1740928451887,"1956":1740928576891,"1957":1740928696898,"1958":1740928821904,"1959":1740928946910,"1960":1740929076918,"1961":1740929201923,"1962":1740932202068,"1963":1740933662138,"1964":1740934767191,"1965":1740935842241,"1966":1740936957293,"1967":1740938082348,"1968":1740939152402,"1969":1740940262457,"1970":1740941312517,"1971":1740942262554,"1972":1740943227602,"1973":1740944267650,"1974":1740945302728,"1975":1740946342751,"1976":1740947387803,"1977":1740954837164,"1978":1740956409241,"1979":1740957822314,"1980":1740958867362,"1981":1740959892412,"1982":1740960887460,"1983":1740961857507,"1984":1740962882556,"1985":1740963922608,"1986":1740964967658,"1987":1740966272725,"1988":1740967857794,"1989":1740969472875,"1990":1740971133071,"1991":1740972763036,"1992":1740974383113,"1993":1740975948197,"1994":1740978293304,"1995":1740980891426,"1996":1740983061534,"1997":1740984541604,"1998":1740986041677,"1999":1740987631758,"2000":1740989276835,"2001":1740992016965,"2002":1740994774096,"2003":1740996745192,"2004":1740998295272,"2005":1740999896011,"2006":1741001570432,"2007":1741004327563,"2008":1741004842582,"2009":1741004962590,"2010":1741005082596,"2011":1741005197599,"2012":1741005682622,"2013":1741007773721,"2014":1741009143787,"2015":1741010703865,"2016":1741012174934,"2017":1741012748964,"2018":1741014393042,"2019":1741015809114,"2020":1741016969164,"2021":1741018478238,"2022":1741019753299,"2023":1741020993359,"2024":1741022248420,"2025":1741023693492,"2026":1741025202565,"2027":1741026547626,"2028":1741027207660,"2029":1741028252714,"2030":1741029312763,"2031":1741030367815,"2032":1741031432866,"2033":1741032687930,"2034":1741034127997,"2035":1741035568069,"2036":1741037023137,"2037":1741038393203,"2038":1741039378918,"2039":1741040668319,"2040":1741042243391,"2041":1741043128433,"2042":1741044053479,"2043":1741045053525,"2044":1741046078584,"2045":1741047273637,"2046":1741049918764,"2047":1741051964858,"2048":1741052979904,"2049":1741053764956,"2050":1741054589983,"2051":1741055455026,"2052":1741056324071,"2053":1741057354115,"2054":1741058934192,"2055":1741061221309,"2056":1741063993438,"2057":1741066418562,"2058":1741067918629,"2059":1741069498706,"2060":1741071136786,"2061":1741073332890,"2062":1741076119021,"2063":1741078794152,"2064":1741080309227,"2065":1741081874301,"2066":1741083509377,"2067":1741085979492,"2068":1741088645622,"2069":1741091145741,"2070":1741092670815,"2071":1741094285893,"2072":1741094720913,"2073":1741094910922,"2074":1741095025928,"2075":1741095145933,"2076":1741095265960,"2077":1741095380948,"2078":1741095500950,"2079":1741095615964,"2080":1741095735962,"2081":1741095855967,"2082":1741098085071},"state":{"0":3257.6,"1":3257.7,"2":3257.8,"3":3257.9,"4":3258.0,"5":3258.1,"6":3258.2,"7":3258.3,"8":3258.4,"9":3258.5,"10":3258.6,"11":3258.7,"12":3258.8,"13":3258.9,"14":3259.0,"15":3259.1,"16":3259.2,"17":3259.3,"18":3259.4,"19":3259.5,"20":3259.6,"21":3259.7,"22":3259.8,"23":3259.9,"24":3260.0,"25":3260.1,"26":3260.2,"27":3260.3,"28":3260.4,"29":3260.5,"30":3260.6,"31":3260.7,"32":3260.8,"33":3260.9,"34":3261.0,"35":3261.1,"36":3261.2,"37":3261.3,"38":3261.4,"39":3261.5,"40":3261.6,"41":3261.7,"42":3261.8,"43":3261.9,"44":3262.0,"45":3262.1,"46":3262.2,"47":3262.3,"48":3262.4,"49":3262.5,"50":3262.6,"51":3262.7,"52":3262.8,"53":3262.9,"54":3263.0,"55":3263.1,"56":3263.2,"57":3263.3,"58":3263.4,"59":3263.5,"60":3263.6,"61":3263.7,"62":3263.8,"63":3263.9,"64":3264.0,"65":3264.1,"66":3264.2,"67":3264.3,"68":3264.4,"69":3264.5,"70":3264.6,"71":3264.7,"72":3264.8,"73":3264.9,"74":3265.0,"75":3265.1,"76":3265.2,"77":3265.3,"78":3265.4,"79":3265.5,"80":3265.6,"81":3265.7,"82":3265.8,"83":3265.9,"84":3266.0,"85":3266.1,"86":3266.2,"87":3266.3,"88":3266.4,"89":3266.5,"90":3266.6,"91":3266.7,"92":3266.8,"93":3266.9,"94":3267.0,"95":3267.1,"96":3267.2,"97":3267.3,"98":3267.4,"99":3267.5,"100":3267.6,"101":3267.7,"102":3267.8,"103":3267.9,"104":3268.0,"105":3268.1,"106":3268.2,"107":3268.3,"108":3268.4,"109":3268.5,"110":3268.6,"111":3268.7,"112":3268.8,"113":3268.9,"114":3269.0,"115":3269.1,"116":3269.2,"117":3269.3,"118":3269.4,"119":3269.5,"120":3269.6,"121":3269.7,"122":3269.8,"123":3269.9,"124":3270.0,"125":3270.1,"126":3270.2,"127":3270.3,"128":3270.4,"129":3270.5,"130":3270.6,"131":3270.7,"132":3270.8,"133":3270.9,"134":3271.0,"135":3271.1,"136":3271.2,"137":3271.3,"138":3271.4,"139":3271.5,"140":3271.6,"141":3271.7,"142":3271.8,"143":3271.9,"144":3272.0,"145":3272.1,"146":3272.2,"147":3272.3,"148":3272.4,"149":3272.5,"150":3272.6,"151":3272.7,"152":3272.8,"153":3272.9,"154":3273.0,"155":3273.1,"156":3273.2,"157":3273.3,"158":3273.4,"159":3273.6,"160":3273.7,"161":3273.8,"162":3273.9,"163":3274.0,"164":3274.1,"165":3274.2,"166":3274.3,"167":3274.4,"168":3274.5,"169":3274.6,"170":3274.7,"171":3274.8,"172":3274.9,"173":3275.0,"174":3275.1,"175":3275.2,"176":3275.3,"177":3275.4,"178":3275.5,"179":3275.6,"180":3275.7,"181":3275.8,"182":3275.9,"183":3276.0,"184":3276.1,"185":3276.2,"186":3276.3,"187":3276.4,"188":3276.5,"189":3276.6,"190":3276.7,"191":3276.8,"192":3276.9,"193":3277.0,"194":3277.1,"195":3277.2,"196":3277.3,"197":3277.4,"198":3277.5,"199":3277.6,"200":3277.7,"201":3277.8,"202":3277.9,"203":3278.0,"204":3278.1,"205":3278.2,"206":3278.3,"207":3278.4,"208":3278.5,"209":3278.6,"210":3278.7,"211":3278.8,"212":3278.9,"213":3279.0,"214":3279.1,"215":3279.2,"216":3279.2,"217":3279.2,"218":3279.3,"219":3279.4,"220":3279.5,"221":3279.6,"222":3279.7,"223":3279.8,"224":3279.9,"225":3280.0,"226":3280.0,"227":3280.1,"228":3280.1,"229":3280.2,"230":3280.3,"231":3280.3,"232":3280.4,"233":3280.4,"234":3280.4,"235":3280.5,"236":3280.6,"237":3280.7,"238":3280.8,"239":3280.9,"240":3281.0,"241":3281.1,"242":3281.2,"243":3281.3,"244":3281.4,"245":3281.5,"246":3281.6,"247":3281.7,"248":3281.8,"249":3281.9,"250":3282.0,"251":3282.1,"252":3282.2,"253":3282.3,"254":3282.4,"255":3282.5,"256":3282.6,"257":3282.7,"258":3282.8,"259":3282.9,"260":3283.0,"261":3283.1,"262":3283.2,"263":3283.3,"264":3283.4,"265":3283.5,"266":3283.6,"267":3283.7,"268":3283.8,"269":3283.9,"270":3284.0,"271":3284.1,"272":3284.2,"273":3284.3,"274":3284.4,"275":3284.5,"276":3284.6,"277":3284.7,"278":3284.8,"279":3284.9,"280":3284.9,"281":3285.0,"282":3285.1,"283":3285.2,"284":3285.2,"285":3285.3,"286":3285.3,"287":3285.3,"288":3285.4,"289":3285.4,"290":3285.5,"291":3285.6,"292":3285.6,"293":3285.7,"294":3285.7,"295":3285.7,"296":3285.7,"297":3285.7,"298":3285.8,"299":3285.8,"300":3285.8,"301":3285.9,"302":3286.0,"303":3286.1,"304":3286.2,"305":3286.3,"306":3286.4,"307":3286.5,"308":3286.6,"309":3286.7,"310":3286.8,"311":3286.9,"312":3287.0,"313":3287.1,"314":3287.2,"315":3287.3,"316":3287.4,"317":3287.5,"318":3287.6,"319":3287.7,"320":3287.8,"321":3287.9,"322":3288.0,"323":3288.1,"324":3288.2,"325":3288.3,"326":3288.4,"327":3288.5,"328":3288.6,"329":3288.7,"330":3288.8,"331":3288.9,"332":3289.0,"333":3289.1,"334":3289.2,"335":3289.3,"336":3289.4,"337":3289.5,"338":3289.6,"339":3289.7,"340":3289.8,"341":3289.9,"342":3290.0,"343":3290.1,"344":3290.2,"345":3290.3,"346":3290.4,"347":3290.5,"348":3290.6,"349":3290.7,"350":3290.8,"351":3290.9,"352":3291.0,"353":3291.1,"354":3291.2,"355":3291.3,"356":3291.4,"357":3291.5,"358":3291.6,"359":3291.7,"360":3291.8,"361":3291.9,"362":3292.0,"363":3292.1,"364":3292.2,"365":3292.3,"366":3292.4,"367":3292.5,"368":3292.6,"369":3292.7,"370":3292.8,"371":3292.9,"372":3293.0,"373":3293.1,"374":3293.2,"375":3293.3,"376":3293.4,"377":3293.5,"378":3293.6,"379":3293.7,"380":3293.8,"381":3293.9,"382":3294.0,"383":3294.1,"384":3294.2,"385":3294.3,"386":3294.4,"387":3294.5,"388":3294.6,"389":3294.7,"390":3294.8,"391":3294.9,"392":3295.0,"393":3295.1,"394":3295.2,"395":3295.3,"396":3295.4,"397":3295.5,"398":3295.6,"399":3295.7,"400":3295.8,"401":3295.9,"402":3296.0,"403":3296.1,"404":3296.2,"405":3296.3,"406":3296.4,"407":3296.5,"408":3296.6,"409":3296.7,"410":3296.8,"411":3296.9,"412":3297.0,"413":3297.1,"414":3297.2,"415":3297.3,"416":3297.4,"417":3297.5,"418":3297.6,"419":3297.7,"420":3297.8,"421":3297.9,"422":3298.0,"423":3298.1,"424":3298.2,"425":3298.3,"426":3298.4,"427":3298.5,"428":3298.6,"429":3298.7,"430":3298.8,"431":3298.9,"432":3299.0,"433":3299.1,"434":3299.2,"435":3299.3,"436":3299.4,"437":3299.5,"438":3299.6,"439":3299.7,"440":3299.8,"441":3299.9,"442":3300.0,"443":3300.1,"444":3300.2,"445":3300.3,"446":3300.4,"447":3300.5,"448":3300.6,"449":3300.7,"450":3300.8,"451":3300.9,"452":3301.0,"453":3301.1,"454":3301.2,"455":3301.3,"456":3301.4,"457":3301.5,"458":3301.6,"459":3301.7,"460":3301.8,"461":3301.9,"462":3302.0,"463":3302.1,"464":3302.2,"465":3302.3,"466":3302.4,"467":3302.5,"468":3302.6,"469":3302.7,"470":3302.8,"471":3302.9,"472":3303.0,"473":3303.1,"474":3303.2,"475":3303.3,"476":3303.4,"477":3303.5,"478":3303.6,"479":3303.7,"480":3303.8,"481":3303.9,"482":3304.0,"483":3304.1,"484":3304.2,"485":3304.3,"486":3304.4,"487":3304.5,"488":3304.6,"489":3304.7,"490":3304.8,"491":3304.9,"492":3305.0,"493":3305.1,"494":3306.2,"495":3306.3,"496":3306.4,"497":3306.5,"498":3306.6,"499":3306.7,"500":3306.8,"501":3306.9,"502":3307.0,"503":3307.1,"504":3307.2,"505":3307.3,"506":3307.4,"507":3307.5,"508":3307.6,"509":3307.7,"510":3307.8,"511":3307.9,"512":3308.0,"513":3308.1,"514":3308.2,"515":3308.3,"516":3308.4,"517":3308.5,"518":3308.6,"519":3308.7,"520":3308.8,"521":3308.9,"522":3309.0,"523":3309.1,"524":3309.2,"525":3309.3,"526":3309.4,"527":3309.5,"528":3309.6,"529":3309.7,"530":3309.8,"531":3309.9,"532":3310.0,"533":3310.1,"534":3310.1,"535":3310.2,"536":3310.3,"537":3310.4,"538":3310.5,"539":3310.6,"540":3310.7,"541":3310.8,"542":3310.9,"543":3311.0,"544":3311.1,"545":3311.2,"546":3311.3,"547":3311.4,"548":3311.5,"549":3311.6,"550":3311.7,"551":3311.8,"552":3311.9,"553":3312.0,"554":3312.1,"555":3312.2,"556":3312.3,"557":3312.4,"558":3312.5,"559":3312.6,"560":3312.7,"561":3312.8,"562":3312.9,"563":3313.0,"564":3313.1,"565":3313.2,"566":3313.3,"567":3313.4,"568":3313.5,"569":3313.6,"570":3313.7,"571":3313.8,"572":3313.9,"573":3314.0,"574":3314.1,"575":3314.2,"576":3314.3,"577":3314.4,"578":3314.5,"579":3314.6,"580":3314.7,"581":3314.8,"582":3314.9,"583":3315.0,"584":3315.1,"585":3315.2,"586":3315.3,"587":3315.4,"588":3315.5,"589":3315.6,"590":3315.7,"591":3315.8,"592":3315.9,"593":3316.0,"594":3316.1,"595":3316.2,"596":3316.3,"597":3316.4,"598":3316.5,"599":3316.6,"600":3316.7,"601":3316.8,"602":3316.9,"603":3317.0,"604":3317.1,"605":3317.2,"606":3317.3,"607":3317.4,"608":3317.5,"609":3317.6,"610":3317.7,"611":3317.8,"612":3317.9,"613":3318.0,"614":3318.1,"615":3318.2,"616":3318.3,"617":3318.4,"618":3318.5,"619":3318.6,"620":3318.7,"621":3318.8,"622":3318.9,"623":3319.0,"624":3319.1,"625":3319.2,"626":3319.3,"627":3319.4,"628":3319.5,"629":3319.6,"630":3319.7,"631":3319.8,"632":3319.9,"633":3320.0,"634":3320.1,"635":3320.2,"636":3320.3,"637":3320.4,"638":3320.5,"639":3320.6,"640":3320.7,"641":3320.8,"642":3320.9,"643":3321.0,"644":3321.1,"645":3321.2,"646":3321.3,"647":3321.4,"648":3321.5,"649":3321.6,"650":3321.7,"651":3321.8,"652":3321.9,"653":3322.0,"654":3322.1,"655":3322.2,"656":3322.3,"657":3322.4,"658":3322.5,"659":3322.6,"660":3322.7,"661":3322.8,"662":3322.9,"663":3323.0,"664":3323.1,"665":3323.2,"666":3323.3,"667":3323.4,"668":3323.5,"669":3323.6,"670":3323.7,"671":3323.8,"672":3323.9,"673":3324.0,"674":3324.1,"675":3324.2,"676":3324.3,"677":3324.4,"678":3324.5,"679":3324.6,"680":3324.7,"681":3324.8,"682":3324.9,"683":3325.0,"684":3325.1,"685":3325.2,"686":3325.3,"687":3325.4,"688":3325.5,"689":3325.6,"690":3325.7,"691":3325.8,"692":3325.9,"693":3326.0,"694":3326.1,"695":3326.2,"696":3326.3,"697":3326.4,"698":3326.5,"699":3326.6,"700":3326.7,"701":3326.8,"702":3326.9,"703":3327.0,"704":3327.1,"705":3327.2,"706":3327.3,"707":3327.4,"708":3327.5,"709":3327.6,"710":3327.7,"711":3327.8,"712":3327.9,"713":3328.0,"714":3328.1,"715":3328.2,"716":3328.3,"717":3328.4,"718":3328.5,"719":3328.6,"720":3328.7,"721":3328.8,"722":3328.9,"723":3329.0,"724":3329.1,"725":3329.2,"726":3329.3,"727":3329.4,"728":3329.5,"729":3329.6,"730":3329.7,"731":3329.8,"732":3329.9,"733":3330.0,"734":3330.1,"735":3330.2,"736":3330.3,"737":3330.4,"738":3330.5,"739":3330.6,"740":3330.7,"741":3330.8,"742":3330.9,"743":3331.0,"744":3331.1,"745":3331.2,"746":3331.3,"747":3331.4,"748":3331.5,"749":3331.6,"750":3331.7,"751":3331.8,"752":3331.9,"753":3332.0,"754":3332.1,"755":3332.2,"756":3332.3,"757":3332.4,"758":3332.5,"759":3332.6,"760":3332.7,"761":3332.8,"762":3332.9,"763":3333.0,"764":3333.1,"765":3333.2,"766":3333.3,"767":3333.4,"768":3333.5,"769":3333.6,"770":3333.7,"771":3333.8,"772":3333.9,"773":3334.0,"774":3334.1,"775":3334.2,"776":3334.3,"777":3334.4,"778":3334.5,"779":3334.6,"780":3334.7,"781":3334.8,"782":3334.9,"783":3335.0,"784":3335.1,"785":3335.2,"786":3335.3,"787":3335.4,"788":3335.5,"789":3335.6,"790":3335.7,"791":3335.8,"792":3335.9,"793":3336.0,"794":3336.1,"795":3336.2,"796":3336.3,"797":3336.4,"798":3336.5,"799":3336.6,"800":3336.7,"801":3336.8,"802":3336.9,"803":3337.0,"804":3337.1,"805":3337.2,"806":3337.3,"807":3337.4,"808":3337.5,"809":3337.6,"810":3337.7,"811":3337.8,"812":3337.9,"813":3338.0,"814":3338.1,"815":3338.2,"816":3338.3,"817":3338.4,"818":3338.5,"819":3338.6,"820":3338.7,"821":3338.8,"822":3338.9,"823":3339.0,"824":3339.1,"825":3339.2,"826":3339.3,"827":3339.4,"828":3339.5,"829":3339.6,"830":3339.7,"831":3339.8,"832":3339.8,"833":3339.8,"834":3339.8,"835":3339.8,"836":3339.8,"837":3339.8,"838":3339.9,"839":3340.0,"840":3340.1,"841":3340.2,"842":3340.3,"843":3340.4,"844":3340.5,"845":3340.6,"846":3340.7,"847":3340.8,"848":3340.9,"849":3341.0,"850":3341.1,"851":3341.2,"852":3341.3,"853":3341.4,"854":3341.5,"855":3341.6,"856":3341.7,"857":3341.8,"858":3341.9,"859":3342.0,"860":3342.1,"861":3342.2,"862":3342.3,"863":3342.4,"864":3342.5,"865":3342.6,"866":3342.7,"867":3342.8,"868":3342.9,"869":3343.0,"870":3343.1,"871":3343.2,"872":3343.3,"873":3343.4,"874":3343.5,"875":3343.6,"876":3343.7,"877":3343.8,"878":3343.9,"879":3344.0,"880":3344.1,"881":3344.2,"882":3344.3,"883":3344.4,"884":3344.5,"885":3344.6,"886":3344.7,"887":3344.8,"888":3344.9,"889":3345.0,"890":3345.1,"891":3345.2,"892":3345.3,"893":3345.4,"894":3345.5,"895":3345.6,"896":3345.7,"897":3345.8,"898":3345.9,"899":3346.0,"900":3346.1,"901":3346.2,"902":3346.3,"903":3346.4,"904":3346.5,"905":3346.6,"906":3346.7,"907":3346.8,"908":3346.9,"909":3347.0,"910":3347.1,"911":3347.2,"912":3347.3,"913":3347.4,"914":3347.5,"915":3347.6,"916":3347.7,"917":3347.8,"918":3347.9,"919":3348.0,"920":3348.1,"921":3348.2,"922":3348.3,"923":3348.4,"924":3348.5,"925":3348.6,"926":3348.7,"927":3348.8,"928":3348.9,"929":3349.0,"930":3349.1,"931":3349.2,"932":3349.3,"933":3349.4,"934":3349.5,"935":3349.6,"936":3349.7,"937":3349.8,"938":3349.9,"939":3350.0,"940":3350.1,"941":3350.2,"942":3350.3,"943":3350.4,"944":3350.5,"945":3350.6,"946":3350.7,"947":3350.8,"948":3351.3,"949":3351.4,"950":3351.5,"951":3351.6,"952":3351.7,"953":3351.8,"954":3351.9,"955":3352.0,"956":3352.1,"957":3352.2,"958":3352.3,"959":3352.4,"960":3352.5,"961":3352.6,"962":3352.7,"963":3352.8,"964":3352.9,"965":3353.0,"966":3353.1,"967":3353.2,"968":3353.3,"969":3353.4,"970":3353.5,"971":3353.6,"972":3353.7,"973":3353.8,"974":3353.9,"975":3354.0,"976":3354.1,"977":3354.2,"978":3354.3,"979":3354.4,"980":3354.5,"981":3354.6,"982":3354.7,"983":3354.8,"984":3354.9,"985":3355.0,"986":3355.1,"987":3355.2,"988":3355.3,"989":3355.4,"990":3355.5,"991":3355.6,"992":3355.7,"993":3355.8,"994":3355.9,"995":3356.0,"996":3356.1,"997":3356.2,"998":3356.3,"999":3356.4,"1000":3356.5,"1001":3356.6,"1002":3356.7,"1003":3356.8,"1004":3356.9,"1005":3357.0,"1006":3357.1,"1007":3357.2,"1008":3357.3,"1009":3357.4,"1010":3357.5,"1011":3357.6,"1012":3357.7,"1013":3357.8,"1014":3357.9,"1015":3358.0,"1016":3358.1,"1017":3358.2,"1018":3358.3,"1019":3358.4,"1020":3358.5,"1021":3358.6,"1022":3358.7,"1023":3358.8,"1024":3358.9,"1025":3359.0,"1026":3359.1,"1027":3359.2,"1028":3359.3,"1029":3359.4,"1030":3359.5,"1031":3359.6,"1032":3359.7,"1033":3359.8,"1034":3359.9,"1035":3360.0,"1036":3360.1,"1037":3360.2,"1038":3360.3,"1039":3360.4,"1040":3360.5,"1041":3360.6,"1042":3360.7,"1043":3360.8,"1044":3360.9,"1045":3361.0,"1046":3361.1,"1047":3361.2,"1048":3361.3,"1049":3361.4,"1050":3361.5,"1051":3361.6,"1052":3361.7,"1053":3361.8,"1054":3361.9,"1055":3362.0,"1056":3362.1,"1057":3362.2,"1058":3362.3,"1059":3362.4,"1060":3362.5,"1061":3362.6,"1062":3362.7,"1063":3362.8,"1064":3362.9,"1065":3363.0,"1066":3363.1,"1067":3363.2,"1068":3363.3,"1069":3363.4,"1070":3363.5,"1071":3363.6,"1072":3363.7,"1073":3363.8,"1074":3363.9,"1075":3364.0,"1076":3364.1,"1077":3364.2,"1078":3364.3,"1079":3364.4,"1080":3364.5,"1081":3364.6,"1082":3364.7,"1083":3364.8,"1084":3364.9,"1085":3365.0,"1086":3365.1,"1087":3365.2,"1088":3365.3,"1089":3365.4,"1090":3365.5,"1091":3365.6,"1092":3365.7,"1093":3365.8,"1094":3365.9,"1095":3366.0,"1096":3366.1,"1097":3366.2,"1098":3366.3,"1099":3366.4,"1100":3366.5,"1101":3366.6,"1102":3366.7,"1103":3366.8,"1104":3366.9,"1105":3367.0,"1106":3367.1,"1107":3367.2,"1108":3367.3,"1109":3367.4,"1110":3367.5,"1111":3367.6,"1112":3367.7,"1113":3367.8,"1114":3367.9,"1115":3368.0,"1116":3368.1,"1117":3368.2,"1118":3368.3,"1119":3368.4,"1120":3368.5,"1121":3368.6,"1122":3368.7,"1123":3368.8,"1124":3368.9,"1125":3369.0,"1126":3369.1,"1127":3369.2,"1128":3369.3,"1129":3369.4,"1130":3369.5,"1131":3369.6,"1132":3369.7,"1133":3369.8,"1134":3369.9,"1135":3370.0,"1136":3370.1,"1137":3370.2,"1138":3370.3,"1139":3370.4,"1140":3370.5,"1141":3370.6,"1142":3370.7,"1143":3370.8,"1144":3370.9,"1145":3371.0,"1146":3371.1,"1147":3371.2,"1148":3371.3,"1149":3371.4,"1150":3371.5,"1151":3371.6,"1152":3371.7,"1153":3371.8,"1154":3371.9,"1155":3372.0,"1156":3372.1,"1157":3372.2,"1158":3372.3,"1159":3372.4,"1160":3372.5,"1161":3372.6,"1162":3372.7,"1163":3372.8,"1164":3372.9,"1165":3373.0,"1166":3373.1,"1167":3373.2,"1168":3373.3,"1169":3373.4,"1170":3373.5,"1171":3373.6,"1172":3373.7,"1173":3373.8,"1174":3373.9,"1175":3374.0,"1176":3374.1,"1177":3374.2,"1178":3374.3,"1179":3374.4,"1180":3374.5,"1181":3374.6,"1182":3374.7,"1183":3374.8,"1184":3374.9,"1185":3375.0,"1186":3375.1,"1187":3375.2,"1188":3375.3,"1189":3375.4,"1190":3375.5,"1191":3375.6,"1192":3375.7,"1193":3375.8,"1194":3375.9,"1195":3376.0,"1196":3376.0,"1197":3376.1,"1198":3376.6,"1199":3376.7,"1200":3376.8,"1201":3376.9,"1202":3377.0,"1203":3377.1,"1204":3377.2,"1205":3377.3,"1206":3377.4,"1207":3377.5,"1208":3377.6,"1209":3377.7,"1210":3377.8,"1211":3377.9,"1212":3378.0,"1213":3378.1,"1214":3378.2,"1215":3378.3,"1216":3378.4,"1217":3378.5,"1218":3378.6,"1219":3378.7,"1220":3378.8,"1221":3378.9,"1222":3379.0,"1223":3379.1,"1224":3379.2,"1225":3379.3,"1226":3379.4,"1227":3379.5,"1228":3379.6,"1229":3379.7,"1230":3379.8,"1231":3379.9,"1232":3380.0,"1233":3380.1,"1234":3380.2,"1235":3380.3,"1236":3380.4,"1237":3380.5,"1238":3380.6,"1239":3380.7,"1240":3380.8,"1241":3380.9,"1242":3381.0,"1243":3381.1,"1244":3381.2,"1245":3381.3,"1246":3381.4,"1247":3381.5,"1248":3381.6,"1249":3381.7,"1250":3381.8,"1251":3381.9,"1252":3382.0,"1253":3382.1,"1254":3382.2,"1255":3382.3,"1256":3382.4,"1257":3382.5,"1258":3382.6,"1259":3382.7,"1260":3382.8,"1261":3382.9,"1262":3383.0,"1263":3383.1,"1264":3383.2,"1265":3383.3,"1266":3383.4,"1267":3383.5,"1268":3383.6,"1269":3383.7,"1270":3383.8,"1271":3383.9,"1272":3384.0,"1273":3384.1,"1274":3384.2,"1275":3384.3,"1276":3384.4,"1277":3384.5,"1278":3384.6,"1279":3384.7,"1280":3384.8,"1281":3384.9,"1282":3385.0,"1283":3385.1,"1284":3385.2,"1285":3385.3,"1286":3385.4,"1287":3385.5,"1288":3385.6,"1289":3385.7,"1290":3385.8,"1291":3385.9,"1292":3386.0,"1293":3386.1,"1294":3386.2,"1295":3386.3,"1296":3386.4,"1297":3386.5,"1298":3386.6,"1299":3386.7,"1300":3386.8,"1301":3386.9,"1302":3387.0,"1303":3387.1,"1304":3387.2,"1305":3387.3,"1306":3387.4,"1307":3387.5,"1308":3387.6,"1309":3387.7,"1310":3387.8,"1311":3387.9,"1312":3388.0,"1313":3388.1,"1314":3388.2,"1315":3388.3,"1316":3388.4,"1317":3388.5,"1318":3388.6,"1319":3388.7,"1320":3388.8,"1321":3388.9,"1322":3389.0,"1323":3389.1,"1324":3389.2,"1325":3389.3,"1326":3389.4,"1327":3389.5,"1328":3389.6,"1329":3389.7,"1330":3389.8,"1331":3389.9,"1332":3390.0,"1333":3390.1,"1334":3390.2,"1335":3390.3,"1336":3390.4,"1337":3390.5,"1338":3390.6,"1339":3390.7,"1340":3390.8,"1341":3390.9,"1342":3391.0,"1343":3391.1,"1344":3391.2,"1345":3391.3,"1346":3391.4,"1347":3391.5,"1348":3391.6,"1349":3391.7,"1350":3391.8,"1351":3391.9,"1352":3392.0,"1353":3392.1,"1354":3392.2,"1355":3392.3,"1356":3392.4,"1357":3392.5,"1358":3392.6,"1359":3392.7,"1360":3392.8,"1361":3392.9,"1362":3393.0,"1363":3393.1,"1364":3393.2,"1365":3393.3,"1366":3393.4,"1367":3393.5,"1368":3393.6,"1369":3393.7,"1370":3393.8,"1371":3393.9,"1372":3394.0,"1373":3394.1,"1374":3394.2,"1375":3394.3,"1376":3394.4,"1377":3394.5,"1378":3394.6,"1379":3394.7,"1380":3394.8,"1381":3394.9,"1382":3395.0,"1383":3395.1,"1384":3395.2,"1385":3395.3,"1386":3395.4,"1387":3395.5,"1388":3395.6,"1389":3395.7,"1390":3395.8,"1391":3395.9,"1392":3396.0,"1393":3396.1,"1394":3396.2,"1395":3396.3,"1396":3396.4,"1397":3396.5,"1398":3396.6,"1399":3396.7,"1400":3396.8,"1401":3396.9,"1402":3397.0,"1403":3397.1,"1404":3397.2,"1405":3397.3,"1406":3397.4,"1407":3397.5,"1408":3397.6,"1409":3397.7,"1410":3397.8,"1411":3397.9,"1412":3398.0,"1413":3398.1,"1414":3398.2,"1415":3398.3,"1416":3398.4,"1417":3398.5,"1418":3398.6,"1419":3398.7,"1420":3398.8,"1421":3398.9,"1422":3399.0,"1423":3399.1,"1424":3399.2,"1425":3399.3,"1426":3399.4,"1427":3399.5,"1428":3399.6,"1429":3399.7,"1430":3399.8,"1431":3399.9,"1432":3400.0,"1433":3400.1,"1434":3400.2,"1435":3400.3,"1436":3400.4,"1437":3400.5,"1438":3400.6,"1439":3400.7,"1440":3400.8,"1441":3400.9,"1442":3401.0,"1443":3401.1,"1444":3401.2,"1445":3401.3,"1446":3401.4,"1447":3401.5,"1448":3401.6,"1449":3401.7,"1450":3401.8,"1451":3401.9,"1452":3402.0,"1453":3402.1,"1454":3402.2,"1455":3402.3,"1456":3402.4,"1457":3402.5,"1458":3402.6,"1459":3402.7,"1460":3402.8,"1461":3402.9,"1462":3403.0,"1463":3403.1,"1464":3403.2,"1465":3403.3,"1466":3403.4,"1467":3403.5,"1468":3403.6,"1469":3403.7,"1470":3403.8,"1471":3403.9,"1472":3404.0,"1473":3404.1,"1474":3404.2,"1475":3404.3,"1476":3404.4,"1477":3404.5,"1478":3404.6,"1479":3404.7,"1480":3404.8,"1481":3404.9,"1482":3405.0,"1483":3405.1,"1484":3405.2,"1485":3405.3,"1486":3405.4,"1487":3405.5,"1488":3405.6,"1489":3405.7,"1490":3405.8,"1491":3405.9,"1492":3406.0,"1493":3406.1,"1494":3406.2,"1495":3406.3,"1496":3406.4,"1497":3406.5,"1498":3406.6,"1499":3406.7,"1500":3406.8,"1501":3406.9,"1502":3407.0,"1503":3407.1,"1504":3407.2,"1505":3407.3,"1506":3407.4,"1507":3407.5,"1508":3407.6,"1509":3407.7,"1510":3407.8,"1511":3407.9,"1512":3408.0,"1513":3408.1,"1514":3408.2,"1515":3408.3,"1516":3408.4,"1517":3408.5,"1518":3408.6,"1519":3408.7,"1520":3408.8,"1521":3408.9,"1522":3409.0,"1523":3409.1,"1524":3409.2,"1525":3409.3,"1526":3409.4,"1527":3409.5,"1528":3409.6,"1529":3409.7,"1530":3409.8,"1531":3409.9,"1532":3410.0,"1533":3410.1,"1534":3410.2,"1535":3410.3,"1536":3410.4,"1537":3410.5,"1538":3410.6,"1539":3410.7,"1540":3410.8,"1541":3410.9,"1542":3411.0,"1543":3411.1,"1544":3411.2,"1545":3411.3,"1546":3411.4,"1547":3411.5,"1548":3411.6,"1549":3411.7,"1550":3411.8,"1551":3411.9,"1552":3412.0,"1553":3412.1,"1554":3412.2,"1555":3412.3,"1556":3412.4,"1557":3412.5,"1558":3412.6,"1559":3412.7,"1560":3412.8,"1561":3412.9,"1562":3413.0,"1563":3413.1,"1564":3413.2,"1565":3413.3,"1566":3413.4,"1567":3413.5,"1568":3413.6,"1569":3413.7,"1570":3413.8,"1571":3413.9,"1572":3414.0,"1573":3414.1,"1574":3414.2,"1575":3414.3,"1576":3414.4,"1577":3414.5,"1578":3414.6,"1579":3414.7,"1580":3414.8,"1581":3414.9,"1582":3415.0,"1583":3415.1,"1584":3415.2,"1585":3415.3,"1586":3415.4,"1587":3415.5,"1588":3415.6,"1589":3415.7,"1590":3415.8,"1591":3415.9,"1592":3416.0,"1593":3416.1,"1594":3416.2,"1595":3416.3,"1596":3416.4,"1597":3416.5,"1598":3416.6,"1599":3416.7,"1600":3416.8,"1601":3416.9,"1602":3417.0,"1603":3417.1,"1604":3417.2,"1605":3417.3,"1606":3417.4,"1607":3417.5,"1608":3417.6,"1609":3417.7,"1610":3417.8,"1611":3417.9,"1612":3418.0,"1613":3418.1,"1614":3418.2,"1615":3418.3,"1616":3418.4,"1617":3418.5,"1618":3418.6,"1619":3418.7,"1620":3418.8,"1621":3418.9,"1622":3419.0,"1623":3419.1,"1624":3419.1,"1625":3419.1,"1626":3419.2,"1627":3419.2,"1628":3419.2,"1629":3419.2,"1630":3419.2,"1631":3419.3,"1632":3419.3,"1633":3419.3,"1634":3419.3,"1635":3419.4,"1636":3419.5,"1637":3419.6,"1638":3419.7,"1639":3419.8,"1640":3419.8,"1641":3419.8,"1642":3419.8,"1643":3419.8,"1644":3419.9,"1645":3419.9,"1646":3419.9,"1647":3420.0,"1648":3420.1,"1649":3420.1,"1650":3420.2,"1651":3420.3,"1652":3420.4,"1653":3420.5,"1654":3420.6,"1655":3420.7,"1656":3420.8,"1657":3420.9,"1658":3421.0,"1659":3421.1,"1660":3421.2,"1661":3421.3,"1662":3421.4,"1663":3421.5,"1664":3421.6,"1665":3421.7,"1666":3421.8,"1667":3421.9,"1668":3422.0,"1669":3422.1,"1670":3422.2,"1671":3422.3,"1672":3422.4,"1673":3422.5,"1674":3422.6,"1675":3422.7,"1676":3422.8,"1677":3422.9,"1678":3423.0,"1679":3423.1,"1680":3423.2,"1681":3423.3,"1682":3423.4,"1683":3423.5,"1684":3423.6,"1685":3423.7,"1686":3423.8,"1687":3423.9,"1688":3424.0,"1689":3424.1,"1690":3424.2,"1691":3424.3,"1692":3424.4,"1693":3424.5,"1694":3424.6,"1695":3424.7,"1696":3424.7,"1697":3424.7,"1698":3424.7,"1699":3424.8,"1700":3424.8,"1701":3424.8,"1702":3424.9,"1703":3424.9,"1704":3425.0,"1705":3425.1,"1706":3425.2,"1707":3425.3,"1708":3425.4,"1709":3425.4,"1710":3425.5,"1711":3425.6,"1712":3425.7,"1713":3425.8,"1714":3425.8,"1715":3425.9,"1716":3426.0,"1717":3426.1,"1718":3426.2,"1719":3426.3,"1720":3426.4,"1721":3426.5,"1722":3426.6,"1723":3426.7,"1724":3426.7,"1725":3426.8,"1726":3426.9,"1727":3427.0,"1728":3427.1,"1729":3427.2,"1730":3427.3,"1731":3427.3,"1732":3427.4,"1733":3427.4,"1734":3427.4,"1735":3427.5,"1736":3427.5,"1737":3427.6,"1738":3427.7,"1739":3427.8,"1740":3427.9,"1741":3428.0,"1742":3428.1,"1743":3428.2,"1744":3428.3,"1745":3428.4,"1746":3428.5,"1747":3428.6,"1748":3428.7,"1749":3428.8,"1750":3428.9,"1751":3429.0,"1752":3429.1,"1753":3429.2,"1754":3429.3,"1755":3429.4,"1756":3429.5,"1757":3429.6,"1758":3429.7,"1759":3429.8,"1760":3429.9,"1761":3430.0,"1762":3430.1,"1763":3430.2,"1764":3430.3,"1765":3430.4,"1766":3430.5,"1767":3430.6,"1768":3430.7,"1769":3430.8,"1770":3430.9,"1771":3431.0,"1772":3431.1,"1773":3431.2,"1774":3431.3,"1775":3431.4,"1776":3431.5,"1777":3431.6,"1778":3431.7,"1779":3431.8,"1780":3431.9,"1781":3432.0,"1782":3432.1,"1783":3432.2,"1784":3432.3,"1785":3432.4,"1786":3432.5,"1787":3432.6,"1788":3432.7,"1789":3432.8,"1790":3432.9,"1791":3433.0,"1792":3433.1,"1793":3433.2,"1794":3433.3,"1795":3433.4,"1796":3433.5,"1797":3433.6,"1798":3433.7,"1799":3433.8,"1800":3433.9,"1801":3434.0,"1802":3434.1,"1803":3434.2,"1804":3434.3,"1805":3434.4,"1806":3434.5,"1807":3434.6,"1808":3434.7,"1809":3434.8,"1810":3434.9,"1811":3435.0,"1812":3435.1,"1813":3435.2,"1814":3435.3,"1815":3435.4,"1816":3435.5,"1817":3435.6,"1818":3435.7,"1819":3435.8,"1820":3435.9,"1821":3436.0,"1822":3436.1,"1823":3436.2,"1824":3436.3,"1825":3436.4,"1826":3436.5,"1827":3436.6,"1828":3436.7,"1829":3436.8,"1830":3436.9,"1831":3437.0,"1832":3437.1,"1833":3437.2,"1834":3437.3,"1835":3437.4,"1836":3437.5,"1837":3437.6,"1838":3437.6,"1839":3437.7,"1840":3437.8,"1841":3437.9,"1842":3438.0,"1843":3438.1,"1844":3438.2,"1845":3438.3,"1846":3438.4,"1847":3438.8,"1848":3439.1,"1849":3439.2,"1850":3439.3,"1851":3439.4,"1852":3439.5,"1853":3439.6,"1854":3439.7,"1855":3439.8,"1856":3439.9,"1857":3440.0,"1858":3440.1,"1859":3440.2,"1860":3440.3,"1861":3440.4,"1862":3440.5,"1863":3440.6,"1864":3440.7,"1865":3440.8,"1866":3440.9,"1867":3441.0,"1868":3441.1,"1869":3441.2,"1870":3441.3,"1871":3441.4,"1872":3441.5,"1873":3441.6,"1874":3441.7,"1875":3441.8,"1876":3441.9,"1877":3442.0,"1878":3442.1,"1879":3442.2,"1880":3442.3,"1881":3442.4,"1882":3442.5,"1883":3442.6,"1884":3442.7,"1885":3442.8,"1886":3442.9,"1887":3443.0,"1888":3443.1,"1889":3443.2,"1890":3443.3,"1891":3443.4,"1892":3443.5,"1893":3443.6,"1894":3443.7,"1895":3443.8,"1896":3443.9,"1897":3444.0,"1898":3444.1,"1899":3444.2,"1900":3444.3,"1901":3444.4,"1902":3444.5,"1903":3444.6,"1904":3444.7,"1905":3444.8,"1906":3444.9,"1907":3445.0,"1908":3445.1,"1909":3445.2,"1910":3445.3,"1911":3445.4,"1912":3445.5,"1913":3445.6,"1914":3445.7,"1915":3445.8,"1916":3445.9,"1917":3446.0,"1918":3446.1,"1919":3446.2,"1920":3446.3,"1921":3446.4,"1922":3446.5,"1923":3446.6,"1924":3446.7,"1925":3446.8,"1926":3446.9,"1927":3447.0,"1928":3447.1,"1929":3447.2,"1930":3447.3,"1931":3447.4,"1932":3447.5,"1933":3447.6,"1934":3447.7,"1935":3447.8,"1936":3447.9,"1937":3448.0,"1938":3448.1,"1939":3448.2,"1940":3448.3,"1941":3448.4,"1942":3448.5,"1943":3448.6,"1944":3448.7,"1945":3448.8,"1946":3448.9,"1947":3449.0,"1948":3449.1,"1949":3449.2,"1950":3449.3,"1951":3449.4,"1952":3449.5,"1953":3449.6,"1954":3449.7,"1955":3449.8,"1956":3449.9,"1957":3450.0,"1958":3450.1,"1959":3450.2,"1960":3450.3,"1961":3450.4,"1962":3450.5,"1963":3450.6,"1964":3450.7,"1965":3450.8,"1966":3450.9,"1967":3451.0,"1968":3451.1,"1969":3451.2,"1970":3451.3,"1971":3451.4,"1972":3451.5,"1973":3451.6,"1974":3451.7,"1975":3451.8,"1976":3451.9,"1977":3452.0,"1978":3452.1,"1979":3452.2,"1980":3452.3,"1981":3452.4,"1982":3452.5,"1983":3452.6,"1984":3452.7,"1985":3452.8,"1986":3452.9,"1987":3453.0,"1988":3453.1,"1989":3453.2,"1990":3453.3,"1991":3453.4,"1992":3453.5,"1993":3453.6,"1994":3453.7,"1995":3453.8,"1996":3453.9,"1997":3454.0,"1998":3454.1,"1999":3454.2,"2000":3454.3,"2001":3454.4,"2002":3454.5,"2003":3454.6,"2004":3454.7,"2005":3454.8,"2006":3454.9,"2007":3455.0,"2008":3455.1,"2009":3455.2,"2010":3455.3,"2011":3455.4,"2012":3455.5,"2013":3455.6,"2014":3455.7,"2015":3455.8,"2016":3455.9,"2017":3456.0,"2018":3456.1,"2019":3456.2,"2020":3456.3,"2021":3456.4,"2022":3456.5,"2023":3456.6,"2024":3456.7,"2025":3456.8,"2026":3456.9,"2027":3457.0,"2028":3457.1,"2029":3457.2,"2030":3457.3,"2031":3457.4,"2032":3457.5,"2033":3457.6,"2034":3457.7,"2035":3457.8,"2036":3457.9,"2037":3458.0,"2038":3458.1,"2039":3458.2,"2040":3458.3,"2041":3458.4,"2042":3458.5,"2043":3458.6,"2044":3458.7,"2045":3458.8,"2046":3458.9,"2047":3459.0,"2048":3459.1,"2049":3459.2,"2050":3459.3,"2051":3459.4,"2052":3459.5,"2053":3459.6,"2054":3459.7,"2055":3459.8,"2056":3459.9,"2057":3460.0,"2058":3460.1,"2059":3460.2,"2060":3460.3,"2061":3460.4,"2062":3460.5,"2063":3460.6,"2064":3460.7,"2065":3460.8,"2066":3460.9,"2067":3461.0,"2068":3461.1,"2069":3461.2,"2070":3461.3,"2071":3461.4,"2072":3461.5,"2073":3461.6,"2074":3461.7,"2075":3461.8,"2076":3461.9,"2077":3462.0,"2078":3462.1,"2079":3462.2,"2080":3462.3,"2081":3462.4,"2082":3462.5}}
[2025-03-04T17:28:45.160+0000] {taskinstance.py:341} INFO - ::group::Post task execution logs
[2025-03-04T17:28:45.160+0000] {taskinstance.py:353} INFO - Marking task as SUCCESS. dag_id=ha_etl_process, task_id=extract_task, run_id=scheduled__2025-03-03T00:00:00+00:00, execution_date=20250303T000000, start_date=20250304T172843, end_date=20250304T172845
[2025-03-04T17:28:45.187+0000] {logging_mixin.py:190} INFO - Task instance in success state
[2025-03-04T17:28:45.187+0000] {logging_mixin.py:190} INFO -  Previous state of the Task instance: running
[2025-03-04T17:28:45.188+0000] {logging_mixin.py:190} INFO - Dag name:ha_etl_process queued_at:2025-03-04 17:28:41.027031+00:00
[2025-03-04T17:28:45.189+0000] {logging_mixin.py:190} INFO - Task hostname:151d4861bf1b operator:PythonOperator
[2025-03-04T17:28:45.235+0000] {local_task_job_runner.py:266} INFO - Task exited with return code 0
[2025-03-04T17:28:45.281+0000] {taskinstance.py:3901} INFO - 1 downstream tasks scheduled from follow-on schedule check
[2025-03-04T17:28:45.285+0000] {local_task_job_runner.py:245} INFO - ::endgroup::
