[2025-02-28T22:20:55.015+0000] {local_task_job_runner.py:123} INFO - ::group::Pre task execution logs
[2025-02-28T22:20:55.038+0000] {taskinstance.py:2614} INFO - Dependencies all met for dep_context=non-requeueable deps ti=<TaskInstance: ha_etl_process.load_task manual__2025-02-28T22:20:47.871867+00:00 [queued]>
[2025-02-28T22:20:55.049+0000] {taskinstance.py:2614} INFO - Dependencies all met for dep_context=requeueable deps ti=<TaskInstance: ha_etl_process.load_task manual__2025-02-28T22:20:47.871867+00:00 [queued]>
[2025-02-28T22:20:55.050+0000] {taskinstance.py:2867} INFO - Starting attempt 1 of 2
[2025-02-28T22:20:55.064+0000] {taskinstance.py:2890} INFO - Executing <Task(PythonOperator): load_task> on 2025-02-28 22:20:47.871867+00:00
[2025-02-28T22:20:55.077+0000] {logging_mixin.py:190} WARNING - /home/***/.local/lib/python3.12/site-packages/***/task/task_runner/standard_task_runner.py:70 DeprecationWarning: This process (pid=504) is multi-threaded, use of fork() may lead to deadlocks in the child.
[2025-02-28T22:20:55.079+0000] {standard_task_runner.py:72} INFO - Started process 506 to run task
[2025-02-28T22:20:55.077+0000] {standard_task_runner.py:104} INFO - Running: ['***', 'tasks', 'run', 'ha_etl_process', 'load_task', 'manual__2025-02-28T22:20:47.871867+00:00', '--job-id', '162', '--raw', '--subdir', 'DAGS_FOLDER/ha_etl_process.py', '--cfg-path', '/tmp/tmp9ygz2isy']
[2025-02-28T22:20:55.080+0000] {standard_task_runner.py:105} INFO - Job 162: Subtask load_task
[2025-02-28T22:20:55.158+0000] {task_command.py:467} INFO - Running <TaskInstance: ha_etl_process.load_task manual__2025-02-28T22:20:47.871867+00:00 [running]> on host 151d4861bf1b
[2025-02-28T22:20:55.245+0000] {taskinstance.py:3134} INFO - Exporting env vars: AIRFLOW_CTX_DAG_OWNER='***' AIRFLOW_CTX_DAG_ID='ha_etl_process' AIRFLOW_CTX_TASK_ID='load_task' AIRFLOW_CTX_EXECUTION_DATE='2025-02-28T22:20:47.871867+00:00' AIRFLOW_CTX_TRY_NUMBER='1' AIRFLOW_CTX_DAG_RUN_ID='manual__2025-02-28T22:20:47.871867+00:00'
[2025-02-28T22:20:55.247+0000] {logging_mixin.py:190} INFO - Task instance is in running state
[2025-02-28T22:20:55.247+0000] {logging_mixin.py:190} INFO -  Previous state of the Task instance: queued
[2025-02-28T22:20:55.248+0000] {logging_mixin.py:190} INFO - Current task name:load_task state:running start_date:2025-02-28 22:20:55.038846+00:00
[2025-02-28T22:20:55.248+0000] {logging_mixin.py:190} INFO - Dag name:ha_etl_process and current dag run status:running
[2025-02-28T22:20:55.249+0000] {taskinstance.py:732} INFO - ::endgroup::
[2025-02-28T22:20:55.266+0000] {logging_mixin.py:190} WARNING - /opt/***/dags/ha_etl_process.py:182 FutureWarning: Passing literal json to 'read_json' is deprecated and will be removed in a future version. To read from a literal string, wrap it in a 'StringIO' object.
[2025-02-28T22:20:55.336+0000] {logging_mixin.py:190} INFO - ✅ Dados carregados com sucesso em /opt/***/dags/output/data.parquet
[2025-02-28T22:20:55.337+0000] {python.py:240} INFO - Done. Returned value was: None
[2025-02-28T22:20:55.347+0000] {taskinstance.py:341} INFO - ::group::Post task execution logs
[2025-02-28T22:20:55.348+0000] {taskinstance.py:353} INFO - Marking task as SUCCESS. dag_id=ha_etl_process, task_id=load_task, run_id=manual__2025-02-28T22:20:47.871867+00:00, execution_date=20250228T222047, start_date=20250228T222055, end_date=20250228T222055
[2025-02-28T22:20:55.378+0000] {logging_mixin.py:190} INFO - Task instance in success state
[2025-02-28T22:20:55.379+0000] {logging_mixin.py:190} INFO -  Previous state of the Task instance: running
[2025-02-28T22:20:55.380+0000] {logging_mixin.py:190} INFO - Dag name:ha_etl_process queued_at:2025-02-28 22:20:47.908482+00:00
[2025-02-28T22:20:55.380+0000] {logging_mixin.py:190} INFO - Task hostname:151d4861bf1b operator:PythonOperator
[2025-02-28T22:20:55.415+0000] {local_task_job_runner.py:266} INFO - Task exited with return code 0
[2025-02-28T22:20:55.439+0000] {taskinstance.py:3901} INFO - 0 downstream tasks scheduled from follow-on schedule check
[2025-02-28T22:20:55.441+0000] {local_task_job_runner.py:245} INFO - ::endgroup::
