[2025-02-21T15:40:25.911+0000] {local_task_job_runner.py:123} INFO - ::group::Pre task execution logs
[2025-02-21T15:40:25.932+0000] {taskinstance.py:2614} INFO - Dependencies all met for dep_context=non-requeueable deps ti=<TaskInstance: example_bash_operator.runme_2 manual__2025-02-21T15:40:19+00:00 [queued]>
[2025-02-21T15:40:25.941+0000] {taskinstance.py:2614} INFO - Dependencies all met for dep_context=requeueable deps ti=<TaskInstance: example_bash_operator.runme_2 manual__2025-02-21T15:40:19+00:00 [queued]>
[2025-02-21T15:40:25.942+0000] {taskinstance.py:2867} INFO - Starting attempt 1 of 1
[2025-02-21T15:40:25.964+0000] {taskinstance.py:2890} INFO - Executing <Task(BashOperator): runme_2> on 2025-02-21 15:40:19+00:00
[2025-02-21T15:40:25.980+0000] {standard_task_runner.py:104} INFO - Running: ['***', 'tasks', 'run', 'example_bash_operator', 'runme_2', 'manual__2025-02-21T15:40:19+00:00', '--job-id', '10', '--raw', '--subdir', '/home/***/.local/lib/python3.12/site-packages/***/example_dags/example_bash_operator.py', '--cfg-path', '/tmp/tmp2_986wc8']
[2025-02-21T15:40:25.984+0000] {standard_task_runner.py:105} INFO - Job 10: Subtask runme_2
[2025-02-21T15:40:25.987+0000] {logging_mixin.py:190} WARNING - /home/***/.local/lib/python3.12/site-packages/***/task/task_runner/standard_task_runner.py:70 DeprecationWarning: This process (pid=1390) is multi-threaded, use of fork() may lead to deadlocks in the child.
[2025-02-21T15:40:25.988+0000] {standard_task_runner.py:72} INFO - Started process 1404 to run task
[2025-02-21T15:40:26.049+0000] {task_command.py:467} INFO - Running <TaskInstance: example_bash_operator.runme_2 manual__2025-02-21T15:40:19+00:00 [running]> on host 151d4861bf1b
[2025-02-21T15:40:26.158+0000] {taskinstance.py:3134} INFO - Exporting env vars: AIRFLOW_CTX_DAG_OWNER='***' AIRFLOW_CTX_DAG_ID='example_bash_operator' AIRFLOW_CTX_TASK_ID='runme_2' AIRFLOW_CTX_EXECUTION_DATE='2025-02-21T15:40:19+00:00' AIRFLOW_CTX_TRY_NUMBER='1' AIRFLOW_CTX_DAG_RUN_ID='manual__2025-02-21T15:40:19+00:00'
[2025-02-21T15:40:26.159+0000] {logging_mixin.py:190} INFO - Task instance is in running state
[2025-02-21T15:40:26.160+0000] {logging_mixin.py:190} INFO -  Previous state of the Task instance: queued
[2025-02-21T15:40:26.160+0000] {logging_mixin.py:190} INFO - Current task name:runme_2 state:running start_date:2025-02-21 15:40:25.932839+00:00
[2025-02-21T15:40:26.161+0000] {logging_mixin.py:190} INFO - Dag name:example_bash_operator and current dag run status:running
[2025-02-21T15:40:26.161+0000] {taskinstance.py:732} INFO - ::endgroup::
[2025-02-21T15:40:26.162+0000] {subprocess.py:78} INFO - Tmp dir root location: /tmp
[2025-02-21T15:40:26.163+0000] {subprocess.py:88} INFO - Running command: ['/usr/bin/bash', '-c', 'echo "example_bash_operator__runme_2__20250221" && sleep 1']
[2025-02-21T15:40:26.177+0000] {subprocess.py:99} INFO - Output:
[2025-02-21T15:40:26.178+0000] {subprocess.py:106} INFO - example_bash_operator__runme_2__20250221
[2025-02-21T15:40:27.180+0000] {subprocess.py:110} INFO - Command exited with return code 0
[2025-02-21T15:40:27.237+0000] {taskinstance.py:341} INFO - ::group::Post task execution logs
[2025-02-21T15:40:27.238+0000] {taskinstance.py:353} INFO - Marking task as SUCCESS. dag_id=example_bash_operator, task_id=runme_2, run_id=manual__2025-02-21T15:40:19+00:00, execution_date=20250221T154019, start_date=20250221T154025, end_date=20250221T154027
[2025-02-21T15:40:27.284+0000] {logging_mixin.py:190} INFO - Task instance in success state
[2025-02-21T15:40:27.284+0000] {logging_mixin.py:190} INFO -  Previous state of the Task instance: running
[2025-02-21T15:40:27.285+0000] {logging_mixin.py:190} INFO - Dag name:example_bash_operator queued_at:2025-02-21 15:40:23.927137+00:00
[2025-02-21T15:40:27.286+0000] {logging_mixin.py:190} INFO - Task hostname:151d4861bf1b operator:BashOperator
[2025-02-21T15:40:27.330+0000] {local_task_job_runner.py:266} INFO - Task exited with return code 0
[2025-02-21T15:40:27.372+0000] {taskinstance.py:3901} INFO - 1 downstream tasks scheduled from follow-on schedule check
[2025-02-21T15:40:27.385+0000] {local_task_job_runner.py:245} INFO - ::endgroup::
