[2025-02-28T04:48:35.072+0000] {local_task_job_runner.py:123} INFO - ::group::Pre task execution logs
[2025-02-28T04:48:35.094+0000] {taskinstance.py:2614} INFO - Dependencies all met for dep_context=non-requeueable deps ti=<TaskInstance: example_bash_operator.this_will_skip scheduled__2025-02-27T00:00:00+00:00 [queued]>
[2025-02-28T04:48:35.104+0000] {taskinstance.py:2614} INFO - Dependencies all met for dep_context=requeueable deps ti=<TaskInstance: example_bash_operator.this_will_skip scheduled__2025-02-27T00:00:00+00:00 [queued]>
[2025-02-28T04:48:35.105+0000] {taskinstance.py:2867} INFO - Starting attempt 1 of 1
[2025-02-28T04:48:35.125+0000] {taskinstance.py:2890} INFO - Executing <Task(BashOperator): this_will_skip> on 2025-02-27 00:00:00+00:00
[2025-02-28T04:48:35.141+0000] {standard_task_runner.py:104} INFO - Running: ['***', 'tasks', 'run', 'example_bash_operator', 'this_will_skip', 'scheduled__2025-02-27T00:00:00+00:00', '--job-id', '37', '--raw', '--subdir', '/home/***/.local/lib/python3.12/site-packages/***/example_dags/example_bash_operator.py', '--cfg-path', '/tmp/tmp6b2s2a5k']
[2025-02-28T04:48:35.145+0000] {standard_task_runner.py:105} INFO - Job 37: Subtask this_will_skip
[2025-02-28T04:48:35.149+0000] {logging_mixin.py:190} WARNING - /home/***/.local/lib/python3.12/site-packages/***/task/task_runner/standard_task_runner.py:70 DeprecationWarning: This process (pid=5863) is multi-threaded, use of fork() may lead to deadlocks in the child.
[2025-02-28T04:48:35.151+0000] {standard_task_runner.py:72} INFO - Started process 5929 to run task
[2025-02-28T04:48:35.252+0000] {task_command.py:467} INFO - Running <TaskInstance: example_bash_operator.this_will_skip scheduled__2025-02-27T00:00:00+00:00 [running]> on host 151d4861bf1b
[2025-02-28T04:48:35.392+0000] {taskinstance.py:3134} INFO - Exporting env vars: AIRFLOW_CTX_DAG_OWNER='***' AIRFLOW_CTX_DAG_ID='example_bash_operator' AIRFLOW_CTX_TASK_ID='this_will_skip' AIRFLOW_CTX_EXECUTION_DATE='2025-02-27T00:00:00+00:00' AIRFLOW_CTX_TRY_NUMBER='1' AIRFLOW_CTX_DAG_RUN_ID='scheduled__2025-02-27T00:00:00+00:00'
[2025-02-28T04:48:35.394+0000] {logging_mixin.py:190} INFO - Task instance is in running state
[2025-02-28T04:48:35.395+0000] {logging_mixin.py:190} INFO -  Previous state of the Task instance: queued
[2025-02-28T04:48:35.396+0000] {logging_mixin.py:190} INFO - Current task name:this_will_skip state:running start_date:2025-02-28 04:48:35.094971+00:00
[2025-02-28T04:48:35.396+0000] {logging_mixin.py:190} INFO - Dag name:example_bash_operator and current dag run status:running
[2025-02-28T04:48:35.397+0000] {taskinstance.py:732} INFO - ::endgroup::
[2025-02-28T04:48:35.398+0000] {subprocess.py:78} INFO - Tmp dir root location: /tmp
[2025-02-28T04:48:35.399+0000] {subprocess.py:88} INFO - Running command: ['/usr/bin/bash', '-c', 'echo "hello world"; exit 99;']
[2025-02-28T04:48:35.419+0000] {subprocess.py:99} INFO - Output:
[2025-02-28T04:48:35.421+0000] {subprocess.py:106} INFO - hello world
[2025-02-28T04:48:35.421+0000] {subprocess.py:110} INFO - Command exited with return code 99
[2025-02-28T04:48:35.423+0000] {taskinstance.py:302} INFO - Bash command returned exit code 99. Skipping.
[2025-02-28T04:48:35.459+0000] {taskinstance.py:341} INFO - ::group::Post task execution logs
[2025-02-28T04:48:35.464+0000] {taskinstance.py:353} INFO - Marking task as SKIPPED. dag_id=example_bash_operator, task_id=this_will_skip, run_id=scheduled__2025-02-27T00:00:00+00:00, execution_date=20250227T000000, start_date=20250228T044835, end_date=20250228T044835
[2025-02-28T04:48:35.532+0000] {local_task_job_runner.py:266} INFO - Task exited with return code 0
[2025-02-28T04:48:35.560+0000] {taskinstance.py:3901} INFO - 0 downstream tasks scheduled from follow-on schedule check
[2025-02-28T04:48:35.563+0000] {local_task_job_runner.py:245} INFO - ::endgroup::
