[2025-02-28T03:13:59.887+0000] {local_task_job_runner.py:123} INFO - ::group::Pre task execution logs
[2025-02-28T03:13:59.921+0000] {taskinstance.py:2614} INFO - Dependencies all met for dep_context=non-requeueable deps ti=<TaskInstance: etl_postgres_to_parquet.load_task manual__2025-02-28T03:13:53.588192+00:00 [queued]>
[2025-02-28T03:13:59.933+0000] {taskinstance.py:2614} INFO - Dependencies all met for dep_context=requeueable deps ti=<TaskInstance: etl_postgres_to_parquet.load_task manual__2025-02-28T03:13:53.588192+00:00 [queued]>
[2025-02-28T03:13:59.934+0000] {taskinstance.py:2867} INFO - Starting attempt 1 of 2
[2025-02-28T03:13:59.954+0000] {taskinstance.py:2890} INFO - Executing <Task(PythonOperator): load_task> on 2025-02-28 03:13:53.588192+00:00
[2025-02-28T03:13:59.964+0000] {standard_task_runner.py:104} INFO - Running: ['***', 'tasks', 'run', 'etl_postgres_to_parquet', 'load_task', 'manual__2025-02-28T03:13:53.588192+00:00', '--job-id', '97', '--raw', '--subdir', 'DAGS_FOLDER/etl_process_to_parquet.py', '--cfg-path', '/tmp/tmpe4x35rmc']
[2025-02-28T03:13:59.966+0000] {standard_task_runner.py:105} INFO - Job 97: Subtask load_task
[2025-02-28T03:13:59.969+0000] {logging_mixin.py:190} WARNING - /home/***/.local/lib/python3.12/site-packages/***/task/task_runner/standard_task_runner.py:70 DeprecationWarning: This process (pid=1434) is multi-threaded, use of fork() may lead to deadlocks in the child.
[2025-02-28T03:13:59.970+0000] {standard_task_runner.py:72} INFO - Started process 1435 to run task
[2025-02-28T03:14:00.023+0000] {task_command.py:467} INFO - Running <TaskInstance: etl_postgres_to_parquet.load_task manual__2025-02-28T03:13:53.588192+00:00 [running]> on host 151d4861bf1b
[2025-02-28T03:14:00.130+0000] {taskinstance.py:3134} INFO - Exporting env vars: AIRFLOW_CTX_DAG_OWNER='***' AIRFLOW_CTX_DAG_ID='etl_postgres_to_parquet' AIRFLOW_CTX_TASK_ID='load_task' AIRFLOW_CTX_EXECUTION_DATE='2025-02-28T03:13:53.588192+00:00' AIRFLOW_CTX_TRY_NUMBER='1' AIRFLOW_CTX_DAG_RUN_ID='manual__2025-02-28T03:13:53.588192+00:00'
[2025-02-28T03:14:00.132+0000] {logging_mixin.py:190} INFO - Task instance is in running state
[2025-02-28T03:14:00.132+0000] {logging_mixin.py:190} INFO -  Previous state of the Task instance: queued
[2025-02-28T03:14:00.133+0000] {logging_mixin.py:190} INFO - Current task name:load_task state:running start_date:2025-02-28 03:13:59.921925+00:00
[2025-02-28T03:14:00.133+0000] {logging_mixin.py:190} INFO - Dag name:etl_postgres_to_parquet and current dag run status:running
[2025-02-28T03:14:00.134+0000] {taskinstance.py:732} INFO - ::endgroup::
[2025-02-28T03:14:00.151+0000] {logging_mixin.py:190} WARNING - /opt/***/dags/etl_process_to_parquet.py:72 FutureWarning: Passing literal json to 'read_json' is deprecated and will be removed in a future version. To read from a literal string, wrap it in a 'StringIO' object.
[2025-02-28T03:14:00.192+0000] {logging_mixin.py:190} INFO - ✅ Dados carregados com sucesso em /opt/***/dags/output/data.parquet
[2025-02-28T03:14:00.193+0000] {python.py:240} INFO - Done. Returned value was: None
[2025-02-28T03:14:00.203+0000] {taskinstance.py:341} INFO - ::group::Post task execution logs
[2025-02-28T03:14:00.204+0000] {taskinstance.py:353} INFO - Marking task as SUCCESS. dag_id=etl_postgres_to_parquet, task_id=load_task, run_id=manual__2025-02-28T03:13:53.588192+00:00, execution_date=20250228T031353, start_date=20250228T031359, end_date=20250228T031400
[2025-02-28T03:14:00.240+0000] {logging_mixin.py:190} INFO - Task instance in success state
[2025-02-28T03:14:00.241+0000] {logging_mixin.py:190} INFO -  Previous state of the Task instance: running
[2025-02-28T03:14:00.242+0000] {logging_mixin.py:190} INFO - Dag name:etl_postgres_to_parquet queued_at:2025-02-28 03:13:53.608029+00:00
[2025-02-28T03:14:00.242+0000] {logging_mixin.py:190} INFO - Task hostname:151d4861bf1b operator:PythonOperator
[2025-02-28T03:14:00.266+0000] {local_task_job_runner.py:266} INFO - Task exited with return code 0
[2025-02-28T03:14:00.288+0000] {taskinstance.py:3901} INFO - 0 downstream tasks scheduled from follow-on schedule check
[2025-02-28T03:14:00.293+0000] {local_task_job_runner.py:245} INFO - ::endgroup::
