[2025-03-04T17:54:43.341+0000] {local_task_job_runner.py:123} INFO - ::group::Pre task execution logs
[2025-03-04T17:54:43.364+0000] {taskinstance.py:2614} INFO - Dependencies all met for dep_context=non-requeueable deps ti=<TaskInstance: ha_etl_process.load_task manual__2025-03-04T17:48:49.590430+00:00 [queued]>
[2025-03-04T17:54:43.375+0000] {taskinstance.py:2614} INFO - Dependencies all met for dep_context=requeueable deps ti=<TaskInstance: ha_etl_process.load_task manual__2025-03-04T17:48:49.590430+00:00 [queued]>
[2025-03-04T17:54:43.376+0000] {taskinstance.py:2867} INFO - Starting attempt 1 of 2
[2025-03-04T17:54:43.393+0000] {taskinstance.py:2890} INFO - Executing <Task(PythonOperator): load_task> on 2025-03-04 17:48:49.590430+00:00
[2025-03-04T17:54:43.404+0000] {standard_task_runner.py:104} INFO - Running: ['***', 'tasks', 'run', 'ha_etl_process', 'load_task', 'manual__2025-03-04T17:48:49.590430+00:00', '--job-id', '221', '--raw', '--subdir', 'DAGS_FOLDER/ha_etl_process.py', '--cfg-path', '/tmp/tmphno0ll9x']
[2025-03-04T17:54:43.406+0000] {standard_task_runner.py:105} INFO - Job 221: Subtask load_task
[2025-03-04T17:54:43.408+0000] {logging_mixin.py:190} WARNING - /home/***/.local/lib/python3.12/site-packages/***/task/task_runner/standard_task_runner.py:70 DeprecationWarning: This process (pid=1517) is multi-threaded, use of fork() may lead to deadlocks in the child.
[2025-03-04T17:54:43.408+0000] {standard_task_runner.py:72} INFO - Started process 1535 to run task
[2025-03-04T17:54:43.467+0000] {task_command.py:467} INFO - Running <TaskInstance: ha_etl_process.load_task manual__2025-03-04T17:48:49.590430+00:00 [running]> on host 151d4861bf1b
[2025-03-04T17:54:43.574+0000] {taskinstance.py:3134} INFO - Exporting env vars: AIRFLOW_CTX_DAG_OWNER='***' AIRFLOW_CTX_DAG_ID='ha_etl_process' AIRFLOW_CTX_TASK_ID='load_task' AIRFLOW_CTX_EXECUTION_DATE='2025-03-04T17:48:49.590430+00:00' AIRFLOW_CTX_TRY_NUMBER='1' AIRFLOW_CTX_DAG_RUN_ID='manual__2025-03-04T17:48:49.590430+00:00'
[2025-03-04T17:54:43.576+0000] {logging_mixin.py:190} INFO - Task instance is in running state
[2025-03-04T17:54:43.576+0000] {logging_mixin.py:190} INFO -  Previous state of the Task instance: queued
[2025-03-04T17:54:43.577+0000] {logging_mixin.py:190} INFO - Current task name:load_task state:running start_date:2025-03-04 17:54:43.365477+00:00
[2025-03-04T17:54:43.577+0000] {logging_mixin.py:190} INFO - Dag name:ha_etl_process and current dag run status:running
[2025-03-04T17:54:43.578+0000] {taskinstance.py:732} INFO - ::endgroup::
[2025-03-04T17:54:43.596+0000] {logging_mixin.py:190} WARNING - /opt/***/dags/ha_etl_process.py:186 FutureWarning: Passing literal json to 'read_json' is deprecated and will be removed in a future version. To read from a literal string, wrap it in a 'StringIO' object.
[2025-03-04T17:54:43.639+0000] {logging_mixin.py:190} INFO - ✅ Dados carregados com sucesso em /opt/***/dags/output/data.parquet
[2025-03-04T17:54:43.640+0000] {python.py:240} INFO - Done. Returned value was: None
[2025-03-04T17:54:43.649+0000] {taskinstance.py:341} INFO - ::group::Post task execution logs
[2025-03-04T17:54:43.650+0000] {taskinstance.py:353} INFO - Marking task as SUCCESS. dag_id=ha_etl_process, task_id=load_task, run_id=manual__2025-03-04T17:48:49.590430+00:00, execution_date=20250304T174849, start_date=20250304T175443, end_date=20250304T175443
[2025-03-04T17:54:43.683+0000] {logging_mixin.py:190} INFO - Task instance in success state
[2025-03-04T17:54:43.683+0000] {logging_mixin.py:190} INFO -  Previous state of the Task instance: running
[2025-03-04T17:54:43.684+0000] {logging_mixin.py:190} INFO - Dag name:ha_etl_process queued_at:2025-03-04 17:48:49.620938+00:00
[2025-03-04T17:54:43.684+0000] {logging_mixin.py:190} INFO - Task hostname:151d4861bf1b operator:PythonOperator
[2025-03-04T17:54:43.704+0000] {local_task_job_runner.py:266} INFO - Task exited with return code 0
[2025-03-04T17:54:43.721+0000] {taskinstance.py:3901} INFO - 0 downstream tasks scheduled from follow-on schedule check
[2025-03-04T17:54:43.727+0000] {local_task_job_runner.py:245} INFO - ::endgroup::
