[2025-02-28T04:49:52.645+0000] {local_task_job_runner.py:123} INFO - ::group::Pre task execution logs
[2025-02-28T04:49:52.662+0000] {taskinstance.py:2614} INFO - Dependencies all met for dep_context=non-requeueable deps ti=<TaskInstance: minha_primeira_dag.exibir_mensagem2 manual__2025-02-28T04:49:50.823952+00:00 [queued]>
[2025-02-28T04:49:52.671+0000] {taskinstance.py:2614} INFO - Dependencies all met for dep_context=requeueable deps ti=<TaskInstance: minha_primeira_dag.exibir_mensagem2 manual__2025-02-28T04:49:50.823952+00:00 [queued]>
[2025-02-28T04:49:52.672+0000] {taskinstance.py:2867} INFO - Starting attempt 1 of 1
[2025-02-28T04:49:52.689+0000] {taskinstance.py:2890} INFO - Executing <Task(BashOperator): exibir_mensagem2> on 2025-02-28 04:49:50.823952+00:00
[2025-02-28T04:49:52.698+0000] {standard_task_runner.py:104} INFO - Running: ['***', 'tasks', 'run', 'minha_primeira_dag', 'exibir_mensagem2', 'manual__2025-02-28T04:49:50.823952+00:00', '--job-id', '46', '--raw', '--subdir', 'DAGS_FOLDER/dag.py', '--cfg-path', '/tmp/tmprsgp5r2p']
[2025-02-28T04:49:52.700+0000] {standard_task_runner.py:105} INFO - Job 46: Subtask exibir_mensagem2
[2025-02-28T04:49:52.703+0000] {logging_mixin.py:190} WARNING - /home/***/.local/lib/python3.12/site-packages/***/task/task_runner/standard_task_runner.py:70 DeprecationWarning: This process (pid=6705) is multi-threaded, use of fork() may lead to deadlocks in the child.
[2025-02-28T04:49:52.704+0000] {standard_task_runner.py:72} INFO - Started process 6758 to run task
[2025-02-28T04:49:52.748+0000] {task_command.py:467} INFO - Running <TaskInstance: minha_primeira_dag.exibir_mensagem2 manual__2025-02-28T04:49:50.823952+00:00 [running]> on host 151d4861bf1b
[2025-02-28T04:49:52.844+0000] {taskinstance.py:3134} INFO - Exporting env vars: AIRFLOW_CTX_DAG_OWNER='***' AIRFLOW_CTX_DAG_ID='minha_primeira_dag' AIRFLOW_CTX_TASK_ID='exibir_mensagem2' AIRFLOW_CTX_EXECUTION_DATE='2025-02-28T04:49:50.823952+00:00' AIRFLOW_CTX_TRY_NUMBER='1' AIRFLOW_CTX_DAG_RUN_ID='manual__2025-02-28T04:49:50.823952+00:00'
[2025-02-28T04:49:52.850+0000] {logging_mixin.py:190} INFO - Task instance is in running state
[2025-02-28T04:49:52.851+0000] {logging_mixin.py:190} INFO -  Previous state of the Task instance: queued
[2025-02-28T04:49:52.852+0000] {logging_mixin.py:190} INFO - Current task name:exibir_mensagem2 state:running start_date:2025-02-28 04:49:52.663494+00:00
[2025-02-28T04:49:52.852+0000] {logging_mixin.py:190} INFO - Dag name:minha_primeira_dag and current dag run status:running
[2025-02-28T04:49:52.853+0000] {taskinstance.py:732} INFO - ::endgroup::
[2025-02-28T04:49:52.854+0000] {subprocess.py:78} INFO - Tmp dir root location: /tmp
[2025-02-28T04:49:52.855+0000] {subprocess.py:88} INFO - Running command: ['/usr/bin/bash', '-c', 'echo "Minha 2 DAG no Airflow!"']
[2025-02-28T04:49:52.869+0000] {subprocess.py:99} INFO - Output:
[2025-02-28T04:49:52.871+0000] {subprocess.py:106} INFO - Minha 2 DAG no Airflow!
[2025-02-28T04:49:52.872+0000] {subprocess.py:110} INFO - Command exited with return code 0
[2025-02-28T04:49:52.906+0000] {taskinstance.py:341} INFO - ::group::Post task execution logs
[2025-02-28T04:49:52.907+0000] {taskinstance.py:353} INFO - Marking task as SUCCESS. dag_id=minha_primeira_dag, task_id=exibir_mensagem2, run_id=manual__2025-02-28T04:49:50.823952+00:00, execution_date=20250228T044950, start_date=20250228T044952, end_date=20250228T044952
[2025-02-28T04:49:52.949+0000] {logging_mixin.py:190} INFO - Task instance in success state
[2025-02-28T04:49:52.950+0000] {logging_mixin.py:190} INFO -  Previous state of the Task instance: running
[2025-02-28T04:49:52.950+0000] {logging_mixin.py:190} INFO - Dag name:minha_primeira_dag queued_at:2025-02-28 04:49:50.835148+00:00
[2025-02-28T04:49:52.951+0000] {logging_mixin.py:190} INFO - Task hostname:151d4861bf1b operator:BashOperator
[2025-02-28T04:49:52.959+0000] {local_task_job_runner.py:266} INFO - Task exited with return code 0
[2025-02-28T04:49:52.979+0000] {taskinstance.py:3901} INFO - 0 downstream tasks scheduled from follow-on schedule check
[2025-02-28T04:49:52.985+0000] {local_task_job_runner.py:245} INFO - ::endgroup::
