[2025-03-04T17:28:43.829+0000] {local_task_job_runner.py:123} INFO - ::group::Pre task execution logs
[2025-03-04T17:28:43.866+0000] {taskinstance.py:2614} INFO - Dependencies all met for dep_context=non-requeueable deps ti=<TaskInstance: example_bash_operator.also_run_this scheduled__2025-03-03T00:00:00+00:00 [queued]>
[2025-03-04T17:28:43.895+0000] {taskinstance.py:2614} INFO - Dependencies all met for dep_context=requeueable deps ti=<TaskInstance: example_bash_operator.also_run_this scheduled__2025-03-03T00:00:00+00:00 [queued]>
[2025-03-04T17:28:43.896+0000] {taskinstance.py:2867} INFO - Starting attempt 1 of 1
[2025-03-04T17:28:43.944+0000] {taskinstance.py:2890} INFO - Executing <Task(BashOperator): also_run_this> on 2025-03-03 00:00:00+00:00
[2025-03-04T17:28:43.965+0000] {standard_task_runner.py:104} INFO - Running: ['***', 'tasks', 'run', 'example_bash_operator', 'also_run_this', 'scheduled__2025-03-03T00:00:00+00:00', '--job-id', '202', '--raw', '--subdir', '/home/***/.local/lib/python3.12/site-packages/***/example_dags/example_bash_operator.py', '--cfg-path', '/tmp/tmpdhtay5l4']
[2025-03-04T17:28:43.970+0000] {standard_task_runner.py:105} INFO - Job 202: Subtask also_run_this
[2025-03-04T17:28:43.974+0000] {logging_mixin.py:190} WARNING - /home/***/.local/lib/python3.12/site-packages/***/task/task_runner/standard_task_runner.py:70 DeprecationWarning: This process (pid=208) is multi-threaded, use of fork() may lead to deadlocks in the child.
[2025-03-04T17:28:43.976+0000] {standard_task_runner.py:72} INFO - Started process 314 to run task
[2025-03-04T17:28:44.109+0000] {task_command.py:467} INFO - Running <TaskInstance: example_bash_operator.also_run_this scheduled__2025-03-03T00:00:00+00:00 [running]> on host 151d4861bf1b
[2025-03-04T17:28:44.328+0000] {taskinstance.py:3134} INFO - Exporting env vars: AIRFLOW_CTX_DAG_OWNER='***' AIRFLOW_CTX_DAG_ID='example_bash_operator' AIRFLOW_CTX_TASK_ID='also_run_this' AIRFLOW_CTX_EXECUTION_DATE='2025-03-03T00:00:00+00:00' AIRFLOW_CTX_TRY_NUMBER='1' AIRFLOW_CTX_DAG_RUN_ID='scheduled__2025-03-03T00:00:00+00:00'
[2025-03-04T17:28:44.331+0000] {logging_mixin.py:190} INFO - Task instance is in running state
[2025-03-04T17:28:44.331+0000] {logging_mixin.py:190} INFO -  Previous state of the Task instance: queued
[2025-03-04T17:28:44.332+0000] {logging_mixin.py:190} INFO - Current task name:also_run_this state:running start_date:2025-03-04 17:28:43.867353+00:00
[2025-03-04T17:28:44.333+0000] {logging_mixin.py:190} INFO - Dag name:example_bash_operator and current dag run status:running
[2025-03-04T17:28:44.334+0000] {taskinstance.py:732} INFO - ::endgroup::
[2025-03-04T17:28:44.335+0000] {subprocess.py:78} INFO - Tmp dir root location: /tmp
[2025-03-04T17:28:44.337+0000] {subprocess.py:88} INFO - Running command: ['/usr/bin/bash', '-c', 'echo "ti_key=example_bash_operator__also_run_this__20250303"']
[2025-03-04T17:28:44.359+0000] {subprocess.py:99} INFO - Output:
[2025-03-04T17:28:44.361+0000] {subprocess.py:106} INFO - ti_key=example_bash_operator__also_run_this__20250303
[2025-03-04T17:28:44.362+0000] {subprocess.py:110} INFO - Command exited with return code 0
[2025-03-04T17:28:44.402+0000] {taskinstance.py:341} INFO - ::group::Post task execution logs
[2025-03-04T17:28:44.403+0000] {taskinstance.py:353} INFO - Marking task as SUCCESS. dag_id=example_bash_operator, task_id=also_run_this, run_id=scheduled__2025-03-03T00:00:00+00:00, execution_date=20250303T000000, start_date=20250304T172843, end_date=20250304T172844
[2025-03-04T17:28:44.437+0000] {logging_mixin.py:190} INFO - Task instance in success state
[2025-03-04T17:28:44.438+0000] {logging_mixin.py:190} INFO -  Previous state of the Task instance: running
[2025-03-04T17:28:44.439+0000] {logging_mixin.py:190} INFO - Dag name:example_bash_operator queued_at:2025-03-04 17:28:41.052768+00:00
[2025-03-04T17:28:44.439+0000] {logging_mixin.py:190} INFO - Task hostname:151d4861bf1b operator:BashOperator
[2025-03-04T17:28:44.480+0000] {local_task_job_runner.py:266} INFO - Task exited with return code 0
[2025-03-04T17:28:44.516+0000] {taskinstance.py:3901} INFO - 0 downstream tasks scheduled from follow-on schedule check
[2025-03-04T17:28:44.519+0000] {local_task_job_runner.py:245} INFO - ::endgroup::
